
ROM used:   408/2048 (20%)
            408/2048 (20%) including unused fragments

            0.4 Average locations per line
            3.9 Average locations per statement

RAM used:   49/224 (22%) at main() level
            58/224 (26%) worst case

Stack used: 0 worst case (0 in main + 0 for interrupts)
Stack size: 8

Lines Stmts  %   Files
----- ----- ---  -----
  101    21  20  main.c
   10     0   0  main.h
  508     0   0  ..\..\..\..\..\Program Files (x86)\PICC\Devices\16F628A.h
  456    84  80  ..\..\..\..\..\Program Files (x86)\PICC\Drivers\lcd.c
----- -----
 1075   105 Total

Page ROM  %  RAM   Vol Diff  Functions:
---- --- --- ---   --- ----  ----------
0     21   5    1             @delay_ms1
0      8   2    0             @const557
 Inline         3   596  5.9  lcd_read_byte
0      6   1    0    59  4.2  lcd_read_nibble
0     12   3    1   179  3.3  lcd_send_nibble
0     64  16    3   460  4.7  lcd_send_byte
0     49  12    2   667  5.9  lcd_init
0     18   4    4   208  6.3  lcd_gotoxy
0     44  11    1   354  4.7  lcd_putc
0     39  10    5   267  6.8  lcd_set_cgram_char
0    143  35    1   575  5.1  MAIN
 Inline         0             @cinit1

Program metrics:
    Functions               9
    Statements              105
    Comments                193
    Volume (V)              5229
    Difficulty (D)          45.4
    Effort to implement (E) 237620
    Time to implement (T)   3 hours, 40 minutes
    Est Delivered Bugs (B)  1
    Cyclomatic Complexity   11
    Maintainability (MI)    137

 Segment     Used  Free
-----------  ----  ----
00000-00003     4  0  
00004-007FF   404  1640  



