MPASM  5.51                       AULA056.ASM   6-20-2023  10:52:05         PAGE  1


LOC  OBJECT CODE     LINE SOURCE TEXT
  VALUE

                      00001         TITLE           "AULA56- INCREMENTO DO TIMER 0 VIA RA4"
                      00002         ;INVERTE O PORT B A CADA 5 PRESSIONAMENTOS NO BOTÃO EM RA4
                      00003         PROCESSOR       16F84A
                      00004         #INCLUDE        <P16F84A.INC>
                      00001         LIST
                      00002 
                      00003 ;==========================================================================
                      00004 ;  MPASM PIC16F84A processor include
                      00005 ; 
                      00006 ;  (c) Copyright 1999-2013 Microchip Technology, All rights reserved
                      00007 ;==========================================================================
                      00008 
                      00208         LIST
2007   3FF1           00005         __CONFIG        _XT_OSC & _CP_OFF & _WDT_OFF & _PWRTE_ON
                      00006 
                      00007 ;++++++++++++++++++++++++++++++++++++++++++++++++++++++++++++++++++++++++++++++
                      00008 
                      00009         ;REGISTRADORES BANCO 0
                      00010         #DEFINE         FLAG            INTCON, T0IF                    ; BIT 2, FLAG OVERFLOW (1) DA IN
                            TERRUPÇÃO POR TMR0
                      00011         
                      00012         ;REGISTRADORES BANCO 1
                      00013         #DEFINE         INC_TIMER0      OPTION_REG, T0CS                ; BIT 5, TMR0 POR CICLO DE MÁQUI
                            NA (0) OU RA4 (1)
                      00014         #DEFINE         BORDA           OPTION_REG, T0SE                ; BIT 4, BORDA DESCIDA (1) OU BO
                            RDA SUBIDA (0)
                      00015         #DEFINE         PRESCALER       OPTION_REG, PSA                 ; BIT 3, PRESCALER PARA O TMR0 (
                            0) OU WDT (1)
                      00016         #DEFINE         BIT_PS2         OPTION_REG, PS2                 ; BIT 2, <2:0>, TAXA DO PRESCALE
                            R
                      00017         #DEFINE         BIT_PS1         OPTION_REG, PS1                 ; BIT 1
                      00018         #DEFINE         BIT_PS0         OPTION_REG, PS0                 ; BIT 0
                      00019         
                      00020         ;GERAL
                      00021         #DEFINE         BANCO0          BCF             STATUS, RP0             ;BIT 5, (0) = BANCO 0
                      00022         #DEFINE         BANCO1          BSF             STATUS, RP0             ;BIT 5, (1) = BANCO 1
                      00023         
                      00024 ;++++++++++++++++++++++++++++++++++++++++++++++++++++++++++++++++++++++++++++++
                      00025 
                      00026 
                      00027 
                      00028 ;++++++++++++++++++++++++++++++++++++++++++++++++++++++++++++++++++++++++++++++
                      00029 
0000                  00030         ORG                     0X00
0000   2805           00031         GOTO            INICIO
                      00032         
0004                  00033         ORG                     0X04
0004   0009           00034         RETFIE
                      00035         
                      00036 ;++++++++++++++++++++++++++++++++++++++++++++++++++++++++++++++++++++++++++++++
                      00037 
0005                  00038 INICIO:
                      00039         
MPASM  5.51                       AULA056.ASM   6-20-2023  10:52:05         PAGE  2
AULA56- INCREMENTO DO TIMER 0 VIA RA4

LOC  OBJECT CODE     LINE SOURCE TEXT
  VALUE

0005   1683           00040         BANCO1                                                                  ;PODERIA USAR: BANKSEL T
                            RISB
Message[302]: Register in operand not in bank 0.  Ensure that bank bits are correct.
0006   0186           00041         CLRF            TRISB                                           ;PORT B COMO SAÍDA
0007   30FF           00042         MOVLW           0XFF
Message[302]: Register in operand not in bank 0.  Ensure that bank bits are correct.
0008   0085           00043         MOVWF           TRISA                                           ;PORT A COMO ENTRADA
0009   018B           00044         CLRF            INTCON                                          ;INICIA/LIMPA TODAS AS INTERRUPÇ
                            ÕES E FLAGS
                      00045         
Message[302]: Register in operand not in bank 0.  Ensure that bank bits are correct.
000A   1681           00046         BSF                     INC_TIMER0                                      ;INCREMENTO DO TIMER 0 V
                            IA RA4 (T0CS<5>)
Message[302]: Register in operand not in bank 0.  Ensure that bank bits are correct.
000B   1601           00047         BSF                     BORDA                                           ;BORDA DE DESCIDA HIGH-T
                            O-LOW
Message[302]: Register in operand not in bank 0.  Ensure that bank bits are correct.
000C   1581           00048         BSF                     PRESCALER                                       ;PRESCALER PARA WDT (PSA
                            <3>)
Message[302]: Register in operand not in bank 0.  Ensure that bank bits are correct.
000D   1101           00049         BCF                     BIT_PS2                                         ;PS<2:0> PRESCALER 1:1
Message[302]: Register in operand not in bank 0.  Ensure that bank bits are correct.
000E   1081           00050         BCF                     BIT_PS1                                         ;COMO O PRESCALER ESTA P
                            ARA WDT E O WDT ESTÁ DESATIVADO VIA FUSEBIT
Message[302]: Register in operand not in bank 0.  Ensure that bank bits are correct.
000F   1001           00051         BCF                     BIT_PS0                                         ;TANTO FAZ OS BITS PS<2:
                            0>
                      00052         
0010   1283           00053         BANCO0                                                                  ;PODERIA USAR: BANKSEL P
                            ORTB
0011   0186           00054         CLRF            PORTB
0012   0181           00055         CLRF            TMR0
                      00056 
                      00057 
0013                  00058 LOOP:
0013   110B           00059         BCF                     FLAG                                            ;APAGA A FLAG
0014   30FB           00060         MOVLW           D'251'                                          
0015   0081           00061         MOVWF           TMR0                                            ;TMR0 = 251, CONTARA ATÉ 256 OU 
                            SEJA 5
0016                  00062 TESTA:
0016   1D0B           00063         BTFSS           FLAG                                            ;TESTA A FLAG, SE HOUVE ESTOURO
0017   2816           00064         GOTO            TESTA                                           ;NÃO, CONTINUA A TESTAR A FLAG
Message[305]: Using default destination of 1 (file).
0018   0986           00065         COMF            PORTB                                           ;SIM, INVERTE O ESTADO DO PORT B
0019   2813           00066         GOTO            LOOP                                            ;EXECUTA NOVAMENTE EM LOOOP
                      00067 
                      00068                 
                      00069         END
MPASM  5.51                       AULA056.ASM   6-20-2023  10:52:05         PAGE  3
AULA56- INCREMENTO DO TIMER 0 VIA RA4

SYMBOL TABLE
  LABEL                             VALUE 

BANCO0                            BCF             STATUS, RP0
BANCO1                            BSF             STATUS, RP0
BIT_PS0                           OPTION_REG, PS0
BIT_PS1                           OPTION_REG, PS1
BIT_PS2                           OPTION_REG, PS2
BORDA                             OPTION_REG, T0SE
C                                 00000000
DC                                00000001
EEADR                             00000009
EECON1                            00000088
EECON2                            00000089
EEDATA                            00000008
EEIE                              00000006
EEIF                              00000004
F                                 00000001
FLAG                              INTCON, T0IF
FSR                               00000004
GIE                               00000007
INC_TIMER0                        OPTION_REG, T0CS
INDF                              00000000
INICIO                            00000005
INTCON                            0000000B
INTE                              00000004
INTEDG                            00000006
INTF                              00000001
IRP                               00000007
LOOP                              00000013
NOT_PD                            00000003
NOT_RBPU                          00000007
NOT_TO                            00000004
OPTION_REG                        00000081
PCL                               00000002
PCLATH                            0000000A
PORTA                             00000005
PORTB                             00000006
PRESCALER                         OPTION_REG, PSA
PS0                               00000000
PS1                               00000001
PS2                               00000002
PSA                               00000003
RA0                               00000000
RA1                               00000001
RA2                               00000002
RA3                               00000003
RA4                               00000004
RB0                               00000000
RB1                               00000001
RB2                               00000002
RB3                               00000003
RB4                               00000004
RB5                               00000005
RB6                               00000006
RB7                               00000007
MPASM  5.51                       AULA056.ASM   6-20-2023  10:52:05         PAGE  4
AULA56- INCREMENTO DO TIMER 0 VIA RA4

SYMBOL TABLE
  LABEL                             VALUE 

RBIE                              00000003
RBIF                              00000000
RD                                00000000
RP0                               00000005
RP1                               00000006
STATUS                            00000003
T0CS                              00000005
T0IE                              00000005
T0IF                              00000002
T0SE                              00000004
TESTA                             00000016
TMR0                              00000001
TMR0IE                            00000005
TMR0IF                            00000002
TRISA                             00000085
TRISA0                            00000000
TRISA1                            00000001
TRISA2                            00000002
TRISA3                            00000003
TRISA4                            00000004
TRISB                             00000086
TRISB0                            00000000
TRISB1                            00000001
TRISB2                            00000002
TRISB3                            00000003
TRISB4                            00000004
TRISB5                            00000005
TRISB6                            00000006
TRISB7                            00000007
W                                 00000000
WR                                00000001
WREN                              00000002
WRERR                             00000003
Z                                 00000002
_CONFIG                           00002007
_CP_OFF                           00003FFF
_CP_ON                            0000000F
_DEVID1                           00002006
_FOSC_EXTRC                       00003FFF
_FOSC_HS                          00003FFE
_FOSC_LP                          00003FFC
_FOSC_XT                          00003FFD
_HS_OSC                           00003FFE
_IDLOC0                           00002000
_IDLOC1                           00002001
_IDLOC2                           00002002
_IDLOC3                           00002003
_LP_OSC                           00003FFC
_PWRTE_OFF                        00003FFF
_PWRTE_ON                         00003FF7
_RC_OSC                           00003FFF
_WDTE_OFF                         00003FFB
_WDTE_ON                          00003FFF
MPASM  5.51                       AULA056.ASM   6-20-2023  10:52:05         PAGE  5
AULA56- INCREMENTO DO TIMER 0 VIA RA4

SYMBOL TABLE
  LABEL                             VALUE 

_WDT_OFF                          00003FFB
_WDT_ON                           00003FFF
_XT_OSC                           00003FFD
__16F84A                          00000001
__DEBUG                           1


MEMORY USAGE MAP ('X' = Used,  '-' = Unused)

0000 : X---XXXXXXXXXXXX XXXXXXXXXX------ ---------------- ----------------
2000 : -------X-------- ---------------- ---------------- ----------------

All other memory blocks unused.

Program Memory Words Used:    23
Program Memory Words Free:  1001


Errors   :     0
Warnings :     0 reported,     0 suppressed
Messages :     9 reported,     0 suppressed

