;  LST file generated by mikroListExporter - v.2.0 
; Date/Time: 16/01/2023 14:24:34
;----------------------------------------------

;Address Opcode 	ASM
0x0000	0x296F      	GOTO       367
_interrupt:
0x0004	0x00FF      	MOVWF      R15
0x0005	0x0E03      	SWAPF      STATUS, 0
0x0006	0x0183      	CLRF       STATUS
0x0007	0x00C4      	MOVWF      ___saveSTATUS
0x0008	0x080A      	MOVF       PCLATH, 0
0x0009	0x00C3      	MOVWF      ___savePCLATH
0x000A	0x018A      	CLRF       PCLATH
0x000B	0x0870      	MOVF       R0, 0
0x000C	0x00A0      	MOVWF      32
;LCD-Relogio-Digital.c,73 :: 		void interrupt(){
;LCD-Relogio-Digital.c,75 :: 		TMR0 = 6; // inicia TMR0 em 6 (contagem a partir de 6 até 255... 250 ciclos de máquina, 1ms)
0x000D	0x3006      	MOVLW      6
0x000E	0x0081      	MOVWF      TMR0
;LCD-Relogio-Digital.c,76 :: 		cont++;
0x000F	0x0ABE      	INCF       _cont, 1
0x0010	0x1903      	BTFSC      STATUS, 2
0x0011	0x0ABF      	INCF       _cont+1, 1
;LCD-Relogio-Digital.c,77 :: 		INTCON.TMR0IF = 0; // reinicializa o flag de estouro do TMR0
0x0012	0x110B      	BCF        INTCON, 2
;LCD-Relogio-Digital.c,79 :: 		if(cont == 1000){ // se 1000 estouros (1s)
0x0013	0x083F      	MOVF       _cont+1, 0
0x0014	0x3A03      	XORLW      3
0x0015	0x1D03      	BTFSS      STATUS, 2
0x0016	0x2819      	GOTO       L__interrupt24
0x0017	0x30E8      	MOVLW      232
0x0018	0x063E      	XORWF      _cont, 0
L__interrupt24:
0x0019	0x1D03      	BTFSS      STATUS, 2
0x001A	0x2834      	GOTO       L_interrupt16
;LCD-Relogio-Digital.c,80 :: 		cont = 0;
0x001B	0x01BE      	CLRF       _cont
0x001C	0x01BF      	CLRF       _cont+1
;LCD-Relogio-Digital.c,81 :: 		segundos++;
0x001D	0x0AA1      	INCF       _segundos, 1
;LCD-Relogio-Digital.c,82 :: 		PORTD.RD0 = ~PORTD.RD0; // inverte LED, pisca a cada 1s
0x001E	0x3001      	MOVLW      1
0x001F	0x0688      	XORWF      PORTD, 1
;LCD-Relogio-Digital.c,83 :: 		if(segundos == 60){
0x0020	0x0821      	MOVF       _segundos, 0
0x0021	0x3A3C      	XORLW      60
0x0022	0x1D03      	BTFSS      STATUS, 2
0x0023	0x2834      	GOTO       L_interrupt17
;LCD-Relogio-Digital.c,84 :: 		segundos = 0;
0x0024	0x01A1      	CLRF       _segundos
;LCD-Relogio-Digital.c,85 :: 		minutos++;
0x0025	0x0AA2      	INCF       _minutos, 1
;LCD-Relogio-Digital.c,86 :: 		if(minutos == 60){
0x0026	0x0822      	MOVF       _minutos, 0
0x0027	0x3A3C      	XORLW      60
0x0028	0x1D03      	BTFSS      STATUS, 2
0x0029	0x2834      	GOTO       L_interrupt18
;LCD-Relogio-Digital.c,87 :: 		segundos = 0;
0x002A	0x01A1      	CLRF       _segundos
;LCD-Relogio-Digital.c,88 :: 		minutos = 0;
0x002B	0x01A2      	CLRF       _minutos
;LCD-Relogio-Digital.c,89 :: 		horas++;
0x002C	0x0AB3      	INCF       _horas, 1
;LCD-Relogio-Digital.c,90 :: 		if(horas == 24){
0x002D	0x0833      	MOVF       _horas, 0
0x002E	0x3A18      	XORLW      24
0x002F	0x1D03      	BTFSS      STATUS, 2
0x0030	0x2834      	GOTO       L_interrupt19
;LCD-Relogio-Digital.c,91 :: 		segundos = 0;
0x0031	0x01A1      	CLRF       _segundos
;LCD-Relogio-Digital.c,92 :: 		minutos = 0;
0x0032	0x01A2      	CLRF       _minutos
;LCD-Relogio-Digital.c,93 :: 		horas = 0;
0x0033	0x01B3      	CLRF       _horas
;LCD-Relogio-Digital.c,94 :: 		}
L_interrupt19:
;LCD-Relogio-Digital.c,95 :: 		}
L_interrupt18:
;LCD-Relogio-Digital.c,96 :: 		}
L_interrupt17:
;LCD-Relogio-Digital.c,97 :: 		}
L_interrupt16:
;LCD-Relogio-Digital.c,99 :: 		}
L__interrupt23:
0x0034	0x0820      	MOVF       32, 0
0x0035	0x00F0      	MOVWF      R0
0x0036	0x0843      	MOVF       ___savePCLATH, 0
0x0037	0x008A      	MOVWF      PCLATH
0x0038	0x0E44      	SWAPF      ___saveSTATUS, 0
0x0039	0x0083      	MOVWF      STATUS
0x003A	0x0EFF      	SWAPF      R15, 1
0x003B	0x0E7F      	SWAPF      R15, 0
0x003C	0x0009      	RETFIE
; end of _interrupt
_Delay_50us:
;__Lib_Delays.c,19 :: 		void Delay_50us() {
;__Lib_Delays.c,20 :: 		Delay_us(50);
0x003D	0x3010      	MOVLW      16
0x003E	0x1283      	BCF        STATUS, 5
0x003F	0x1303      	BCF        STATUS, 6
0x0040	0x00FD      	MOVWF      R13
L_Delay_50us2:
0x0041	0x0BFD      	DECFSZ     R13, 1
0x0042	0x2841      	GOTO       L_Delay_50us2
0x0043	0x0000      	NOP
;__Lib_Delays.c,21 :: 		}
0x0044	0x0008      	RETURN
; end of _Delay_50us
_Delay_1us:
;__Lib_Delays.c,7 :: 		void Delay_1us() {
;__Lib_Delays.c,8 :: 		Delay_us(1);
0x0045	0x0000      	NOP
;__Lib_Delays.c,9 :: 		}
0x0046	0x0008      	RETURN
; end of _Delay_1us
_Delay_5500us:
;__Lib_Delays.c,31 :: 		void Delay_5500us() {
;__Lib_Delays.c,32 :: 		Delay_us(5500);
0x0047	0x3008      	MOVLW      8
0x0048	0x1283      	BCF        STATUS, 5
0x0049	0x1303      	BCF        STATUS, 6
0x004A	0x00FC      	MOVWF      R12
0x004B	0x3023      	MOVLW      35
0x004C	0x00FD      	MOVWF      R13
L_Delay_5500us5:
0x004D	0x0BFD      	DECFSZ     R13, 1
0x004E	0x284D      	GOTO       L_Delay_5500us5
0x004F	0x0BFC      	DECFSZ     R12, 1
0x0050	0x284D      	GOTO       L_Delay_5500us5
;__Lib_Delays.c,33 :: 		}
0x0051	0x0008      	RETURN
; end of _Delay_5500us
_Lcd_Cmd:
;__Lib_Lcd.c,18 :: 		
;__Lib_Lcd.c,20 :: 		
0x0052	0x1283      	BCF        STATUS, 5
0x0053	0x1303      	BCF        STATUS, 6
0x0054	0x1BCB      	BTFSC      FARG_Lcd_Cmd_out_char, 7
0x0055	0x2858      	GOTO       L__Lcd_Cmd20
0x0056	0x1388      	BCF        LCD_D7, BitPos(LCD_D7+0)
0x0057	0x2859      	GOTO       L__Lcd_Cmd21
L__Lcd_Cmd20:
0x0058	0x1788      	BSF        LCD_D7, BitPos(LCD_D7+0)
L__Lcd_Cmd21:
;__Lib_Lcd.c,21 :: 		
0x0059	0x1B4B      	BTFSC      FARG_Lcd_Cmd_out_char, 6
0x005A	0x285D      	GOTO       L__Lcd_Cmd22
0x005B	0x1308      	BCF        LCD_D6, BitPos(LCD_D6+0)
0x005C	0x285E      	GOTO       L__Lcd_Cmd23
L__Lcd_Cmd22:
0x005D	0x1708      	BSF        LCD_D6, BitPos(LCD_D6+0)
L__Lcd_Cmd23:
;__Lib_Lcd.c,22 :: 		
0x005E	0x1ACB      	BTFSC      FARG_Lcd_Cmd_out_char, 5
0x005F	0x2862      	GOTO       L__Lcd_Cmd24
0x0060	0x1288      	BCF        LCD_D5, BitPos(LCD_D5+0)
0x0061	0x2863      	GOTO       L__Lcd_Cmd25
L__Lcd_Cmd24:
0x0062	0x1688      	BSF        LCD_D5, BitPos(LCD_D5+0)
L__Lcd_Cmd25:
;__Lib_Lcd.c,23 :: 		
0x0063	0x1A4B      	BTFSC      FARG_Lcd_Cmd_out_char, 4
0x0064	0x2867      	GOTO       L__Lcd_Cmd26
0x0065	0x1208      	BCF        LCD_D4, BitPos(LCD_D4+0)
0x0066	0x2868      	GOTO       L__Lcd_Cmd27
L__Lcd_Cmd26:
0x0067	0x1608      	BSF        LCD_D4, BitPos(LCD_D4+0)
L__Lcd_Cmd27:
;__Lib_Lcd.c,25 :: 		
0x0068	0x1840      	BTFSC      __Lib_Lcd_cmd_status, BitPos(__Lib_Lcd_cmd_status+0)
0x0069	0x286C      	GOTO       L__Lcd_Cmd28
0x006A	0x1508      	BSF        LCD_RS, BitPos(LCD_RS+0)
0x006B	0x286D      	GOTO       L__Lcd_Cmd29
L__Lcd_Cmd28:
0x006C	0x1108      	BCF        LCD_RS, BitPos(LCD_RS+0)
L__Lcd_Cmd29:
;__Lib_Lcd.c,28 :: 		
0x006D	0x1588      	BSF        LCD_EN, BitPos(LCD_EN+0)
;__Lib_Lcd.c,29 :: 		
0x006E	0x2045      	CALL       _Delay_1us
;__Lib_Lcd.c,30 :: 		
0x006F	0x1188      	BCF        LCD_EN, BitPos(LCD_EN+0)
;__Lib_Lcd.c,33 :: 		
0x0070	0x19CB      	BTFSC      FARG_Lcd_Cmd_out_char, 3
0x0071	0x2874      	GOTO       L__Lcd_Cmd30
0x0072	0x1388      	BCF        LCD_D7, BitPos(LCD_D7+0)
0x0073	0x2875      	GOTO       L__Lcd_Cmd31
L__Lcd_Cmd30:
0x0074	0x1788      	BSF        LCD_D7, BitPos(LCD_D7+0)
L__Lcd_Cmd31:
;__Lib_Lcd.c,34 :: 		
0x0075	0x194B      	BTFSC      FARG_Lcd_Cmd_out_char, 2
0x0076	0x2879      	GOTO       L__Lcd_Cmd32
0x0077	0x1308      	BCF        LCD_D6, BitPos(LCD_D6+0)
0x0078	0x287A      	GOTO       L__Lcd_Cmd33
L__Lcd_Cmd32:
0x0079	0x1708      	BSF        LCD_D6, BitPos(LCD_D6+0)
L__Lcd_Cmd33:
;__Lib_Lcd.c,35 :: 		
0x007A	0x18CB      	BTFSC      FARG_Lcd_Cmd_out_char, 1
0x007B	0x287E      	GOTO       L__Lcd_Cmd34
0x007C	0x1288      	BCF        LCD_D5, BitPos(LCD_D5+0)
0x007D	0x287F      	GOTO       L__Lcd_Cmd35
L__Lcd_Cmd34:
0x007E	0x1688      	BSF        LCD_D5, BitPos(LCD_D5+0)
L__Lcd_Cmd35:
;__Lib_Lcd.c,36 :: 		
0x007F	0x184B      	BTFSC      FARG_Lcd_Cmd_out_char, 0
0x0080	0x2883      	GOTO       L__Lcd_Cmd36
0x0081	0x1208      	BCF        LCD_D4, BitPos(LCD_D4+0)
0x0082	0x2884      	GOTO       L__Lcd_Cmd37
L__Lcd_Cmd36:
0x0083	0x1608      	BSF        LCD_D4, BitPos(LCD_D4+0)
L__Lcd_Cmd37:
;__Lib_Lcd.c,38 :: 		
0x0084	0x1840      	BTFSC      __Lib_Lcd_cmd_status, BitPos(__Lib_Lcd_cmd_status+0)
0x0085	0x2888      	GOTO       L__Lcd_Cmd38
0x0086	0x1508      	BSF        LCD_RS, BitPos(LCD_RS+0)
0x0087	0x2889      	GOTO       L__Lcd_Cmd39
L__Lcd_Cmd38:
0x0088	0x1108      	BCF        LCD_RS, BitPos(LCD_RS+0)
L__Lcd_Cmd39:
;__Lib_Lcd.c,40 :: 		
0x0089	0x1588      	BSF        LCD_EN, BitPos(LCD_EN+0)
;__Lib_Lcd.c,41 :: 		
0x008A	0x2045      	CALL       _Delay_1us
;__Lib_Lcd.c,42 :: 		
0x008B	0x1188      	BCF        LCD_EN, BitPos(LCD_EN+0)
;__Lib_Lcd.c,44 :: 		
0x008C	0x1C40      	BTFSS      __Lib_Lcd_cmd_status, BitPos(__Lib_Lcd_cmd_status+0)
0x008D	0x2890      	GOTO       L_Lcd_Cmd0
;__Lib_Lcd.c,45 :: 		
0x008E	0x2047      	CALL       _Delay_5500us
0x008F	0x2891      	GOTO       L_Lcd_Cmd1
L_Lcd_Cmd0:
;__Lib_Lcd.c,47 :: 		
0x0090	0x203D      	CALL       _Delay_50us
L_Lcd_Cmd1:
;__Lib_Lcd.c,48 :: 		
0x0091	0x0008      	RETURN
; end of _Lcd_Cmd
_Lcd_Chr_CP:
;__Lib_Lcd.c,50 :: 		
;__Lib_Lcd.c,52 :: 		
0x0092	0x1283      	BCF        STATUS, 5
0x0093	0x1303      	BCF        STATUS, 6
0x0094	0x1040      	BCF        __Lib_Lcd_cmd_status, BitPos(__Lib_Lcd_cmd_status+0)
;__Lib_Lcd.c,53 :: 		
0x0095	0x084A      	MOVF       FARG_Lcd_Chr_CP_out_char, 0
0x0096	0x00CB      	MOVWF      FARG_Lcd_Cmd_out_char
0x0097	0x2052      	CALL       _Lcd_Cmd
;__Lib_Lcd.c,54 :: 		
0x0098	0x1440      	BSF        __Lib_Lcd_cmd_status, BitPos(__Lib_Lcd_cmd_status+0)
;__Lib_Lcd.c,55 :: 		
0x0099	0x0008      	RETURN
; end of _Lcd_Chr_CP
_____DoICP:
;__Lib_System.c,6 :: 		
;__Lib_System.c,9 :: 		
0x009A	0x1283      	BCF        STATUS, 5
0x009B	0x1303      	BCF        STATUS, 6
0x009C	0x0842      	MOVF       ___DoICPAddr+1, 0
0x009D	0x008A      	MOVWF      PCLATH
;__Lib_System.c,10 :: 		
0x009E	0x0841      	MOVF       ___DoICPAddr, 0
0x009F	0x0082      	MOVWF      PCL
;__Lib_System.c,12 :: 		
0x00A0	0x0008      	RETURN
; end of _____DoICP
_Lcd_Init:
;__Lib_Lcd.c,84 :: 		
;__Lib_Lcd.c,86 :: 		
0x00A1	0x1683      	BSF        STATUS, 5
0x00A2	0x1303      	BCF        STATUS, 6
0x00A3	0x1188      	BCF        LCD_EN_Direction, BitPos(LCD_EN_Direction+0)
;__Lib_Lcd.c,87 :: 		
0x00A4	0x1108      	BCF        LCD_RS_Direction, BitPos(LCD_RS_Direction+0)
;__Lib_Lcd.c,88 :: 		
0x00A5	0x1208      	BCF        LCD_D4_Direction, BitPos(LCD_D4_Direction+0)
;__Lib_Lcd.c,89 :: 		
0x00A6	0x1288      	BCF        LCD_D5_Direction, BitPos(LCD_D5_Direction+0)
;__Lib_Lcd.c,90 :: 		
0x00A7	0x1308      	BCF        LCD_D6_Direction, BitPos(LCD_D6_Direction+0)
;__Lib_Lcd.c,91 :: 		
0x00A8	0x1388      	BCF        LCD_D7_Direction, BitPos(LCD_D7_Direction+0)
;__Lib_Lcd.c,93 :: 		
0x00A9	0x1283      	BCF        STATUS, 5
0x00AA	0x1188      	BCF        LCD_EN, BitPos(LCD_EN+0)
;__Lib_Lcd.c,94 :: 		
0x00AB	0x1108      	BCF        LCD_RS, BitPos(LCD_RS+0)
;__Lib_Lcd.c,95 :: 		
0x00AC	0x1388      	BCF        LCD_D7, BitPos(LCD_D7+0)
;__Lib_Lcd.c,96 :: 		
0x00AD	0x1308      	BCF        LCD_D6, BitPos(LCD_D6+0)
;__Lib_Lcd.c,97 :: 		
0x00AE	0x1288      	BCF        LCD_D5, BitPos(LCD_D5+0)
;__Lib_Lcd.c,98 :: 		
0x00AF	0x1208      	BCF        LCD_D4, BitPos(LCD_D4+0)
;__Lib_Lcd.c,100 :: 		
0x00B0	0x2047      	CALL       _Delay_5500us
;__Lib_Lcd.c,101 :: 		
0x00B1	0x2047      	CALL       _Delay_5500us
;__Lib_Lcd.c,102 :: 		
0x00B2	0x2047      	CALL       _Delay_5500us
;__Lib_Lcd.c,105 :: 		
0x00B3	0x1688      	BSF        LCD_D5, BitPos(LCD_D5+0)
;__Lib_Lcd.c,106 :: 		
0x00B4	0x1608      	BSF        LCD_D4, BitPos(LCD_D4+0)
;__Lib_Lcd.c,107 :: 		
0x00B5	0x1588      	BSF        LCD_EN, BitPos(LCD_EN+0)
;__Lib_Lcd.c,108 :: 		
0x00B6	0x2045      	CALL       _Delay_1us
;__Lib_Lcd.c,109 :: 		
0x00B7	0x1188      	BCF        LCD_EN, BitPos(LCD_EN+0)
;__Lib_Lcd.c,110 :: 		
0x00B8	0x2047      	CALL       _Delay_5500us
;__Lib_Lcd.c,112 :: 		
0x00B9	0x1588      	BSF        LCD_EN, BitPos(LCD_EN+0)
;__Lib_Lcd.c,113 :: 		
0x00BA	0x2045      	CALL       _Delay_1us
;__Lib_Lcd.c,114 :: 		
0x00BB	0x1188      	BCF        LCD_EN, BitPos(LCD_EN+0)
;__Lib_Lcd.c,115 :: 		
0x00BC	0x2047      	CALL       _Delay_5500us
;__Lib_Lcd.c,117 :: 		
0x00BD	0x1588      	BSF        LCD_EN, BitPos(LCD_EN+0)
;__Lib_Lcd.c,118 :: 		
0x00BE	0x2045      	CALL       _Delay_1us
;__Lib_Lcd.c,119 :: 		
0x00BF	0x1188      	BCF        LCD_EN, BitPos(LCD_EN+0)
;__Lib_Lcd.c,120 :: 		
0x00C0	0x2047      	CALL       _Delay_5500us
;__Lib_Lcd.c,123 :: 		
0x00C1	0x1208      	BCF        LCD_D4, BitPos(LCD_D4+0)
;__Lib_Lcd.c,124 :: 		
0x00C2	0x1588      	BSF        LCD_EN, BitPos(LCD_EN+0)
;__Lib_Lcd.c,125 :: 		
0x00C3	0x2045      	CALL       _Delay_1us
;__Lib_Lcd.c,126 :: 		
0x00C4	0x1188      	BCF        LCD_EN, BitPos(LCD_EN+0)
;__Lib_Lcd.c,127 :: 		
0x00C5	0x2047      	CALL       _Delay_5500us
;__Lib_Lcd.c,130 :: 		
0x00C6	0x1588      	BSF        LCD_EN, BitPos(LCD_EN+0)
;__Lib_Lcd.c,131 :: 		
0x00C7	0x2045      	CALL       _Delay_1us
;__Lib_Lcd.c,132 :: 		
0x00C8	0x1188      	BCF        LCD_EN, BitPos(LCD_EN+0)
;__Lib_Lcd.c,134 :: 		
0x00C9	0x1288      	BCF        LCD_D5, BitPos(LCD_D5+0)
;__Lib_Lcd.c,135 :: 		
0x00CA	0x1788      	BSF        LCD_D7, BitPos(LCD_D7+0)
;__Lib_Lcd.c,136 :: 		
0x00CB	0x1588      	BSF        LCD_EN, BitPos(LCD_EN+0)
;__Lib_Lcd.c,137 :: 		
0x00CC	0x2045      	CALL       _Delay_1us
;__Lib_Lcd.c,138 :: 		
0x00CD	0x1188      	BCF        LCD_EN, BitPos(LCD_EN+0)
;__Lib_Lcd.c,139 :: 		
0x00CE	0x2047      	CALL       _Delay_5500us
;__Lib_Lcd.c,142 :: 		
0x00CF	0x1388      	BCF        LCD_D7, BitPos(LCD_D7+0)
;__Lib_Lcd.c,143 :: 		
0x00D0	0x1608      	BSF        LCD_D4, BitPos(LCD_D4+0)
;__Lib_Lcd.c,144 :: 		
0x00D1	0x1588      	BSF        LCD_EN, BitPos(LCD_EN+0)
;__Lib_Lcd.c,145 :: 		
0x00D2	0x2045      	CALL       _Delay_1us
;__Lib_Lcd.c,146 :: 		
0x00D3	0x1188      	BCF        LCD_EN, BitPos(LCD_EN+0)
;__Lib_Lcd.c,148 :: 		
0x00D4	0x1208      	BCF        LCD_D4, BitPos(LCD_D4+0)
;__Lib_Lcd.c,149 :: 		
0x00D5	0x1588      	BSF        LCD_EN, BitPos(LCD_EN+0)
;__Lib_Lcd.c,150 :: 		
0x00D6	0x2045      	CALL       _Delay_1us
;__Lib_Lcd.c,151 :: 		
0x00D7	0x1188      	BCF        LCD_EN, BitPos(LCD_EN+0)
;__Lib_Lcd.c,152 :: 		
0x00D8	0x2047      	CALL       _Delay_5500us
;__Lib_Lcd.c,155 :: 		
0x00D9	0x1588      	BSF        LCD_EN, BitPos(LCD_EN+0)
;__Lib_Lcd.c,156 :: 		
0x00DA	0x2045      	CALL       _Delay_1us
;__Lib_Lcd.c,157 :: 		
0x00DB	0x1188      	BCF        LCD_EN, BitPos(LCD_EN+0)
;__Lib_Lcd.c,159 :: 		
0x00DC	0x1608      	BSF        LCD_D4, BitPos(LCD_D4+0)
;__Lib_Lcd.c,160 :: 		
0x00DD	0x1588      	BSF        LCD_EN, BitPos(LCD_EN+0)
;__Lib_Lcd.c,161 :: 		
0x00DE	0x2045      	CALL       _Delay_1us
;__Lib_Lcd.c,162 :: 		
0x00DF	0x1188      	BCF        LCD_EN, BitPos(LCD_EN+0)
;__Lib_Lcd.c,163 :: 		
0x00E0	0x2047      	CALL       _Delay_5500us
;__Lib_Lcd.c,166 :: 		
0x00E1	0x1208      	BCF        LCD_D4, BitPos(LCD_D4+0)
;__Lib_Lcd.c,167 :: 		
0x00E2	0x1588      	BSF        LCD_EN, BitPos(LCD_EN+0)
;__Lib_Lcd.c,168 :: 		
0x00E3	0x2045      	CALL       _Delay_1us
;__Lib_Lcd.c,169 :: 		
0x00E4	0x1188      	BCF        LCD_EN, BitPos(LCD_EN+0)
;__Lib_Lcd.c,171 :: 		
0x00E5	0x1788      	BSF        LCD_D7, BitPos(LCD_D7+0)
;__Lib_Lcd.c,172 :: 		
0x00E6	0x1708      	BSF        LCD_D6, BitPos(LCD_D6+0)
;__Lib_Lcd.c,173 :: 		
0x00E7	0x1688      	BSF        LCD_D5, BitPos(LCD_D5+0)
;__Lib_Lcd.c,174 :: 		
0x00E8	0x1608      	BSF        LCD_D4, BitPos(LCD_D4+0)
;__Lib_Lcd.c,175 :: 		
0x00E9	0x1588      	BSF        LCD_EN, BitPos(LCD_EN+0)
;__Lib_Lcd.c,176 :: 		
0x00EA	0x2045      	CALL       _Delay_1us
;__Lib_Lcd.c,177 :: 		
0x00EB	0x1188      	BCF        LCD_EN, BitPos(LCD_EN+0)
;__Lib_Lcd.c,179 :: 		
0x00EC	0x2047      	CALL       _Delay_5500us
;__Lib_Lcd.c,181 :: 		
0x00ED	0x1440      	BSF        __Lib_Lcd_cmd_status, BitPos(__Lib_Lcd_cmd_status+0)
;__Lib_Lcd.c,182 :: 		
0x00EE	0x0008      	RETURN
; end of _Lcd_Init
_Lcd_Out:
;__Lib_Lcd.c,184 :: 		
;__Lib_Lcd.c,187 :: 		
0x00EF	0x2901      	GOTO       L_Lcd_Out11
;__Lib_Lcd.c,188 :: 		
L_Lcd_Out13:
0x00F0	0x3080      	MOVLW      128
0x00F1	0x1283      	BCF        STATUS, 5
0x00F2	0x1303      	BCF        STATUS, 6
0x00F3	0x00C6      	MOVWF      FARG_Lcd_Out_row
0x00F4	0x2914      	GOTO       L_Lcd_Out12
;__Lib_Lcd.c,189 :: 		
L_Lcd_Out14:
0x00F5	0x30C0      	MOVLW      192
0x00F6	0x00C6      	MOVWF      FARG_Lcd_Out_row
0x00F7	0x2914      	GOTO       L_Lcd_Out12
;__Lib_Lcd.c,190 :: 		
L_Lcd_Out15:
0x00F8	0x3094      	MOVLW      148
0x00F9	0x00C6      	MOVWF      FARG_Lcd_Out_row
0x00FA	0x2914      	GOTO       L_Lcd_Out12
;__Lib_Lcd.c,191 :: 		
L_Lcd_Out16:
0x00FB	0x30D4      	MOVLW      212
0x00FC	0x00C6      	MOVWF      FARG_Lcd_Out_row
0x00FD	0x2914      	GOTO       L_Lcd_Out12
;__Lib_Lcd.c,192 :: 		
L_Lcd_Out17:
0x00FE	0x3080      	MOVLW      128
0x00FF	0x00C6      	MOVWF      FARG_Lcd_Out_row
;__Lib_Lcd.c,193 :: 		
0x0100	0x2914      	GOTO       L_Lcd_Out12
L_Lcd_Out11:
0x0101	0x1283      	BCF        STATUS, 5
0x0102	0x1303      	BCF        STATUS, 6
0x0103	0x0846      	MOVF       FARG_Lcd_Out_row, 0
0x0104	0x3A01      	XORLW      1
0x0105	0x1903      	BTFSC      STATUS, 2
0x0106	0x28F0      	GOTO       L_Lcd_Out13
0x0107	0x0846      	MOVF       FARG_Lcd_Out_row, 0
0x0108	0x3A02      	XORLW      2
0x0109	0x1903      	BTFSC      STATUS, 2
0x010A	0x28F5      	GOTO       L_Lcd_Out14
0x010B	0x0846      	MOVF       FARG_Lcd_Out_row, 0
0x010C	0x3A03      	XORLW      3
0x010D	0x1903      	BTFSC      STATUS, 2
0x010E	0x28F8      	GOTO       L_Lcd_Out15
0x010F	0x0846      	MOVF       FARG_Lcd_Out_row, 0
0x0110	0x3A04      	XORLW      4
0x0111	0x1903      	BTFSC      STATUS, 2
0x0112	0x28FB      	GOTO       L_Lcd_Out16
0x0113	0x28FE      	GOTO       L_Lcd_Out17
L_Lcd_Out12:
;__Lib_Lcd.c,194 :: 		
0x0114	0x0347      	DECF       FARG_Lcd_Out_column, 0
0x0115	0x00F0      	MOVWF      R0
0x0116	0x0846      	MOVF       FARG_Lcd_Out_row, 0
0x0117	0x07F0      	ADDWF      R0, 1
0x0118	0x0870      	MOVF       R0, 0
0x0119	0x00C6      	MOVWF      FARG_Lcd_Out_row
;__Lib_Lcd.c,196 :: 		
0x011A	0x0870      	MOVF       R0, 0
0x011B	0x00CB      	MOVWF      FARG_Lcd_Cmd_out_char
0x011C	0x2052      	CALL       _Lcd_Cmd
;__Lib_Lcd.c,197 :: 		
0x011D	0x1040      	BCF        __Lib_Lcd_cmd_status, BitPos(__Lib_Lcd_cmd_status+0)
;__Lib_Lcd.c,198 :: 		
0x011E	0x01C9      	CLRF       Lcd_Out_i_L0
;__Lib_Lcd.c,199 :: 		
L_Lcd_Out18:
0x011F	0x0849      	MOVF       Lcd_Out_i_L0, 0
0x0120	0x0748      	ADDWF      FARG_Lcd_Out_text, 0
0x0121	0x0084      	MOVWF      FSR
0x0122	0x0800      	MOVF       INDF, 0
0x0123	0x1903      	BTFSC      STATUS, 2
0x0124	0x292D      	GOTO       L_Lcd_Out19
;__Lib_Lcd.c,200 :: 		
0x0125	0x0849      	MOVF       Lcd_Out_i_L0, 0
0x0126	0x0748      	ADDWF      FARG_Lcd_Out_text, 0
0x0127	0x0084      	MOVWF      FSR
0x0128	0x0800      	MOVF       INDF, 0
0x0129	0x00CA      	MOVWF      FARG_Lcd_Chr_CP_out_char
0x012A	0x2092      	CALL       _Lcd_Chr_CP
0x012B	0x0AC9      	INCF       Lcd_Out_i_L0, 1
0x012C	0x291F      	GOTO       L_Lcd_Out18
L_Lcd_Out19:
;__Lib_Lcd.c,201 :: 		
0x012D	0x1440      	BSF        __Lib_Lcd_cmd_status, BitPos(__Lib_Lcd_cmd_status+0)
;__Lib_Lcd.c,202 :: 		
0x012E	0x0008      	RETURN
; end of _Lcd_Out
_setupMCU:
;LCD-Relogio-Digital.c,101 :: 		void setupMCU(){
;LCD-Relogio-Digital.c,103 :: 		TRISB = 255;    // PORT B como entrada
0x012F	0x30FF      	MOVLW      255
0x0130	0x1683      	BSF        STATUS, 5
0x0131	0x1303      	BCF        STATUS, 6
0x0132	0x0086      	MOVWF      TRISB
;LCD-Relogio-Digital.c,104 :: 		PORTB = 255;    // PORT B  inicialmente em nível alto HIGH
0x0133	0x30FF      	MOVLW      255
0x0134	0x1283      	BCF        STATUS, 5
0x0135	0x0086      	MOVWF      PORTB
;LCD-Relogio-Digital.c,105 :: 		TRISD = 0;      // PORT D como saída
0x0136	0x1683      	BSF        STATUS, 5
0x0137	0x0188      	CLRF       TRISD
;LCD-Relogio-Digital.c,106 :: 		PORTD = 0;      // PORT D inicialmente em nível baixo LOW
0x0138	0x1283      	BCF        STATUS, 5
0x0139	0x0188      	CLRF       PORTD
;LCD-Relogio-Digital.c,108 :: 		INTCON.GIE = 1;           // liga chave geral de interrupções (não necessário para TMR0
0x013A	0x178B      	BSF        INTCON, 7
;LCD-Relogio-Digital.c,109 :: 		INTCON.PEIE = 0;          // interrupção por periféricos desabilitada
0x013B	0x130B      	BCF        INTCON, 6
;LCD-Relogio-Digital.c,110 :: 		INTCON.TMR0IE = 1;        // interrupção por TMR0 habilitada
0x013C	0x168B      	BSF        INTCON, 5
;LCD-Relogio-Digital.c,111 :: 		OPTION_REG = 0b10000001;  // modo TIMER, prescaler 1:8
0x013D	0x3081      	MOVLW      129
0x013E	0x1683      	BSF        STATUS, 5
0x013F	0x0081      	MOVWF      OPTION_REG
;LCD-Relogio-Digital.c,112 :: 		TMR0 = 6;                 // TMR0 inicia me 6 para obter TE = 1ms
0x0140	0x3006      	MOVLW      6
0x0141	0x1283      	BCF        STATUS, 5
0x0142	0x0081      	MOVWF      TMR0
;LCD-Relogio-Digital.c,114 :: 		Lcd_Init();
0x0143	0x20A1      	CALL       _Lcd_Init
;LCD-Relogio-Digital.c,115 :: 		Lcd_Cmd(_LCD_CLEAR);
0x0144	0x3001      	MOVLW      1
0x0145	0x00CB      	MOVWF      FARG_Lcd_Cmd_out_char
0x0146	0x2052      	CALL       _Lcd_Cmd
;LCD-Relogio-Digital.c,116 :: 		Lcd_Cmd(_LCD_CURSOR_OFF);
0x0147	0x300C      	MOVLW      12
0x0148	0x00CB      	MOVWF      FARG_Lcd_Cmd_out_char
0x0149	0x2052      	CALL       _Lcd_Cmd
;LCD-Relogio-Digital.c,117 :: 		Lcd_Out(1, 1, "  Basic  Clock");
0x014A	0x3001      	MOVLW      1
0x014B	0x00C6      	MOVWF      FARG_Lcd_Out_row
0x014C	0x3001      	MOVLW      1
0x014D	0x00C7      	MOVWF      FARG_Lcd_Out_column
0x014E	0x3024      	MOVLW      ?lstr2_LCD_45Relogio_45Digital
0x014F	0x00C8      	MOVWF      FARG_Lcd_Out_text
0x0150	0x20EF      	CALL       _Lcd_Out
;LCD-Relogio-Digital.c,119 :: 		}
0x0151	0x0008      	RETURN
; end of _setupMCU
_Div_8x8_U:
;__Lib_Math.c,189 :: 		
;__Lib_Math.c,196 :: 		
0x0152	0x1283      	BCF        STATUS, 5
;__Lib_Math.c,197 :: 		
0x0153	0x1303      	BCF        STATUS, 6
;__Lib_Math.c,198 :: 		
0x0154	0x01F8      	CLRF       R8
;__Lib_Math.c,199 :: 		
0x0155	0x3008      	MOVLW      8
;__Lib_Math.c,200 :: 		
0x0156	0x00FC      	MOVWF      R12
;__Lib_Math.c,201 :: 		
0x0157	0x0D70      	RLF        R0, 0
;__Lib_Math.c,202 :: 		
0x0158	0x0DF8      	RLF        R8, 1
;__Lib_Math.c,203 :: 		
0x0159	0x0874      	MOVF       R4, 0
;__Lib_Math.c,204 :: 		
0x015A	0x02F8      	SUBWF      R8, 1
;__Lib_Math.c,205 :: 		
0x015B	0x1803      	BTFSC      STATUS, 0
;__Lib_Math.c,206 :: 		
0x015C	0x295F      	GOTO       $+3
;__Lib_Math.c,207 :: 		
0x015D	0x07F8      	ADDWF      R8, 1
;__Lib_Math.c,208 :: 		
0x015E	0x1003      	BCF        STATUS, 0
;__Lib_Math.c,209 :: 		
0x015F	0x0DF0      	RLF        R0, 1
;__Lib_Math.c,210 :: 		
0x0160	0x0BFC      	DECFSZ     R12, 1
;__Lib_Math.c,211 :: 		
0x0161	0x2957      	GOTO       $-10
;__Lib_Math.c,213 :: 		
0x0162	0x0008      	RETURN
; end of _Div_8x8_U
___CC2DW:
;__Lib_System.c,24 :: 		
;__Lib_System.c,27 :: 		
_CC2D_Loop1:
;__Lib_System.c,29 :: 		
0x0163	0x209A      	CALL       _____DoICP
0x0164	0x118A      	BCF        PCLATH, 3
0x0165	0x120A      	BCF        PCLATH, 4
;__Lib_System.c,31 :: 		
0x0166	0x0080      	MOVWF      INDF
;__Lib_System.c,32 :: 		
0x0167	0x0A84      	INCF       FSR, 1
;__Lib_System.c,33 :: 		
0x0168	0x0AC1      	INCF       ___DoICPAddr, 1
;__Lib_System.c,35 :: 		
0x0169	0x1903      	BTFSC      STATUS, 2
;__Lib_System.c,36 :: 		
0x016A	0x0AC2      	INCF       ___DoICPAddr+1, 1
;__Lib_System.c,37 :: 		
0x016B	0x03F0      	DECF       R0, 1
;__Lib_System.c,39 :: 		
0x016C	0x1D03      	BTFSS      STATUS, 2
;__Lib_System.c,40 :: 		
0x016D	0x2963      	GOTO       _CC2D_Loop1
;__Lib_System.c,42 :: 		
0x016E	0x0008      	RETURN
; end of ___CC2DW
_main:
0x016F	0x1283      	BCF        STATUS, 5
0x0170	0x1303      	BCF        STATUS, 6
0x0171	0x01A1      	CLRF       _segundos
0x0172	0x01A2      	CLRF       _minutos
0x0173	0x01A3      	CLRF       _Flags
0x0174	0x3020      	MOVLW      32
0x0175	0x00A4      	MOVWF      ?lstr2_LCD_45Relogio_45Digital
0x0176	0x3020      	MOVLW      32
0x0177	0x00A5      	MOVWF      37
0x0178	0x3042      	MOVLW      66
0x0179	0x00A6      	MOVWF      38
0x017A	0x3061      	MOVLW      97
0x017B	0x00A7      	MOVWF      39
0x017C	0x3073      	MOVLW      115
0x017D	0x00A8      	MOVWF      40
0x017E	0x3069      	MOVLW      105
0x017F	0x00A9      	MOVWF      41
0x0180	0x3063      	MOVLW      99
0x0181	0x00AA      	MOVWF      42
0x0182	0x3020      	MOVLW      32
0x0183	0x00AB      	MOVWF      43
0x0184	0x3020      	MOVLW      32
0x0185	0x00AC      	MOVWF      44
0x0186	0x3043      	MOVLW      67
0x0187	0x00AD      	MOVWF      45
0x0188	0x306C      	MOVLW      108
0x0189	0x00AE      	MOVWF      46
0x018A	0x306F      	MOVLW      111
0x018B	0x00AF      	MOVWF      47
0x018C	0x3063      	MOVLW      99
0x018D	0x00B0      	MOVWF      48
0x018E	0x306B      	MOVLW      107
0x018F	0x00B1      	MOVWF      49
0x0190	0x01B2      	CLRF       50
0x0191	0x01B3      	CLRF       _horas
0x0192	0x3035      	MOVLW      53
0x0193	0x00B4      	MOVWF      _clock
0x0194	0x3030      	MOVLW      48
0x0195	0x00B5      	MOVWF      ?lstr1_LCD_45Relogio_45Digital
0x0196	0x3030      	MOVLW      48
0x0197	0x00B6      	MOVWF      54
0x0198	0x303A      	MOVLW      58
0x0199	0x00B7      	MOVWF      55
0x019A	0x3030      	MOVLW      48
0x019B	0x00B8      	MOVWF      56
0x019C	0x3030      	MOVLW      48
0x019D	0x00B9      	MOVWF      57
0x019E	0x303A      	MOVLW      58
0x019F	0x00BA      	MOVWF      58
0x01A0	0x3030      	MOVLW      48
0x01A1	0x00BB      	MOVWF      59
0x01A2	0x3030      	MOVLW      48
0x01A3	0x00BC      	MOVWF      60
0x01A4	0x01BD      	CLRF       61
;LCD-Relogio-Digital.c,35 :: 		void main(){
;LCD-Relogio-Digital.c,37 :: 		setupMCU();
0x01A5	0x212F      	CALL       _setupMCU
;LCD-Relogio-Digital.c,39 :: 		while(1){
L_main0:
;LCD-Relogio-Digital.c,40 :: 		clock[0] = horas/10+'0'; // carrega hora (dezena) para índice 0 da string
0x01A6	0x0834      	MOVF       _clock, 0
0x01A7	0x00C5      	MOVWF      FLOC__main
0x01A8	0x300A      	MOVLW      10
0x01A9	0x00F4      	MOVWF      R4
0x01AA	0x0833      	MOVF       _horas, 0
0x01AB	0x00F0      	MOVWF      R0
0x01AC	0x2152      	CALL       _Div_8x8_U
0x01AD	0x3030      	MOVLW      48
0x01AE	0x07F0      	ADDWF      R0, 1
0x01AF	0x0845      	MOVF       FLOC__main, 0
0x01B0	0x0084      	MOVWF      FSR
0x01B1	0x0870      	MOVF       R0, 0
0x01B2	0x0080      	MOVWF      INDF
;LCD-Relogio-Digital.c,41 :: 		clock[1] = horas%10+'0'; // carrega hora (unidade) para índice 1 da string
0x01B3	0x0A34      	INCF       _clock, 0
0x01B4	0x00C5      	MOVWF      FLOC__main
0x01B5	0x300A      	MOVLW      10
0x01B6	0x00F4      	MOVWF      R4
0x01B7	0x0833      	MOVF       _horas, 0
0x01B8	0x00F0      	MOVWF      R0
0x01B9	0x2152      	CALL       _Div_8x8_U
0x01BA	0x0878      	MOVF       R8, 0
0x01BB	0x00F0      	MOVWF      R0
0x01BC	0x3030      	MOVLW      48
0x01BD	0x07F0      	ADDWF      R0, 1
0x01BE	0x0845      	MOVF       FLOC__main, 0
0x01BF	0x0084      	MOVWF      FSR
0x01C0	0x0870      	MOVF       R0, 0
0x01C1	0x0080      	MOVWF      INDF
;LCD-Relogio-Digital.c,42 :: 		clock[3] = minutos/10+'0'; // carrega minutos (dezena) para índice 3 da string
0x01C2	0x3003      	MOVLW      3
0x01C3	0x0734      	ADDWF      _clock, 0
0x01C4	0x00C5      	MOVWF      FLOC__main
0x01C5	0x300A      	MOVLW      10
0x01C6	0x00F4      	MOVWF      R4
0x01C7	0x0822      	MOVF       _minutos, 0
0x01C8	0x00F0      	MOVWF      R0
0x01C9	0x2152      	CALL       _Div_8x8_U
0x01CA	0x3030      	MOVLW      48
0x01CB	0x07F0      	ADDWF      R0, 1
0x01CC	0x0845      	MOVF       FLOC__main, 0
0x01CD	0x0084      	MOVWF      FSR
0x01CE	0x0870      	MOVF       R0, 0
0x01CF	0x0080      	MOVWF      INDF
;LCD-Relogio-Digital.c,43 :: 		clock[4] = minutos%10+'0'; // carrega minutos (unidade) para índice 4 da string
0x01D0	0x3004      	MOVLW      4
0x01D1	0x0734      	ADDWF      _clock, 0
0x01D2	0x00C5      	MOVWF      FLOC__main
0x01D3	0x300A      	MOVLW      10
0x01D4	0x00F4      	MOVWF      R4
0x01D5	0x0822      	MOVF       _minutos, 0
0x01D6	0x00F0      	MOVWF      R0
0x01D7	0x2152      	CALL       _Div_8x8_U
0x01D8	0x0878      	MOVF       R8, 0
0x01D9	0x00F0      	MOVWF      R0
0x01DA	0x3030      	MOVLW      48
0x01DB	0x07F0      	ADDWF      R0, 1
0x01DC	0x0845      	MOVF       FLOC__main, 0
0x01DD	0x0084      	MOVWF      FSR
0x01DE	0x0870      	MOVF       R0, 0
0x01DF	0x0080      	MOVWF      INDF
;LCD-Relogio-Digital.c,44 :: 		clock[6] = segundos/10+'0'; // carrega segundos (dezena) para índice 6 da string
0x01E0	0x3006      	MOVLW      6
0x01E1	0x0734      	ADDWF      _clock, 0
0x01E2	0x00C5      	MOVWF      FLOC__main
0x01E3	0x300A      	MOVLW      10
0x01E4	0x00F4      	MOVWF      R4
0x01E5	0x0821      	MOVF       _segundos, 0
0x01E6	0x00F0      	MOVWF      R0
0x01E7	0x2152      	CALL       _Div_8x8_U
0x01E8	0x3030      	MOVLW      48
0x01E9	0x07F0      	ADDWF      R0, 1
0x01EA	0x0845      	MOVF       FLOC__main, 0
0x01EB	0x0084      	MOVWF      FSR
0x01EC	0x0870      	MOVF       R0, 0
0x01ED	0x0080      	MOVWF      INDF
;LCD-Relogio-Digital.c,45 :: 		clock[7] = segundos%10+'0'; // carrega segundos (unidade) para índice 7 da string
0x01EE	0x3007      	MOVLW      7
0x01EF	0x0734      	ADDWF      _clock, 0
0x01F0	0x00C5      	MOVWF      FLOC__main
0x01F1	0x300A      	MOVLW      10
0x01F2	0x00F4      	MOVWF      R4
0x01F3	0x0821      	MOVF       _segundos, 0
0x01F4	0x00F0      	MOVWF      R0
0x01F5	0x2152      	CALL       _Div_8x8_U
0x01F6	0x0878      	MOVF       R8, 0
0x01F7	0x00F0      	MOVWF      R0
0x01F8	0x3030      	MOVLW      48
0x01F9	0x07F0      	ADDWF      R0, 1
0x01FA	0x0845      	MOVF       FLOC__main, 0
0x01FB	0x0084      	MOVWF      FSR
0x01FC	0x0870      	MOVF       R0, 0
0x01FD	0x0080      	MOVWF      INDF
;LCD-Relogio-Digital.c,47 :: 		Lcd_Out(2, 5, clock);
0x01FE	0x3002      	MOVLW      2
0x01FF	0x00C6      	MOVWF      FARG_Lcd_Out_row
0x0200	0x3005      	MOVLW      5
0x0201	0x00C7      	MOVWF      FARG_Lcd_Out_column
0x0202	0x0834      	MOVF       _clock, 0
0x0203	0x00C8      	MOVWF      FARG_Lcd_Out_text
0x0204	0x20EF      	CALL       _Lcd_Out
;LCD-Relogio-Digital.c,49 :: 		if(PORTB.RB0) Flags.B0 = 1; // trava tecla
0x0205	0x1C06      	BTFSS      PORTB, 0
0x0206	0x2A08      	GOTO       L_main2
0x0207	0x1423      	BSF        _Flags, 0
L_main2:
;LCD-Relogio-Digital.c,50 :: 		if(PORTB.RB1) Flags.B1 = 1; // trava tecla
0x0208	0x1C86      	BTFSS      PORTB, 1
0x0209	0x2A0B      	GOTO       L_main3
0x020A	0x14A3      	BSF        _Flags, 1
L_main3:
;LCD-Relogio-Digital.c,51 :: 		if(PORTB.RB2) Flags.B2 = 1; // trava tecla
0x020B	0x1D06      	BTFSS      PORTB, 2
0x020C	0x2A0E      	GOTO       L_main4
0x020D	0x1523      	BSF        _Flags, 2
L_main4:
;LCD-Relogio-Digital.c,53 :: 		if(PORTB.RB0 == 0 && Flags.B0){ // ajuste dos segundos
0x020E	0x1806      	BTFSC      PORTB, 0
0x020F	0x2A14      	GOTO       L_main7
0x0210	0x1C23      	BTFSS      _Flags, 0
0x0211	0x2A14      	GOTO       L_main7
L__main22:
;LCD-Relogio-Digital.c,54 :: 		Flags.B0 = 0;
0x0212	0x1023      	BCF        _Flags, 0
;LCD-Relogio-Digital.c,55 :: 		segundos = 0;
0x0213	0x01A1      	CLRF       _segundos
;LCD-Relogio-Digital.c,56 :: 		}
L_main7:
;LCD-Relogio-Digital.c,58 :: 		if(PORTB.RB1 == 0 && Flags.B1){ // ajuste dos minutos
0x0214	0x1886      	BTFSC      PORTB, 1
0x0215	0x2A1F      	GOTO       L_main10
0x0216	0x1CA3      	BTFSS      _Flags, 1
0x0217	0x2A1F      	GOTO       L_main10
L__main21:
;LCD-Relogio-Digital.c,59 :: 		Flags.B1 = 0;
0x0218	0x10A3      	BCF        _Flags, 1
;LCD-Relogio-Digital.c,60 :: 		minutos++;
0x0219	0x0AA2      	INCF       _minutos, 1
;LCD-Relogio-Digital.c,61 :: 		if(minutos >= 60) minutos = 0;
0x021A	0x303C      	MOVLW      60
0x021B	0x0222      	SUBWF      _minutos, 0
0x021C	0x1C03      	BTFSS      STATUS, 0
0x021D	0x2A1F      	GOTO       L_main11
0x021E	0x01A2      	CLRF       _minutos
L_main11:
;LCD-Relogio-Digital.c,62 :: 		}
L_main10:
;LCD-Relogio-Digital.c,64 :: 		if(PORTB.RB2 == 0 && Flags.B2){ // ajuste das horas
0x021F	0x1906      	BTFSC      PORTB, 2
0x0220	0x2A2A      	GOTO       L_main14
0x0221	0x1D23      	BTFSS      _Flags, 2
0x0222	0x2A2A      	GOTO       L_main14
L__main20:
;LCD-Relogio-Digital.c,65 :: 		Flags.B2 = 0;
0x0223	0x1123      	BCF        _Flags, 2
;LCD-Relogio-Digital.c,66 :: 		horas++;
0x0224	0x0AB3      	INCF       _horas, 1
;LCD-Relogio-Digital.c,67 :: 		if(horas >= 24) horas = 0;
0x0225	0x3018      	MOVLW      24
0x0226	0x0233      	SUBWF      _horas, 0
0x0227	0x1C03      	BTFSS      STATUS, 0
0x0228	0x2A2A      	GOTO       L_main15
0x0229	0x01B3      	CLRF       _horas
L_main15:
;LCD-Relogio-Digital.c,68 :: 		}
L_main14:
;LCD-Relogio-Digital.c,70 :: 		}
0x022A	0x29A6      	GOTO       L_main0
;LCD-Relogio-Digital.c,71 :: 		}
0x022B	0x2A2B      	GOTO       $+0
; end of _main
Symbol List:
//** Routines locations **
//ADDRESS    SIZE    PROCEDURE
//----------------------------------------------
0x0004      [57]    _interrupt
0x003D       [8]    _Delay_50us
0x0045       [2]    _Delay_1us
0x0047      [11]    _Delay_5500us
0x0052      [64]    _Lcd_Cmd
0x0092       [8]    _Lcd_Chr_CP
0x009A       [7]    _____DoICP
0x00A1      [78]    _Lcd_Init
0x00EF      [64]    _Lcd_Out
0x012F      [35]    _setupMCU
0x0152      [17]    _Div_8x8_U
0x0163      [12]    ___CC2DW
0x016F     [189]    _main
//** Variables locations ** 
//ADDRESS    SIZE    VARIABLE
//----------------------------------------------
0x0000       [1]    INDF
0x0001       [1]    TMR0
0x0002       [1]    PCL
0x0003       [0]    NOT_PD_bit
0x0003       [0]    IRP_bit
0x0003       [0]    C_bit
0x0003       [0]    RP1_bit
0x0003       [0]    RP0_bit
0x0003       [0]    Z_bit
0x0003       [0]    NOT_TO_bit
0x0003       [0]    DC_bit
0x0003       [1]    STATUS
0x0004       [1]    FSR
0x0004       [1]    FSRPTR
0x0005       [0]    RA4_bit
0x0005       [0]    RA5_bit
0x0005       [0]    RA1_bit
0x0005       [0]    RA3_bit
0x0005       [0]    RA2_bit
0x0005       [1]    PORTA
0x0005       [0]    RA0_bit
0x0006       [0]    RB2_bit
0x0006       [0]    RB3_bit
0x0006       [0]    RB0_bit
0x0006       [0]    RB1_bit
0x0006       [0]    RB4_bit
0x0006       [0]    RB7_bit
0x0006       [1]    PORTB
0x0006       [0]    RB5_bit
0x0006       [0]    RB6_bit
0x0007       [0]    RC4_bit
0x0007       [0]    RC3_bit
0x0007       [0]    RC2_bit
0x0007       [0]    RC5_bit
0x0007       [1]    PORTC
0x0007       [0]    RC7_bit
0x0007       [0]    RC6_bit
0x0007       [0]    RC0_bit
0x0007       [0]    RC1_bit
0x0008       [0]    LCD_D6
0x0008       [0]    RD0_bit
0x0008       [0]    LCD_D7
0x0008       [0]    RD3_bit
0x0008       [1]    PORTD
0x0008       [0]    LCD_D5
0x0008       [0]    RD6_bit
0x0008       [0]    LCD_D4
0x0008       [0]    LCD_EN
0x0008       [0]    LCD_RS
0x0008       [0]    RD4_bit
0x0008       [0]    RD5_bit
0x0008       [0]    RD1_bit
0x0008       [0]    RD2_bit
0x0008       [0]    RD7_bit
0x0009       [0]    RE1_bit
0x0009       [0]    RE0_bit
0x0009       [1]    PORTE
0x0009       [0]    RE2_bit
0x000A       [1]    PCLATH
0x000B       [0]    T0IF_bit
0x000B       [0]    RBIE_bit
0x000B       [0]    TMR0IF_bit
0x000B       [0]    RBIF_bit
0x000B       [0]    INTF_bit
0x000B       [0]    PEIE_bit
0x000B       [0]    GIE_bit
0x000B       [0]    T0IE_bit
0x000B       [0]    INTE_bit
0x000B       [0]    TMR0IE_bit
0x000B       [1]    INTCON
0x000C       [0]    TMR1IF_bit
0x000C       [0]    PSPIF_bit
0x000C       [0]    ADIF_bit
0x000C       [0]    TMR2IF_bit
0x000C       [0]    CCP1IF_bit
0x000C       [1]    PIR1
0x000C       [0]    RCIF_bit
0x000C       [0]    TXIF_bit
0x000C       [0]    SSPIF_bit
0x000D       [0]    CCP2IF_bit
0x000D       [0]    BCLIF_bit
0x000D       [0]    EEIF_bit
0x000D       [1]    PIR2
0x000D       [0]    CMIF_bit
0x000E       [1]    TMR1L
0x000F       [1]    TMR1H
0x0010       [0]    T1INSYNC_bit
0x0010       [0]    T1CKPS1_bit
0x0010       [0]    T1CKPS0_bit
0x0010       [0]    NOT_T1SYNC_bit
0x0010       [0]    T1OSCEN_bit
0x0010       [0]    TMR1CS_bit
0x0010       [0]    TMR1ON_bit
0x0010       [0]    T1SYNC_bit
0x0010       [1]    T1CON
0x0011       [1]    TMR2
0x0012       [0]    T2CKPS0_bit
0x0012       [0]    TOUTPS0_bit
0x0012       [0]    TMR2ON_bit
0x0012       [0]    T2CKPS1_bit
0x0012       [0]    TOUTPS3_bit
0x0012       [1]    T2CON
0x0012       [0]    TOUTPS1_bit
0x0012       [0]    TOUTPS2_bit
0x0013       [1]    SSPBUF
0x0014       [0]    SSPM3_bit
0x0014       [0]    CKP_bit
0x0014       [0]    SSPM2_bit
0x0014       [0]    SSPM0_bit
0x0014       [0]    SSPM1_bit
0x0014       [0]    SSPOV_bit
0x0014       [0]    WCOL_bit
0x0014       [1]    SSPCON
0x0014       [0]    SSPEN_bit
0x0015       [2]    CCPR1
0x0015       [1]    CCPR1L
0x0016       [1]    CCPR1H
0x0017       [0]    CCP1M0_bit
0x0017       [1]    CCP1CON
0x0017       [0]    CCP1M1_bit
0x0017       [0]    CCP1Y_bit
0x0017       [0]    CCP1X_bit
0x0017       [0]    CCP1M3_bit
0x0017       [0]    CCP1M2_bit
0x0018       [0]    FERR_bit
0x0018       [0]    ADDEN_bit
0x0018       [0]    OERR_bit
0x0018       [0]    RCD8_bit
0x0018       [0]    RX9D_bit
0x0018       [1]    RCSTA
0x0018       [0]    NOT_RC8_bit
0x0018       [0]    RC9_bit
0x0018       [0]    RX9_bit
0x0018       [0]    RC8_9_bit
0x0018       [0]    CREN_bit
0x0018       [0]    SPEN_bit
0x0018       [0]    SREN_bit
0x0019       [1]    TXREG
0x001A       [1]    RCREG
0x001B       [2]    CCPR2
0x001B       [1]    CCPR2L
0x001C       [1]    CCPR2H
0x001D       [0]    CCP2M1_bit
0x001D       [0]    CCP2M2_bit
0x001D       [1]    CCP2CON
0x001D       [0]    CCP2Y_bit
0x001D       [0]    CCP2M0_bit
0x001D       [0]    CCP2M3_bit
0x001D       [0]    CCP2X_bit
0x001E       [1]    ADRESH
0x001F       [0]    ADCS0_bit
0x001F       [0]    CHS2_bit
0x001F       [0]    CHS1_bit
0x001F       [0]    NOT_DONE_bit
0x001F       [0]    GO_DONE_bit
0x001F       [0]    GO_bit
0x001F       [0]    CHS0_bit
0x001F       [0]    ADON_bit
0x001F       [0]    ADCS1_bit
0x001F       [1]    ADCON0
0x0021       [1]    _segundos
0x0022       [1]    _minutos
0x0023       [1]    _Flags
0x0024      [15]    ?lstr2_LCD_45Relogio_45Digital
0x0033       [1]    _horas
0x0034       [1]    _clock
0x0035       [9]    ?lstr1_LCD_45Relogio_45Digital
0x003E       [2]    _cont
0x0040       [0]    __Lib_Lcd_cmd_status
0x0041       [2]    ___DoICPAddr
0x0043       [1]    ___savePCLATH
0x0044       [1]    ___saveSTATUS
0x0045       [1]    FLOC__main
0x0046       [1]    FARG_Lcd_Out_row
0x0047       [1]    FARG_Lcd_Out_column
0x0048       [1]    FARG_Lcd_Out_text
0x0049       [1]    Lcd_Out_i_L0
0x004A       [1]    FARG_Lcd_Chr_CP_out_char
0x004B       [1]    FARG_Lcd_Cmd_out_char
0x0070       [1]    R0
0x0071       [1]    R1
0x0072       [1]    R2
0x0073       [1]    R3
0x0074       [1]    R4
0x0075       [1]    R5
0x0076       [1]    R6
0x0077       [1]    R7
0x0078       [1]    R8
0x0079       [1]    R9
0x007A       [1]    R10
0x007B       [1]    R11
0x007C       [1]    R12
0x007D       [1]    R13
0x007E       [1]    R14
0x007F       [1]    R15
0x0081       [0]    PSA_bit
0x0081       [0]    PS2_bit
0x0081       [0]    T0CS_bit
0x0081       [0]    NOT_RBPU_bit
0x0081       [0]    INTEDG_bit
0x0081       [0]    T0SE_bit
0x0081       [0]    PS0_bit
0x0081       [0]    PS1_bit
0x0081       [1]    OPTION_REG
0x0085       [0]    TRISA0_bit
0x0085       [0]    TRISA1_bit
0x0085       [1]    TRISA
0x0085       [0]    TRISA3_bit
0x0085       [0]    TRISA4_bit
0x0085       [0]    TRISA2_bit
0x0085       [0]    TRISA5_bit
0x0086       [0]    TRISB1_bit
0x0086       [0]    TRISB2_bit
0x0086       [1]    TRISB
0x0086       [0]    TRISB0_bit
0x0086       [0]    TRISB3_bit
0x0086       [0]    TRISB6_bit
0x0086       [0]    TRISB7_bit
0x0086       [0]    TRISB4_bit
0x0086       [0]    TRISB5_bit
0x0087       [1]    TRISC
0x0087       [0]    TRISC3_bit
0x0087       [0]    TRISC4_bit
0x0087       [0]    TRISC5_bit
0x0087       [0]    TRISC0_bit
0x0087       [0]    TRISC1_bit
0x0087       [0]    TRISC2_bit
0x0087       [0]    TRISC6_bit
0x0087       [0]    TRISC7_bit
0x0088       [0]    LCD_D6_Direction
0x0088       [1]    TRISD
0x0088       [0]    LCD_D7_Direction
0x0088       [0]    LCD_EN_Direction
0x0088       [0]    LCD_D4_Direction
0x0088       [0]    LCD_RS_Direction
0x0088       [0]    LCD_D5_Direction
0x0088       [0]    TRISD2_bit
0x0088       [0]    TRISD3_bit
0x0088       [0]    TRISD0_bit
0x0088       [0]    TRISD1_bit
0x0088       [0]    TRISD6_bit
0x0088       [0]    TRISD7_bit
0x0088       [0]    TRISD4_bit
0x0088       [0]    TRISD5_bit
0x0089       [0]    IBF_bit
0x0089       [0]    TRISE1_bit
0x0089       [0]    TRISE2_bit
0x0089       [0]    PSPMODE_bit
0x0089       [0]    IBOV_bit
0x0089       [0]    OBF_bit
0x0089       [0]    IBOV_TRISE_bit
0x0089       [0]    OBF_TRISE_bit
0x0089       [0]    IBF_TRISE_bit
0x0089       [1]    TRISE
0x0089       [0]    PSPMODE_TRISE_bit
0x0089       [0]    TRISE0_bit
0x008C       [0]    CCP1IE_bit
0x008C       [0]    SSPIE_bit
0x008C       [0]    TMR1IE_bit
0x008C       [0]    TMR2IE_bit
0x008C       [0]    PSPIE_bit
0x008C       [1]    PIE1
0x008C       [0]    ADIE_bit
0x008C       [0]    TXIE_bit
0x008C       [0]    RCIE_bit
0x008D       [0]    BCLIE_bit
0x008D       [0]    CCP2IE_bit
0x008D       [0]    EEIE_bit
0x008D       [0]    CMIE_bit
0x008D       [1]    PIE2
0x008E       [0]    NOT_BOR_bit
0x008E       [0]    NOT_BO_bit
0x008E       [1]    PCON
0x008E       [0]    NOT_POR_bit
0x0091       [0]    RSEN_bit
0x0091       [0]    PEN_bit
0x0091       [0]    SEN_bit
0x0091       [1]    SSPCON2
0x0091       [0]    RCEN_bit
0x0091       [0]    GCEN_bit
0x0091       [0]    ACKSTAT_bit
0x0091       [0]    ACKDT_bit
0x0091       [0]    ACKEN_bit
0x0092       [1]    PR2
0x0093       [1]    SSPADD
0x0094       [0]    I2C_START__bit
0x0094       [0]    R_bit
0x0094       [0]    I2C_READ_bit
0x0094       [0]    P_bit
0x0094       [0]    I2C_STOP__bit
0x0094       [0]    S_bit
0x0094       [0]    NOT_W_bit
0x0094       [0]    UA_bit
0x0094       [0]    R_W_bit
0x0094       [0]    READ_WRITE_bit
0x0094       [0]    NOT_WRITE_bit
0x0094       [1]    SSPSTAT
0x0094       [0]    BF_bit
0x0094       [0]    D_bit
0x0094       [0]    I2C_DATA_bit
0x0094       [0]    SMP_bit
0x0094       [0]    CKE_bit
0x0094       [0]    D_A_bit
0x0094       [0]    DATA_ADDRESS_bit
0x0094       [0]    NOT_ADDRESS_bit
0x0094       [0]    NOT_A_bit
0x0098       [0]    TX9_bit
0x0098       [0]    CSRC_bit
0x0098       [0]    NOT_TX8_bit
0x0098       [0]    TXEN_bit
0x0098       [0]    TX8_9_bit
0x0098       [0]    TRMT_bit
0x0098       [1]    TXSTA
0x0098       [0]    BRGH_bit
0x0098       [0]    SYNC_bit
0x0098       [0]    TX9D_bit
0x0098       [0]    TXD8_bit
0x0099       [1]    SPBRG
0x009C       [0]    C1INV_bit
0x009C       [0]    CIS_bit
0x009C       [0]    CM2_bit
0x009C       [1]    CMCON
0x009C       [0]    CM0_bit
0x009C       [0]    CM1_bit
0x009C       [0]    C2INV_bit
0x009C       [0]    C2OUT_bit
0x009C       [0]    C1OUT_bit
0x009D       [0]    CVR3_bit
0x009D       [0]    CVRR_bit
0x009D       [0]    CVROE_bit
0x009D       [0]    CVR1_bit
0x009D       [1]    CVRCON
0x009D       [0]    CVR2_bit
0x009D       [0]    CVR0_bit
0x009D       [0]    CVREN_bit
0x009E       [1]    ADRESL
0x009F       [0]    PCFG1_bit
0x009F       [0]    ADCS2_bit
0x009F       [0]    PCFG2_bit
0x009F       [0]    PCFG3_bit
0x009F       [0]    ADFM_bit
0x009F       [0]    PCFG0_bit
0x009F       [1]    ADCON1
0x010C       [1]    EEDATA
0x010D       [1]    EEADR
0x010E       [1]    EEDATH
0x010F       [1]    EEADRH
0x018C       [0]    WRERR_bit
0x018C       [0]    RD_bit
0x018C       [0]    WREN_bit
0x018C       [0]    WR_bit
0x018C       [1]    EECON1
0x018C       [0]    EEPGD_bit
0x018D       [1]    EECON2
//** Label List: ** 
//----------------------------------------------
  L_main0
  L_main1
  L_main2
  L_main3
  L_main4
  L_main5
  L_main6
  L_main7
  L_main8
  L_main9
  L_main10
  L_main11
  L_main12
  L_main13
  L_main14
  L_main15
  L_interrupt16
  L_interrupt17
  L_interrupt18
  L_interrupt19
  L__main20
  L__main21
  L__main22
  _main
  _interrupt
  L__interrupt23
  L__interrupt24
  _setupMCU
  L_Delay_10us0
  L_Delay_22us1
  L_Delay_50us2
  L_Delay_80us3
  L_Delay_500us4
  L_Delay_5500us5
  L_Delay_1ms6
  L_Delay_5ms7
  L_Delay_8ms8
  L_Delay_100ms9
  L_Delay_1sec10
  L_boot16_Delay_5ms11
  L_Delay_Cyc12
  L_Delay_Cyc13
  L_VDelay_ms14
  L_VDelay_ms15
  L_VDelay_ms16
  L_VDelay_Advanced_ms17
  L_VDelay_Advanced_ms18
  L_VDelay_Advanced_ms19
  _Get_Fosc_kHz
  _Delay_1us
  _Delay_10us
  _Delay_22us
  _Delay_50us
  _Delay_80us
  _Delay_500us
  _Delay_5500us
  _Delay_1ms
  _Delay_5ms
  _Delay_8ms
  _Delay_100ms
  _Delay_1sec
  _boot16_Delay_5ms
  _Delay_Cyc
  _VDelay_ms
  L__VDelay_ms20
  L__VDelay_ms21
  L__VDelay_ms22
  _VDelay_Advanced_ms
  L__VDelay_Advanced_ms23
  L__VDelay_Advanced_ms24
  L__VDelay_Advanced_ms25
  L_Lcd_Cmd0
  L_Lcd_Cmd1
  L_Lcd_Out_CP2
  L_Lcd_Out_CP3
  L_Lcd_Chr4
  L_Lcd_Chr5
  L_Lcd_Chr6
  L_Lcd_Chr7
  L_Lcd_Chr8
  L_Lcd_Chr9
  L_Lcd_Chr10
  L_Lcd_Out11
  L_Lcd_Out12
  L_Lcd_Out13
  L_Lcd_Out14
  L_Lcd_Out15
  L_Lcd_Out16
  L_Lcd_Out17
  L_Lcd_Out18
  L_Lcd_Out19
  _Lcd_Cmd
  L__Lcd_Cmd20
  L__Lcd_Cmd21
  L__Lcd_Cmd22
  L__Lcd_Cmd23
  L__Lcd_Cmd24
  L__Lcd_Cmd25
  L__Lcd_Cmd26
  L__Lcd_Cmd27
  L__Lcd_Cmd28
  L__Lcd_Cmd29
  L__Lcd_Cmd30
  L__Lcd_Cmd31
  L__Lcd_Cmd32
  L__Lcd_Cmd33
  L__Lcd_Cmd34
  L__Lcd_Cmd35
  L__Lcd_Cmd36
  L__Lcd_Cmd37
  L__Lcd_Cmd38
  L__Lcd_Cmd39
  _Lcd_Chr_CP
  _Lcd_Out_CP
  _Lcd_Chr
  _Lcd_Init
  _Lcd_Out
  L_Div_16x16_S0
  L_Div_16x16_S1
  LOOPS3232A
  SADD22LA
  SOK22LA
  SADD22L8
  SOK22L8
  LOOPS3232B
  SADD22LB
  SOK22LB
  SADD22L16
  SOK22L16
  LOOPS3232C
  SADD22LC
  SOK22LC
  SADD22L24
  SOK22L24
  LOOPS3232D
  SADD22LD
  SOK22LD
  SOK22L
  L_Div_32x32_S6
  L_Div_32x32_S7
  L_Div_32x32_S8
  L_Div_32x32_S9
  FXD3232S
  END_ALL
  CA3232S
  C3232SX
  C3232SX1
  C3232S
  C3232S2
  C3232SX4
  C3232SOK
  C3232SX3
  C3232SX2
  avoid_comfrem
  LOOPU3232A
  UADD22LA
  UOK22LA
  UADD22L8
  UOK22L8
  LOOPU3232B
  UADD22LB
  UOK22LB
  UADD22L16
  UOK22L16
  LOOPU3232C
  UADD22LC
  UOK22LC
  UADD22L24
  UOK22L24
  LOOPU3232D
  UADD22LD
  UOK22LD
  UOK22L
  _NEXT
  _EXIT2
  _LOOP
  _EXIT1
  _IF_FIRST
  _IF_SECOND
  _INVERCE_FIRST
  _MULT
  _INBERSE_SECOND
  _EXIT
  _Mul_8x8_U
  _Mul_16x16_U
  _Div_8x8_U
  _Div_16x16_U
  _Mul_8x8_S
  _Mul_16x16_S
  _Div_16x16_S_L
  _Div_16x16_S
  _Div_8x8_S
  _SDIV3232L
  _COMFREM
  _Div_32x32_S
  _Div_32x32_U
  _Mul_32x32_U
  _Mul_32x32_S
  _CC2D_Loop1
  _____DoICP
  _____DoIFC
  ___CC2DW
  _Swap
  L_main0
  L_main1
  L_main2
  L_main3
  L_main4
  L_main5
  L_main6
  L_main7
  L_main8
  L_main9
  L_main10
  L_main11
  L_main12
  L_main13
  L_main14
  L_main15
  L_interrupt16
  L_interrupt17
  L_interrupt18
  L_interrupt19
  L__main20
  L__main21
  L__main22
  _main
  _interrupt
  L__interrupt23
  L__interrupt24
  _setupMCU
