MPASM  5.51                       AULA033.ASM   6-3-2023  13:01:15         PAGE  1


LOC  OBJECT CODE     LINE SOURCE TEXT
  VALUE

                      00001                         TITLE "Aula 033 Saídas Digitais"           ;TÍTULO DO PROGRAMA
                      00002                         LIST P=16F84A                                       ;uC UTILIZADO
                      00003                         #INCLUDE <P16F84A.INC>                              ;BIBLIOTECA
                      00001         LIST
                      00002 
                      00003 ;==========================================================================
                      00004 ;  MPASM PIC16F84A processor include
                      00005 ; 
                      00006 ;  (c) Copyright 1999-2013 Microchip Technology, All rights reserved
                      00007 ;==========================================================================
                      00008 
                      00208         LIST
2007   3FF1           00004                         __CONFIG _XT_OSC & _CP_OFF & _WDT_OFF & _PWRTE_ON   ;FUSE BITS
                      00005                         #DEFINE BANCO_0 BCF STATUS, RP0
                      00006                         #DEFINE BANCO_1 BSF STATUS, RP0
                      00007 
                      00008 ;++++++++++++++++++++++++++++++++++++++++++++++++++++++++++++++++++++++++                       
                      00009                         
0000                  00010                         ORG 0x00               ;VETOR DE INÍCIO
0000   2805           00011                         GOTO INICIO            ;VAI PARA O INÍCIO DO PROGRAMA   
Warning[207]: Found label after column 1. (TEMPO1)
  0000000C            00012                         TEMPO1 EQU 0X0C
Warning[207]: Found label after column 1. (TEMPO2)
  0000000D            00013                         TEMPO2 EQU 0X0D
Warning[207]: Found label after column 1. (CONTADOR)
  0000000E            00014                         CONTADOR EQU 0X0E   
                      00015 
0004                  00016                         ORG 0X04               ;VETOR DE RESET
0004   0009           00017                         RETFIE
                      00018 
                      00019 ;++++++++++++++++++++++++++++++++++++++++++++++++++++++++++++++++++++++++
                      00020 
0005                  00021 INICIO
0005   1683           00022                         BANKSEL TRISB
Message[302]: Register in operand not in bank 0.  Ensure that bank bits are correct.
0006   0186           00023                         CLRF TRISB
                      00024 
0007   1283           00025                         BANKSEL PORTB
0008                  00026 MAIN                              ;PROGRAMA PRINCIPAL
0008   3000           00027                         MOVLW B'00000000'
0009   0086           00028                         MOVWF PORTB
                      00029                                    
000A   3008           00030                         MOVLW D'8'
000B   008E           00031                         MOVWF CONTADOR
Message[305]: Using default destination of 1 (file).
000C   0D86           00032                         RLF PORTB
000D   2017           00033                         CALL DELAY_500         ;CHAMADA FUNÇÃO DE TEMPORIZAÇÃO
Message[305]: Using default destination of 1 (file).
000E   0B8E           00034                         DECFSZ CONTADOR
000F   280C           00035                         GOTO $-3
                      00036                         
0010   3008           00037                         MOVLW D'8'
0011   008E           00038                         MOVWF CONTADOR
MPASM  5.51                       AULA033.ASM   6-3-2023  13:01:15         PAGE  2
Aula 033 Saídas Digitais

LOC  OBJECT CODE     LINE SOURCE TEXT
  VALUE

Message[305]: Using default destination of 1 (file).
0012   0C86           00039                         RRF PORTB
0013   2017           00040                         CALL DELAY_500         ;CHAMADA FUNÇÃO DE TEMPORIZAÇÃO
Message[305]: Using default destination of 1 (file).
0014   0B8E           00041                         DECFSZ CONTADOR
0015   2812           00042                         GOTO $-3
                      00043                                 
0016   2808           00044                         GOTO MAIN              ;LOOP INFINITO
                      00045 
                      00046 
                      00047 
0017                  00048 DELAY_500                              ;ROTINA DE TEMPORIZAÇÃO
0017   30F9           00049                         MOVLW D'249'
0018   008C           00050                         MOVWF TEMPO1
0019                  00051 M2
0019   30FB           00052                         MOVLW D'251'
001A   008D           00053                         MOVWF TEMPO2
001B                  00054 M1
001B   0000           00055                         NOP
001C   0000           00056                         NOP
001D   0000           00057                         NOP
001E   0000           00058                         NOP
001F   0000           00059                         NOP
Message[305]: Using default destination of 1 (file).
0020   0B8D           00060                         DECFSZ TEMPO2
0021   281B           00061                         GOTO M1
                      00062 
Message[305]: Using default destination of 1 (file).
0022   0B8C           00063                         DECFSZ TEMPO1
0023   2819           00064                         GOTO M2
                      00065 
0024   0008           00066                         RETURN            ;RETORNO DA FUNÇÃO
                      00067                         
                      00068 
                      00069                         END
MPASM  5.51                       AULA033.ASM   6-3-2023  13:01:15         PAGE  3
Aula 033 Saídas Digitais

SYMBOL TABLE
  LABEL                             VALUE 

BANCO_0                           BCF STATUS, RP0
BANCO_1                           BSF STATUS, RP0
C                                 00000000
CONTADOR                          0000000E
DC                                00000001
DELAY_500                         00000017
EEADR                             00000009
EECON1                            00000088
EECON2                            00000089
EEDATA                            00000008
EEIE                              00000006
EEIF                              00000004
F                                 00000001
FSR                               00000004
GIE                               00000007
INDF                              00000000
INICIO                            00000005
INTCON                            0000000B
INTE                              00000004
INTEDG                            00000006
INTF                              00000001
IRP                               00000007
M1                                0000001B
M2                                00000019
MAIN                              00000008
NOT_PD                            00000003
NOT_RBPU                          00000007
NOT_TO                            00000004
OPTION_REG                        00000081
PCL                               00000002
PCLATH                            0000000A
PORTA                             00000005
PORTB                             00000006
PS0                               00000000
PS1                               00000001
PS2                               00000002
PSA                               00000003
RA0                               00000000
RA1                               00000001
RA2                               00000002
RA3                               00000003
RA4                               00000004
RB0                               00000000
RB1                               00000001
RB2                               00000002
RB3                               00000003
RB4                               00000004
RB5                               00000005
RB6                               00000006
RB7                               00000007
RBIE                              00000003
RBIF                              00000000
RD                                00000000
MPASM  5.51                       AULA033.ASM   6-3-2023  13:01:15         PAGE  4
Aula 033 Saídas Digitais

SYMBOL TABLE
  LABEL                             VALUE 

RP0                               00000005
RP1                               00000006
STATUS                            00000003
T0CS                              00000005
T0IE                              00000005
T0IF                              00000002
T0SE                              00000004
TEMPO1                            0000000C
TEMPO2                            0000000D
TMR0                              00000001
TMR0IE                            00000005
TMR0IF                            00000002
TRISA                             00000085
TRISA0                            00000000
TRISA1                            00000001
TRISA2                            00000002
TRISA3                            00000003
TRISA4                            00000004
TRISB                             00000086
TRISB0                            00000000
TRISB1                            00000001
TRISB2                            00000002
TRISB3                            00000003
TRISB4                            00000004
TRISB5                            00000005
TRISB6                            00000006
TRISB7                            00000007
W                                 00000000
WR                                00000001
WREN                              00000002
WRERR                             00000003
Z                                 00000002
_CONFIG                           00002007
_CP_OFF                           00003FFF
_CP_ON                            0000000F
_DEVID1                           00002006
_FOSC_EXTRC                       00003FFF
_FOSC_HS                          00003FFE
_FOSC_LP                          00003FFC
_FOSC_XT                          00003FFD
_HS_OSC                           00003FFE
_IDLOC0                           00002000
_IDLOC1                           00002001
_IDLOC2                           00002002
_IDLOC3                           00002003
_LP_OSC                           00003FFC
_PWRTE_OFF                        00003FFF
_PWRTE_ON                         00003FF7
_RC_OSC                           00003FFF
_WDTE_OFF                         00003FFB
_WDTE_ON                          00003FFF
_WDT_OFF                          00003FFB
_WDT_ON                           00003FFF
MPASM  5.51                       AULA033.ASM   6-3-2023  13:01:15         PAGE  5
Aula 033 Saídas Digitais

SYMBOL TABLE
  LABEL                             VALUE 

_XT_OSC                           00003FFD
__16F84A                          00000001
__DEBUG                           1


MEMORY USAGE MAP ('X' = Used,  '-' = Unused)

0000 : X---XXXXXXXXXXXX XXXXXXXXXXXXXXXX XXXXX----------- ----------------
2000 : -------X-------- ---------------- ---------------- ----------------

All other memory blocks unused.

Program Memory Words Used:    34
Program Memory Words Free:   990


Errors   :     0
Warnings :     3 reported,     0 suppressed
Messages :     7 reported,     0 suppressed

