CCS PCM C Compiler, Version 5.007, 61971               05-jan-23 12:33

               Filename:   C:\Users\ABMS-Telecom\Documents\CCS C Projects\aula041\main.lst

               ROM used:   408 words (20%)
                           Largest free fragment is 1640
               RAM used:   49 (22%) at main() level
                           58 (26%) worst case
               Stack used: 0 locations
               Stack size: 8

*
0000:  MOVLW  01
0001:  MOVWF  0A
0002:  GOTO   109
0003:  NOP
.................... #include <main.h> 
.................... #include <16F628A.h> 
.................... //////// Standard Header file for the PIC16F628A device //////////////// 
.................... #device PIC16F628A 
0004:  BCF    0A.0
0005:  BCF    0A.1
0006:  BCF    0A.2
0007:  ADDWF  02,F
0008:  RETLW  28
0009:  RETLW  0C
000A:  RETLW  01
000B:  RETLW  06
....................  
.................... #list 
....................  
....................  
.................... #FUSES NOWDT                 	//No Watch Dog Timer 
.................... #FUSES NOMCLR                	//Master Clear pin used for I/O 
.................... #FUSES NOBROWNOUT            	//No brownout reset 
.................... #FUSES NOLVP                 	//No low voltage prgming, B3(PIC16) or B5(PIC18) used for I/O 
....................  
.................... #use delay(internal=4MHz) 
000C:  MOVLW  4C
000D:  MOVWF  04
000E:  BCF    03.7
000F:  MOVF   00,W
0010:  BTFSC  03.2
0011:  GOTO   020
0012:  MOVLW  01
0013:  MOVWF  78
0014:  CLRF   77
0015:  DECFSZ 77,F
0016:  GOTO   015
0017:  DECFSZ 78,F
0018:  GOTO   014
0019:  MOVLW  4A
001A:  MOVWF  77
001B:  DECFSZ 77,F
001C:  GOTO   01B
001D:  GOTO   01E
001E:  DECFSZ 00,F
001F:  GOTO   012
0020:  RETURN
....................  
....................  
....................  
.................... #include <lcd.c> 
.................... /////////////////////////////////////////////////////////////////////////////// 
.................... ////                             LCD.C                                     //// 
.................... ////                 Driver for common LCD modules                         //// 
.................... ////                                                                       //// 
.................... ////  lcd_init()   Must be called before any other function.               //// 
.................... ////                                                                       //// 
.................... ////  lcd_putc(c)  Will display c on the next position of the LCD.         //// 
.................... ////                 \a  Set cursor position to upper left                 //// 
.................... ////                 \f  Clear display, set cursor to upper left           //// 
.................... ////                 \n  Go to start of second line                        //// 
.................... ////                 \b  Move back one position                            //// 
.................... ////              If LCD_EXTENDED_NEWLINE is defined, the \n character     //// 
.................... ////              will erase all remanining characters on the current      //// 
.................... ////              line, and move the cursor to the beginning of the next   //// 
.................... ////              line.                                                    //// 
.................... ////              If LCD_EXTENDED_NEWLINE is defined, the \r character     //// 
.................... ////              will move the cursor to the start of the current         //// 
.................... ////              line.                                                    //// 
.................... ////                                                                       //// 
.................... ////  lcd_gotoxy(x,y) Set write position on LCD (upper left is 1,1)        //// 
.................... ////                                                                       //// 
.................... ////  lcd_getc(x,y)   Returns character at position x,y on LCD             //// 
.................... ////                                                                       //// 
.................... ////  lcd_cursor_on(int1 on)   Turn the cursor on (on=TRUE) or off         //// 
.................... ////              (on=FALSE).                                              //// 
.................... ////                                                                       //// 
.................... ////  lcd_set_cgram_char(w, *p)   Write a custom character to the CGRAM.   //// 
.................... ////                                                                       //// 
.................... ////                                                                       //// 
.................... ////  CONFIGURATION                                                        //// 
.................... ////  The LCD can be configured in one of two ways: a.) port access or     //// 
.................... ////  b.) pin access.  Port access requires the entire 7 bit interface     //// 
.................... ////  connected to one GPIO port, and the data bits (D4:D7 of the LCD)     //// 
.................... ////  connected to sequential pins on the GPIO.  Pin access                //// 
.................... ////  has no requirements, all 7 bits of the control interface can         //// 
.................... ////  can be connected to any GPIO using several ports.                    //// 
.................... ////                                                                       //// 
.................... ////  To use port access, #define LCD_DATA_PORT to the SFR location of     //// 
.................... ////  of the GPIO port that holds the interface, -AND- edit LCD_PIN_MAP    //// 
.................... ////  of this file to configure the pin order.  If you are using a         //// 
.................... ////  baseline PIC (PCB), then LCD_OUTPUT_MAP and LCD_INPUT_MAP also must  //// 
.................... ////  be defined.                                                          //// 
.................... ////                                                                       //// 
.................... ////  Example of port access:                                              //// 
.................... ////     #define LCD_DATA_PORT getenv("SFR:PORTD")                         //// 
.................... ////                                                                       //// 
.................... ////  To use pin access, the following pins must be defined:               //// 
.................... ////     LCD_ENABLE_PIN                                                    //// 
.................... ////     LCD_RS_PIN                                                        //// 
.................... ////     LCD_RW_PIN                                                        //// 
.................... ////     LCD_DATA4                                                         //// 
.................... ////     LCD_DATA5                                                         //// 
.................... ////     LCD_DATA6                                                         //// 
.................... ////     LCD_DATA7                                                         //// 
.................... ////                                                                       //// 
.................... ////  Example of pin access:                                               //// 
.................... ////     #define LCD_ENABLE_PIN  PIN_E0                                    //// 
.................... ////     #define LCD_RS_PIN      PIN_E1                                    //// 
.................... ////     #define LCD_RW_PIN      PIN_E2                                    //// 
.................... ////     #define LCD_DATA4       PIN_D4                                    //// 
.................... ////     #define LCD_DATA5       PIN_D5                                    //// 
.................... ////     #define LCD_DATA6       PIN_D6                                    //// 
.................... ////     #define LCD_DATA7       PIN_D7                                    //// 
.................... ////                                                                       //// 
.................... /////////////////////////////////////////////////////////////////////////////// 
.................... ////        (C) Copyright 1996,2010 Custom Computer Services           //// 
.................... //// This source code may only be used by licensed users of the CCS C  //// 
.................... //// compiler.  This source code may only be distributed to other      //// 
.................... //// licensed users of the CCS C compiler.  No other use, reproduction //// 
.................... //// or distribution is permitted without written permission.          //// 
.................... //// Derivative programs created using this software in object code    //// 
.................... //// form are not restricted in any way.                               //// 
.................... /////////////////////////////////////////////////////////////////////////// 
....................  
.................... #ifndef __LCD_C__ 
.................... #define __LCD_C__ 
....................  
.................... // define the pinout. 
.................... // only required if port access is being used. 
.................... typedef struct   
.................... {                            // This structure is overlayed 
....................    int1 enable;           // on to an I/O port to gain 
....................    int1 rs;               // access to the LCD pins. 
....................    int1 rw;               // The bits are allocated from 
....................    int1 unused;           // low order up.  ENABLE will 
....................    unsigned int     data : 4;         // be LSB pin of that port. 
....................   #if defined(__PCD__)       // The port used will be LCD_DATA_PORT. 
....................    unsigned int    reserved: 8; 
....................   #endif 
.................... } LCD_PIN_MAP; 
....................  
.................... // this is to improve compatability with previous LCD drivers that accepted 
.................... // a define labeled 'use_portb_lcd' that configured the LCD onto port B. 
.................... #if ((defined(use_portb_lcd)) && (use_portb_lcd==TRUE)) 
....................  #define LCD_DATA_PORT getenv("SFR:PORTB") 
.................... #endif 
....................  
.................... #if defined(__PCB__) 
....................    // these definitions only need to be modified for baseline PICs. 
....................    // all other PICs use LCD_PIN_MAP or individual LCD_xxx pin definitions. 
.................... /*                                    EN, RS,   RW,   UNUSED,  DATA  */ 
....................  const LCD_PIN_MAP LCD_OUTPUT_MAP =  {0,  0,    0,    0,       0}; 
....................  const LCD_PIN_MAP LCD_INPUT_MAP =   {0,  0,    0,    0,       0xF}; 
.................... #endif 
....................  
.................... ////////////////////// END CONFIGURATION /////////////////////////////////// 
....................  
.................... #ifndef LCD_ENABLE_PIN 
....................    #define lcd_output_enable(x) lcdlat.enable=x 
....................    #define lcd_enable_tris()   lcdtris.enable=0 
.................... #else 
....................    #define lcd_output_enable(x) output_bit(LCD_ENABLE_PIN, x) 
....................    #define lcd_enable_tris()  output_drive(LCD_ENABLE_PIN) 
.................... #endif 
....................  
.................... #ifndef LCD_RS_PIN 
....................    #define lcd_output_rs(x) lcdlat.rs=x 
....................    #define lcd_rs_tris()   lcdtris.rs=0 
.................... #else 
....................    #define lcd_output_rs(x) output_bit(LCD_RS_PIN, x) 
....................    #define lcd_rs_tris()  output_drive(LCD_RS_PIN) 
.................... #endif 
....................  
.................... #ifndef LCD_RW_PIN 
....................    #define lcd_output_rw(x) lcdlat.rw=x 
....................    #define lcd_rw_tris()   lcdtris.rw=0 
.................... #else 
....................    #define lcd_output_rw(x) output_bit(LCD_RW_PIN, x) 
....................    #define lcd_rw_tris()  output_drive(LCD_RW_PIN) 
.................... #endif 
....................  
.................... // original version of this library incorrectly labeled LCD_DATA0 as LCD_DATA4, 
.................... // LCD_DATA1 as LCD_DATA5, and so on.  this block of code makes the driver 
.................... // compatible with any code written for the original library 
.................... #if (defined(LCD_DATA0) && defined(LCD_DATA1) && defined(LCD_DATA2) && defined(LCD_DATA3) && !defined(LCD_DATA4) && !defined(LCD_DATA5) && !defined(LCD_DATA6) && !defined(LCD_DATA7)) 
....................    #define  LCD_DATA4    LCD_DATA0 
....................    #define  LCD_DATA5    LCD_DATA1 
....................    #define  LCD_DATA6    LCD_DATA2 
....................    #define  LCD_DATA7    LCD_DATA3 
.................... #endif 
....................  
.................... #ifndef LCD_DATA4 
.................... #ifndef LCD_DATA_PORT 
....................    #if defined(__PCB__) 
....................       #define LCD_DATA_PORT      0x06     //portb 
....................       #define set_tris_lcd(x)   set_tris_b(x) 
....................    #else 
....................      #if defined(PIN_D0) 
....................       #define LCD_DATA_PORT      getenv("SFR:PORTD")     //portd 
....................      #else 
....................       #define LCD_DATA_PORT      getenv("SFR:PORTB")     //portb 
....................      #endif 
....................    #endif    
.................... #endif 
....................  
.................... #if defined(__PCB__) 
....................    LCD_PIN_MAP lcd, lcdlat; 
....................    #byte lcd = LCD_DATA_PORT 
....................    #byte lcdlat = LCD_DATA_PORT 
.................... #elif defined(__PCM__) 
....................    LCD_PIN_MAP lcd, lcdlat, lcdtris; 
....................    #byte lcd = LCD_DATA_PORT 
....................    #byte lcdlat = LCD_DATA_PORT 
....................    #byte lcdtris = LCD_DATA_PORT+0x80 
.................... #elif defined(__PCH__) 
....................    LCD_PIN_MAP lcd, lcdlat, lcdtris; 
....................    #byte lcd = LCD_DATA_PORT 
....................    #byte lcdlat = LCD_DATA_PORT+9 
....................    #byte lcdtris = LCD_DATA_PORT+0x12 
.................... #elif defined(__PCD__) 
....................    LCD_PIN_MAP lcd, lcdlat, lcdtris; 
....................    #word lcd = LCD_DATA_PORT 
....................    #word lcdlat = LCD_DATA_PORT+2 
....................    #word lcdtris = LCD_DATA_PORT-0x02 
.................... #endif 
.................... #endif   //LCD_DATA4 not defined 
....................  
.................... #ifndef LCD_TYPE 
....................    #define LCD_TYPE 2           // 0=5x7, 1=5x10, 2=2 lines 
.................... #endif 
....................  
.................... #ifndef LCD_LINE_TWO 
....................    #define LCD_LINE_TWO 0x40    // LCD RAM address for the second line 
.................... #endif 
....................  
.................... #ifndef LCD_LINE_LENGTH 
....................    #define LCD_LINE_LENGTH 20 
.................... #endif 
....................  
.................... unsigned int8 const LCD_INIT_STRING[4] = {0x20 | (LCD_TYPE << 2), 0xc, 1, 6}; 
....................                              // These bytes need to be sent to the LCD 
....................                              // to start it up. 
....................  
.................... unsigned int8 lcd_read_nibble(void); 
....................  
.................... unsigned int8 lcd_read_byte(void) 
.................... { 
....................    unsigned int8 low,high; 
....................  
....................  #if defined(__PCB__) 
....................    set_tris_lcd(LCD_INPUT_MAP); 
....................  #else 
....................   #if (defined(LCD_DATA4) && defined(LCD_DATA5) && defined(LCD_DATA6) && defined(LCD_DATA7)) 
....................    output_float(LCD_DATA4); 
....................    output_float(LCD_DATA5); 
....................    output_float(LCD_DATA6); 
....................    output_float(LCD_DATA7); 
....................   #else 
....................    lcdtris.data = 0xF; 
*
0039:  MOVLW  0F
003A:  BSF    03.5
003B:  ANDWF  06,W
003C:  IORLW  F0
003D:  MOVWF  06
....................   #endif 
....................  #endif 
....................          
....................    lcd_output_rw(1); 
003E:  BCF    03.5
003F:  BSF    06.2
....................    delay_cycles(1); 
0040:  NOP
....................    lcd_output_enable(1); 
0041:  BSF    06.0
....................    delay_cycles(1); 
0042:  NOP
....................    high = lcd_read_nibble(); 
0043:  CALL   02D
0044:  MOVF   78,W
0045:  MOVWF  53
....................        
....................    lcd_output_enable(0); 
0046:  BCF    06.0
....................    delay_cycles(1); 
0047:  NOP
....................    lcd_output_enable(1); 
0048:  BSF    06.0
....................    delay_us(1); 
0049:  NOP
....................    low = lcd_read_nibble(); 
004A:  CALL   02D
004B:  MOVF   78,W
004C:  MOVWF  52
....................        
....................    lcd_output_enable(0); 
004D:  BCF    06.0
....................  
....................  #if defined(__PCB__) 
....................    set_tris_lcd(LCD_OUTPUT_MAP); 
....................  #else 
....................   #if (defined(LCD_DATA4) && defined(LCD_DATA5) && defined(LCD_DATA6) && defined(LCD_DATA7)) 
....................    output_drive(LCD_DATA4); 
....................    output_drive(LCD_DATA5); 
....................    output_drive(LCD_DATA6); 
....................    output_drive(LCD_DATA7); 
....................   #else 
....................    lcdtris.data = 0x0; 
004E:  MOVLW  0F
004F:  BSF    03.5
0050:  ANDWF  06,W
0051:  MOVWF  06
....................   #endif 
....................  #endif 
....................  
....................    return( (high<<4) | low); 
0052:  BCF    03.5
0053:  SWAPF  53,W
0054:  MOVWF  77
0055:  MOVLW  F0
0056:  ANDWF  77,F
0057:  MOVF   77,W
0058:  IORWF  52,W
0059:  MOVWF  78
.................... } 
....................  
.................... unsigned int8 lcd_read_nibble(void) 
.................... { 
....................   #if (defined(LCD_DATA4) && defined(LCD_DATA5) && defined(LCD_DATA6) && defined(LCD_DATA7)) 
....................    unsigned int8 n = 0x00; 
....................  
....................    /* Read the data port */ 
....................    n |= input(LCD_DATA4); 
....................    n |= input(LCD_DATA5) << 1; 
....................    n |= input(LCD_DATA6) << 2; 
....................    n |= input(LCD_DATA7) << 3; 
....................     
....................    return(n); 
....................   #else 
....................    return(lcd.data); 
*
002D:  MOVF   06,W
002E:  MOVWF  77
002F:  SWAPF  06,W
0030:  ANDLW  0F
0031:  MOVWF  78
....................   #endif 
0032:  RETURN
.................... } 
....................  
.................... void lcd_send_nibble(unsigned int8 n) 
.................... { 
....................   #if (defined(LCD_DATA4) && defined(LCD_DATA5) && defined(LCD_DATA6) && defined(LCD_DATA7)) 
....................    /* Write to the data port */ 
....................    output_bit(LCD_DATA4, bit_test(n, 0)); 
....................    output_bit(LCD_DATA5, bit_test(n, 1)); 
....................    output_bit(LCD_DATA6, bit_test(n, 2)); 
....................    output_bit(LCD_DATA7, bit_test(n, 3)); 
....................   #else       
....................    lcdlat.data = n; 
*
0021:  SWAPF  53,W
0022:  ANDLW  F0
0023:  MOVWF  77
0024:  MOVLW  0F
0025:  ANDWF  06,W
0026:  IORWF  77,W
0027:  MOVWF  06
....................   #endif 
....................        
....................    delay_cycles(1); 
0028:  NOP
....................    lcd_output_enable(1); 
0029:  BSF    06.0
....................    delay_us(2); 
002A:  GOTO   02B
....................    lcd_output_enable(0); 
002B:  BCF    06.0
002C:  RETURN
.................... } 
....................  
.................... void lcd_send_byte(unsigned int8 address, unsigned int8 n) 
.................... { 
....................   #if defined(__PCB__) 
....................    set_tris_lcd(LCD_OUTPUT_MAP); 
....................   #else 
....................    lcd_enable_tris(); 
*
0033:  BSF    03.5
0034:  BCF    06.0
....................    lcd_rs_tris(); 
0035:  BCF    06.1
....................    lcd_rw_tris(); 
0036:  BCF    06.2
....................   #endif 
....................  
....................    lcd_output_rs(0); 
0037:  BCF    03.5
0038:  BCF    06.1
....................    while ( bit_test(lcd_read_byte(),7) ) ; 
*
005A:  MOVF   78,W
005B:  MOVWF  52
005C:  BTFSC  52.7
005D:  GOTO   039
....................    lcd_output_rs(address); 
005E:  BTFSS  50.0
005F:  BCF    06.1
0060:  BTFSC  50.0
0061:  BSF    06.1
....................    delay_cycles(1); 
0062:  NOP
....................    lcd_output_rw(0); 
0063:  BCF    06.2
....................    delay_cycles(1); 
0064:  NOP
....................    lcd_output_enable(0); 
0065:  BCF    06.0
....................    lcd_send_nibble(n >> 4); 
0066:  SWAPF  51,W
0067:  MOVWF  52
0068:  MOVLW  0F
0069:  ANDWF  52,F
006A:  MOVF   52,W
006B:  MOVWF  53
006C:  CALL   021
....................    lcd_send_nibble(n & 0xf); 
006D:  MOVF   51,W
006E:  ANDLW  0F
006F:  MOVWF  52
0070:  MOVWF  53
0071:  CALL   021
0072:  RETURN
.................... } 
....................  
.................... #if defined(LCD_EXTENDED_NEWLINE) 
.................... unsigned int8 g_LcdX, g_LcdY; 
.................... #endif 
....................  
.................... void lcd_init(void)  
.................... { 
....................    unsigned int8 i; 
....................  
....................  #if defined(__PCB__) 
....................    set_tris_lcd(LCD_OUTPUT_MAP); 
....................  #else 
....................   #if (defined(LCD_DATA4) && defined(LCD_DATA5) && defined(LCD_DATA6) && defined(LCD_DATA7)) 
....................    output_drive(LCD_DATA4); 
....................    output_drive(LCD_DATA5); 
....................    output_drive(LCD_DATA6); 
....................    output_drive(LCD_DATA7); 
....................   #else 
....................    lcdtris.data = 0x0; 
0073:  MOVLW  0F
0074:  BSF    03.5
0075:  ANDWF  06,W
0076:  MOVWF  06
....................   #endif 
....................    lcd_enable_tris(); 
0077:  BCF    06.0
....................    lcd_rs_tris(); 
0078:  BCF    06.1
....................    lcd_rw_tris(); 
0079:  BCF    06.2
....................  #endif 
....................  
....................    lcd_output_rs(0); 
007A:  BCF    03.5
007B:  BCF    06.1
....................    lcd_output_rw(0); 
007C:  BCF    06.2
....................    lcd_output_enable(0); 
007D:  BCF    06.0
....................      
....................    delay_ms(15); 
007E:  MOVLW  0F
007F:  MOVWF  4C
0080:  CALL   00C
....................    for(i=1;i<=3;++i) 
0081:  MOVLW  01
0082:  MOVWF  4B
0083:  MOVF   4B,W
0084:  SUBLW  03
0085:  BTFSS  03.0
0086:  GOTO   08F
....................    { 
....................        lcd_send_nibble(3); 
0087:  MOVLW  03
0088:  MOVWF  53
0089:  CALL   021
....................        delay_ms(5); 
008A:  MOVLW  05
008B:  MOVWF  4C
008C:  CALL   00C
008D:  INCF   4B,F
008E:  GOTO   083
....................    } 
....................     
....................    lcd_send_nibble(2); 
008F:  MOVLW  02
0090:  MOVWF  53
0091:  CALL   021
....................    delay_ms(5); 
0092:  MOVLW  05
0093:  MOVWF  4C
0094:  CALL   00C
....................    for(i=0;i<=3;++i) 
0095:  CLRF   4B
0096:  MOVF   4B,W
0097:  SUBLW  03
0098:  BTFSS  03.0
0099:  GOTO   0A3
....................       lcd_send_byte(0,LCD_INIT_STRING[i]); 
009A:  MOVF   4B,W
009B:  CALL   004
009C:  MOVWF  4C
009D:  CLRF   50
009E:  MOVF   4C,W
009F:  MOVWF  51
00A0:  CALL   033
....................  
....................   #if defined(LCD_EXTENDED_NEWLINE) 
00A1:  INCF   4B,F
00A2:  GOTO   096
00A3:  GOTO   14D (RETURN)
....................    g_LcdX = 0; 
....................    g_LcdY = 0; 
....................   #endif 
.................... } 
....................  
.................... void lcd_gotoxy(unsigned int8 x, unsigned int8 y) 
.................... { 
....................    unsigned int8 address; 
....................     
....................    if(y!=1) 
*
00CB:  DECFSZ 4D,W
00CC:  GOTO   0CE
00CD:  GOTO   0D1
....................       address=LCD_LINE_TWO; 
00CE:  MOVLW  40
00CF:  MOVWF  4E
00D0:  GOTO   0D2
....................    else 
....................       address=0; 
00D1:  CLRF   4E
....................       
....................    address+=x-1; 
00D2:  MOVLW  01
00D3:  SUBWF  4C,W
00D4:  ADDWF  4E,F
....................    lcd_send_byte(0,0x80|address); 
00D5:  MOVF   4E,W
00D6:  IORLW  80
00D7:  MOVWF  4F
00D8:  CLRF   50
00D9:  MOVF   4F,W
00DA:  MOVWF  51
00DB:  CALL   033
....................  
....................   #if defined(LCD_EXTENDED_NEWLINE) 
00DC:  RETURN
....................    g_LcdX = x - 1; 
....................    g_LcdY = y - 1; 
....................   #endif 
.................... } 
....................  
.................... void lcd_putc(char c) 
.................... { 
....................    switch (c) 
00DD:  MOVF   4B,W
00DE:  XORLW  07
00DF:  BTFSC  03.2
00E0:  GOTO   0EB
00E1:  XORLW  0B
00E2:  BTFSC  03.2
00E3:  GOTO   0F0
00E4:  XORLW  06
00E5:  BTFSC  03.2
00E6:  GOTO   0F8
00E7:  XORLW  02
00E8:  BTFSC  03.2
00E9:  GOTO   0FE
00EA:  GOTO   103
....................    { 
....................       case '\a'   :  lcd_gotoxy(1,1);     break; 
00EB:  MOVLW  01
00EC:  MOVWF  4C
00ED:  MOVWF  4D
00EE:  CALL   0CB
00EF:  GOTO   108
....................  
....................       case '\f'   :  lcd_send_byte(0,1); 
00F0:  CLRF   50
00F1:  MOVLW  01
00F2:  MOVWF  51
00F3:  CALL   033
....................                      delay_ms(2); 
00F4:  MOVLW  02
00F5:  MOVWF  4C
00F6:  CALL   00C
....................                     #if defined(LCD_EXTENDED_NEWLINE) 
....................                      g_LcdX = 0; 
....................                      g_LcdY = 0; 
....................                     #endif 
....................                      break; 
00F7:  GOTO   108
....................  
....................      #if defined(LCD_EXTENDED_NEWLINE) 
....................       case '\r'   :  lcd_gotoxy(1, g_LcdY+1);   break; 
....................       case '\n'   : 
....................          while (g_LcdX++ < LCD_LINE_LENGTH) 
....................          { 
....................             lcd_send_byte(1, ' '); 
....................          } 
....................          lcd_gotoxy(1, g_LcdY+2); 
....................          break; 
....................      #else 
....................       case '\n'   : lcd_gotoxy(1,2);        break; 
00F8:  MOVLW  01
00F9:  MOVWF  4C
00FA:  MOVLW  02
00FB:  MOVWF  4D
00FC:  CALL   0CB
00FD:  GOTO   108
....................      #endif 
....................       
....................       case '\b'   : lcd_send_byte(0,0x10);  break; 
00FE:  CLRF   50
00FF:  MOVLW  10
0100:  MOVWF  51
0101:  CALL   033
0102:  GOTO   108
....................       
....................      #if defined(LCD_EXTENDED_NEWLINE) 
....................       default     :  
....................          if (g_LcdX < LCD_LINE_LENGTH) 
....................          { 
....................             lcd_send_byte(1, c); 
....................             g_LcdX++; 
....................          } 
....................          break; 
....................      #else 
....................       default     : lcd_send_byte(1,c);     break; 
0103:  MOVLW  01
0104:  MOVWF  50
0105:  MOVF   4B,W
0106:  MOVWF  51
0107:  CALL   033
....................      #endif 
....................    } 
0108:  RETURN
.................... } 
....................   
.................... char lcd_getc(unsigned int8 x, unsigned int8 y) 
.................... { 
....................    char value; 
....................  
....................    lcd_gotoxy(x,y); 
....................    while ( bit_test(lcd_read_byte(),7) ); // wait until busy flag is low 
....................    lcd_output_rs(1); 
....................    value = lcd_read_byte(); 
....................    lcd_output_rs(0); 
....................     
....................    return(value); 
.................... } 
....................  
.................... // write a custom character to the ram 
.................... // which is 0-7 and specifies which character array we are modifying. 
.................... // ptr points to an array of 8 bytes, where each byte is the next row of 
.................... //    pixels.  only bits 0-4 are used.  the last row is the cursor row, and 
.................... //    usually you will want to leave this byte 0x00. 
.................... void lcd_set_cgram_char(unsigned int8 which, unsigned int8 *ptr) 
.................... { 
....................    unsigned int i; 
....................  
....................    which <<= 3; 
*
00A4:  RLF    4B,F
00A5:  RLF    4B,F
00A6:  RLF    4B,F
00A7:  MOVLW  F8
00A8:  ANDWF  4B,F
....................    which &= 0x38; 
00A9:  MOVLW  38
00AA:  ANDWF  4B,F
....................  
....................    lcd_send_byte(0, 0x40 | which);  //set cgram address 
00AB:  MOVF   4B,W
00AC:  IORLW  40
00AD:  MOVWF  4F
00AE:  CLRF   50
00AF:  MOVF   4F,W
00B0:  MOVWF  51
00B1:  CALL   033
....................  
....................    for(i=0; i<8; i++) 
00B2:  CLRF   4E
00B3:  MOVF   4E,W
00B4:  SUBLW  07
00B5:  BTFSS  03.0
00B6:  GOTO   0CA
....................    { 
....................       lcd_send_byte(1, *ptr++); 
00B7:  MOVF   4D,W
00B8:  MOVWF  7A
00B9:  MOVF   4C,W
00BA:  INCF   4C,F
00BB:  BTFSC  03.2
00BC:  INCF   4D,F
00BD:  MOVWF  04
00BE:  BCF    03.7
00BF:  BTFSC  7A.0
00C0:  BSF    03.7
00C1:  MOVF   00,W
00C2:  MOVWF  4F
00C3:  MOVLW  01
00C4:  MOVWF  50
00C5:  MOVF   4F,W
00C6:  MOVWF  51
00C7:  CALL   033
....................    } 
....................    
....................    #if defined(LCD_EXTENDED_NEWLINE) 
00C8:  INCF   4E,F
00C9:  GOTO   0B3
00CA:  RETURN
....................     lcd_gotoxy(g_LcdX+1, g_LcdY+1);  //set ddram address 
....................    #endif 
.................... } 
....................  
.................... void lcd_cursor_on(int1 on) 
.................... { 
....................    if (on) 
....................    { 
....................       lcd_send_byte(0,0x0F);           //turn LCD cursor ON 
....................    } 
....................    else 
....................    { 
....................       lcd_send_byte(0,0x0C);           //turn LCD cursor OFF 
....................    } 
.................... } 
....................  
.................... #endif 
....................  
....................  
.................... char battery0[7] = { 
....................    0b01110, 
....................    0b10001, 
....................    0b10001, 
....................    0b10001, 
....................    0b10001, 
....................    0b10001, 
....................    0b11111 
.................... }; 
*
0111:  MOVLW  0E
0112:  MOVWF  20
0113:  MOVLW  11
0114:  MOVWF  21
0115:  MOVWF  22
0116:  MOVWF  23
0117:  MOVWF  24
0118:  MOVWF  25
0119:  MOVLW  1F
011A:  MOVWF  26
....................  
.................... char battery1[7] = { 
....................    0b01110, 
....................    0b10001, 
....................    0b10001, 
....................    0b10001, 
....................    0b10001, 
....................    0b11111, 
....................    0b11111 
.................... }; 
011B:  MOVLW  0E
011C:  MOVWF  27
011D:  MOVLW  11
011E:  MOVWF  28
011F:  MOVWF  29
0120:  MOVWF  2A
0121:  MOVWF  2B
0122:  MOVLW  1F
0123:  MOVWF  2C
0124:  MOVWF  2D
....................  
.................... char battery2[7] = { 
....................    0b01110, 
....................    0b10001, 
....................    0b10001, 
....................    0b10001, 
....................    0b11111, 
....................    0b11111, 
....................    0b11111 
.................... }; 
0125:  MOVLW  0E
0126:  MOVWF  2E
0127:  MOVLW  11
0128:  MOVWF  2F
0129:  MOVWF  30
012A:  MOVWF  31
012B:  MOVLW  1F
012C:  MOVWF  32
012D:  MOVWF  33
012E:  MOVWF  34
....................  
.................... char battery3[7] = { 
....................    0b01110, 
....................    0b10001, 
....................    0b10001, 
....................    0b11111, 
....................    0b11111, 
....................    0b11111, 
....................    0b11111 
.................... }; 
012F:  MOVLW  0E
0130:  MOVWF  35
0131:  MOVLW  11
0132:  MOVWF  36
0133:  MOVWF  37
0134:  MOVLW  1F
0135:  MOVWF  38
0136:  MOVWF  39
0137:  MOVWF  3A
0138:  MOVWF  3B
....................  
.................... char battery4[7] = { 
....................    0b01110, 
....................    0b10001, 
....................    0b11111, 
....................    0b11111, 
....................    0b11111, 
....................    0b11111, 
....................    0b11111 
.................... }; 
0139:  MOVLW  0E
013A:  MOVWF  3C
013B:  MOVLW  11
013C:  MOVWF  3D
013D:  MOVLW  1F
013E:  MOVWF  3E
013F:  MOVWF  3F
0140:  MOVWF  40
0141:  MOVWF  41
0142:  MOVWF  42
....................  
.................... char battery5[7] = { 
....................    0b01110, 
....................    0b11111, 
....................    0b11111, 
....................    0b11111, 
....................    0b11111, 
....................    0b11111, 
....................    0b11111 
.................... }; 
0143:  MOVLW  0E
0144:  MOVWF  43
0145:  MOVLW  1F
0146:  MOVWF  44
0147:  MOVWF  45
0148:  MOVWF  46
0149:  MOVWF  47
014A:  MOVWF  48
014B:  MOVWF  49
....................  
.................... int i; 
....................  
.................... void main() 
*
0109:  BSF    03.5
010A:  BSF    0E.3
010B:  MOVLW  07
010C:  BCF    03.5
010D:  MOVWF  1F
010E:  BCF    03.7
010F:  MOVLW  1F
0110:  ANDWF  03,F
.................... { 
....................  
....................    lcd_init(); 
*
014C:  GOTO   073
....................    lcd_set_cgram_char(0, battery0); 
014D:  CLRF   4B
014E:  CLRF   4D
014F:  MOVLW  20
0150:  MOVWF  4C
0151:  CALL   0A4
....................    lcd_set_cgram_char(1, battery1); 
0152:  MOVLW  01
0153:  MOVWF  4B
0154:  CLRF   4D
0155:  MOVLW  27
0156:  MOVWF  4C
0157:  CALL   0A4
....................    lcd_set_cgram_char(2, battery2); 
0158:  MOVLW  02
0159:  MOVWF  4B
015A:  CLRF   4D
015B:  MOVLW  2E
015C:  MOVWF  4C
015D:  CALL   0A4
....................    lcd_set_cgram_char(3, battery3); 
015E:  MOVLW  03
015F:  MOVWF  4B
0160:  CLRF   4D
0161:  MOVLW  35
0162:  MOVWF  4C
0163:  CALL   0A4
....................    lcd_set_cgram_char(4, battery4); 
0164:  MOVLW  04
0165:  MOVWF  4B
0166:  CLRF   4D
0167:  MOVLW  3C
0168:  MOVWF  4C
0169:  CALL   0A4
....................    lcd_set_cgram_char(5, battery5); 
016A:  MOVLW  05
016B:  MOVWF  4B
016C:  CLRF   4D
016D:  MOVLW  43
016E:  MOVWF  4C
016F:  CALL   0A4
....................  
....................    while(TRUE) 
....................    { 
....................  
....................       // animação de bateria carga e descarga de bateria 
....................       i = 0; 
0170:  CLRF   4A
....................       do 
....................       { 
....................          printf(lcd_putc, "\f%c", i); 
0171:  MOVLW  0C
0172:  MOVWF  4B
0173:  CALL   0DD
0174:  MOVF   4A,W
0175:  MOVWF  4B
0176:  CALL   0DD
....................          delay_ms(300); 
0177:  MOVLW  02
0178:  MOVWF  4B
0179:  MOVLW  96
017A:  MOVWF  4C
017B:  CALL   00C
017C:  DECFSZ 4B,F
017D:  GOTO   179
....................          i++; 
017E:  INCF   4A,F
....................       } while(i < 6); 
017F:  MOVF   4A,W
0180:  SUBLW  05
0181:  BTFSC  03.0
0182:  GOTO   171
....................        
....................       i = 5; 
0183:  MOVLW  05
0184:  MOVWF  4A
....................       do 
....................       { 
....................          printf(lcd_putc, "\f%c", i); 
0185:  MOVLW  0C
0186:  MOVWF  4B
0187:  CALL   0DD
0188:  MOVF   4A,W
0189:  MOVWF  4B
018A:  CALL   0DD
....................          delay_ms(300); 
018B:  MOVLW  02
018C:  MOVWF  4B
018D:  MOVLW  96
018E:  MOVWF  4C
018F:  CALL   00C
0190:  DECFSZ 4B,F
0191:  GOTO   18D
....................          i--; 
0192:  DECF   4A,F
....................       } while(i != 0); 
0193:  MOVF   4A,F
0194:  BTFSS  03.2
0195:  GOTO   185
0196:  GOTO   170
....................            
....................    } 
....................  
.................... } 
0197:  SLEEP

Configuration Fuses:
   Word  1: 3F10   NOWDT PUT INTRC_IO NOMCLR NOBROWNOUT NOLVP NOCPD NOPROTECT
