CCS PCM C Compiler, Version 5.007, 61971               03-jan-23 10:01

               Filename:   C:\Users\ABMS-Telecom\Documents\CCS C Projects\aula005\main.lst

               ROM used:   55 words (1%)
                           Largest free fragment is 2048
               RAM used:   5 (1%) at main() level
                           6 (2%) worst case
               Stack used: 0 locations
               Stack size: 8

*
0000:  MOVLW  00
0001:  MOVWF  0A
0002:  GOTO   019
0003:  NOP
.................... #include <main.h> 
.................... #include <16F88.h> 
.................... //////// Standard Header file for the PIC16F88 device //////////////// 
.................... #device PIC16F88 
....................  
.................... #list 
....................  
.................... #device ADC=16 
....................  
.................... #FUSES NOWDT                 	//No Watch Dog Timer 
.................... #FUSES NOMCLR                	//Master Clear pin used for I/O 
.................... #FUSES NOBROWNOUT            	//No brownout reset 
.................... #FUSES NOLVP                 	//No low voltage prgming, B3(PIC16) or B5(PIC18) used for I/O 
....................  
.................... #use delay(internal=4MHz) 
0004:  MOVLW  21
0005:  MOVWF  04
0006:  BCF    03.7
0007:  MOVF   00,W
0008:  BTFSC  03.2
0009:  GOTO   018
000A:  MOVLW  01
000B:  MOVWF  78
000C:  CLRF   77
000D:  DECFSZ 77,F
000E:  GOTO   00D
000F:  DECFSZ 78,F
0010:  GOTO   00C
0011:  MOVLW  4A
0012:  MOVWF  77
0013:  DECFSZ 77,F
0014:  GOTO   013
0015:  GOTO   016
0016:  DECFSZ 00,F
0017:  GOTO   00A
0018:  RETURN
....................  
....................  
....................  
.................... void main() 
0019:  MOVLW  62
001A:  BSF    03.5
001B:  MOVWF  0F
001C:  MOVF   0F,W
001D:  BCF    1F.4
001E:  BCF    1F.5
001F:  MOVF   1B,W
0020:  ANDLW  80
0021:  MOVWF  1B
0022:  MOVLW  07
0023:  MOVWF  1C
0024:  BCF    03.7
0025:  MOVLW  1F
0026:  ANDWF  03,F
.................... { 
....................    while(TRUE){ 
....................       output_high(pin_b0); 
0027:  BCF    06.0
0028:  BCF    03.5
0029:  BSF    06.0
....................       delay_ms(250); 
002A:  MOVLW  FA
002B:  MOVWF  21
002C:  CALL   004
....................       output_low(pin_b0); 
002D:  BSF    03.5
002E:  BCF    06.0
002F:  BCF    03.5
0030:  BCF    06.0
....................       delay_ms(250); 
0031:  MOVLW  FA
0032:  MOVWF  21
0033:  CALL   004
0034:  BSF    03.5
0035:  GOTO   027
....................    } 
.................... } 
0036:  SLEEP

Configuration Fuses:
   Word  1: 3F10   NOWDT PUT INTRC_IO NOMCLR NOBROWNOUT NOLVP NOCPD NOWRT NODEBUG CCPB0 NOPROTECT
   Word  2: 3FFF   FCMEN IESO
