
ROM used:   524/8192 (6%)
            524/8192 (6%) including unused fragments

            0.4 Average locations per line
            3.8 Average locations per statement

RAM used:   11/368 (3%) at main() level
            24/368 (7%) worst case

Stack used: 0 worst case (0 in main + 0 for interrupts)
Stack size: 8

Lines Stmts  %   Files
----- ----- ---  -----
   35    13   9  main.c
   10     0   0  main.h
  661     0   0  ..\..\..\..\..\Program Files (x86)\PICC\Devices\16F877A.h
  135    40  29  ..\..\..\..\..\Program Files (x86)\PICC\Drivers\KBD.C
  456    84  61  ..\..\..\..\..\Program Files (x86)\PICC\Drivers\lcd.c
----- -----
 1297   137 Total

Page ROM  %  RAM   Vol Diff  Functions:
---- --- --- ---   --- ----  ----------
0     21   4    1             @delay_ms1
0     16   3    0             @const620
0      3   1    0     3  0.0  kbd_init
0    138  26    3  4547 10.1  kbd_getc
 Inline         2             @MUL88
0      8   2    0             @const645
 Inline         3   596  5.9  lcd_read_byte
0      6   1    0    59  4.2  lcd_read_nibble
0     12   2    1   179  3.3  lcd_send_nibble
0     64  12    3   460  4.7  lcd_send_byte
0     51  10    2   667  5.9  lcd_init
0     18   3    4   208  6.3  lcd_gotoxy
0     44   8    1   354  4.7  lcd_putc
0     57  11    1   280  3.5  MAIN
0      5   1    0             @const679
0     77  15    4             @PSTRINGC7_663
 Inline         0             @cinit1

Program metrics:
    Functions               10
    Statements              137
    Comments                240
    Volume (V)              9987
    Difficulty (D)          47.3
    Effort to implement (E) 472516
    Time to implement (T)   7 hours, 18 minutes
    Est Delivered Bugs (B)  2
    Cyclomatic Complexity   21
    Maintainability (MI)    140

 Segment     Used  Free
-----------  ----  ----
00000-00003     4  0  
00004-007FF   520  1524  
00800-00FFF     0  2048  
01000-017FF     0  2048  
01800-01FFF     0  2048  



