MPASM  5.51                       AULA025.ASM   6-2-2023  14:58:48         PAGE  1


LOC  OBJECT CODE     LINE SOURCE TEXT
  VALUE

                      00001                         TITLE "Meu Primeiro Programa em Assember"           ;TÍTULO DO PROGRAMA
                      00002                         LIST P=16F84A                                       ;uC UTILIZADO
                      00003                         #INCLUDE <P16F84A.INC>                              ;BIBLIOTECA
                      00001         LIST
                      00002 
                      00003 ;==========================================================================
                      00004 ;  MPASM PIC16F84A processor include
                      00005 ; 
                      00006 ;  (c) Copyright 1999-2013 Microchip Technology, All rights reserved
                      00007 ;==========================================================================
                      00008 
                      00208         LIST
2007   3FF1           00004                         __CONFIG _XT_OSC & _CP_OFF & _WDT_OFF & _PWRTE_ON   ;FUSE BITS
                      00005                         #DEFINE BANCO_0 BCF STATUS, RP0
                      00006                         #DEFINE BANCO_1 BSF STATUS, RP0
                      00007 
                      00008 ;++++++++++++++++++++++++++++++++++++++++++++++++++++++++++++++++++++++++                       
                      00009                         
0000                  00010                         ORG 0x00               ;VETOR DE INÍCIO
0000   2805           00011                         GOTO INICIO            ;VAI PARA O INÍCIO DO PROGRAMA      
                      00012 
0004                  00013                         ORG 0X04               ;VETOR DE RESET
0004   0009           00014                         RETFIE
                      00015 
                      00016 ;++++++++++++++++++++++++++++++++++++++++++++++++++++++++++++++++++++++++
                      00017 
0005                  00018 INICIO
                      00019                         ;BSF STATUS, RP0
                      00020                         ;BANCO_1
0005   1683           00021                         BANKSEL TRISB
                      00022 
                      00023                         ;MOVLW b'00000000'      ;VALOR 0X00
                      00024                         ;MOVWF TRISB            ;CONFIGURA PORT B COMO SAÍDA
Message[302]: Register in operand not in bank 0.  Ensure that bank bits are correct.
0006   0186           00025                         CLRF TRISB
                      00026 
                      00027                         ;BCF STATUS, RP0
                      00028                         ;BANCO_0
0007   1283           00029                         BANKSEL PORTB
                      00030                 
0008                  00031 DENOVO  
Message[305]: Using default destination of 1 (file).
0008   0986           00032                         COMF PORTB             ;INVERTE PORTB
0009   30F0           00033                         MOVLW b'11110000'      ;VALOR 0XF0
000A   0086           00034                         MOVWF PORTB            ;ATRIBUI VALOR AO PORT B
Message[305]: Using default destination of 1 (file).
000B   0E86           00035                         SWAPF PORTB            ;INVERTE NIBBLES DO PORT B
000C   2808           00036                         GOTO DENOVO            ;LOOP
                      00037 
                      00038                         END
MPASM  5.51                       AULA025.ASM   6-2-2023  14:58:48         PAGE  2
Meu Primeiro Programa em Assember

SYMBOL TABLE
  LABEL                             VALUE 

BANCO_0                           BCF STATUS, RP0
BANCO_1                           BSF STATUS, RP0
C                                 00000000
DC                                00000001
DENOVO                            00000008
EEADR                             00000009
EECON1                            00000088
EECON2                            00000089
EEDATA                            00000008
EEIE                              00000006
EEIF                              00000004
F                                 00000001
FSR                               00000004
GIE                               00000007
INDF                              00000000
INICIO                            00000005
INTCON                            0000000B
INTE                              00000004
INTEDG                            00000006
INTF                              00000001
IRP                               00000007
NOT_PD                            00000003
NOT_RBPU                          00000007
NOT_TO                            00000004
OPTION_REG                        00000081
PCL                               00000002
PCLATH                            0000000A
PORTA                             00000005
PORTB                             00000006
PS0                               00000000
PS1                               00000001
PS2                               00000002
PSA                               00000003
RA0                               00000000
RA1                               00000001
RA2                               00000002
RA3                               00000003
RA4                               00000004
RB0                               00000000
RB1                               00000001
RB2                               00000002
RB3                               00000003
RB4                               00000004
RB5                               00000005
RB6                               00000006
RB7                               00000007
RBIE                              00000003
RBIF                              00000000
RD                                00000000
RP0                               00000005
RP1                               00000006
STATUS                            00000003
T0CS                              00000005
MPASM  5.51                       AULA025.ASM   6-2-2023  14:58:48         PAGE  3
Meu Primeiro Programa em Assember

SYMBOL TABLE
  LABEL                             VALUE 

T0IE                              00000005
T0IF                              00000002
T0SE                              00000004
TMR0                              00000001
TMR0IE                            00000005
TMR0IF                            00000002
TRISA                             00000085
TRISA0                            00000000
TRISA1                            00000001
TRISA2                            00000002
TRISA3                            00000003
TRISA4                            00000004
TRISB                             00000086
TRISB0                            00000000
TRISB1                            00000001
TRISB2                            00000002
TRISB3                            00000003
TRISB4                            00000004
TRISB5                            00000005
TRISB6                            00000006
TRISB7                            00000007
W                                 00000000
WR                                00000001
WREN                              00000002
WRERR                             00000003
Z                                 00000002
_CONFIG                           00002007
_CP_OFF                           00003FFF
_CP_ON                            0000000F
_DEVID1                           00002006
_FOSC_EXTRC                       00003FFF
_FOSC_HS                          00003FFE
_FOSC_LP                          00003FFC
_FOSC_XT                          00003FFD
_HS_OSC                           00003FFE
_IDLOC0                           00002000
_IDLOC1                           00002001
_IDLOC2                           00002002
_IDLOC3                           00002003
_LP_OSC                           00003FFC
_PWRTE_OFF                        00003FFF
_PWRTE_ON                         00003FF7
_RC_OSC                           00003FFF
_WDTE_OFF                         00003FFB
_WDTE_ON                          00003FFF
_WDT_OFF                          00003FFB
_WDT_ON                           00003FFF
_XT_OSC                           00003FFD
__16F84A                          00000001
__DEBUG                           1
MPASM  5.51                       AULA025.ASM   6-2-2023  14:58:48         PAGE  4
Meu Primeiro Programa em Assember

MEMORY USAGE MAP ('X' = Used,  '-' = Unused)


0000 : X---XXXXXXXXX--- ---------------- ---------------- ----------------
2000 : -------X-------- ---------------- ---------------- ----------------

All other memory blocks unused.

Program Memory Words Used:    10
Program Memory Words Free:  1014


Errors   :     0
Warnings :     0 reported,     0 suppressed
Messages :     3 reported,     0 suppressed

