;  LST file generated by mikroListExporter - v.2.0 
; Date/Time: 19/01/2023 21:24:20
;----------------------------------------------

;Address Opcode 	ASM
0x0000	0x281E      	GOTO       30
_interrupt:
0x0004	0x00FF      	MOVWF      R15
0x0005	0x0E03      	SWAPF      STATUS, 0
0x0006	0x0183      	CLRF       STATUS
0x0007	0x00A3      	MOVWF      ___saveSTATUS
0x0008	0x080A      	MOVF       PCLATH, 0
0x0009	0x00A2      	MOVWF      ___savePCLATH
0x000A	0x018A      	CLRF       PCLATH
;aula027.c,64 :: 		void interrupt(){
;aula027.c,66 :: 		if(INTCON.T0IF == 1){ // se houve estouro do Timer 0
0x000B	0x1D0B      	BTFSS      INTCON, 2
0x000C	0x2817      	GOTO       L_interrupt4
;aula027.c,67 :: 		INTCON.T0IF = 0; // limpa a flag de estouro do Timer 0
0x000D	0x110B      	BCF        INTCON, 2
;aula027.c,68 :: 		TMR0 = 0x6C; // reinicia o registrador TMR0
0x000E	0x306C      	MOVLW      108
0x000F	0x0081      	MOVWF      TMR0
;aula027.c,71 :: 		if(!S1){
0x0010	0x1885      	BTFSC      RA1_bit, BitPos(RA1_bit+0)
0x0011	0x2814      	GOTO       L_interrupt5
;aula027.c,72 :: 		L1 = 1;
0x0012	0x1585      	BSF        RA3_bit, BitPos(RA3_bit+0)
;aula027.c,73 :: 		}
0x0013	0x2817      	GOTO       L_interrupt6
L_interrupt5:
;aula027.c,74 :: 		else if(!S2){
0x0014	0x1805      	BTFSC      RA0_bit, BitPos(RA0_bit+0)
0x0015	0x2817      	GOTO       L_interrupt7
;aula027.c,75 :: 		L1 = 0;
0x0016	0x1185      	BCF        RA3_bit, BitPos(RA3_bit+0)
;aula027.c,76 :: 		}
L_interrupt7:
L_interrupt6:
;aula027.c,78 :: 		}
L_interrupt4:
;aula027.c,79 :: 		}
L_end_interrupt:
L__interrupt10:
0x0017	0x0822      	MOVF       ___savePCLATH, 0
0x0018	0x008A      	MOVWF      PCLATH
0x0019	0x0E23      	SWAPF      ___saveSTATUS, 0
0x001A	0x0083      	MOVWF      STATUS
0x001B	0x0EFF      	SWAPF      R15, 1
0x001C	0x0E7F      	SWAPF      R15, 0
0x001D	0x0009      	RETFIE
; end of _interrupt
_main:
;aula027.c,33 :: 		void main() {
;aula027.c,34 :: 		CMCON = 7; // desabilita os comparadores
0x001E	0x3007      	MOVLW      7
0x001F	0x1283      	BCF        STATUS, 5
0x0020	0x1303      	BCF        STATUS, 6
0x0021	0x009F      	MOVWF      CMCON
;aula027.c,36 :: 		OPTION_REG = 0b10000110; //(86h) - Timer 0 incrementa dom ciclo de instrução e prescaler 1:128
0x0022	0x3086      	MOVLW      134
0x0023	0x1683      	BSF        STATUS, 5
0x0024	0x0081      	MOVWF      OPTION_REG
;aula027.c,38 :: 		INTCON.GIE = 1;  // habilita a interrupção global
0x0025	0x178B      	BSF        INTCON, 7
;aula027.c,39 :: 		INTCON.PEIE = 1; // habilita a interrupção por periféricos
0x0026	0x170B      	BSF        INTCON, 6
;aula027.c,40 :: 		INTCON.T0IE = 1; // habilita a interrupção por estouro do Timer 0
0x0027	0x168B      	BSF        INTCON, 5
;aula027.c,42 :: 		TMR0 = 0x6C;
0x0028	0x306C      	MOVLW      108
0x0029	0x1283      	BCF        STATUS, 5
0x002A	0x0081      	MOVWF      TMR0
;aula027.c,45 :: 		TRISA = 0X03; // RA0 e RA1 são entradas digitais
0x002B	0x3003      	MOVLW      3
0x002C	0x1683      	BSF        STATUS, 5
0x002D	0x0085      	MOVWF      TRISA
;aula027.c,46 :: 		PORTA = 0X03; // RA0 e RA1 iniciam em HIGH
0x002E	0x3003      	MOVLW      3
0x002F	0x1283      	BCF        STATUS, 5
0x0030	0x0085      	MOVWF      PORTA
;aula027.c,50 :: 		while(1)
L_main0:
;aula027.c,54 :: 		L2 = 0;
0x0031	0x1105      	BCF        RA2_bit, BitPos(RA2_bit+0)
;aula027.c,55 :: 		delay_ms(500);
0x0032	0x3003      	MOVLW      3
0x0033	0x00FB      	MOVWF      R11
0x0034	0x308A      	MOVLW      138
0x0035	0x00FC      	MOVWF      R12
0x0036	0x3055      	MOVLW      85
0x0037	0x00FD      	MOVWF      R13
L_main2:
0x0038	0x0BFD      	DECFSZ     R13, 1
0x0039	0x2838      	GOTO       L_main2
0x003A	0x0BFC      	DECFSZ     R12, 1
0x003B	0x2838      	GOTO       L_main2
0x003C	0x0BFB      	DECFSZ     R11, 1
0x003D	0x2838      	GOTO       L_main2
0x003E	0x0000      	NOP
0x003F	0x0000      	NOP
;aula027.c,56 :: 		L2 = 1;
0x0040	0x1505      	BSF        RA2_bit, BitPos(RA2_bit+0)
;aula027.c,57 :: 		delay_ms(500);
0x0041	0x3003      	MOVLW      3
0x0042	0x00FB      	MOVWF      R11
0x0043	0x308A      	MOVLW      138
0x0044	0x00FC      	MOVWF      R12
0x0045	0x3055      	MOVLW      85
0x0046	0x00FD      	MOVWF      R13
L_main3:
0x0047	0x0BFD      	DECFSZ     R13, 1
0x0048	0x2847      	GOTO       L_main3
0x0049	0x0BFC      	DECFSZ     R12, 1
0x004A	0x2847      	GOTO       L_main3
0x004B	0x0BFB      	DECFSZ     R11, 1
0x004C	0x2847      	GOTO       L_main3
0x004D	0x0000      	NOP
0x004E	0x0000      	NOP
;aula027.c,59 :: 		}
0x004F	0x2831      	GOTO       L_main0
;aula027.c,61 :: 		}
L_end_main:
0x0050	0x2850      	GOTO       $+0
; end of _main
Symbol List:
//** Routines locations **
//ADDRESS    SIZE    PROCEDURE
//----------------------------------------------
0x0004      [26]    _interrupt
0x001E      [51]    _main
//** Variables locations ** 
//ADDRESS    SIZE    VARIABLE
//----------------------------------------------
0x0000       [1]    INDF
0x0001       [1]    TMR0
0x0003       [1]    STATUS
0x0004       [1]    FSR
0x0005       [0]    RA1_bit
0x0005       [0]    RA0_bit
0x0005       [1]    PORTA
0x0005       [0]    RA3_bit
0x0005       [0]    RA2_bit
0x000A       [1]    PCLATH
0x000B       [1]    INTCON
0x001F       [1]    CMCON
0x0020       [2]    ___DoICPAddr
0x0022       [1]    ___savePCLATH
0x0023       [1]    ___saveSTATUS
0x0070       [1]    R0
0x0071       [1]    R1
0x0072       [1]    R2
0x0073       [1]    R3
0x0074       [1]    R4
0x0075       [1]    R5
0x0076       [1]    R6
0x0077       [1]    R7
0x0078       [1]    R8
0x0079       [1]    R9
0x007A       [1]    R10
0x007B       [1]    R11
0x007C       [1]    R12
0x007D       [1]    R13
0x007E       [1]    R14
0x007F       [1]    R15
0x0081       [1]    OPTION_REG
0x0085       [1]    TRISA
