;  LST file generated by mikroListExporter - v.2.0 
; Date/Time: 08/07/2023 13:57:21
;----------------------------------------------

;Address Opcode 	ASM
0x0000	0x2B14      	GOTO       788
_Delay_1us:
;__Lib_Delays.c,7 :: 		void Delay_1us() {
;__Lib_Delays.c,8 :: 		Delay_us(1);
0x0003	0x0000      	NOP
;__Lib_Delays.c,9 :: 		}
L_end_Delay_1us:
0x0004	0x0008      	RETURN
; end of _Delay_1us
_Delay_5500us:
;__Lib_Delays.c,31 :: 		void Delay_5500us() {
;__Lib_Delays.c,32 :: 		Delay_us(5500);
0x0005	0x3008      	MOVLW      8
0x0006	0x1283      	BCF        STATUS, 5
0x0007	0x1303      	BCF        STATUS, 6
0x0008	0x00FC      	MOVWF      R12
0x0009	0x3023      	MOVLW      35
0x000A	0x00FD      	MOVWF      R13
L_Delay_5500us5:
0x000B	0x0BFD      	DECFSZ     R13, 1
0x000C	0x280B      	GOTO       L_Delay_5500us5
0x000D	0x0BFC      	DECFSZ     R12, 1
0x000E	0x280B      	GOTO       L_Delay_5500us5
;__Lib_Delays.c,33 :: 		}
L_end_Delay_5500us:
0x000F	0x0008      	RETURN
; end of _Delay_5500us
_Delay_50us:
;__Lib_Delays.c,19 :: 		void Delay_50us() {
;__Lib_Delays.c,20 :: 		Delay_us(50);
0x0010	0x3010      	MOVLW      16
0x0011	0x1283      	BCF        STATUS, 5
0x0012	0x1303      	BCF        STATUS, 6
0x0013	0x00FD      	MOVWF      R13
L_Delay_50us2:
0x0014	0x0BFD      	DECFSZ     R13, 1
0x0015	0x2814      	GOTO       L_Delay_50us2
0x0016	0x0000      	NOP
;__Lib_Delays.c,21 :: 		}
L_end_Delay_50us:
0x0017	0x0008      	RETURN
; end of _Delay_50us
_Lcd_Cmd:
;__Lib_Lcd.c,18 :: 		
;__Lib_Lcd.c,20 :: 		
0x0018	0x1283      	BCF        STATUS, 5
0x0019	0x1303      	BCF        STATUS, 6
0x001A	0x1BD6      	BTFSC      FARG_Lcd_Cmd_out_char, 7
0x001B	0x281E      	GOTO       L__Lcd_Cmd21
0x001C	0x1388      	BCF        LCD_D7, BitPos(LCD_D7+0)
0x001D	0x281F      	GOTO       L__Lcd_Cmd22
L__Lcd_Cmd21:
0x001E	0x1788      	BSF        LCD_D7, BitPos(LCD_D7+0)
L__Lcd_Cmd22:
;__Lib_Lcd.c,21 :: 		
0x001F	0x1B56      	BTFSC      FARG_Lcd_Cmd_out_char, 6
0x0020	0x2823      	GOTO       L__Lcd_Cmd23
0x0021	0x1308      	BCF        LCD_D6, BitPos(LCD_D6+0)
0x0022	0x2824      	GOTO       L__Lcd_Cmd24
L__Lcd_Cmd23:
0x0023	0x1708      	BSF        LCD_D6, BitPos(LCD_D6+0)
L__Lcd_Cmd24:
;__Lib_Lcd.c,22 :: 		
0x0024	0x1AD6      	BTFSC      FARG_Lcd_Cmd_out_char, 5
0x0025	0x2828      	GOTO       L__Lcd_Cmd25
0x0026	0x1288      	BCF        LCD_D5, BitPos(LCD_D5+0)
0x0027	0x2829      	GOTO       L__Lcd_Cmd26
L__Lcd_Cmd25:
0x0028	0x1688      	BSF        LCD_D5, BitPos(LCD_D5+0)
L__Lcd_Cmd26:
;__Lib_Lcd.c,23 :: 		
0x0029	0x1A56      	BTFSC      FARG_Lcd_Cmd_out_char, 4
0x002A	0x282D      	GOTO       L__Lcd_Cmd27
0x002B	0x1208      	BCF        LCD_D4, BitPos(LCD_D4+0)
0x002C	0x282E      	GOTO       L__Lcd_Cmd28
L__Lcd_Cmd27:
0x002D	0x1608      	BSF        LCD_D4, BitPos(LCD_D4+0)
L__Lcd_Cmd28:
;__Lib_Lcd.c,25 :: 		
0x002E	0x183B      	BTFSC      __Lib_Lcd_cmd_status, BitPos(__Lib_Lcd_cmd_status+0)
0x002F	0x2832      	GOTO       L__Lcd_Cmd29
0x0030	0x1485      	BSF        LCD_RS, BitPos(LCD_RS+0)
0x0031	0x2833      	GOTO       L__Lcd_Cmd30
L__Lcd_Cmd29:
0x0032	0x1085      	BCF        LCD_RS, BitPos(LCD_RS+0)
L__Lcd_Cmd30:
;__Lib_Lcd.c,28 :: 		
0x0033	0x1585      	BSF        LCD_EN, BitPos(LCD_EN+0)
;__Lib_Lcd.c,29 :: 		
0x0034	0x2003      	CALL       _Delay_1us
;__Lib_Lcd.c,30 :: 		
0x0035	0x1185      	BCF        LCD_EN, BitPos(LCD_EN+0)
;__Lib_Lcd.c,33 :: 		
0x0036	0x19D6      	BTFSC      FARG_Lcd_Cmd_out_char, 3
0x0037	0x283A      	GOTO       L__Lcd_Cmd31
0x0038	0x1388      	BCF        LCD_D7, BitPos(LCD_D7+0)
0x0039	0x283B      	GOTO       L__Lcd_Cmd32
L__Lcd_Cmd31:
0x003A	0x1788      	BSF        LCD_D7, BitPos(LCD_D7+0)
L__Lcd_Cmd32:
;__Lib_Lcd.c,34 :: 		
0x003B	0x1956      	BTFSC      FARG_Lcd_Cmd_out_char, 2
0x003C	0x283F      	GOTO       L__Lcd_Cmd33
0x003D	0x1308      	BCF        LCD_D6, BitPos(LCD_D6+0)
0x003E	0x2840      	GOTO       L__Lcd_Cmd34
L__Lcd_Cmd33:
0x003F	0x1708      	BSF        LCD_D6, BitPos(LCD_D6+0)
L__Lcd_Cmd34:
;__Lib_Lcd.c,35 :: 		
0x0040	0x18D6      	BTFSC      FARG_Lcd_Cmd_out_char, 1
0x0041	0x2844      	GOTO       L__Lcd_Cmd35
0x0042	0x1288      	BCF        LCD_D5, BitPos(LCD_D5+0)
0x0043	0x2845      	GOTO       L__Lcd_Cmd36
L__Lcd_Cmd35:
0x0044	0x1688      	BSF        LCD_D5, BitPos(LCD_D5+0)
L__Lcd_Cmd36:
;__Lib_Lcd.c,36 :: 		
0x0045	0x1856      	BTFSC      FARG_Lcd_Cmd_out_char, 0
0x0046	0x2849      	GOTO       L__Lcd_Cmd37
0x0047	0x1208      	BCF        LCD_D4, BitPos(LCD_D4+0)
0x0048	0x284A      	GOTO       L__Lcd_Cmd38
L__Lcd_Cmd37:
0x0049	0x1608      	BSF        LCD_D4, BitPos(LCD_D4+0)
L__Lcd_Cmd38:
;__Lib_Lcd.c,38 :: 		
0x004A	0x183B      	BTFSC      __Lib_Lcd_cmd_status, BitPos(__Lib_Lcd_cmd_status+0)
0x004B	0x284E      	GOTO       L__Lcd_Cmd39
0x004C	0x1485      	BSF        LCD_RS, BitPos(LCD_RS+0)
0x004D	0x284F      	GOTO       L__Lcd_Cmd40
L__Lcd_Cmd39:
0x004E	0x1085      	BCF        LCD_RS, BitPos(LCD_RS+0)
L__Lcd_Cmd40:
;__Lib_Lcd.c,40 :: 		
0x004F	0x1585      	BSF        LCD_EN, BitPos(LCD_EN+0)
;__Lib_Lcd.c,41 :: 		
0x0050	0x2003      	CALL       _Delay_1us
;__Lib_Lcd.c,42 :: 		
0x0051	0x1185      	BCF        LCD_EN, BitPos(LCD_EN+0)
;__Lib_Lcd.c,44 :: 		
0x0052	0x1C3B      	BTFSS      __Lib_Lcd_cmd_status, BitPos(__Lib_Lcd_cmd_status+0)
0x0053	0x2856      	GOTO       L_Lcd_Cmd0
;__Lib_Lcd.c,45 :: 		
0x0054	0x2005      	CALL       _Delay_5500us
0x0055	0x2857      	GOTO       L_Lcd_Cmd1
L_Lcd_Cmd0:
;__Lib_Lcd.c,47 :: 		
0x0056	0x2010      	CALL       _Delay_50us
L_Lcd_Cmd1:
;__Lib_Lcd.c,48 :: 		
L_end_Lcd_Cmd:
0x0057	0x0008      	RETURN
; end of _Lcd_Cmd
_Delay_22us:
;__Lib_Delays.c,15 :: 		void Delay_22us() {
;__Lib_Delays.c,16 :: 		Delay_us(22);
0x0058	0x3007      	MOVLW      7
0x0059	0x1283      	BCF        STATUS, 5
0x005A	0x1303      	BCF        STATUS, 6
0x005B	0x00FD      	MOVWF      R13
L_Delay_22us1:
0x005C	0x0BFD      	DECFSZ     R13, 1
0x005D	0x285C      	GOTO       L_Delay_22us1
;__Lib_Delays.c,17 :: 		}
L_end_Delay_22us:
0x005E	0x0008      	RETURN
; end of _Delay_22us
_____DoICP:
;__Lib_System.c,6 :: 		
;__Lib_System.c,9 :: 		
0x005F	0x1283      	BCF        STATUS, 5
0x0060	0x1303      	BCF        STATUS, 6
0x0061	0x0836      	MOVF       ___DoICPAddr+1, 0
0x0062	0x008A      	MOVWF      PCLATH
;__Lib_System.c,10 :: 		
0x0063	0x0835      	MOVF       ___DoICPAddr, 0
0x0064	0x0082      	MOVWF      PCL
;__Lib_System.c,12 :: 		
L_end_____DoICP:
0x0065	0x0008      	RETURN
; end of _____DoICP
_Lcd_Chr_CP:
;__Lib_Lcd.c,50 :: 		
;__Lib_Lcd.c,52 :: 		
0x0066	0x1283      	BCF        STATUS, 5
0x0067	0x1303      	BCF        STATUS, 6
0x0068	0x103B      	BCF        __Lib_Lcd_cmd_status, BitPos(__Lib_Lcd_cmd_status+0)
;__Lib_Lcd.c,53 :: 		
0x0069	0x0855      	MOVF       FARG_Lcd_Chr_CP_out_char, 0
0x006A	0x00D6      	MOVWF      FARG_Lcd_Cmd_out_char
0x006B	0x2018      	CALL       _Lcd_Cmd
;__Lib_Lcd.c,54 :: 		
0x006C	0x143B      	BSF        __Lib_Lcd_cmd_status, BitPos(__Lib_Lcd_cmd_status+0)
;__Lib_Lcd.c,55 :: 		
L_end_Lcd_Chr_CP:
0x006D	0x0008      	RETURN
; end of _Lcd_Chr_CP
_ADC_Read:
;__Lib_ADC_A_C.c,68 :: 		
;__Lib_ADC_A_C.c,70 :: 		
0x006E	0x1283      	BCF        STATUS, 5
0x006F	0x1303      	BCF        STATUS, 6
0x0070	0x019F      	CLRF       ADCON0
;__Lib_ADC_A_C.c,71 :: 		
0x0071	0x30C0      	MOVLW      192
0x0072	0x049F      	IORWF      ADCON0, 1
;__Lib_ADC_A_C.c,72 :: 		
0x0073	0x0921      	COMF       _vref_mask, 0
0x0074	0x00F0      	MOVWF      R0
0x0075	0x0870      	MOVF       R0, 0
0x0076	0x1683      	BSF        STATUS, 5
0x0077	0x059F      	ANDWF      ADCON1, 1
;__Lib_ADC_A_C.c,73 :: 		
0x0078	0x171F      	BSF        ADCON1, 6
;__Lib_ADC_A_C.c,74 :: 		
0x0079	0x179F      	BSF        ADCON1, 7
;__Lib_ADC_A_C.c,75 :: 		
0x007A	0x1283      	BCF        STATUS, 5
0x007B	0x0851      	MOVF       FARG_ADC_Read_channel, 0
0x007C	0x00F0      	MOVWF      R0
0x007D	0x0DF0      	RLF        R0, 1
0x007E	0x1070      	BCF        R0, 0
0x007F	0x0DF0      	RLF        R0, 1
0x0080	0x1070      	BCF        R0, 0
0x0081	0x0DF0      	RLF        R0, 1
0x0082	0x1070      	BCF        R0, 0
0x0083	0x0870      	MOVF       R0, 0
0x0084	0x049F      	IORWF      ADCON0, 1
;__Lib_ADC_A_C.c,78 :: 		
0x0085	0x141F      	BSF        ADCON0, 0
;__Lib_ADC_A_C.c,81 :: 		
0x0086	0x2058      	CALL       _Delay_22us
;__Lib_ADC_A_C.c,84 :: 		
0x0087	0x151F      	BSF        ADCON0, 2
;__Lib_ADC_A_C.c,87 :: 		
L_ADC_Read2:
0x0088	0x1D1F      	BTFSS      ADCON0, 2
0x0089	0x288C      	GOTO       L_ADC_Read3
;__Lib_ADC_A_C.c,88 :: 		
0x008A	0x0000      	NOP
0x008B	0x2888      	GOTO       L_ADC_Read2
L_ADC_Read3:
;__Lib_ADC_A_C.c,91 :: 		
0x008C	0x101F      	BCF        ADCON0, 0
;__Lib_ADC_A_C.c,94 :: 		
0x008D	0x081E      	MOVF       ADRESH, 0
0x008E	0x00F1      	MOVWF      R0+1
0x008F	0x01F0      	CLRF       R0
0x0090	0x1683      	BSF        STATUS, 5
0x0091	0x081E      	MOVF       ADRESL, 0
0x0092	0x04F0      	IORWF      R0, 1
0x0093	0x3000      	MOVLW      0
0x0094	0x04F1      	IORWF      R0+1, 1
;__Lib_ADC_A_C.c,95 :: 		
L_end_ADC_Read:
0x0095	0x0008      	RETURN
; end of _ADC_Read
_Mul_32x32_U:
;__Lib_Math.c,1775 :: 		
;__Lib_Math.c,1790 :: 		
0x0096	0x1283      	BCF        STATUS, 5
;__Lib_Math.c,1791 :: 		
0x0097	0x1303      	BCF        STATUS, 6
;__Lib_Math.c,1792 :: 		
0x0098	0x3022      	MOVLW      34
;__Lib_Math.c,1793 :: 		
0x0099	0x00FC      	MOVWF      R12
;__Lib_Math.c,1794 :: 		
0x009A	0x01F8      	CLRF       R8
;__Lib_Math.c,1795 :: 		
0x009B	0x01F9      	CLRF       R9
;__Lib_Math.c,1796 :: 		
0x009C	0x01FA      	CLRF       R10
;__Lib_Math.c,1797 :: 		
0x009D	0x01FB      	CLRF       R11
;__Lib_Math.c,1799 :: 		
_NEXT:
;__Lib_Math.c,1803 :: 		
0x009E	0x03FC      	DECF       R12, 1
;__Lib_Math.c,1804 :: 		
0x009F	0x1903      	BTFSC      STATUS, 2
;__Lib_Math.c,1805 :: 		
0x00A0	0x28CC      	GOTO       _EXIT2
;__Lib_Math.c,1806 :: 		
0x00A1	0x1003      	BCF        STATUS, 0
;__Lib_Math.c,1808 :: 		
_LOOP:
;__Lib_Math.c,1817 :: 		
0x00A2	0x0CFB      	RRF        R11, 1
;__Lib_Math.c,1818 :: 		
0x00A3	0x0CFA      	RRF        R10, 1
;__Lib_Math.c,1819 :: 		
0x00A4	0x0CF9      	RRF        R9, 1
;__Lib_Math.c,1820 :: 		
0x00A5	0x0CF8      	RRF        R8, 1
;__Lib_Math.c,1821 :: 		
0x00A6	0x0CF3      	RRF        R3, 1
;__Lib_Math.c,1822 :: 		
0x00A7	0x0CF2      	RRF        R2, 1
;__Lib_Math.c,1823 :: 		
0x00A8	0x0CF1      	RRF        R1, 1
;__Lib_Math.c,1824 :: 		
0x00A9	0x0CF0      	RRF        R0, 1
;__Lib_Math.c,1829 :: 		
0x00AA	0x1C03      	BTFSS      STATUS, 0
;__Lib_Math.c,1830 :: 		
0x00AB	0x289E      	GOTO       _NEXT
;__Lib_Math.c,1831 :: 		
0x00AC	0x03FC      	DECF       R12, 1
;__Lib_Math.c,1832 :: 		
0x00AD	0x1903      	BTFSC      STATUS, 2
;__Lib_Math.c,1833 :: 		
0x00AE	0x28BE      	GOTO       _EXIT1
;__Lib_Math.c,1840 :: 		
0x00AF	0x0874      	MOVF       R4, 0
;__Lib_Math.c,1841 :: 		
0x00B0	0x07F8      	ADDWF      R8, 1
;__Lib_Math.c,1842 :: 		
0x00B1	0x0875      	MOVF       R5, 0
;__Lib_Math.c,1843 :: 		
0x00B2	0x1803      	BTFSC      STATUS, 0
;__Lib_Math.c,1844 :: 		
0x00B3	0x0F75      	INCFSZ     R5, 0
;__Lib_Math.c,1845 :: 		
0x00B4	0x07F9      	ADDWF      R9, 1
;__Lib_Math.c,1846 :: 		
0x00B5	0x0876      	MOVF       R6, 0
;__Lib_Math.c,1847 :: 		
0x00B6	0x1803      	BTFSC      STATUS, 0
;__Lib_Math.c,1848 :: 		
0x00B7	0x0F76      	INCFSZ     R6, 0
;__Lib_Math.c,1849 :: 		
0x00B8	0x07FA      	ADDWF      R10, 1
;__Lib_Math.c,1850 :: 		
0x00B9	0x0877      	MOVF       R7, 0
;__Lib_Math.c,1851 :: 		
0x00BA	0x1803      	BTFSC      STATUS, 0
;__Lib_Math.c,1852 :: 		
0x00BB	0x0F77      	INCFSZ     R7, 0
;__Lib_Math.c,1853 :: 		
0x00BC	0x07FB      	ADDWF      R11, 1
;__Lib_Math.c,1855 :: 		
0x00BD	0x28A2      	GOTO       _LOOP
;__Lib_Math.c,1857 :: 		
_EXIT1:
;__Lib_Math.c,1862 :: 		
0x00BE	0x0874      	MOVF       R4, 0
;__Lib_Math.c,1863 :: 		
0x00BF	0x07F8      	ADDWF      R8, 1
;__Lib_Math.c,1864 :: 		
0x00C0	0x0875      	MOVF       R5, 0
;__Lib_Math.c,1865 :: 		
0x00C1	0x1803      	BTFSC      STATUS, 0
;__Lib_Math.c,1866 :: 		
0x00C2	0x0F75      	INCFSZ     R5, 0
;__Lib_Math.c,1867 :: 		
0x00C3	0x07F9      	ADDWF      R9, 1
;__Lib_Math.c,1868 :: 		
0x00C4	0x0876      	MOVF       R6, 0
;__Lib_Math.c,1869 :: 		
0x00C5	0x1803      	BTFSC      STATUS, 0
;__Lib_Math.c,1870 :: 		
0x00C6	0x0F76      	INCFSZ     R6, 0
;__Lib_Math.c,1871 :: 		
0x00C7	0x07FA      	ADDWF      R10, 1
;__Lib_Math.c,1872 :: 		
0x00C8	0x0877      	MOVF       R7, 0
;__Lib_Math.c,1873 :: 		
0x00C9	0x1803      	BTFSC      STATUS, 0
;__Lib_Math.c,1874 :: 		
0x00CA	0x0F77      	INCFSZ     R7, 0
;__Lib_Math.c,1875 :: 		
0x00CB	0x07FB      	ADDWF      R11, 1
;__Lib_Math.c,1878 :: 		
_EXIT2:
;__Lib_Math.c,1880 :: 		
L_end_Mul_32x32_U:
0x00CC	0x0008      	RETURN
; end of _Mul_32x32_U
_Lcd_Chr:
;__Lib_Lcd.c,65 :: 		
;__Lib_Lcd.c,66 :: 		
0x00CD	0x28DF      	GOTO       L_Lcd_Chr4
;__Lib_Lcd.c,67 :: 		
L_Lcd_Chr6:
0x00CE	0x3080      	MOVLW      128
0x00CF	0x1283      	BCF        STATUS, 5
0x00D0	0x1303      	BCF        STATUS, 6
0x00D1	0x00D1      	MOVWF      FARG_Lcd_Chr_row
0x00D2	0x28F2      	GOTO       L_Lcd_Chr5
;__Lib_Lcd.c,68 :: 		
L_Lcd_Chr7:
0x00D3	0x30C0      	MOVLW      192
0x00D4	0x00D1      	MOVWF      FARG_Lcd_Chr_row
0x00D5	0x28F2      	GOTO       L_Lcd_Chr5
;__Lib_Lcd.c,69 :: 		
L_Lcd_Chr8:
0x00D6	0x3094      	MOVLW      148
0x00D7	0x00D1      	MOVWF      FARG_Lcd_Chr_row
0x00D8	0x28F2      	GOTO       L_Lcd_Chr5
;__Lib_Lcd.c,70 :: 		
L_Lcd_Chr9:
0x00D9	0x30D4      	MOVLW      212
0x00DA	0x00D1      	MOVWF      FARG_Lcd_Chr_row
0x00DB	0x28F2      	GOTO       L_Lcd_Chr5
;__Lib_Lcd.c,71 :: 		
L_Lcd_Chr10:
0x00DC	0x3080      	MOVLW      128
0x00DD	0x00D1      	MOVWF      FARG_Lcd_Chr_row
;__Lib_Lcd.c,72 :: 		
0x00DE	0x28F2      	GOTO       L_Lcd_Chr5
L_Lcd_Chr4:
0x00DF	0x1283      	BCF        STATUS, 5
0x00E0	0x1303      	BCF        STATUS, 6
0x00E1	0x0851      	MOVF       FARG_Lcd_Chr_row, 0
0x00E2	0x3A01      	XORLW      1
0x00E3	0x1903      	BTFSC      STATUS, 2
0x00E4	0x28CE      	GOTO       L_Lcd_Chr6
0x00E5	0x0851      	MOVF       FARG_Lcd_Chr_row, 0
0x00E6	0x3A02      	XORLW      2
0x00E7	0x1903      	BTFSC      STATUS, 2
0x00E8	0x28D3      	GOTO       L_Lcd_Chr7
0x00E9	0x0851      	MOVF       FARG_Lcd_Chr_row, 0
0x00EA	0x3A03      	XORLW      3
0x00EB	0x1903      	BTFSC      STATUS, 2
0x00EC	0x28D6      	GOTO       L_Lcd_Chr8
0x00ED	0x0851      	MOVF       FARG_Lcd_Chr_row, 0
0x00EE	0x3A04      	XORLW      4
0x00EF	0x1903      	BTFSC      STATUS, 2
0x00F0	0x28D9      	GOTO       L_Lcd_Chr9
0x00F1	0x28DC      	GOTO       L_Lcd_Chr10
L_Lcd_Chr5:
;__Lib_Lcd.c,74 :: 		
0x00F2	0x0352      	DECF       FARG_Lcd_Chr_column, 0
0x00F3	0x00F0      	MOVWF      R0
0x00F4	0x0851      	MOVF       FARG_Lcd_Chr_row, 0
0x00F5	0x07F0      	ADDWF      R0, 1
0x00F6	0x0870      	MOVF       R0, 0
0x00F7	0x00D1      	MOVWF      FARG_Lcd_Chr_row
;__Lib_Lcd.c,76 :: 		
0x00F8	0x143B      	BSF        __Lib_Lcd_cmd_status, BitPos(__Lib_Lcd_cmd_status+0)
;__Lib_Lcd.c,77 :: 		
0x00F9	0x0870      	MOVF       R0, 0
0x00FA	0x00D6      	MOVWF      FARG_Lcd_Cmd_out_char
0x00FB	0x2018      	CALL       _Lcd_Cmd
;__Lib_Lcd.c,79 :: 		
0x00FC	0x103B      	BCF        __Lib_Lcd_cmd_status, BitPos(__Lib_Lcd_cmd_status+0)
;__Lib_Lcd.c,80 :: 		
0x00FD	0x0853      	MOVF       FARG_Lcd_Chr_out_char, 0
0x00FE	0x00D6      	MOVWF      FARG_Lcd_Cmd_out_char
0x00FF	0x2018      	CALL       _Lcd_Cmd
;__Lib_Lcd.c,81 :: 		
0x0100	0x143B      	BSF        __Lib_Lcd_cmd_status, BitPos(__Lib_Lcd_cmd_status+0)
;__Lib_Lcd.c,82 :: 		
L_end_Lcd_Chr:
0x0101	0x0008      	RETURN
; end of _Lcd_Chr
___CC2DW:
;__Lib_System.c,134 :: 		
;__Lib_System.c,137 :: 		
_CC2D_Loop1:
;__Lib_System.c,139 :: 		
0x0102	0x205F      	CALL       _____DoICP
0x0103	0x118A      	BCF        PCLATH, 3
0x0104	0x120A      	BCF        PCLATH, 4
;__Lib_System.c,141 :: 		
0x0105	0x0080      	MOVWF      INDF
;__Lib_System.c,142 :: 		
0x0106	0x0A84      	INCF       FSR, 1
;__Lib_System.c,143 :: 		
0x0107	0x0AB5      	INCF       ___DoICPAddr, 1
;__Lib_System.c,145 :: 		
0x0108	0x1903      	BTFSC      STATUS, 2
;__Lib_System.c,146 :: 		
0x0109	0x0AB6      	INCF       ___DoICPAddr+1, 1
;__Lib_System.c,147 :: 		
0x010A	0x03F0      	DECF       R0, 1
;__Lib_System.c,149 :: 		
0x010B	0x1D03      	BTFSS      STATUS, 2
;__Lib_System.c,150 :: 		
0x010C	0x2902      	GOTO       _CC2D_Loop1
;__Lib_System.c,152 :: 		
L_end___CC2DW:
0x010D	0x0008      	RETURN
; end of ___CC2DW
_Div_32x32_U:
;__Lib_Math.c,1318 :: 		
;__Lib_Math.c,1327 :: 		
;__Lib_Math.c,1329 :: 		
0x010E	0x1283      	BCF        STATUS, 5
;__Lib_Math.c,1330 :: 		
0x010F	0x1303      	BCF        STATUS, 6
;__Lib_Math.c,1331 :: 		
0x0110	0x01FB      	CLRF       R11
;__Lib_Math.c,1332 :: 		
0x0111	0x01FA      	CLRF       R10
;__Lib_Math.c,1333 :: 		
0x0112	0x01F9      	CLRF       R9
;__Lib_Math.c,1334 :: 		
0x0113	0x01F8      	CLRF       R8
;__Lib_Math.c,1336 :: 		
0x0114	0x01A0      	CLRF       ___math_tempb
;__Lib_Math.c,1338 :: 		
0x0115	0x0D73      	RLF        R3, 0
;__Lib_Math.c,1339 :: 		
0x0116	0x0DF8      	RLF        R8, 1
;__Lib_Math.c,1340 :: 		
0x0117	0x0874      	MOVF       R4, 0
;__Lib_Math.c,1341 :: 		
0x0118	0x02F8      	SUBWF      R8, 1
;__Lib_Math.c,1342 :: 		
0x0119	0x0875      	MOVF       R5, 0
;__Lib_Math.c,1343 :: 		
0x011A	0x1C03      	BTFSS      STATUS, 0
;__Lib_Math.c,1344 :: 		
0x011B	0x0F75      	INCFSZ     R5, 0
;__Lib_Math.c,1345 :: 		
0x011C	0x02F9      	SUBWF      R9, 1
;__Lib_Math.c,1346 :: 		
0x011D	0x0876      	MOVF       R6, 0
;__Lib_Math.c,1347 :: 		
0x011E	0x1C03      	BTFSS      STATUS, 0
;__Lib_Math.c,1348 :: 		
0x011F	0x0F76      	INCFSZ     R6, 0
;__Lib_Math.c,1349 :: 		
0x0120	0x02FA      	SUBWF      R10, 1
;__Lib_Math.c,1350 :: 		
0x0121	0x0877      	MOVF       R7, 0
;__Lib_Math.c,1351 :: 		
0x0122	0x1C03      	BTFSS      STATUS, 0
;__Lib_Math.c,1352 :: 		
0x0123	0x0F77      	INCFSZ     R7, 0
;__Lib_Math.c,1353 :: 		
0x0124	0x02FB      	SUBWF      R11, 1
;__Lib_Math.c,1355 :: 		
0x0125	0x0100      	CLRW
;__Lib_Math.c,1356 :: 		
0x0126	0x1C03      	BTFSS      STATUS, 0
;__Lib_Math.c,1357 :: 		
0x0127	0x3001      	MOVLW      1
;__Lib_Math.c,1358 :: 		
0x0128	0x02A0      	SUBWF      ___math_tempb, 1
;__Lib_Math.c,1359 :: 		
0x0129	0x0DF3      	RLF        R3, 1
;__Lib_Math.c,1361 :: 		
0x012A	0x3007      	MOVLW      7
;__Lib_Math.c,1362 :: 		
0x012B	0x00FC      	MOVWF      R12
;__Lib_Math.c,1364 :: 		
LOOPU3232A:
;__Lib_Math.c,1365 :: 		
0x012C	0x0D73      	RLF        R3, 0
;__Lib_Math.c,1366 :: 		
0x012D	0x0DF8      	RLF        R8, 1
;__Lib_Math.c,1367 :: 		
0x012E	0x0DF9      	RLF        R9, 1
;__Lib_Math.c,1368 :: 		
0x012F	0x0DFA      	RLF        R10, 1
;__Lib_Math.c,1369 :: 		
0x0130	0x0DFB      	RLF        R11, 1
;__Lib_Math.c,1370 :: 		
0x0131	0x0DA0      	RLF        ___math_tempb, 1
;__Lib_Math.c,1371 :: 		
0x0132	0x0874      	MOVF       R4, 0
;__Lib_Math.c,1372 :: 		
0x0133	0x1C73      	BTFSS      R3, 0
;__Lib_Math.c,1373 :: 		
0x0134	0x2947      	GOTO       UADD22LA
;__Lib_Math.c,1375 :: 		
0x0135	0x02F8      	SUBWF      R8, 1
;__Lib_Math.c,1376 :: 		
0x0136	0x0875      	MOVF       R5, 0
;__Lib_Math.c,1377 :: 		
0x0137	0x1C03      	BTFSS      STATUS, 0
;__Lib_Math.c,1378 :: 		
0x0138	0x0F75      	INCFSZ     R5, 0
;__Lib_Math.c,1379 :: 		
0x0139	0x02F9      	SUBWF      R9, 1
;__Lib_Math.c,1380 :: 		
0x013A	0x0876      	MOVF       R6, 0
;__Lib_Math.c,1381 :: 		
0x013B	0x1C03      	BTFSS      STATUS, 0
;__Lib_Math.c,1382 :: 		
0x013C	0x0F76      	INCFSZ     R6, 0
;__Lib_Math.c,1383 :: 		
0x013D	0x02FA      	SUBWF      R10, 1
;__Lib_Math.c,1384 :: 		
0x013E	0x0877      	MOVF       R7, 0
;__Lib_Math.c,1385 :: 		
0x013F	0x1C03      	BTFSS      STATUS, 0
;__Lib_Math.c,1386 :: 		
0x0140	0x0F77      	INCFSZ     R7, 0
;__Lib_Math.c,1387 :: 		
0x0141	0x02FB      	SUBWF      R11, 1
;__Lib_Math.c,1388 :: 		
0x0142	0x0100      	CLRW
;__Lib_Math.c,1389 :: 		
0x0143	0x1C03      	BTFSS      STATUS, 0
;__Lib_Math.c,1390 :: 		
0x0144	0x3001      	MOVLW      1
;__Lib_Math.c,1391 :: 		
0x0145	0x02A0      	SUBWF      ___math_tempb, 1
;__Lib_Math.c,1392 :: 		
0x0146	0x2958      	GOTO       UOK22LA
;__Lib_Math.c,1394 :: 		
UADD22LA:
;__Lib_Math.c,1395 :: 		
0x0147	0x07F8      	ADDWF      R8, 1
;__Lib_Math.c,1396 :: 		
0x0148	0x0875      	MOVF       R5, 0
;__Lib_Math.c,1397 :: 		
0x0149	0x1803      	BTFSC      STATUS, 0
;__Lib_Math.c,1398 :: 		
0x014A	0x0F75      	INCFSZ     R5, 0
;__Lib_Math.c,1399 :: 		
0x014B	0x07F9      	ADDWF      R9, 1
;__Lib_Math.c,1400 :: 		
0x014C	0x0876      	MOVF       R6, 0
;__Lib_Math.c,1401 :: 		
0x014D	0x1803      	BTFSC      STATUS, 0
;__Lib_Math.c,1402 :: 		
0x014E	0x0F76      	INCFSZ     R6, 0
;__Lib_Math.c,1403 :: 		
0x014F	0x07FA      	ADDWF      R10, 1
;__Lib_Math.c,1404 :: 		
0x0150	0x0877      	MOVF       R7, 0
;__Lib_Math.c,1405 :: 		
0x0151	0x1803      	BTFSC      STATUS, 0
;__Lib_Math.c,1406 :: 		
0x0152	0x0F77      	INCFSZ     R7, 0
;__Lib_Math.c,1407 :: 		
0x0153	0x07FB      	ADDWF      R11, 1
;__Lib_Math.c,1408 :: 		
0x0154	0x0100      	CLRW
;__Lib_Math.c,1409 :: 		
0x0155	0x1803      	BTFSC      STATUS, 0
;__Lib_Math.c,1410 :: 		
0x0156	0x3001      	MOVLW      1
;__Lib_Math.c,1411 :: 		
0x0157	0x07A0      	ADDWF      ___math_tempb, 1
;__Lib_Math.c,1413 :: 		
UOK22LA:
;__Lib_Math.c,1414 :: 		
0x0158	0x0DF3      	RLF        R3, 1
;__Lib_Math.c,1416 :: 		
0x0159	0x0BFC      	DECFSZ     R12, 1
;__Lib_Math.c,1417 :: 		
0x015A	0x292C      	GOTO       LOOPU3232A
;__Lib_Math.c,1419 :: 		
0x015B	0x0D72      	RLF        R2, 0
;__Lib_Math.c,1420 :: 		
0x015C	0x0DF8      	RLF        R8, 1
;__Lib_Math.c,1421 :: 		
0x015D	0x0DF9      	RLF        R9, 1
;__Lib_Math.c,1422 :: 		
0x015E	0x0DFA      	RLF        R10, 1
;__Lib_Math.c,1423 :: 		
0x015F	0x0DFB      	RLF        R11, 1
;__Lib_Math.c,1424 :: 		
0x0160	0x0DA0      	RLF        ___math_tempb, 1
;__Lib_Math.c,1425 :: 		
0x0161	0x0874      	MOVF       R4, 0
;__Lib_Math.c,1426 :: 		
0x0162	0x1C73      	BTFSS      R3, 0
;__Lib_Math.c,1427 :: 		
0x0163	0x2976      	GOTO       UADD22L8
;__Lib_Math.c,1429 :: 		
0x0164	0x02F8      	SUBWF      R8, 1
;__Lib_Math.c,1430 :: 		
0x0165	0x0875      	MOVF       R5, 0
;__Lib_Math.c,1431 :: 		
0x0166	0x1C03      	BTFSS      STATUS, 0
;__Lib_Math.c,1432 :: 		
0x0167	0x0F75      	INCFSZ     R5, 0
;__Lib_Math.c,1433 :: 		
0x0168	0x02F9      	SUBWF      R9, 1
;__Lib_Math.c,1434 :: 		
0x0169	0x0876      	MOVF       R6, 0
;__Lib_Math.c,1435 :: 		
0x016A	0x1C03      	BTFSS      STATUS, 0
;__Lib_Math.c,1436 :: 		
0x016B	0x0F76      	INCFSZ     R6, 0
;__Lib_Math.c,1437 :: 		
0x016C	0x02FA      	SUBWF      R10, 1
;__Lib_Math.c,1438 :: 		
0x016D	0x0877      	MOVF       R7, 0
;__Lib_Math.c,1439 :: 		
0x016E	0x1C03      	BTFSS      STATUS, 0
;__Lib_Math.c,1440 :: 		
0x016F	0x0F77      	INCFSZ     R7, 0
;__Lib_Math.c,1441 :: 		
0x0170	0x02FB      	SUBWF      R11, 1
;__Lib_Math.c,1442 :: 		
0x0171	0x0100      	CLRW
;__Lib_Math.c,1443 :: 		
0x0172	0x1C03      	BTFSS      STATUS, 0
;__Lib_Math.c,1444 :: 		
0x0173	0x3001      	MOVLW      1
;__Lib_Math.c,1445 :: 		
0x0174	0x02A0      	SUBWF      ___math_tempb, 1
;__Lib_Math.c,1446 :: 		
0x0175	0x2987      	GOTO       UOK22L8
;__Lib_Math.c,1448 :: 		
UADD22L8:
;__Lib_Math.c,1449 :: 		
0x0176	0x07F8      	ADDWF      R8, 1
;__Lib_Math.c,1450 :: 		
0x0177	0x0875      	MOVF       R5, 0
;__Lib_Math.c,1451 :: 		
0x0178	0x1803      	BTFSC      STATUS, 0
;__Lib_Math.c,1452 :: 		
0x0179	0x0F75      	INCFSZ     R5, 0
;__Lib_Math.c,1453 :: 		
0x017A	0x07F9      	ADDWF      R9, 1
;__Lib_Math.c,1454 :: 		
0x017B	0x0876      	MOVF       R6, 0
;__Lib_Math.c,1455 :: 		
0x017C	0x1803      	BTFSC      STATUS, 0
;__Lib_Math.c,1456 :: 		
0x017D	0x0F76      	INCFSZ     R6, 0
;__Lib_Math.c,1457 :: 		
0x017E	0x07FA      	ADDWF      R10, 1
;__Lib_Math.c,1458 :: 		
0x017F	0x0877      	MOVF       R7, 0
;__Lib_Math.c,1459 :: 		
0x0180	0x1803      	BTFSC      STATUS, 0
;__Lib_Math.c,1460 :: 		
0x0181	0x0F77      	INCFSZ     R7, 0
;__Lib_Math.c,1461 :: 		
0x0182	0x07FB      	ADDWF      R11, 1
;__Lib_Math.c,1462 :: 		
0x0183	0x0100      	CLRW
;__Lib_Math.c,1463 :: 		
0x0184	0x1803      	BTFSC      STATUS, 0
;__Lib_Math.c,1464 :: 		
0x0185	0x3001      	MOVLW      1
;__Lib_Math.c,1465 :: 		
0x0186	0x07A0      	ADDWF      ___math_tempb, 1
;__Lib_Math.c,1467 :: 		
UOK22L8:
;__Lib_Math.c,1468 :: 		
0x0187	0x0DF2      	RLF        R2, 1
;__Lib_Math.c,1470 :: 		
0x0188	0x3007      	MOVLW      7
;__Lib_Math.c,1471 :: 		
0x0189	0x00FC      	MOVWF      R12
;__Lib_Math.c,1473 :: 		
LOOPU3232B:
;__Lib_Math.c,1474 :: 		
0x018A	0x0D72      	RLF        R2, 0
;__Lib_Math.c,1475 :: 		
0x018B	0x0DF8      	RLF        R8, 1
;__Lib_Math.c,1476 :: 		
0x018C	0x0DF9      	RLF        R9, 1
;__Lib_Math.c,1477 :: 		
0x018D	0x0DFA      	RLF        R10, 1
;__Lib_Math.c,1478 :: 		
0x018E	0x0DFB      	RLF        R11, 1
;__Lib_Math.c,1479 :: 		
0x018F	0x0DA0      	RLF        ___math_tempb, 1
;__Lib_Math.c,1480 :: 		
0x0190	0x0874      	MOVF       R4, 0
;__Lib_Math.c,1481 :: 		
0x0191	0x1C72      	BTFSS      R2, 0
;__Lib_Math.c,1482 :: 		
0x0192	0x29A5      	GOTO       UADD22LB
;__Lib_Math.c,1484 :: 		
0x0193	0x02F8      	SUBWF      R8, 1
;__Lib_Math.c,1485 :: 		
0x0194	0x0875      	MOVF       R5, 0
;__Lib_Math.c,1486 :: 		
0x0195	0x1C03      	BTFSS      STATUS, 0
;__Lib_Math.c,1487 :: 		
0x0196	0x0F75      	INCFSZ     R5, 0
;__Lib_Math.c,1488 :: 		
0x0197	0x02F9      	SUBWF      R9, 1
;__Lib_Math.c,1489 :: 		
0x0198	0x0876      	MOVF       R6, 0
;__Lib_Math.c,1490 :: 		
0x0199	0x1C03      	BTFSS      STATUS, 0
;__Lib_Math.c,1491 :: 		
0x019A	0x0F76      	INCFSZ     R6, 0
;__Lib_Math.c,1492 :: 		
0x019B	0x02FA      	SUBWF      R10, 1
;__Lib_Math.c,1493 :: 		
0x019C	0x0877      	MOVF       R7, 0
;__Lib_Math.c,1494 :: 		
0x019D	0x1C03      	BTFSS      STATUS, 0
;__Lib_Math.c,1495 :: 		
0x019E	0x0F77      	INCFSZ     R7, 0
;__Lib_Math.c,1496 :: 		
0x019F	0x02FB      	SUBWF      R11, 1
;__Lib_Math.c,1497 :: 		
0x01A0	0x0100      	CLRW
;__Lib_Math.c,1498 :: 		
0x01A1	0x1C03      	BTFSS      STATUS, 0
;__Lib_Math.c,1499 :: 		
0x01A2	0x3001      	MOVLW      1
;__Lib_Math.c,1500 :: 		
0x01A3	0x02A0      	SUBWF      ___math_tempb, 1
;__Lib_Math.c,1501 :: 		
0x01A4	0x29B6      	GOTO       UOK22LB
;__Lib_Math.c,1503 :: 		
UADD22LB:
;__Lib_Math.c,1504 :: 		
0x01A5	0x07F8      	ADDWF      R8, 1
;__Lib_Math.c,1505 :: 		
0x01A6	0x0875      	MOVF       R5, 0
;__Lib_Math.c,1506 :: 		
0x01A7	0x1803      	BTFSC      STATUS, 0
;__Lib_Math.c,1507 :: 		
0x01A8	0x0F75      	INCFSZ     R5, 0
;__Lib_Math.c,1508 :: 		
0x01A9	0x07F9      	ADDWF      R9, 1
;__Lib_Math.c,1509 :: 		
0x01AA	0x0876      	MOVF       R6, 0
;__Lib_Math.c,1510 :: 		
0x01AB	0x1803      	BTFSC      STATUS, 0
;__Lib_Math.c,1511 :: 		
0x01AC	0x0F76      	INCFSZ     R6, 0
;__Lib_Math.c,1512 :: 		
0x01AD	0x07FA      	ADDWF      R10, 1
;__Lib_Math.c,1513 :: 		
0x01AE	0x0877      	MOVF       R7, 0
;__Lib_Math.c,1514 :: 		
0x01AF	0x1803      	BTFSC      STATUS, 0
;__Lib_Math.c,1515 :: 		
0x01B0	0x0F77      	INCFSZ     R7, 0
;__Lib_Math.c,1516 :: 		
0x01B1	0x07FB      	ADDWF      R11, 1
;__Lib_Math.c,1517 :: 		
0x01B2	0x0100      	CLRW
;__Lib_Math.c,1518 :: 		
0x01B3	0x1803      	BTFSC      STATUS, 0
;__Lib_Math.c,1519 :: 		
0x01B4	0x3001      	MOVLW      1
;__Lib_Math.c,1520 :: 		
0x01B5	0x07A0      	ADDWF      ___math_tempb, 1
;__Lib_Math.c,1522 :: 		
UOK22LB:
;__Lib_Math.c,1523 :: 		
0x01B6	0x0DF2      	RLF        R2, 1
;__Lib_Math.c,1525 :: 		
0x01B7	0x0BFC      	DECFSZ     R12, 1
;__Lib_Math.c,1526 :: 		
0x01B8	0x298A      	GOTO       LOOPU3232B
;__Lib_Math.c,1528 :: 		
0x01B9	0x0D71      	RLF        R1, 0
;__Lib_Math.c,1529 :: 		
0x01BA	0x0DF8      	RLF        R8, 1
;__Lib_Math.c,1530 :: 		
0x01BB	0x0DF9      	RLF        R9, 1
;__Lib_Math.c,1531 :: 		
0x01BC	0x0DFA      	RLF        R10, 1
;__Lib_Math.c,1532 :: 		
0x01BD	0x0DFB      	RLF        R11, 1
;__Lib_Math.c,1533 :: 		
0x01BE	0x0DA0      	RLF        ___math_tempb, 1
;__Lib_Math.c,1534 :: 		
0x01BF	0x0874      	MOVF       R4, 0
;__Lib_Math.c,1535 :: 		
0x01C0	0x1C72      	BTFSS      R2, 0
;__Lib_Math.c,1536 :: 		
0x01C1	0x29D4      	GOTO       UADD22L16
;__Lib_Math.c,1538 :: 		
0x01C2	0x02F8      	SUBWF      R8, 1
;__Lib_Math.c,1539 :: 		
0x01C3	0x0875      	MOVF       R5, 0
;__Lib_Math.c,1540 :: 		
0x01C4	0x1C03      	BTFSS      STATUS, 0
;__Lib_Math.c,1541 :: 		
0x01C5	0x0F75      	INCFSZ     R5, 0
;__Lib_Math.c,1542 :: 		
0x01C6	0x02F9      	SUBWF      R9, 1
;__Lib_Math.c,1543 :: 		
0x01C7	0x0876      	MOVF       R6, 0
;__Lib_Math.c,1544 :: 		
0x01C8	0x1C03      	BTFSS      STATUS, 0
;__Lib_Math.c,1545 :: 		
0x01C9	0x0F76      	INCFSZ     R6, 0
;__Lib_Math.c,1546 :: 		
0x01CA	0x02FA      	SUBWF      R10, 1
;__Lib_Math.c,1547 :: 		
0x01CB	0x0877      	MOVF       R7, 0
;__Lib_Math.c,1548 :: 		
0x01CC	0x1C03      	BTFSS      STATUS, 0
;__Lib_Math.c,1549 :: 		
0x01CD	0x0F77      	INCFSZ     R7, 0
;__Lib_Math.c,1550 :: 		
0x01CE	0x02FB      	SUBWF      R11, 1
;__Lib_Math.c,1551 :: 		
0x01CF	0x0100      	CLRW
;__Lib_Math.c,1552 :: 		
0x01D0	0x1C03      	BTFSS      STATUS, 0
;__Lib_Math.c,1553 :: 		
0x01D1	0x3001      	MOVLW      1
;__Lib_Math.c,1554 :: 		
0x01D2	0x02A0      	SUBWF      ___math_tempb, 1
;__Lib_Math.c,1555 :: 		
0x01D3	0x29E5      	GOTO       UOK22L16
;__Lib_Math.c,1557 :: 		
UADD22L16:
;__Lib_Math.c,1558 :: 		
0x01D4	0x07F8      	ADDWF      R8, 1
;__Lib_Math.c,1559 :: 		
0x01D5	0x0875      	MOVF       R5, 0
;__Lib_Math.c,1560 :: 		
0x01D6	0x1803      	BTFSC      STATUS, 0
;__Lib_Math.c,1561 :: 		
0x01D7	0x0F75      	INCFSZ     R5, 0
;__Lib_Math.c,1562 :: 		
0x01D8	0x07F9      	ADDWF      R9, 1
;__Lib_Math.c,1563 :: 		
0x01D9	0x0876      	MOVF       R6, 0
;__Lib_Math.c,1564 :: 		
0x01DA	0x1803      	BTFSC      STATUS, 0
;__Lib_Math.c,1565 :: 		
0x01DB	0x0F76      	INCFSZ     R6, 0
;__Lib_Math.c,1566 :: 		
0x01DC	0x07FA      	ADDWF      R10, 1
;__Lib_Math.c,1567 :: 		
0x01DD	0x0877      	MOVF       R7, 0
;__Lib_Math.c,1568 :: 		
0x01DE	0x1803      	BTFSC      STATUS, 0
;__Lib_Math.c,1569 :: 		
0x01DF	0x0F77      	INCFSZ     R7, 0
;__Lib_Math.c,1570 :: 		
0x01E0	0x07FB      	ADDWF      R11, 1
;__Lib_Math.c,1571 :: 		
0x01E1	0x0100      	CLRW
;__Lib_Math.c,1572 :: 		
0x01E2	0x1803      	BTFSC      STATUS, 0
;__Lib_Math.c,1573 :: 		
0x01E3	0x3001      	MOVLW      1
;__Lib_Math.c,1574 :: 		
0x01E4	0x07A0      	ADDWF      ___math_tempb, 1
;__Lib_Math.c,1576 :: 		
UOK22L16:
;__Lib_Math.c,1577 :: 		
0x01E5	0x0DF1      	RLF        R1, 1
;__Lib_Math.c,1579 :: 		
0x01E6	0x3007      	MOVLW      7
;__Lib_Math.c,1580 :: 		
0x01E7	0x00FC      	MOVWF      R12
;__Lib_Math.c,1582 :: 		
LOOPU3232C:
;__Lib_Math.c,1583 :: 		
0x01E8	0x0D71      	RLF        R1, 0
;__Lib_Math.c,1584 :: 		
0x01E9	0x0DF8      	RLF        R8, 1
;__Lib_Math.c,1585 :: 		
0x01EA	0x0DF9      	RLF        R9, 1
;__Lib_Math.c,1586 :: 		
0x01EB	0x0DFA      	RLF        R10, 1
;__Lib_Math.c,1587 :: 		
0x01EC	0x0DFB      	RLF        R11, 1
;__Lib_Math.c,1588 :: 		
0x01ED	0x0DA0      	RLF        ___math_tempb, 1
;__Lib_Math.c,1589 :: 		
0x01EE	0x0874      	MOVF       R4, 0
;__Lib_Math.c,1590 :: 		
0x01EF	0x1C71      	BTFSS      R1, 0
;__Lib_Math.c,1591 :: 		
0x01F0	0x2A03      	GOTO       UADD22LC
;__Lib_Math.c,1593 :: 		
0x01F1	0x02F8      	SUBWF      R8, 1
;__Lib_Math.c,1594 :: 		
0x01F2	0x0875      	MOVF       R5, 0
;__Lib_Math.c,1595 :: 		
0x01F3	0x1C03      	BTFSS      STATUS, 0
;__Lib_Math.c,1596 :: 		
0x01F4	0x0F75      	INCFSZ     R5, 0
;__Lib_Math.c,1597 :: 		
0x01F5	0x02F9      	SUBWF      R9, 1
;__Lib_Math.c,1598 :: 		
0x01F6	0x0876      	MOVF       R6, 0
;__Lib_Math.c,1599 :: 		
0x01F7	0x1C03      	BTFSS      STATUS, 0
;__Lib_Math.c,1600 :: 		
0x01F8	0x0F76      	INCFSZ     R6, 0
;__Lib_Math.c,1601 :: 		
0x01F9	0x02FA      	SUBWF      R10, 1
;__Lib_Math.c,1602 :: 		
0x01FA	0x0877      	MOVF       R7, 0
;__Lib_Math.c,1603 :: 		
0x01FB	0x1C03      	BTFSS      STATUS, 0
;__Lib_Math.c,1604 :: 		
0x01FC	0x0F77      	INCFSZ     R7, 0
;__Lib_Math.c,1605 :: 		
0x01FD	0x02FB      	SUBWF      R11, 1
;__Lib_Math.c,1606 :: 		
0x01FE	0x0100      	CLRW
;__Lib_Math.c,1607 :: 		
0x01FF	0x1C03      	BTFSS      STATUS, 0
;__Lib_Math.c,1608 :: 		
0x0200	0x3001      	MOVLW      1
;__Lib_Math.c,1609 :: 		
0x0201	0x02A0      	SUBWF      ___math_tempb, 1
;__Lib_Math.c,1610 :: 		
0x0202	0x2A14      	GOTO       UOK22LC
;__Lib_Math.c,1612 :: 		
UADD22LC:
;__Lib_Math.c,1613 :: 		
0x0203	0x07F8      	ADDWF      R8, 1
;__Lib_Math.c,1614 :: 		
0x0204	0x0875      	MOVF       R5, 0
;__Lib_Math.c,1615 :: 		
0x0205	0x1803      	BTFSC      STATUS, 0
;__Lib_Math.c,1616 :: 		
0x0206	0x0F75      	INCFSZ     R5, 0
;__Lib_Math.c,1617 :: 		
0x0207	0x07F9      	ADDWF      R9, 1
;__Lib_Math.c,1618 :: 		
0x0208	0x0876      	MOVF       R6, 0
;__Lib_Math.c,1619 :: 		
0x0209	0x1803      	BTFSC      STATUS, 0
;__Lib_Math.c,1620 :: 		
0x020A	0x0F76      	INCFSZ     R6, 0
;__Lib_Math.c,1621 :: 		
0x020B	0x07FA      	ADDWF      R10, 1
;__Lib_Math.c,1622 :: 		
0x020C	0x0877      	MOVF       R7, 0
;__Lib_Math.c,1623 :: 		
0x020D	0x1803      	BTFSC      STATUS, 0
;__Lib_Math.c,1624 :: 		
0x020E	0x0F77      	INCFSZ     R7, 0
;__Lib_Math.c,1625 :: 		
0x020F	0x07FB      	ADDWF      R11, 1
;__Lib_Math.c,1626 :: 		
0x0210	0x0100      	CLRW
;__Lib_Math.c,1627 :: 		
0x0211	0x1803      	BTFSC      STATUS, 0
;__Lib_Math.c,1628 :: 		
0x0212	0x3001      	MOVLW      1
;__Lib_Math.c,1629 :: 		
0x0213	0x07A0      	ADDWF      ___math_tempb, 1
;__Lib_Math.c,1631 :: 		
UOK22LC:
;__Lib_Math.c,1632 :: 		
0x0214	0x0DF1      	RLF        R1, 1
;__Lib_Math.c,1634 :: 		
0x0215	0x0BFC      	DECFSZ     R12, 1
;__Lib_Math.c,1635 :: 		
0x0216	0x29E8      	GOTO       LOOPU3232C
;__Lib_Math.c,1637 :: 		
0x0217	0x0D70      	RLF        R0, 0
;__Lib_Math.c,1638 :: 		
0x0218	0x0DF8      	RLF        R8, 1
;__Lib_Math.c,1639 :: 		
0x0219	0x0DF9      	RLF        R9, 1
;__Lib_Math.c,1640 :: 		
0x021A	0x0DFA      	RLF        R10, 1
;__Lib_Math.c,1641 :: 		
0x021B	0x0DFB      	RLF        R11, 1
;__Lib_Math.c,1642 :: 		
0x021C	0x0DA0      	RLF        ___math_tempb, 1
;__Lib_Math.c,1643 :: 		
0x021D	0x0874      	MOVF       R4, 0
;__Lib_Math.c,1644 :: 		
0x021E	0x1C71      	BTFSS      R1, 0
;__Lib_Math.c,1645 :: 		
0x021F	0x2A32      	GOTO       UADD22L24
;__Lib_Math.c,1647 :: 		
0x0220	0x02F8      	SUBWF      R8, 1
;__Lib_Math.c,1648 :: 		
0x0221	0x0875      	MOVF       R5, 0
;__Lib_Math.c,1649 :: 		
0x0222	0x1C03      	BTFSS      STATUS, 0
;__Lib_Math.c,1650 :: 		
0x0223	0x0F75      	INCFSZ     R5, 0
;__Lib_Math.c,1651 :: 		
0x0224	0x02F9      	SUBWF      R9, 1
;__Lib_Math.c,1652 :: 		
0x0225	0x0876      	MOVF       R6, 0
;__Lib_Math.c,1653 :: 		
0x0226	0x1C03      	BTFSS      STATUS, 0
;__Lib_Math.c,1654 :: 		
0x0227	0x0F76      	INCFSZ     R6, 0
;__Lib_Math.c,1655 :: 		
0x0228	0x02FA      	SUBWF      R10, 1
;__Lib_Math.c,1656 :: 		
0x0229	0x0877      	MOVF       R7, 0
;__Lib_Math.c,1657 :: 		
0x022A	0x1C03      	BTFSS      STATUS, 0
;__Lib_Math.c,1658 :: 		
0x022B	0x0F77      	INCFSZ     R7, 0
;__Lib_Math.c,1659 :: 		
0x022C	0x02FB      	SUBWF      R11, 1
;__Lib_Math.c,1660 :: 		
0x022D	0x0100      	CLRW
;__Lib_Math.c,1661 :: 		
0x022E	0x1C03      	BTFSS      STATUS, 0
;__Lib_Math.c,1662 :: 		
0x022F	0x3001      	MOVLW      1
;__Lib_Math.c,1663 :: 		
0x0230	0x02A0      	SUBWF      ___math_tempb, 1
;__Lib_Math.c,1664 :: 		
0x0231	0x2A43      	GOTO       UOK22L24
;__Lib_Math.c,1666 :: 		
UADD22L24:
;__Lib_Math.c,1667 :: 		
0x0232	0x07F8      	ADDWF      R8, 1
;__Lib_Math.c,1668 :: 		
0x0233	0x0875      	MOVF       R5, 0
;__Lib_Math.c,1669 :: 		
0x0234	0x1803      	BTFSC      STATUS, 0
;__Lib_Math.c,1670 :: 		
0x0235	0x0F75      	INCFSZ     R5, 0
;__Lib_Math.c,1671 :: 		
0x0236	0x07F9      	ADDWF      R9, 1
;__Lib_Math.c,1672 :: 		
0x0237	0x0876      	MOVF       R6, 0
;__Lib_Math.c,1673 :: 		
0x0238	0x1803      	BTFSC      STATUS, 0
;__Lib_Math.c,1674 :: 		
0x0239	0x0F76      	INCFSZ     R6, 0
;__Lib_Math.c,1675 :: 		
0x023A	0x07FA      	ADDWF      R10, 1
;__Lib_Math.c,1676 :: 		
0x023B	0x0877      	MOVF       R7, 0
;__Lib_Math.c,1677 :: 		
0x023C	0x1803      	BTFSC      STATUS, 0
;__Lib_Math.c,1678 :: 		
0x023D	0x0F77      	INCFSZ     R7, 0
;__Lib_Math.c,1679 :: 		
0x023E	0x07FB      	ADDWF      R11, 1
;__Lib_Math.c,1680 :: 		
0x023F	0x0100      	CLRW
;__Lib_Math.c,1681 :: 		
0x0240	0x1803      	BTFSC      STATUS, 0
;__Lib_Math.c,1682 :: 		
0x0241	0x3001      	MOVLW      1
;__Lib_Math.c,1683 :: 		
0x0242	0x07A0      	ADDWF      ___math_tempb, 1
;__Lib_Math.c,1685 :: 		
UOK22L24:
;__Lib_Math.c,1686 :: 		
0x0243	0x0DF0      	RLF        R0, 1
;__Lib_Math.c,1688 :: 		
0x0244	0x3007      	MOVLW      7
;__Lib_Math.c,1689 :: 		
0x0245	0x00FC      	MOVWF      R12
;__Lib_Math.c,1691 :: 		
LOOPU3232D:
;__Lib_Math.c,1692 :: 		
0x0246	0x0D70      	RLF        R0, 0
;__Lib_Math.c,1693 :: 		
0x0247	0x0DF8      	RLF        R8, 1
;__Lib_Math.c,1694 :: 		
0x0248	0x0DF9      	RLF        R9, 1
;__Lib_Math.c,1695 :: 		
0x0249	0x0DFA      	RLF        R10, 1
;__Lib_Math.c,1696 :: 		
0x024A	0x0DFB      	RLF        R11, 1
;__Lib_Math.c,1697 :: 		
0x024B	0x0DA0      	RLF        ___math_tempb, 1
;__Lib_Math.c,1698 :: 		
0x024C	0x0874      	MOVF       R4, 0
;__Lib_Math.c,1699 :: 		
0x024D	0x1C70      	BTFSS      R0, 0
;__Lib_Math.c,1700 :: 		
0x024E	0x2A61      	GOTO       UADD22LD
;__Lib_Math.c,1702 :: 		
0x024F	0x02F8      	SUBWF      R8, 1
;__Lib_Math.c,1703 :: 		
0x0250	0x0875      	MOVF       R5, 0
;__Lib_Math.c,1704 :: 		
0x0251	0x1C03      	BTFSS      STATUS, 0
;__Lib_Math.c,1705 :: 		
0x0252	0x0F75      	INCFSZ     R5, 0
;__Lib_Math.c,1706 :: 		
0x0253	0x02F9      	SUBWF      R9, 1
;__Lib_Math.c,1707 :: 		
0x0254	0x0876      	MOVF       R6, 0
;__Lib_Math.c,1708 :: 		
0x0255	0x1C03      	BTFSS      STATUS, 0
;__Lib_Math.c,1709 :: 		
0x0256	0x0F76      	INCFSZ     R6, 0
;__Lib_Math.c,1710 :: 		
0x0257	0x02FA      	SUBWF      R10, 1
;__Lib_Math.c,1711 :: 		
0x0258	0x0877      	MOVF       R7, 0
;__Lib_Math.c,1712 :: 		
0x0259	0x1C03      	BTFSS      STATUS, 0
;__Lib_Math.c,1713 :: 		
0x025A	0x0F77      	INCFSZ     R7, 0
;__Lib_Math.c,1714 :: 		
0x025B	0x02FB      	SUBWF      R11, 1
;__Lib_Math.c,1715 :: 		
0x025C	0x0100      	CLRW
;__Lib_Math.c,1716 :: 		
0x025D	0x1C03      	BTFSS      STATUS, 0
;__Lib_Math.c,1717 :: 		
0x025E	0x3001      	MOVLW      1
;__Lib_Math.c,1718 :: 		
0x025F	0x02A0      	SUBWF      ___math_tempb, 1
;__Lib_Math.c,1719 :: 		
0x0260	0x2A72      	GOTO       UOK22LD
;__Lib_Math.c,1721 :: 		
UADD22LD:
;__Lib_Math.c,1722 :: 		
0x0261	0x07F8      	ADDWF      R8, 1
;__Lib_Math.c,1723 :: 		
0x0262	0x0875      	MOVF       R5, 0
;__Lib_Math.c,1724 :: 		
0x0263	0x1803      	BTFSC      STATUS, 0
;__Lib_Math.c,1725 :: 		
0x0264	0x0F75      	INCFSZ     R5, 0
;__Lib_Math.c,1726 :: 		
0x0265	0x07F9      	ADDWF      R9, 1
;__Lib_Math.c,1727 :: 		
0x0266	0x0876      	MOVF       R6, 0
;__Lib_Math.c,1728 :: 		
0x0267	0x1803      	BTFSC      STATUS, 0
;__Lib_Math.c,1729 :: 		
0x0268	0x0F76      	INCFSZ     R6, 0
;__Lib_Math.c,1730 :: 		
0x0269	0x07FA      	ADDWF      R10, 1
;__Lib_Math.c,1731 :: 		
0x026A	0x0877      	MOVF       R7, 0
;__Lib_Math.c,1732 :: 		
0x026B	0x1803      	BTFSC      STATUS, 0
;__Lib_Math.c,1733 :: 		
0x026C	0x0F77      	INCFSZ     R7, 0
;__Lib_Math.c,1734 :: 		
0x026D	0x07FB      	ADDWF      R11, 1
;__Lib_Math.c,1735 :: 		
0x026E	0x0100      	CLRW
;__Lib_Math.c,1736 :: 		
0x026F	0x1803      	BTFSC      STATUS, 0
;__Lib_Math.c,1737 :: 		
0x0270	0x3001      	MOVLW      1
;__Lib_Math.c,1738 :: 		
0x0271	0x07A0      	ADDWF      ___math_tempb, 1
;__Lib_Math.c,1740 :: 		
UOK22LD:
;__Lib_Math.c,1741 :: 		
0x0272	0x0DF0      	RLF        R0, 1
;__Lib_Math.c,1743 :: 		
0x0273	0x0BFC      	DECFSZ     R12, 1
;__Lib_Math.c,1744 :: 		
0x0274	0x2A46      	GOTO       LOOPU3232D
;__Lib_Math.c,1746 :: 		
0x0275	0x1870      	BTFSC      R0, 0
;__Lib_Math.c,1747 :: 		
0x0276	0x2A85      	GOTO       UOK22L
;__Lib_Math.c,1748 :: 		
0x0277	0x0874      	MOVF       R4, 0
;__Lib_Math.c,1749 :: 		
0x0278	0x07F8      	ADDWF      R8, 1
;__Lib_Math.c,1750 :: 		
0x0279	0x0875      	MOVF       R5, 0
;__Lib_Math.c,1751 :: 		
0x027A	0x1803      	BTFSC      STATUS, 0
;__Lib_Math.c,1752 :: 		
0x027B	0x0F75      	INCFSZ     R5, 0
;__Lib_Math.c,1753 :: 		
0x027C	0x07F9      	ADDWF      R9, 1
;__Lib_Math.c,1754 :: 		
0x027D	0x0876      	MOVF       R6, 0
;__Lib_Math.c,1755 :: 		
0x027E	0x1803      	BTFSC      STATUS, 0
;__Lib_Math.c,1756 :: 		
0x027F	0x0F76      	INCFSZ     R6, 0
;__Lib_Math.c,1757 :: 		
0x0280	0x07FA      	ADDWF      R10, 1
;__Lib_Math.c,1758 :: 		
0x0281	0x0877      	MOVF       R7, 0
;__Lib_Math.c,1759 :: 		
0x0282	0x1803      	BTFSC      STATUS, 0
;__Lib_Math.c,1760 :: 		
0x0283	0x0F77      	INCFSZ     R7, 0
;__Lib_Math.c,1761 :: 		
0x0284	0x07FB      	ADDWF      R11, 1
;__Lib_Math.c,1763 :: 		
UOK22L:
;__Lib_Math.c,1766 :: 		
L_end_Div_32x32_U:
0x0285	0x0008      	RETURN
; end of _Div_32x32_U
_Lcd_Out:
;__Lib_Lcd.c,184 :: 		
;__Lib_Lcd.c,187 :: 		
0x0286	0x2A98      	GOTO       L_Lcd_Out11
;__Lib_Lcd.c,188 :: 		
L_Lcd_Out13:
0x0287	0x3080      	MOVLW      128
0x0288	0x1283      	BCF        STATUS, 5
0x0289	0x1303      	BCF        STATUS, 6
0x028A	0x00D1      	MOVWF      FARG_Lcd_Out_row
0x028B	0x2AAB      	GOTO       L_Lcd_Out12
;__Lib_Lcd.c,189 :: 		
L_Lcd_Out14:
0x028C	0x30C0      	MOVLW      192
0x028D	0x00D1      	MOVWF      FARG_Lcd_Out_row
0x028E	0x2AAB      	GOTO       L_Lcd_Out12
;__Lib_Lcd.c,190 :: 		
L_Lcd_Out15:
0x028F	0x3094      	MOVLW      148
0x0290	0x00D1      	MOVWF      FARG_Lcd_Out_row
0x0291	0x2AAB      	GOTO       L_Lcd_Out12
;__Lib_Lcd.c,191 :: 		
L_Lcd_Out16:
0x0292	0x30D4      	MOVLW      212
0x0293	0x00D1      	MOVWF      FARG_Lcd_Out_row
0x0294	0x2AAB      	GOTO       L_Lcd_Out12
;__Lib_Lcd.c,192 :: 		
L_Lcd_Out17:
0x0295	0x3080      	MOVLW      128
0x0296	0x00D1      	MOVWF      FARG_Lcd_Out_row
;__Lib_Lcd.c,193 :: 		
0x0297	0x2AAB      	GOTO       L_Lcd_Out12
L_Lcd_Out11:
0x0298	0x1283      	BCF        STATUS, 5
0x0299	0x1303      	BCF        STATUS, 6
0x029A	0x0851      	MOVF       FARG_Lcd_Out_row, 0
0x029B	0x3A01      	XORLW      1
0x029C	0x1903      	BTFSC      STATUS, 2
0x029D	0x2A87      	GOTO       L_Lcd_Out13
0x029E	0x0851      	MOVF       FARG_Lcd_Out_row, 0
0x029F	0x3A02      	XORLW      2
0x02A0	0x1903      	BTFSC      STATUS, 2
0x02A1	0x2A8C      	GOTO       L_Lcd_Out14
0x02A2	0x0851      	MOVF       FARG_Lcd_Out_row, 0
0x02A3	0x3A03      	XORLW      3
0x02A4	0x1903      	BTFSC      STATUS, 2
0x02A5	0x2A8F      	GOTO       L_Lcd_Out15
0x02A6	0x0851      	MOVF       FARG_Lcd_Out_row, 0
0x02A7	0x3A04      	XORLW      4
0x02A8	0x1903      	BTFSC      STATUS, 2
0x02A9	0x2A92      	GOTO       L_Lcd_Out16
0x02AA	0x2A95      	GOTO       L_Lcd_Out17
L_Lcd_Out12:
;__Lib_Lcd.c,194 :: 		
0x02AB	0x0352      	DECF       FARG_Lcd_Out_column, 0
0x02AC	0x00F0      	MOVWF      R0
0x02AD	0x0851      	MOVF       FARG_Lcd_Out_row, 0
0x02AE	0x07F0      	ADDWF      R0, 1
0x02AF	0x0870      	MOVF       R0, 0
0x02B0	0x00D1      	MOVWF      FARG_Lcd_Out_row
;__Lib_Lcd.c,196 :: 		
0x02B1	0x0870      	MOVF       R0, 0
0x02B2	0x00D6      	MOVWF      FARG_Lcd_Cmd_out_char
0x02B3	0x2018      	CALL       _Lcd_Cmd
;__Lib_Lcd.c,197 :: 		
0x02B4	0x103B      	BCF        __Lib_Lcd_cmd_status, BitPos(__Lib_Lcd_cmd_status+0)
;__Lib_Lcd.c,198 :: 		
0x02B5	0x01D4      	CLRF       Lcd_Out_i_L0
;__Lib_Lcd.c,199 :: 		
L_Lcd_Out18:
0x02B6	0x0854      	MOVF       Lcd_Out_i_L0, 0
0x02B7	0x0753      	ADDWF      FARG_Lcd_Out_text, 0
0x02B8	0x0084      	MOVWF      FSR
0x02B9	0x0800      	MOVF       INDF, 0
0x02BA	0x1903      	BTFSC      STATUS, 2
0x02BB	0x2AC4      	GOTO       L_Lcd_Out19
;__Lib_Lcd.c,200 :: 		
0x02BC	0x0854      	MOVF       Lcd_Out_i_L0, 0
0x02BD	0x0753      	ADDWF      FARG_Lcd_Out_text, 0
0x02BE	0x0084      	MOVWF      FSR
0x02BF	0x0800      	MOVF       INDF, 0
0x02C0	0x00D5      	MOVWF      FARG_Lcd_Chr_CP_out_char
0x02C1	0x2066      	CALL       _Lcd_Chr_CP
0x02C2	0x0AD4      	INCF       Lcd_Out_i_L0, 1
0x02C3	0x2AB6      	GOTO       L_Lcd_Out18
L_Lcd_Out19:
;__Lib_Lcd.c,201 :: 		
0x02C4	0x143B      	BSF        __Lib_Lcd_cmd_status, BitPos(__Lib_Lcd_cmd_status+0)
;__Lib_Lcd.c,202 :: 		
L_end_Lcd_Out:
0x02C5	0x0008      	RETURN
; end of _Lcd_Out
_Lcd_Init:
;__Lib_Lcd.c,84 :: 		
;__Lib_Lcd.c,86 :: 		
0x02C6	0x1683      	BSF        STATUS, 5
0x02C7	0x1303      	BCF        STATUS, 6
0x02C8	0x1185      	BCF        LCD_EN_Direction, BitPos(LCD_EN_Direction+0)
;__Lib_Lcd.c,87 :: 		
0x02C9	0x1085      	BCF        LCD_RS_Direction, BitPos(LCD_RS_Direction+0)
;__Lib_Lcd.c,88 :: 		
0x02CA	0x1208      	BCF        LCD_D4_Direction, BitPos(LCD_D4_Direction+0)
;__Lib_Lcd.c,89 :: 		
0x02CB	0x1288      	BCF        LCD_D5_Direction, BitPos(LCD_D5_Direction+0)
;__Lib_Lcd.c,90 :: 		
0x02CC	0x1308      	BCF        LCD_D6_Direction, BitPos(LCD_D6_Direction+0)
;__Lib_Lcd.c,91 :: 		
0x02CD	0x1388      	BCF        LCD_D7_Direction, BitPos(LCD_D7_Direction+0)
;__Lib_Lcd.c,93 :: 		
0x02CE	0x1283      	BCF        STATUS, 5
0x02CF	0x1185      	BCF        LCD_EN, BitPos(LCD_EN+0)
;__Lib_Lcd.c,94 :: 		
0x02D0	0x1085      	BCF        LCD_RS, BitPos(LCD_RS+0)
;__Lib_Lcd.c,95 :: 		
0x02D1	0x1388      	BCF        LCD_D7, BitPos(LCD_D7+0)
;__Lib_Lcd.c,96 :: 		
0x02D2	0x1308      	BCF        LCD_D6, BitPos(LCD_D6+0)
;__Lib_Lcd.c,97 :: 		
0x02D3	0x1288      	BCF        LCD_D5, BitPos(LCD_D5+0)
;__Lib_Lcd.c,98 :: 		
0x02D4	0x1208      	BCF        LCD_D4, BitPos(LCD_D4+0)
;__Lib_Lcd.c,100 :: 		
0x02D5	0x2005      	CALL       _Delay_5500us
;__Lib_Lcd.c,101 :: 		
0x02D6	0x2005      	CALL       _Delay_5500us
;__Lib_Lcd.c,102 :: 		
0x02D7	0x2005      	CALL       _Delay_5500us
;__Lib_Lcd.c,105 :: 		
0x02D8	0x1688      	BSF        LCD_D5, BitPos(LCD_D5+0)
;__Lib_Lcd.c,106 :: 		
0x02D9	0x1608      	BSF        LCD_D4, BitPos(LCD_D4+0)
;__Lib_Lcd.c,107 :: 		
0x02DA	0x1585      	BSF        LCD_EN, BitPos(LCD_EN+0)
;__Lib_Lcd.c,108 :: 		
0x02DB	0x2003      	CALL       _Delay_1us
;__Lib_Lcd.c,109 :: 		
0x02DC	0x1185      	BCF        LCD_EN, BitPos(LCD_EN+0)
;__Lib_Lcd.c,110 :: 		
0x02DD	0x2005      	CALL       _Delay_5500us
;__Lib_Lcd.c,112 :: 		
0x02DE	0x1585      	BSF        LCD_EN, BitPos(LCD_EN+0)
;__Lib_Lcd.c,113 :: 		
0x02DF	0x2003      	CALL       _Delay_1us
;__Lib_Lcd.c,114 :: 		
0x02E0	0x1185      	BCF        LCD_EN, BitPos(LCD_EN+0)
;__Lib_Lcd.c,115 :: 		
0x02E1	0x2005      	CALL       _Delay_5500us
;__Lib_Lcd.c,117 :: 		
0x02E2	0x1585      	BSF        LCD_EN, BitPos(LCD_EN+0)
;__Lib_Lcd.c,118 :: 		
0x02E3	0x2003      	CALL       _Delay_1us
;__Lib_Lcd.c,119 :: 		
0x02E4	0x1185      	BCF        LCD_EN, BitPos(LCD_EN+0)
;__Lib_Lcd.c,120 :: 		
0x02E5	0x2005      	CALL       _Delay_5500us
;__Lib_Lcd.c,123 :: 		
0x02E6	0x1208      	BCF        LCD_D4, BitPos(LCD_D4+0)
;__Lib_Lcd.c,124 :: 		
0x02E7	0x1585      	BSF        LCD_EN, BitPos(LCD_EN+0)
;__Lib_Lcd.c,125 :: 		
0x02E8	0x2003      	CALL       _Delay_1us
;__Lib_Lcd.c,126 :: 		
0x02E9	0x1185      	BCF        LCD_EN, BitPos(LCD_EN+0)
;__Lib_Lcd.c,127 :: 		
0x02EA	0x2005      	CALL       _Delay_5500us
;__Lib_Lcd.c,130 :: 		
0x02EB	0x1585      	BSF        LCD_EN, BitPos(LCD_EN+0)
;__Lib_Lcd.c,131 :: 		
0x02EC	0x2003      	CALL       _Delay_1us
;__Lib_Lcd.c,132 :: 		
0x02ED	0x1185      	BCF        LCD_EN, BitPos(LCD_EN+0)
;__Lib_Lcd.c,134 :: 		
0x02EE	0x1288      	BCF        LCD_D5, BitPos(LCD_D5+0)
;__Lib_Lcd.c,135 :: 		
0x02EF	0x1788      	BSF        LCD_D7, BitPos(LCD_D7+0)
;__Lib_Lcd.c,136 :: 		
0x02F0	0x1585      	BSF        LCD_EN, BitPos(LCD_EN+0)
;__Lib_Lcd.c,137 :: 		
0x02F1	0x2003      	CALL       _Delay_1us
;__Lib_Lcd.c,138 :: 		
0x02F2	0x1185      	BCF        LCD_EN, BitPos(LCD_EN+0)
;__Lib_Lcd.c,139 :: 		
0x02F3	0x2005      	CALL       _Delay_5500us
;__Lib_Lcd.c,142 :: 		
0x02F4	0x1388      	BCF        LCD_D7, BitPos(LCD_D7+0)
;__Lib_Lcd.c,143 :: 		
0x02F5	0x1608      	BSF        LCD_D4, BitPos(LCD_D4+0)
;__Lib_Lcd.c,144 :: 		
0x02F6	0x1585      	BSF        LCD_EN, BitPos(LCD_EN+0)
;__Lib_Lcd.c,145 :: 		
0x02F7	0x2003      	CALL       _Delay_1us
;__Lib_Lcd.c,146 :: 		
0x02F8	0x1185      	BCF        LCD_EN, BitPos(LCD_EN+0)
;__Lib_Lcd.c,148 :: 		
0x02F9	0x1208      	BCF        LCD_D4, BitPos(LCD_D4+0)
;__Lib_Lcd.c,149 :: 		
0x02FA	0x1585      	BSF        LCD_EN, BitPos(LCD_EN+0)
;__Lib_Lcd.c,150 :: 		
0x02FB	0x2003      	CALL       _Delay_1us
;__Lib_Lcd.c,151 :: 		
0x02FC	0x1185      	BCF        LCD_EN, BitPos(LCD_EN+0)
;__Lib_Lcd.c,152 :: 		
0x02FD	0x2005      	CALL       _Delay_5500us
;__Lib_Lcd.c,155 :: 		
0x02FE	0x1585      	BSF        LCD_EN, BitPos(LCD_EN+0)
;__Lib_Lcd.c,156 :: 		
0x02FF	0x2003      	CALL       _Delay_1us
;__Lib_Lcd.c,157 :: 		
0x0300	0x1185      	BCF        LCD_EN, BitPos(LCD_EN+0)
;__Lib_Lcd.c,159 :: 		
0x0301	0x1608      	BSF        LCD_D4, BitPos(LCD_D4+0)
;__Lib_Lcd.c,160 :: 		
0x0302	0x1585      	BSF        LCD_EN, BitPos(LCD_EN+0)
;__Lib_Lcd.c,161 :: 		
0x0303	0x2003      	CALL       _Delay_1us
;__Lib_Lcd.c,162 :: 		
0x0304	0x1185      	BCF        LCD_EN, BitPos(LCD_EN+0)
;__Lib_Lcd.c,163 :: 		
0x0305	0x2005      	CALL       _Delay_5500us
;__Lib_Lcd.c,166 :: 		
0x0306	0x1208      	BCF        LCD_D4, BitPos(LCD_D4+0)
;__Lib_Lcd.c,167 :: 		
0x0307	0x1585      	BSF        LCD_EN, BitPos(LCD_EN+0)
;__Lib_Lcd.c,168 :: 		
0x0308	0x2003      	CALL       _Delay_1us
;__Lib_Lcd.c,169 :: 		
0x0309	0x1185      	BCF        LCD_EN, BitPos(LCD_EN+0)
;__Lib_Lcd.c,171 :: 		
0x030A	0x1788      	BSF        LCD_D7, BitPos(LCD_D7+0)
;__Lib_Lcd.c,172 :: 		
0x030B	0x1708      	BSF        LCD_D6, BitPos(LCD_D6+0)
;__Lib_Lcd.c,173 :: 		
0x030C	0x1688      	BSF        LCD_D5, BitPos(LCD_D5+0)
;__Lib_Lcd.c,174 :: 		
0x030D	0x1608      	BSF        LCD_D4, BitPos(LCD_D4+0)
;__Lib_Lcd.c,175 :: 		
0x030E	0x1585      	BSF        LCD_EN, BitPos(LCD_EN+0)
;__Lib_Lcd.c,176 :: 		
0x030F	0x2003      	CALL       _Delay_1us
;__Lib_Lcd.c,177 :: 		
0x0310	0x1185      	BCF        LCD_EN, BitPos(LCD_EN+0)
;__Lib_Lcd.c,179 :: 		
0x0311	0x2005      	CALL       _Delay_5500us
;__Lib_Lcd.c,181 :: 		
0x0312	0x143B      	BSF        __Lib_Lcd_cmd_status, BitPos(__Lib_Lcd_cmd_status+0)
;__Lib_Lcd.c,182 :: 		
L_end_Lcd_Init:
0x0313	0x0008      	RETURN
; end of _Lcd_Init
_main:
0x0314	0x244C      	CALL       1100
;Termometro_16F877A.c,31 :: 		void main(){
;Termometro_16F877A.c,32 :: 		ADCON0 = 0b00000001;                //Habilita mdulo A/D, Seleciona o pino analgico AN0
0x0315	0x3001      	MOVLW      1
0x0316	0x1283      	BCF        STATUS, 5
0x0317	0x1303      	BCF        STATUS, 6
0x0318	0x009F      	MOVWF      ADCON0
;Termometro_16F877A.c,33 :: 		ADCON1 = 0b00001110;                //Apenas RA0 como analgico
0x0319	0x300E      	MOVLW      14
0x031A	0x1683      	BSF        STATUS, 5
0x031B	0x009F      	MOVWF      ADCON1
;Termometro_16F877A.c,37 :: 		TRISA = 0b11110101;                 //Configura todo PORT A: RD1 a RD3 como sada o restante como entrada
0x031C	0x30F5      	MOVLW      245
0x031D	0x0085      	MOVWF      TRISA
;Termometro_16F877A.c,38 :: 		TRISD = 0b00000100;                 //Configura o pino RD2 como entrada
0x031E	0x3004      	MOVLW      4
0x031F	0x0088      	MOVWF      TRISD
;Termometro_16F877A.c,39 :: 		PORTA = 0b00000000;                 //Inicializa os bits em low
0x0320	0x1283      	BCF        STATUS, 5
0x0321	0x0185      	CLRF       PORTA
;Termometro_16F877A.c,40 :: 		PORTD = 0b00000001;                 //Inicializa RD0 em high
0x0322	0x3001      	MOVLW      1
0x0323	0x0088      	MOVWF      PORTD
;Termometro_16F877A.c,42 :: 		Lcd_Init();
0x0324	0x22C6      	CALL       _Lcd_Init
;Termometro_16F877A.c,43 :: 		Lcd_Cmd(_LCD_CURSOR_OFF);
0x0325	0x300C      	MOVLW      12
0x0326	0x00D6      	MOVWF      FARG_Lcd_Cmd_out_char
0x0327	0x2018      	CALL       _Lcd_Cmd
;Termometro_16F877A.c,44 :: 		Lcd_Cmd(_LCD_CLEAR);
0x0328	0x3001      	MOVLW      1
0x0329	0x00D6      	MOVWF      FARG_Lcd_Cmd_out_char
0x032A	0x2018      	CALL       _Lcd_Cmd
;Termometro_16F877A.c,46 :: 		text = ("TEMPERATURA");
0x032B	0x3029      	MOVLW      ?lstr1_Termometro_16F877A
0x032C	0x00B7      	MOVWF      _text
;Termometro_16F877A.c,47 :: 		Lcd_Out(1, 3, text);
0x032D	0x3001      	MOVLW      1
0x032E	0x00D1      	MOVWF      FARG_Lcd_Out_row
0x032F	0x3003      	MOVLW      3
0x0330	0x00D2      	MOVWF      FARG_Lcd_Out_column
0x0331	0x0837      	MOVF       _text, 0
0x0332	0x00D3      	MOVWF      FARG_Lcd_Out_text
0x0333	0x2286      	CALL       _Lcd_Out
;Termometro_16F877A.c,48 :: 		text = ("Temp =");
0x0334	0x3022      	MOVLW      ?lstr2_Termometro_16F877A
0x0335	0x00B7      	MOVWF      _text
;Termometro_16F877A.c,49 :: 		Lcd_Out(2, 1, text);
0x0336	0x3002      	MOVLW      2
0x0337	0x00D1      	MOVWF      FARG_Lcd_Out_row
0x0338	0x3001      	MOVLW      1
0x0339	0x00D2      	MOVWF      FARG_Lcd_Out_column
0x033A	0x0837      	MOVF       _text, 0
0x033B	0x00D3      	MOVWF      FARG_Lcd_Out_text
0x033C	0x2286      	CALL       _Lcd_Out
;Termometro_16F877A.c,52 :: 		while(1){
L_main0:
;Termometro_16F877A.c,53 :: 		store = ADC_Read(0);
0x033D	0x01D1      	CLRF       FARG_ADC_Read_channel
0x033E	0x206E      	CALL       _ADC_Read
0x033F	0x0870      	MOVF       R0, 0
0x0340	0x1283      	BCF        STATUS, 5
0x0341	0x00BC      	MOVWF      _store
0x0342	0x0871      	MOVF       R0+1, 0
0x0343	0x00BD      	MOVWF      _store+1
0x0344	0x01BE      	CLRF       _store+2
0x0345	0x01BF      	CLRF       _store+3
;Termometro_16F877A.c,54 :: 		t_Celsius = (store * vdd * factor) / ad_resolution;
0x0346	0x083C      	MOVF       _store, 0
0x0347	0x00F0      	MOVWF      R0
0x0348	0x083D      	MOVF       _store+1, 0
0x0349	0x00F1      	MOVWF      R0+1
0x034A	0x083E      	MOVF       _store+2, 0
0x034B	0x00F2      	MOVWF      R0+2
0x034C	0x083F      	MOVF       _store+3, 0
0x034D	0x00F3      	MOVWF      R0+3
0x034E	0x3005      	MOVLW      5
0x034F	0x00F4      	MOVWF      R4
0x0350	0x01F5      	CLRF       R4+1
0x0351	0x01F6      	CLRF       R4+2
0x0352	0x01F7      	CLRF       R4+3
0x0353	0x2096      	CALL       _Mul_32x32_U
0x0354	0x3064      	MOVLW      100
0x0355	0x00F4      	MOVWF      R4
0x0356	0x01F5      	CLRF       R4+1
0x0357	0x01F6      	CLRF       R4+2
0x0358	0x01F7      	CLRF       R4+3
0x0359	0x2096      	CALL       _Mul_32x32_U
0x035A	0x0870      	MOVF       R0, 0
0x035B	0x00CD      	MOVWF      FLOC__main+8
0x035C	0x0871      	MOVF       R0+1, 0
0x035D	0x00CE      	MOVWF      FLOC__main+9
0x035E	0x0872      	MOVF       R0+2, 0
0x035F	0x00CF      	MOVWF      FLOC__main+10
0x0360	0x0873      	MOVF       R0+3, 0
0x0361	0x00D0      	MOVWF      FLOC__main+11
0x0362	0x30FF      	MOVLW      255
0x0363	0x00F4      	MOVWF      R4
0x0364	0x3003      	MOVLW      3
0x0365	0x00F5      	MOVWF      R4+1
0x0366	0x01F6      	CLRF       R4+2
0x0367	0x01F7      	CLRF       R4+3
0x0368	0x084D      	MOVF       FLOC__main+8, 0
0x0369	0x00F0      	MOVWF      R0
0x036A	0x084E      	MOVF       FLOC__main+9, 0
0x036B	0x00F1      	MOVWF      R0+1
0x036C	0x084F      	MOVF       FLOC__main+10, 0
0x036D	0x00F2      	MOVWF      R0+2
0x036E	0x0850      	MOVF       FLOC__main+11, 0
0x036F	0x00F3      	MOVWF      R0+3
0x0370	0x210E      	CALL       _Div_32x32_U
0x0371	0x0870      	MOVF       R0, 0
0x0372	0x00C5      	MOVWF      FLOC__main
0x0373	0x0871      	MOVF       R0+1, 0
0x0374	0x00C6      	MOVWF      FLOC__main+1
0x0375	0x0872      	MOVF       R0+2, 0
0x0376	0x00C7      	MOVWF      FLOC__main+2
0x0377	0x0873      	MOVF       R0+3, 0
0x0378	0x00C8      	MOVWF      FLOC__main+3
0x0379	0x0845      	MOVF       FLOC__main, 0
0x037A	0x00C1      	MOVWF      _t_Celsius
0x037B	0x0846      	MOVF       FLOC__main+1, 0
0x037C	0x00C2      	MOVWF      _t_Celsius+1
0x037D	0x0847      	MOVF       FLOC__main+2, 0
0x037E	0x00C3      	MOVWF      _t_Celsius+2
0x037F	0x0848      	MOVF       FLOC__main+3, 0
0x0380	0x00C4      	MOVWF      _t_Celsius+3
;Termometro_16F877A.c,55 :: 		dezena = t_Celsius / 10;
0x0381	0x300A      	MOVLW      10
0x0382	0x00F4      	MOVWF      R4
0x0383	0x01F5      	CLRF       R4+1
0x0384	0x01F6      	CLRF       R4+2
0x0385	0x01F7      	CLRF       R4+3
0x0386	0x0845      	MOVF       FLOC__main, 0
0x0387	0x00F0      	MOVWF      R0
0x0388	0x0846      	MOVF       FLOC__main+1, 0
0x0389	0x00F1      	MOVWF      R0+1
0x038A	0x0847      	MOVF       FLOC__main+2, 0
0x038B	0x00F2      	MOVWF      R0+2
0x038C	0x0848      	MOVF       FLOC__main+3, 0
0x038D	0x00F3      	MOVWF      R0+3
0x038E	0x210E      	CALL       _Div_32x32_U
0x038F	0x0870      	MOVF       R0, 0
0x0390	0x00C9      	MOVWF      FLOC__main+4
0x0391	0x0871      	MOVF       R0+1, 0
0x0392	0x00CA      	MOVWF      FLOC__main+5
0x0393	0x0872      	MOVF       R0+2, 0
0x0394	0x00CB      	MOVWF      FLOC__main+6
0x0395	0x0873      	MOVF       R0+3, 0
0x0396	0x00CC      	MOVWF      FLOC__main+7
0x0397	0x0849      	MOVF       FLOC__main+4, 0
0x0398	0x00C0      	MOVWF      _dezena
;Termometro_16F877A.c,56 :: 		unidade = t_Celsius % 10;
0x0399	0x300A      	MOVLW      10
0x039A	0x00F4      	MOVWF      R4
0x039B	0x01F5      	CLRF       R4+1
0x039C	0x01F6      	CLRF       R4+2
0x039D	0x01F7      	CLRF       R4+3
0x039E	0x0845      	MOVF       FLOC__main, 0
0x039F	0x00F0      	MOVWF      R0
0x03A0	0x0846      	MOVF       FLOC__main+1, 0
0x03A1	0x00F1      	MOVWF      R0+1
0x03A2	0x0847      	MOVF       FLOC__main+2, 0
0x03A3	0x00F2      	MOVWF      R0+2
0x03A4	0x0848      	MOVF       FLOC__main+3, 0
0x03A5	0x00F3      	MOVWF      R0+3
0x03A6	0x210E      	CALL       _Div_32x32_U
0x03A7	0x0878      	MOVF       R8, 0
0x03A8	0x00F0      	MOVWF      R0
0x03A9	0x0879      	MOVF       R8+1, 0
0x03AA	0x00F1      	MOVWF      R0+1
0x03AB	0x087A      	MOVF       R8+2, 0
0x03AC	0x00F2      	MOVWF      R0+2
0x03AD	0x087B      	MOVF       R8+3, 0
0x03AE	0x00F3      	MOVWF      R0+3
0x03AF	0x0870      	MOVF       R0, 0
0x03B0	0x00B9      	MOVWF      _unidade
;Termometro_16F877A.c,57 :: 		decimos = (((store * vdd * factor) % ad_resolution) * 10) / ad_resolution;
0x03B1	0x30FF      	MOVLW      255
0x03B2	0x00F4      	MOVWF      R4
0x03B3	0x3003      	MOVLW      3
0x03B4	0x00F5      	MOVWF      R4+1
0x03B5	0x01F6      	CLRF       R4+2
0x03B6	0x01F7      	CLRF       R4+3
0x03B7	0x084D      	MOVF       FLOC__main+8, 0
0x03B8	0x00F0      	MOVWF      R0
0x03B9	0x084E      	MOVF       FLOC__main+9, 0
0x03BA	0x00F1      	MOVWF      R0+1
0x03BB	0x084F      	MOVF       FLOC__main+10, 0
0x03BC	0x00F2      	MOVWF      R0+2
0x03BD	0x0850      	MOVF       FLOC__main+11, 0
0x03BE	0x00F3      	MOVWF      R0+3
0x03BF	0x210E      	CALL       _Div_32x32_U
0x03C0	0x0878      	MOVF       R8, 0
0x03C1	0x00F0      	MOVWF      R0
0x03C2	0x0879      	MOVF       R8+1, 0
0x03C3	0x00F1      	MOVWF      R0+1
0x03C4	0x087A      	MOVF       R8+2, 0
0x03C5	0x00F2      	MOVWF      R0+2
0x03C6	0x087B      	MOVF       R8+3, 0
0x03C7	0x00F3      	MOVWF      R0+3
0x03C8	0x300A      	MOVLW      10
0x03C9	0x00F4      	MOVWF      R4
0x03CA	0x01F5      	CLRF       R4+1
0x03CB	0x01F6      	CLRF       R4+2
0x03CC	0x01F7      	CLRF       R4+3
0x03CD	0x2096      	CALL       _Mul_32x32_U
0x03CE	0x0870      	MOVF       R0, 0
0x03CF	0x00C5      	MOVWF      FLOC__main
0x03D0	0x0871      	MOVF       R0+1, 0
0x03D1	0x00C6      	MOVWF      FLOC__main+1
0x03D2	0x0872      	MOVF       R0+2, 0
0x03D3	0x00C7      	MOVWF      FLOC__main+2
0x03D4	0x0873      	MOVF       R0+3, 0
0x03D5	0x00C8      	MOVWF      FLOC__main+3
0x03D6	0x30FF      	MOVLW      255
0x03D7	0x00F4      	MOVWF      R4
0x03D8	0x3003      	MOVLW      3
0x03D9	0x00F5      	MOVWF      R4+1
0x03DA	0x01F6      	CLRF       R4+2
0x03DB	0x01F7      	CLRF       R4+3
0x03DC	0x0845      	MOVF       FLOC__main, 0
0x03DD	0x00F0      	MOVWF      R0
0x03DE	0x0846      	MOVF       FLOC__main+1, 0
0x03DF	0x00F1      	MOVWF      R0+1
0x03E0	0x0847      	MOVF       FLOC__main+2, 0
0x03E1	0x00F2      	MOVWF      R0+2
0x03E2	0x0848      	MOVF       FLOC__main+3, 0
0x03E3	0x00F3      	MOVWF      R0+3
0x03E4	0x210E      	CALL       _Div_32x32_U
0x03E5	0x0870      	MOVF       R0, 0
0x03E6	0x00B8      	MOVWF      _decimos
;Termometro_16F877A.c,58 :: 		centesimos = (((((store * vdd * factor) % ad_resolution) * 10) % ad_resolution) * 10) / ad_resolution;
0x03E7	0x30FF      	MOVLW      255
0x03E8	0x00F4      	MOVWF      R4
0x03E9	0x3003      	MOVLW      3
0x03EA	0x00F5      	MOVWF      R4+1
0x03EB	0x01F6      	CLRF       R4+2
0x03EC	0x01F7      	CLRF       R4+3
0x03ED	0x0845      	MOVF       FLOC__main, 0
0x03EE	0x00F0      	MOVWF      R0
0x03EF	0x0846      	MOVF       FLOC__main+1, 0
0x03F0	0x00F1      	MOVWF      R0+1
0x03F1	0x0847      	MOVF       FLOC__main+2, 0
0x03F2	0x00F2      	MOVWF      R0+2
0x03F3	0x0848      	MOVF       FLOC__main+3, 0
0x03F4	0x00F3      	MOVWF      R0+3
0x03F5	0x210E      	CALL       _Div_32x32_U
0x03F6	0x0878      	MOVF       R8, 0
0x03F7	0x00F0      	MOVWF      R0
0x03F8	0x0879      	MOVF       R8+1, 0
0x03F9	0x00F1      	MOVWF      R0+1
0x03FA	0x087A      	MOVF       R8+2, 0
0x03FB	0x00F2      	MOVWF      R0+2
0x03FC	0x087B      	MOVF       R8+3, 0
0x03FD	0x00F3      	MOVWF      R0+3
0x03FE	0x300A      	MOVLW      10
0x03FF	0x00F4      	MOVWF      R4
0x0400	0x01F5      	CLRF       R4+1
0x0401	0x01F6      	CLRF       R4+2
0x0402	0x01F7      	CLRF       R4+3
0x0403	0x2096      	CALL       _Mul_32x32_U
0x0404	0x30FF      	MOVLW      255
0x0405	0x00F4      	MOVWF      R4
0x0406	0x3003      	MOVLW      3
0x0407	0x00F5      	MOVWF      R4+1
0x0408	0x01F6      	CLRF       R4+2
0x0409	0x01F7      	CLRF       R4+3
0x040A	0x210E      	CALL       _Div_32x32_U
0x040B	0x0870      	MOVF       R0, 0
0x040C	0x00BA      	MOVWF      _centesimos
;Termometro_16F877A.c,60 :: 		Lcd_Chr(2, 9, dezena + 48);
0x040D	0x3002      	MOVLW      2
0x040E	0x00D1      	MOVWF      FARG_Lcd_Chr_row
0x040F	0x3009      	MOVLW      9
0x0410	0x00D2      	MOVWF      FARG_Lcd_Chr_column
0x0411	0x3030      	MOVLW      48
0x0412	0x0749      	ADDWF      FLOC__main+4, 0
0x0413	0x00D3      	MOVWF      FARG_Lcd_Chr_out_char
0x0414	0x20CD      	CALL       _Lcd_Chr
;Termometro_16F877A.c,61 :: 		Lcd_Chr_Cp(unidade + 48);
0x0415	0x3030      	MOVLW      48
0x0416	0x0739      	ADDWF      _unidade, 0
0x0417	0x00D5      	MOVWF      FARG_Lcd_Chr_CP_out_char
0x0418	0x2066      	CALL       _Lcd_Chr_CP
;Termometro_16F877A.c,62 :: 		Lcd_Chr_Cp('.');
0x0419	0x302E      	MOVLW      46
0x041A	0x00D5      	MOVWF      FARG_Lcd_Chr_CP_out_char
0x041B	0x2066      	CALL       _Lcd_Chr_CP
;Termometro_16F877A.c,63 :: 		Lcd_Chr_Cp(decimos + 48);
0x041C	0x3030      	MOVLW      48
0x041D	0x0738      	ADDWF      _decimos, 0
0x041E	0x00D5      	MOVWF      FARG_Lcd_Chr_CP_out_char
0x041F	0x2066      	CALL       _Lcd_Chr_CP
;Termometro_16F877A.c,64 :: 		Lcd_Chr_Cp(centesimos + 48);
0x0420	0x3030      	MOVLW      48
0x0421	0x073A      	ADDWF      _centesimos, 0
0x0422	0x00D5      	MOVWF      FARG_Lcd_Chr_CP_out_char
0x0423	0x2066      	CALL       _Lcd_Chr_CP
;Termometro_16F877A.c,66 :: 		delay_ms(800);
0x0424	0x3005      	MOVLW      5
0x0425	0x00FB      	MOVWF      R11
0x0426	0x300F      	MOVLW      15
0x0427	0x00FC      	MOVWF      R12
0x0428	0x30F1      	MOVLW      241
0x0429	0x00FD      	MOVWF      R13
L_main2:
0x042A	0x0BFD      	DECFSZ     R13, 1
0x042B	0x2C2A      	GOTO       L_main2
0x042C	0x0BFC      	DECFSZ     R12, 1
0x042D	0x2C2A      	GOTO       L_main2
0x042E	0x0BFB      	DECFSZ     R11, 1
0x042F	0x2C2A      	GOTO       L_main2
;Termometro_16F877A.c,68 :: 		}
0x0430	0x2B3D      	GOTO       L_main0
;Termometro_16F877A.c,70 :: 		}
L_end_main:
0x0431	0x2C31      	GOTO       $+0
; end of _main
0x044C	0x3021      	MOVLW      33
0x044D	0x0084      	MOVWF      FSR
0x044E	0x3014      	MOVLW      20
0x044F	0x1283      	BCF        STATUS, 5
0x0450	0x1303      	BCF        STATUS, 6
0x0451	0x00F0      	MOVWF      R0
0x0452	0x3037      	MOVLW      55
0x0453	0x00B5      	MOVWF      ___DoICPAddr
0x0454	0x3004      	MOVLW      4
0x0455	0x00B6      	MOVWF      54
0x0456	0x2102      	CALL       258
0x0457	0x0008      	RETURN
;__Lib_ADC_A_C.c,0 :: ?ICS_vref_mask
0x0437	0x340F ;?ICS_vref_mask+0
; end of ?ICS_vref_mask
;Termometro_16F877A.c,0 :: ?ICS?lstr2_Termometro_16F877A
0x0438	0x3454 ;?ICS?lstr2_Termometro_16F877A+0
0x0439	0x3465 ;?ICS?lstr2_Termometro_16F877A+1
0x043A	0x346D ;?ICS?lstr2_Termometro_16F877A+2
0x043B	0x3470 ;?ICS?lstr2_Termometro_16F877A+3
0x043C	0x3420 ;?ICS?lstr2_Termometro_16F877A+4
0x043D	0x343D ;?ICS?lstr2_Termometro_16F877A+5
0x043E	0x3400 ;?ICS?lstr2_Termometro_16F877A+6
; end of ?ICS?lstr2_Termometro_16F877A
;Termometro_16F877A.c,0 :: ?ICS?lstr1_Termometro_16F877A
0x043F	0x3454 ;?ICS?lstr1_Termometro_16F877A+0
0x0440	0x3445 ;?ICS?lstr1_Termometro_16F877A+1
0x0441	0x344D ;?ICS?lstr1_Termometro_16F877A+2
0x0442	0x3450 ;?ICS?lstr1_Termometro_16F877A+3
0x0443	0x3445 ;?ICS?lstr1_Termometro_16F877A+4
0x0444	0x3452 ;?ICS?lstr1_Termometro_16F877A+5
0x0445	0x3441 ;?ICS?lstr1_Termometro_16F877A+6
0x0446	0x3454 ;?ICS?lstr1_Termometro_16F877A+7
0x0447	0x3455 ;?ICS?lstr1_Termometro_16F877A+8
0x0448	0x3452 ;?ICS?lstr1_Termometro_16F877A+9
0x0449	0x3441 ;?ICS?lstr1_Termometro_16F877A+10
0x044A	0x3400 ;?ICS?lstr1_Termometro_16F877A+11
; end of ?ICS?lstr1_Termometro_16F877A
Symbol List:
//** Routines locations **
//ADDRESS    SIZE    PROCEDURE
//----------------------------------------------
0x0003       [2]    _Delay_1us
0x0005      [11]    _Delay_5500us
0x0010       [8]    _Delay_50us
0x0018      [64]    _Lcd_Cmd
0x0058       [7]    _Delay_22us
0x005F       [7]    _____DoICP
0x0066       [8]    _Lcd_Chr_CP
0x006E      [40]    _ADC_Read
0x0096      [55]    _Mul_32x32_U
0x00CD      [53]    _Lcd_Chr
0x0102      [12]    ___CC2DW
0x010E     [376]    _Div_32x32_U
0x0286      [64]    _Lcd_Out
0x02C6      [78]    _Lcd_Init
0x0314     [285]    _main
//** Variables locations ** 
//ADDRESS    SIZE    VARIABLE
//----------------------------------------------
0x0000       [1]    INDF
0x0002       [1]    PCL
0x0003       [1]    STATUS
0x0004       [1]    FSR
0x0005       [0]    LCD_EN
0x0005       [0]    LCD_RS
0x0005       [0]    RA1_bit
0x0005       [0]    RA3_bit
0x0005       [1]    PORTA
0x0008       [1]    PORTD
0x0008       [0]    LCD_D4
0x0008       [0]    LCD_D7
0x0008       [0]    LCD_D6
0x0008       [0]    LCD_D5
0x0008       [0]    RD4_bit
0x0008       [0]    RD5_bit
0x0008       [0]    RD7_bit
0x0008       [0]    RD6_bit
0x000A       [1]    PCLATH
0x001E       [1]    ADRESH
0x001F       [1]    ADCON0
0x0020       [1]    ___math_tempb
0x0021       [1]    _vref_mask
0x0022       [7]    ?lstr2_Termometro_16F877A
0x0029      [12]    ?lstr1_Termometro_16F877A
0x0035       [2]    ___DoICPAddr
0x0037       [1]    _text
0x0038       [1]    _decimos
0x0039       [1]    _unidade
0x003A       [1]    _centesimos
0x003B       [0]    __Lib_Lcd_cmd_status
0x003C       [4]    _store
0x0040       [1]    _dezena
0x0041       [4]    _t_Celsius
0x0045      [12]    FLOC__main
0x0051       [1]    FARG_Lcd_Out_row
0x0051       [1]    FARG_Lcd_Chr_row
0x0051       [1]    FARG_ADC_Read_channel
0x0052       [1]    FARG_Lcd_Out_column
0x0052       [1]    FARG_Lcd_Chr_column
0x0053       [1]    FARG_Lcd_Out_text
0x0053       [1]    FARG_Lcd_Chr_out_char
0x0054       [1]    Lcd_Out_i_L0
0x0055       [1]    FARG_Lcd_Chr_CP_out_char
0x0056       [1]    FARG_Lcd_Cmd_out_char
0x0070       [1]    R0
0x0071       [1]    R1
0x0072       [1]    R2
0x0073       [1]    R3
0x0074       [1]    R4
0x0075       [1]    R5
0x0076       [1]    R6
0x0077       [1]    R7
0x0078       [1]    R8
0x0079       [1]    R9
0x007A       [1]    R10
0x007B       [1]    R11
0x007C       [1]    R12
0x007D       [1]    R13
0x007E       [1]    R14
0x007F       [1]    R15
0x0085       [0]    LCD_EN_Direction
0x0085       [0]    LCD_RS_Direction
0x0085       [1]    TRISA
0x0085       [0]    TRISA1_bit
0x0085       [0]    TRISA3_bit
0x0088       [0]    TRISD5_bit
0x0088       [0]    LCD_D7_Direction
0x0088       [0]    TRISD4_bit
0x0088       [0]    TRISD6_bit
0x0088       [0]    LCD_D4_Direction
0x0088       [0]    LCD_D5_Direction
0x0088       [1]    TRISD
0x0088       [0]    TRISD7_bit
0x0088       [0]    LCD_D6_Direction
0x009E       [1]    ADRESL
0x009F       [1]    ADCON1
//** Constants locations ** 
//ADDRESS    SIZE    CONSTANT
//----------------------------------------------
0x0437       [1]    ?ICS_vref_mask
0x0438       [7]    ?ICS?lstr2_Termometro_16F877A
0x043F      [12]    ?ICS?lstr1_Termometro_16F877A
