;  LST file generated by mikroListExporter - v.2.0 
; Date/Time: 30/7/2015 03:24:26
;----------------------------------------------

;Address Opcode 	ASM
0x0000	0x287F      	GOTO       127
_I2C1_Is_Idle:
0x0003	0x1683      	BSF        STATUS, 5
0x0004	0x1303      	BCF        STATUS, 6
0x0005	0x1914      	BTFSC      SSPSTAT, 2
0x0006	0x2811      	GOTO       L_I2C1_Is_Idle0
0x0007	0x301F      	MOVLW      31
0x0008	0x0511      	ANDWF      SSPCON2, 0
0x0009	0x00F1      	MOVWF      R1
0x000A	0x0871      	MOVF       R1, 0
0x000B	0x3A00      	XORLW      0
0x000C	0x1D03      	BTFSS      STATUS, 2
0x000D	0x2811      	GOTO       L_I2C1_Is_Idle1
0x000E	0x3001      	MOVLW      1
0x000F	0x00F0      	MOVWF      R0
0x0010	0x2812      	GOTO       L_end_I2C1_Is_Idle
L_I2C1_Is_Idle1:
L_I2C1_Is_Idle0:
0x0011	0x01F0      	CLRF       R0
L_end_I2C1_Is_Idle:
0x0012	0x0008      	RETURN
; end of _I2C1_Is_Idle
_I2C1_Init:
0x0013	0x1683      	BSF        STATUS, 5
0x0014	0x1303      	BCF        STATUS, 6
0x0015	0x1314      	BCF        SSPSTAT, 6
0x0016	0x1394      	BCF        SSPSTAT, 7
0x0017	0x1607      	BSF        TRISC4_bit, BitPos(TRISC4_bit+0)
0x0018	0x1587      	BSF        TRISC3_bit, BitPos(TRISC3_bit+0)
0x0019	0x3038      	MOVLW      56
0x001A	0x1283      	BCF        STATUS, 5
0x001B	0x0094      	MOVWF      SSPCON
L_end_I2C1_Init:
0x001C	0x0008      	RETURN
; end of _I2C1_Init
_I2C1_Start:
0x001D	0x1283      	BCF        STATUS, 5
0x001E	0x1303      	BCF        STATUS, 6
0x001F	0x01A2      	CLRF       I2C1_Start_j_L0
0x0020	0x01A3      	CLRF       I2C1_Start_j_L0+1
L_I2C1_Start2:
0x0021	0x0823      	MOVF       I2C1_Start_j_L0+1, 0
0x0022	0x3C12      	SUBLW      18
0x0023	0x1D03      	BTFSS      STATUS, 2
0x0024	0x2827      	GOTO       L__I2C1_Start27
0x0025	0x0822      	MOVF       I2C1_Start_j_L0, 0
0x0026	0x3C8E      	SUBLW      142
L__I2C1_Start27:
0x0027	0x1C03      	BTFSS      STATUS, 0
0x0028	0x2833      	GOTO       L_I2C1_Start3
0x0029	0x2003      	CALL       _I2C1_Is_Idle
0x002A	0x0870      	MOVF       R0, 0
0x002B	0x1903      	BTFSC      STATUS, 2
0x002C	0x282E      	GOTO       L_I2C1_Start5
0x002D	0x2833      	GOTO       L_I2C1_Start3
L_I2C1_Start5:
0x002E	0x1283      	BCF        STATUS, 5
0x002F	0x0AA2      	INCF       I2C1_Start_j_L0, 1
0x0030	0x1903      	BTFSC      STATUS, 2
0x0031	0x0AA3      	INCF       I2C1_Start_j_L0+1, 1
0x0032	0x2821      	GOTO       L_I2C1_Start2
L_I2C1_Start3:
0x0033	0x1283      	BCF        STATUS, 5
0x0034	0x3012      	MOVLW      18
0x0035	0x0223      	SUBWF      I2C1_Start_j_L0+1, 0
0x0036	0x1D03      	BTFSS      STATUS, 2
0x0037	0x283A      	GOTO       L__I2C1_Start28
0x0038	0x308F      	MOVLW      143
0x0039	0x0222      	SUBWF      I2C1_Start_j_L0, 0
L__I2C1_Start28:
0x003A	0x1C03      	BTFSS      STATUS, 0
0x003B	0x283F      	GOTO       L_I2C1_Start6
0x003C	0x307B      	MOVLW      123
0x003D	0x00F0      	MOVWF      R0
0x003E	0x2845      	GOTO       L_end_I2C1_Start
L_I2C1_Start6:
0x003F	0x1683      	BSF        STATUS, 5
0x0040	0x1411      	BSF        SSPCON2, 0
L_I2C1_Start8:
0x0041	0x1C11      	BTFSS      SSPCON2, 0
0x0042	0x2844      	GOTO       L_I2C1_Start9
0x0043	0x2841      	GOTO       L_I2C1_Start8
L_I2C1_Start9:
0x0044	0x01F0      	CLRF       R0
L_end_I2C1_Start:
0x0045	0x0008      	RETURN
; end of _I2C1_Start
_I2C1_Rd:
0x0046	0x1283      	BCF        STATUS, 5
0x0047	0x1303      	BCF        STATUS, 6
0x0048	0x118C      	BCF        PIR1, 3
0x0049	0x1683      	BSF        STATUS, 5
0x004A	0x1591      	BSF        SSPCON2, 3
L_I2C1_Rd12:
0x004B	0x1283      	BCF        STATUS, 5
0x004C	0x198C      	BTFSC      PIR1, 3
0x004D	0x284F      	GOTO       L_I2C1_Rd13
0x004E	0x284B      	GOTO       L_I2C1_Rd12
L_I2C1_Rd13:
0x004F	0x0813      	MOVF       SSPBUF, 0
0x0050	0x00F1      	MOVWF      R1
0x0051	0x0822      	MOVF       FARG_I2C1_Rd_ack, 0
0x0052	0x3A00      	XORLW      0
0x0053	0x1D03      	BTFSS      STATUS, 2
0x0054	0x2858      	GOTO       L_I2C1_Rd14
0x0055	0x1683      	BSF        STATUS, 5
0x0056	0x1691      	BSF        SSPCON2, 5
0x0057	0x285A      	GOTO       L_I2C1_Rd15
L_I2C1_Rd14:
0x0058	0x1683      	BSF        STATUS, 5
0x0059	0x1291      	BCF        SSPCON2, 5
L_I2C1_Rd15:
0x005A	0x1283      	BCF        STATUS, 5
0x005B	0x118C      	BCF        PIR1, 3
0x005C	0x1683      	BSF        STATUS, 5
0x005D	0x1611      	BSF        SSPCON2, 4
L_I2C1_Rd16:
0x005E	0x1283      	BCF        STATUS, 5
0x005F	0x198C      	BTFSC      PIR1, 3
0x0060	0x2862      	GOTO       L_I2C1_Rd17
0x0061	0x285E      	GOTO       L_I2C1_Rd16
L_I2C1_Rd17:
0x0062	0x0871      	MOVF       R1, 0
0x0063	0x00F0      	MOVWF      R0
L_end_I2C1_Rd:
0x0064	0x0008      	RETURN
; end of _I2C1_Rd
_I2C1_Wr:
0x0065	0x1283      	BCF        STATUS, 5
0x0066	0x1303      	BCF        STATUS, 6
0x0067	0x118C      	BCF        PIR1, 3
0x0068	0x0822      	MOVF       FARG_I2C1_Wr_data_, 0
0x0069	0x0093      	MOVWF      SSPBUF
L_I2C1_Wr18:
0x006A	0x1683      	BSF        STATUS, 5
0x006B	0x1D14      	BTFSS      SSPSTAT, 2
0x006C	0x286E      	GOTO       L_I2C1_Wr19
0x006D	0x286A      	GOTO       L_I2C1_Wr18
L_I2C1_Wr19:
L_I2C1_Wr20:
0x006E	0x1283      	BCF        STATUS, 5
0x006F	0x198C      	BTFSC      PIR1, 3
0x0070	0x2872      	GOTO       L_I2C1_Wr21
0x0071	0x286E      	GOTO       L_I2C1_Wr20
L_I2C1_Wr21:
0x0072	0x1683      	BSF        STATUS, 5
0x0073	0x1B11      	BTFSC      SSPCON2, 6
0x0074	0x2877      	GOTO       L_I2C1_Wr22
0x0075	0x01F0      	CLRF       R0
0x0076	0x287A      	GOTO       L_end_I2C1_Wr
L_I2C1_Wr22:
0x0077	0x1511      	BSF        SSPCON2, 2
0x0078	0x3002      	MOVLW      2
0x0079	0x00F0      	MOVWF      R0
L_end_I2C1_Wr:
0x007A	0x0008      	RETURN
; end of _I2C1_Wr
_I2C1_Stop:
0x007B	0x1683      	BSF        STATUS, 5
0x007C	0x1303      	BCF        STATUS, 6
0x007D	0x1511      	BSF        SSPCON2, 2
L_end_I2C1_Stop:
0x007E	0x0008      	RETURN
; end of _I2C1_Stop
_main:
0x007F	0x3014      	MOVLW      20
0x0080	0x1683      	BSF        STATUS, 5
0x0081	0x1303      	BCF        STATUS, 6
0x0082	0x0093      	MOVWF      SSPADD
0x0083	0x2013      	CALL       _I2C1_Init
0x0084	0x1683      	BSF        STATUS, 5
0x0085	0x0188      	CLRF       TRISD
0x0086	0x1283      	BCF        STATUS, 5
0x0087	0x0188      	CLRF       PORTD
0x0088	0x1683      	BSF        STATUS, 5
0x0089	0x1406      	BSF        TRISB0_bit, 0
0x008A	0x201D      	CALL       _I2C1_Start
0x008B	0x3042      	MOVLW      66
0x008C	0x1283      	BCF        STATUS, 5
0x008D	0x1303      	BCF        STATUS, 6
0x008E	0x00A2      	MOVWF      FARG_I2C1_Wr_data_
0x008F	0x2065      	CALL       _I2C1_Wr
0x0090	0x3041      	MOVLW      65
0x0091	0x1283      	BCF        STATUS, 5
0x0092	0x00A2      	MOVWF      FARG_I2C1_Wr_data_
0x0093	0x2065      	CALL       _I2C1_Wr
0x0094	0x207B      	CALL       _I2C1_Stop
0x0095	0x201D      	CALL       _I2C1_Start
0x0096	0x3041      	MOVLW      65
0x0097	0x1283      	BCF        STATUS, 5
0x0098	0x1303      	BCF        STATUS, 6
0x0099	0x00A2      	MOVWF      FARG_I2C1_Wr_data_
0x009A	0x2065      	CALL       _I2C1_Wr
0x009B	0x1283      	BCF        STATUS, 5
0x009C	0x01A2      	CLRF       FARG_I2C1_Rd_ack
0x009D	0x2046      	CALL       _I2C1_Rd
0x009E	0x0870      	MOVF       R0, 0
0x009F	0x0088      	MOVWF      PORTD
0x00A0	0x207B      	CALL       _I2C1_Stop
L_main0:
0x00A1	0x1283      	BCF        STATUS, 5
0x00A2	0x1806      	BTFSC      RB0_bit, 0
0x00A3	0x28BA      	GOTO       L_main3
0x00A4	0x201D      	CALL       _I2C1_Start
0x00A5	0x3041      	MOVLW      65
0x00A6	0x1283      	BCF        STATUS, 5
0x00A7	0x1303      	BCF        STATUS, 6
0x00A8	0x00A2      	MOVWF      FARG_I2C1_Wr_data_
0x00A9	0x2065      	CALL       _I2C1_Wr
0x00AA	0x1283      	BCF        STATUS, 5
0x00AB	0x01A2      	CLRF       FARG_I2C1_Rd_ack
0x00AC	0x2046      	CALL       _I2C1_Rd
0x00AD	0x0870      	MOVF       R0, 0
0x00AE	0x0088      	MOVWF      PORTD
0x00AF	0x207B      	CALL       _I2C1_Stop
0x00B0	0x300D      	MOVLW      13
0x00B1	0x00FC      	MOVWF      R12
0x00B2	0x30FB      	MOVLW      251
0x00B3	0x00FD      	MOVWF      R13
L_main4:
0x00B4	0x0BFD      	DECFSZ     R13, 1
0x00B5	0x28B4      	GOTO       L_main4
0x00B6	0x0BFC      	DECFSZ     R12, 1
0x00B7	0x28B4      	GOTO       L_main4
0x00B8	0x0000      	NOP
0x00B9	0x0000      	NOP
L_main3:
0x00BA	0x28A1      	GOTO       L_main0
L_end_main:
0x00BB	0x28BB      	GOTO       $+0
; end of _main
Symbol List:
//** Routines locations **
//ADDRESS    SIZE    PROCEDURE
//----------------------------------------------
0x0003      [16]    _I2C1_Is_Idle
0x0013      [10]    _I2C1_Init
0x001D      [41]    _I2C1_Start
0x0046      [31]    _I2C1_Rd
0x0065      [22]    _I2C1_Wr
0x007B       [4]    _I2C1_Stop
0x007F      [61]    _main
//** Variables locations ** 
//ADDRESS    SIZE    VARIABLE
//----------------------------------------------
0x0000       [1]    INDF
0x0003       [1]    STATUS
0x0004       [1]    FSR
0x0006       [0]    RB0_bit
0x0008       [1]    PORTD
0x000A       [1]    PCLATH
0x000C       [1]    PIR1
0x0013       [1]    SSPBUF
0x0014       [1]    SSPCON
0x0020       [2]    ___DoICPAddr
0x0022       [1]    FARG_I2C1_Rd_ack
0x0022       [1]    FARG_I2C1_Wr_data_
0x0022       [4]    FARG_I2C1_Init_clock
0x0022       [2]    I2C1_Start_j_L0
0x0070       [1]    R0
0x0071       [1]    R1
0x0072       [1]    R2
0x0073       [1]    R3
0x0074       [1]    R4
0x0075       [1]    R5
0x0076       [1]    R6
0x0077       [1]    R7
0x0078       [1]    R8
0x0079       [1]    R9
0x007A       [1]    R10
0x007B       [1]    R11
0x007C       [1]    R12
0x007D       [1]    R13
0x007E       [1]    R14
0x007F       [1]    R15
0x0086       [0]    TRISB0_bit
0x0087       [0]    TRISC3_bit
0x0087       [0]    TRISC4_bit
0x0088       [1]    TRISD
0x0091       [1]    SSPCON2
0x0093       [1]    SSPADD
0x0094       [1]    SSPSTAT
//** Label List: ** 
//----------------------------------------------
  L_main0
  L_main1
  L_main2
  L_main3
  L_main4
  L_end_main
  _main
  L_I2C1_Is_Idle0
  L_I2C1_Is_Idle1
  L_I2C1_Start2
  L_I2C1_Start3
  L_I2C1_Start4
  L_I2C1_Start5
  L_I2C1_Start6
  L_I2C1_Start7
  L_I2C1_Start8
  L_I2C1_Start9
  L_I2C1_Repeated_Start10
  L_I2C1_Repeated_Start11
  L_I2C1_Rd12
  L_I2C1_Rd13
  L_I2C1_Rd14
  L_I2C1_Rd15
  L_I2C1_Rd16
  L_I2C1_Rd17
  L_I2C1_Wr18
  L_I2C1_Wr19
  L_I2C1_Wr20
  L_I2C1_Wr21
  L_I2C1_Wr22
  L_I2C1_Wr23
  L_end_I2C1_Init
  _I2C1_Init
  L_end_I2C1_Is_Idle
  _I2C1_Is_Idle
  L_end_I2C1_Start
  _I2C1_Start
  L__I2C1_Start27
  L__I2C1_Start28
  L_end_I2C1_Repeated_Start
  _I2C1_Repeated_Start
  L_end_I2C1_Rd
  _I2C1_Rd
  L_end_I2C1_Wr
  _I2C1_Wr
  L_end_I2C1_Stop
  _I2C1_Stop
