MPASM  5.51                       AULA053.ASM   6-15-2023  14:38:01         PAGE  1


LOC  OBJECT CODE     LINE SOURCE TEXT
  VALUE

                      00001         TITLE           "AULA53- TIMER 0"
                      00002         PROCESSOR       16F84A
                      00003         #INCLUDE        <P16F84A.INC>
                      00001         LIST
                      00002 
                      00003 ;==========================================================================
                      00004 ;  MPASM PIC16F84A processor include
                      00005 ; 
                      00006 ;  (c) Copyright 1999-2013 Microchip Technology, All rights reserved
                      00007 ;==========================================================================
                      00008 
                      00208         LIST
2007   3FF1           00004         __CONFIG        _XT_OSC & _CP_OFF & _WDT_OFF & _PWRTE_ON
                      00005 
                      00006 ;++++++++++++++++++++++++++++++++++++++++++++++++++++++++++++++++++++++++++++++
                      00007 
                      00008         ;REGISTRADORES BANCO 0
                      00009         #DEFINE         FLAG            INTCON, T0IF                    ; BIT 3
                      00010         
                      00011         ;REGISTRADORES BANCO 1
                      00012         #DEFINE         INC_TIMER0      OPTION_REG, T0CS                ; BIT 5
                      00013         #DEFINE         PRESCALER       OPTION_REG, PSA                 ; BIT 3
                      00014         #DEFINE         BIT_PS2         OPTION_REG, PS2                 ; BIT 2
                      00015         #DEFINE         BIT_PS1         OPTION_REG, PS1                 ; BIT 1
                      00016         #DEFINE         BIT_PS0         OPTION_REG, PS0                 ; BIT 0
                      00017         
                      00018         ;GERAL
                      00019         #DEFINE         BANCO0          BCF             STATUS, RP0             ;BIT 5
                      00020         #DEFINE         BANCO1          BSF             STATUS, RP0             ;BIT 5
                      00021         #DEFINE         LED1            PORTB, RB1
                      00022         #DEFINE         LED2            PORTB, RB2
                      00023         #DEFINE         LED_RB          PORTA, RA1                              ;LED DA INTERRUPÇÃO RB
                      00024         #DEFINE         LED_RB0         PORTA, RA2                              ;LED DA INTERRUPÇÃO RB0
                      00025         
                      00026 ;++++++++++++++++++++++++++++++++++++++++++++++++++++++++++++++++++++++++++++++
                      00027 
Warning[207]: Found label after column 1. (TEMPO1)
  0000000C            00028         TEMPO1          EQU                     0X0C
Warning[207]: Found label after column 1. (TEMPO2)
  0000000D            00029         TEMPO2          EQU                     0X0D
                      00030 
                      00031 ;++++++++++++++++++++++++++++++++++++++++++++++++++++++++++++++++++++++++++++++
                      00032 
0000                  00033         ORG                     0X00
0000   2805           00034         GOTO            INICIO
                      00035         
0004                  00036         ORG                     0X04
0004   0009           00037         RETFIE
                      00038         
                      00039 ;++++++++++++++++++++++++++++++++++++++++++++++++++++++++++++++++++++++++++++++
                      00040 
0005                  00041 INICIO:
                      00042         
MPASM  5.51                       AULA053.ASM   6-15-2023  14:38:01         PAGE  2
AULA53- TIMER 0

LOC  OBJECT CODE     LINE SOURCE TEXT
  VALUE

0005   1683           00043         BANCO1                                                                  ;PODERIA USAR: BANKSEL T
                            RISB
Message[302]: Register in operand not in bank 0.  Ensure that bank bits are correct.
0006   0186           00044         CLRF            TRISB                                           ;PORT B COMO SAÍDA
0007   018B           00045         CLRF            INTCON                                          ;INICIA/LIMPA TODAS AS INTERRUPÇ
                            ÕES E FLAGS
Message[302]: Register in operand not in bank 0.  Ensure that bank bits are correct.
0008   1281           00046         BCF                     INC_TIMER0
Message[302]: Register in operand not in bank 0.  Ensure that bank bits are correct.
0009   1181           00047         BCF                     PRESCALER
Message[302]: Register in operand not in bank 0.  Ensure that bank bits are correct.
000A   1101           00048         BCF                     BIT_PS2
Message[302]: Register in operand not in bank 0.  Ensure that bank bits are correct.
000B   1081           00049         BCF                     BIT_PS1
Message[302]: Register in operand not in bank 0.  Ensure that bank bits are correct.
000C   1001           00050         BCF                     BIT_PS0
                      00051         
000D   1283           00052         BANCO0                                                                  ;PODERIA USAR: BANKSEL P
                            ORTB
000E   0186           00053         CLRF            PORTB
                      00054 
000F   30FA           00055         MOVLW           D'250'
0010   0081           00056         MOVWF           TMR0
0011                  00057 LOOP:
0011   2811           00058         GOTO            LOOP
                      00059         
                      00060         END
MPASM  5.51                       AULA053.ASM   6-15-2023  14:38:01         PAGE  3
AULA53- TIMER 0

SYMBOL TABLE
  LABEL                             VALUE 

BANCO0                            BCF             STATUS, RP0
BANCO1                            BSF             STATUS, RP0
BIT_PS0                           OPTION_REG, PS0
BIT_PS1                           OPTION_REG, PS1
BIT_PS2                           OPTION_REG, PS2
C                                 00000000
DC                                00000001
EEADR                             00000009
EECON1                            00000088
EECON2                            00000089
EEDATA                            00000008
EEIE                              00000006
EEIF                              00000004
F                                 00000001
FLAG                              INTCON, T0IF
FSR                               00000004
GIE                               00000007
INC_TIMER0                        OPTION_REG, T0CS
INDF                              00000000
INICIO                            00000005
INTCON                            0000000B
INTE                              00000004
INTEDG                            00000006
INTF                              00000001
IRP                               00000007
LED1                              PORTB, RB1
LED2                              PORTB, RB2
LED_RB                            PORTA, RA1
LED_RB0                           PORTA, RA2
LOOP                              00000011
NOT_PD                            00000003
NOT_RBPU                          00000007
NOT_TO                            00000004
OPTION_REG                        00000081
PCL                               00000002
PCLATH                            0000000A
PORTA                             00000005
PORTB                             00000006
PRESCALER                         OPTION_REG, PSA
PS0                               00000000
PS1                               00000001
PS2                               00000002
PSA                               00000003
RA0                               00000000
RA1                               00000001
RA2                               00000002
RA3                               00000003
RA4                               00000004
RB0                               00000000
RB1                               00000001
RB2                               00000002
RB3                               00000003
RB4                               00000004
MPASM  5.51                       AULA053.ASM   6-15-2023  14:38:01         PAGE  4
AULA53- TIMER 0

SYMBOL TABLE
  LABEL                             VALUE 

RB5                               00000005
RB6                               00000006
RB7                               00000007
RBIE                              00000003
RBIF                              00000000
RD                                00000000
RP0                               00000005
RP1                               00000006
STATUS                            00000003
T0CS                              00000005
T0IE                              00000005
T0IF                              00000002
T0SE                              00000004
TEMPO1                            0000000C
TEMPO2                            0000000D
TMR0                              00000001
TMR0IE                            00000005
TMR0IF                            00000002
TRISA                             00000085
TRISA0                            00000000
TRISA1                            00000001
TRISA2                            00000002
TRISA3                            00000003
TRISA4                            00000004
TRISB                             00000086
TRISB0                            00000000
TRISB1                            00000001
TRISB2                            00000002
TRISB3                            00000003
TRISB4                            00000004
TRISB5                            00000005
TRISB6                            00000006
TRISB7                            00000007
W                                 00000000
WR                                00000001
WREN                              00000002
WRERR                             00000003
Z                                 00000002
_CONFIG                           00002007
_CP_OFF                           00003FFF
_CP_ON                            0000000F
_DEVID1                           00002006
_FOSC_EXTRC                       00003FFF
_FOSC_HS                          00003FFE
_FOSC_LP                          00003FFC
_FOSC_XT                          00003FFD
_HS_OSC                           00003FFE
_IDLOC0                           00002000
_IDLOC1                           00002001
_IDLOC2                           00002002
_IDLOC3                           00002003
_LP_OSC                           00003FFC
_PWRTE_OFF                        00003FFF
MPASM  5.51                       AULA053.ASM   6-15-2023  14:38:01         PAGE  5
AULA53- TIMER 0

SYMBOL TABLE
  LABEL                             VALUE 

_PWRTE_ON                         00003FF7
_RC_OSC                           00003FFF
_WDTE_OFF                         00003FFB
_WDTE_ON                          00003FFF
_WDT_OFF                          00003FFB
_WDT_ON                           00003FFF
_XT_OSC                           00003FFD
__16F84A                          00000001
__DEBUG                           1


MEMORY USAGE MAP ('X' = Used,  '-' = Unused)

0000 : X---XXXXXXXXXXXX XX-------------- ---------------- ----------------
2000 : -------X-------- ---------------- ---------------- ----------------

All other memory blocks unused.

Program Memory Words Used:    15
Program Memory Words Free:  1009


Errors   :     0
Warnings :     2 reported,     0 suppressed
Messages :     6 reported,     0 suppressed

