;  LST file generated by mikroListExporter - v.2.0 
; Date/Time: 16/02/2023 13:08:31
;----------------------------------------------

;Address Opcode 	ASM
0x0000	0x2A0A      	GOTO       522
_Delay_1us:
;__Lib_Delays.c,7 :: 		void Delay_1us() {
;__Lib_Delays.c,8 :: 		Delay_us(1);
0x0003	0x0000      	NOP
0x0004	0x0000      	NOP
;__Lib_Delays.c,9 :: 		}
0x0005	0x0008      	RETURN
; end of _Delay_1us
_Delay_5500us:
;__Lib_Delays.c,31 :: 		void Delay_5500us() {
;__Lib_Delays.c,32 :: 		Delay_us(5500);
0x0006	0x300F      	MOVLW      15
0x0007	0x1283      	BCF        STATUS, 5
0x0008	0x1303      	BCF        STATUS, 6
0x0009	0x00FC      	MOVWF      R12
0x000A	0x3047      	MOVLW      71
0x000B	0x00FD      	MOVWF      R13
L_Delay_5500us5:
0x000C	0x0BFD      	DECFSZ     R13, 1
0x000D	0x280C      	GOTO       L_Delay_5500us5
0x000E	0x0BFC      	DECFSZ     R12, 1
0x000F	0x280C      	GOTO       L_Delay_5500us5
0x0010	0x0000      	NOP
0x0011	0x0000      	NOP
;__Lib_Delays.c,33 :: 		}
0x0012	0x0008      	RETURN
; end of _Delay_5500us
_Delay_50us:
;__Lib_Delays.c,19 :: 		void Delay_50us() {
;__Lib_Delays.c,20 :: 		Delay_us(50);
0x0013	0x3021      	MOVLW      33
0x0014	0x1283      	BCF        STATUS, 5
0x0015	0x1303      	BCF        STATUS, 6
0x0016	0x00FD      	MOVWF      R13
L_Delay_50us2:
0x0017	0x0BFD      	DECFSZ     R13, 1
0x0018	0x2817      	GOTO       L_Delay_50us2
;__Lib_Delays.c,21 :: 		}
0x0019	0x0008      	RETURN
; end of _Delay_50us
_Lcd_Cmd:
;__Lib_Lcd.c,18 :: 		
;__Lib_Lcd.c,20 :: 		
0x001A	0x1283      	BCF        STATUS, 5
0x001B	0x1303      	BCF        STATUS, 6
0x001C	0x1BD0      	BTFSC      FARG_Lcd_Cmd_out_char, 7
0x001D	0x2820      	GOTO       L__Lcd_Cmd20
0x001E	0x1386      	BCF        LCD_D7, BitPos(LCD_D7+0)
0x001F	0x2821      	GOTO       L__Lcd_Cmd21
L__Lcd_Cmd20:
0x0020	0x1786      	BSF        LCD_D7, BitPos(LCD_D7+0)
L__Lcd_Cmd21:
;__Lib_Lcd.c,21 :: 		
0x0021	0x1B50      	BTFSC      FARG_Lcd_Cmd_out_char, 6
0x0022	0x2825      	GOTO       L__Lcd_Cmd22
0x0023	0x1306      	BCF        LCD_D6, BitPos(LCD_D6+0)
0x0024	0x2826      	GOTO       L__Lcd_Cmd23
L__Lcd_Cmd22:
0x0025	0x1706      	BSF        LCD_D6, BitPos(LCD_D6+0)
L__Lcd_Cmd23:
;__Lib_Lcd.c,22 :: 		
0x0026	0x1AD0      	BTFSC      FARG_Lcd_Cmd_out_char, 5
0x0027	0x282A      	GOTO       L__Lcd_Cmd24
0x0028	0x1286      	BCF        LCD_D5, BitPos(LCD_D5+0)
0x0029	0x282B      	GOTO       L__Lcd_Cmd25
L__Lcd_Cmd24:
0x002A	0x1686      	BSF        LCD_D5, BitPos(LCD_D5+0)
L__Lcd_Cmd25:
;__Lib_Lcd.c,23 :: 		
0x002B	0x1A50      	BTFSC      FARG_Lcd_Cmd_out_char, 4
0x002C	0x282F      	GOTO       L__Lcd_Cmd26
0x002D	0x1206      	BCF        LCD_D4, BitPos(LCD_D4+0)
0x002E	0x2830      	GOTO       L__Lcd_Cmd27
L__Lcd_Cmd26:
0x002F	0x1606      	BSF        LCD_D4, BitPos(LCD_D4+0)
L__Lcd_Cmd27:
;__Lib_Lcd.c,25 :: 		
0x0030	0x1845      	BTFSC      __Lib_Lcd_cmd_status, BitPos(__Lib_Lcd_cmd_status+0)
0x0031	0x2834      	GOTO       L__Lcd_Cmd28
0x0032	0x1506      	BSF        LCD_RS, BitPos(LCD_RS+0)
0x0033	0x2835      	GOTO       L__Lcd_Cmd29
L__Lcd_Cmd28:
0x0034	0x1106      	BCF        LCD_RS, BitPos(LCD_RS+0)
L__Lcd_Cmd29:
;__Lib_Lcd.c,28 :: 		
0x0035	0x1586      	BSF        LCD_EN, BitPos(LCD_EN+0)
;__Lib_Lcd.c,29 :: 		
0x0036	0x2003      	CALL       _Delay_1us
;__Lib_Lcd.c,30 :: 		
0x0037	0x1186      	BCF        LCD_EN, BitPos(LCD_EN+0)
;__Lib_Lcd.c,33 :: 		
0x0038	0x19D0      	BTFSC      FARG_Lcd_Cmd_out_char, 3
0x0039	0x283C      	GOTO       L__Lcd_Cmd30
0x003A	0x1386      	BCF        LCD_D7, BitPos(LCD_D7+0)
0x003B	0x283D      	GOTO       L__Lcd_Cmd31
L__Lcd_Cmd30:
0x003C	0x1786      	BSF        LCD_D7, BitPos(LCD_D7+0)
L__Lcd_Cmd31:
;__Lib_Lcd.c,34 :: 		
0x003D	0x1950      	BTFSC      FARG_Lcd_Cmd_out_char, 2
0x003E	0x2841      	GOTO       L__Lcd_Cmd32
0x003F	0x1306      	BCF        LCD_D6, BitPos(LCD_D6+0)
0x0040	0x2842      	GOTO       L__Lcd_Cmd33
L__Lcd_Cmd32:
0x0041	0x1706      	BSF        LCD_D6, BitPos(LCD_D6+0)
L__Lcd_Cmd33:
;__Lib_Lcd.c,35 :: 		
0x0042	0x18D0      	BTFSC      FARG_Lcd_Cmd_out_char, 1
0x0043	0x2846      	GOTO       L__Lcd_Cmd34
0x0044	0x1286      	BCF        LCD_D5, BitPos(LCD_D5+0)
0x0045	0x2847      	GOTO       L__Lcd_Cmd35
L__Lcd_Cmd34:
0x0046	0x1686      	BSF        LCD_D5, BitPos(LCD_D5+0)
L__Lcd_Cmd35:
;__Lib_Lcd.c,36 :: 		
0x0047	0x1850      	BTFSC      FARG_Lcd_Cmd_out_char, 0
0x0048	0x284B      	GOTO       L__Lcd_Cmd36
0x0049	0x1206      	BCF        LCD_D4, BitPos(LCD_D4+0)
0x004A	0x284C      	GOTO       L__Lcd_Cmd37
L__Lcd_Cmd36:
0x004B	0x1606      	BSF        LCD_D4, BitPos(LCD_D4+0)
L__Lcd_Cmd37:
;__Lib_Lcd.c,38 :: 		
0x004C	0x1845      	BTFSC      __Lib_Lcd_cmd_status, BitPos(__Lib_Lcd_cmd_status+0)
0x004D	0x2850      	GOTO       L__Lcd_Cmd38
0x004E	0x1506      	BSF        LCD_RS, BitPos(LCD_RS+0)
0x004F	0x2851      	GOTO       L__Lcd_Cmd39
L__Lcd_Cmd38:
0x0050	0x1106      	BCF        LCD_RS, BitPos(LCD_RS+0)
L__Lcd_Cmd39:
;__Lib_Lcd.c,40 :: 		
0x0051	0x1586      	BSF        LCD_EN, BitPos(LCD_EN+0)
;__Lib_Lcd.c,41 :: 		
0x0052	0x2003      	CALL       _Delay_1us
;__Lib_Lcd.c,42 :: 		
0x0053	0x1186      	BCF        LCD_EN, BitPos(LCD_EN+0)
;__Lib_Lcd.c,44 :: 		
0x0054	0x1C45      	BTFSS      __Lib_Lcd_cmd_status, BitPos(__Lib_Lcd_cmd_status+0)
0x0055	0x2858      	GOTO       L_Lcd_Cmd0
;__Lib_Lcd.c,45 :: 		
0x0056	0x2006      	CALL       _Delay_5500us
0x0057	0x2859      	GOTO       L_Lcd_Cmd1
L_Lcd_Cmd0:
;__Lib_Lcd.c,47 :: 		
0x0058	0x2013      	CALL       _Delay_50us
L_Lcd_Cmd1:
;__Lib_Lcd.c,48 :: 		
0x0059	0x0008      	RETURN
; end of _Lcd_Cmd
_Delay_10us:
;__Lib_Delays.c,11 :: 		void Delay_10us() {
;__Lib_Delays.c,12 :: 		Delay_us(10);
0x005A	0x3006      	MOVLW      6
0x005B	0x1283      	BCF        STATUS, 5
0x005C	0x1303      	BCF        STATUS, 6
0x005D	0x00FD      	MOVWF      R13
L_Delay_10us0:
0x005E	0x0BFD      	DECFSZ     R13, 1
0x005F	0x285E      	GOTO       L_Delay_10us0
0x0060	0x0000      	NOP
;__Lib_Delays.c,13 :: 		}
0x0061	0x0008      	RETURN
; end of _Delay_10us
_Keypad_Key_Press:
;__Lib_Keypad4x4.c,38 :: 		
;__Lib_Keypad4x4.c,42 :: 		
0x0062	0x1283      	BCF        STATUS, 5
0x0063	0x1303      	BCF        STATUS, 6
0x0064	0x01CB      	CLRF       Keypad_Key_Press_rslt_L0
;__Lib_Keypad4x4.c,43 :: 		
0x0065	0x01CD      	CLRF       Keypad_Key_Press_loc_L0
;__Lib_Keypad4x4.c,44 :: 		
0x0066	0x01CE      	CLRF       Keypad_Key_Press_rowcnt_L0
;__Lib_Keypad4x4.c,45 :: 		
0x0067	0x3010      	MOVLW      16
0x0068	0x00CF      	MOVWF      Keypad_Key_Press_shifter_L0
;__Lib_Keypad4x4.c,47 :: 		
L_Keypad_Key_Press0:
0x0069	0x3004      	MOVLW      4
0x006A	0x024E      	SUBWF      Keypad_Key_Press_rowcnt_L0, 0
0x006B	0x1803      	BTFSC      STATUS, 0
0x006C	0x288E      	GOTO       L_Keypad_Key_Press1
;__Lib_Keypad4x4.c,49 :: 		
0x006D	0x30F0      	MOVLW      240
0x006E	0x0088      	MOVWF      keypadPort
;__Lib_Keypad4x4.c,50 :: 		
0x006F	0x094F      	COMF       Keypad_Key_Press_shifter_L0, 0
0x0070	0x1683      	BSF        STATUS, 5
0x0071	0x0088      	MOVWF      keypadPort+128
;__Lib_Keypad4x4.c,54 :: 		
0x0072	0x2003      	CALL       _Delay_1us
;__Lib_Keypad4x4.c,55 :: 		
0x0073	0x2003      	CALL       _Delay_1us
;__Lib_Keypad4x4.c,56 :: 		
0x0074	0x300F      	MOVLW      15
0x0075	0x1283      	BCF        STATUS, 5
0x0076	0x0508      	ANDWF      keypadPort, 0
0x0077	0x00F0      	MOVWF      R0
0x0078	0x0870      	MOVF       R0, 0
0x0079	0x00CC      	MOVWF      Keypad_Key_Press_kdata_L0
;__Lib_Keypad4x4.c,57 :: 		
0x007A	0x0870      	MOVF       R0, 0
0x007B	0x1903      	BTFSC      STATUS, 2
0x007C	0x2888      	GOTO       L_Keypad_Key_Press2
;__Lib_Keypad4x4.c,59 :: 		
0x007D	0x084D      	MOVF       Keypad_Key_Press_loc_L0, 0
0x007E	0x00CB      	MOVWF      Keypad_Key_Press_rslt_L0
;__Lib_Keypad4x4.c,60 :: 		
L_Keypad_Key_Press3:
0x007F	0x084C      	MOVF       Keypad_Key_Press_kdata_L0, 0
0x0080	0x1903      	BTFSC      STATUS, 2
0x0081	0x2886      	GOTO       L_Keypad_Key_Press4
;__Lib_Keypad4x4.c,61 :: 		
0x0082	0x0CCC      	RRF        Keypad_Key_Press_kdata_L0, 1
0x0083	0x13CC      	BCF        Keypad_Key_Press_kdata_L0, 7
;__Lib_Keypad4x4.c,62 :: 		
0x0084	0x0ACB      	INCF       Keypad_Key_Press_rslt_L0, 1
;__Lib_Keypad4x4.c,63 :: 		
0x0085	0x287F      	GOTO       L_Keypad_Key_Press3
L_Keypad_Key_Press4:
;__Lib_Keypad4x4.c,65 :: 		
0x0086	0x3004      	MOVLW      4
0x0087	0x00CE      	MOVWF      Keypad_Key_Press_rowcnt_L0
;__Lib_Keypad4x4.c,66 :: 		
L_Keypad_Key_Press2:
;__Lib_Keypad4x4.c,67 :: 		
0x0088	0x0DCF      	RLF        Keypad_Key_Press_shifter_L0, 1
0x0089	0x104F      	BCF        Keypad_Key_Press_shifter_L0, 0
;__Lib_Keypad4x4.c,68 :: 		
0x008A	0x3004      	MOVLW      4
0x008B	0x07CD      	ADDWF      Keypad_Key_Press_loc_L0, 1
;__Lib_Keypad4x4.c,69 :: 		
0x008C	0x0ACE      	INCF       Keypad_Key_Press_rowcnt_L0, 1
;__Lib_Keypad4x4.c,70 :: 		
0x008D	0x2869      	GOTO       L_Keypad_Key_Press0
L_Keypad_Key_Press1:
;__Lib_Keypad4x4.c,72 :: 		
0x008E	0x084B      	MOVF       Keypad_Key_Press_rslt_L0, 0
0x008F	0x00F0      	MOVWF      R0
;__Lib_Keypad4x4.c,73 :: 		
0x0090	0x0008      	RETURN
; end of _Keypad_Key_Press
_____DoICP:
;__Lib_System.c,6 :: 		
;__Lib_System.c,9 :: 		
0x0091	0x1283      	BCF        STATUS, 5
0x0092	0x1303      	BCF        STATUS, 6
0x0093	0x083C      	MOVF       ___DoICPAddr+1, 0
0x0094	0x008A      	MOVWF      PCLATH
;__Lib_System.c,10 :: 		
0x0095	0x083B      	MOVF       ___DoICPAddr, 0
0x0096	0x0082      	MOVWF      PCL
;__Lib_System.c,12 :: 		
0x0097	0x0008      	RETURN
; end of _____DoICP
_Div_16x16_U:
;__Lib_Math.c,215 :: 		
;__Lib_Math.c,222 :: 		
0x0098	0x1283      	BCF        STATUS, 5
;__Lib_Math.c,223 :: 		
0x0099	0x1303      	BCF        STATUS, 6
;__Lib_Math.c,224 :: 		
0x009A	0x01F8      	CLRF       R8
;__Lib_Math.c,225 :: 		
0x009B	0x01F9      	CLRF       R9
;__Lib_Math.c,226 :: 		
0x009C	0x3010      	MOVLW      16
;__Lib_Math.c,227 :: 		
0x009D	0x00FC      	MOVWF      R12
;__Lib_Math.c,228 :: 		
0x009E	0x0D71      	RLF        R1, 0
;__Lib_Math.c,229 :: 		
0x009F	0x0DF8      	RLF        R8, 1
;__Lib_Math.c,230 :: 		
0x00A0	0x0DF9      	RLF        R9, 1
;__Lib_Math.c,231 :: 		
0x00A1	0x0874      	MOVF       R4, 0
;__Lib_Math.c,232 :: 		
0x00A2	0x02F8      	SUBWF      R8, 1
;__Lib_Math.c,233 :: 		
0x00A3	0x0875      	MOVF       R5, 0
;__Lib_Math.c,234 :: 		
0x00A4	0x1C03      	BTFSS      STATUS, 0
;__Lib_Math.c,235 :: 		
0x00A5	0x0F75      	INCFSZ     R5, 0
;__Lib_Math.c,236 :: 		
0x00A6	0x02F9      	SUBWF      R9, 1
;__Lib_Math.c,237 :: 		
0x00A7	0x1803      	BTFSC      STATUS, 0
;__Lib_Math.c,238 :: 		
0x00A8	0x28B0      	GOTO       $+8
;__Lib_Math.c,239 :: 		
0x00A9	0x0874      	MOVF       R4, 0
;__Lib_Math.c,240 :: 		
0x00AA	0x07F8      	ADDWF      R8, 1
;__Lib_Math.c,241 :: 		
0x00AB	0x0875      	MOVF       R5, 0
;__Lib_Math.c,242 :: 		
0x00AC	0x1803      	BTFSC      STATUS, 0
;__Lib_Math.c,243 :: 		
0x00AD	0x0F75      	INCFSZ     R5, 0
;__Lib_Math.c,244 :: 		
0x00AE	0x07F9      	ADDWF      R9, 1
;__Lib_Math.c,245 :: 		
0x00AF	0x1003      	BCF        STATUS, 0
;__Lib_Math.c,246 :: 		
0x00B0	0x0DF0      	RLF        R0, 1
;__Lib_Math.c,247 :: 		
0x00B1	0x0DF1      	RLF        R1, 1
;__Lib_Math.c,248 :: 		
0x00B2	0x0BFC      	DECFSZ     R12, 1
;__Lib_Math.c,249 :: 		
0x00B3	0x289E      	GOTO       $-21
;__Lib_Math.c,251 :: 		
0x00B4	0x0008      	RETURN
; end of _Div_16x16_U
_Lcd_Chr_CP:
;__Lib_Lcd.c,50 :: 		
;__Lib_Lcd.c,52 :: 		
0x00B5	0x1283      	BCF        STATUS, 5
0x00B6	0x1303      	BCF        STATUS, 6
0x00B7	0x1045      	BCF        __Lib_Lcd_cmd_status, BitPos(__Lib_Lcd_cmd_status+0)
;__Lib_Lcd.c,53 :: 		
0x00B8	0x084B      	MOVF       FARG_Lcd_Chr_CP_out_char, 0
0x00B9	0x00D0      	MOVWF      FARG_Lcd_Cmd_out_char
0x00BA	0x201A      	CALL       _Lcd_Cmd
;__Lib_Lcd.c,54 :: 		
0x00BB	0x1445      	BSF        __Lib_Lcd_cmd_status, BitPos(__Lib_Lcd_cmd_status+0)
;__Lib_Lcd.c,55 :: 		
0x00BC	0x0008      	RETURN
; end of _Lcd_Chr_CP
_Lcd_Chr:
;__Lib_Lcd.c,65 :: 		
;__Lib_Lcd.c,66 :: 		
0x00BD	0x28CF      	GOTO       L_Lcd_Chr4
;__Lib_Lcd.c,67 :: 		
L_Lcd_Chr6:
0x00BE	0x3080      	MOVLW      128
0x00BF	0x1283      	BCF        STATUS, 5
0x00C0	0x1303      	BCF        STATUS, 6
0x00C1	0x00C6      	MOVWF      FARG_Lcd_Chr_row
0x00C2	0x28E2      	GOTO       L_Lcd_Chr5
;__Lib_Lcd.c,68 :: 		
L_Lcd_Chr7:
0x00C3	0x30C0      	MOVLW      192
0x00C4	0x00C6      	MOVWF      FARG_Lcd_Chr_row
0x00C5	0x28E2      	GOTO       L_Lcd_Chr5
;__Lib_Lcd.c,69 :: 		
L_Lcd_Chr8:
0x00C6	0x3094      	MOVLW      148
0x00C7	0x00C6      	MOVWF      FARG_Lcd_Chr_row
0x00C8	0x28E2      	GOTO       L_Lcd_Chr5
;__Lib_Lcd.c,70 :: 		
L_Lcd_Chr9:
0x00C9	0x30D4      	MOVLW      212
0x00CA	0x00C6      	MOVWF      FARG_Lcd_Chr_row
0x00CB	0x28E2      	GOTO       L_Lcd_Chr5
;__Lib_Lcd.c,71 :: 		
L_Lcd_Chr10:
0x00CC	0x3080      	MOVLW      128
0x00CD	0x00C6      	MOVWF      FARG_Lcd_Chr_row
;__Lib_Lcd.c,72 :: 		
0x00CE	0x28E2      	GOTO       L_Lcd_Chr5
L_Lcd_Chr4:
0x00CF	0x1283      	BCF        STATUS, 5
0x00D0	0x1303      	BCF        STATUS, 6
0x00D1	0x0846      	MOVF       FARG_Lcd_Chr_row, 0
0x00D2	0x3A01      	XORLW      1
0x00D3	0x1903      	BTFSC      STATUS, 2
0x00D4	0x28BE      	GOTO       L_Lcd_Chr6
0x00D5	0x0846      	MOVF       FARG_Lcd_Chr_row, 0
0x00D6	0x3A02      	XORLW      2
0x00D7	0x1903      	BTFSC      STATUS, 2
0x00D8	0x28C3      	GOTO       L_Lcd_Chr7
0x00D9	0x0846      	MOVF       FARG_Lcd_Chr_row, 0
0x00DA	0x3A03      	XORLW      3
0x00DB	0x1903      	BTFSC      STATUS, 2
0x00DC	0x28C6      	GOTO       L_Lcd_Chr8
0x00DD	0x0846      	MOVF       FARG_Lcd_Chr_row, 0
0x00DE	0x3A04      	XORLW      4
0x00DF	0x1903      	BTFSC      STATUS, 2
0x00E0	0x28C9      	GOTO       L_Lcd_Chr9
0x00E1	0x28CC      	GOTO       L_Lcd_Chr10
L_Lcd_Chr5:
;__Lib_Lcd.c,74 :: 		
0x00E2	0x0347      	DECF       FARG_Lcd_Chr_column, 0
0x00E3	0x00F0      	MOVWF      R0
0x00E4	0x0846      	MOVF       FARG_Lcd_Chr_row, 0
0x00E5	0x07F0      	ADDWF      R0, 1
0x00E6	0x0870      	MOVF       R0, 0
0x00E7	0x00C6      	MOVWF      FARG_Lcd_Chr_row
;__Lib_Lcd.c,76 :: 		
0x00E8	0x1445      	BSF        __Lib_Lcd_cmd_status, BitPos(__Lib_Lcd_cmd_status+0)
;__Lib_Lcd.c,77 :: 		
0x00E9	0x0870      	MOVF       R0, 0
0x00EA	0x00D0      	MOVWF      FARG_Lcd_Cmd_out_char
0x00EB	0x201A      	CALL       _Lcd_Cmd
;__Lib_Lcd.c,79 :: 		
0x00EC	0x1045      	BCF        __Lib_Lcd_cmd_status, BitPos(__Lib_Lcd_cmd_status+0)
;__Lib_Lcd.c,80 :: 		
0x00ED	0x0848      	MOVF       FARG_Lcd_Chr_out_char, 0
0x00EE	0x00D0      	MOVWF      FARG_Lcd_Cmd_out_char
0x00EF	0x201A      	CALL       _Lcd_Cmd
;__Lib_Lcd.c,81 :: 		
0x00F0	0x1445      	BSF        __Lib_Lcd_cmd_status, BitPos(__Lib_Lcd_cmd_status+0)
;__Lib_Lcd.c,82 :: 		
0x00F1	0x0008      	RETURN
; end of _Lcd_Chr
_WordToStr:
;__Lib_Conversions.c,84 :: 		
;__Lib_Conversions.c,89 :: 		
0x00F2	0x1283      	BCF        STATUS, 5
0x00F3	0x1303      	BCF        STATUS, 6
0x00F4	0x01C9      	CLRF       WordToStr_len_L0
L_WordToStr6:
0x00F5	0x3005      	MOVLW      5
0x00F6	0x0249      	SUBWF      WordToStr_len_L0, 0
0x00F7	0x1803      	BTFSC      STATUS, 0
0x00F8	0x2900      	GOTO       L_WordToStr7
;__Lib_Conversions.c,90 :: 		
0x00F9	0x0849      	MOVF       WordToStr_len_L0, 0
0x00FA	0x0748      	ADDWF      FARG_WordToStr_output, 0
0x00FB	0x0084      	MOVWF      FSR
0x00FC	0x3020      	MOVLW      32
0x00FD	0x0080      	MOVWF      INDF
;__Lib_Conversions.c,89 :: 		
0x00FE	0x0AC9      	INCF       WordToStr_len_L0, 1
;__Lib_Conversions.c,90 :: 		
0x00FF	0x28F5      	GOTO       L_WordToStr6
L_WordToStr7:
;__Lib_Conversions.c,91 :: 		
0x0100	0x0849      	MOVF       WordToStr_len_L0, 0
0x0101	0x0748      	ADDWF      FARG_WordToStr_output, 0
0x0102	0x0084      	MOVWF      FSR
0x0103	0x0180      	CLRF       INDF
0x0104	0x03C9      	DECF       WordToStr_len_L0, 1
;__Lib_Conversions.c,93 :: 		
L_WordToStr9:
;__Lib_Conversions.c,94 :: 		
0x0105	0x0849      	MOVF       WordToStr_len_L0, 0
0x0106	0x0748      	ADDWF      FARG_WordToStr_output, 0
0x0107	0x00CA      	MOVWF      FLOC__WordToStr
0x0108	0x300A      	MOVLW      10
0x0109	0x00F4      	MOVWF      R4
0x010A	0x01F5      	CLRF       R4+1
0x010B	0x0846      	MOVF       FARG_WordToStr_input, 0
0x010C	0x00F0      	MOVWF      R0
0x010D	0x0847      	MOVF       FARG_WordToStr_input+1, 0
0x010E	0x00F1      	MOVWF      R0+1
0x010F	0x2098      	CALL       _Div_16x16_U
0x0110	0x0878      	MOVF       R8, 0
0x0111	0x00F0      	MOVWF      R0
0x0112	0x0879      	MOVF       R8+1, 0
0x0113	0x00F1      	MOVWF      R0+1
0x0114	0x3030      	MOVLW      48
0x0115	0x07F0      	ADDWF      R0, 1
0x0116	0x084A      	MOVF       FLOC__WordToStr, 0
0x0117	0x0084      	MOVWF      FSR
0x0118	0x0870      	MOVF       R0, 0
0x0119	0x0080      	MOVWF      INDF
;__Lib_Conversions.c,95 :: 		
0x011A	0x300A      	MOVLW      10
0x011B	0x00F4      	MOVWF      R4
0x011C	0x01F5      	CLRF       R4+1
0x011D	0x0846      	MOVF       FARG_WordToStr_input, 0
0x011E	0x00F0      	MOVWF      R0
0x011F	0x0847      	MOVF       FARG_WordToStr_input+1, 0
0x0120	0x00F1      	MOVWF      R0+1
0x0121	0x2098      	CALL       _Div_16x16_U
0x0122	0x0870      	MOVF       R0, 0
0x0123	0x00C6      	MOVWF      FARG_WordToStr_input
0x0124	0x0871      	MOVF       R0+1, 0
0x0125	0x00C7      	MOVWF      FARG_WordToStr_input+1
;__Lib_Conversions.c,96 :: 		
0x0126	0x3000      	MOVLW      0
0x0127	0x0671      	XORWF      R0+1, 0
0x0128	0x1D03      	BTFSS      STATUS, 2
0x0129	0x292C      	GOTO       L__WordToStr96
0x012A	0x3000      	MOVLW      0
0x012B	0x0670      	XORWF      R0, 0
L__WordToStr96:
0x012C	0x1D03      	BTFSS      STATUS, 2
0x012D	0x292F      	GOTO       L_WordToStr11
;__Lib_Conversions.c,97 :: 		
0x012E	0x2931      	GOTO       L_WordToStr10
L_WordToStr11:
;__Lib_Conversions.c,98 :: 		
0x012F	0x03C9      	DECF       WordToStr_len_L0, 1
;__Lib_Conversions.c,99 :: 		
0x0130	0x2905      	GOTO       L_WordToStr9
L_WordToStr10:
;__Lib_Conversions.c,100 :: 		
0x0131	0x0008      	RETURN
; end of _WordToStr
_Keypad_Key_Click:
;__Lib_Keypad4x4.c,76 :: 		
;__Lib_Keypad4x4.c,80 :: 		
0x0132	0x2062      	CALL       _Keypad_Key_Press
0x0133	0x0870      	MOVF       R0, 0
0x0134	0x00C6      	MOVWF      Keypad_Key_Click_rslt_L0
;__Lib_Keypad4x4.c,82 :: 		
L_Keypad_Key_Click5:
0x0135	0x300F      	MOVLW      15
0x0136	0x0508      	ANDWF      keypadPort, 0
0x0137	0x00F0      	MOVWF      R0
0x0138	0x1903      	BTFSC      STATUS, 2
0x0139	0x293C      	GOTO       L_Keypad_Key_Click6
;__Lib_Keypad4x4.c,83 :: 		
0x013A	0x205A      	CALL       _Delay_10us
0x013B	0x2935      	GOTO       L_Keypad_Key_Click5
L_Keypad_Key_Click6:
;__Lib_Keypad4x4.c,85 :: 		
0x013C	0x0846      	MOVF       Keypad_Key_Click_rslt_L0, 0
0x013D	0x00F0      	MOVWF      R0
;__Lib_Keypad4x4.c,86 :: 		
0x013E	0x0008      	RETURN
; end of _Keypad_Key_Click
_Ltrim:
;__Lib_Conversions.c,360 :: 		
;__Lib_Conversions.c,364 :: 		
0x013F	0x1283      	BCF        STATUS, 5
0x0140	0x1303      	BCF        STATUS, 6
0x0141	0x01C7      	CLRF       Ltrim_trimmed_L0
0x0142	0x01C8      	CLRF       Ltrim_trimmed_L0+1
;__Lib_Conversions.c,365 :: 		
0x0143	0x0846      	MOVF       FARG_Ltrim_string, 0
0x0144	0x00F2      	MOVWF      R2
;__Lib_Conversions.c,366 :: 		
0x0145	0x0846      	MOVF       FARG_Ltrim_string, 0
0x0146	0x00F3      	MOVWF      R3
;__Lib_Conversions.c,367 :: 		
L_Ltrim66:
;__Lib_Conversions.c,368 :: 		
0x0147	0x0872      	MOVF       R2, 0
0x0148	0x0084      	MOVWF      FSR
0x0149	0x0800      	MOVF       INDF, 0
0x014A	0x3A20      	XORLW      32
0x014B	0x1D03      	BTFSS      STATUS, 2
0x014C	0x2952      	GOTO       L__Ltrim94
0x014D	0x0847      	MOVF       Ltrim_trimmed_L0, 0
0x014E	0x0448      	IORWF      Ltrim_trimmed_L0+1, 0
0x014F	0x1D03      	BTFSS      STATUS, 2
0x0150	0x2952      	GOTO       L__Ltrim94
0x0151	0x295F      	GOTO       L_Ltrim71
L__Ltrim94:
;__Lib_Conversions.c,369 :: 		
0x0152	0x3001      	MOVLW      1
0x0153	0x00C7      	MOVWF      Ltrim_trimmed_L0
0x0154	0x3000      	MOVLW      0
0x0155	0x00C8      	MOVWF      Ltrim_trimmed_L0+1
;__Lib_Conversions.c,370 :: 		
0x0156	0x0872      	MOVF       R2, 0
0x0157	0x0084      	MOVWF      FSR
0x0158	0x0800      	MOVF       INDF, 0
0x0159	0x00F0      	MOVWF      R0
0x015A	0x0873      	MOVF       R3, 0
0x015B	0x0084      	MOVWF      FSR
0x015C	0x0870      	MOVF       R0, 0
0x015D	0x0080      	MOVWF      INDF
0x015E	0x0AF3      	INCF       R3, 1
;__Lib_Conversions.c,371 :: 		
L_Ltrim71:
;__Lib_Conversions.c,373 :: 		
0x015F	0x0872      	MOVF       R2, 0
0x0160	0x00F1      	MOVWF      R1
0x0161	0x0AF2      	INCF       R2, 1
0x0162	0x0871      	MOVF       R1, 0
0x0163	0x0084      	MOVWF      FSR
0x0164	0x0800      	MOVF       INDF, 0
0x0165	0x3A00      	XORLW      0
0x0166	0x1D03      	BTFSS      STATUS, 2
0x0167	0x2947      	GOTO       L_Ltrim66
;__Lib_Conversions.c,374 :: 		
0x0168	0x0846      	MOVF       FARG_Ltrim_string, 0
0x0169	0x00F0      	MOVWF      R0
;__Lib_Conversions.c,375 :: 		
0x016A	0x0008      	RETURN
; end of _Ltrim
___CC2DW:
;__Lib_System.c,24 :: 		
;__Lib_System.c,27 :: 		
_CC2D_Loop1:
;__Lib_System.c,29 :: 		
0x016B	0x2091      	CALL       _____DoICP
0x016C	0x118A      	BCF        PCLATH, 3
0x016D	0x120A      	BCF        PCLATH, 4
;__Lib_System.c,31 :: 		
0x016E	0x0080      	MOVWF      INDF
;__Lib_System.c,32 :: 		
0x016F	0x0A84      	INCF       FSR, 1
;__Lib_System.c,33 :: 		
0x0170	0x0ABB      	INCF       ___DoICPAddr, 1
;__Lib_System.c,35 :: 		
0x0171	0x1903      	BTFSC      STATUS, 2
;__Lib_System.c,36 :: 		
0x0172	0x0ABC      	INCF       ___DoICPAddr+1, 1
;__Lib_System.c,37 :: 		
0x0173	0x03F0      	DECF       R0, 1
;__Lib_System.c,39 :: 		
0x0174	0x1D03      	BTFSS      STATUS, 2
;__Lib_System.c,40 :: 		
0x0175	0x296B      	GOTO       _CC2D_Loop1
;__Lib_System.c,42 :: 		
0x0176	0x0008      	RETURN
; end of ___CC2DW
_Lcd_Init:
;__Lib_Lcd.c,84 :: 		
;__Lib_Lcd.c,86 :: 		
0x0177	0x1683      	BSF        STATUS, 5
0x0178	0x1303      	BCF        STATUS, 6
0x0179	0x1186      	BCF        LCD_EN_Direction, BitPos(LCD_EN_Direction+0)
;__Lib_Lcd.c,87 :: 		
0x017A	0x1106      	BCF        LCD_RS_Direction, BitPos(LCD_RS_Direction+0)
;__Lib_Lcd.c,88 :: 		
0x017B	0x1206      	BCF        LCD_D4_Direction, BitPos(LCD_D4_Direction+0)
;__Lib_Lcd.c,89 :: 		
0x017C	0x1286      	BCF        LCD_D5_Direction, BitPos(LCD_D5_Direction+0)
;__Lib_Lcd.c,90 :: 		
0x017D	0x1306      	BCF        LCD_D6_Direction, BitPos(LCD_D6_Direction+0)
;__Lib_Lcd.c,91 :: 		
0x017E	0x1386      	BCF        LCD_D7_Direction, BitPos(LCD_D7_Direction+0)
;__Lib_Lcd.c,93 :: 		
0x017F	0x1283      	BCF        STATUS, 5
0x0180	0x1186      	BCF        LCD_EN, BitPos(LCD_EN+0)
;__Lib_Lcd.c,94 :: 		
0x0181	0x1106      	BCF        LCD_RS, BitPos(LCD_RS+0)
;__Lib_Lcd.c,95 :: 		
0x0182	0x1386      	BCF        LCD_D7, BitPos(LCD_D7+0)
;__Lib_Lcd.c,96 :: 		
0x0183	0x1306      	BCF        LCD_D6, BitPos(LCD_D6+0)
;__Lib_Lcd.c,97 :: 		
0x0184	0x1286      	BCF        LCD_D5, BitPos(LCD_D5+0)
;__Lib_Lcd.c,98 :: 		
0x0185	0x1206      	BCF        LCD_D4, BitPos(LCD_D4+0)
;__Lib_Lcd.c,100 :: 		
0x0186	0x2006      	CALL       _Delay_5500us
;__Lib_Lcd.c,101 :: 		
0x0187	0x2006      	CALL       _Delay_5500us
;__Lib_Lcd.c,102 :: 		
0x0188	0x2006      	CALL       _Delay_5500us
;__Lib_Lcd.c,105 :: 		
0x0189	0x1686      	BSF        LCD_D5, BitPos(LCD_D5+0)
;__Lib_Lcd.c,106 :: 		
0x018A	0x1606      	BSF        LCD_D4, BitPos(LCD_D4+0)
;__Lib_Lcd.c,107 :: 		
0x018B	0x1586      	BSF        LCD_EN, BitPos(LCD_EN+0)
;__Lib_Lcd.c,108 :: 		
0x018C	0x2003      	CALL       _Delay_1us
;__Lib_Lcd.c,109 :: 		
0x018D	0x1186      	BCF        LCD_EN, BitPos(LCD_EN+0)
;__Lib_Lcd.c,110 :: 		
0x018E	0x2006      	CALL       _Delay_5500us
;__Lib_Lcd.c,112 :: 		
0x018F	0x1586      	BSF        LCD_EN, BitPos(LCD_EN+0)
;__Lib_Lcd.c,113 :: 		
0x0190	0x2003      	CALL       _Delay_1us
;__Lib_Lcd.c,114 :: 		
0x0191	0x1186      	BCF        LCD_EN, BitPos(LCD_EN+0)
;__Lib_Lcd.c,115 :: 		
0x0192	0x2006      	CALL       _Delay_5500us
;__Lib_Lcd.c,117 :: 		
0x0193	0x1586      	BSF        LCD_EN, BitPos(LCD_EN+0)
;__Lib_Lcd.c,118 :: 		
0x0194	0x2003      	CALL       _Delay_1us
;__Lib_Lcd.c,119 :: 		
0x0195	0x1186      	BCF        LCD_EN, BitPos(LCD_EN+0)
;__Lib_Lcd.c,120 :: 		
0x0196	0x2006      	CALL       _Delay_5500us
;__Lib_Lcd.c,123 :: 		
0x0197	0x1206      	BCF        LCD_D4, BitPos(LCD_D4+0)
;__Lib_Lcd.c,124 :: 		
0x0198	0x1586      	BSF        LCD_EN, BitPos(LCD_EN+0)
;__Lib_Lcd.c,125 :: 		
0x0199	0x2003      	CALL       _Delay_1us
;__Lib_Lcd.c,126 :: 		
0x019A	0x1186      	BCF        LCD_EN, BitPos(LCD_EN+0)
;__Lib_Lcd.c,127 :: 		
0x019B	0x2006      	CALL       _Delay_5500us
;__Lib_Lcd.c,130 :: 		
0x019C	0x1586      	BSF        LCD_EN, BitPos(LCD_EN+0)
;__Lib_Lcd.c,131 :: 		
0x019D	0x2003      	CALL       _Delay_1us
;__Lib_Lcd.c,132 :: 		
0x019E	0x1186      	BCF        LCD_EN, BitPos(LCD_EN+0)
;__Lib_Lcd.c,134 :: 		
0x019F	0x1286      	BCF        LCD_D5, BitPos(LCD_D5+0)
;__Lib_Lcd.c,135 :: 		
0x01A0	0x1786      	BSF        LCD_D7, BitPos(LCD_D7+0)
;__Lib_Lcd.c,136 :: 		
0x01A1	0x1586      	BSF        LCD_EN, BitPos(LCD_EN+0)
;__Lib_Lcd.c,137 :: 		
0x01A2	0x2003      	CALL       _Delay_1us
;__Lib_Lcd.c,138 :: 		
0x01A3	0x1186      	BCF        LCD_EN, BitPos(LCD_EN+0)
;__Lib_Lcd.c,139 :: 		
0x01A4	0x2006      	CALL       _Delay_5500us
;__Lib_Lcd.c,142 :: 		
0x01A5	0x1386      	BCF        LCD_D7, BitPos(LCD_D7+0)
;__Lib_Lcd.c,143 :: 		
0x01A6	0x1606      	BSF        LCD_D4, BitPos(LCD_D4+0)
;__Lib_Lcd.c,144 :: 		
0x01A7	0x1586      	BSF        LCD_EN, BitPos(LCD_EN+0)
;__Lib_Lcd.c,145 :: 		
0x01A8	0x2003      	CALL       _Delay_1us
;__Lib_Lcd.c,146 :: 		
0x01A9	0x1186      	BCF        LCD_EN, BitPos(LCD_EN+0)
;__Lib_Lcd.c,148 :: 		
0x01AA	0x1206      	BCF        LCD_D4, BitPos(LCD_D4+0)
;__Lib_Lcd.c,149 :: 		
0x01AB	0x1586      	BSF        LCD_EN, BitPos(LCD_EN+0)
;__Lib_Lcd.c,150 :: 		
0x01AC	0x2003      	CALL       _Delay_1us
;__Lib_Lcd.c,151 :: 		
0x01AD	0x1186      	BCF        LCD_EN, BitPos(LCD_EN+0)
;__Lib_Lcd.c,152 :: 		
0x01AE	0x2006      	CALL       _Delay_5500us
;__Lib_Lcd.c,155 :: 		
0x01AF	0x1586      	BSF        LCD_EN, BitPos(LCD_EN+0)
;__Lib_Lcd.c,156 :: 		
0x01B0	0x2003      	CALL       _Delay_1us
;__Lib_Lcd.c,157 :: 		
0x01B1	0x1186      	BCF        LCD_EN, BitPos(LCD_EN+0)
;__Lib_Lcd.c,159 :: 		
0x01B2	0x1606      	BSF        LCD_D4, BitPos(LCD_D4+0)
;__Lib_Lcd.c,160 :: 		
0x01B3	0x1586      	BSF        LCD_EN, BitPos(LCD_EN+0)
;__Lib_Lcd.c,161 :: 		
0x01B4	0x2003      	CALL       _Delay_1us
;__Lib_Lcd.c,162 :: 		
0x01B5	0x1186      	BCF        LCD_EN, BitPos(LCD_EN+0)
;__Lib_Lcd.c,163 :: 		
0x01B6	0x2006      	CALL       _Delay_5500us
;__Lib_Lcd.c,166 :: 		
0x01B7	0x1206      	BCF        LCD_D4, BitPos(LCD_D4+0)
;__Lib_Lcd.c,167 :: 		
0x01B8	0x1586      	BSF        LCD_EN, BitPos(LCD_EN+0)
;__Lib_Lcd.c,168 :: 		
0x01B9	0x2003      	CALL       _Delay_1us
;__Lib_Lcd.c,169 :: 		
0x01BA	0x1186      	BCF        LCD_EN, BitPos(LCD_EN+0)
;__Lib_Lcd.c,171 :: 		
0x01BB	0x1786      	BSF        LCD_D7, BitPos(LCD_D7+0)
;__Lib_Lcd.c,172 :: 		
0x01BC	0x1706      	BSF        LCD_D6, BitPos(LCD_D6+0)
;__Lib_Lcd.c,173 :: 		
0x01BD	0x1686      	BSF        LCD_D5, BitPos(LCD_D5+0)
;__Lib_Lcd.c,174 :: 		
0x01BE	0x1606      	BSF        LCD_D4, BitPos(LCD_D4+0)
;__Lib_Lcd.c,175 :: 		
0x01BF	0x1586      	BSF        LCD_EN, BitPos(LCD_EN+0)
;__Lib_Lcd.c,176 :: 		
0x01C0	0x2003      	CALL       _Delay_1us
;__Lib_Lcd.c,177 :: 		
0x01C1	0x1186      	BCF        LCD_EN, BitPos(LCD_EN+0)
;__Lib_Lcd.c,179 :: 		
0x01C2	0x2006      	CALL       _Delay_5500us
;__Lib_Lcd.c,181 :: 		
0x01C3	0x1445      	BSF        __Lib_Lcd_cmd_status, BitPos(__Lib_Lcd_cmd_status+0)
;__Lib_Lcd.c,182 :: 		
0x01C4	0x0008      	RETURN
; end of _Lcd_Init
_Lcd_Out:
;__Lib_Lcd.c,184 :: 		
;__Lib_Lcd.c,187 :: 		
0x01C5	0x29D7      	GOTO       L_Lcd_Out11
;__Lib_Lcd.c,188 :: 		
L_Lcd_Out13:
0x01C6	0x3080      	MOVLW      128
0x01C7	0x1283      	BCF        STATUS, 5
0x01C8	0x1303      	BCF        STATUS, 6
0x01C9	0x00C6      	MOVWF      FARG_Lcd_Out_row
0x01CA	0x29EA      	GOTO       L_Lcd_Out12
;__Lib_Lcd.c,189 :: 		
L_Lcd_Out14:
0x01CB	0x30C0      	MOVLW      192
0x01CC	0x00C6      	MOVWF      FARG_Lcd_Out_row
0x01CD	0x29EA      	GOTO       L_Lcd_Out12
;__Lib_Lcd.c,190 :: 		
L_Lcd_Out15:
0x01CE	0x3094      	MOVLW      148
0x01CF	0x00C6      	MOVWF      FARG_Lcd_Out_row
0x01D0	0x29EA      	GOTO       L_Lcd_Out12
;__Lib_Lcd.c,191 :: 		
L_Lcd_Out16:
0x01D1	0x30D4      	MOVLW      212
0x01D2	0x00C6      	MOVWF      FARG_Lcd_Out_row
0x01D3	0x29EA      	GOTO       L_Lcd_Out12
;__Lib_Lcd.c,192 :: 		
L_Lcd_Out17:
0x01D4	0x3080      	MOVLW      128
0x01D5	0x00C6      	MOVWF      FARG_Lcd_Out_row
;__Lib_Lcd.c,193 :: 		
0x01D6	0x29EA      	GOTO       L_Lcd_Out12
L_Lcd_Out11:
0x01D7	0x1283      	BCF        STATUS, 5
0x01D8	0x1303      	BCF        STATUS, 6
0x01D9	0x0846      	MOVF       FARG_Lcd_Out_row, 0
0x01DA	0x3A01      	XORLW      1
0x01DB	0x1903      	BTFSC      STATUS, 2
0x01DC	0x29C6      	GOTO       L_Lcd_Out13
0x01DD	0x0846      	MOVF       FARG_Lcd_Out_row, 0
0x01DE	0x3A02      	XORLW      2
0x01DF	0x1903      	BTFSC      STATUS, 2
0x01E0	0x29CB      	GOTO       L_Lcd_Out14
0x01E1	0x0846      	MOVF       FARG_Lcd_Out_row, 0
0x01E2	0x3A03      	XORLW      3
0x01E3	0x1903      	BTFSC      STATUS, 2
0x01E4	0x29CE      	GOTO       L_Lcd_Out15
0x01E5	0x0846      	MOVF       FARG_Lcd_Out_row, 0
0x01E6	0x3A04      	XORLW      4
0x01E7	0x1903      	BTFSC      STATUS, 2
0x01E8	0x29D1      	GOTO       L_Lcd_Out16
0x01E9	0x29D4      	GOTO       L_Lcd_Out17
L_Lcd_Out12:
;__Lib_Lcd.c,194 :: 		
0x01EA	0x0347      	DECF       FARG_Lcd_Out_column, 0
0x01EB	0x00F0      	MOVWF      R0
0x01EC	0x0846      	MOVF       FARG_Lcd_Out_row, 0
0x01ED	0x07F0      	ADDWF      R0, 1
0x01EE	0x0870      	MOVF       R0, 0
0x01EF	0x00C6      	MOVWF      FARG_Lcd_Out_row
;__Lib_Lcd.c,196 :: 		
0x01F0	0x0870      	MOVF       R0, 0
0x01F1	0x00D0      	MOVWF      FARG_Lcd_Cmd_out_char
0x01F2	0x201A      	CALL       _Lcd_Cmd
;__Lib_Lcd.c,197 :: 		
0x01F3	0x1045      	BCF        __Lib_Lcd_cmd_status, BitPos(__Lib_Lcd_cmd_status+0)
;__Lib_Lcd.c,198 :: 		
0x01F4	0x01C9      	CLRF       Lcd_Out_i_L0
;__Lib_Lcd.c,199 :: 		
L_Lcd_Out18:
0x01F5	0x0849      	MOVF       Lcd_Out_i_L0, 0
0x01F6	0x0748      	ADDWF      FARG_Lcd_Out_text, 0
0x01F7	0x0084      	MOVWF      FSR
0x01F8	0x0800      	MOVF       INDF, 0
0x01F9	0x1903      	BTFSC      STATUS, 2
0x01FA	0x2A03      	GOTO       L_Lcd_Out19
;__Lib_Lcd.c,200 :: 		
0x01FB	0x0849      	MOVF       Lcd_Out_i_L0, 0
0x01FC	0x0748      	ADDWF      FARG_Lcd_Out_text, 0
0x01FD	0x0084      	MOVWF      FSR
0x01FE	0x0800      	MOVF       INDF, 0
0x01FF	0x00CB      	MOVWF      FARG_Lcd_Chr_CP_out_char
0x0200	0x20B5      	CALL       _Lcd_Chr_CP
0x0201	0x0AC9      	INCF       Lcd_Out_i_L0, 1
0x0202	0x29F5      	GOTO       L_Lcd_Out18
L_Lcd_Out19:
;__Lib_Lcd.c,201 :: 		
0x0203	0x1445      	BSF        __Lib_Lcd_cmd_status, BitPos(__Lib_Lcd_cmd_status+0)
;__Lib_Lcd.c,202 :: 		
0x0204	0x0008      	RETURN
; end of _Lcd_Out
_Keypad_Init:
;__Lib_Keypad4x4.c,33 :: 		
;__Lib_Keypad4x4.c,34 :: 		
0x0205	0x30FF      	MOVLW      255
0x0206	0x1683      	BSF        STATUS, 5
0x0207	0x1303      	BCF        STATUS, 6
0x0208	0x0088      	MOVWF      keypadPort+128
;__Lib_Keypad4x4.c,35 :: 		
0x0209	0x0008      	RETURN
; end of _Keypad_Init
_main:
0x020A	0x1283      	BCF        STATUS, 5
0x020B	0x1303      	BCF        STATUS, 6
0x020C	0x01A0      	CLRF       _oldstate
0x020D	0x3020      	MOVLW      32
0x020E	0x00A1      	MOVWF      ?lstr4_VSaula060_TecladoMatricial
0x020F	0x3020      	MOVLW      32
0x0210	0x00A2      	MOVWF      34
0x0211	0x3020      	MOVLW      32
0x0212	0x00A3      	MOVWF      35
0x0213	0x3020      	MOVLW      32
0x0214	0x00A4      	MOVWF      36
0x0215	0x3020      	MOVLW      32
0x0216	0x00A5      	MOVWF      37
0x0217	0x3020      	MOVLW      32
0x0218	0x00A6      	MOVWF      38
0x0219	0x3020      	MOVLW      32
0x021A	0x00A7      	MOVWF      39
0x021B	0x3020      	MOVLW      32
0x021C	0x00A8      	MOVWF      40
0x021D	0x3020      	MOVLW      32
0x021E	0x00A9      	MOVWF      41
0x021F	0x01AA      	CLRF       42
0x0220	0x3031      	MOVLW      49
0x0221	0x00AB      	MOVWF      ?lstr1_VSaula060_TecladoMatricial
0x0222	0x01AC      	CLRF       44
0x0223	0x304B      	MOVLW      75
0x0224	0x00AD      	MOVWF      ?lstr2_VSaula060_TecladoMatricial
0x0225	0x3065      	MOVLW      101
0x0226	0x00AE      	MOVWF      46
0x0227	0x3079      	MOVLW      121
0x0228	0x00AF      	MOVWF      47
0x0229	0x3020      	MOVLW      32
0x022A	0x00B0      	MOVWF      48
0x022B	0x3020      	MOVLW      32
0x022C	0x00B1      	MOVWF      49
0x022D	0x303A      	MOVLW      58
0x022E	0x00B2      	MOVWF      50
0x022F	0x01B3      	CLRF       51
0x0230	0x3054      	MOVLW      84
0x0231	0x00B4      	MOVWF      ?lstr3_VSaula060_TecladoMatricial
0x0232	0x3069      	MOVLW      105
0x0233	0x00B5      	MOVWF      53
0x0234	0x306D      	MOVLW      109
0x0235	0x00B6      	MOVWF      54
0x0236	0x3065      	MOVLW      101
0x0237	0x00B7      	MOVWF      55
0x0238	0x3073      	MOVLW      115
0x0239	0x00B8      	MOVWF      56
0x023A	0x303A      	MOVLW      58
0x023B	0x00B9      	MOVWF      57
0x023C	0x01BA      	CLRF       58
;VSaula060_TecladoMatricial.c,60 :: 		void main() {
;VSaula060_TecladoMatricial.c,62 :: 		cnt = 0;                                 // Reset counter
0x023D	0x01C3      	CLRF       _cnt
;VSaula060_TecladoMatricial.c,67 :: 		Keypad_Init();                           // Initialize Keypad
0x023E	0x2205      	CALL       _Keypad_Init
;VSaula060_TecladoMatricial.c,69 :: 		Lcd_Init();                              // Initialize LCD
0x023F	0x2177      	CALL       _Lcd_Init
;VSaula060_TecladoMatricial.c,70 :: 		Lcd_Cmd(_LCD_CLEAR);                     // Clear display
0x0240	0x3001      	MOVLW      1
0x0241	0x00D0      	MOVWF      FARG_Lcd_Cmd_out_char
0x0242	0x201A      	CALL       _Lcd_Cmd
;VSaula060_TecladoMatricial.c,71 :: 		Lcd_Cmd(_LCD_CURSOR_OFF);                // Cursor off
0x0243	0x300C      	MOVLW      12
0x0244	0x00D0      	MOVWF      FARG_Lcd_Cmd_out_char
0x0245	0x201A      	CALL       _Lcd_Cmd
;VSaula060_TecladoMatricial.c,73 :: 		Lcd_Out(1, 1, "1");
0x0246	0x3001      	MOVLW      1
0x0247	0x00C6      	MOVWF      FARG_Lcd_Out_row
0x0248	0x3001      	MOVLW      1
0x0249	0x00C7      	MOVWF      FARG_Lcd_Out_column
0x024A	0x302B      	MOVLW      ?lstr1_VSaula060_TecladoMatricial
0x024B	0x00C8      	MOVWF      FARG_Lcd_Out_text
0x024C	0x21C5      	CALL       _Lcd_Out
;VSaula060_TecladoMatricial.c,74 :: 		Lcd_Out(1, 1, "Key  :");                 // Write message text on LCD
0x024D	0x3001      	MOVLW      1
0x024E	0x00C6      	MOVWF      FARG_Lcd_Out_row
0x024F	0x3001      	MOVLW      1
0x0250	0x00C7      	MOVWF      FARG_Lcd_Out_column
0x0251	0x302D      	MOVLW      ?lstr2_VSaula060_TecladoMatricial
0x0252	0x00C8      	MOVWF      FARG_Lcd_Out_text
0x0253	0x21C5      	CALL       _Lcd_Out
;VSaula060_TecladoMatricial.c,75 :: 		Lcd_Out(2, 1, "Times:");
0x0254	0x3002      	MOVLW      2
0x0255	0x00C6      	MOVWF      FARG_Lcd_Out_row
0x0256	0x3001      	MOVLW      1
0x0257	0x00C7      	MOVWF      FARG_Lcd_Out_column
0x0258	0x3034      	MOVLW      ?lstr3_VSaula060_TecladoMatricial
0x0259	0x00C8      	MOVWF      FARG_Lcd_Out_text
0x025A	0x21C5      	CALL       _Lcd_Out
;VSaula060_TecladoMatricial.c,80 :: 		TRISB = 0;
0x025B	0x1683      	BSF        STATUS, 5
0x025C	0x0186      	CLRF       TRISB
;VSaula060_TecladoMatricial.c,81 :: 		PORTB = 0;
0x025D	0x1283      	BCF        STATUS, 5
0x025E	0x0186      	CLRF       PORTB
;VSaula060_TecladoMatricial.c,82 :: 		TRISD = 0b00001111;
0x025F	0x300F      	MOVLW      15
0x0260	0x1683      	BSF        STATUS, 5
0x0261	0x0088      	MOVWF      TRISD
;VSaula060_TecladoMatricial.c,83 :: 		PORTD = 0b00001111;
0x0262	0x300F      	MOVLW      15
0x0263	0x1283      	BCF        STATUS, 5
0x0264	0x0088      	MOVWF      PORTD
;VSaula060_TecladoMatricial.c,88 :: 		do {
L_main0:
;VSaula060_TecladoMatricial.c,89 :: 		kp = 0;                                // Reset key code variable
0x0265	0x01C4      	CLRF       _kp
;VSaula060_TecladoMatricial.c,92 :: 		do
L_main3:
;VSaula060_TecladoMatricial.c,94 :: 		kp = Keypad_Key_Click();             // Store key code in kp variable - trava até que tire o dedo
0x0266	0x2132      	CALL       _Keypad_Key_Click
0x0267	0x0870      	MOVF       R0, 0
0x0268	0x00C4      	MOVWF      _kp
;VSaula060_TecladoMatricial.c,95 :: 		while (!kp);
0x0269	0x0870      	MOVF       R0, 0
0x026A	0x1903      	BTFSC      STATUS, 2
0x026B	0x2A66      	GOTO       L_main3
;VSaula060_TecladoMatricial.c,97 :: 		RC0_bit = 1;
0x026C	0x1407      	BSF        RC0_bit, 0
;VSaula060_TecladoMatricial.c,98 :: 		delay_ms(50);
0x026D	0x3082      	MOVLW      130
0x026E	0x00FC      	MOVWF      R12
0x026F	0x30DD      	MOVLW      221
0x0270	0x00FD      	MOVWF      R13
L_main6:
0x0271	0x0BFD      	DECFSZ     R13, 1
0x0272	0x2A71      	GOTO       L_main6
0x0273	0x0BFC      	DECFSZ     R12, 1
0x0274	0x2A71      	GOTO       L_main6
0x0275	0x0000      	NOP
0x0276	0x0000      	NOP
;VSaula060_TecladoMatricial.c,99 :: 		RC0_bit = 0;
0x0277	0x1007      	BCF        RC0_bit, 0
;VSaula060_TecladoMatricial.c,102 :: 		switch (kp) {
0x0278	0x2AA9      	GOTO       L_main7
;VSaula060_TecladoMatricial.c,108 :: 		case  1: kp = 49; break; // 1        // Uncomment this block for keypad4x4
L_main9:
0x0279	0x3031      	MOVLW      49
0x027A	0x00C4      	MOVWF      _kp
0x027B	0x2AE9      	GOTO       L_main8
;VSaula060_TecladoMatricial.c,109 :: 		case  2: kp = 50; break; // 2
L_main10:
0x027C	0x3032      	MOVLW      50
0x027D	0x00C4      	MOVWF      _kp
0x027E	0x2AE9      	GOTO       L_main8
;VSaula060_TecladoMatricial.c,110 :: 		case  3: kp = 51; break; // 3
L_main11:
0x027F	0x3033      	MOVLW      51
0x0280	0x00C4      	MOVWF      _kp
0x0281	0x2AE9      	GOTO       L_main8
;VSaula060_TecladoMatricial.c,111 :: 		case  4: kp = 65; break; // A
L_main12:
0x0282	0x3041      	MOVLW      65
0x0283	0x00C4      	MOVWF      _kp
0x0284	0x2AE9      	GOTO       L_main8
;VSaula060_TecladoMatricial.c,112 :: 		case  5: kp = 52; break; // 4
L_main13:
0x0285	0x3034      	MOVLW      52
0x0286	0x00C4      	MOVWF      _kp
0x0287	0x2AE9      	GOTO       L_main8
;VSaula060_TecladoMatricial.c,113 :: 		case  6: kp = 53; break; // 5
L_main14:
0x0288	0x3035      	MOVLW      53
0x0289	0x00C4      	MOVWF      _kp
0x028A	0x2AE9      	GOTO       L_main8
;VSaula060_TecladoMatricial.c,114 :: 		case  7: kp = 54; break; // 6
L_main15:
0x028B	0x3036      	MOVLW      54
0x028C	0x00C4      	MOVWF      _kp
0x028D	0x2AE9      	GOTO       L_main8
;VSaula060_TecladoMatricial.c,115 :: 		case  8: kp = 66; break; // B
L_main16:
0x028E	0x3042      	MOVLW      66
0x028F	0x00C4      	MOVWF      _kp
0x0290	0x2AE9      	GOTO       L_main8
;VSaula060_TecladoMatricial.c,116 :: 		case  9: kp = 55; break; // 7
L_main17:
0x0291	0x3037      	MOVLW      55
0x0292	0x00C4      	MOVWF      _kp
0x0293	0x2AE9      	GOTO       L_main8
;VSaula060_TecladoMatricial.c,117 :: 		case 10: kp = 56; break; // 8
L_main18:
0x0294	0x3038      	MOVLW      56
0x0295	0x00C4      	MOVWF      _kp
0x0296	0x2AE9      	GOTO       L_main8
;VSaula060_TecladoMatricial.c,118 :: 		case 11: kp = 57; break; // 9
L_main19:
0x0297	0x3039      	MOVLW      57
0x0298	0x00C4      	MOVWF      _kp
0x0299	0x2AE9      	GOTO       L_main8
;VSaula060_TecladoMatricial.c,119 :: 		case 12: kp = 67; break; // C
L_main20:
0x029A	0x3043      	MOVLW      67
0x029B	0x00C4      	MOVWF      _kp
0x029C	0x2AE9      	GOTO       L_main8
;VSaula060_TecladoMatricial.c,120 :: 		case 13: kp = 42; break; // *
L_main21:
0x029D	0x302A      	MOVLW      42
0x029E	0x00C4      	MOVWF      _kp
0x029F	0x2AE9      	GOTO       L_main8
;VSaula060_TecladoMatricial.c,121 :: 		case 14: kp = 48; break; // 0
L_main22:
0x02A0	0x3030      	MOVLW      48
0x02A1	0x00C4      	MOVWF      _kp
0x02A2	0x2AE9      	GOTO       L_main8
;VSaula060_TecladoMatricial.c,122 :: 		case 15: kp = 35; break; // #
L_main23:
0x02A3	0x3023      	MOVLW      35
0x02A4	0x00C4      	MOVWF      _kp
0x02A5	0x2AE9      	GOTO       L_main8
;VSaula060_TecladoMatricial.c,123 :: 		case 16: kp = 68; break; // D
L_main24:
0x02A6	0x3044      	MOVLW      68
0x02A7	0x00C4      	MOVWF      _kp
0x02A8	0x2AE9      	GOTO       L_main8
;VSaula060_TecladoMatricial.c,125 :: 		}
L_main7:
0x02A9	0x0844      	MOVF       _kp, 0
0x02AA	0x3A01      	XORLW      1
0x02AB	0x1903      	BTFSC      STATUS, 2
0x02AC	0x2A79      	GOTO       L_main9
0x02AD	0x0844      	MOVF       _kp, 0
0x02AE	0x3A02      	XORLW      2
0x02AF	0x1903      	BTFSC      STATUS, 2
0x02B0	0x2A7C      	GOTO       L_main10
0x02B1	0x0844      	MOVF       _kp, 0
0x02B2	0x3A03      	XORLW      3
0x02B3	0x1903      	BTFSC      STATUS, 2
0x02B4	0x2A7F      	GOTO       L_main11
0x02B5	0x0844      	MOVF       _kp, 0
0x02B6	0x3A04      	XORLW      4
0x02B7	0x1903      	BTFSC      STATUS, 2
0x02B8	0x2A82      	GOTO       L_main12
0x02B9	0x0844      	MOVF       _kp, 0
0x02BA	0x3A05      	XORLW      5
0x02BB	0x1903      	BTFSC      STATUS, 2
0x02BC	0x2A85      	GOTO       L_main13
0x02BD	0x0844      	MOVF       _kp, 0
0x02BE	0x3A06      	XORLW      6
0x02BF	0x1903      	BTFSC      STATUS, 2
0x02C0	0x2A88      	GOTO       L_main14
0x02C1	0x0844      	MOVF       _kp, 0
0x02C2	0x3A07      	XORLW      7
0x02C3	0x1903      	BTFSC      STATUS, 2
0x02C4	0x2A8B      	GOTO       L_main15
0x02C5	0x0844      	MOVF       _kp, 0
0x02C6	0x3A08      	XORLW      8
0x02C7	0x1903      	BTFSC      STATUS, 2
0x02C8	0x2A8E      	GOTO       L_main16
0x02C9	0x0844      	MOVF       _kp, 0
0x02CA	0x3A09      	XORLW      9
0x02CB	0x1903      	BTFSC      STATUS, 2
0x02CC	0x2A91      	GOTO       L_main17
0x02CD	0x0844      	MOVF       _kp, 0
0x02CE	0x3A0A      	XORLW      10
0x02CF	0x1903      	BTFSC      STATUS, 2
0x02D0	0x2A94      	GOTO       L_main18
0x02D1	0x0844      	MOVF       _kp, 0
0x02D2	0x3A0B      	XORLW      11
0x02D3	0x1903      	BTFSC      STATUS, 2
0x02D4	0x2A97      	GOTO       L_main19
0x02D5	0x0844      	MOVF       _kp, 0
0x02D6	0x3A0C      	XORLW      12
0x02D7	0x1903      	BTFSC      STATUS, 2
0x02D8	0x2A9A      	GOTO       L_main20
0x02D9	0x0844      	MOVF       _kp, 0
0x02DA	0x3A0D      	XORLW      13
0x02DB	0x1903      	BTFSC      STATUS, 2
0x02DC	0x2A9D      	GOTO       L_main21
0x02DD	0x0844      	MOVF       _kp, 0
0x02DE	0x3A0E      	XORLW      14
0x02DF	0x1903      	BTFSC      STATUS, 2
0x02E0	0x2AA0      	GOTO       L_main22
0x02E1	0x0844      	MOVF       _kp, 0
0x02E2	0x3A0F      	XORLW      15
0x02E3	0x1903      	BTFSC      STATUS, 2
0x02E4	0x2AA3      	GOTO       L_main23
0x02E5	0x0844      	MOVF       _kp, 0
0x02E6	0x3A10      	XORLW      16
0x02E7	0x1903      	BTFSC      STATUS, 2
0x02E8	0x2AA6      	GOTO       L_main24
L_main8:
;VSaula060_TecladoMatricial.c,127 :: 		if (kp != oldstate) {                  // Pressed key differs from previous
0x02E9	0x0844      	MOVF       _kp, 0
0x02EA	0x0620      	XORWF      _oldstate, 0
0x02EB	0x1903      	BTFSC      STATUS, 2
0x02EC	0x2AF2      	GOTO       L_main25
;VSaula060_TecladoMatricial.c,128 :: 		cnt = 1;
0x02ED	0x3001      	MOVLW      1
0x02EE	0x00C3      	MOVWF      _cnt
;VSaula060_TecladoMatricial.c,129 :: 		oldstate = kp;
0x02EF	0x0844      	MOVF       _kp, 0
0x02F0	0x00A0      	MOVWF      _oldstate
;VSaula060_TecladoMatricial.c,130 :: 		}
0x02F1	0x2AF3      	GOTO       L_main26
L_main25:
;VSaula060_TecladoMatricial.c,132 :: 		cnt++;
0x02F2	0x0AC3      	INCF       _cnt, 1
;VSaula060_TecladoMatricial.c,133 :: 		}
L_main26:
;VSaula060_TecladoMatricial.c,135 :: 		Lcd_Chr(1, 8, ltrim(kp));                    // Print key ASCII value on LCD
0x02F3	0x0844      	MOVF       _kp, 0
0x02F4	0x00C6      	MOVWF      FARG_Ltrim_string
0x02F5	0x213F      	CALL       _Ltrim
0x02F6	0x0870      	MOVF       R0, 0
0x02F7	0x00C8      	MOVWF      FARG_Lcd_Chr_out_char
0x02F8	0x3001      	MOVLW      1
0x02F9	0x00C6      	MOVWF      FARG_Lcd_Chr_row
0x02FA	0x3008      	MOVLW      8
0x02FB	0x00C7      	MOVWF      FARG_Lcd_Chr_column
0x02FC	0x20BD      	CALL       _Lcd_Chr
;VSaula060_TecladoMatricial.c,137 :: 		if (cnt == 255) {                      // If counter varialble overflow
0x02FD	0x0843      	MOVF       _cnt, 0
0x02FE	0x3AFF      	XORLW      255
0x02FF	0x1D03      	BTFSS      STATUS, 2
0x0300	0x2B09      	GOTO       L_main27
;VSaula060_TecladoMatricial.c,138 :: 		cnt = 0;
0x0301	0x01C3      	CLRF       _cnt
;VSaula060_TecladoMatricial.c,139 :: 		Lcd_Out(2, 8, "         ");
0x0302	0x3002      	MOVLW      2
0x0303	0x00C6      	MOVWF      FARG_Lcd_Out_row
0x0304	0x3008      	MOVLW      8
0x0305	0x00C7      	MOVWF      FARG_Lcd_Out_column
0x0306	0x3021      	MOVLW      ?lstr4_VSaula060_TecladoMatricial
0x0307	0x00C8      	MOVWF      FARG_Lcd_Out_text
0x0308	0x21C5      	CALL       _Lcd_Out
;VSaula060_TecladoMatricial.c,140 :: 		}
L_main27:
;VSaula060_TecladoMatricial.c,142 :: 		WordToStr(cnt, txt);                   // Transform counter value to string
0x0309	0x0843      	MOVF       _cnt, 0
0x030A	0x00C6      	MOVWF      FARG_WordToStr_input
0x030B	0x01C7      	CLRF       FARG_WordToStr_input+1
0x030C	0x303D      	MOVLW      _txt
0x030D	0x00C8      	MOVWF      FARG_WordToStr_output
0x030E	0x20F2      	CALL       _WordToStr
;VSaula060_TecladoMatricial.c,143 :: 		Lcd_Out(2, 8, ltrim(txt));                   // Display counter value on LCD
0x030F	0x303D      	MOVLW      _txt
0x0310	0x00C6      	MOVWF      FARG_Ltrim_string
0x0311	0x213F      	CALL       _Ltrim
0x0312	0x0870      	MOVF       R0, 0
0x0313	0x00C8      	MOVWF      FARG_Lcd_Out_text
0x0314	0x3002      	MOVLW      2
0x0315	0x00C6      	MOVWF      FARG_Lcd_Out_row
0x0316	0x3008      	MOVLW      8
0x0317	0x00C7      	MOVWF      FARG_Lcd_Out_column
0x0318	0x21C5      	CALL       _Lcd_Out
;VSaula060_TecladoMatricial.c,144 :: 		} while (1); //Final do Loop
0x0319	0x2A65      	GOTO       L_main0
;VSaula060_TecladoMatricial.c,146 :: 		}//Final da main()
0x031A	0x2B1A      	GOTO       $+0
; end of _main
Symbol List:
//** Routines locations **
//ADDRESS    SIZE    PROCEDURE
//----------------------------------------------
0x0003       [3]    _Delay_1us
0x0006      [13]    _Delay_5500us
0x0013       [7]    _Delay_50us
0x001A      [64]    _Lcd_Cmd
0x005A       [8]    _Delay_10us
0x0062      [47]    _Keypad_Key_Press
0x0091       [7]    _____DoICP
0x0098      [29]    _Div_16x16_U
0x00B5       [8]    _Lcd_Chr_CP
0x00BD      [53]    _Lcd_Chr
0x00F2      [64]    _WordToStr
0x0132      [13]    _Keypad_Key_Click
0x013F      [44]    _Ltrim
0x016B      [12]    ___CC2DW
0x0177      [78]    _Lcd_Init
0x01C5      [64]    _Lcd_Out
0x0205       [5]    _Keypad_Init
0x020A     [273]    _main
//** Variables locations ** 
//ADDRESS    SIZE    VARIABLE
//----------------------------------------------
0x0000       [1]    INDF
0x0001       [1]    TMR0
0x0002       [1]    PCL
0x0003       [0]    IRP_bit
0x0003       [1]    STATUS
0x0003       [0]    NOT_PD_bit
0x0003       [0]    NOT_TO_bit
0x0003       [0]    RP0_bit
0x0003       [0]    C_bit
0x0003       [0]    DC_bit
0x0003       [0]    RP1_bit
0x0003       [0]    Z_bit
0x0004       [1]    FSRPTR
0x0004       [1]    FSR
0x0005       [1]    PORTA
0x0005       [0]    RA1_bit
0x0005       [0]    RA0_bit
0x0005       [0]    RA4_bit
0x0005       [0]    RA2_bit
0x0005       [0]    RA5_bit
0x0005       [0]    RA3_bit
0x0006       [0]    LCD_D7
0x0006       [0]    RB1_bit
0x0006       [0]    LCD_D6
0x0006       [0]    LCD_RS
0x0006       [0]    LCD_EN
0x0006       [0]    RB0_bit
0x0006       [0]    RB6_bit
0x0006       [0]    RB5_bit
0x0006       [0]    RB7_bit
0x0006       [1]    PORTB
0x0006       [0]    RB3_bit
0x0006       [0]    LCD_D5
0x0006       [0]    RB2_bit
0x0006       [0]    LCD_D4
0x0006       [0]    RB4_bit
0x0007       [0]    RC2_bit
0x0007       [0]    RC1_bit
0x0007       [0]    RC7_bit
0x0007       [0]    RC6_bit
0x0007       [0]    RC5_bit
0x0007       [0]    RC3_bit
0x0007       [0]    RC4_bit
0x0007       [0]    RC0_bit
0x0007       [1]    PORTC
0x0008       [0]    RD3_bit
0x0008       [0]    RD4_bit
0x0008       [0]    RD5_bit
0x0008       [0]    RD2_bit
0x0008       [1]    PORTD
0x0008       [0]    RD0_bit
0x0008       [0]    RD1_bit
0x0008       [0]    RD6_bit
0x0008       [0]    RD7_bit
0x0008       [1]    keypadPort
0x0009       [0]    RE2_bit
0x0009       [0]    RE1_bit
0x0009       [1]    PORTE
0x0009       [0]    RE0_bit
0x000A       [1]    PCLATH
0x000B       [0]    GIE_bit
0x000B       [0]    RBIF_bit
0x000B       [0]    INTE_bit
0x000B       [1]    INTCON
0x000B       [0]    TMR0IE_bit
0x000B       [0]    INTF_bit
0x000B       [0]    T0IE_bit
0x000B       [0]    T0IF_bit
0x000B       [0]    TMR0IF_bit
0x000B       [0]    RBIE_bit
0x000B       [0]    PEIE_bit
0x000C       [0]    PSPIF_bit
0x000C       [1]    PIR1
0x000C       [0]    ADIF_bit
0x000C       [0]    CCP1IF_bit
0x000C       [0]    SSPIF_bit
0x000C       [0]    TMR1IF_bit
0x000C       [0]    TMR2IF_bit
0x000C       [0]    TXIF_bit
0x000C       [0]    RCIF_bit
0x000D       [0]    CCP2IF_bit
0x000D       [0]    EEIF_bit
0x000D       [0]    BCLIF_bit
0x000D       [0]    CMIF_bit
0x000D       [1]    PIR2
0x000E       [1]    TMR1L
0x000F       [1]    TMR1H
0x0010       [0]    T1INSYNC_bit
0x0010       [0]    NOT_T1SYNC_bit
0x0010       [0]    T1SYNC_bit
0x0010       [0]    TMR1ON_bit
0x0010       [0]    TMR1CS_bit
0x0010       [0]    T1CKPS1_bit
0x0010       [1]    T1CON
0x0010       [0]    T1OSCEN_bit
0x0010       [0]    T1CKPS0_bit
0x0011       [1]    TMR2
0x0012       [0]    TMR2ON_bit
0x0012       [0]    TOUTPS0_bit
0x0012       [0]    T2CKPS0_bit
0x0012       [0]    T2CKPS1_bit
0x0012       [0]    TOUTPS3_bit
0x0012       [1]    T2CON
0x0012       [0]    TOUTPS1_bit
0x0012       [0]    TOUTPS2_bit
0x0013       [1]    SSPBUF
0x0014       [0]    WCOL_bit
0x0014       [0]    SSPOV_bit
0x0014       [0]    CKP_bit
0x0014       [1]    SSPCON
0x0014       [0]    SSPM1_bit
0x0014       [0]    SSPEN_bit
0x0014       [0]    SSPM2_bit
0x0014       [0]    SSPM3_bit
0x0014       [0]    SSPM0_bit
0x0015       [2]    CCPR1
0x0015       [1]    CCPR1L
0x0016       [1]    CCPR1H
0x0017       [0]    CCP1Y_bit
0x0017       [0]    CCP1M2_bit
0x0017       [0]    CCP1M3_bit
0x0017       [0]    CCP1X_bit
0x0017       [0]    CCP1M0_bit
0x0017       [0]    CCP1M1_bit
0x0017       [1]    CCP1CON
0x0018       [0]    ADDEN_bit
0x0018       [0]    RX9D_bit
0x0018       [0]    RCD8_bit
0x0018       [0]    OERR_bit
0x0018       [0]    FERR_bit
0x0018       [1]    RCSTA
0x0018       [0]    CREN_bit
0x0018       [0]    RC9_bit
0x0018       [0]    RX9_bit
0x0018       [0]    SPEN_bit
0x0018       [0]    NOT_RC8_bit
0x0018       [0]    SREN_bit
0x0018       [0]    RC8_9_bit
0x0019       [1]    TXREG
0x001A       [1]    RCREG
0x001B       [1]    CCPR2L
0x001B       [2]    CCPR2
0x001C       [1]    CCPR2H
0x001D       [0]    CCP2M3_bit
0x001D       [0]    CCP2Y_bit
0x001D       [0]    CCP2X_bit
0x001D       [0]    CCP2M2_bit
0x001D       [0]    CCP2M0_bit
0x001D       [1]    CCP2CON
0x001D       [0]    CCP2M1_bit
0x001E       [1]    ADRESH
0x001F       [0]    CHS0_bit
0x001F       [0]    CHS1_bit
0x001F       [0]    CHS2_bit
0x001F       [0]    GO_bit
0x001F       [0]    ADON_bit
0x001F       [0]    GO_DONE_bit
0x001F       [0]    NOT_DONE_bit
0x001F       [0]    ADCS1_bit
0x001F       [1]    ADCON0
0x001F       [0]    ADCS0_bit
0x0020       [1]    _oldstate
0x0021      [10]    ?lstr4_VSaula060_TecladoMatricial
0x002B       [2]    ?lstr1_VSaula060_TecladoMatricial
0x002D       [7]    ?lstr2_VSaula060_TecladoMatricial
0x0034       [7]    ?lstr3_VSaula060_TecladoMatricial
0x003B       [2]    ___DoICPAddr
0x003D       [6]    _txt
0x0043       [1]    _cnt
0x0044       [1]    _kp
0x0045       [0]    __Lib_Lcd_cmd_status
0x0046       [1]    Keypad_Key_Click_rslt_L0
0x0046       [1]    FARG_Lcd_Out_row
0x0046       [1]    FARG_Lcd_Chr_row
0x0046       [2]    FARG_WordToStr_input
0x0046       [1]    FARG_Ltrim_string
0x0047       [1]    FARG_Lcd_Chr_column
0x0047       [2]    Ltrim_trimmed_L0
0x0047       [1]    FARG_Lcd_Out_column
0x0048       [1]    FARG_Lcd_Out_text
0x0048       [1]    FARG_Lcd_Chr_out_char
0x0048       [1]    FARG_WordToStr_output
0x0049       [1]    WordToStr_len_L0
0x0049       [1]    Lcd_Out_i_L0
0x004A       [1]    FLOC__WordToStr
0x004B       [1]    FARG_Lcd_Chr_CP_out_char
0x004B       [1]    Keypad_Key_Press_rslt_L0
0x004C       [1]    Keypad_Key_Press_kdata_L0
0x004D       [1]    Keypad_Key_Press_loc_L0
0x004E       [1]    Keypad_Key_Press_rowcnt_L0
0x004F       [1]    Keypad_Key_Press_shifter_L0
0x0050       [1]    FARG_Lcd_Cmd_out_char
0x0070       [1]    R0
0x0071       [1]    R1
0x0072       [1]    R2
0x0073       [1]    R3
0x0074       [1]    R4
0x0075       [1]    R5
0x0076       [1]    R6
0x0077       [1]    R7
0x0078       [1]    R8
0x0079       [1]    R9
0x007A       [1]    R10
0x007B       [1]    R11
0x007C       [1]    R12
0x007D       [1]    R13
0x007E       [1]    R14
0x007F       [1]    R15
0x0081       [0]    T0CS_bit
0x0081       [0]    T0SE_bit
0x0081       [0]    NOT_RBPU_bit
0x0081       [0]    INTEDG_bit
0x0081       [0]    PS0_bit
0x0081       [0]    PSA_bit
0x0081       [1]    OPTION_REG
0x0081       [0]    PS1_bit
0x0081       [0]    PS2_bit
0x0085       [0]    TRISA2_bit
0x0085       [1]    TRISA
0x0085       [0]    TRISA3_bit
0x0085       [0]    TRISA0_bit
0x0085       [0]    TRISA5_bit
0x0085       [0]    TRISA1_bit
0x0085       [0]    TRISA4_bit
0x0086       [1]    TRISB
0x0086       [0]    LCD_D6_Direction
0x0086       [0]    LCD_EN_Direction
0x0086       [0]    LCD_D7_Direction
0x0086       [0]    LCD_RS_Direction
0x0086       [0]    TRISB3_bit
0x0086       [0]    TRISB0_bit
0x0086       [0]    TRISB1_bit
0x0086       [0]    LCD_D5_Direction
0x0086       [0]    TRISB2_bit
0x0086       [0]    TRISB4_bit
0x0086       [0]    TRISB7_bit
0x0086       [0]    TRISB6_bit
0x0086       [0]    LCD_D4_Direction
0x0086       [0]    TRISB5_bit
0x0087       [1]    TRISC
0x0087       [0]    TRISC2_bit
0x0087       [0]    TRISC3_bit
0x0087       [0]    TRISC0_bit
0x0087       [0]    TRISC1_bit
0x0087       [0]    TRISC6_bit
0x0087       [0]    TRISC7_bit
0x0087       [0]    TRISC4_bit
0x0087       [0]    TRISC5_bit
0x0088       [0]    TRISD7_bit
0x0088       [0]    TRISD6_bit
0x0088       [1]    TRISD
0x0088       [0]    TRISD0_bit
0x0088       [0]    TRISD5_bit
0x0088       [0]    TRISD2_bit
0x0088       [0]    TRISD1_bit
0x0088       [0]    TRISD4_bit
0x0088       [0]    TRISD3_bit
0x0089       [0]    OBF_bit
0x0089       [0]    IBF_bit
0x0089       [1]    TRISE
0x0089       [0]    PSPMODE_bit
0x0089       [0]    IBOV_bit
0x0089       [0]    TRISE0_bit
0x0089       [0]    IBOV_TRISE_bit
0x0089       [0]    OBF_TRISE_bit
0x0089       [0]    IBF_TRISE_bit
0x0089       [0]    TRISE1_bit
0x0089       [0]    TRISE2_bit
0x0089       [0]    PSPMODE_TRISE_bit
0x008C       [0]    TMR2IE_bit
0x008C       [0]    CCP1IE_bit
0x008C       [1]    PIE1
0x008C       [0]    TMR1IE_bit
0x008C       [0]    PSPIE_bit
0x008C       [0]    ADIE_bit
0x008C       [0]    RCIE_bit
0x008C       [0]    SSPIE_bit
0x008C       [0]    TXIE_bit
0x008D       [0]    CCP2IE_bit
0x008D       [1]    PIE2
0x008D       [0]    EEIE_bit
0x008D       [0]    CMIE_bit
0x008D       [0]    BCLIE_bit
0x008E       [0]    NOT_BOR_bit
0x008E       [1]    PCON
0x008E       [0]    NOT_POR_bit
0x008E       [0]    NOT_BO_bit
0x0091       [0]    ACKEN_bit
0x0091       [0]    ACKDT_bit
0x0091       [0]    PEN_bit
0x0091       [0]    RCEN_bit
0x0091       [0]    RSEN_bit
0x0091       [0]    SEN_bit
0x0091       [0]    GCEN_bit
0x0091       [1]    SSPCON2
0x0091       [0]    ACKSTAT_bit
0x0092       [1]    PR2
0x0093       [1]    SSPADD
0x0094       [0]    I2C_READ_bit
0x0094       [0]    NOT_W_bit
0x0094       [0]    CKE_bit
0x0094       [0]    D_bit
0x0094       [0]    I2C_DATA_bit
0x0094       [0]    I2C_STOP__bit
0x0094       [0]    D_A_bit
0x0094       [0]    P_bit
0x0094       [0]    DATA_ADDRESS_bit
0x0094       [0]    S_bit
0x0094       [0]    NOT_A_bit
0x0094       [0]    R_bit
0x0094       [0]    NOT_ADDRESS_bit
0x0094       [0]    I2C_START__bit
0x0094       [0]    SMP_bit
0x0094       [0]    READ_WRITE_bit
0x0094       [0]    R_W_bit
0x0094       [0]    UA_bit
0x0094       [1]    SSPSTAT
0x0094       [0]    BF_bit
0x0094       [0]    NOT_WRITE_bit
0x0098       [0]    TX9_bit
0x0098       [0]    NOT_TX8_bit
0x0098       [0]    BRGH_bit
0x0098       [1]    TXSTA
0x0098       [0]    SYNC_bit
0x0098       [0]    TXEN_bit
0x0098       [0]    TX9D_bit
0x0098       [0]    CSRC_bit
0x0098       [0]    TX8_9_bit
0x0098       [0]    TXD8_bit
0x0098       [0]    TRMT_bit
0x0099       [1]    SPBRG
0x009C       [0]    CM1_bit
0x009C       [0]    C2OUT_bit
0x009C       [0]    CM0_bit
0x009C       [1]    CMCON
0x009C       [0]    C2INV_bit
0x009C       [0]    C1INV_bit
0x009C       [0]    CIS_bit
0x009C       [0]    CM2_bit
0x009C       [0]    C1OUT_bit
0x009D       [0]    CVR3_bit
0x009D       [0]    CVR2_bit
0x009D       [0]    CVR1_bit
0x009D       [0]    CVRR_bit
0x009D       [1]    CVRCON
0x009D       [0]    CVREN_bit
0x009D       [0]    CVROE_bit
0x009D       [0]    CVR0_bit
0x009E       [1]    ADRESL
0x009F       [0]    ADCS2_bit
0x009F       [0]    ADFM_bit
0x009F       [1]    ADCON1
0x009F       [0]    PCFG3_bit
0x009F       [0]    PCFG1_bit
0x009F       [0]    PCFG0_bit
0x009F       [0]    PCFG2_bit
0x010C       [1]    EEDATA
0x010D       [1]    EEADR
0x010E       [1]    EEDATH
0x010F       [1]    EEADRH
0x018C       [0]    WREN_bit
0x018C       [0]    WR_bit
0x018C       [0]    RD_bit
0x018C       [0]    WRERR_bit
0x018C       [1]    EECON1
0x018C       [0]    EEPGD_bit
0x018D       [1]    EECON2
//** Label List: ** 
//----------------------------------------------
  L_main0
  L_main1
  L_main2
  L_main3
  L_main4
  L_main5
  L_main6
  L_main7
  L_main8
  L_main9
  L_main10
  L_main11
  L_main12
  L_main13
  L_main14
  L_main15
  L_main16
  L_main17
  L_main18
  L_main19
  L_main20
  L_main21
  L_main22
  L_main23
  L_main24
  L_main25
  L_main26
  L_main27
  _main
  L_ByteToStr0
  L_ByteToStr1
  L_ByteToStr2
  L_ByteToStr3
  L_ByteToStr4
  L_ByteToStr5
  L_WordToStr6
  L_WordToStr7
  L_WordToStr8
  L_WordToStr9
  L_WordToStr10
  L_WordToStr11
  L_WordToStrWithZeros12
  L_WordToStrWithZeros13
  L_WordToStrWithZeros14
  L_WordToStrWithZeros15
  L_WordToStrWithZeros16
  L_ShortToStr17
  L_ShortToStr18
  L_ShortToStr19
  L_ShortToStr20
  L_ShortToStr21
  L_ShortToStr22
  L_IntToStr23
  L_IntToStr24
  L_IntToStr25
  L_IntToStr26
  L_IntToStr27
  L_IntToStr28
  L_IntToStrWithZeros29
  L_IntToStrWithZeros30
  L_IntToStrWithZeros31
  L_IntToStrWithZeros32
  L_IntToStrWithZeros33
  L_IntToStrWithZeros34
  L_IntToStrWithZeros35
  L_IntToStrWithZeros36
  L_LongWordToStr37
  L_LongWordToStr38
  L_LongWordToStr39
  L_LongWordToStr40
  L_LongWordToStr41
  L_LongWordToStr42
  L_LongWordToStrWithZeros43
  L_LongWordToStrWithZeros44
  L_LongWordToStrWithZeros45
  L_LongWordToStrWithZeros46
  L_LongWordToStrWithZeros47
  L_LongToStr48
  L_LongToStr49
  L_LongToStr50
  L_LongToStr51
  L_LongToStr52
  L_LongToStr53
  L_LongIntToStrWithZeros54
  L_LongIntToStrWithZeros55
  L_LongIntToStrWithZeros56
  L_LongIntToStrWithZeros57
  L_LongIntToStrWithZeros58
  L_LongIntToStrWithZeros59
  L_LongIntToStrWithZeros60
  L_LongIntToStrWithZeros61
  L_Dec2Bcd62
  L_Dec2Bcd63
  L_Rtrim64
  L_Rtrim65
  L_Ltrim66
  L_Ltrim67
  L_Ltrim68
  L_Ltrim69
  L_Ltrim70
  L_Ltrim71
  L_FloatToStr72
  L_FloatToStr73
  L_FloatToStr74
  L_FloatToStr75
  L_FloatToStr76
  L_FloatToStr77
  L_FloatToStr78
  L_FloatToStr79
  L_FloatToStr80
  L_FloatToStr81
  L_FloatToStr82
  L_FloatToStr83
  L_FloatToStr84
  L_FloatToStr85
  L_FloatToStr86
  L_FloatToStr87
  L_FloatToStr88
  L_FloatToStr89
  L_FloatToStr90
  L_FloatToStr91
  L_FloatToStr92
  L_FloatToStr93
  L__Ltrim94
  L__FloatToStr95
  _ByteToHex
  _ShortToHex
  _WordToHex
  _IntToHex
  _LongWordToHex
  _LongIntToHex
  _ByteToStr
  _WordToStr
  L__WordToStr96
  _WordToStrWithZeros
  L__WordToStrWithZeros97
  _ShortToStr
  L__ShortToStr98
  _IntToStr
  L__IntToStr99
  L__IntToStr100
  _IntToStrWithZeros
  L__IntToStrWithZeros101
  L__IntToStrWithZeros102
  L__IntToStrWithZeros103
  _LongWordToStr
  L__LongWordToStr104
  L__LongWordToStr105
  _LongWordToStrWithZeros
  L__LongWordToStrWithZeros106
  _LongToStr
  L__LongToStr107
  L__LongToStr108
  _LongIntToStrWithZeros
  L__LongIntToStrWithZeros109
  L__LongIntToStrWithZeros110
  L__LongIntToStrWithZeros111
  _Dec2Bcd
  _Bcd2Dec
  _Bcd2Dec16
  L__Bcd2Dec16112
  L__Bcd2Dec16113
  _Dec2Bcd16
  L__Dec2Bcd16114
  L__Dec2Bcd16115
  _Rtrim
  _Ltrim
  _FloatToStr
  L__FloatToStr116
  L__FloatToStr117
  L__FloatToStr118
  L__FloatToStr119
  L__FloatToStr120
  L_Delay_10us0
  L_Delay_22us1
  L_Delay_50us2
  L_Delay_80us3
  L_Delay_500us4
  L_Delay_5500us5
  L_Delay_1ms6
  L_Delay_5ms7
  L_Delay_8ms8
  L_Delay_100ms9
  L_Delay_1sec10
  L_boot16_Delay_5ms11
  L_Delay_Cyc12
  L_Delay_Cyc13
  L_VDelay_ms14
  L_VDelay_ms15
  L_VDelay_ms16
  L_VDelay_Advanced_ms17
  L_VDelay_Advanced_ms18
  L_VDelay_Advanced_ms19
  _Get_Fosc_kHz
  _Delay_1us
  _Delay_10us
  _Delay_22us
  _Delay_50us
  _Delay_80us
  _Delay_500us
  _Delay_5500us
  _Delay_1ms
  _Delay_5ms
  _Delay_8ms
  _Delay_100ms
  _Delay_1sec
  _boot16_Delay_5ms
  _Delay_Cyc
  _VDelay_ms
  L__VDelay_ms20
  L__VDelay_ms21
  L__VDelay_ms22
  _VDelay_Advanced_ms
  L__VDelay_Advanced_ms23
  L__VDelay_Advanced_ms24
  L__VDelay_Advanced_ms25
  L_Keypad_Key_Press0
  L_Keypad_Key_Press1
  L_Keypad_Key_Press2
  L_Keypad_Key_Press3
  L_Keypad_Key_Press4
  L_Keypad_Key_Click5
  L_Keypad_Key_Click6
  _Keypad_Init
  _Keypad_Key_Press
  _Keypad_Key_Click
  L_Lcd_Cmd0
  L_Lcd_Cmd1
  L_Lcd_Out_CP2
  L_Lcd_Out_CP3
  L_Lcd_Chr4
  L_Lcd_Chr5
  L_Lcd_Chr6
  L_Lcd_Chr7
  L_Lcd_Chr8
  L_Lcd_Chr9
  L_Lcd_Chr10
  L_Lcd_Out11
  L_Lcd_Out12
  L_Lcd_Out13
  L_Lcd_Out14
  L_Lcd_Out15
  L_Lcd_Out16
  L_Lcd_Out17
  L_Lcd_Out18
  L_Lcd_Out19
  _Lcd_Cmd
  L__Lcd_Cmd20
  L__Lcd_Cmd21
  L__Lcd_Cmd22
  L__Lcd_Cmd23
  L__Lcd_Cmd24
  L__Lcd_Cmd25
  L__Lcd_Cmd26
  L__Lcd_Cmd27
  L__Lcd_Cmd28
  L__Lcd_Cmd29
  L__Lcd_Cmd30
  L__Lcd_Cmd31
  L__Lcd_Cmd32
  L__Lcd_Cmd33
  L__Lcd_Cmd34
  L__Lcd_Cmd35
  L__Lcd_Cmd36
  L__Lcd_Cmd37
  L__Lcd_Cmd38
  L__Lcd_Cmd39
  _Lcd_Chr_CP
  _Lcd_Out_CP
  _Lcd_Chr
  _Lcd_Init
  _Lcd_Out
  L_Div_16x16_S0
  L_Div_16x16_S1
  LOOPS3232A
  SADD22LA
  SOK22LA
  SADD22L8
  SOK22L8
  LOOPS3232B
  SADD22LB
  SOK22LB
  SADD22L16
  SOK22L16
  LOOPS3232C
  SADD22LC
  SOK22LC
  SADD22L24
  SOK22L24
  LOOPS3232D
  SADD22LD
  SOK22LD
  SOK22L
  L_Div_32x32_S6
  L_Div_32x32_S7
  L_Div_32x32_S8
  L_Div_32x32_S9
  FXD3232S
  END_ALL
  CA3232S
  C3232SX
  C3232SX1
  C3232S
  C3232S2
  C3232SX4
  C3232SOK
  C3232SX3
  C3232SX2
  avoid_comfrem
  LOOPU3232A
  UADD22LA
  UOK22LA
  UADD22L8
  UOK22L8
  LOOPU3232B
  UADD22LB
  UOK22LB
  UADD22L16
  UOK22L16
  LOOPU3232C
  UADD22LC
  UOK22LC
  UADD22L24
  UOK22L24
  LOOPU3232D
  UADD22LD
  UOK22LD
  UOK22L
  _NEXT
  _EXIT2
  _LOOP
  _EXIT1
  _IF_FIRST
  _IF_SECOND
  _INVERCE_FIRST
  _MULT
  _INBERSE_SECOND
  _EXIT
  _Mul_8x8_U
  _Mul_16x16_U
  _Div_8x8_U
  _Div_16x16_U
  _Mul_8x8_S
  _Mul_16x16_S
  _Div_16x16_S_L
  _Div_16x16_S
  _Div_8x8_S
  _SDIV3232L
  _COMFREM
  _Div_32x32_S
  _Div_32x32_U
  _Mul_32x32_U
  _Mul_32x32_S
  _CC2D_Loop1
  _____DoICP
  _____DoIFC
  ___CC2DW
  _Swap
