
ROM used:   148/8192 (2%)
            148/8192 (2%) including unused fragments

            0.2 Average locations per line
            5.9 Average locations per statement

RAM used:   9/368 (2%) at main() level
            14/368 (4%) worst case

Stack used: 0 worst case (0 in main + 0 for interrupts)
Stack size: 8

Lines Stmts  %   Files
----- ----- ---  -----
   66    25 100  aula008.c
  758     0   0  ..\..\..\..\..\..\..\Program Files (x86)\PICC\Devices\16F887.h
----- -----
  824    25 Total

Page ROM  %  RAM   Vol Diff  Functions:
---- --- --- ---   --- ----  ----------
0     21  14    1             @delay_ms1
0     14   9    0             @const618
 Inline         2   348  3.8  MOSTRAR
0     21  14    3   500  6.1  @DIV88
0     50  34    0    70  2.6  RET1SEG
0     38  26    0   152  3.0  MAIN
 Inline         0             @cinit1

Program metrics:
    Functions               4
    Statements              25
    Comments                153
    Volume (V)              1447
    Difficulty (D)          15.5
    Effort to implement (E) 22384
    Time to implement (T)   21 minutes
    Est Delivered Bugs (B)  0
    Cyclomatic Complexity   1
    Maintainability (MI)    103

 Segment     Used  Free
-----------  ----  ----
00000-00003     4  0  
00004-007FF   144  1900  
00800-00FFF     0  2048  
01000-017FF     0  2048  
01800-01FFF     0  2048  



