;  LST file generated by mikroListExporter - v.2.0 
; Date/Time: 19/01/2023 15:47:52
;----------------------------------------------

;Address Opcode 	ASM
0x0000	0x2803      	GOTO       3
_main:
;programa_04.c,7 :: 		void main() {
;programa_04.c,8 :: 		ADCON1 = 0b00000111;    // configura pinos de I/O como digital
0x0003	0x3007      	MOVLW      7
0x0004	0x1683      	BSF        STATUS, 5
0x0005	0x1303      	BCF        STATUS, 6
0x0006	0x009F      	MOVWF      ADCON1
;programa_04.c,9 :: 		TRISD = 0b00000000;     // configura port D como saída digital
0x0007	0x0188      	CLRF       TRISD
;programa_04.c,10 :: 		PORTD = 0b00000000;     // port D inicia em nível baixo
0x0008	0x1283      	BCF        STATUS, 5
0x0009	0x0188      	CLRF       PORTD
;programa_04.c,12 :: 		while(1){
L_main0:
;programa_04.c,13 :: 		PORTD++;
0x000A	0x0A08      	INCF       PORTD, 0
0x000B	0x00F0      	MOVWF      R0
0x000C	0x0870      	MOVF       R0, 0
0x000D	0x0088      	MOVWF      PORTD
;programa_04.c,14 :: 		delay_ms(300);
0x000E	0x3004      	MOVLW      4
0x000F	0x00FB      	MOVWF      R11
0x0010	0x300C      	MOVLW      12
0x0011	0x00FC      	MOVWF      R12
0x0012	0x3033      	MOVLW      51
0x0013	0x00FD      	MOVWF      R13
L_main2:
0x0014	0x0BFD      	DECFSZ     R13, 1
0x0015	0x2814      	GOTO       L_main2
0x0016	0x0BFC      	DECFSZ     R12, 1
0x0017	0x2814      	GOTO       L_main2
0x0018	0x0BFB      	DECFSZ     R11, 1
0x0019	0x2814      	GOTO       L_main2
0x001A	0x0000      	NOP
0x001B	0x0000      	NOP
;programa_04.c,15 :: 		}
0x001C	0x280A      	GOTO       L_main0
;programa_04.c,17 :: 		}
L_end_main:
0x001D	0x281D      	GOTO       $+0
; end of _main
Symbol List:
//** Routines locations **
//ADDRESS    SIZE    PROCEDURE
//----------------------------------------------
0x0003      [27]    _main
//** Variables locations ** 
//ADDRESS    SIZE    VARIABLE
//----------------------------------------------
0x0000       [1]    INDF
0x0003       [1]    STATUS
0x0004       [1]    FSR
0x0008       [1]    PORTD
0x000A       [1]    PCLATH
0x0020       [2]    ___DoICPAddr
0x0070       [1]    R0
0x0071       [1]    R1
0x0072       [1]    R2
0x0073       [1]    R3
0x0074       [1]    R4
0x0075       [1]    R5
0x0076       [1]    R6
0x0077       [1]    R7
0x0078       [1]    R8
0x0079       [1]    R9
0x007A       [1]    R10
0x007B       [1]    R11
0x007C       [1]    R12
0x007D       [1]    R13
0x007E       [1]    R14
0x007F       [1]    R15
0x0088       [1]    TRISD
0x009F       [1]    ADCON1
