;  LST file generated by mikroListExporter - v.2.0 
; Date/Time: 19/01/2023 15:09:19
;----------------------------------------------

;Address Opcode 	ASM
0x0000	0x2803      	GOTO       3
_main:
;programa_03.c,9 :: 		void main() {
;programa_03.c,10 :: 		ADCON1 = 0b00000111;    // configura pinos de I/O como digital
0x0003	0x3007      	MOVLW      7
0x0004	0x1683      	BSF        STATUS, 5
0x0005	0x1303      	BCF        STATUS, 6
0x0006	0x009F      	MOVWF      ADCON1
;programa_03.c,11 :: 		TRISB = 0b11111111;     // configura port B como entrada digital
0x0007	0x30FF      	MOVLW      255
0x0008	0x0086      	MOVWF      TRISB
;programa_03.c,12 :: 		TRISC = 0b00000000;     // configura port C como saída digital
0x0009	0x0187      	CLRF       TRISC
;programa_03.c,13 :: 		TRISD = 0b00000000;     // configura port D como saída digital
0x000A	0x0188      	CLRF       TRISD
;programa_03.c,14 :: 		PORTB = 0b11111111;     // port B com pull-up
0x000B	0x30FF      	MOVLW      255
0x000C	0x1283      	BCF        STATUS, 5
0x000D	0x0086      	MOVWF      PORTB
;programa_03.c,15 :: 		PORTC = 0b00000000;     // port C inicia em nível baixo
0x000E	0x0187      	CLRF       PORTC
;programa_03.c,16 :: 		PORTD = 0b00000000;     // port D inicia em nível baixo
0x000F	0x0188      	CLRF       PORTD
;programa_03.c,18 :: 		while(1){
L_main0:
;programa_03.c,19 :: 		if(PORTB.RB0 == 0){
0x0010	0x1806      	BTFSC      PORTB, 0
0x0011	0x2815      	GOTO       L_main2
;programa_03.c,20 :: 		PORTD = 0b11111111;
0x0012	0x30FF      	MOVLW      255
0x0013	0x0088      	MOVWF      PORTD
;programa_03.c,21 :: 		PORTC.RC4 = 1;
0x0014	0x1607      	BSF        PORTC, 4
;programa_03.c,22 :: 		}
L_main2:
;programa_03.c,23 :: 		if(PORTB.RB1 == 0){
0x0015	0x1886      	BTFSC      PORTB, 1
0x0016	0x2818      	GOTO       L_main3
;programa_03.c,24 :: 		PORTC.RC4 = 0;
0x0017	0x1207      	BCF        PORTC, 4
;programa_03.c,25 :: 		}
L_main3:
;programa_03.c,26 :: 		if(PORTB.RB2 == 0){
0x0018	0x1906      	BTFSC      PORTB, 2
0x0019	0x281D      	GOTO       L_main4
;programa_03.c,27 :: 		PORTD = 0b11111111;
0x001A	0x30FF      	MOVLW      255
0x001B	0x0088      	MOVWF      PORTD
;programa_03.c,28 :: 		PORTC.RC5 = 1;
0x001C	0x1687      	BSF        PORTC, 5
;programa_03.c,29 :: 		}
L_main4:
;programa_03.c,30 :: 		if(PORTB.RB3 == 0){
0x001D	0x1986      	BTFSC      PORTB, 3
0x001E	0x2820      	GOTO       L_main5
;programa_03.c,31 :: 		PORTC.RC5 = 0;
0x001F	0x1287      	BCF        PORTC, 5
;programa_03.c,32 :: 		}
L_main5:
;programa_03.c,35 :: 		}
0x0020	0x2810      	GOTO       L_main0
;programa_03.c,37 :: 		}
L_end_main:
0x0021	0x2821      	GOTO       $+0
; end of _main
Symbol List:
//** Routines locations **
//ADDRESS    SIZE    PROCEDURE
//----------------------------------------------
0x0003      [31]    _main
//** Variables locations ** 
//ADDRESS    SIZE    VARIABLE
//----------------------------------------------
0x0000       [1]    INDF
0x0003       [1]    STATUS
0x0004       [1]    FSR
0x0006       [1]    PORTB
0x0007       [1]    PORTC
0x0008       [1]    PORTD
0x000A       [1]    PCLATH
0x0020       [2]    ___DoICPAddr
0x0070       [1]    R0
0x0071       [1]    R1
0x0072       [1]    R2
0x0073       [1]    R3
0x0074       [1]    R4
0x0075       [1]    R5
0x0076       [1]    R6
0x0077       [1]    R7
0x0078       [1]    R8
0x0079       [1]    R9
0x007A       [1]    R10
0x007B       [1]    R11
0x007C       [1]    R12
0x007D       [1]    R13
0x007E       [1]    R14
0x007F       [1]    R15
0x0086       [1]    TRISB
0x0087       [1]    TRISC
0x0088       [1]    TRISD
0x009F       [1]    ADCON1
