;  LST file generated by mikroListExporter - v.2.0 
; Date/Time: 19/01/2023 14:53:00
;----------------------------------------------

;Address Opcode 	ASM
0x0000	0x2803      	GOTO       3
_main:
;programa_01.c,8 :: 		void main() {
;programa_01.c,9 :: 		ADCON1 = 0b00000111;    // configura pinos de I/O como digital
0x0003	0x3007      	MOVLW      7
0x0004	0x1683      	BSF        STATUS, 5
0x0005	0x1303      	BCF        STATUS, 6
0x0006	0x009F      	MOVWF      ADCON1
;programa_01.c,10 :: 		TRISB = 0b11111111;     // configura port B como entrada digital
0x0007	0x30FF      	MOVLW      255
0x0008	0x0086      	MOVWF      TRISB
;programa_01.c,11 :: 		TRISD = 0b00000000;     // configura port D como saída digital
0x0009	0x0188      	CLRF       TRISD
;programa_01.c,12 :: 		PORTB = 0b11111111;     // port B com pull-up
0x000A	0x30FF      	MOVLW      255
0x000B	0x1283      	BCF        STATUS, 5
0x000C	0x0086      	MOVWF      PORTB
;programa_01.c,13 :: 		PORTD = 0b00000000;     // port D inicia em nível baixo (todos os LEDs apagados)
0x000D	0x0188      	CLRF       PORTD
;programa_01.c,15 :: 		while(1){
L_main0:
;programa_01.c,17 :: 		if(PORTB.RB0 == 0){ // se B0 pressionado, liga LED 0 caso ontrário desliga LED D0
0x000E	0x1806      	BTFSC      PORTB, 0
0x000F	0x2812      	GOTO       L_main2
;programa_01.c,18 :: 		PORTD.RD0 = 1;
0x0010	0x1408      	BSF        PORTD, 0
;programa_01.c,19 :: 		} else {
0x0011	0x2813      	GOTO       L_main3
L_main2:
;programa_01.c,20 :: 		PORTD.RD0 = 0;
0x0012	0x1008      	BCF        PORTD, 0
;programa_01.c,21 :: 		}
L_main3:
;programa_01.c,22 :: 		if(PORTB.RB1 == 0){
0x0013	0x1886      	BTFSC      PORTB, 1
0x0014	0x2817      	GOTO       L_main4
;programa_01.c,23 :: 		PORTD.RD1 = 1;
0x0015	0x1488      	BSF        PORTD, 1
;programa_01.c,24 :: 		} else {
0x0016	0x2818      	GOTO       L_main5
L_main4:
;programa_01.c,25 :: 		PORTD.RD1 = 0;
0x0017	0x1088      	BCF        PORTD, 1
;programa_01.c,26 :: 		}
L_main5:
;programa_01.c,27 :: 		if(PORTB.RB2 == 0){
0x0018	0x1906      	BTFSC      PORTB, 2
0x0019	0x281C      	GOTO       L_main6
;programa_01.c,28 :: 		PORTD.RD2 = 1;
0x001A	0x1508      	BSF        PORTD, 2
;programa_01.c,29 :: 		} else {
0x001B	0x281D      	GOTO       L_main7
L_main6:
;programa_01.c,30 :: 		PORTD.RD2 = 0;
0x001C	0x1108      	BCF        PORTD, 2
;programa_01.c,31 :: 		}
L_main7:
;programa_01.c,32 :: 		if(PORTB.RB3 == 0){
0x001D	0x1986      	BTFSC      PORTB, 3
0x001E	0x2821      	GOTO       L_main8
;programa_01.c,33 :: 		PORTD.RD3 = 1;
0x001F	0x1588      	BSF        PORTD, 3
;programa_01.c,34 :: 		} else {
0x0020	0x2822      	GOTO       L_main9
L_main8:
;programa_01.c,35 :: 		PORTD.RD3 = 0;
0x0021	0x1188      	BCF        PORTD, 3
;programa_01.c,36 :: 		}
L_main9:
;programa_01.c,37 :: 		if(PORTB.RB4 == 0){
0x0022	0x1A06      	BTFSC      PORTB, 4
0x0023	0x2826      	GOTO       L_main10
;programa_01.c,38 :: 		PORTD.RD4 = 1;
0x0024	0x1608      	BSF        PORTD, 4
;programa_01.c,39 :: 		} else {
0x0025	0x2827      	GOTO       L_main11
L_main10:
;programa_01.c,40 :: 		PORTD.RD4 = 0;
0x0026	0x1208      	BCF        PORTD, 4
;programa_01.c,41 :: 		}
L_main11:
;programa_01.c,42 :: 		if(PORTB.RB5 == 0){
0x0027	0x1A86      	BTFSC      PORTB, 5
0x0028	0x282B      	GOTO       L_main12
;programa_01.c,43 :: 		PORTD.RD5 = 1;
0x0029	0x1688      	BSF        PORTD, 5
;programa_01.c,44 :: 		} else {
0x002A	0x282C      	GOTO       L_main13
L_main12:
;programa_01.c,45 :: 		PORTD.RD5 = 0;
0x002B	0x1288      	BCF        PORTD, 5
;programa_01.c,46 :: 		}
L_main13:
;programa_01.c,47 :: 		if(PORTB.RB6 == 0){
0x002C	0x1B06      	BTFSC      PORTB, 6
0x002D	0x2830      	GOTO       L_main14
;programa_01.c,48 :: 		PORTD.RD6 = 1;
0x002E	0x1708      	BSF        PORTD, 6
;programa_01.c,49 :: 		} else {
0x002F	0x2831      	GOTO       L_main15
L_main14:
;programa_01.c,50 :: 		PORTD.RD6 = 0;
0x0030	0x1308      	BCF        PORTD, 6
;programa_01.c,51 :: 		}
L_main15:
;programa_01.c,52 :: 		if(PORTB.RB7 == 0){
0x0031	0x1B86      	BTFSC      PORTB, 7
0x0032	0x2835      	GOTO       L_main16
;programa_01.c,53 :: 		PORTD.RD7 = 1;
0x0033	0x1788      	BSF        PORTD, 7
;programa_01.c,54 :: 		} else {
0x0034	0x2836      	GOTO       L_main17
L_main16:
;programa_01.c,55 :: 		PORTD.RD7 = 0;
0x0035	0x1388      	BCF        PORTD, 7
;programa_01.c,56 :: 		}
L_main17:
;programa_01.c,58 :: 		delay_ms(50); // cancela o bouncing das chaves mecânicas
0x0036	0x3082      	MOVLW      130
0x0037	0x00FC      	MOVWF      R12
0x0038	0x30DD      	MOVLW      221
0x0039	0x00FD      	MOVWF      R13
L_main18:
0x003A	0x0BFD      	DECFSZ     R13, 1
0x003B	0x283A      	GOTO       L_main18
0x003C	0x0BFC      	DECFSZ     R12, 1
0x003D	0x283A      	GOTO       L_main18
0x003E	0x0000      	NOP
0x003F	0x0000      	NOP
;programa_01.c,60 :: 		}
0x0040	0x280E      	GOTO       L_main0
;programa_01.c,62 :: 		}
L_end_main:
0x0041	0x2841      	GOTO       $+0
; end of _main
Symbol List:
//** Routines locations **
//ADDRESS    SIZE    PROCEDURE
//----------------------------------------------
0x0003      [63]    _main
//** Variables locations ** 
//ADDRESS    SIZE    VARIABLE
//----------------------------------------------
0x0000       [1]    INDF
0x0003       [1]    STATUS
0x0004       [1]    FSR
0x0006       [1]    PORTB
0x0008       [1]    PORTD
0x000A       [1]    PCLATH
0x0020       [2]    ___DoICPAddr
0x0070       [1]    R0
0x0071       [1]    R1
0x0072       [1]    R2
0x0073       [1]    R3
0x0074       [1]    R4
0x0075       [1]    R5
0x0076       [1]    R6
0x0077       [1]    R7
0x0078       [1]    R8
0x0079       [1]    R9
0x007A       [1]    R10
0x007B       [1]    R11
0x007C       [1]    R12
0x007D       [1]    R13
0x007E       [1]    R14
0x007F       [1]    R15
0x0086       [1]    TRISB
0x0088       [1]    TRISD
0x009F       [1]    ADCON1
