;  LST file generated by mikroListExporter - v.2.0 
; Date/Time: 27/12/2022 20:49:21
;----------------------------------------------

;Address Opcode 	ASM
0x0000	0x2859      	GOTO       89
_____DoICP:
;__Lib_System.c,6 :: 		
;__Lib_System.c,9 :: 		
0x0003	0x1283      	BCF        STATUS, 5
0x0004	0x1303      	BCF        STATUS, 6
0x0005	0x0821      	MOVF       ___DoICPAddr+1, 0
0x0006	0x008A      	MOVWF      PCLATH
;__Lib_System.c,10 :: 		
0x0007	0x0820      	MOVF       ___DoICPAddr, 0
0x0008	0x0082      	MOVWF      PCL
;__Lib_System.c,12 :: 		
0x0009	0x0008      	RETURN
; end of _____DoICP
_Delay_500us:
;__Lib_Delays.c,27 :: 		void Delay_500us() {
;__Lib_Delays.c,28 :: 		Delay_us(498);
0x000A	0x3002      	MOVLW      2
0x000B	0x00FC      	MOVWF      R12
0x000C	0x3049      	MOVLW      73
0x000D	0x00FD      	MOVWF      R13
L_Delay_500us5:
0x000E	0x0BFD      	DECFSZ     R13, 1
0x000F	0x280E      	GOTO       L_Delay_500us5
0x0010	0x0BFC      	DECFSZ     R12, 1
0x0011	0x280E      	GOTO       L_Delay_500us5
0x0012	0x0000      	NOP
0x0013	0x0000      	NOP
;__Lib_Delays.c,29 :: 		}
0x0014	0x0008      	RETURN
; end of _Delay_500us
_Button:
;__Lib_Button.c,6 :: 		
;__Lib_Button.c,8 :: 		
0x0015	0x1283      	BCF        STATUS, 5
0x0016	0x1303      	BCF        STATUS, 6
0x0017	0x01A7      	CLRF       Button_rslt_L0
;__Lib_Button.c,11 :: 		
0x0018	0x0823      	MOVF       FARG_Button_pin, 0
0x0019	0x00F1      	MOVWF      R1
0x001A	0x3001      	MOVLW      1
0x001B	0x00F0      	MOVWF      R0
0x001C	0x0871      	MOVF       R1, 0
L__Button4:
0x001D	0x1903      	BTFSC      STATUS, 2
0x001E	0x2823      	GOTO       L__Button5
0x001F	0x0DF0      	RLF        R0, 1
0x0020	0x1070      	BCF        R0, 0
0x0021	0x3EFF      	ADDLW      255
0x0022	0x281D      	GOTO       L__Button4
L__Button5:
0x0023	0x0870      	MOVF       R0, 0
0x0024	0x00A6      	MOVWF      Button_pMask_L0
;__Lib_Button.c,13 :: 		
0x0025	0x0822      	MOVF       FARG_Button_port, 0
0x0026	0x0084      	MOVWF      FSR
0x0027	0x0800      	MOVF       INDF, 0
0x0028	0x05F0      	ANDWF      R0, 1
0x0029	0x0870      	MOVF       R0, 0
0x002A	0x3001      	MOVLW      1
0x002B	0x1D03      	BTFSS      STATUS, 2
0x002C	0x3000      	MOVLW      0
0x002D	0x00F0      	MOVWF      R0
0x002E	0x0825      	MOVF       FARG_Button_active_state, 0
0x002F	0x06F0      	XORWF      R0, 1
0x0030	0x1903      	BTFSC      STATUS, 2
0x0031	0x284A      	GOTO       L_Button0
;__Lib_Button.c,15 :: 		
L_Button1:
0x0032	0x0824      	MOVF       FARG_Button_time_ms, 0
0x0033	0x3C00      	SUBLW      0
0x0034	0x1803      	BTFSC      STATUS, 0
0x0035	0x283A      	GOTO       L_Button2
;__Lib_Button.c,16 :: 		
0x0036	0x200A      	CALL       _Delay_500us
;__Lib_Button.c,17 :: 		
0x0037	0x200A      	CALL       _Delay_500us
;__Lib_Button.c,18 :: 		
0x0038	0x03A4      	DECF       FARG_Button_time_ms, 1
;__Lib_Button.c,19 :: 		
0x0039	0x2832      	GOTO       L_Button1
L_Button2:
;__Lib_Button.c,21 :: 		
0x003A	0x0822      	MOVF       FARG_Button_port, 0
0x003B	0x0084      	MOVWF      FSR
0x003C	0x0826      	MOVF       Button_pMask_L0, 0
0x003D	0x0500      	ANDWF      INDF, 0
0x003E	0x00F0      	MOVWF      R0
0x003F	0x0870      	MOVF       R0, 0
0x0040	0x3001      	MOVLW      1
0x0041	0x1D03      	BTFSS      STATUS, 2
0x0042	0x3000      	MOVLW      0
0x0043	0x00F0      	MOVWF      R0
0x0044	0x0825      	MOVF       FARG_Button_active_state, 0
0x0045	0x06F0      	XORWF      R0, 1
0x0046	0x1903      	BTFSC      STATUS, 2
0x0047	0x284A      	GOTO       L_Button3
;__Lib_Button.c,22 :: 		
0x0048	0x30FF      	MOVLW      255
0x0049	0x00A7      	MOVWF      Button_rslt_L0
L_Button3:
;__Lib_Button.c,23 :: 		
L_Button0:
;__Lib_Button.c,25 :: 		
0x004A	0x0827      	MOVF       Button_rslt_L0, 0
0x004B	0x00F0      	MOVWF      R0
;__Lib_Button.c,26 :: 		
0x004C	0x0008      	RETURN
; end of _Button
___CC2DW:
;__Lib_System.c,24 :: 		
;__Lib_System.c,27 :: 		
_CC2D_Loop1:
;__Lib_System.c,29 :: 		
0x004D	0x2003      	CALL       _____DoICP
0x004E	0x118A      	BCF        PCLATH, 3
0x004F	0x120A      	BCF        PCLATH, 4
;__Lib_System.c,31 :: 		
0x0050	0x0080      	MOVWF      INDF
;__Lib_System.c,32 :: 		
0x0051	0x0A84      	INCF       FSR, 1
;__Lib_System.c,33 :: 		
0x0052	0x0AA0      	INCF       ___DoICPAddr, 1
;__Lib_System.c,35 :: 		
0x0053	0x1903      	BTFSC      STATUS, 2
;__Lib_System.c,36 :: 		
0x0054	0x0AA1      	INCF       ___DoICPAddr+1, 1
;__Lib_System.c,37 :: 		
0x0055	0x03F0      	DECF       R0, 1
;__Lib_System.c,39 :: 		
0x0056	0x1D03      	BTFSS      STATUS, 2
;__Lib_System.c,40 :: 		
0x0057	0x284D      	GOTO       _CC2D_Loop1
;__Lib_System.c,42 :: 		
0x0058	0x0008      	RETURN
; end of ___CC2DW
_main:
;VSaula007.c,34 :: 		void main() {
;VSaula007.c,35 :: 		cmcon = 0x07;  // desliga os comparadores internos
0x0059	0x3007      	MOVLW      7
0x005A	0x1683      	BSF        STATUS, 5
0x005B	0x1303      	BCF        STATUS, 6
0x005C	0x009C      	MOVWF      CMCON
;VSaula007.c,36 :: 		trisD = 0x00;  // port D configurado como saída digital
0x005D	0x0188      	CLRF       TRISD
;VSaula007.c,37 :: 		trisB = 0x03;  // port B RB1 e RB2 configurado com entrada digital
0x005E	0x3003      	MOVLW      3
0x005F	0x0086      	MOVWF      TRISB
;VSaula007.c,39 :: 		portD = 0x00;  // port D inicia em nível baixo
0x0060	0x1283      	BCF        STATUS, 5
0x0061	0x0188      	CLRF       PORTD
;VSaula007.c,41 :: 		while(1){
L_main0:
;VSaula007.c,61 :: 		if (Button(&PORTB, 0, 50, 1)) L6 = 1;
0x0062	0x3006      	MOVLW      PORTB
0x0063	0x00A2      	MOVWF      FARG_Button_port
0x0064	0x01A3      	CLRF       FARG_Button_pin
0x0065	0x3032      	MOVLW      50
0x0066	0x00A4      	MOVWF      FARG_Button_time_ms
0x0067	0x3001      	MOVLW      1
0x0068	0x00A5      	MOVWF      FARG_Button_active_state
0x0069	0x2015      	CALL       _Button
0x006A	0x0870      	MOVF       R0, 0
0x006B	0x1903      	BTFSC      STATUS, 2
0x006C	0x286F      	GOTO       L_main2
0x006D	0x1708      	BSF        RD6_bit, 6
0x006E	0x2870      	GOTO       L_main3
L_main2:
;VSaula007.c,62 :: 		else L6 = 0;
0x006F	0x1308      	BCF        RD6_bit, 6
L_main3:
;VSaula007.c,63 :: 		if (Button(&PORTB, 1, 50, 0)) L7 = 1;
0x0070	0x3006      	MOVLW      PORTB
0x0071	0x00A2      	MOVWF      FARG_Button_port
0x0072	0x3001      	MOVLW      1
0x0073	0x00A3      	MOVWF      FARG_Button_pin
0x0074	0x3032      	MOVLW      50
0x0075	0x00A4      	MOVWF      FARG_Button_time_ms
0x0076	0x01A5      	CLRF       FARG_Button_active_state
0x0077	0x2015      	CALL       _Button
0x0078	0x0870      	MOVF       R0, 0
0x0079	0x1903      	BTFSC      STATUS, 2
0x007A	0x287D      	GOTO       L_main4
0x007B	0x1788      	BSF        RD7_bit, 7
0x007C	0x287E      	GOTO       L_main5
L_main4:
;VSaula007.c,64 :: 		else L7 = 0;
0x007D	0x1388      	BCF        RD7_bit, 7
L_main5:
;VSaula007.c,70 :: 		}
0x007E	0x2862      	GOTO       L_main0
;VSaula007.c,71 :: 		}
0x007F	0x287F      	GOTO       $+0
; end of _main
Symbol List:
//** Routines locations **
//ADDRESS    SIZE    PROCEDURE
//----------------------------------------------
0x0003       [7]    _____DoICP
0x000A      [11]    _Delay_500us
0x0015      [56]    _Button
0x004D      [12]    ___CC2DW
0x0059      [39]    _main
//** Variables locations ** 
//ADDRESS    SIZE    VARIABLE
//----------------------------------------------
0x0000       [1]    INDF
0x0001       [1]    TMR0
0x0002       [1]    PCL
0x0003       [0]    Z_bit
0x0003       [0]    IRP_bit
0x0003       [0]    NOT_PD_bit
0x0003       [0]    C_bit
0x0003       [0]    DC_bit
0x0003       [1]    STATUS
0x0003       [0]    RP1_bit
0x0003       [0]    RP0_bit
0x0003       [0]    NOT_TO_bit
0x0004       [1]    FSRPTR
0x0004       [1]    FSR
0x0005       [0]    RA2_bit
0x0005       [0]    RA4_bit
0x0005       [1]    PORTA
0x0005       [0]    RA5_bit
0x0005       [0]    RA1_bit
0x0005       [0]    RA3_bit
0x0005       [0]    RA0_bit
0x0006       [1]    PORTB
0x0006       [0]    RB7_bit
0x0006       [0]    RB6_bit
0x0006       [0]    RB2_bit
0x0006       [0]    RB5_bit
0x0006       [0]    RB4_bit
0x0006       [0]    RB3_bit
0x0006       [0]    RB1_bit
0x0006       [0]    RB0_bit
0x0007       [0]    RC4_bit
0x0007       [0]    RC6_bit
0x0007       [0]    RC7_bit
0x0007       [0]    RC5_bit
0x0007       [0]    RC2_bit
0x0007       [0]    RC3_bit
0x0007       [0]    RC1_bit
0x0007       [0]    RC0_bit
0x0007       [1]    PORTC
0x0008       [0]    RD5_bit
0x0008       [0]    RD0_bit
0x0008       [0]    RD7_bit
0x0008       [0]    RD6_bit
0x0008       [0]    RD1_bit
0x0008       [1]    PORTD
0x0008       [0]    RD2_bit
0x0008       [0]    RD4_bit
0x0008       [0]    RD3_bit
0x0009       [0]    RE1_bit
0x0009       [0]    RE0_bit
0x0009       [1]    PORTE
0x0009       [0]    RE2_bit
0x000A       [1]    PCLATH
0x000B       [1]    INTCON
0x000B       [0]    GIE_bit
0x000B       [0]    INTE_bit
0x000B       [0]    TMR0IE_bit
0x000B       [0]    TMR0IF_bit
0x000B       [0]    RBIE_bit
0x000B       [0]    T0IF_bit
0x000B       [0]    INTF_bit
0x000B       [0]    PEIE_bit
0x000B       [0]    T0IE_bit
0x000B       [0]    RBIF_bit
0x000C       [0]    PSPIF_bit
0x000C       [0]    ADIF_bit
0x000C       [0]    RCIF_bit
0x000C       [0]    TMR2IF_bit
0x000C       [0]    TMR1IF_bit
0x000C       [1]    PIR1
0x000C       [0]    TXIF_bit
0x000C       [0]    SSPIF_bit
0x000C       [0]    CCP1IF_bit
0x000D       [1]    PIR2
0x000D       [0]    EEIF_bit
0x000D       [0]    CMIF_bit
0x000D       [0]    CCP2IF_bit
0x000D       [0]    BCLIF_bit
0x000E       [1]    TMR1L
0x000F       [1]    TMR1H
0x0010       [1]    T1CON
0x0010       [0]    TMR1ON_bit
0x0010       [0]    T1OSCEN_bit
0x0010       [0]    T1CKPS1_bit
0x0010       [0]    T1CKPS0_bit
0x0010       [0]    TMR1CS_bit
0x0010       [0]    T1SYNC_bit
0x0010       [0]    T1INSYNC_bit
0x0010       [0]    NOT_T1SYNC_bit
0x0011       [1]    TMR2
0x0012       [0]    TOUTPS3_bit
0x0012       [0]    TOUTPS2_bit
0x0012       [0]    TOUTPS1_bit
0x0012       [0]    TOUTPS0_bit
0x0012       [0]    TMR2ON_bit
0x0012       [0]    T2CKPS0_bit
0x0012       [1]    T2CON
0x0012       [0]    T2CKPS1_bit
0x0013       [1]    SSPBUF
0x0014       [0]    SSPM1_bit
0x0014       [0]    SSPM0_bit
0x0014       [0]    SSPEN_bit
0x0014       [0]    SSPOV_bit
0x0014       [0]    WCOL_bit
0x0014       [1]    SSPCON
0x0014       [0]    SSPM2_bit
0x0014       [0]    SSPM3_bit
0x0014       [0]    CKP_bit
0x0015       [1]    CCPR1L
0x0016       [1]    CCPR1H
0x0017       [0]    CCP1M0_bit
0x0017       [0]    CCP1M2_bit
0x0017       [0]    CCP1M1_bit
0x0017       [0]    CCP1X_bit
0x0017       [1]    CCP1CON
0x0017       [0]    CCP1M3_bit
0x0017       [0]    CCP1Y_bit
0x0018       [0]    RCD8_bit
0x0018       [0]    RX9_bit
0x0018       [0]    ADDEN_bit
0x0018       [0]    FERR_bit
0x0018       [0]    CREN_bit
0x0018       [0]    SPEN_bit
0x0018       [0]    RC9_bit
0x0018       [0]    RC8_9_bit
0x0018       [1]    RCSTA
0x0018       [0]    SREN_bit
0x0018       [0]    OERR_bit
0x0018       [0]    NOT_RC8_bit
0x0018       [0]    RX9D_bit
0x0019       [1]    TXREG
0x001A       [1]    RCREG
0x001B       [1]    CCPR2L
0x001C       [1]    CCPR2H
0x001D       [0]    CCP2M3_bit
0x001D       [0]    CCP2X_bit
0x001D       [0]    CCP2Y_bit
0x001D       [0]    CCP2M0_bit
0x001D       [1]    CCP2CON
0x001D       [0]    CCP2M2_bit
0x001D       [0]    CCP2M1_bit
0x001E       [1]    ADRESH
0x001F       [0]    ADCS1_bit
0x001F       [0]    CHS0_bit
0x001F       [1]    ADCON0
0x001F       [0]    ADCS0_bit
0x001F       [0]    CHS2_bit
0x001F       [0]    CHS1_bit
0x001F       [0]    GO_DONE_bit
0x001F       [0]    NOT_DONE_bit
0x001F       [0]    ADON_bit
0x001F       [0]    GO_bit
0x0020       [2]    ___DoICPAddr
0x0022       [1]    FARG_Button_port
0x0023       [1]    FARG_Button_pin
0x0024       [1]    FARG_Button_time_ms
0x0025       [1]    FARG_Button_active_state
0x0026       [1]    Button_pMask_L0
0x0027       [1]    Button_rslt_L0
0x0070       [1]    R0
0x0071       [1]    R1
0x0072       [1]    R2
0x0073       [1]    R3
0x0074       [1]    R4
0x0075       [1]    R5
0x0076       [1]    R6
0x0077       [1]    R7
0x0078       [1]    R8
0x0079       [1]    R9
0x007A       [1]    R10
0x007B       [1]    R11
0x007C       [1]    R12
0x007D       [1]    R13
0x007E       [1]    R14
0x007F       [1]    R15
0x0081       [0]    T0CS_bit
0x0081       [0]    PS1_bit
0x0081       [1]    OPTION_REG
0x0081       [0]    INTEDG_bit
0x0081       [0]    PS0_bit
0x0081       [0]    T0SE_bit
0x0081       [0]    NOT_RBPU_bit
0x0081       [0]    PS2_bit
0x0081       [0]    PSA_bit
0x0085       [0]    TRISA2_bit
0x0085       [0]    TRISA1_bit
0x0085       [0]    TRISA0_bit
0x0085       [0]    TRISA3_bit
0x0085       [0]    TRISA5_bit
0x0085       [1]    TRISA
0x0085       [0]    TRISA4_bit
0x0086       [0]    TRISB0_bit
0x0086       [0]    TRISB4_bit
0x0086       [0]    TRISB1_bit
0x0086       [0]    TRISB3_bit
0x0086       [0]    TRISB7_bit
0x0086       [0]    TRISB6_bit
0x0086       [1]    TRISB
0x0086       [0]    TRISB5_bit
0x0086       [0]    TRISB2_bit
0x0087       [0]    TRISC4_bit
0x0087       [0]    TRISC0_bit
0x0087       [1]    TRISC
0x0087       [0]    TRISC3_bit
0x0087       [0]    TRISC1_bit
0x0087       [0]    TRISC7_bit
0x0087       [0]    TRISC5_bit
0x0087       [0]    TRISC2_bit
0x0087       [0]    TRISC6_bit
0x0088       [1]    TRISD
0x0088       [0]    TRISD7_bit
0x0088       [0]    TRISD1_bit
0x0088       [0]    TRISD2_bit
0x0088       [0]    TRISD3_bit
0x0088       [0]    TRISD6_bit
0x0088       [0]    TRISD4_bit
0x0088       [0]    TRISD5_bit
0x0088       [0]    TRISD0_bit
0x0089       [0]    PSPMODE_bit
0x0089       [0]    IBOV_TRISE_bit
0x0089       [0]    PSPMODE_TRISE_bit
0x0089       [0]    TRISE0_bit
0x0089       [0]    OBF_TRISE_bit
0x0089       [0]    OBF_bit
0x0089       [0]    IBF_TRISE_bit
0x0089       [0]    TRISE2_bit
0x0089       [1]    TRISE
0x0089       [0]    IBF_bit
0x0089       [0]    IBOV_bit
0x0089       [0]    TRISE1_bit
0x008C       [1]    PIE1
0x008C       [0]    RCIE_bit
0x008C       [0]    ADIE_bit
0x008C       [0]    PSPIE_bit
0x008C       [0]    TXIE_bit
0x008C       [0]    TMR2IE_bit
0x008C       [0]    CCP1IE_bit
0x008C       [0]    TMR1IE_bit
0x008C       [0]    SSPIE_bit
0x008D       [1]    PIE2
0x008D       [0]    CCP2IE_bit
0x008D       [0]    EEIE_bit
0x008D       [0]    CMIE_bit
0x008D       [0]    BCLIE_bit
0x008E       [0]    NOT_POR_bit
0x008E       [1]    PCON
0x008E       [0]    NOT_BO_bit
0x008E       [0]    NOT_BOR_bit
0x0091       [0]    RCEN_bit
0x0091       [1]    SSPCON2
0x0091       [0]    PEN_bit
0x0091       [0]    RSEN_bit
0x0091       [0]    SEN_bit
0x0091       [0]    ACKEN_bit
0x0091       [0]    ACKSTAT_bit
0x0091       [0]    GCEN_bit
0x0091       [0]    ACKDT_bit
0x0092       [1]    PR2
0x0093       [1]    SSPADD
0x0094       [0]    P_bit
0x0094       [0]    D_A_bit
0x0094       [1]    SSPSTAT
0x0094       [0]    DATA_ADDRESS_bit
0x0094       [0]    I2C_STOP__bit
0x0094       [0]    D_bit
0x0094       [0]    R_bit
0x0094       [0]    R_W_bit
0x0094       [0]    I2C_DATA_bit
0x0094       [0]    I2C_READ_bit
0x0094       [0]    NOT_W_bit
0x0094       [0]    CKE_bit
0x0094       [0]    SMP_bit
0x0094       [0]    NOT_A_bit
0x0094       [0]    READ_WRITE_bit
0x0094       [0]    S_bit
0x0094       [0]    NOT_WRITE_bit
0x0094       [0]    UA_bit
0x0094       [0]    I2C_START__bit
0x0094       [0]    NOT_ADDRESS_bit
0x0094       [0]    BF_bit
0x0098       [0]    CSRC_bit
0x0098       [0]    NOT_TX8_bit
0x0098       [0]    TX8_9_bit
0x0098       [0]    TX9_bit
0x0098       [0]    BRGH_bit
0x0098       [0]    SYNC_bit
0x0098       [0]    TXEN_bit
0x0098       [0]    TXD8_bit
0x0098       [0]    TX9D_bit
0x0098       [0]    TRMT_bit
0x0098       [1]    TXSTA
0x0099       [1]    SPBRG
0x009C       [0]    C1INV_bit
0x009C       [0]    CIS_bit
0x009C       [0]    C2INV_bit
0x009C       [0]    C2OUT_bit
0x009C       [0]    C1OUT_bit
0x009C       [0]    CM0_bit
0x009C       [0]    CM1_bit
0x009C       [1]    CMCON
0x009C       [0]    CM2_bit
0x009D       [0]    CVREN_bit
0x009D       [0]    CVROE_bit
0x009D       [0]    CVR0_bit
0x009D       [0]    CVR2_bit
0x009D       [0]    CVRR_bit
0x009D       [1]    CVRCON
0x009D       [0]    CVR3_bit
0x009D       [0]    CVR1_bit
0x009E       [1]    ADRESL
0x009F       [1]    ADCON1
0x009F       [0]    PCFG0_bit
0x009F       [0]    ADFM_bit
0x009F       [0]    PCFG3_bit
0x009F       [0]    PCFG2_bit
0x009F       [0]    PCFG1_bit
0x009F       [0]    ADCS2_bit
0x010C       [1]    EEDATA
0x010D       [1]    EEADR
0x010E       [1]    EEDATH
0x010F       [1]    EEADRH
0x018C       [1]    EECON1
0x018C       [0]    RD_bit
0x018C       [0]    WRERR_bit
0x018C       [0]    EEPGD_bit
0x018C       [0]    WREN_bit
0x018C       [0]    WR_bit
0x018D       [1]    EECON2
//** Label List: ** 
//----------------------------------------------
  L_main0
  L_main1
  L_main2
  L_main3
  L_main4
  L_main5
  _main
  L_Button0
  L_Button1
  L_Button2
  L_Button3
  _Button
  L__Button4
  L__Button5
  L_Delay_1us0
  L_Delay_10us1
  L_Delay_22us2
  L_Delay_50us3
  L_Delay_80us4
  L_Delay_500us5
  L_Delay_5500us6
  L_Delay_8ms7
  L_Delay_5ms8
  L_Delay_100ms9
  L_Delay_1sec10
  L_boot16_Delay_5ms11
  L_Delay_Cyc12
  L_Delay_Cyc13
  L_VDelay_ms14
  L_VDelay_ms15
  L_VDelay_ms16
  _Get_Fosc_kHz
  _Delay_1us
  _Delay_10us
  _Delay_22us
  _Delay_50us
  _Delay_80us
  _Delay_500us
  _Delay_5500us
  _Delay_8ms
  _Delay_5ms
  _Delay_100ms
  _Delay_1sec
  _boot16_Delay_5ms
  _Delay_Cyc
  _VDelay_ms
  L__VDelay_ms17
  L__VDelay_ms18
  L__VDelay_ms19
  _CC2D_Loop1
  _____DoICP
  _____DoIFC
  ___CC2DW
