;  LST file generated by mikroListExporter - v.2.0 
; Date/Time: 10/02/2023 09:55:10
;----------------------------------------------

;Address Opcode 	ASM
0x0000	0x29F5      	GOTO       501
_RES032:
;__Lib_MathDouble.c,123 :: 		
;__Lib_MathDouble.c,128 :: 		
0x0003	0x01F2      	CLRF       R2
;__Lib_MathDouble.c,129 :: 		
0x0004	0x01F1      	CLRF       R1
;__Lib_MathDouble.c,130 :: 		
0x0005	0x01F0      	CLRF       R0
;__Lib_MathDouble.c,131 :: 		
0x0006	0x01F8      	CLRF       R8
;__Lib_MathDouble.c,132 :: 		
0x0007	0x01F3      	CLRF       R3
;__Lib_MathDouble.c,133 :: 		
0x0008	0x3000      	MOVLW      0
;__Lib_MathDouble.c,135 :: 		
0x0009	0x0008      	RETURN
; end of _RES032
_SETFUN32:
;__Lib_MathDouble.c,138 :: 		
;__Lib_MathDouble.c,145 :: 		
0x000A	0x157B      	BSF        R11, 2
;__Lib_MathDouble.c,146 :: 		
0x000B	0x1FFB      	BTFSS      R11, 7
;__Lib_MathDouble.c,147 :: 		
0x000C	0x2814      	GOTO       SETFUN32EEE
;__Lib_MathDouble.c,148 :: 		
0x000D	0x3001      	MOVLW      1
;__Lib_MathDouble.c,149 :: 		
0x000E	0x00F3      	MOVWF      R3
;__Lib_MathDouble.c,150 :: 		
0x000F	0x01F2      	CLRF       R2
;__Lib_MathDouble.c,151 :: 		
0x0010	0x01F1      	CLRF       R1
;__Lib_MathDouble.c,152 :: 		
0x0011	0x01F0      	CLRF       R0
;__Lib_MathDouble.c,153 :: 		
0x0012	0x0DFA      	RLF        R10, 1
;__Lib_MathDouble.c,154 :: 		
0x0013	0x0CF2      	RRF        R2, 1
;__Lib_MathDouble.c,155 :: 		
SETFUN32EEE:
;__Lib_MathDouble.c,156 :: 		
0x0014	0x30FF      	MOVLW      255
;__Lib_MathDouble.c,158 :: 		
0x0015	0x0008      	RETURN
; end of _SETFUN32
_FIXSIGN32:
;__Lib_MathDouble.c,112 :: 		
;__Lib_MathDouble.c,116 :: 		
0x0016	0x1FFA      	BTFSS      R10, 7
;__Lib_MathDouble.c,117 :: 		
0x0017	0x13F2      	BCF        R2, 7
;__Lib_MathDouble.c,118 :: 		
0x0018	0x3000      	MOVLW      0
;__Lib_MathDouble.c,120 :: 		
0x0019	0x0008      	RETURN
; end of _FIXSIGN32
_SETFOV32:
;__Lib_MathDouble.c,79 :: 		
;__Lib_MathDouble.c,86 :: 		
0x001A	0x14FB      	BSF        R11, 1
;__Lib_MathDouble.c,87 :: 		
0x001B	0x1FFB      	BTFSS      R11, 7
;__Lib_MathDouble.c,88 :: 		
0x001C	0x2824      	GOTO       SETFOV32EEE
;__Lib_MathDouble.c,89 :: 		
0x001D	0x30FF      	MOVLW      255
;__Lib_MathDouble.c,90 :: 		
0x001E	0x00F3      	MOVWF      R3
;__Lib_MathDouble.c,91 :: 		
0x001F	0x00F2      	MOVWF      R2
;__Lib_MathDouble.c,92 :: 		
0x0020	0x00F1      	MOVWF      R1
;__Lib_MathDouble.c,93 :: 		
0x0021	0x00F0      	MOVWF      R0
;__Lib_MathDouble.c,94 :: 		
0x0022	0x0DFA      	RLF        R10, 1
;__Lib_MathDouble.c,95 :: 		
0x0023	0x0CF2      	RRF        R2, 1
;__Lib_MathDouble.c,96 :: 		
SETFOV32EEE:
;__Lib_MathDouble.c,97 :: 		
0x0024	0x30FF      	MOVLW      255
;__Lib_MathDouble.c,99 :: 		
0x0025	0x0008      	RETURN
; end of _SETFOV32
_SETIOV3224:
;__Lib_MathDouble.c,1000 :: 		
;__Lib_MathDouble.c,1006 :: 		
0x0026	0x147B      	BSF        R11, 0
;__Lib_MathDouble.c,1007 :: 		
0x0027	0x1FFB      	BTFSS      R11, 7
;__Lib_MathDouble.c,1008 :: 		
0x0028	0x2831      	GOTO       SETIOV3224EEE
;__Lib_MathDouble.c,1010 :: 		
0x0029	0x01F2      	CLRF       R2
;__Lib_MathDouble.c,1011 :: 		
0x002A	0x1FFA      	BTFSS      R10, 7
;__Lib_MathDouble.c,1012 :: 		
0x002B	0x30FF      	MOVLW      255
;__Lib_MathDouble.c,1013 :: 		
0x002C	0x00F2      	MOVWF      R2
;__Lib_MathDouble.c,1014 :: 		
0x002D	0x00F1      	MOVWF      R1
;__Lib_MathDouble.c,1015 :: 		
0x002E	0x00F0      	MOVWF      R0
;__Lib_MathDouble.c,1016 :: 		
0x002F	0x0DFA      	RLF        R10, 1
;__Lib_MathDouble.c,1017 :: 		
0x0030	0x0CF2      	RRF        R2, 1
;__Lib_MathDouble.c,1018 :: 		
SETIOV3224EEE:
;__Lib_MathDouble.c,1019 :: 		
0x0031	0x30FF      	MOVLW      255
;__Lib_MathDouble.c,1021 :: 		
0x0032	0x0008      	RETURN
; end of _SETIOV3224
_NRM3232:
;__Lib_MathDouble.c,167 :: 		
;__Lib_MathDouble.c,173 :: 		
;__Lib_MathDouble.c,175 :: 		
0x0033	0x01A0      	CLRF       __math_tempbD
;__Lib_MathDouble.c,176 :: 		
0x0034	0x0872      	MOVF       R2, 0
;__Lib_MathDouble.c,177 :: 		
0x0035	0x1D03      	BTFSS      STATUS, 2
;__Lib_MathDouble.c,178 :: 		
0x0036	0x2848      	GOTO       NORM3232
;__Lib_MathDouble.c,179 :: 		
0x0037	0x0871      	MOVF       R1, 0
;__Lib_MathDouble.c,180 :: 		
0x0038	0x00F2      	MOVWF      R2
;__Lib_MathDouble.c,181 :: 		
0x0039	0x0870      	MOVF       R0, 0
;__Lib_MathDouble.c,182 :: 		
0x003A	0x00F1      	MOVWF      R1
;__Lib_MathDouble.c,183 :: 		
0x003B	0x01F0      	CLRF       R0
;__Lib_MathDouble.c,184 :: 		
0x003C	0x15A0      	BSF        __math_tempbD, 3
;__Lib_MathDouble.c,186 :: 		
0x003D	0x0872      	MOVF       R2, 0
;__Lib_MathDouble.c,187 :: 		
0x003E	0x1D03      	BTFSS      STATUS, 2
;__Lib_MathDouble.c,188 :: 		
0x003F	0x2848      	GOTO       NORM3232
;__Lib_MathDouble.c,189 :: 		
0x0040	0x0871      	MOVF       R1, 0
;__Lib_MathDouble.c,190 :: 		
0x0041	0x00F2      	MOVWF      R2
;__Lib_MathDouble.c,191 :: 		
0x0042	0x01F1      	CLRF       R1
;__Lib_MathDouble.c,192 :: 		
0x0043	0x11A0      	BCF        __math_tempbD, 3
;__Lib_MathDouble.c,193 :: 		
0x0044	0x1620      	BSF        __math_tempbD, 4
;__Lib_MathDouble.c,195 :: 		
0x0045	0x0872      	MOVF       R2, 0
;__Lib_MathDouble.c,196 :: 		
0x0046	0x1903      	BTFSC      STATUS, 2
;__Lib_MathDouble.c,197 :: 		
0x0047	0x2856      	GOTO       JPNRES032
;__Lib_MathDouble.c,198 :: 		
NORM3232:
;__Lib_MathDouble.c,199 :: 		
0x0048	0x0820      	MOVF       __math_tempbD, 0
;__Lib_MathDouble.c,200 :: 		
0x0049	0x02F3      	SUBWF      R3, 1
;__Lib_MathDouble.c,201 :: 		
0x004A	0x1D03      	BTFSS      STATUS, 2
;__Lib_MathDouble.c,202 :: 		
0x004B	0x1C03      	BTFSS      STATUS, 0
;__Lib_MathDouble.c,203 :: 		
0x004C	0x285A      	GOTO       JPNSETFUN32
;__Lib_MathDouble.c,204 :: 		
0x004D	0x1003      	BCF        STATUS, 0
;__Lib_MathDouble.c,205 :: 		
NORM3232A:
;__Lib_MathDouble.c,206 :: 		
0x004E	0x1BF2      	BTFSC      R2, 7
;__Lib_MathDouble.c,207 :: 		
0x004F	0x285E      	GOTO       JMPNFIXSIGN32
;__Lib_MathDouble.c,208 :: 		
0x0050	0x0DF0      	RLF        R0, 1
;__Lib_MathDouble.c,209 :: 		
0x0051	0x0DF1      	RLF        R1, 1
;__Lib_MathDouble.c,210 :: 		
0x0052	0x0DF2      	RLF        R2, 1
;__Lib_MathDouble.c,211 :: 		
0x0053	0x0BF3      	DECFSZ     R3, 1
;__Lib_MathDouble.c,212 :: 		
0x0054	0x284E      	GOTO       NORM3232A
;__Lib_MathDouble.c,213 :: 		
0x0055	0x285A      	GOTO       JPNSETFUN32
;__Lib_MathDouble.c,214 :: 		
JPNRES032:
;__Lib_MathDouble.c,215 :: 		
0x0056	0x3001      	MOVLW      1
;__Lib_MathDouble.c,216 :: 		
0x0057	0x00FC      	MOVWF      R12
;__Lib_MathDouble.c,218 :: 		
0x0058	0x2003      	CALL       _RES032
;__Lib_MathDouble.c,220 :: 		
0x0059	0x2861      	GOTO       NORM32EEE
;__Lib_MathDouble.c,221 :: 		
JPNSETFUN32:
;__Lib_MathDouble.c,222 :: 		
0x005A	0x3002      	MOVLW      2
;__Lib_MathDouble.c,223 :: 		
0x005B	0x00FC      	MOVWF      R12
;__Lib_MathDouble.c,225 :: 		
0x005C	0x200A      	CALL       _SETFUN32
;__Lib_MathDouble.c,227 :: 		
0x005D	0x2861      	GOTO       NORM32EEE
;__Lib_MathDouble.c,228 :: 		
JMPNFIXSIGN32:
;__Lib_MathDouble.c,229 :: 		
0x005E	0x3004      	MOVLW      4
;__Lib_MathDouble.c,230 :: 		
0x005F	0x00FC      	MOVWF      R12
;__Lib_MathDouble.c,232 :: 		
0x0060	0x2016      	CALL       _FIXSIGN32
;__Lib_MathDouble.c,234 :: 		
NORM32EEE:
;__Lib_MathDouble.c,236 :: 		
0x0061	0x0008      	RETURN
; end of _NRM3232
_Delay_22us:
;__Lib_Delays.c,15 :: 		void Delay_22us() {
;__Lib_Delays.c,16 :: 		Delay_us(22);
0x0062	0x300E      	MOVLW      14
0x0063	0x1283      	BCF        STATUS, 5
0x0064	0x1303      	BCF        STATUS, 6
0x0065	0x00FD      	MOVWF      R13
L_Delay_22us1:
0x0066	0x0BFD      	DECFSZ     R13, 1
0x0067	0x2866      	GOTO       L_Delay_22us1
0x0068	0x0000      	NOP
;__Lib_Delays.c,17 :: 		}
0x0069	0x0008      	RETURN
; end of _Delay_22us
_____DoICP:
;__Lib_System.c,6 :: 		
;__Lib_System.c,9 :: 		
0x006A	0x1283      	BCF        STATUS, 5
0x006B	0x1303      	BCF        STATUS, 6
0x006C	0x082D      	MOVF       ___DoICPAddr+1, 0
0x006D	0x008A      	MOVWF      PCLATH
;__Lib_System.c,10 :: 		
0x006E	0x082C      	MOVF       ___DoICPAddr, 0
0x006F	0x0082      	MOVWF      PCL
;__Lib_System.c,12 :: 		
0x0070	0x0008      	RETURN
; end of _____DoICP
_Delay_500us:
;__Lib_Delays.c,27 :: 		void Delay_500us() {
;__Lib_Delays.c,28 :: 		Delay_us(498);
0x0071	0x3002      	MOVLW      2
0x0072	0x1283      	BCF        STATUS, 5
0x0073	0x1303      	BCF        STATUS, 6
0x0074	0x00FC      	MOVWF      R12
0x0075	0x3049      	MOVLW      73
0x0076	0x00FD      	MOVWF      R13
L_Delay_500us4:
0x0077	0x0BFD      	DECFSZ     R13, 1
0x0078	0x2877      	GOTO       L_Delay_500us4
0x0079	0x0BFC      	DECFSZ     R12, 1
0x007A	0x2877      	GOTO       L_Delay_500us4
0x007B	0x0000      	NOP
0x007C	0x0000      	NOP
;__Lib_Delays.c,29 :: 		}
0x007D	0x0008      	RETURN
; end of _Delay_500us
_Div_8x8_U:
;__Lib_Math.c,189 :: 		
;__Lib_Math.c,196 :: 		
0x007E	0x1283      	BCF        STATUS, 5
;__Lib_Math.c,197 :: 		
0x007F	0x1303      	BCF        STATUS, 6
;__Lib_Math.c,198 :: 		
0x0080	0x01F8      	CLRF       R8
;__Lib_Math.c,199 :: 		
0x0081	0x3008      	MOVLW      8
;__Lib_Math.c,200 :: 		
0x0082	0x00FC      	MOVWF      R12
;__Lib_Math.c,201 :: 		
0x0083	0x0D70      	RLF        R0, 0
;__Lib_Math.c,202 :: 		
0x0084	0x0DF8      	RLF        R8, 1
;__Lib_Math.c,203 :: 		
0x0085	0x0874      	MOVF       R4, 0
;__Lib_Math.c,204 :: 		
0x0086	0x02F8      	SUBWF      R8, 1
;__Lib_Math.c,205 :: 		
0x0087	0x1803      	BTFSC      STATUS, 0
;__Lib_Math.c,206 :: 		
0x0088	0x288B      	GOTO       $+3
;__Lib_Math.c,207 :: 		
0x0089	0x07F8      	ADDWF      R8, 1
;__Lib_Math.c,208 :: 		
0x008A	0x1003      	BCF        STATUS, 0
;__Lib_Math.c,209 :: 		
0x008B	0x0DF0      	RLF        R0, 1
;__Lib_Math.c,210 :: 		
0x008C	0x0BFC      	DECFSZ     R12, 1
;__Lib_Math.c,211 :: 		
0x008D	0x2883      	GOTO       $-10
;__Lib_Math.c,213 :: 		
0x008E	0x0008      	RETURN
; end of _Div_8x8_U
_Button:
;__Lib_Button.c,6 :: 		
;__Lib_Button.c,8 :: 		
0x008F	0x1283      	BCF        STATUS, 5
0x0090	0x1303      	BCF        STATUS, 6
0x0091	0x01BB      	CLRF       Button_rslt_L0
;__Lib_Button.c,11 :: 		
0x0092	0x0837      	MOVF       FARG_Button_pin, 0
0x0093	0x00F1      	MOVWF      R1
0x0094	0x3001      	MOVLW      1
0x0095	0x00F0      	MOVWF      R0
0x0096	0x0871      	MOVF       R1, 0
L__Button4:
0x0097	0x1903      	BTFSC      STATUS, 2
0x0098	0x289D      	GOTO       L__Button5
0x0099	0x0DF0      	RLF        R0, 1
0x009A	0x1070      	BCF        R0, 0
0x009B	0x3EFF      	ADDLW      255
0x009C	0x2897      	GOTO       L__Button4
L__Button5:
0x009D	0x0870      	MOVF       R0, 0
0x009E	0x00BA      	MOVWF      Button_pMask_L0
;__Lib_Button.c,13 :: 		
0x009F	0x0836      	MOVF       FARG_Button_port, 0
0x00A0	0x0084      	MOVWF      FSR
0x00A1	0x0870      	MOVF       R0, 0
0x00A2	0x0500      	ANDWF      INDF, 0
0x00A3	0x00F1      	MOVWF      R1
0x00A4	0x0871      	MOVF       R1, 0
0x00A5	0x3001      	MOVLW      1
0x00A6	0x1D03      	BTFSS      STATUS, 2
0x00A7	0x3000      	MOVLW      0
0x00A8	0x00F0      	MOVWF      R0
0x00A9	0x0839      	MOVF       FARG_Button_active_state, 0
0x00AA	0x06F0      	XORWF      R0, 1
0x00AB	0x1903      	BTFSC      STATUS, 2
0x00AC	0x28C5      	GOTO       L_Button0
;__Lib_Button.c,15 :: 		
L_Button1:
0x00AD	0x0838      	MOVF       FARG_Button_time_ms, 0
0x00AE	0x3C00      	SUBLW      0
0x00AF	0x1803      	BTFSC      STATUS, 0
0x00B0	0x28B5      	GOTO       L_Button2
;__Lib_Button.c,16 :: 		
0x00B1	0x2071      	CALL       _Delay_500us
;__Lib_Button.c,17 :: 		
0x00B2	0x2071      	CALL       _Delay_500us
;__Lib_Button.c,18 :: 		
0x00B3	0x03B8      	DECF       FARG_Button_time_ms, 1
;__Lib_Button.c,19 :: 		
0x00B4	0x28AD      	GOTO       L_Button1
L_Button2:
;__Lib_Button.c,21 :: 		
0x00B5	0x0836      	MOVF       FARG_Button_port, 0
0x00B6	0x0084      	MOVWF      FSR
0x00B7	0x083A      	MOVF       Button_pMask_L0, 0
0x00B8	0x0500      	ANDWF      INDF, 0
0x00B9	0x00F1      	MOVWF      R1
0x00BA	0x0871      	MOVF       R1, 0
0x00BB	0x3001      	MOVLW      1
0x00BC	0x1D03      	BTFSS      STATUS, 2
0x00BD	0x3000      	MOVLW      0
0x00BE	0x00F0      	MOVWF      R0
0x00BF	0x0839      	MOVF       FARG_Button_active_state, 0
0x00C0	0x06F0      	XORWF      R0, 1
0x00C1	0x1903      	BTFSC      STATUS, 2
0x00C2	0x28C5      	GOTO       L_Button3
;__Lib_Button.c,22 :: 		
0x00C3	0x30FF      	MOVLW      255
0x00C4	0x00BB      	MOVWF      Button_rslt_L0
L_Button3:
;__Lib_Button.c,23 :: 		
L_Button0:
;__Lib_Button.c,25 :: 		
0x00C5	0x083B      	MOVF       Button_rslt_L0, 0
0x00C6	0x00F0      	MOVWF      R0
;__Lib_Button.c,26 :: 		
0x00C7	0x0008      	RETURN
; end of _Button
_Double2Byte:
;__Lib_MathDouble.c,1670 :: 		
;__Lib_MathDouble.c,1677 :: 		
0x00C8	0x1283      	BCF        STATUS, 5
;__Lib_MathDouble.c,1678 :: 		
0x00C9	0x1303      	BCF        STATUS, 6
;__Lib_MathDouble.c,1680 :: 		
0x00CA	0x01FB      	CLRF       R11
;__Lib_MathDouble.c,1681 :: 		
0x00CB	0x01FC      	CLRF       R12
;__Lib_MathDouble.c,1682 :: 		
0x00CC	0x01FA      	CLRF       R10
;__Lib_MathDouble.c,1684 :: 		
0x00CD	0x0873      	MOVF       R3, 0
;__Lib_MathDouble.c,1685 :: 		
0x00CE	0x1903      	BTFSC      STATUS, 2
;__Lib_MathDouble.c,1686 :: 		
0x00CF	0x28F5      	GOTO       IRES008
;__Lib_MathDouble.c,1688 :: 		
0x00D0	0x13FA      	BCF        R10, 7
;__Lib_MathDouble.c,1689 :: 		
0x00D1	0x17F2      	BSF        R2, 7
;__Lib_MathDouble.c,1691 :: 		
0x00D2	0x3086      	MOVLW      134
;__Lib_MathDouble.c,1692 :: 		
0x00D3	0x02F3      	SUBWF      R3, 1
;__Lib_MathDouble.c,1693 :: 		
0x00D4	0x1BF3      	BTFSC      R3, 7
;__Lib_MathDouble.c,1694 :: 		
0x00D5	0x28D9      	GOTO       SETEXP08
;__Lib_MathDouble.c,1695 :: 		
0x00D6	0x1903      	BTFSC      STATUS, 2
;__Lib_MathDouble.c,1696 :: 		
0x00D7	0x28D9      	GOTO       SETEXP08
;__Lib_MathDouble.c,1697 :: 		
0x00D8	0x28F7      	GOTO       SETIOV08
;__Lib_MathDouble.c,1698 :: 		
SETEXP08:
;__Lib_MathDouble.c,1699 :: 		
0x00D9	0x09F3      	COMF       R3, 1
;__Lib_MathDouble.c,1700 :: 		
0x00DA	0x0AF3      	INCF       R3, 1
;__Lib_MathDouble.c,1702 :: 		
0x00DB	0x3008      	MOVLW      8
;__Lib_MathDouble.c,1703 :: 		
0x00DC	0x0273      	SUBWF      R3, 0
;__Lib_MathDouble.c,1704 :: 		
0x00DD	0x1C03      	BTFSS      STATUS, 0
;__Lib_MathDouble.c,1705 :: 		
0x00DE	0x28E6      	GOTO       TSHIFT3208
;__Lib_MathDouble.c,1706 :: 		
0x00DF	0x00F3      	MOVWF      R3
;__Lib_MathDouble.c,1707 :: 		
0x00E0	0x0DF2      	RLF        R2, 1
;__Lib_MathDouble.c,1708 :: 		
0x00E1	0x01F2      	CLRF       R2
;__Lib_MathDouble.c,1710 :: 		
0x00E2	0x0873      	MOVF       R3, 0
;__Lib_MathDouble.c,1711 :: 		
0x00E3	0x1D03      	BTFSS      STATUS, 2
;__Lib_MathDouble.c,1712 :: 		
0x00E4	0x1003      	BCF        STATUS, 0
;__Lib_MathDouble.c,1713 :: 		
0x00E5	0x28ED      	GOTO       SHIFT3208OK
;__Lib_MathDouble.c,1714 :: 		
TSHIFT3208:
;__Lib_MathDouble.c,1715 :: 		
0x00E6	0x0873      	MOVF       R3, 0
;__Lib_MathDouble.c,1716 :: 		
0x00E7	0x1903      	BTFSC      STATUS, 2
;__Lib_MathDouble.c,1717 :: 		
0x00E8	0x28ED      	GOTO       SHIFT3208OK
;__Lib_MathDouble.c,1718 :: 		
SHIFT3208:
;__Lib_MathDouble.c,1719 :: 		
0x00E9	0x1003      	BCF        STATUS, 0
;__Lib_MathDouble.c,1720 :: 		
0x00EA	0x0CF2      	RRF        R2, 1
;__Lib_MathDouble.c,1721 :: 		
0x00EB	0x0BF3      	DECFSZ     R3, 1
;__Lib_MathDouble.c,1722 :: 		
0x00EC	0x28E9      	GOTO       SHIFT3208
;__Lib_MathDouble.c,1723 :: 		
SHIFT3208OK:
;__Lib_MathDouble.c,1724 :: 		
0x00ED	0x1B7B      	BTFSC      R11, 6
;__Lib_MathDouble.c,1725 :: 		
0x00EE	0x1C72      	BTFSS      R2, 0
;__Lib_MathDouble.c,1726 :: 		
0x00EF	0x28F5      	GOTO       INT3208OK
;__Lib_MathDouble.c,1727 :: 		
0x00F0	0x1C03      	BTFSS      STATUS, 0
;__Lib_MathDouble.c,1728 :: 		
0x00F1	0x28F5      	GOTO       INT3208OK
;__Lib_MathDouble.c,1729 :: 		
0x00F2	0x0AF2      	INCF       R2, 1
;__Lib_MathDouble.c,1730 :: 		
0x00F3	0x1903      	BTFSC      STATUS, 2
;__Lib_MathDouble.c,1731 :: 		
0x00F4	0x28FC      	GOTO       D2B_JPKSETIOV3224
;__Lib_MathDouble.c,1732 :: 		
INT3208OK:
;__Lib_MathDouble.c,1733 :: 		
IRES008:
;__Lib_MathDouble.c,1734 :: 		
0x00F5	0x01F1      	CLRF       R1
;__Lib_MathDouble.c,1735 :: 		
0x00F6	0x28FF      	GOTO       INT3208EOK
;__Lib_MathDouble.c,1736 :: 		
SETIOV08:
;__Lib_MathDouble.c,1737 :: 		
0x00F7	0x147B      	BSF        R11, 0
;__Lib_MathDouble.c,1738 :: 		
0x00F8	0x1FFB      	BTFSS      R11, 7
;__Lib_MathDouble.c,1739 :: 		
0x00F9	0x2902      	GOTO       INT3208EER
;__Lib_MathDouble.c,1741 :: 		
0x00FA	0x01F1      	CLRF       R1
;__Lib_MathDouble.c,1742 :: 		
0x00FB	0x2902      	GOTO       INT3208EER
;__Lib_MathDouble.c,1743 :: 		
D2B_JPKSETIOV3224:
;__Lib_MathDouble.c,1744 :: 		
0x00FC	0x3001      	MOVLW      1
;__Lib_MathDouble.c,1745 :: 		
0x00FD	0x00FC      	MOVWF      R12
;__Lib_MathDouble.c,1746 :: 		
0x00FE	0x2904      	GOTO       INT3208EEE
;__Lib_MathDouble.c,1747 :: 		
INT3208EOK:
;__Lib_MathDouble.c,1748 :: 		
0x00FF	0x3000      	MOVLW      0
;__Lib_MathDouble.c,1749 :: 		
0x0100	0x00FC      	MOVWF      R12
;__Lib_MathDouble.c,1750 :: 		
0x0101	0x2904      	GOTO       INT3208EEE
;__Lib_MathDouble.c,1751 :: 		
INT3208EER:
;__Lib_MathDouble.c,1752 :: 		
0x0102	0x30FF      	MOVLW      255
;__Lib_MathDouble.c,1753 :: 		
0x0103	0x00FC      	MOVWF      R12
;__Lib_MathDouble.c,1754 :: 		
INT3208EEE:
;__Lib_MathDouble.c,1757 :: 		
0x0104	0x08FC      	MOVF       R12, 1
;__Lib_MathDouble.c,1759 :: 		
0x0105	0x1903      	BTFSC      STATUS, 2
;__Lib_MathDouble.c,1760 :: 		
0x0106	0x2908      	GOTO       L_Double2Byte_0
;__Lib_MathDouble.c,1762 :: 		
0x0107	0x2026      	CALL       _SETIOV3224
;__Lib_MathDouble.c,1764 :: 		
L_Double2Byte_0:
;__Lib_MathDouble.c,1765 :: 		
0x0108	0x0872      	MOVF       R2, 0
;__Lib_MathDouble.c,1766 :: 		
0x0109	0x00F0      	MOVWF      R0
;__Lib_MathDouble.c,1770 :: 		
0x010A	0x0008      	RETURN
; end of _Double2Byte
_Word2Double:
;__Lib_MathDouble.c,1862 :: 		
;__Lib_MathDouble.c,1868 :: 		
0x010B	0x1283      	BCF        STATUS, 5
;__Lib_MathDouble.c,1869 :: 		
0x010C	0x1303      	BCF        STATUS, 6
;__Lib_MathDouble.c,1870 :: 		
0x010D	0x0870      	MOVF       R0, 0
;__Lib_MathDouble.c,1871 :: 		
0x010E	0x00F8      	MOVWF      R8
;__Lib_MathDouble.c,1872 :: 		
0x010F	0x0871      	MOVF       R1, 0
;__Lib_MathDouble.c,1873 :: 		
0x0110	0x00F0      	MOVWF      R0
;__Lib_MathDouble.c,1874 :: 		
0x0111	0x01F1      	CLRF       R1
;__Lib_MathDouble.c,1875 :: 		
0x0112	0x01F2      	CLRF       R2
;__Lib_MathDouble.c,1876 :: 		
0x0113	0x01F3      	CLRF       R3
;__Lib_MathDouble.c,1879 :: 		
0x0114	0x01FB      	CLRF       R11
;__Lib_MathDouble.c,1880 :: 		
0x0115	0x01FC      	CLRF       R12
;__Lib_MathDouble.c,1882 :: 		
0x0116	0x3096      	MOVLW      150
;__Lib_MathDouble.c,1883 :: 		
0x0117	0x00F3      	MOVWF      R3
;__Lib_MathDouble.c,1884 :: 		
0x0118	0x01FA      	CLRF       R10
;__Lib_MathDouble.c,1886 :: 		
0x0119	0x0870      	MOVF       R0, 0
;__Lib_MathDouble.c,1887 :: 		
0x011A	0x00F1      	MOVWF      R1
;__Lib_MathDouble.c,1888 :: 		
0x011B	0x0878      	MOVF       R8, 0
;__Lib_MathDouble.c,1889 :: 		
0x011C	0x00F0      	MOVWF      R0
;__Lib_MathDouble.c,1890 :: 		
0x011D	0x01F8      	CLRF       R8
;__Lib_MathDouble.c,1891 :: 		
0x011E	0x01F2      	CLRF       R2
;__Lib_MathDouble.c,1893 :: 		
0x011F	0x2033      	CALL       _NRM3232
;__Lib_MathDouble.c,1894 :: 		
0x0120	0x0008      	RETURN
; end of _Word2Double
_Mul_32x32_FP:
;__Lib_MathDouble.c,610 :: 		
;__Lib_MathDouble.c,622 :: 		
;__Lib_MathDouble.c,624 :: 		
0x0121	0x1283      	BCF        STATUS, 5
;__Lib_MathDouble.c,625 :: 		
0x0122	0x1303      	BCF        STATUS, 6
;__Lib_MathDouble.c,627 :: 		
0x0123	0x01FB      	CLRF       R11
;__Lib_MathDouble.c,628 :: 		
0x0124	0x0873      	MOVF       R3, 0
;__Lib_MathDouble.c,629 :: 		
0x0125	0x1D03      	BTFSS      STATUS, 2
;__Lib_MathDouble.c,630 :: 		
0x0126	0x0877      	MOVF       R7, 0
;__Lib_MathDouble.c,631 :: 		
0x0127	0x1903      	BTFSC      STATUS, 2
;__Lib_MathDouble.c,632 :: 		
0x0128	0x2978      	GOTO       JPMRES032
;__Lib_MathDouble.c,634 :: 		
0x0129	0x0872      	MOVF       R2, 0
;__Lib_MathDouble.c,635 :: 		
0x012A	0x0676      	XORWF      R6, 0
;__Lib_MathDouble.c,636 :: 		
0x012B	0x00FA      	MOVWF      R10
;__Lib_MathDouble.c,637 :: 		
0x012C	0x0877      	MOVF       R7, 0
;__Lib_MathDouble.c,638 :: 		
0x012D	0x07F3      	ADDWF      R3, 1
;__Lib_MathDouble.c,639 :: 		
0x012E	0x307E      	MOVLW      126
;__Lib_MathDouble.c,640 :: 		
0x012F	0x1C03      	BTFSS      STATUS, 0
;__Lib_MathDouble.c,641 :: 		
0x0130	0x2935      	GOTO       MTUN32
;__Lib_MathDouble.c,642 :: 		
0x0131	0x02F3      	SUBWF      R3, 1
;__Lib_MathDouble.c,643 :: 		
0x0132	0x1803      	BTFSC      STATUS, 0
;__Lib_MathDouble.c,644 :: 		
0x0133	0x297B      	GOTO       JPMSETFOV32
;__Lib_MathDouble.c,645 :: 		
0x0134	0x2938      	GOTO       MOK32
;__Lib_MathDouble.c,646 :: 		
MTUN32:
;__Lib_MathDouble.c,647 :: 		
0x0135	0x02F3      	SUBWF      R3, 1
;__Lib_MathDouble.c,648 :: 		
0x0136	0x1C03      	BTFSS      STATUS, 0
;__Lib_MathDouble.c,649 :: 		
0x0137	0x297E      	GOTO       JPMSETFUN32
;__Lib_MathDouble.c,650 :: 		
MOK32:
;__Lib_MathDouble.c,651 :: 		
0x0138	0x0872      	MOVF       R2, 0
;__Lib_MathDouble.c,652 :: 		
0x0139	0x00F8      	MOVWF      R8
;__Lib_MathDouble.c,653 :: 		
0x013A	0x0871      	MOVF       R1, 0
;__Lib_MathDouble.c,654 :: 		
0x013B	0x00FC      	MOVWF      R12
;__Lib_MathDouble.c,655 :: 		
0x013C	0x0870      	MOVF       R0, 0
;__Lib_MathDouble.c,656 :: 		
0x013D	0x00FD      	MOVWF      R13
;__Lib_MathDouble.c,657 :: 		
0x013E	0x17F8      	BSF        R8, 7
;__Lib_MathDouble.c,658 :: 		
0x013F	0x17F6      	BSF        R6, 7
;__Lib_MathDouble.c,659 :: 		
0x0140	0x1003      	BCF        STATUS, 0
;__Lib_MathDouble.c,660 :: 		
0x0141	0x01F2      	CLRF       R2
;__Lib_MathDouble.c,661 :: 		
0x0142	0x01F1      	CLRF       R1
;__Lib_MathDouble.c,662 :: 		
0x0143	0x01F0      	CLRF       R0
;__Lib_MathDouble.c,663 :: 		
0x0144	0x3018      	MOVLW      24
;__Lib_MathDouble.c,664 :: 		
0x0145	0x00A0      	MOVWF      __math_tempbD
;__Lib_MathDouble.c,665 :: 		
MLOOP32:
;__Lib_MathDouble.c,666 :: 		
0x0146	0x1C7D      	BTFSS      R13, 0
;__Lib_MathDouble.c,667 :: 		
0x0147	0x2952      	GOTO       MNOADD32
;__Lib_MathDouble.c,669 :: 		
0x0148	0x0874      	MOVF       R4, 0
;__Lib_MathDouble.c,670 :: 		
0x0149	0x07F0      	ADDWF      R0, 1
;__Lib_MathDouble.c,671 :: 		
0x014A	0x0875      	MOVF       R5, 0
;__Lib_MathDouble.c,672 :: 		
0x014B	0x1803      	BTFSC      STATUS, 0
;__Lib_MathDouble.c,673 :: 		
0x014C	0x0F75      	INCFSZ     R5, 0
;__Lib_MathDouble.c,674 :: 		
0x014D	0x07F1      	ADDWF      R1, 1
;__Lib_MathDouble.c,675 :: 		
0x014E	0x0876      	MOVF       R6, 0
;__Lib_MathDouble.c,676 :: 		
0x014F	0x1803      	BTFSC      STATUS, 0
;__Lib_MathDouble.c,677 :: 		
0x0150	0x0F76      	INCFSZ     R6, 0
;__Lib_MathDouble.c,678 :: 		
0x0151	0x07F2      	ADDWF      R2, 1
;__Lib_MathDouble.c,679 :: 		
MNOADD32:
;__Lib_MathDouble.c,680 :: 		
0x0152	0x0CF2      	RRF        R2, 1
;__Lib_MathDouble.c,681 :: 		
0x0153	0x0CF1      	RRF        R1, 1
;__Lib_MathDouble.c,682 :: 		
0x0154	0x0CF0      	RRF        R0, 1
;__Lib_MathDouble.c,683 :: 		
0x0155	0x0CF8      	RRF        R8, 1
;__Lib_MathDouble.c,684 :: 		
0x0156	0x0CFC      	RRF        R12, 1
;__Lib_MathDouble.c,685 :: 		
0x0157	0x0CFD      	RRF        R13, 1
;__Lib_MathDouble.c,686 :: 		
0x0158	0x1003      	BCF        STATUS, 0
;__Lib_MathDouble.c,687 :: 		
0x0159	0x0BA0      	DECFSZ     __math_tempbD, 1
;__Lib_MathDouble.c,688 :: 		
0x015A	0x2946      	GOTO       MLOOP32
;__Lib_MathDouble.c,689 :: 		
0x015B	0x1BF2      	BTFSC      R2, 7
;__Lib_MathDouble.c,690 :: 		
0x015C	0x2962      	GOTO       MROUND32
;__Lib_MathDouble.c,691 :: 		
0x015D	0x0DF8      	RLF        R8, 1
;__Lib_MathDouble.c,692 :: 		
0x015E	0x0DF0      	RLF        R0, 1
;__Lib_MathDouble.c,693 :: 		
0x015F	0x0DF1      	RLF        R1, 1
;__Lib_MathDouble.c,694 :: 		
0x0160	0x0DF2      	RLF        R2, 1
;__Lib_MathDouble.c,695 :: 		
0x0161	0x03F3      	DECF       R3, 1
;__Lib_MathDouble.c,696 :: 		
MROUND32:
;__Lib_MathDouble.c,697 :: 		
0x0162	0x1B7B      	BTFSC      R11, 6
;__Lib_MathDouble.c,698 :: 		
0x0163	0x1C70      	BTFSS      R0, 0
;__Lib_MathDouble.c,699 :: 		
0x0164	0x2974      	GOTO       MUL32OK
;__Lib_MathDouble.c,700 :: 		
0x0165	0x1FF8      	BTFSS      R8, 7
;__Lib_MathDouble.c,701 :: 		
0x0166	0x2974      	GOTO       MUL32OK
;__Lib_MathDouble.c,702 :: 		
0x0167	0x0AF0      	INCF       R0, 1
;__Lib_MathDouble.c,703 :: 		
0x0168	0x1903      	BTFSC      STATUS, 2
;__Lib_MathDouble.c,704 :: 		
0x0169	0x0AF1      	INCF       R1, 1
;__Lib_MathDouble.c,705 :: 		
0x016A	0x1903      	BTFSC      STATUS, 2
;__Lib_MathDouble.c,706 :: 		
0x016B	0x0AF2      	INCF       R2, 1
;__Lib_MathDouble.c,707 :: 		
0x016C	0x1D03      	BTFSS      STATUS, 2
;__Lib_MathDouble.c,708 :: 		
0x016D	0x2974      	GOTO       MUL32OK
;__Lib_MathDouble.c,709 :: 		
0x016E	0x0CF2      	RRF        R2, 1
;__Lib_MathDouble.c,710 :: 		
0x016F	0x0CF1      	RRF        R1, 1
;__Lib_MathDouble.c,711 :: 		
0x0170	0x0CF0      	RRF        R0, 1
;__Lib_MathDouble.c,712 :: 		
0x0171	0x0AF3      	INCF       R3, 1
;__Lib_MathDouble.c,713 :: 		
0x0172	0x1903      	BTFSC      STATUS, 2
;__Lib_MathDouble.c,714 :: 		
0x0173	0x297B      	GOTO       JPMSETFOV32
;__Lib_MathDouble.c,715 :: 		
MUL32OK:
;__Lib_MathDouble.c,716 :: 		
0x0174	0x1FFA      	BTFSS      R10, 7
;__Lib_MathDouble.c,717 :: 		
0x0175	0x13F2      	BCF        R2, 7
;__Lib_MathDouble.c,718 :: 		
0x0176	0x3000      	MOVLW      0
;__Lib_MathDouble.c,720 :: 		
0x0177	0x2980      	GOTO       MUL32EEE
;__Lib_MathDouble.c,721 :: 		
JPMRES032:
;__Lib_MathDouble.c,722 :: 		
0x0178	0x3001      	MOVLW      1
;__Lib_MathDouble.c,725 :: 		
0x0179	0x2003      	CALL       _RES032
;__Lib_MathDouble.c,727 :: 		
0x017A	0x2980      	GOTO       MUL32EEE
;__Lib_MathDouble.c,728 :: 		
JPMSETFOV32:
;__Lib_MathDouble.c,729 :: 		
0x017B	0x3002      	MOVLW      2
;__Lib_MathDouble.c,732 :: 		
0x017C	0x201A      	CALL       _SETFOV32
;__Lib_MathDouble.c,734 :: 		
0x017D	0x2980      	GOTO       MUL32EEE
;__Lib_MathDouble.c,735 :: 		
JPMSETFUN32:
;__Lib_MathDouble.c,736 :: 		
0x017E	0x3004      	MOVLW      4
;__Lib_MathDouble.c,739 :: 		
0x017F	0x200A      	CALL       _SETFUN32
;__Lib_MathDouble.c,741 :: 		
MUL32EEE:
;__Lib_MathDouble.c,742 :: 		
0x0180	0x0000      	NOP
;__Lib_MathDouble.c,749 :: 		
0x0181	0x0008      	RETURN
; end of _Mul_32x32_FP
_ADC_Read:
;__Lib_ADC_A_C.c,45 :: 		
;__Lib_ADC_A_C.c,47 :: 		
0x0182	0x1283      	BCF        STATUS, 5
0x0183	0x1303      	BCF        STATUS, 6
0x0184	0x019F      	CLRF       ADCON0
;__Lib_ADC_A_C.c,48 :: 		
0x0185	0x30C0      	MOVLW      192
0x0186	0x049F      	IORWF      ADCON0, 1
;__Lib_ADC_A_C.c,49 :: 		
0x0187	0x1683      	BSF        STATUS, 5
0x0188	0x171F      	BSF        ADCON1, 6
;__Lib_ADC_A_C.c,50 :: 		
0x0189	0x179F      	BSF        ADCON1, 7
;__Lib_ADC_A_C.c,51 :: 		
0x018A	0x1283      	BCF        STATUS, 5
0x018B	0x0836      	MOVF       FARG_ADC_Read_channel, 0
0x018C	0x00F0      	MOVWF      R0
0x018D	0x0DF0      	RLF        R0, 1
0x018E	0x1070      	BCF        R0, 0
0x018F	0x0DF0      	RLF        R0, 1
0x0190	0x1070      	BCF        R0, 0
0x0191	0x0DF0      	RLF        R0, 1
0x0192	0x1070      	BCF        R0, 0
0x0193	0x0870      	MOVF       R0, 0
0x0194	0x049F      	IORWF      ADCON0, 1
;__Lib_ADC_A_C.c,54 :: 		
0x0195	0x141F      	BSF        ADCON0, 0
;__Lib_ADC_A_C.c,57 :: 		
0x0196	0x2062      	CALL       _Delay_22us
;__Lib_ADC_A_C.c,60 :: 		
0x0197	0x151F      	BSF        ADCON0, 2
;__Lib_ADC_A_C.c,63 :: 		
L_ADC_Read2:
0x0198	0x1D1F      	BTFSS      ADCON0, 2
0x0199	0x299C      	GOTO       L_ADC_Read3
;__Lib_ADC_A_C.c,64 :: 		
0x019A	0x0000      	NOP
0x019B	0x2998      	GOTO       L_ADC_Read2
L_ADC_Read3:
;__Lib_ADC_A_C.c,67 :: 		
0x019C	0x101F      	BCF        ADCON0, 0
;__Lib_ADC_A_C.c,70 :: 		
0x019D	0x081E      	MOVF       ADRESH, 0
0x019E	0x00F1      	MOVWF      R0+1
0x019F	0x01F0      	CLRF       R0
0x01A0	0x1683      	BSF        STATUS, 5
0x01A1	0x081E      	MOVF       ADRESL, 0
0x01A2	0x04F0      	IORWF      R0, 1
0x01A3	0x3000      	MOVLW      0
0x01A4	0x04F1      	IORWF      R0+1, 1
;__Lib_ADC_A_C.c,71 :: 		
0x01A5	0x0008      	RETURN
; end of _ADC_Read
_ADC_Init:
;__Lib_ADC_A_C.c,9 :: 		
;__Lib_ADC_A_C.c,10 :: 		
0x01A6	0x30FF      	MOVLW      _ADC_Get_Sample
0x01A7	0x1283      	BCF        STATUS, 5
0x01A8	0x1303      	BCF        STATUS, 6
0x01A9	0x00AF      	MOVWF      _ADC_Get_Sample_Ptr
0x01AA	0x30FF      	MOVLW      hi_addr(_ADC_Get_Sample)
0x01AB	0x00B0      	MOVWF      _ADC_Get_Sample_Ptr+1
0x01AC	0x30FF      	MOVLW      FARG_ADC_Get_Sample_channel
0x01AD	0x00B1      	MOVWF      _ADC_Get_Sample_Ptr+2
0x01AE	0x30FF      	MOVLW      hi_addr(FARG_ADC_Get_Sample_channel)
;__Lib_ADC_A_C.c,12 :: 		
0x01AF	0x019F      	CLRF       ADCON0
;__Lib_ADC_A_C.c,13 :: 		
0x01B0	0x30C0      	MOVLW      192
0x01B1	0x049F      	IORWF      ADCON0, 1
;__Lib_ADC_A_C.c,14 :: 		
0x01B2	0x1683      	BSF        STATUS, 5
0x01B3	0x171F      	BSF        ADCON1, 6
;__Lib_ADC_A_C.c,15 :: 		
0x01B4	0x179F      	BSF        ADCON1, 7
;__Lib_ADC_A_C.c,18 :: 		
0x01B5	0x1283      	BCF        STATUS, 5
0x01B6	0x141F      	BSF        ADCON0, 0
;__Lib_ADC_A_C.c,19 :: 		
0x01B7	0x0008      	RETURN
; end of _ADC_Init
_display:
;Termometro_Digital_LM35_Display7Seg.c,119 :: 		void display(unsigned char temp){
;Termometro_Digital_LM35_Display7Seg.c,123 :: 		dezena = temp/10;
0x01B8	0x300A      	MOVLW      10
0x01B9	0x1283      	BCF        STATUS, 5
0x01BA	0x1303      	BCF        STATUS, 6
0x01BB	0x00F4      	MOVWF      R4
0x01BC	0x0836      	MOVF       FARG_display_temp, 0
0x01BD	0x00F0      	MOVWF      R0
0x01BE	0x207E      	CALL       _Div_8x8_U
;Termometro_Digital_LM35_Display7Seg.c,124 :: 		RC4_bit = 1;
0x01BF	0x1607      	BSF        RC4_bit, 4
;Termometro_Digital_LM35_Display7Seg.c,125 :: 		PORTD = digitos[dezena];
0x01C0	0x0870      	MOVF       R0, 0
0x01C1	0x3E21      	ADDLW      _digitos
0x01C2	0x0084      	MOVWF      FSR
0x01C3	0x0800      	MOVF       INDF, 0
0x01C4	0x0088      	MOVWF      PORTD
;Termometro_Digital_LM35_Display7Seg.c,126 :: 		delay_ms(2);
0x01C5	0x3006      	MOVLW      6
0x01C6	0x00FC      	MOVWF      R12
0x01C7	0x3030      	MOVLW      48
0x01C8	0x00FD      	MOVWF      R13
L_display26:
0x01C9	0x0BFD      	DECFSZ     R13, 1
0x01CA	0x29C9      	GOTO       L_display26
0x01CB	0x0BFC      	DECFSZ     R12, 1
0x01CC	0x29C9      	GOTO       L_display26
0x01CD	0x0000      	NOP
;Termometro_Digital_LM35_Display7Seg.c,127 :: 		RC4_bit = 0;
0x01CE	0x1207      	BCF        RC4_bit, 4
;Termometro_Digital_LM35_Display7Seg.c,128 :: 		PORTD = 0;
0x01CF	0x0188      	CLRF       PORTD
;Termometro_Digital_LM35_Display7Seg.c,130 :: 		unidade = temp%10;
0x01D0	0x300A      	MOVLW      10
0x01D1	0x00F4      	MOVWF      R4
0x01D2	0x0836      	MOVF       FARG_display_temp, 0
0x01D3	0x00F0      	MOVWF      R0
0x01D4	0x207E      	CALL       _Div_8x8_U
0x01D5	0x0878      	MOVF       R8, 0
0x01D6	0x00F0      	MOVWF      R0
;Termometro_Digital_LM35_Display7Seg.c,131 :: 		RC5_bit = 1;
0x01D7	0x1687      	BSF        RC5_bit, 5
;Termometro_Digital_LM35_Display7Seg.c,132 :: 		PORTD = digitos[unidade];
0x01D8	0x0870      	MOVF       R0, 0
0x01D9	0x3E21      	ADDLW      _digitos
0x01DA	0x0084      	MOVWF      FSR
0x01DB	0x0800      	MOVF       INDF, 0
0x01DC	0x0088      	MOVWF      PORTD
;Termometro_Digital_LM35_Display7Seg.c,133 :: 		delay_ms(2);
0x01DD	0x3006      	MOVLW      6
0x01DE	0x00FC      	MOVWF      R12
0x01DF	0x3030      	MOVLW      48
0x01E0	0x00FD      	MOVWF      R13
L_display27:
0x01E1	0x0BFD      	DECFSZ     R13, 1
0x01E2	0x29E1      	GOTO       L_display27
0x01E3	0x0BFC      	DECFSZ     R12, 1
0x01E4	0x29E1      	GOTO       L_display27
0x01E5	0x0000      	NOP
;Termometro_Digital_LM35_Display7Seg.c,134 :: 		RC5_bit = 0;
0x01E6	0x1287      	BCF        RC5_bit, 5
;Termometro_Digital_LM35_Display7Seg.c,135 :: 		PORTD = 0;
0x01E7	0x0188      	CLRF       PORTD
;Termometro_Digital_LM35_Display7Seg.c,137 :: 		}
0x01E8	0x0008      	RETURN
; end of _display
___CC2DW:
;__Lib_System.c,24 :: 		
;__Lib_System.c,27 :: 		
_CC2D_Loop1:
;__Lib_System.c,29 :: 		
0x01E9	0x206A      	CALL       _____DoICP
0x01EA	0x118A      	BCF        PCLATH, 3
0x01EB	0x120A      	BCF        PCLATH, 4
;__Lib_System.c,31 :: 		
0x01EC	0x0080      	MOVWF      INDF
;__Lib_System.c,32 :: 		
0x01ED	0x0A84      	INCF       FSR, 1
;__Lib_System.c,33 :: 		
0x01EE	0x0AAC      	INCF       ___DoICPAddr, 1
;__Lib_System.c,35 :: 		
0x01EF	0x1903      	BTFSC      STATUS, 2
;__Lib_System.c,36 :: 		
0x01F0	0x0AAD      	INCF       ___DoICPAddr+1, 1
;__Lib_System.c,37 :: 		
0x01F1	0x03F0      	DECF       R0, 1
;__Lib_System.c,39 :: 		
0x01F2	0x1D03      	BTFSS      STATUS, 2
;__Lib_System.c,40 :: 		
0x01F3	0x29E9      	GOTO       _CC2D_Loop1
;__Lib_System.c,42 :: 		
0x01F4	0x0008      	RETURN
; end of ___CC2DW
_main:
0x01F5	0x303F      	MOVLW      63
0x01F6	0x1283      	BCF        STATUS, 5
0x01F7	0x1303      	BCF        STATUS, 6
0x01F8	0x00A1      	MOVWF      _digitos
0x01F9	0x3006      	MOVLW      6
0x01FA	0x00A2      	MOVWF      34
0x01FB	0x305B      	MOVLW      91
0x01FC	0x00A3      	MOVWF      35
0x01FD	0x304F      	MOVLW      79
0x01FE	0x00A4      	MOVWF      36
0x01FF	0x3066      	MOVLW      102
0x0200	0x00A5      	MOVWF      37
0x0201	0x306D      	MOVLW      109
0x0202	0x00A6      	MOVWF      38
0x0203	0x307D      	MOVLW      125
0x0204	0x00A7      	MOVWF      39
0x0205	0x3007      	MOVLW      7
0x0206	0x00A8      	MOVWF      40
0x0207	0x307F      	MOVLW      127
0x0208	0x00A9      	MOVWF      41
0x0209	0x306F      	MOVLW      111
0x020A	0x00AA      	MOVWF      42
0x020B	0x01AB      	CLRF       _temperatura
;Termometro_Digital_LM35_Display7Seg.c,43 :: 		void main() {
;Termometro_Digital_LM35_Display7Seg.c,45 :: 		TRISD = 0b00000000;        // configura PORT D  como saída
0x020C	0x1683      	BSF        STATUS, 5
0x020D	0x0188      	CLRF       TRISD
;Termometro_Digital_LM35_Display7Seg.c,46 :: 		PORTD = 0b00000000;        // inicia em nível baixo
0x020E	0x1283      	BCF        STATUS, 5
0x020F	0x0188      	CLRF       PORTD
;Termometro_Digital_LM35_Display7Seg.c,47 :: 		TRISB = 0b00000011;        // RB0 e RB1 como entrada (botões)
0x0210	0x3003      	MOVLW      3
0x0211	0x1683      	BSF        STATUS, 5
0x0212	0x0086      	MOVWF      TRISB
;Termometro_Digital_LM35_Display7Seg.c,48 :: 		PORTB = 0b00000011;        // RB0 e RB1 são botões com pull-up
0x0213	0x3003      	MOVLW      3
0x0214	0x1283      	BCF        STATUS, 5
0x0215	0x0086      	MOVWF      PORTB
;Termometro_Digital_LM35_Display7Seg.c,49 :: 		TRISC = 0b00000000;
0x0216	0x1683      	BSF        STATUS, 5
0x0217	0x0187      	CLRF       TRISC
;Termometro_Digital_LM35_Display7Seg.c,50 :: 		PORTC = 0b00000000;
0x0218	0x1283      	BCF        STATUS, 5
0x0219	0x0187      	CLRF       PORTC
;Termometro_Digital_LM35_Display7Seg.c,52 :: 		TRISA1_bit = 1;            // AN1(RA1) configurado como entrada
0x021A	0x1683      	BSF        STATUS, 5
0x021B	0x1485      	BSF        TRISA1_bit, 1
;Termometro_Digital_LM35_Display7Seg.c,53 :: 		ADC_Init();                // inicializa o ADC com configurações padrão (clock interno RC)
0x021C	0x21A6      	CALL       _ADC_Init
;Termometro_Digital_LM35_Display7Seg.c,55 :: 		minima = 99;
0x021D	0x3063      	MOVLW      99
0x021E	0x00B2      	MOVWF      _minima
;Termometro_Digital_LM35_Display7Seg.c,56 :: 		maxima = 0;
0x021F	0x01B3      	CLRF       _maxima
;Termometro_Digital_LM35_Display7Seg.c,58 :: 		while(1){
L_main0:
;Termometro_Digital_LM35_Display7Seg.c,60 :: 		leituraAD = ADC_Read(1);   // lê o canal analógico 1; converte tensão para valor digital
0x0220	0x3001      	MOVLW      1
0x0221	0x00B6      	MOVWF      FARG_ADC_Read_channel
0x0222	0x2182      	CALL       _ADC_Read
0x0223	0x0870      	MOVF       R0, 0
0x0224	0x1283      	BCF        STATUS, 5
0x0225	0x00B4      	MOVWF      _leituraAD
0x0226	0x0871      	MOVF       R0+1, 0
0x0227	0x00B5      	MOVWF      _leituraAD+1
;Termometro_Digital_LM35_Display7Seg.c,63 :: 		temperatura = leituraAD*0.4887; // 1023 -> 500ºC; converte valor digital em temperatura
0x0228	0x210B      	CALL       _Word2Double
0x0229	0x30E3      	MOVLW      227
0x022A	0x00F4      	MOVWF      R4
0x022B	0x3036      	MOVLW      54
0x022C	0x00F5      	MOVWF      R4+1
0x022D	0x307A      	MOVLW      122
0x022E	0x00F6      	MOVWF      R4+2
0x022F	0x307D      	MOVLW      125
0x0230	0x00F7      	MOVWF      R4+3
0x0231	0x2121      	CALL       _Mul_32x32_FP
0x0232	0x20C8      	CALL       _Double2Byte
0x0233	0x0870      	MOVF       R0, 0
0x0234	0x00AB      	MOVWF      _temperatura
;Termometro_Digital_LM35_Display7Seg.c,66 :: 		if(temperatura > 99) temperatura = 99;
0x0235	0x0870      	MOVF       R0, 0
0x0236	0x3C63      	SUBLW      99
0x0237	0x1803      	BTFSC      STATUS, 0
0x0238	0x2A3B      	GOTO       L_main2
0x0239	0x3063      	MOVLW      99
0x023A	0x00AB      	MOVWF      _temperatura
L_main2:
;Termometro_Digital_LM35_Display7Seg.c,67 :: 		if(temperatura < 0) temperatura = 0;
0x023B	0x3000      	MOVLW      0
0x023C	0x022B      	SUBWF      _temperatura, 0
0x023D	0x1803      	BTFSC      STATUS, 0
0x023E	0x2A40      	GOTO       L_main3
0x023F	0x01AB      	CLRF       _temperatura
L_main3:
;Termometro_Digital_LM35_Display7Seg.c,70 :: 		if(temperatura > maxima) maxima = temperatura;
0x0240	0x082B      	MOVF       _temperatura, 0
0x0241	0x0233      	SUBWF      _maxima, 0
0x0242	0x1803      	BTFSC      STATUS, 0
0x0243	0x2A46      	GOTO       L_main4
0x0244	0x082B      	MOVF       _temperatura, 0
0x0245	0x00B3      	MOVWF      _maxima
L_main4:
;Termometro_Digital_LM35_Display7Seg.c,71 :: 		if(minima > temperatura) minima = temperatura;
0x0246	0x0832      	MOVF       _minima, 0
0x0247	0x022B      	SUBWF      _temperatura, 0
0x0248	0x1803      	BTFSC      STATUS, 0
0x0249	0x2A4C      	GOTO       L_main5
0x024A	0x082B      	MOVF       _temperatura, 0
0x024B	0x00B2      	MOVWF      _minima
L_main5:
;Termometro_Digital_LM35_Display7Seg.c,73 :: 		display(temperatura);  // chama a função que mostra a temperatura no display
0x024C	0x082B      	MOVF       _temperatura, 0
0x024D	0x00B6      	MOVWF      FARG_display_temp
0x024E	0x21B8      	CALL       _display
;Termometro_Digital_LM35_Display7Seg.c,76 :: 		if(Button(&PORTB, 0, 10, 0)){
0x024F	0x3006      	MOVLW      PORTB
0x0250	0x00B6      	MOVWF      FARG_Button_port
0x0251	0x01B7      	CLRF       FARG_Button_pin
0x0252	0x300A      	MOVLW      10
0x0253	0x00B8      	MOVWF      FARG_Button_time_ms
0x0254	0x01B9      	CLRF       FARG_Button_active_state
0x0255	0x208F      	CALL       _Button
0x0256	0x0870      	MOVF       R0, 0
0x0257	0x1903      	BTFSC      STATUS, 2
0x0258	0x2A5A      	GOTO       L_main6
;Termometro_Digital_LM35_Display7Seg.c,77 :: 		flagB0 = 1;
0x0259	0x142E      	BSF        _flagB0, BitPos(_flagB0+0)
;Termometro_Digital_LM35_Display7Seg.c,78 :: 		}
L_main6:
;Termometro_Digital_LM35_Display7Seg.c,79 :: 		if(Button(&PORTB, 0, 10, 1) && flagB0){
0x025A	0x3006      	MOVLW      PORTB
0x025B	0x00B6      	MOVWF      FARG_Button_port
0x025C	0x01B7      	CLRF       FARG_Button_pin
0x025D	0x300A      	MOVLW      10
0x025E	0x00B8      	MOVWF      FARG_Button_time_ms
0x025F	0x3001      	MOVLW      1
0x0260	0x00B9      	MOVWF      FARG_Button_active_state
0x0261	0x208F      	CALL       _Button
0x0262	0x0870      	MOVF       R0, 0
0x0263	0x1903      	BTFSC      STATUS, 2
0x0264	0x2A86      	GOTO       L_main9
0x0265	0x1C2E      	BTFSS      _flagB0, BitPos(_flagB0+0)
0x0266	0x2A86      	GOTO       L_main9
L__main31:
;Termometro_Digital_LM35_Display7Seg.c,80 :: 		flagB0 = 0;
0x0267	0x102E      	BCF        _flagB0, BitPos(_flagB0+0)
;Termometro_Digital_LM35_Display7Seg.c,81 :: 		while(1){
L_main10:
;Termometro_Digital_LM35_Display7Seg.c,82 :: 		display(maxima);
0x0268	0x0833      	MOVF       _maxima, 0
0x0269	0x00B6      	MOVWF      FARG_display_temp
0x026A	0x21B8      	CALL       _display
;Termometro_Digital_LM35_Display7Seg.c,83 :: 		if(Button(&PORTB, 0, 10, 0)){
0x026B	0x3006      	MOVLW      PORTB
0x026C	0x00B6      	MOVWF      FARG_Button_port
0x026D	0x01B7      	CLRF       FARG_Button_pin
0x026E	0x300A      	MOVLW      10
0x026F	0x00B8      	MOVWF      FARG_Button_time_ms
0x0270	0x01B9      	CLRF       FARG_Button_active_state
0x0271	0x208F      	CALL       _Button
0x0272	0x0870      	MOVF       R0, 0
0x0273	0x1903      	BTFSC      STATUS, 2
0x0274	0x2A76      	GOTO       L_main12
;Termometro_Digital_LM35_Display7Seg.c,84 :: 		flagB0 = 1;
0x0275	0x142E      	BSF        _flagB0, BitPos(_flagB0+0)
;Termometro_Digital_LM35_Display7Seg.c,85 :: 		}
L_main12:
;Termometro_Digital_LM35_Display7Seg.c,86 :: 		if(Button(&PORTB, 0, 10, 1) && flagB0){
0x0276	0x3006      	MOVLW      PORTB
0x0277	0x00B6      	MOVWF      FARG_Button_port
0x0278	0x01B7      	CLRF       FARG_Button_pin
0x0279	0x300A      	MOVLW      10
0x027A	0x00B8      	MOVWF      FARG_Button_time_ms
0x027B	0x3001      	MOVLW      1
0x027C	0x00B9      	MOVWF      FARG_Button_active_state
0x027D	0x208F      	CALL       _Button
0x027E	0x0870      	MOVF       R0, 0
0x027F	0x1903      	BTFSC      STATUS, 2
0x0280	0x2A85      	GOTO       L_main15
0x0281	0x1C2E      	BTFSS      _flagB0, BitPos(_flagB0+0)
0x0282	0x2A85      	GOTO       L_main15
L__main30:
;Termometro_Digital_LM35_Display7Seg.c,87 :: 		flagB0 = 0;
0x0283	0x102E      	BCF        _flagB0, BitPos(_flagB0+0)
;Termometro_Digital_LM35_Display7Seg.c,88 :: 		break;
0x0284	0x2A86      	GOTO       L_main11
;Termometro_Digital_LM35_Display7Seg.c,89 :: 		}
L_main15:
;Termometro_Digital_LM35_Display7Seg.c,91 :: 		}
0x0285	0x2A68      	GOTO       L_main10
L_main11:
;Termometro_Digital_LM35_Display7Seg.c,92 :: 		}
L_main9:
;Termometro_Digital_LM35_Display7Seg.c,95 :: 		if(Button(&PORTB, 1, 10, 0)){
0x0286	0x3006      	MOVLW      PORTB
0x0287	0x00B6      	MOVWF      FARG_Button_port
0x0288	0x3001      	MOVLW      1
0x0289	0x00B7      	MOVWF      FARG_Button_pin
0x028A	0x300A      	MOVLW      10
0x028B	0x00B8      	MOVWF      FARG_Button_time_ms
0x028C	0x01B9      	CLRF       FARG_Button_active_state
0x028D	0x208F      	CALL       _Button
0x028E	0x0870      	MOVF       R0, 0
0x028F	0x1903      	BTFSC      STATUS, 2
0x0290	0x2A92      	GOTO       L_main16
;Termometro_Digital_LM35_Display7Seg.c,96 :: 		flagB1 = 1;
0x0291	0x14AE      	BSF        _flagB1, BitPos(_flagB1+0)
;Termometro_Digital_LM35_Display7Seg.c,97 :: 		}
L_main16:
;Termometro_Digital_LM35_Display7Seg.c,98 :: 		if(Button(&PORTB, 1, 10, 1) && flagB1){
0x0292	0x3006      	MOVLW      PORTB
0x0293	0x00B6      	MOVWF      FARG_Button_port
0x0294	0x3001      	MOVLW      1
0x0295	0x00B7      	MOVWF      FARG_Button_pin
0x0296	0x300A      	MOVLW      10
0x0297	0x00B8      	MOVWF      FARG_Button_time_ms
0x0298	0x3001      	MOVLW      1
0x0299	0x00B9      	MOVWF      FARG_Button_active_state
0x029A	0x208F      	CALL       _Button
0x029B	0x0870      	MOVF       R0, 0
0x029C	0x1903      	BTFSC      STATUS, 2
0x029D	0x2AC1      	GOTO       L_main19
0x029E	0x1CAE      	BTFSS      _flagB1, BitPos(_flagB1+0)
0x029F	0x2AC1      	GOTO       L_main19
L__main29:
;Termometro_Digital_LM35_Display7Seg.c,99 :: 		flagB1 = 0;
0x02A0	0x10AE      	BCF        _flagB1, BitPos(_flagB1+0)
;Termometro_Digital_LM35_Display7Seg.c,100 :: 		while(1){
L_main20:
;Termometro_Digital_LM35_Display7Seg.c,101 :: 		display(minima);
0x02A1	0x0832      	MOVF       _minima, 0
0x02A2	0x00B6      	MOVWF      FARG_display_temp
0x02A3	0x21B8      	CALL       _display
;Termometro_Digital_LM35_Display7Seg.c,102 :: 		if(Button(&PORTB, 1, 10, 0)){
0x02A4	0x3006      	MOVLW      PORTB
0x02A5	0x00B6      	MOVWF      FARG_Button_port
0x02A6	0x3001      	MOVLW      1
0x02A7	0x00B7      	MOVWF      FARG_Button_pin
0x02A8	0x300A      	MOVLW      10
0x02A9	0x00B8      	MOVWF      FARG_Button_time_ms
0x02AA	0x01B9      	CLRF       FARG_Button_active_state
0x02AB	0x208F      	CALL       _Button
0x02AC	0x0870      	MOVF       R0, 0
0x02AD	0x1903      	BTFSC      STATUS, 2
0x02AE	0x2AB0      	GOTO       L_main22
;Termometro_Digital_LM35_Display7Seg.c,103 :: 		flagB1 = 1;
0x02AF	0x14AE      	BSF        _flagB1, BitPos(_flagB1+0)
;Termometro_Digital_LM35_Display7Seg.c,104 :: 		}
L_main22:
;Termometro_Digital_LM35_Display7Seg.c,105 :: 		if(Button(&PORTB, 1, 10, 1) && flagB1){
0x02B0	0x3006      	MOVLW      PORTB
0x02B1	0x00B6      	MOVWF      FARG_Button_port
0x02B2	0x3001      	MOVLW      1
0x02B3	0x00B7      	MOVWF      FARG_Button_pin
0x02B4	0x300A      	MOVLW      10
0x02B5	0x00B8      	MOVWF      FARG_Button_time_ms
0x02B6	0x3001      	MOVLW      1
0x02B7	0x00B9      	MOVWF      FARG_Button_active_state
0x02B8	0x208F      	CALL       _Button
0x02B9	0x0870      	MOVF       R0, 0
0x02BA	0x1903      	BTFSC      STATUS, 2
0x02BB	0x2AC0      	GOTO       L_main25
0x02BC	0x1CAE      	BTFSS      _flagB1, BitPos(_flagB1+0)
0x02BD	0x2AC0      	GOTO       L_main25
L__main28:
;Termometro_Digital_LM35_Display7Seg.c,106 :: 		flagB1 = 0;
0x02BE	0x10AE      	BCF        _flagB1, BitPos(_flagB1+0)
;Termometro_Digital_LM35_Display7Seg.c,107 :: 		break;
0x02BF	0x2AC1      	GOTO       L_main21
;Termometro_Digital_LM35_Display7Seg.c,108 :: 		}
L_main25:
;Termometro_Digital_LM35_Display7Seg.c,110 :: 		}
0x02C0	0x2AA1      	GOTO       L_main20
L_main21:
;Termometro_Digital_LM35_Display7Seg.c,111 :: 		}
L_main19:
;Termometro_Digital_LM35_Display7Seg.c,113 :: 		}
0x02C1	0x2A20      	GOTO       L_main0
;Termometro_Digital_LM35_Display7Seg.c,115 :: 		}
0x02C2	0x2AC2      	GOTO       $+0
; end of _main
Symbol List:
//** Routines locations **
//ADDRESS    SIZE    PROCEDURE
//----------------------------------------------
0x0003       [7]    _RES032
0x000A      [12]    _SETFUN32
0x0016       [4]    _FIXSIGN32
0x001A      [12]    _SETFOV32
0x0026      [13]    _SETIOV3224
0x0033      [47]    _NRM3232
0x0062       [8]    _Delay_22us
0x006A       [7]    _____DoICP
0x0071      [13]    _Delay_500us
0x007E      [17]    _Div_8x8_U
0x008F      [57]    _Button
0x00C8      [67]    _Double2Byte
0x010B      [22]    _Word2Double
0x0121      [97]    _Mul_32x32_FP
0x0182      [36]    _ADC_Read
0x01A6      [18]    _ADC_Init
0x01B8      [49]    _display
0x01E9      [12]    ___CC2DW
0x01F5     [206]    _main
//** Variables locations ** 
//ADDRESS    SIZE    VARIABLE
//----------------------------------------------
0x0000       [1]    INDF
0x0001       [1]    TMR0
0x0002       [1]    PCL
0x0003       [0]    DC_bit
0x0003       [1]    STATUS
0x0003       [0]    Z_bit
0x0003       [0]    RP0_bit
0x0003       [0]    RP1_bit
0x0003       [0]    C_bit
0x0003       [0]    NOT_PD_bit
0x0003       [0]    IRP_bit
0x0003       [0]    NOT_TO_bit
0x0004       [1]    FSR
0x0004       [1]    FSRPTR
0x0005       [0]    RA4_bit
0x0005       [1]    PORTA
0x0005       [0]    RA5_bit
0x0005       [0]    RA1_bit
0x0005       [0]    RA2_bit
0x0005       [0]    RA0_bit
0x0005       [0]    RA3_bit
0x0006       [0]    RB1_bit
0x0006       [1]    PORTB
0x0006       [0]    RB4_bit
0x0006       [0]    RB3_bit
0x0006       [0]    RB6_bit
0x0006       [0]    RB5_bit
0x0006       [0]    RB0_bit
0x0006       [0]    RB2_bit
0x0006       [0]    RB7_bit
0x0007       [0]    RC4_bit
0x0007       [0]    RC1_bit
0x0007       [0]    RC3_bit
0x0007       [0]    RC2_bit
0x0007       [0]    RC0_bit
0x0007       [0]    RC6_bit
0x0007       [0]    RC7_bit
0x0007       [1]    PORTC
0x0007       [0]    RC5_bit
0x0008       [0]    RD1_bit
0x0008       [0]    RD7_bit
0x0008       [0]    RD0_bit
0x0008       [0]    RD6_bit
0x0008       [0]    RD2_bit
0x0008       [0]    RD3_bit
0x0008       [0]    RD4_bit
0x0008       [1]    PORTD
0x0008       [0]    RD5_bit
0x0009       [0]    RE2_bit
0x0009       [0]    RE1_bit
0x0009       [1]    PORTE
0x0009       [0]    RE0_bit
0x000A       [1]    PCLATH
0x000B       [0]    GIE_bit
0x000B       [0]    INTF_bit
0x000B       [0]    TMR0IE_bit
0x000B       [0]    T0IF_bit
0x000B       [1]    INTCON
0x000B       [0]    TMR0IF_bit
0x000B       [0]    RBIF_bit
0x000B       [0]    INTE_bit
0x000B       [0]    PEIE_bit
0x000B       [0]    RBIE_bit
0x000B       [0]    T0IE_bit
0x000C       [0]    ADIF_bit
0x000C       [0]    RCIF_bit
0x000C       [0]    SSPIF_bit
0x000C       [0]    PSPIF_bit
0x000C       [0]    TXIF_bit
0x000C       [1]    PIR1
0x000C       [0]    TMR2IF_bit
0x000C       [0]    TMR1IF_bit
0x000C       [0]    CCP1IF_bit
0x000D       [0]    CMIF_bit
0x000D       [0]    CCP2IF_bit
0x000D       [0]    EEIF_bit
0x000D       [1]    PIR2
0x000D       [0]    BCLIF_bit
0x000E       [1]    TMR1L
0x000F       [1]    TMR1H
0x0010       [0]    TMR1ON_bit
0x0010       [0]    T1OSCEN_bit
0x0010       [0]    TMR1CS_bit
0x0010       [0]    NOT_T1SYNC_bit
0x0010       [0]    T1CKPS1_bit
0x0010       [0]    T1SYNC_bit
0x0010       [0]    T1INSYNC_bit
0x0010       [0]    T1CKPS0_bit
0x0010       [1]    T1CON
0x0011       [1]    TMR2
0x0012       [0]    TMR2ON_bit
0x0012       [0]    T2CKPS0_bit
0x0012       [0]    TOUTPS3_bit
0x0012       [0]    TOUTPS2_bit
0x0012       [1]    T2CON
0x0012       [0]    T2CKPS1_bit
0x0012       [0]    TOUTPS1_bit
0x0012       [0]    TOUTPS0_bit
0x0013       [1]    SSPBUF
0x0014       [0]    SSPM2_bit
0x0014       [1]    SSPCON
0x0014       [0]    SSPM0_bit
0x0014       [0]    SSPM1_bit
0x0014       [0]    CKP_bit
0x0014       [0]    SSPM3_bit
0x0014       [0]    SSPEN_bit
0x0014       [0]    WCOL_bit
0x0014       [0]    SSPOV_bit
0x0015       [2]    CCPR1
0x0015       [1]    CCPR1L
0x0016       [1]    CCPR1H
0x0017       [0]    CCP1M0_bit
0x0017       [1]    CCP1CON
0x0017       [0]    CCP1M2_bit
0x0017       [0]    CCP1M3_bit
0x0017       [0]    CCP1Y_bit
0x0017       [0]    CCP1X_bit
0x0017       [0]    CCP1M1_bit
0x0018       [0]    FERR_bit
0x0018       [0]    OERR_bit
0x0018       [0]    RX9D_bit
0x0018       [0]    RCD8_bit
0x0018       [0]    ADDEN_bit
0x0018       [0]    RC9_bit
0x0018       [0]    RX9_bit
0x0018       [0]    SPEN_bit
0x0018       [0]    NOT_RC8_bit
0x0018       [0]    CREN_bit
0x0018       [0]    SREN_bit
0x0018       [0]    RC8_9_bit
0x0018       [1]    RCSTA
0x0019       [1]    TXREG
0x001A       [1]    RCREG
0x001B       [1]    CCPR2L
0x001B       [2]    CCPR2
0x001C       [1]    CCPR2H
0x001D       [0]    CCP2M0_bit
0x001D       [0]    CCP2M1_bit
0x001D       [1]    CCP2CON
0x001D       [0]    CCP2X_bit
0x001D       [0]    CCP2M2_bit
0x001D       [0]    CCP2Y_bit
0x001D       [0]    CCP2M3_bit
0x001E       [1]    ADRESH
0x001F       [0]    GO_DONE_bit
0x001F       [1]    ADCON0
0x001F       [0]    ADON_bit
0x001F       [0]    NOT_DONE_bit
0x001F       [0]    GO_bit
0x001F       [0]    CHS0_bit
0x001F       [0]    ADCS0_bit
0x001F       [0]    ADCS1_bit
0x001F       [0]    CHS1_bit
0x001F       [0]    CHS2_bit
0x0020       [1]    __math_tempbD
0x0021      [10]    _digitos
0x002B       [1]    _temperatura
0x002C       [2]    ___DoICPAddr
0x002E       [0]    _flagB1
0x002E       [0]    _flagB0
0x002F       [3]    _ADC_Get_Sample_Ptr
0x0032       [1]    _minima
0x0033       [1]    _maxima
0x0034       [2]    _leituraAD
0x0036       [1]    FARG_ADC_Read_channel
0x0036       [1]    FARG_display_temp
0x0036       [1]    FARG_Button_port
0x0037       [1]    FARG_Button_pin
0x0038       [1]    FARG_Button_time_ms
0x0039       [1]    FARG_Button_active_state
0x003A       [1]    Button_pMask_L0
0x003B       [1]    Button_rslt_L0
0x0070       [1]    R0
0x0071       [1]    R1
0x0072       [1]    R2
0x0073       [1]    R3
0x0074       [1]    R4
0x0075       [1]    R5
0x0076       [1]    R6
0x0077       [1]    R7
0x0078       [1]    R8
0x0079       [1]    R9
0x007A       [1]    R10
0x007B       [1]    R11
0x007C       [1]    R12
0x007D       [1]    R13
0x007E       [1]    R14
0x007F       [1]    R15
0x0081       [0]    PSA_bit
0x0081       [0]    NOT_RBPU_bit
0x0081       [0]    T0SE_bit
0x0081       [0]    INTEDG_bit
0x0081       [0]    T0CS_bit
0x0081       [0]    PS2_bit
0x0081       [1]    OPTION_REG
0x0081       [0]    PS0_bit
0x0081       [0]    PS1_bit
0x0085       [1]    TRISA
0x0085       [0]    TRISA5_bit
0x0085       [0]    TRISA1_bit
0x0085       [0]    TRISA0_bit
0x0085       [0]    TRISA2_bit
0x0085       [0]    TRISA4_bit
0x0085       [0]    TRISA3_bit
0x0086       [1]    TRISB
0x0086       [0]    TRISB2_bit
0x0086       [0]    TRISB3_bit
0x0086       [0]    TRISB0_bit
0x0086       [0]    TRISB1_bit
0x0086       [0]    TRISB6_bit
0x0086       [0]    TRISB7_bit
0x0086       [0]    TRISB4_bit
0x0086       [0]    TRISB5_bit
0x0087       [0]    TRISC4_bit
0x0087       [1]    TRISC
0x0087       [0]    TRISC3_bit
0x0087       [0]    TRISC7_bit
0x0087       [0]    TRISC6_bit
0x0087       [0]    TRISC5_bit
0x0087       [0]    TRISC2_bit
0x0087       [0]    TRISC1_bit
0x0087       [0]    TRISC0_bit
0x0088       [0]    TRISD5_bit
0x0088       [0]    TRISD6_bit
0x0088       [0]    TRISD2_bit
0x0088       [0]    TRISD1_bit
0x0088       [0]    TRISD4_bit
0x0088       [0]    TRISD3_bit
0x0088       [0]    TRISD7_bit
0x0088       [1]    TRISD
0x0088       [0]    TRISD0_bit
0x0089       [0]    PSPMODE_bit
0x0089       [0]    IBOV_bit
0x0089       [0]    OBF_bit
0x0089       [0]    IBF_bit
0x0089       [1]    TRISE
0x0089       [0]    TRISE2_bit
0x0089       [0]    IBF_TRISE_bit
0x0089       [0]    PSPMODE_TRISE_bit
0x0089       [0]    OBF_TRISE_bit
0x0089       [0]    IBOV_TRISE_bit
0x0089       [0]    TRISE1_bit
0x0089       [0]    TRISE0_bit
0x008C       [0]    CCP1IE_bit
0x008C       [0]    TXIE_bit
0x008C       [0]    RCIE_bit
0x008C       [0]    SSPIE_bit
0x008C       [0]    TMR2IE_bit
0x008C       [0]    TMR1IE_bit
0x008C       [1]    PIE1
0x008C       [0]    PSPIE_bit
0x008C       [0]    ADIE_bit
0x008D       [0]    CMIE_bit
0x008D       [0]    EEIE_bit
0x008D       [0]    CCP2IE_bit
0x008D       [0]    BCLIE_bit
0x008D       [1]    PIE2
0x008E       [0]    NOT_POR_bit
0x008E       [0]    NOT_BO_bit
0x008E       [0]    NOT_BOR_bit
0x008E       [1]    PCON
0x0091       [0]    ACKEN_bit
0x0091       [0]    ACKDT_bit
0x0091       [0]    RCEN_bit
0x0091       [0]    PEN_bit
0x0091       [0]    ACKSTAT_bit
0x0091       [0]    SEN_bit
0x0091       [1]    SSPCON2
0x0091       [0]    GCEN_bit
0x0091       [0]    RSEN_bit
0x0092       [1]    PR2
0x0093       [1]    SSPADD
0x0094       [0]    S_bit
0x0094       [0]    R_bit
0x0094       [0]    I2C_START__bit
0x0094       [0]    DATA_ADDRESS_bit
0x0094       [0]    D_A_bit
0x0094       [0]    I2C_STOP__bit
0x0094       [0]    P_bit
0x0094       [0]    READ_WRITE_bit
0x0094       [0]    UA_bit
0x0094       [0]    BF_bit
0x0094       [0]    R_W_bit
0x0094       [0]    I2C_READ_bit
0x0094       [0]    NOT_W_bit
0x0094       [0]    NOT_WRITE_bit
0x0094       [0]    NOT_ADDRESS_bit
0x0094       [0]    CKE_bit
0x0094       [0]    SMP_bit
0x0094       [1]    SSPSTAT
0x0094       [0]    NOT_A_bit
0x0094       [0]    I2C_DATA_bit
0x0094       [0]    D_bit
0x0098       [0]    TXD8_bit
0x0098       [0]    TX9D_bit
0x0098       [0]    NOT_TX8_bit
0x0098       [1]    TXSTA
0x0098       [0]    TXEN_bit
0x0098       [0]    TX8_9_bit
0x0098       [0]    SYNC_bit
0x0098       [0]    TRMT_bit
0x0098       [0]    BRGH_bit
0x0098       [0]    TX9_bit
0x0098       [0]    CSRC_bit
0x0099       [1]    SPBRG
0x009C       [0]    C1INV_bit
0x009C       [0]    C1OUT_bit
0x009C       [0]    C2INV_bit
0x009C       [0]    CM0_bit
0x009C       [0]    CM1_bit
0x009C       [0]    CIS_bit
0x009C       [0]    CM2_bit
0x009C       [1]    CMCON
0x009C       [0]    C2OUT_bit
0x009D       [0]    CVREN_bit
0x009D       [0]    CVRR_bit
0x009D       [0]    CVR3_bit
0x009D       [0]    CVR2_bit
0x009D       [0]    CVR1_bit
0x009D       [1]    CVRCON
0x009D       [0]    CVROE_bit
0x009D       [0]    CVR0_bit
0x009E       [1]    ADRESL
0x009F       [0]    PCFG3_bit
0x009F       [0]    ADCS2_bit
0x009F       [1]    ADCON1
0x009F       [0]    PCFG0_bit
0x009F       [0]    ADFM_bit
0x009F       [0]    PCFG1_bit
0x009F       [0]    PCFG2_bit
0x010C       [1]    EEDATA
0x010D       [1]    EEADR
0x010E       [1]    EEDATH
0x010F       [1]    EEADRH
0x018C       [0]    EEPGD_bit
0x018C       [0]    WREN_bit
0x018C       [0]    WR_bit
0x018C       [0]    RD_bit
0x018C       [0]    WRERR_bit
0x018C       [1]    EECON1
0x018D       [1]    EECON2
//** Label List: ** 
//----------------------------------------------
  L_main0
  L_main1
  L_main2
  L_main3
  L_main4
  L_main5
  L_main6
  L_main7
  L_main8
  L_main9
  L_main10
  L_main11
  L_main12
  L_main13
  L_main14
  L_main15
  L_main16
  L_main17
  L_main18
  L_main19
  L_main20
  L_main21
  L_main22
  L_main23
  L_main24
  L_main25
  L_display26
  L_display27
  L__main28
  L__main29
  L__main30
  L__main31
  _main
  _display
  L_ADC_Get_Sample0
  L_ADC_Get_Sample1
  L_ADC_Read2
  L_ADC_Read3
  _ADC_Init
  _ADC_Get_Sample
  _ADC_Read
  L_Button0
  L_Button1
  L_Button2
  L_Button3
  _Button
  L__Button4
  L__Button5
  L_Delay_10us0
  L_Delay_22us1
  L_Delay_50us2
  L_Delay_80us3
  L_Delay_500us4
  L_Delay_5500us5
  L_Delay_1ms6
  L_Delay_5ms7
  L_Delay_8ms8
  L_Delay_100ms9
  L_Delay_1sec10
  L_boot16_Delay_5ms11
  L_Delay_Cyc12
  L_Delay_Cyc13
  L_VDelay_ms14
  L_VDelay_ms15
  L_VDelay_ms16
  L_VDelay_Advanced_ms17
  L_VDelay_Advanced_ms18
  L_VDelay_Advanced_ms19
  _Get_Fosc_kHz
  _Delay_1us
  _Delay_10us
  _Delay_22us
  _Delay_50us
  _Delay_80us
  _Delay_500us
  _Delay_5500us
  _Delay_1ms
  _Delay_5ms
  _Delay_8ms
  _Delay_100ms
  _Delay_1sec
  _boot16_Delay_5ms
  _Delay_Cyc
  _VDelay_ms
  L__VDelay_ms20
  L__VDelay_ms21
  L__VDelay_ms22
  _VDelay_Advanced_ms
  L__VDelay_Advanced_ms23
  L__VDelay_Advanced_ms24
  L__VDelay_Advanced_ms25
  L_Div_16x16_S0
  L_Div_16x16_S1
  LOOPS3232A
  SADD22LA
  SOK22LA
  SADD22L8
  SOK22L8
  LOOPS3232B
  SADD22LB
  SOK22LB
  SADD22L16
  SOK22L16
  LOOPS3232C
  SADD22LC
  SOK22LC
  SADD22L24
  SOK22L24
  LOOPS3232D
  SADD22LD
  SOK22LD
  SOK22L
  L_Div_32x32_S6
  L_Div_32x32_S7
  L_Div_32x32_S8
  L_Div_32x32_S9
  FXD3232S
  END_ALL
  CA3232S
  C3232SX
  C3232SX1
  C3232S
  C3232S2
  C3232SX4
  C3232SOK
  C3232SX3
  C3232SX2
  avoid_comfrem
  LOOPU3232A
  UADD22LA
  UOK22LA
  UADD22L8
  UOK22L8
  LOOPU3232B
  UADD22LB
  UOK22LB
  UADD22L16
  UOK22L16
  LOOPU3232C
  UADD22LC
  UOK22LC
  UADD22L24
  UOK22L24
  LOOPU3232D
  UADD22LD
  UOK22LD
  UOK22L
  _NEXT
  _EXIT2
  _LOOP
  _EXIT1
  _IF_FIRST
  _IF_SECOND
  _INVERCE_FIRST
  _MULT
  _INBERSE_SECOND
  _EXIT
  _Mul_8x8_U
  _Mul_16x16_U
  _Div_8x8_U
  _Div_16x16_U
  _Mul_8x8_S
  _Mul_16x16_S
  _Div_16x16_S_L
  _Div_16x16_S
  _Div_8x8_S
  _SDIV3232L
  _COMFREM
  _Div_32x32_S
  _Div_32x32_U
  _Mul_32x32_U
  _Mul_32x32_S
  SETFOV32EEE
  SETFUN32EEE
  NORM3232
  JPNRES032
  JPNSETFUN32
  NORM3232A
  JMPNFIXSIGN32
  NORM32EEE
  NRMRND4032
  NRM4032
  JMPSETFOV32
  NORM4032
  JMPRES032
  JMPSETFUN32
  NORM4032A
  JMPFIXSIGN32
  NRM4032EEE
  USEA32
  JMPEEE
  ALIGNED32
  ALIGNB32
  ALOOPB32
  AOK32
  ACOMP32
  JMPNRMRND4032
  ADD_JMPSETFOV32
  JMPNRM4032
  JMPNRM32
  ADD32EEE
  FPM32
  JPMRES032
  M32BNE0
  MTUN32
  JPMSETFOV32
  MOK32
  JPMSETFUN32
  MLOOP32
  MNOADD32
  MADD32
  MROUND32
  MUL32OK
  MUL32EEE
  L_Div_32x32_FP7
  L_Div_32x32_FP8
  L_Div_32x32_FP9
  L_Div_32x32_FP10
  FPD32
  JPDSETFDZ32
  JPDRES032
  D32BNE0
  TALIGN32
  TS1ALIGN32
  TS2ALIGN32
  DALIGN32OK
  ALTB32
  AGEB32
  JPDSETFOV32
  DARGOK32
  JPDSETFUN32
  DLOOP32
  DS132
  DS232
  DREST32
  DOK32
  DAREST32
  DROUND32
  DIV32OK
  DIV32EEE
  SETIOV3224EEE
  INT3232U
  INT3232UEOK
  SETEXP32U
  SETIOV32U
  TSHIFT3232U
  SHIFT3232UOK
  SHIFT3232U
  INT3232UOK
  JPLSETIOV3224
  IRES032U
  INT3232UEER
  INT3232UEEE
  L_Double2Longword_0
  INT3232
  INT3232EOK
  SETIOV32
  TSHIFT3232
  SHIFT3232OK
  SHIFT3232
  INT3232OK
  JPISETIOV3224
  IRES032
  INT3232EER
  INT3232EEE
  L_Double2Longint_0
  INT3216
  IRES016
  SETIOV16
  TSHIFT3216
  SHIFT3216OK
  SHIFT3216
  INT3216OK
  JPJSETIOV3224
  INT3216EOK
  INT3216EER
  INT3216EEE
  L_Double2Int_0
  INT3216U
  IRES016U
  SETEXP16U
  SETIOV16U
  TSHIFT3216U
  SHIFT3216UOK
  SHIFT3216U
  INT3216UOK
  JPKSETIOV3224
  INT3216UEOK
  INT3216UEER
  INT3216UEEE
  L_Double2Word_0
  INT32U08
  IRES008
  SETEXP08
  SETIOV08
  TSHIFT3208
  SHIFT3208OK
  SHIFT3208
  INT3208OK
  D2B_JPKSETIOV3224
  INT3208EOK
  INT3208EER
  INT3208EEE
  L_Double2Byte_0
  FLO08U32
  FLO1632
  FLO1632EEE
  FLO16U32
  FLO3232
  FLO3232EEE
  FLO32U32
  EQU_FALSE
  COMPARE_EQU
  COMPARE_NOTZERO
  COMPARE_XNOTZERO
  COMPARE_YNOTZERO
  COMPARE_LT
  COMPARE_GT
  COMPARE_TESTALL
  COMPARE_C1
  GT_FALSE
  GT_TRUE
  COMPARE_C2
  COMPARE_C3
  _SETFOV32
  _SETFDZ32
  _FIXSIGN32
  _RES032
  _SETFUN32
  _NRM3232
  _NRM4032
  _Add_32x32_FP
  _Sub_32x32_FP
  _Mul_32x32_FP
  _Div_32x32_FP
  _SETIOV3224
  _Double2Longword
  _Double2Longint
  _Double2Int
  _Double2Word
  _Double2Byte
  _Byte2Double
  _Int2Double
  _Word2Double
  _Longint2Double
  _Longword2Double
  _Equals_Double
  _Compare_Double
  _CC2D_Loop1
  _____DoICP
  _____DoIFC
  ___CC2DW
  _Swap
