;  LST file generated by mikroListExporter - v.2.0 
; Date/Time: 16/06/2023 18:46:46
;----------------------------------------------

;Address Opcode 	ASM
0x0000	0x2940      	GOTO       320
_interrupt:
0x0004	0x00FF      	MOVWF      R15
0x0005	0x0E03      	SWAPF      STATUS, 0
0x0006	0x0183      	CLRF       STATUS
0x0007	0x00CC      	MOVWF      ___saveSTATUS
0x0008	0x080A      	MOVF       PCLATH, 0
0x0009	0x00CD      	MOVWF      ___savePCLATH
0x000A	0x018A      	CLRF       PCLATH
0x000B	0x0870      	MOVF       R0, 0
0x000C	0x00A0      	MOVWF      32
;aula052.c,135 :: 		void interrupt(){
;aula052.c,137 :: 		if(T0IF_bit){ // houve estouro do TMR0?
0x000D	0x1D0B      	BTFSS      T0IF_bit, 2
0x000E	0x2821      	GOTO       L_interrupt5
;aula052.c,139 :: 		T0IF_bit = 0x00;                    // limpa a flag
0x000F	0x110B      	BCF        T0IF_bit, 2
;aula052.c,140 :: 		TMR0 = 0x06;                        // reincia TMR0
0x0010	0x3006      	MOVLW      6
0x0011	0x0081      	MOVWF      TMR0
;aula052.c,141 :: 		counter0++;                         // incrementa counter 0
0x0012	0x0AA5      	INCF       _counter0, 1
0x0013	0x1903      	BTFSC      STATUS, 2
0x0014	0x0AA6      	INCF       _counter0+1, 1
;aula052.c,142 :: 		if(counter0 == 500){                // counter igual a 500? 500*1ms = 500ms
0x0015	0x0826      	MOVF       _counter0+1, 0
0x0016	0x3A01      	XORLW      1
0x0017	0x1D03      	BTFSS      STATUS, 2
0x0018	0x281B      	GOTO       L__interrupt10
0x0019	0x30F4      	MOVLW      244
0x001A	0x0625      	XORWF      _counter0, 0
L__interrupt10:
0x001B	0x1D03      	BTFSS      STATUS, 2
0x001C	0x2821      	GOTO       L_interrupt6
;aula052.c,144 :: 		counter0 = 0x00;                  // reincia counter 0
0x001D	0x01A5      	CLRF       _counter0
0x001E	0x01A6      	CLRF       _counter0+1
;aula052.c,145 :: 		backlight = ~backlight;           // inverte estado do backlight
0x001F	0x3004      	MOVLW      4
0x0020	0x0686      	XORWF      RB2_bit, 1
;aula052.c,146 :: 		}
L_interrupt6:
;aula052.c,147 :: 		}
L_interrupt5:
;aula052.c,149 :: 		if(TMR1IF_bit){ // houve estouro do TMR1?
0x0021	0x1C0C      	BTFSS      TMR1IF_bit, 0
0x0022	0x2839      	GOTO       L_interrupt7
;aula052.c,151 :: 		TMR1IF_bit = 0x00;                  // limpa a flag
0x0023	0x100C      	BCF        TMR1IF_bit, 0
;aula052.c,152 :: 		TMR1L = 255;                        // reincia TMR1
0x0024	0x30FF      	MOVLW      255
0x0025	0x008E      	MOVWF      TMR1L
;aula052.c,153 :: 		TMR1H = 206;
0x0026	0x30CE      	MOVLW      206
0x0027	0x008F      	MOVWF      TMR1H
;aula052.c,154 :: 		counter1++;                         // incrementa counter 1
0x0028	0x0AA3      	INCF       _counter1, 1
0x0029	0x1903      	BTFSC      STATUS, 2
0x002A	0x0AA4      	INCF       _counter1+1, 1
;aula052.c,155 :: 		if(counter1 == 10){                 // counter igual a 10? 10*100ms = 1s
0x002B	0x3000      	MOVLW      0
0x002C	0x0624      	XORWF      _counter1+1, 0
0x002D	0x1D03      	BTFSS      STATUS, 2
0x002E	0x2831      	GOTO       L__interrupt11
0x002F	0x300A      	MOVLW      10
0x0030	0x0623      	XORWF      _counter1, 0
L__interrupt11:
0x0031	0x1D03      	BTFSS      STATUS, 2
0x0032	0x2839      	GOTO       L_interrupt8
;aula052.c,157 :: 		counter1 = 0x00;                  // reincia counter 1
0x0033	0x01A3      	CLRF       _counter1
0x0034	0x01A4      	CLRF       _counter1+1
;aula052.c,158 :: 		change = ~change;                 // inverte variável de controle de mensagens
0x0035	0x3002      	MOVLW      2
0x0036	0x06C9      	XORWF      _change, 1
;aula052.c,159 :: 		RB3_bit = ~RB3_bit;               // inverte estado do pino RB3
0x0037	0x3008      	MOVLW      8
0x0038	0x0686      	XORWF      RB3_bit, 1
;aula052.c,160 :: 		}
L_interrupt8:
;aula052.c,161 :: 		}
L_interrupt7:
;aula052.c,163 :: 		}
L__interrupt9:
0x0039	0x0820      	MOVF       32, 0
0x003A	0x00F0      	MOVWF      R0
0x003B	0x084D      	MOVF       ___savePCLATH, 0
0x003C	0x008A      	MOVWF      PCLATH
0x003D	0x0E4C      	SWAPF      ___saveSTATUS, 0
0x003E	0x0083      	MOVWF      STATUS
0x003F	0x0EFF      	SWAPF      R15, 1
0x0040	0x0E7F      	SWAPF      R15, 0
0x0041	0x0009      	RETFIE
; end of _interrupt
_Delay_50us:
;__Lib_Delays.c,19 :: 		void Delay_50us() {
;__Lib_Delays.c,20 :: 		Delay_us(50);
0x0042	0x3010      	MOVLW      16
0x0043	0x1283      	BCF        STATUS, 5
0x0044	0x1303      	BCF        STATUS, 6
0x0045	0x00FD      	MOVWF      R13
L_Delay_50us2:
0x0046	0x0BFD      	DECFSZ     R13, 1
0x0047	0x2846      	GOTO       L_Delay_50us2
0x0048	0x0000      	NOP
;__Lib_Delays.c,21 :: 		}
0x0049	0x0008      	RETURN
; end of _Delay_50us
_Delay_5500us:
;__Lib_Delays.c,31 :: 		void Delay_5500us() {
;__Lib_Delays.c,32 :: 		Delay_us(5500);
0x004A	0x3008      	MOVLW      8
0x004B	0x1283      	BCF        STATUS, 5
0x004C	0x1303      	BCF        STATUS, 6
0x004D	0x00FC      	MOVWF      R12
0x004E	0x3023      	MOVLW      35
0x004F	0x00FD      	MOVWF      R13
L_Delay_5500us5:
0x0050	0x0BFD      	DECFSZ     R13, 1
0x0051	0x2850      	GOTO       L_Delay_5500us5
0x0052	0x0BFC      	DECFSZ     R12, 1
0x0053	0x2850      	GOTO       L_Delay_5500us5
;__Lib_Delays.c,33 :: 		}
0x0054	0x0008      	RETURN
; end of _Delay_5500us
_Delay_1us:
;__Lib_Delays.c,7 :: 		void Delay_1us() {
;__Lib_Delays.c,8 :: 		Delay_us(1);
0x0055	0x0000      	NOP
;__Lib_Delays.c,9 :: 		}
0x0056	0x0008      	RETURN
; end of _Delay_1us
_Lcd_Cmd:
;__Lib_Lcd.c,18 :: 		
;__Lib_Lcd.c,20 :: 		
0x0057	0x1283      	BCF        STATUS, 5
0x0058	0x1303      	BCF        STATUS, 6
0x0059	0x1BD3      	BTFSC      FARG_Lcd_Cmd_out_char, 7
0x005A	0x285D      	GOTO       L__Lcd_Cmd20
0x005B	0x1386      	BCF        LCD_D7, BitPos(LCD_D7+0)
0x005C	0x285E      	GOTO       L__Lcd_Cmd21
L__Lcd_Cmd20:
0x005D	0x1786      	BSF        LCD_D7, BitPos(LCD_D7+0)
L__Lcd_Cmd21:
;__Lib_Lcd.c,21 :: 		
0x005E	0x1B53      	BTFSC      FARG_Lcd_Cmd_out_char, 6
0x005F	0x2862      	GOTO       L__Lcd_Cmd22
0x0060	0x1306      	BCF        LCD_D6, BitPos(LCD_D6+0)
0x0061	0x2863      	GOTO       L__Lcd_Cmd23
L__Lcd_Cmd22:
0x0062	0x1706      	BSF        LCD_D6, BitPos(LCD_D6+0)
L__Lcd_Cmd23:
;__Lib_Lcd.c,22 :: 		
0x0063	0x1AD3      	BTFSC      FARG_Lcd_Cmd_out_char, 5
0x0064	0x2867      	GOTO       L__Lcd_Cmd24
0x0065	0x1286      	BCF        LCD_D5, BitPos(LCD_D5+0)
0x0066	0x2868      	GOTO       L__Lcd_Cmd25
L__Lcd_Cmd24:
0x0067	0x1686      	BSF        LCD_D5, BitPos(LCD_D5+0)
L__Lcd_Cmd25:
;__Lib_Lcd.c,23 :: 		
0x0068	0x1A53      	BTFSC      FARG_Lcd_Cmd_out_char, 4
0x0069	0x286C      	GOTO       L__Lcd_Cmd26
0x006A	0x1206      	BCF        LCD_D4, BitPos(LCD_D4+0)
0x006B	0x286D      	GOTO       L__Lcd_Cmd27
L__Lcd_Cmd26:
0x006C	0x1606      	BSF        LCD_D4, BitPos(LCD_D4+0)
L__Lcd_Cmd27:
;__Lib_Lcd.c,25 :: 		
0x006D	0x1849      	BTFSC      __Lib_Lcd_cmd_status, BitPos(__Lib_Lcd_cmd_status+0)
0x006E	0x2871      	GOTO       L__Lcd_Cmd28
0x006F	0x1406      	BSF        LCD_RS, BitPos(LCD_RS+0)
0x0070	0x2872      	GOTO       L__Lcd_Cmd29
L__Lcd_Cmd28:
0x0071	0x1006      	BCF        LCD_RS, BitPos(LCD_RS+0)
L__Lcd_Cmd29:
;__Lib_Lcd.c,28 :: 		
0x0072	0x1486      	BSF        LCD_EN, BitPos(LCD_EN+0)
;__Lib_Lcd.c,29 :: 		
0x0073	0x2055      	CALL       _Delay_1us
;__Lib_Lcd.c,30 :: 		
0x0074	0x1086      	BCF        LCD_EN, BitPos(LCD_EN+0)
;__Lib_Lcd.c,33 :: 		
0x0075	0x19D3      	BTFSC      FARG_Lcd_Cmd_out_char, 3
0x0076	0x2879      	GOTO       L__Lcd_Cmd30
0x0077	0x1386      	BCF        LCD_D7, BitPos(LCD_D7+0)
0x0078	0x287A      	GOTO       L__Lcd_Cmd31
L__Lcd_Cmd30:
0x0079	0x1786      	BSF        LCD_D7, BitPos(LCD_D7+0)
L__Lcd_Cmd31:
;__Lib_Lcd.c,34 :: 		
0x007A	0x1953      	BTFSC      FARG_Lcd_Cmd_out_char, 2
0x007B	0x287E      	GOTO       L__Lcd_Cmd32
0x007C	0x1306      	BCF        LCD_D6, BitPos(LCD_D6+0)
0x007D	0x287F      	GOTO       L__Lcd_Cmd33
L__Lcd_Cmd32:
0x007E	0x1706      	BSF        LCD_D6, BitPos(LCD_D6+0)
L__Lcd_Cmd33:
;__Lib_Lcd.c,35 :: 		
0x007F	0x18D3      	BTFSC      FARG_Lcd_Cmd_out_char, 1
0x0080	0x2883      	GOTO       L__Lcd_Cmd34
0x0081	0x1286      	BCF        LCD_D5, BitPos(LCD_D5+0)
0x0082	0x2884      	GOTO       L__Lcd_Cmd35
L__Lcd_Cmd34:
0x0083	0x1686      	BSF        LCD_D5, BitPos(LCD_D5+0)
L__Lcd_Cmd35:
;__Lib_Lcd.c,36 :: 		
0x0084	0x1853      	BTFSC      FARG_Lcd_Cmd_out_char, 0
0x0085	0x2888      	GOTO       L__Lcd_Cmd36
0x0086	0x1206      	BCF        LCD_D4, BitPos(LCD_D4+0)
0x0087	0x2889      	GOTO       L__Lcd_Cmd37
L__Lcd_Cmd36:
0x0088	0x1606      	BSF        LCD_D4, BitPos(LCD_D4+0)
L__Lcd_Cmd37:
;__Lib_Lcd.c,38 :: 		
0x0089	0x1849      	BTFSC      __Lib_Lcd_cmd_status, BitPos(__Lib_Lcd_cmd_status+0)
0x008A	0x288D      	GOTO       L__Lcd_Cmd38
0x008B	0x1406      	BSF        LCD_RS, BitPos(LCD_RS+0)
0x008C	0x288E      	GOTO       L__Lcd_Cmd39
L__Lcd_Cmd38:
0x008D	0x1006      	BCF        LCD_RS, BitPos(LCD_RS+0)
L__Lcd_Cmd39:
;__Lib_Lcd.c,40 :: 		
0x008E	0x1486      	BSF        LCD_EN, BitPos(LCD_EN+0)
;__Lib_Lcd.c,41 :: 		
0x008F	0x2055      	CALL       _Delay_1us
;__Lib_Lcd.c,42 :: 		
0x0090	0x1086      	BCF        LCD_EN, BitPos(LCD_EN+0)
;__Lib_Lcd.c,44 :: 		
0x0091	0x1C49      	BTFSS      __Lib_Lcd_cmd_status, BitPos(__Lib_Lcd_cmd_status+0)
0x0092	0x2895      	GOTO       L_Lcd_Cmd0
;__Lib_Lcd.c,45 :: 		
0x0093	0x204A      	CALL       _Delay_5500us
0x0094	0x2896      	GOTO       L_Lcd_Cmd1
L_Lcd_Cmd0:
;__Lib_Lcd.c,47 :: 		
0x0095	0x2042      	CALL       _Delay_50us
L_Lcd_Cmd1:
;__Lib_Lcd.c,48 :: 		
0x0096	0x0008      	RETURN
; end of _Lcd_Cmd
_____DoICP:
;__Lib_System.c,6 :: 		
;__Lib_System.c,9 :: 		
0x0097	0x1283      	BCF        STATUS, 5
0x0098	0x1303      	BCF        STATUS, 6
0x0099	0x084B      	MOVF       ___DoICPAddr+1, 0
0x009A	0x008A      	MOVWF      PCLATH
;__Lib_System.c,10 :: 		
0x009B	0x084A      	MOVF       ___DoICPAddr, 0
0x009C	0x0082      	MOVWF      PCL
;__Lib_System.c,12 :: 		
0x009D	0x0008      	RETURN
; end of _____DoICP
_Lcd_Chr_CP:
;__Lib_Lcd.c,50 :: 		
;__Lib_Lcd.c,52 :: 		
0x009E	0x1283      	BCF        STATUS, 5
0x009F	0x1303      	BCF        STATUS, 6
0x00A0	0x1049      	BCF        __Lib_Lcd_cmd_status, BitPos(__Lib_Lcd_cmd_status+0)
;__Lib_Lcd.c,53 :: 		
0x00A1	0x0852      	MOVF       FARG_Lcd_Chr_CP_out_char, 0
0x00A2	0x00D3      	MOVWF      FARG_Lcd_Cmd_out_char
0x00A3	0x2057      	CALL       _Lcd_Cmd
;__Lib_Lcd.c,54 :: 		
0x00A4	0x1449      	BSF        __Lib_Lcd_cmd_status, BitPos(__Lib_Lcd_cmd_status+0)
;__Lib_Lcd.c,55 :: 		
0x00A5	0x0008      	RETURN
; end of _Lcd_Chr_CP
_Lcd_Init:
;__Lib_Lcd.c,84 :: 		
;__Lib_Lcd.c,86 :: 		
0x00A6	0x1683      	BSF        STATUS, 5
0x00A7	0x1303      	BCF        STATUS, 6
0x00A8	0x1086      	BCF        LCD_EN_Direction, BitPos(LCD_EN_Direction+0)
;__Lib_Lcd.c,87 :: 		
0x00A9	0x1006      	BCF        LCD_RS_Direction, BitPos(LCD_RS_Direction+0)
;__Lib_Lcd.c,88 :: 		
0x00AA	0x1206      	BCF        LCD_D4_Direction, BitPos(LCD_D4_Direction+0)
;__Lib_Lcd.c,89 :: 		
0x00AB	0x1286      	BCF        LCD_D5_Direction, BitPos(LCD_D5_Direction+0)
;__Lib_Lcd.c,90 :: 		
0x00AC	0x1306      	BCF        LCD_D6_Direction, BitPos(LCD_D6_Direction+0)
;__Lib_Lcd.c,91 :: 		
0x00AD	0x1386      	BCF        LCD_D7_Direction, BitPos(LCD_D7_Direction+0)
;__Lib_Lcd.c,93 :: 		
0x00AE	0x1283      	BCF        STATUS, 5
0x00AF	0x1086      	BCF        LCD_EN, BitPos(LCD_EN+0)
;__Lib_Lcd.c,94 :: 		
0x00B0	0x1006      	BCF        LCD_RS, BitPos(LCD_RS+0)
;__Lib_Lcd.c,95 :: 		
0x00B1	0x1386      	BCF        LCD_D7, BitPos(LCD_D7+0)
;__Lib_Lcd.c,96 :: 		
0x00B2	0x1306      	BCF        LCD_D6, BitPos(LCD_D6+0)
;__Lib_Lcd.c,97 :: 		
0x00B3	0x1286      	BCF        LCD_D5, BitPos(LCD_D5+0)
;__Lib_Lcd.c,98 :: 		
0x00B4	0x1206      	BCF        LCD_D4, BitPos(LCD_D4+0)
;__Lib_Lcd.c,100 :: 		
0x00B5	0x204A      	CALL       _Delay_5500us
;__Lib_Lcd.c,101 :: 		
0x00B6	0x204A      	CALL       _Delay_5500us
;__Lib_Lcd.c,102 :: 		
0x00B7	0x204A      	CALL       _Delay_5500us
;__Lib_Lcd.c,105 :: 		
0x00B8	0x1686      	BSF        LCD_D5, BitPos(LCD_D5+0)
;__Lib_Lcd.c,106 :: 		
0x00B9	0x1606      	BSF        LCD_D4, BitPos(LCD_D4+0)
;__Lib_Lcd.c,107 :: 		
0x00BA	0x1486      	BSF        LCD_EN, BitPos(LCD_EN+0)
;__Lib_Lcd.c,108 :: 		
0x00BB	0x2055      	CALL       _Delay_1us
;__Lib_Lcd.c,109 :: 		
0x00BC	0x1086      	BCF        LCD_EN, BitPos(LCD_EN+0)
;__Lib_Lcd.c,110 :: 		
0x00BD	0x204A      	CALL       _Delay_5500us
;__Lib_Lcd.c,112 :: 		
0x00BE	0x1486      	BSF        LCD_EN, BitPos(LCD_EN+0)
;__Lib_Lcd.c,113 :: 		
0x00BF	0x2055      	CALL       _Delay_1us
;__Lib_Lcd.c,114 :: 		
0x00C0	0x1086      	BCF        LCD_EN, BitPos(LCD_EN+0)
;__Lib_Lcd.c,115 :: 		
0x00C1	0x204A      	CALL       _Delay_5500us
;__Lib_Lcd.c,117 :: 		
0x00C2	0x1486      	BSF        LCD_EN, BitPos(LCD_EN+0)
;__Lib_Lcd.c,118 :: 		
0x00C3	0x2055      	CALL       _Delay_1us
;__Lib_Lcd.c,119 :: 		
0x00C4	0x1086      	BCF        LCD_EN, BitPos(LCD_EN+0)
;__Lib_Lcd.c,120 :: 		
0x00C5	0x204A      	CALL       _Delay_5500us
;__Lib_Lcd.c,123 :: 		
0x00C6	0x1206      	BCF        LCD_D4, BitPos(LCD_D4+0)
;__Lib_Lcd.c,124 :: 		
0x00C7	0x1486      	BSF        LCD_EN, BitPos(LCD_EN+0)
;__Lib_Lcd.c,125 :: 		
0x00C8	0x2055      	CALL       _Delay_1us
;__Lib_Lcd.c,126 :: 		
0x00C9	0x1086      	BCF        LCD_EN, BitPos(LCD_EN+0)
;__Lib_Lcd.c,127 :: 		
0x00CA	0x204A      	CALL       _Delay_5500us
;__Lib_Lcd.c,130 :: 		
0x00CB	0x1486      	BSF        LCD_EN, BitPos(LCD_EN+0)
;__Lib_Lcd.c,131 :: 		
0x00CC	0x2055      	CALL       _Delay_1us
;__Lib_Lcd.c,132 :: 		
0x00CD	0x1086      	BCF        LCD_EN, BitPos(LCD_EN+0)
;__Lib_Lcd.c,134 :: 		
0x00CE	0x1286      	BCF        LCD_D5, BitPos(LCD_D5+0)
;__Lib_Lcd.c,135 :: 		
0x00CF	0x1786      	BSF        LCD_D7, BitPos(LCD_D7+0)
;__Lib_Lcd.c,136 :: 		
0x00D0	0x1486      	BSF        LCD_EN, BitPos(LCD_EN+0)
;__Lib_Lcd.c,137 :: 		
0x00D1	0x2055      	CALL       _Delay_1us
;__Lib_Lcd.c,138 :: 		
0x00D2	0x1086      	BCF        LCD_EN, BitPos(LCD_EN+0)
;__Lib_Lcd.c,139 :: 		
0x00D3	0x204A      	CALL       _Delay_5500us
;__Lib_Lcd.c,142 :: 		
0x00D4	0x1386      	BCF        LCD_D7, BitPos(LCD_D7+0)
;__Lib_Lcd.c,143 :: 		
0x00D5	0x1606      	BSF        LCD_D4, BitPos(LCD_D4+0)
;__Lib_Lcd.c,144 :: 		
0x00D6	0x1486      	BSF        LCD_EN, BitPos(LCD_EN+0)
;__Lib_Lcd.c,145 :: 		
0x00D7	0x2055      	CALL       _Delay_1us
;__Lib_Lcd.c,146 :: 		
0x00D8	0x1086      	BCF        LCD_EN, BitPos(LCD_EN+0)
;__Lib_Lcd.c,148 :: 		
0x00D9	0x1206      	BCF        LCD_D4, BitPos(LCD_D4+0)
;__Lib_Lcd.c,149 :: 		
0x00DA	0x1486      	BSF        LCD_EN, BitPos(LCD_EN+0)
;__Lib_Lcd.c,150 :: 		
0x00DB	0x2055      	CALL       _Delay_1us
;__Lib_Lcd.c,151 :: 		
0x00DC	0x1086      	BCF        LCD_EN, BitPos(LCD_EN+0)
;__Lib_Lcd.c,152 :: 		
0x00DD	0x204A      	CALL       _Delay_5500us
;__Lib_Lcd.c,155 :: 		
0x00DE	0x1486      	BSF        LCD_EN, BitPos(LCD_EN+0)
;__Lib_Lcd.c,156 :: 		
0x00DF	0x2055      	CALL       _Delay_1us
;__Lib_Lcd.c,157 :: 		
0x00E0	0x1086      	BCF        LCD_EN, BitPos(LCD_EN+0)
;__Lib_Lcd.c,159 :: 		
0x00E1	0x1606      	BSF        LCD_D4, BitPos(LCD_D4+0)
;__Lib_Lcd.c,160 :: 		
0x00E2	0x1486      	BSF        LCD_EN, BitPos(LCD_EN+0)
;__Lib_Lcd.c,161 :: 		
0x00E3	0x2055      	CALL       _Delay_1us
;__Lib_Lcd.c,162 :: 		
0x00E4	0x1086      	BCF        LCD_EN, BitPos(LCD_EN+0)
;__Lib_Lcd.c,163 :: 		
0x00E5	0x204A      	CALL       _Delay_5500us
;__Lib_Lcd.c,166 :: 		
0x00E6	0x1206      	BCF        LCD_D4, BitPos(LCD_D4+0)
;__Lib_Lcd.c,167 :: 		
0x00E7	0x1486      	BSF        LCD_EN, BitPos(LCD_EN+0)
;__Lib_Lcd.c,168 :: 		
0x00E8	0x2055      	CALL       _Delay_1us
;__Lib_Lcd.c,169 :: 		
0x00E9	0x1086      	BCF        LCD_EN, BitPos(LCD_EN+0)
;__Lib_Lcd.c,171 :: 		
0x00EA	0x1786      	BSF        LCD_D7, BitPos(LCD_D7+0)
;__Lib_Lcd.c,172 :: 		
0x00EB	0x1706      	BSF        LCD_D6, BitPos(LCD_D6+0)
;__Lib_Lcd.c,173 :: 		
0x00EC	0x1686      	BSF        LCD_D5, BitPos(LCD_D5+0)
;__Lib_Lcd.c,174 :: 		
0x00ED	0x1606      	BSF        LCD_D4, BitPos(LCD_D4+0)
;__Lib_Lcd.c,175 :: 		
0x00EE	0x1486      	BSF        LCD_EN, BitPos(LCD_EN+0)
;__Lib_Lcd.c,176 :: 		
0x00EF	0x2055      	CALL       _Delay_1us
;__Lib_Lcd.c,177 :: 		
0x00F0	0x1086      	BCF        LCD_EN, BitPos(LCD_EN+0)
;__Lib_Lcd.c,179 :: 		
0x00F1	0x204A      	CALL       _Delay_5500us
;__Lib_Lcd.c,181 :: 		
0x00F2	0x1449      	BSF        __Lib_Lcd_cmd_status, BitPos(__Lib_Lcd_cmd_status+0)
;__Lib_Lcd.c,182 :: 		
0x00F3	0x0008      	RETURN
; end of _Lcd_Init
_Lcd_Out:
;__Lib_Lcd.c,184 :: 		
;__Lib_Lcd.c,187 :: 		
0x00F4	0x2906      	GOTO       L_Lcd_Out11
;__Lib_Lcd.c,188 :: 		
L_Lcd_Out13:
0x00F5	0x3080      	MOVLW      128
0x00F6	0x1283      	BCF        STATUS, 5
0x00F7	0x1303      	BCF        STATUS, 6
0x00F8	0x00CE      	MOVWF      FARG_Lcd_Out_row
0x00F9	0x2919      	GOTO       L_Lcd_Out12
;__Lib_Lcd.c,189 :: 		
L_Lcd_Out14:
0x00FA	0x30C0      	MOVLW      192
0x00FB	0x00CE      	MOVWF      FARG_Lcd_Out_row
0x00FC	0x2919      	GOTO       L_Lcd_Out12
;__Lib_Lcd.c,190 :: 		
L_Lcd_Out15:
0x00FD	0x3094      	MOVLW      148
0x00FE	0x00CE      	MOVWF      FARG_Lcd_Out_row
0x00FF	0x2919      	GOTO       L_Lcd_Out12
;__Lib_Lcd.c,191 :: 		
L_Lcd_Out16:
0x0100	0x30D4      	MOVLW      212
0x0101	0x00CE      	MOVWF      FARG_Lcd_Out_row
0x0102	0x2919      	GOTO       L_Lcd_Out12
;__Lib_Lcd.c,192 :: 		
L_Lcd_Out17:
0x0103	0x3080      	MOVLW      128
0x0104	0x00CE      	MOVWF      FARG_Lcd_Out_row
;__Lib_Lcd.c,193 :: 		
0x0105	0x2919      	GOTO       L_Lcd_Out12
L_Lcd_Out11:
0x0106	0x1283      	BCF        STATUS, 5
0x0107	0x1303      	BCF        STATUS, 6
0x0108	0x084E      	MOVF       FARG_Lcd_Out_row, 0
0x0109	0x3A01      	XORLW      1
0x010A	0x1903      	BTFSC      STATUS, 2
0x010B	0x28F5      	GOTO       L_Lcd_Out13
0x010C	0x084E      	MOVF       FARG_Lcd_Out_row, 0
0x010D	0x3A02      	XORLW      2
0x010E	0x1903      	BTFSC      STATUS, 2
0x010F	0x28FA      	GOTO       L_Lcd_Out14
0x0110	0x084E      	MOVF       FARG_Lcd_Out_row, 0
0x0111	0x3A03      	XORLW      3
0x0112	0x1903      	BTFSC      STATUS, 2
0x0113	0x28FD      	GOTO       L_Lcd_Out15
0x0114	0x084E      	MOVF       FARG_Lcd_Out_row, 0
0x0115	0x3A04      	XORLW      4
0x0116	0x1903      	BTFSC      STATUS, 2
0x0117	0x2900      	GOTO       L_Lcd_Out16
0x0118	0x2903      	GOTO       L_Lcd_Out17
L_Lcd_Out12:
;__Lib_Lcd.c,194 :: 		
0x0119	0x034F      	DECF       FARG_Lcd_Out_column, 0
0x011A	0x00F0      	MOVWF      R0
0x011B	0x084E      	MOVF       FARG_Lcd_Out_row, 0
0x011C	0x07F0      	ADDWF      R0, 1
0x011D	0x0870      	MOVF       R0, 0
0x011E	0x00CE      	MOVWF      FARG_Lcd_Out_row
;__Lib_Lcd.c,196 :: 		
0x011F	0x0870      	MOVF       R0, 0
0x0120	0x00D3      	MOVWF      FARG_Lcd_Cmd_out_char
0x0121	0x2057      	CALL       _Lcd_Cmd
;__Lib_Lcd.c,197 :: 		
0x0122	0x1049      	BCF        __Lib_Lcd_cmd_status, BitPos(__Lib_Lcd_cmd_status+0)
;__Lib_Lcd.c,198 :: 		
0x0123	0x01D1      	CLRF       Lcd_Out_i_L0
;__Lib_Lcd.c,199 :: 		
L_Lcd_Out18:
0x0124	0x0851      	MOVF       Lcd_Out_i_L0, 0
0x0125	0x0750      	ADDWF      FARG_Lcd_Out_text, 0
0x0126	0x0084      	MOVWF      FSR
0x0127	0x0800      	MOVF       INDF, 0
0x0128	0x1903      	BTFSC      STATUS, 2
0x0129	0x2932      	GOTO       L_Lcd_Out19
;__Lib_Lcd.c,200 :: 		
0x012A	0x0851      	MOVF       Lcd_Out_i_L0, 0
0x012B	0x0750      	ADDWF      FARG_Lcd_Out_text, 0
0x012C	0x0084      	MOVWF      FSR
0x012D	0x0800      	MOVF       INDF, 0
0x012E	0x00D2      	MOVWF      FARG_Lcd_Chr_CP_out_char
0x012F	0x209E      	CALL       _Lcd_Chr_CP
0x0130	0x0AD1      	INCF       Lcd_Out_i_L0, 1
0x0131	0x2924      	GOTO       L_Lcd_Out18
L_Lcd_Out19:
;__Lib_Lcd.c,201 :: 		
0x0132	0x1449      	BSF        __Lib_Lcd_cmd_status, BitPos(__Lib_Lcd_cmd_status+0)
;__Lib_Lcd.c,202 :: 		
0x0133	0x0008      	RETURN
; end of _Lcd_Out
___CC2DW:
;__Lib_System.c,24 :: 		
;__Lib_System.c,27 :: 		
_CC2D_Loop1:
;__Lib_System.c,29 :: 		
0x0134	0x2097      	CALL       _____DoICP
0x0135	0x118A      	BCF        PCLATH, 3
0x0136	0x120A      	BCF        PCLATH, 4
;__Lib_System.c,31 :: 		
0x0137	0x0080      	MOVWF      INDF
;__Lib_System.c,32 :: 		
0x0138	0x0A84      	INCF       FSR, 1
;__Lib_System.c,33 :: 		
0x0139	0x0ACA      	INCF       ___DoICPAddr, 1
;__Lib_System.c,35 :: 		
0x013A	0x1903      	BTFSC      STATUS, 2
;__Lib_System.c,36 :: 		
0x013B	0x0ACB      	INCF       ___DoICPAddr+1, 1
;__Lib_System.c,37 :: 		
0x013C	0x03F0      	DECF       R0, 1
;__Lib_System.c,39 :: 		
0x013D	0x1D03      	BTFSS      STATUS, 2
;__Lib_System.c,40 :: 		
0x013E	0x2934      	GOTO       _CC2D_Loop1
;__Lib_System.c,42 :: 		
0x013F	0x0008      	RETURN
; end of ___CC2DW
_main:
0x0140	0x21BE      	CALL       446
;aula052.c,98 :: 		void main() {
;aula052.c,100 :: 		CMCON = 0X07;                // desabilita compardores internos
0x0141	0x3007      	MOVLW      7
0x0142	0x1283      	BCF        STATUS, 5
0x0143	0x1303      	BCF        STATUS, 6
0x0144	0x009F      	MOVWF      CMCON
;aula052.c,101 :: 		T1CON = 0X31;                // habilita contagem do Timer 1, com prescaler 1:8
0x0145	0x3031      	MOVLW      49
0x0146	0x0090      	MOVWF      T1CON
;aula052.c,102 :: 		OPTION_REG = 0x81;            // Pull-ups desabilitados, Prescaler 1:4 associado ao TIMER 0
0x0147	0x3081      	MOVLW      129
0x0148	0x1683      	BSF        STATUS, 5
0x0149	0x0081      	MOVWF      OPTION_REG
;aula052.c,103 :: 		GIE_bit = 0x01;              // habilita interrupção global
0x014A	0x178B      	BSF        GIE_bit, 7
;aula052.c,104 :: 		PEIE_bit = 0x01;             // habilita interrupção por periféricos
0x014B	0x170B      	BSF        PEIE_bit, 6
;aula052.c,105 :: 		T0IE_bit = 0x01;             // habilita interrupção por TIMER 0
0x014C	0x168B      	BSF        T0IE_bit, 5
;aula052.c,106 :: 		TMR1IE_bit = 0x01;           // habilita interrupção por TIMER 1, registrador PIE1 e PIR1 (TMRIF_bit)
0x014D	0x140C      	BSF        TMR1IE_bit, 0
;aula052.c,108 :: 		TMR0 = 0X06;                 // inicializa TMR0
0x014E	0x3006      	MOVLW      6
0x014F	0x1283      	BCF        STATUS, 5
0x0150	0x0081      	MOVWF      TMR0
;aula052.c,109 :: 		TMR1L = 255;                 // inicializa TMR1L
0x0151	0x30FF      	MOVLW      255
0x0152	0x008E      	MOVWF      TMR1L
;aula052.c,110 :: 		TMR1H = 206;                 // inicializa TMR1H
0x0153	0x30CE      	MOVLW      206
0x0154	0x008F      	MOVWF      TMR1H
;aula052.c,112 :: 		TRISA = 0XFF;                // configura o PORT A como entrada
0x0155	0x30FF      	MOVLW      255
0x0156	0x1683      	BSF        STATUS, 5
0x0157	0x0085      	MOVWF      TRISA
;aula052.c,113 :: 		TRISB = 0X00;                // configura RB2 e RB3 como entrada 0b00001100
0x0158	0x0186      	CLRF       TRISB
;aula052.c,114 :: 		PORTA = 0XFF;                // inicializa o PORT A
0x0159	0x30FF      	MOVLW      255
0x015A	0x1283      	BCF        STATUS, 5
0x015B	0x0085      	MOVWF      PORTA
;aula052.c,115 :: 		PORTB = 0X00;                // inicializa o PORT B
0x015C	0x0186      	CLRF       PORTB
;aula052.c,117 :: 		change = 0x00;
0x015D	0x10C9      	BCF        _change, BitPos(_change+0)
;aula052.c,119 :: 		Lcd_Init();
0x015E	0x20A6      	CALL       _Lcd_Init
;aula052.c,120 :: 		Lcd_Cmd(_LCD_CURSOR_OFF);
0x015F	0x300C      	MOVLW      12
0x0160	0x00D3      	MOVWF      FARG_Lcd_Cmd_out_char
0x0161	0x2057      	CALL       _Lcd_Cmd
;aula052.c,121 :: 		Lcd_Cmd(_LCD_CLEAR);
0x0162	0x3001      	MOVLW      1
0x0163	0x00D3      	MOVWF      FARG_Lcd_Cmd_out_char
0x0164	0x2057      	CALL       _Lcd_Cmd
;aula052.c,122 :: 		Lcd_Out(1, 1, text1);
0x0165	0x3001      	MOVLW      1
0x0166	0x00CE      	MOVWF      FARG_Lcd_Out_row
0x0167	0x3001      	MOVLW      1
0x0168	0x00CF      	MOVWF      FARG_Lcd_Out_column
0x0169	0x0822      	MOVF       _text1, 0
0x016A	0x00D0      	MOVWF      FARG_Lcd_Out_text
0x016B	0x20F4      	CALL       _Lcd_Out
;aula052.c,123 :: 		Lcd_Out(2, 14, text2);
0x016C	0x3002      	MOVLW      2
0x016D	0x00CE      	MOVWF      FARG_Lcd_Out_row
0x016E	0x300E      	MOVLW      14
0x016F	0x00CF      	MOVWF      FARG_Lcd_Out_column
0x0170	0x0821      	MOVF       _text2, 0
0x0171	0x00D0      	MOVWF      FARG_Lcd_Out_text
0x0172	0x20F4      	CALL       _Lcd_Out
;aula052.c,124 :: 		delay_ms(100);
0x0173	0x3082      	MOVLW      130
0x0174	0x00FC      	MOVWF      R12
0x0175	0x30DD      	MOVLW      221
0x0176	0x00FD      	MOVWF      R13
L_main0:
0x0177	0x0BFD      	DECFSZ     R13, 1
0x0178	0x2977      	GOTO       L_main0
0x0179	0x0BFC      	DECFSZ     R12, 1
0x017A	0x2977      	GOTO       L_main0
0x017B	0x0000      	NOP
0x017C	0x0000      	NOP
;aula052.c,126 :: 		while(1)
L_main1:
;aula052.c,128 :: 		if(!change) Lcd_Out(1, 1, text1);
0x017D	0x18C9      	BTFSC      _change, BitPos(_change+0)
0x017E	0x2987      	GOTO       L_main3
0x017F	0x3001      	MOVLW      1
0x0180	0x00CE      	MOVWF      FARG_Lcd_Out_row
0x0181	0x3001      	MOVLW      1
0x0182	0x00CF      	MOVWF      FARG_Lcd_Out_column
0x0183	0x0822      	MOVF       _text1, 0
0x0184	0x00D0      	MOVWF      FARG_Lcd_Out_text
0x0185	0x20F4      	CALL       _Lcd_Out
0x0186	0x298E      	GOTO       L_main4
L_main3:
;aula052.c,129 :: 		else Lcd_Out(1, 1, text2);
0x0187	0x3001      	MOVLW      1
0x0188	0x00CE      	MOVWF      FARG_Lcd_Out_row
0x0189	0x3001      	MOVLW      1
0x018A	0x00CF      	MOVWF      FARG_Lcd_Out_column
0x018B	0x0821      	MOVF       _text2, 0
0x018C	0x00D0      	MOVWF      FARG_Lcd_Out_text
0x018D	0x20F4      	CALL       _Lcd_Out
L_main4:
;aula052.c,130 :: 		}
0x018E	0x297D      	GOTO       L_main1
;aula052.c,132 :: 		}
0x018F	0x298F      	GOTO       $+0
; end of _main
0x01BE	0x3021      	MOVLW      33
0x01BF	0x0084      	MOVWF      FSR
0x01C0	0x3028      	MOVLW      40
0x01C1	0x1283      	BCF        STATUS, 5
0x01C2	0x1303      	BCF        STATUS, 6
0x01C3	0x00F0      	MOVWF      R0
0x01C4	0x3095      	MOVLW      149
0x01C5	0x00CA      	MOVWF      ___DoICPAddr
0x01C6	0x3001      	MOVLW      1
0x01C7	0x00CB      	MOVWF      75
0x01C8	0x2134      	CALL       308
0x01C9	0x0008      	RETURN
;aula052.c,0 :: ?ICS_text2
0x0195	0x3438 ;?ICS_text2+0
; end of ?ICS_text2
;aula052.c,0 :: ?ICS_text1
0x0196	0x3427 ;?ICS_text1+0
; end of ?ICS_text1
;aula052.c,0 :: ?ICS_counter1
0x0197	0x3400 ;?ICS_counter1+0
0x0198	0x3400 ;?ICS_counter1+1
; end of ?ICS_counter1
;aula052.c,0 :: ?ICS_counter0
0x0199	0x3400 ;?ICS_counter0+0
0x019A	0x3400 ;?ICS_counter0+1
; end of ?ICS_counter0
;aula052.c,0 :: ?ICS?lstr1_aula052
0x019B	0x3454 ;?ICS?lstr1_aula052+0
0x019C	0x3465 ;?ICS?lstr1_aula052+1
0x019D	0x3473 ;?ICS?lstr1_aula052+2
0x019E	0x3474 ;?ICS?lstr1_aula052+3
0x019F	0x3469 ;?ICS?lstr1_aula052+4
0x01A0	0x346E ;?ICS?lstr1_aula052+5
0x01A1	0x3467 ;?ICS?lstr1_aula052+6
0x01A2	0x342E ;?ICS?lstr1_aula052+7
0x01A3	0x342E ;?ICS?lstr1_aula052+8
0x01A4	0x342E ;?ICS?lstr1_aula052+9
0x01A5	0x3420 ;?ICS?lstr1_aula052+10
0x01A6	0x3420 ;?ICS?lstr1_aula052+11
0x01A7	0x3420 ;?ICS?lstr1_aula052+12
0x01A8	0x3420 ;?ICS?lstr1_aula052+13
0x01A9	0x3420 ;?ICS?lstr1_aula052+14
0x01AA	0x3420 ;?ICS?lstr1_aula052+15
0x01AB	0x3400 ;?ICS?lstr1_aula052+16
; end of ?ICS?lstr1_aula052
;aula052.c,0 :: ?ICS?lstr2_aula052
0x01AC	0x3420 ;?ICS?lstr2_aula052+0
0x01AD	0x3420 ;?ICS?lstr2_aula052+1
0x01AE	0x3420 ;?ICS?lstr2_aula052+2
0x01AF	0x3420 ;?ICS?lstr2_aula052+3
0x01B0	0x342E ;?ICS?lstr2_aula052+4
0x01B1	0x342E ;?ICS?lstr2_aula052+5
0x01B2	0x342E ;?ICS?lstr2_aula052+6
0x01B3	0x3469 ;?ICS?lstr2_aula052+7
0x01B4	0x346E ;?ICS?lstr2_aula052+8
0x01B5	0x3474 ;?ICS?lstr2_aula052+9
0x01B6	0x3465 ;?ICS?lstr2_aula052+10
0x01B7	0x3472 ;?ICS?lstr2_aula052+11
0x01B8	0x3472 ;?ICS?lstr2_aula052+12
0x01B9	0x3475 ;?ICS?lstr2_aula052+13
0x01BA	0x3470 ;?ICS?lstr2_aula052+14
0x01BB	0x3474 ;?ICS?lstr2_aula052+15
0x01BC	0x3400 ;?ICS?lstr2_aula052+16
; end of ?ICS?lstr2_aula052
Symbol List:
//** Routines locations **
//ADDRESS    SIZE    PROCEDURE
//----------------------------------------------
0x0004      [62]    _interrupt
0x0042       [8]    _Delay_50us
0x004A      [11]    _Delay_5500us
0x0055       [2]    _Delay_1us
0x0057      [64]    _Lcd_Cmd
0x0097       [7]    _____DoICP
0x009E       [8]    _Lcd_Chr_CP
0x00A6      [78]    _Lcd_Init
0x00F4      [64]    _Lcd_Out
0x0134      [12]    ___CC2DW
0x0140      [79]    _main
//** Variables locations ** 
//ADDRESS    SIZE    VARIABLE
//----------------------------------------------
0x0000       [1]    INDF
0x0001       [1]    TMR0
0x0002       [1]    PCL
0x0003       [0]    NOT_PD_bit
0x0003       [0]    DC_bit
0x0003       [0]    C_bit
0x0003       [0]    Z_bit
0x0003       [1]    STATUS
0x0003       [0]    RP1_bit
0x0003       [0]    RP0_bit
0x0003       [0]    NOT_TO_bit
0x0003       [0]    IRP_bit
0x0004       [1]    FSRPTR
0x0004       [1]    FSR
0x0005       [0]    RA6_bit
0x0005       [0]    RA5_bit
0x0005       [0]    RA0_bit
0x0005       [0]    RA7_bit
0x0005       [0]    RA1_bit
0x0005       [0]    RA3_bit
0x0005       [0]    RA4_bit
0x0005       [1]    PORTA
0x0005       [0]    RA2_bit
0x0006       [1]    PORTB
0x0006       [0]    RB3_bit
0x0006       [0]    RB4_bit
0x0006       [0]    LCD_EN
0x0006       [0]    RB1_bit
0x0006       [0]    LCD_RS
0x0006       [0]    RB0_bit
0x0006       [0]    RB2_bit
0x0006       [0]    LCD_D6
0x0006       [0]    RB5_bit
0x0006       [0]    RB6_bit
0x0006       [0]    RB7_bit
0x0006       [0]    LCD_D7
0x0006       [0]    LCD_D5
0x0006       [0]    LCD_D4
0x000A       [1]    PCLATH
0x000B       [0]    INTE_bit
0x000B       [0]    INTF_bit
0x000B       [0]    RBIE_bit
0x000B       [0]    RBIF_bit
0x000B       [0]    T0IF_bit
0x000B       [0]    T0IE_bit
0x000B       [0]    GIE_bit
0x000B       [1]    INTCON
0x000B       [0]    PEIE_bit
0x000C       [1]    PIR1
0x000C       [0]    CMIF_bit
0x000C       [0]    TMR1IF_bit
0x000C       [0]    CCP1IF_bit
0x000C       [0]    TMR2IF_bit
0x000C       [0]    RCIF_bit
0x000C       [0]    TXIF_bit
0x000C       [0]    EEIF_bit
0x000E       [1]    TMR1L
0x000F       [1]    TMR1H
0x0010       [0]    TMR1ON_bit
0x0010       [1]    T1CON
0x0010       [0]    T1CKPS0_bit
0x0010       [0]    NOT_T1SYNC_bit
0x0010       [0]    T1OSCEN_bit
0x0010       [0]    TMR1CS_bit
0x0010       [0]    T1CKPS1_bit
0x0011       [1]    TMR2
0x0012       [0]    T2CKPS1_bit
0x0012       [0]    T2CKPS0_bit
0x0012       [1]    T2CON
0x0012       [0]    TOUTPS2_bit
0x0012       [0]    TOUTPS3_bit
0x0012       [0]    TOUTPS0_bit
0x0012       [0]    TMR2ON_bit
0x0012       [0]    TOUTPS1_bit
0x0015       [1]    CCPR1L
0x0015       [2]    CCPR1
0x0016       [1]    CCPR1H
0x0017       [0]    CCP1M0_bit
0x0017       [0]    CCP1M1_bit
0x0017       [1]    CCP1CON
0x0017       [0]    CCP1Y_bit
0x0017       [0]    CCP1X_bit
0x0017       [0]    CCP1M3_bit
0x0017       [0]    CCP1M2_bit
0x0018       [1]    RCSTA
0x0018       [0]    ADEN_bit
0x0018       [0]    CREN_bit
0x0018       [0]    FERR_bit
0x0018       [0]    RX9D_bit
0x0018       [0]    OERR_bit
0x0018       [0]    RX9_bit
0x0018       [0]    SPEN_bit
0x0018       [0]    SREN_bit
0x0019       [1]    TXREG
0x001A       [1]    RCREG
0x001F       [0]    CM2_bit
0x001F       [0]    C1OUT_bit
0x001F       [1]    CMCON
0x001F       [0]    CIS_bit
0x001F       [0]    C2OUT_bit
0x001F       [0]    C1INV_bit
0x001F       [0]    CM0_bit
0x001F       [0]    C2INV_bit
0x001F       [0]    CM1_bit
0x0021       [1]    _text2
0x0022       [1]    _text1
0x0023       [2]    _counter1
0x0025       [2]    _counter0
0x0027      [17]    ?lstr1_aula052
0x0038      [17]    ?lstr2_aula052
0x0049       [0]    __Lib_Lcd_cmd_status
0x0049       [0]    _change
0x004A       [2]    ___DoICPAddr
0x004C       [1]    ___saveSTATUS
0x004D       [1]    ___savePCLATH
0x004E       [1]    FARG_Lcd_Out_row
0x004F       [1]    FARG_Lcd_Out_column
0x0050       [1]    FARG_Lcd_Out_text
0x0051       [1]    Lcd_Out_i_L0
0x0052       [1]    FARG_Lcd_Chr_CP_out_char
0x0053       [1]    FARG_Lcd_Cmd_out_char
0x0070       [1]    R0
0x0071       [1]    R1
0x0072       [1]    R2
0x0073       [1]    R3
0x0074       [1]    R4
0x0075       [1]    R5
0x0076       [1]    R6
0x0077       [1]    R7
0x0078       [1]    R8
0x0079       [1]    R9
0x007A       [1]    R10
0x007B       [1]    R11
0x007C       [1]    R12
0x007D       [1]    R13
0x007E       [1]    R14
0x007F       [1]    R15
0x0081       [0]    PS1_bit
0x0081       [0]    PS2_bit
0x0081       [1]    OPTION_REG
0x0081       [0]    PS0_bit
0x0081       [0]    PSA_bit
0x0081       [0]    INTEDG_bit
0x0081       [0]    NOT_RBPU_bit
0x0081       [0]    T0SE_bit
0x0081       [0]    T0CS_bit
0x0085       [0]    TRISA5_bit
0x0085       [0]    TRISA4_bit
0x0085       [0]    TRISA3_bit
0x0085       [1]    TRISA
0x0085       [0]    TRISA7_bit
0x0085       [0]    TRISA6_bit
0x0085       [0]    TRISA0_bit
0x0085       [0]    TRISA1_bit
0x0085       [0]    TRISA2_bit
0x0086       [0]    TRISB2_bit
0x0086       [1]    TRISB
0x0086       [0]    TRISB0_bit
0x0086       [0]    TRISB1_bit
0x0086       [0]    TRISB4_bit
0x0086       [0]    TRISB6_bit
0x0086       [0]    TRISB7_bit
0x0086       [0]    TRISB3_bit
0x0086       [0]    TRISB5_bit
0x0086       [0]    LCD_D6_Direction
0x0086       [0]    LCD_D5_Direction
0x0086       [0]    LCD_D4_Direction
0x0086       [0]    LCD_D7_Direction
0x0086       [0]    LCD_RS_Direction
0x0086       [0]    LCD_EN_Direction
0x008C       [0]    TXIE_bit
0x008C       [0]    CCP1IE_bit
0x008C       [0]    TMR1IE_bit
0x008C       [0]    TMR2IE_bit
0x008C       [0]    EEIE_bit
0x008C       [0]    CMIE_bit
0x008C       [1]    PIE1
0x008C       [0]    RCIE_bit
0x008E       [0]    OSCF_bit
0x008E       [0]    NOT_BOD_bit
0x008E       [1]    PCON
0x008E       [0]    NOT_BOR_bit
0x008E       [0]    NOT_POR_bit
0x008E       [0]    NOT_BO_bit
0x0092       [1]    PR2
0x0098       [0]    BRGH_bit
0x0098       [0]    CSRC_bit
0x0098       [0]    TXEN_bit
0x0098       [0]    SYNC_bit
0x0098       [0]    TX9_bit
0x0098       [0]    TX9D_bit
0x0098       [1]    TXSTA
0x0098       [0]    TRMT_bit
0x0099       [1]    SPBRG
0x009A       [1]    EEDATA
0x009B       [1]    EEADR
0x009C       [1]    EECON1
0x009C       [0]    WREN_bit
0x009C       [0]    WRERR_bit
0x009C       [0]    RD_bit
0x009C       [0]    WR_bit
0x009D       [1]    EECON2
0x009F       [0]    VR3_bit
0x009F       [1]    VRCON
0x009F       [0]    VR2_bit
0x009F       [0]    VR0_bit
0x009F       [0]    VR1_bit
0x009F       [0]    VREN_bit
0x009F       [0]    VROE_bit
0x009F       [0]    VRR_bit
//** Constants locations ** 
//ADDRESS    SIZE    CONSTANT
//----------------------------------------------
0x0195       [1]    ?ICS_text2
0x0196       [1]    ?ICS_text1
0x0197       [2]    ?ICS_counter1
0x0199       [2]    ?ICS_counter0
0x019B      [17]    ?ICS?lstr1_aula052
0x01AC      [17]    ?ICS?lstr2_aula052
//** Label List: ** 
//----------------------------------------------
  L_main0
  L_main1
  L_main2
  L_main3
  L_main4
  L_interrupt5
  L_interrupt6
  L_interrupt7
  L_interrupt8
  _main
  _interrupt
  L__interrupt9
  L__interrupt10
  L__interrupt11
  L_Delay_10us0
  L_Delay_22us1
  L_Delay_50us2
  L_Delay_80us3
  L_Delay_500us4
  L_Delay_5500us5
  L_Delay_1ms6
  L_Delay_5ms7
  L_Delay_8ms8
  L_Delay_100ms9
  L_Delay_1sec10
  L_boot16_Delay_5ms11
  L_Delay_Cyc12
  L_Delay_Cyc13
  L_VDelay_ms14
  L_VDelay_ms15
  L_VDelay_ms16
  L_VDelay_Advanced_ms17
  L_VDelay_Advanced_ms18
  L_VDelay_Advanced_ms19
  _Get_Fosc_kHz
  _Delay_1us
  _Delay_10us
  _Delay_22us
  _Delay_50us
  _Delay_80us
  _Delay_500us
  _Delay_5500us
  _Delay_1ms
  _Delay_5ms
  _Delay_8ms
  _Delay_100ms
  _Delay_1sec
  _boot16_Delay_5ms
  _Delay_Cyc
  _VDelay_ms
  L__VDelay_ms20
  L__VDelay_ms21
  L__VDelay_ms22
  _VDelay_Advanced_ms
  L__VDelay_Advanced_ms23
  L__VDelay_Advanced_ms24
  L__VDelay_Advanced_ms25
  L_Lcd_Cmd0
  L_Lcd_Cmd1
  L_Lcd_Out_CP2
  L_Lcd_Out_CP3
  L_Lcd_Chr4
  L_Lcd_Chr5
  L_Lcd_Chr6
  L_Lcd_Chr7
  L_Lcd_Chr8
  L_Lcd_Chr9
  L_Lcd_Chr10
  L_Lcd_Out11
  L_Lcd_Out12
  L_Lcd_Out13
  L_Lcd_Out14
  L_Lcd_Out15
  L_Lcd_Out16
  L_Lcd_Out17
  L_Lcd_Out18
  L_Lcd_Out19
  _Lcd_Cmd
  L__Lcd_Cmd20
  L__Lcd_Cmd21
  L__Lcd_Cmd22
  L__Lcd_Cmd23
  L__Lcd_Cmd24
  L__Lcd_Cmd25
  L__Lcd_Cmd26
  L__Lcd_Cmd27
  L__Lcd_Cmd28
  L__Lcd_Cmd29
  L__Lcd_Cmd30
  L__Lcd_Cmd31
  L__Lcd_Cmd32
  L__Lcd_Cmd33
  L__Lcd_Cmd34
  L__Lcd_Cmd35
  L__Lcd_Cmd36
  L__Lcd_Cmd37
  L__Lcd_Cmd38
  L__Lcd_Cmd39
  _Lcd_Chr_CP
  _Lcd_Out_CP
  _Lcd_Chr
  _Lcd_Init
  _Lcd_Out
  _CC2D_Loop1
  _____DoICP
  _____DoIFC
  ___CC2DW
  _Swap
  L_main0
  L_main1
  L_main2
  L_main3
  L_main4
  L_interrupt5
  L_interrupt6
  L_interrupt7
  L_interrupt8
  _main
  _interrupt
  L__interrupt9
  L__interrupt10
  L__interrupt11
