
ROM used:   31/4096 (1%)
            31/4096 (1%) including unused fragments

            0.0 Average locations per line
            4.4 Average locations per statement

RAM used:   6/368 (2%) at main() level
            6/368 (2%) worst case

Stack used: 0 worst case (0 in main + 0 for interrupts)
Stack size: 8

Lines Stmts  %   Files
----- ----- ---  -----
   18     7 100  main.c
   13     0   0  main.h
  632     0   0  ..\..\..\..\..\Program Files (x86)\PICC\Devices\16F88.h
----- -----
  663     7 Total

Page ROM  %  RAM   Vol Diff  Functions:
---- --- --- ---   --- ----  ----------
0     27  87    1    98  2.8  main
 Inline         0             @cinit1

Program metrics:
    Functions               1
    Statements              7
    Comments                116
    Volume (V)              100
    Difficulty (D)          2.5
    Effort to implement (E) 255
    Time to implement (T)   0 minutes
    Est Delivered Bugs (B)  0
    Cyclomatic Complexity   1
    Maintainability (MI)    74

 Segment     Used  Free
-----------  ----  ----
00000-00003     4  0  
00004-007FF    27  2017  
00800-00FFF     0  2048  



