CCS PCM C Compiler, Version 5.007, 61971               03-jan-23 14:35

               Filename:   C:\Users\ABMS-Telecom\Documents\CCS C Projects\aula019\main.lst

               ROM used:   31 words (1%)
                           Largest free fragment is 2048
               RAM used:   6 (2%) at main() level
                           6 (2%) worst case
               Stack used: 0 locations
               Stack size: 8

*
0000:  MOVLW  00
0001:  MOVWF  0A
0002:  GOTO   004
0003:  NOP
.................... #include <main.h> 
.................... #include <16F88.h> 
.................... //////// Standard Header file for the PIC16F88 device //////////////// 
.................... #device PIC16F88 
....................  
.................... #list 
....................  
.................... #device ADC=16 
....................  
.................... #FUSES NOWDT                 	//No Watch Dog Timer 
.................... #FUSES NOMCLR                	//Master Clear pin used for I/O 
.................... #FUSES NOBROWNOUT            	//No brownout reset 
.................... #FUSES NOLVP                 	//No low voltage prgming, B3(PIC16) or B5(PIC18) used for I/O 
.................... #FUSES NOFCMEN               	//Fail-safe clock monitor disabled 
.................... #FUSES NOIESO                	//Internal External Switch Over mode disabled 
....................  
.................... #use delay(crystal=4MHz) 
....................  
....................  
....................  
.................... void main() 
0004:  BSF    03.5
0005:  BCF    1F.4
0006:  BCF    1F.5
0007:  MOVF   1B,W
0008:  ANDLW  80
0009:  MOVWF  1B
000A:  MOVLW  07
000B:  MOVWF  1C
000C:  BCF    03.7
000D:  MOVLW  1F
000E:  ANDWF  03,F
.................... { 
....................    // port_b_pullups(true); // para habilitar o pull-up interno do port B 
....................    while(true) 
....................    { 
....................       if(input(pin_b0) == 0){ 
000F:  BSF    06.0
0010:  BCF    03.5
0011:  BTFSC  06.0
0012:  GOTO   018
....................          output_high(pin_b1); 
0013:  BSF    03.5
0014:  BCF    06.1
0015:  BCF    03.5
0016:  BSF    06.1
....................       } 
0017:  GOTO   01C
....................       else 
....................       { 
....................          output_low(pin_b1); 
0018:  BSF    03.5
0019:  BCF    06.1
001A:  BCF    03.5
001B:  BCF    06.1
....................       } 
001C:  BSF    03.5
001D:  GOTO   00F
....................    } 
....................  
.................... } 
001E:  SLEEP

Configuration Fuses:
   Word  1: 3F01   NOWDT PUT XT NOMCLR NOBROWNOUT NOLVP NOCPD NOWRT NODEBUG CCPB0 NOPROTECT
   Word  2: 3FFC   NOFCMEN NOIESO
