;  LST file generated by mikroListExporter - v.2.0 
; Date/Time: 08/02/2023 20:41:47
;----------------------------------------------

;Address Opcode 	ASM
0x0000	0x2815      	GOTO       21
_____DoICP:
;__Lib_System.c,6 :: 		
;__Lib_System.c,9 :: 		
0x0003	0x1283      	BCF        STATUS, 5
0x0004	0x080E      	MOVF       ___DoICPAddr+1, 0
0x0005	0x008A      	MOVWF      PCLATH
;__Lib_System.c,10 :: 		
0x0006	0x080D      	MOVF       ___DoICPAddr, 0
0x0007	0x0082      	MOVWF      PCL
;__Lib_System.c,12 :: 		
0x0008	0x0008      	RETURN
; end of _____DoICP
___CC2DW:
;__Lib_System.c,24 :: 		
;__Lib_System.c,27 :: 		
_CC2D_Loop1:
;__Lib_System.c,29 :: 		
0x0009	0x2003      	CALL       _____DoICP
0x000A	0x118A      	BCF        PCLATH, 3
0x000B	0x120A      	BCF        PCLATH, 4
;__Lib_System.c,31 :: 		
0x000C	0x0080      	MOVWF      INDF
;__Lib_System.c,32 :: 		
0x000D	0x0A84      	INCF       FSR, 1
;__Lib_System.c,33 :: 		
0x000E	0x0A8D      	INCF       ___DoICPAddr, 1
;__Lib_System.c,35 :: 		
0x000F	0x1903      	BTFSC      STATUS, 2
;__Lib_System.c,36 :: 		
0x0010	0x0A8E      	INCF       ___DoICPAddr+1, 1
;__Lib_System.c,37 :: 		
0x0011	0x03C0      	DECF       R0, 1
;__Lib_System.c,39 :: 		
0x0012	0x1D03      	BTFSS      STATUS, 2
;__Lib_System.c,40 :: 		
0x0013	0x2809      	GOTO       _CC2D_Loop1
;__Lib_System.c,42 :: 		
0x0014	0x0008      	RETURN
; end of ___CC2DW
_main:
;16f84a_paradoxus.c,20 :: 		void main() {
;16f84a_paradoxus.c,22 :: 		TRISA = 0b00000011; // RA0 e RA1 como entrada
0x0015	0x3003      	MOVLW      3
0x0016	0x1683      	BSF        STATUS, 5
0x0017	0x0085      	MOVWF      TRISA
;16f84a_paradoxus.c,23 :: 		PORTA = 0b00000011; // RA0 e RA1 com resistores de pull-up
0x0018	0x3003      	MOVLW      3
0x0019	0x1283      	BCF        STATUS, 5
0x001A	0x0085      	MOVWF      PORTA
;16f84a_paradoxus.c,25 :: 		TRISB = 0b00000000; // port B como saída
0x001B	0x1683      	BSF        STATUS, 5
0x001C	0x0186      	CLRF       TRISB
;16f84a_paradoxus.c,26 :: 		PORTB = 0b00000000; // port B inicia em nível baixo
0x001D	0x1283      	BCF        STATUS, 5
0x001E	0x0186      	CLRF       PORTB
;16f84a_paradoxus.c,28 :: 		while(1){
L_main0:
;16f84a_paradoxus.c,30 :: 		if(!S1 && flagS1 == 0){  // se pressionou botão
0x001F	0x1805      	BTFSC      RA0_bit, 0
0x0020	0x2824      	GOTO       L_main4
0x0021	0x180C      	BTFSC      _flagS1, BitPos(_flagS1+0)
0x0022	0x2824      	GOTO       L_main4
L__main17:
;16f84a_paradoxus.c,31 :: 		flagS1 = 1;            // seta flag
0x0023	0x140C      	BSF        _flagS1, BitPos(_flagS1+0)
;16f84a_paradoxus.c,32 :: 		}
L_main4:
;16f84a_paradoxus.c,33 :: 		if(S1 && flagS1 == 1){   // se soltou botão
0x0024	0x1C05      	BTFSS      RA0_bit, 0
0x0025	0x282B      	GOTO       L_main7
0x0026	0x1C0C      	BTFSS      _flagS1, BitPos(_flagS1+0)
0x0027	0x282B      	GOTO       L_main7
L__main16:
;16f84a_paradoxus.c,34 :: 		flagS1 = 0;            // reseta flag
0x0028	0x100C      	BCF        _flagS1, BitPos(_flagS1+0)
;16f84a_paradoxus.c,35 :: 		L1 = ~L1;              // executa ação
0x0029	0x3004      	MOVLW      4
0x002A	0x0685      	XORWF      RA2_bit, 1
;16f84a_paradoxus.c,36 :: 		}
L_main7:
;16f84a_paradoxus.c,38 :: 		if(!S2 && flagS2 == 0){
0x002B	0x1885      	BTFSC      RA1_bit, 1
0x002C	0x2830      	GOTO       L_main10
0x002D	0x188C      	BTFSC      _flagS2, BitPos(_flagS2+0)
0x002E	0x2830      	GOTO       L_main10
L__main15:
;16f84a_paradoxus.c,39 :: 		flagS2 = 1;
0x002F	0x148C      	BSF        _flagS2, BitPos(_flagS2+0)
;16f84a_paradoxus.c,40 :: 		}
L_main10:
;16f84a_paradoxus.c,41 :: 		if(S2 && flagS2 == 1){
0x0030	0x1C85      	BTFSS      RA1_bit, 1
0x0031	0x2837      	GOTO       L_main13
0x0032	0x1C8C      	BTFSS      _flagS2, BitPos(_flagS2+0)
0x0033	0x2837      	GOTO       L_main13
L__main14:
;16f84a_paradoxus.c,42 :: 		flagS2 = 0;
0x0034	0x108C      	BCF        _flagS2, BitPos(_flagS2+0)
;16f84a_paradoxus.c,43 :: 		L2 = ~L2;
0x0035	0x3008      	MOVLW      8
0x0036	0x0685      	XORWF      RA3_bit, 1
;16f84a_paradoxus.c,44 :: 		}
L_main13:
;16f84a_paradoxus.c,46 :: 		}
0x0037	0x281F      	GOTO       L_main0
;16f84a_paradoxus.c,48 :: 		}
0x0038	0x2838      	GOTO       $+0
; end of _main
Symbol List:
//** Routines locations **
//ADDRESS    SIZE    PROCEDURE
//----------------------------------------------
0x0003       [6]    _____DoICP
0x0009      [12]    ___CC2DW
0x0015      [36]    _main
//** Variables locations ** 
//ADDRESS    SIZE    VARIABLE
//----------------------------------------------
0x0000       [1]    INDF
0x0001       [1]    TMR0
0x0002       [1]    PCL
0x0003       [1]    STATUS
0x0003       [0]    C_bit
0x0003       [0]    RP1_bit
0x0003       [0]    DC_bit
0x0003       [0]    IRP_bit
0x0003       [0]    RP0_bit
0x0003       [0]    NOT_TO_bit
0x0003       [0]    NOT_PD_bit
0x0003       [0]    Z_bit
0x0004       [1]    FSRPTR
0x0004       [1]    FSR
0x0005       [0]    RA0_bit
0x0005       [0]    RA1_bit
0x0005       [0]    RA3_bit
0x0005       [1]    PORTA
0x0005       [0]    RA4_bit
0x0005       [0]    RA2_bit
0x0006       [0]    RB2_bit
0x0006       [0]    RB3_bit
0x0006       [0]    RB0_bit
0x0006       [0]    RB1_bit
0x0006       [0]    RB7_bit
0x0006       [1]    PORTB
0x0006       [0]    RB6_bit
0x0006       [0]    RB4_bit
0x0006       [0]    RB5_bit
0x0008       [1]    EEDATA
0x0009       [1]    EEADR
0x000A       [1]    PCLATH
0x000B       [0]    RBIF_bit
0x000B       [1]    INTCON
0x000B       [0]    INTF_bit
0x000B       [0]    EEIE_bit
0x000B       [0]    INTE_bit
0x000B       [0]    T0IE_bit
0x000B       [0]    T0IF_bit
0x000B       [0]    GIE_bit
0x000B       [0]    RBIE_bit
0x000C       [0]    _flagS2
0x000C       [0]    _flagS1
0x000D       [2]    ___DoICPAddr
0x0040       [1]    R0
0x0041       [1]    R1
0x0042       [1]    R2
0x0043       [1]    R3
0x0044       [1]    R4
0x0045       [1]    R5
0x0046       [1]    R6
0x0047       [1]    R7
0x0048       [1]    R8
0x0049       [1]    R9
0x004A       [1]    R10
0x004B       [1]    R11
0x004C       [1]    R12
0x004D       [1]    R13
0x004E       [1]    R14
0x004F       [1]    R15
0x0081       [0]    PS2_bit
0x0081       [0]    PS1_bit
0x0081       [0]    PSA_bit
0x0081       [0]    T0CS_bit
0x0081       [0]    T0SE_bit
0x0081       [0]    NOT_RBPU_bit
0x0081       [1]    OPTION_REG
0x0081       [0]    PS0_bit
0x0081       [0]    INTEDG_bit
0x0085       [1]    TRISA
0x0085       [0]    TRISA3_bit
0x0085       [0]    TRISA4_bit
0x0085       [0]    TRISA2_bit
0x0085       [0]    TRISA0_bit
0x0085       [0]    TRISA1_bit
0x0086       [0]    TRISB4_bit
0x0086       [1]    TRISB
0x0086       [0]    TRISB5_bit
0x0086       [0]    TRISB3_bit
0x0086       [0]    TRISB0_bit
0x0086       [0]    TRISB1_bit
0x0086       [0]    TRISB2_bit
0x0086       [0]    TRISB6_bit
0x0086       [0]    TRISB7_bit
0x0088       [1]    EECON1
0x0088       [0]    WR_bit
0x0088       [0]    RD_bit
0x0088       [0]    WREN_bit
0x0088       [0]    EEIF_bit
0x0088       [0]    WRERR_bit
0x0089       [1]    EECON2
//** Label List: ** 
//----------------------------------------------
  L_main0
  L_main1
  L_main2
  L_main3
  L_main4
  L_main5
  L_main6
  L_main7
  L_main8
  L_main9
  L_main10
  L_main11
  L_main12
  L_main13
  L__main14
  L__main15
  L__main16
  L__main17
  _main
  _CC2D_Loop1
  _____DoICP
  _____DoIFC
  ___CC2DW
  _Swap
