;  LST file generated by mikroListExporter - v.2.0 
; Date/Time: 10/01/2017 20:03:47
;----------------------------------------------

;Address Opcode 	ASM
0x0000	0x294F      	GOTO       335
_Delay_50us:
;__Lib_Delays.c,19 :: 		void Delay_50us() {
;__Lib_Delays.c,20 :: 		Delay_us(50);
0x0003	0x3010      	MOVLW      16
0x0004	0x1283      	BCF        STATUS, 5
0x0005	0x00CD      	MOVWF      R13
L_Delay_50us2:
0x0006	0x0BCD      	DECFSZ     R13, 1
0x0007	0x2806      	GOTO       L_Delay_50us2
0x0008	0x0000      	NOP
;__Lib_Delays.c,21 :: 		}
0x0009	0x0008      	RETURN
; end of _Delay_50us
_Delay_1us:
;__Lib_Delays.c,7 :: 		void Delay_1us() {
;__Lib_Delays.c,8 :: 		Delay_us(1);
0x000A	0x0000      	NOP
;__Lib_Delays.c,9 :: 		}
0x000B	0x0008      	RETURN
; end of _Delay_1us
_Delay_5500us:
;__Lib_Delays.c,31 :: 		void Delay_5500us() {
;__Lib_Delays.c,32 :: 		Delay_us(5500);
0x000C	0x3008      	MOVLW      8
0x000D	0x1283      	BCF        STATUS, 5
0x000E	0x00CC      	MOVWF      R12
0x000F	0x3023      	MOVLW      35
0x0010	0x00CD      	MOVWF      R13
L_Delay_5500us5:
0x0011	0x0BCD      	DECFSZ     R13, 1
0x0012	0x2811      	GOTO       L_Delay_5500us5
0x0013	0x0BCC      	DECFSZ     R12, 1
0x0014	0x2811      	GOTO       L_Delay_5500us5
;__Lib_Delays.c,33 :: 		}
0x0015	0x0008      	RETURN
; end of _Delay_5500us
_Lcd_Cmd:
;__Lib_Lcd.c,18 :: 		
;__Lib_Lcd.c,20 :: 		
0x0016	0x1283      	BCF        STATUS, 5
0x0017	0x1BB1      	BTFSC      FARG_Lcd_Cmd_out_char, 7
0x0018	0x281B      	GOTO       L__Lcd_Cmd20
0x0019	0x1186      	BCF        LCD_D7, BitPos(LCD_D7+0)
0x001A	0x281C      	GOTO       L__Lcd_Cmd21
L__Lcd_Cmd20:
0x001B	0x1586      	BSF        LCD_D7, BitPos(LCD_D7+0)
L__Lcd_Cmd21:
;__Lib_Lcd.c,21 :: 		
0x001C	0x1B31      	BTFSC      FARG_Lcd_Cmd_out_char, 6
0x001D	0x2820      	GOTO       L__Lcd_Cmd22
0x001E	0x1106      	BCF        LCD_D6, BitPos(LCD_D6+0)
0x001F	0x2821      	GOTO       L__Lcd_Cmd23
L__Lcd_Cmd22:
0x0020	0x1506      	BSF        LCD_D6, BitPos(LCD_D6+0)
L__Lcd_Cmd23:
;__Lib_Lcd.c,22 :: 		
0x0021	0x1AB1      	BTFSC      FARG_Lcd_Cmd_out_char, 5
0x0022	0x2825      	GOTO       L__Lcd_Cmd24
0x0023	0x1086      	BCF        LCD_D5, BitPos(LCD_D5+0)
0x0024	0x2826      	GOTO       L__Lcd_Cmd25
L__Lcd_Cmd24:
0x0025	0x1486      	BSF        LCD_D5, BitPos(LCD_D5+0)
L__Lcd_Cmd25:
;__Lib_Lcd.c,23 :: 		
0x0026	0x1A31      	BTFSC      FARG_Lcd_Cmd_out_char, 4
0x0027	0x282A      	GOTO       L__Lcd_Cmd26
0x0028	0x1006      	BCF        LCD_D4, BitPos(LCD_D4+0)
0x0029	0x282B      	GOTO       L__Lcd_Cmd27
L__Lcd_Cmd26:
0x002A	0x1406      	BSF        LCD_D4, BitPos(LCD_D4+0)
L__Lcd_Cmd27:
;__Lib_Lcd.c,25 :: 		
0x002B	0x1827      	BTFSC      __Lib_Lcd_cmd_status, BitPos(__Lib_Lcd_cmd_status+0)
0x002C	0x282F      	GOTO       L__Lcd_Cmd28
0x002D	0x1606      	BSF        LCD_RS, BitPos(LCD_RS+0)
0x002E	0x2830      	GOTO       L__Lcd_Cmd29
L__Lcd_Cmd28:
0x002F	0x1206      	BCF        LCD_RS, BitPos(LCD_RS+0)
L__Lcd_Cmd29:
;__Lib_Lcd.c,28 :: 		
0x0030	0x1686      	BSF        LCD_EN, BitPos(LCD_EN+0)
;__Lib_Lcd.c,29 :: 		
0x0031	0x200A      	CALL       _Delay_1us
;__Lib_Lcd.c,30 :: 		
0x0032	0x1286      	BCF        LCD_EN, BitPos(LCD_EN+0)
;__Lib_Lcd.c,33 :: 		
0x0033	0x19B1      	BTFSC      FARG_Lcd_Cmd_out_char, 3
0x0034	0x2837      	GOTO       L__Lcd_Cmd30
0x0035	0x1186      	BCF        LCD_D7, BitPos(LCD_D7+0)
0x0036	0x2838      	GOTO       L__Lcd_Cmd31
L__Lcd_Cmd30:
0x0037	0x1586      	BSF        LCD_D7, BitPos(LCD_D7+0)
L__Lcd_Cmd31:
;__Lib_Lcd.c,34 :: 		
0x0038	0x1931      	BTFSC      FARG_Lcd_Cmd_out_char, 2
0x0039	0x283C      	GOTO       L__Lcd_Cmd32
0x003A	0x1106      	BCF        LCD_D6, BitPos(LCD_D6+0)
0x003B	0x283D      	GOTO       L__Lcd_Cmd33
L__Lcd_Cmd32:
0x003C	0x1506      	BSF        LCD_D6, BitPos(LCD_D6+0)
L__Lcd_Cmd33:
;__Lib_Lcd.c,35 :: 		
0x003D	0x18B1      	BTFSC      FARG_Lcd_Cmd_out_char, 1
0x003E	0x2841      	GOTO       L__Lcd_Cmd34
0x003F	0x1086      	BCF        LCD_D5, BitPos(LCD_D5+0)
0x0040	0x2842      	GOTO       L__Lcd_Cmd35
L__Lcd_Cmd34:
0x0041	0x1486      	BSF        LCD_D5, BitPos(LCD_D5+0)
L__Lcd_Cmd35:
;__Lib_Lcd.c,36 :: 		
0x0042	0x1831      	BTFSC      FARG_Lcd_Cmd_out_char, 0
0x0043	0x2846      	GOTO       L__Lcd_Cmd36
0x0044	0x1006      	BCF        LCD_D4, BitPos(LCD_D4+0)
0x0045	0x2847      	GOTO       L__Lcd_Cmd37
L__Lcd_Cmd36:
0x0046	0x1406      	BSF        LCD_D4, BitPos(LCD_D4+0)
L__Lcd_Cmd37:
;__Lib_Lcd.c,38 :: 		
0x0047	0x1827      	BTFSC      __Lib_Lcd_cmd_status, BitPos(__Lib_Lcd_cmd_status+0)
0x0048	0x284B      	GOTO       L__Lcd_Cmd38
0x0049	0x1606      	BSF        LCD_RS, BitPos(LCD_RS+0)
0x004A	0x284C      	GOTO       L__Lcd_Cmd39
L__Lcd_Cmd38:
0x004B	0x1206      	BCF        LCD_RS, BitPos(LCD_RS+0)
L__Lcd_Cmd39:
;__Lib_Lcd.c,40 :: 		
0x004C	0x1686      	BSF        LCD_EN, BitPos(LCD_EN+0)
;__Lib_Lcd.c,41 :: 		
0x004D	0x200A      	CALL       _Delay_1us
;__Lib_Lcd.c,42 :: 		
0x004E	0x1286      	BCF        LCD_EN, BitPos(LCD_EN+0)
;__Lib_Lcd.c,44 :: 		
0x004F	0x1C27      	BTFSS      __Lib_Lcd_cmd_status, BitPos(__Lib_Lcd_cmd_status+0)
0x0050	0x2853      	GOTO       L_Lcd_Cmd0
;__Lib_Lcd.c,45 :: 		
0x0051	0x200C      	CALL       _Delay_5500us
0x0052	0x2854      	GOTO       L_Lcd_Cmd1
L_Lcd_Cmd0:
;__Lib_Lcd.c,47 :: 		
0x0053	0x2003      	CALL       _Delay_50us
L_Lcd_Cmd1:
;__Lib_Lcd.c,48 :: 		
0x0054	0x0008      	RETURN
; end of _Lcd_Cmd
_____DoICP:
;__Lib_System.c,6 :: 		
;__Lib_System.c,9 :: 		
0x0055	0x1283      	BCF        STATUS, 5
0x0056	0x0829      	MOVF       ___DoICPAddr+1, 0
0x0057	0x008A      	MOVWF      PCLATH
;__Lib_System.c,10 :: 		
0x0058	0x0828      	MOVF       ___DoICPAddr, 0
0x0059	0x0082      	MOVWF      PCL
;__Lib_System.c,12 :: 		
0x005A	0x0008      	RETURN
; end of _____DoICP
_Lcd_Chr:
;__Lib_Lcd.c,65 :: 		
;__Lib_Lcd.c,66 :: 		
0x005B	0x286C      	GOTO       L_Lcd_Chr4
;__Lib_Lcd.c,67 :: 		
L_Lcd_Chr6:
0x005C	0x3080      	MOVLW      128
0x005D	0x1283      	BCF        STATUS, 5
0x005E	0x00AE      	MOVWF      FARG_Lcd_Chr_row
0x005F	0x287D      	GOTO       L_Lcd_Chr5
;__Lib_Lcd.c,68 :: 		
L_Lcd_Chr7:
0x0060	0x30C0      	MOVLW      192
0x0061	0x00AE      	MOVWF      FARG_Lcd_Chr_row
0x0062	0x287D      	GOTO       L_Lcd_Chr5
;__Lib_Lcd.c,69 :: 		
L_Lcd_Chr8:
0x0063	0x3094      	MOVLW      148
0x0064	0x00AE      	MOVWF      FARG_Lcd_Chr_row
0x0065	0x287D      	GOTO       L_Lcd_Chr5
;__Lib_Lcd.c,70 :: 		
L_Lcd_Chr9:
0x0066	0x30D4      	MOVLW      212
0x0067	0x00AE      	MOVWF      FARG_Lcd_Chr_row
0x0068	0x287D      	GOTO       L_Lcd_Chr5
;__Lib_Lcd.c,71 :: 		
L_Lcd_Chr10:
0x0069	0x3080      	MOVLW      128
0x006A	0x00AE      	MOVWF      FARG_Lcd_Chr_row
;__Lib_Lcd.c,72 :: 		
0x006B	0x287D      	GOTO       L_Lcd_Chr5
L_Lcd_Chr4:
0x006C	0x082E      	MOVF       FARG_Lcd_Chr_row, 0
0x006D	0x3A01      	XORLW      1
0x006E	0x1903      	BTFSC      STATUS, 2
0x006F	0x285C      	GOTO       L_Lcd_Chr6
0x0070	0x082E      	MOVF       FARG_Lcd_Chr_row, 0
0x0071	0x3A02      	XORLW      2
0x0072	0x1903      	BTFSC      STATUS, 2
0x0073	0x2860      	GOTO       L_Lcd_Chr7
0x0074	0x082E      	MOVF       FARG_Lcd_Chr_row, 0
0x0075	0x3A03      	XORLW      3
0x0076	0x1903      	BTFSC      STATUS, 2
0x0077	0x2863      	GOTO       L_Lcd_Chr8
0x0078	0x082E      	MOVF       FARG_Lcd_Chr_row, 0
0x0079	0x3A04      	XORLW      4
0x007A	0x1903      	BTFSC      STATUS, 2
0x007B	0x2866      	GOTO       L_Lcd_Chr9
0x007C	0x2869      	GOTO       L_Lcd_Chr10
L_Lcd_Chr5:
;__Lib_Lcd.c,74 :: 		
0x007D	0x032F      	DECF       FARG_Lcd_Chr_column, 0
0x007E	0x00C0      	MOVWF      R0
0x007F	0x082E      	MOVF       FARG_Lcd_Chr_row, 0
0x0080	0x07C0      	ADDWF      R0, 1
0x0081	0x0840      	MOVF       R0, 0
0x0082	0x00AE      	MOVWF      FARG_Lcd_Chr_row
;__Lib_Lcd.c,76 :: 		
0x0083	0x1427      	BSF        __Lib_Lcd_cmd_status, BitPos(__Lib_Lcd_cmd_status+0)
;__Lib_Lcd.c,77 :: 		
0x0084	0x0840      	MOVF       R0, 0
0x0085	0x00B1      	MOVWF      FARG_Lcd_Cmd_out_char
0x0086	0x2016      	CALL       _Lcd_Cmd
;__Lib_Lcd.c,79 :: 		
0x0087	0x1027      	BCF        __Lib_Lcd_cmd_status, BitPos(__Lib_Lcd_cmd_status+0)
;__Lib_Lcd.c,80 :: 		
0x0088	0x0830      	MOVF       FARG_Lcd_Chr_out_char, 0
0x0089	0x00B1      	MOVWF      FARG_Lcd_Cmd_out_char
0x008A	0x2016      	CALL       _Lcd_Cmd
;__Lib_Lcd.c,81 :: 		
0x008B	0x1427      	BSF        __Lib_Lcd_cmd_status, BitPos(__Lib_Lcd_cmd_status+0)
;__Lib_Lcd.c,82 :: 		
0x008C	0x0008      	RETURN
; end of _Lcd_Chr
_Lcd_Chr_CP:
;__Lib_Lcd.c,50 :: 		
;__Lib_Lcd.c,52 :: 		
0x008D	0x1283      	BCF        STATUS, 5
0x008E	0x1027      	BCF        __Lib_Lcd_cmd_status, BitPos(__Lib_Lcd_cmd_status+0)
;__Lib_Lcd.c,53 :: 		
0x008F	0x082E      	MOVF       FARG_Lcd_Chr_CP_out_char, 0
0x0090	0x00B1      	MOVWF      FARG_Lcd_Cmd_out_char
0x0091	0x2016      	CALL       _Lcd_Cmd
;__Lib_Lcd.c,54 :: 		
0x0092	0x1427      	BSF        __Lib_Lcd_cmd_status, BitPos(__Lib_Lcd_cmd_status+0)
;__Lib_Lcd.c,55 :: 		
0x0093	0x0008      	RETURN
; end of _Lcd_Chr_CP
_Lcd_Out:
;__Lib_Lcd.c,184 :: 		
;__Lib_Lcd.c,187 :: 		
0x0094	0x28A5      	GOTO       L_Lcd_Out11
;__Lib_Lcd.c,188 :: 		
L_Lcd_Out13:
0x0095	0x3080      	MOVLW      128
0x0096	0x1283      	BCF        STATUS, 5
0x0097	0x00AA      	MOVWF      FARG_Lcd_Out_row
0x0098	0x28B6      	GOTO       L_Lcd_Out12
;__Lib_Lcd.c,189 :: 		
L_Lcd_Out14:
0x0099	0x30C0      	MOVLW      192
0x009A	0x00AA      	MOVWF      FARG_Lcd_Out_row
0x009B	0x28B6      	GOTO       L_Lcd_Out12
;__Lib_Lcd.c,190 :: 		
L_Lcd_Out15:
0x009C	0x3094      	MOVLW      148
0x009D	0x00AA      	MOVWF      FARG_Lcd_Out_row
0x009E	0x28B6      	GOTO       L_Lcd_Out12
;__Lib_Lcd.c,191 :: 		
L_Lcd_Out16:
0x009F	0x30D4      	MOVLW      212
0x00A0	0x00AA      	MOVWF      FARG_Lcd_Out_row
0x00A1	0x28B6      	GOTO       L_Lcd_Out12
;__Lib_Lcd.c,192 :: 		
L_Lcd_Out17:
0x00A2	0x3080      	MOVLW      128
0x00A3	0x00AA      	MOVWF      FARG_Lcd_Out_row
;__Lib_Lcd.c,193 :: 		
0x00A4	0x28B6      	GOTO       L_Lcd_Out12
L_Lcd_Out11:
0x00A5	0x082A      	MOVF       FARG_Lcd_Out_row, 0
0x00A6	0x3A01      	XORLW      1
0x00A7	0x1903      	BTFSC      STATUS, 2
0x00A8	0x2895      	GOTO       L_Lcd_Out13
0x00A9	0x082A      	MOVF       FARG_Lcd_Out_row, 0
0x00AA	0x3A02      	XORLW      2
0x00AB	0x1903      	BTFSC      STATUS, 2
0x00AC	0x2899      	GOTO       L_Lcd_Out14
0x00AD	0x082A      	MOVF       FARG_Lcd_Out_row, 0
0x00AE	0x3A03      	XORLW      3
0x00AF	0x1903      	BTFSC      STATUS, 2
0x00B0	0x289C      	GOTO       L_Lcd_Out15
0x00B1	0x082A      	MOVF       FARG_Lcd_Out_row, 0
0x00B2	0x3A04      	XORLW      4
0x00B3	0x1903      	BTFSC      STATUS, 2
0x00B4	0x289F      	GOTO       L_Lcd_Out16
0x00B5	0x28A2      	GOTO       L_Lcd_Out17
L_Lcd_Out12:
;__Lib_Lcd.c,194 :: 		
0x00B6	0x032B      	DECF       FARG_Lcd_Out_column, 0
0x00B7	0x00C0      	MOVWF      R0
0x00B8	0x082A      	MOVF       FARG_Lcd_Out_row, 0
0x00B9	0x07C0      	ADDWF      R0, 1
0x00BA	0x0840      	MOVF       R0, 0
0x00BB	0x00AA      	MOVWF      FARG_Lcd_Out_row
;__Lib_Lcd.c,196 :: 		
0x00BC	0x0840      	MOVF       R0, 0
0x00BD	0x00B1      	MOVWF      FARG_Lcd_Cmd_out_char
0x00BE	0x2016      	CALL       _Lcd_Cmd
;__Lib_Lcd.c,197 :: 		
0x00BF	0x1027      	BCF        __Lib_Lcd_cmd_status, BitPos(__Lib_Lcd_cmd_status+0)
;__Lib_Lcd.c,198 :: 		
0x00C0	0x01AD      	CLRF       Lcd_Out_i_L0
;__Lib_Lcd.c,199 :: 		
L_Lcd_Out18:
0x00C1	0x082D      	MOVF       Lcd_Out_i_L0, 0
0x00C2	0x072C      	ADDWF      FARG_Lcd_Out_text, 0
0x00C3	0x0084      	MOVWF      FSR
0x00C4	0x0800      	MOVF       INDF, 0
0x00C5	0x1903      	BTFSC      STATUS, 2
0x00C6	0x28CF      	GOTO       L_Lcd_Out19
;__Lib_Lcd.c,200 :: 		
0x00C7	0x082D      	MOVF       Lcd_Out_i_L0, 0
0x00C8	0x072C      	ADDWF      FARG_Lcd_Out_text, 0
0x00C9	0x0084      	MOVWF      FSR
0x00CA	0x0800      	MOVF       INDF, 0
0x00CB	0x00AE      	MOVWF      FARG_Lcd_Chr_CP_out_char
0x00CC	0x208D      	CALL       _Lcd_Chr_CP
0x00CD	0x0AAD      	INCF       Lcd_Out_i_L0, 1
0x00CE	0x28C1      	GOTO       L_Lcd_Out18
L_Lcd_Out19:
;__Lib_Lcd.c,201 :: 		
0x00CF	0x1427      	BSF        __Lib_Lcd_cmd_status, BitPos(__Lib_Lcd_cmd_status+0)
;__Lib_Lcd.c,202 :: 		
0x00D0	0x0008      	RETURN
; end of _Lcd_Out
_Lcd_Init:
;__Lib_Lcd.c,84 :: 		
;__Lib_Lcd.c,86 :: 		
0x00D1	0x1683      	BSF        STATUS, 5
0x00D2	0x1286      	BCF        LCD_EN_Direction, BitPos(LCD_EN_Direction+0)
;__Lib_Lcd.c,87 :: 		
0x00D3	0x1206      	BCF        LCD_RS_Direction, BitPos(LCD_RS_Direction+0)
;__Lib_Lcd.c,88 :: 		
0x00D4	0x1006      	BCF        LCD_D4_Direction, BitPos(LCD_D4_Direction+0)
;__Lib_Lcd.c,89 :: 		
0x00D5	0x1086      	BCF        LCD_D5_Direction, BitPos(LCD_D5_Direction+0)
;__Lib_Lcd.c,90 :: 		
0x00D6	0x1106      	BCF        LCD_D6_Direction, BitPos(LCD_D6_Direction+0)
;__Lib_Lcd.c,91 :: 		
0x00D7	0x1186      	BCF        LCD_D7_Direction, BitPos(LCD_D7_Direction+0)
;__Lib_Lcd.c,93 :: 		
0x00D8	0x1283      	BCF        STATUS, 5
0x00D9	0x1286      	BCF        LCD_EN, BitPos(LCD_EN+0)
;__Lib_Lcd.c,94 :: 		
0x00DA	0x1206      	BCF        LCD_RS, BitPos(LCD_RS+0)
;__Lib_Lcd.c,95 :: 		
0x00DB	0x1186      	BCF        LCD_D7, BitPos(LCD_D7+0)
;__Lib_Lcd.c,96 :: 		
0x00DC	0x1106      	BCF        LCD_D6, BitPos(LCD_D6+0)
;__Lib_Lcd.c,97 :: 		
0x00DD	0x1086      	BCF        LCD_D5, BitPos(LCD_D5+0)
;__Lib_Lcd.c,98 :: 		
0x00DE	0x1006      	BCF        LCD_D4, BitPos(LCD_D4+0)
;__Lib_Lcd.c,100 :: 		
0x00DF	0x200C      	CALL       _Delay_5500us
;__Lib_Lcd.c,101 :: 		
0x00E0	0x200C      	CALL       _Delay_5500us
;__Lib_Lcd.c,102 :: 		
0x00E1	0x200C      	CALL       _Delay_5500us
;__Lib_Lcd.c,105 :: 		
0x00E2	0x1486      	BSF        LCD_D5, BitPos(LCD_D5+0)
;__Lib_Lcd.c,106 :: 		
0x00E3	0x1406      	BSF        LCD_D4, BitPos(LCD_D4+0)
;__Lib_Lcd.c,107 :: 		
0x00E4	0x1686      	BSF        LCD_EN, BitPos(LCD_EN+0)
;__Lib_Lcd.c,108 :: 		
0x00E5	0x200A      	CALL       _Delay_1us
;__Lib_Lcd.c,109 :: 		
0x00E6	0x1286      	BCF        LCD_EN, BitPos(LCD_EN+0)
;__Lib_Lcd.c,110 :: 		
0x00E7	0x200C      	CALL       _Delay_5500us
;__Lib_Lcd.c,112 :: 		
0x00E8	0x1686      	BSF        LCD_EN, BitPos(LCD_EN+0)
;__Lib_Lcd.c,113 :: 		
0x00E9	0x200A      	CALL       _Delay_1us
;__Lib_Lcd.c,114 :: 		
0x00EA	0x1286      	BCF        LCD_EN, BitPos(LCD_EN+0)
;__Lib_Lcd.c,115 :: 		
0x00EB	0x200C      	CALL       _Delay_5500us
;__Lib_Lcd.c,117 :: 		
0x00EC	0x1686      	BSF        LCD_EN, BitPos(LCD_EN+0)
;__Lib_Lcd.c,118 :: 		
0x00ED	0x200A      	CALL       _Delay_1us
;__Lib_Lcd.c,119 :: 		
0x00EE	0x1286      	BCF        LCD_EN, BitPos(LCD_EN+0)
;__Lib_Lcd.c,120 :: 		
0x00EF	0x200C      	CALL       _Delay_5500us
;__Lib_Lcd.c,123 :: 		
0x00F0	0x1006      	BCF        LCD_D4, BitPos(LCD_D4+0)
;__Lib_Lcd.c,124 :: 		
0x00F1	0x1686      	BSF        LCD_EN, BitPos(LCD_EN+0)
;__Lib_Lcd.c,125 :: 		
0x00F2	0x200A      	CALL       _Delay_1us
;__Lib_Lcd.c,126 :: 		
0x00F3	0x1286      	BCF        LCD_EN, BitPos(LCD_EN+0)
;__Lib_Lcd.c,127 :: 		
0x00F4	0x200C      	CALL       _Delay_5500us
;__Lib_Lcd.c,130 :: 		
0x00F5	0x1686      	BSF        LCD_EN, BitPos(LCD_EN+0)
;__Lib_Lcd.c,131 :: 		
0x00F6	0x200A      	CALL       _Delay_1us
;__Lib_Lcd.c,132 :: 		
0x00F7	0x1286      	BCF        LCD_EN, BitPos(LCD_EN+0)
;__Lib_Lcd.c,134 :: 		
0x00F8	0x1086      	BCF        LCD_D5, BitPos(LCD_D5+0)
;__Lib_Lcd.c,135 :: 		
0x00F9	0x1586      	BSF        LCD_D7, BitPos(LCD_D7+0)
;__Lib_Lcd.c,136 :: 		
0x00FA	0x1686      	BSF        LCD_EN, BitPos(LCD_EN+0)
;__Lib_Lcd.c,137 :: 		
0x00FB	0x200A      	CALL       _Delay_1us
;__Lib_Lcd.c,138 :: 		
0x00FC	0x1286      	BCF        LCD_EN, BitPos(LCD_EN+0)
;__Lib_Lcd.c,139 :: 		
0x00FD	0x200C      	CALL       _Delay_5500us
;__Lib_Lcd.c,142 :: 		
0x00FE	0x1186      	BCF        LCD_D7, BitPos(LCD_D7+0)
;__Lib_Lcd.c,143 :: 		
0x00FF	0x1406      	BSF        LCD_D4, BitPos(LCD_D4+0)
;__Lib_Lcd.c,144 :: 		
0x0100	0x1686      	BSF        LCD_EN, BitPos(LCD_EN+0)
;__Lib_Lcd.c,145 :: 		
0x0101	0x200A      	CALL       _Delay_1us
;__Lib_Lcd.c,146 :: 		
0x0102	0x1286      	BCF        LCD_EN, BitPos(LCD_EN+0)
;__Lib_Lcd.c,148 :: 		
0x0103	0x1006      	BCF        LCD_D4, BitPos(LCD_D4+0)
;__Lib_Lcd.c,149 :: 		
0x0104	0x1686      	BSF        LCD_EN, BitPos(LCD_EN+0)
;__Lib_Lcd.c,150 :: 		
0x0105	0x200A      	CALL       _Delay_1us
;__Lib_Lcd.c,151 :: 		
0x0106	0x1286      	BCF        LCD_EN, BitPos(LCD_EN+0)
;__Lib_Lcd.c,152 :: 		
0x0107	0x200C      	CALL       _Delay_5500us
;__Lib_Lcd.c,155 :: 		
0x0108	0x1686      	BSF        LCD_EN, BitPos(LCD_EN+0)
;__Lib_Lcd.c,156 :: 		
0x0109	0x200A      	CALL       _Delay_1us
;__Lib_Lcd.c,157 :: 		
0x010A	0x1286      	BCF        LCD_EN, BitPos(LCD_EN+0)
;__Lib_Lcd.c,159 :: 		
0x010B	0x1406      	BSF        LCD_D4, BitPos(LCD_D4+0)
;__Lib_Lcd.c,160 :: 		
0x010C	0x1686      	BSF        LCD_EN, BitPos(LCD_EN+0)
;__Lib_Lcd.c,161 :: 		
0x010D	0x200A      	CALL       _Delay_1us
;__Lib_Lcd.c,162 :: 		
0x010E	0x1286      	BCF        LCD_EN, BitPos(LCD_EN+0)
;__Lib_Lcd.c,163 :: 		
0x010F	0x200C      	CALL       _Delay_5500us
;__Lib_Lcd.c,166 :: 		
0x0110	0x1006      	BCF        LCD_D4, BitPos(LCD_D4+0)
;__Lib_Lcd.c,167 :: 		
0x0111	0x1686      	BSF        LCD_EN, BitPos(LCD_EN+0)
;__Lib_Lcd.c,168 :: 		
0x0112	0x200A      	CALL       _Delay_1us
;__Lib_Lcd.c,169 :: 		
0x0113	0x1286      	BCF        LCD_EN, BitPos(LCD_EN+0)
;__Lib_Lcd.c,171 :: 		
0x0114	0x1586      	BSF        LCD_D7, BitPos(LCD_D7+0)
;__Lib_Lcd.c,172 :: 		
0x0115	0x1506      	BSF        LCD_D6, BitPos(LCD_D6+0)
;__Lib_Lcd.c,173 :: 		
0x0116	0x1486      	BSF        LCD_D5, BitPos(LCD_D5+0)
;__Lib_Lcd.c,174 :: 		
0x0117	0x1406      	BSF        LCD_D4, BitPos(LCD_D4+0)
;__Lib_Lcd.c,175 :: 		
0x0118	0x1686      	BSF        LCD_EN, BitPos(LCD_EN+0)
;__Lib_Lcd.c,176 :: 		
0x0119	0x200A      	CALL       _Delay_1us
;__Lib_Lcd.c,177 :: 		
0x011A	0x1286      	BCF        LCD_EN, BitPos(LCD_EN+0)
;__Lib_Lcd.c,179 :: 		
0x011B	0x200C      	CALL       _Delay_5500us
;__Lib_Lcd.c,181 :: 		
0x011C	0x1427      	BSF        __Lib_Lcd_cmd_status, BitPos(__Lib_Lcd_cmd_status+0)
;__Lib_Lcd.c,182 :: 		
0x011D	0x0008      	RETURN
; end of _Lcd_Init
_CustomChar:
;Curso-PIC-MikroC_Pro_aula_42_LCD_Message_Shift.c,26 :: 		void CustomChar(char pos_row, char pos_char) {
;Curso-PIC-MikroC_Pro_aula_42_LCD_Message_Shift.c,28 :: 		Lcd_Cmd(64);
0x011E	0x3040      	MOVLW      64
0x011F	0x1283      	BCF        STATUS, 5
0x0120	0x00B1      	MOVWF      FARG_Lcd_Cmd_out_char
0x0121	0x2016      	CALL       _Lcd_Cmd
;Curso-PIC-MikroC_Pro_aula_42_LCD_Message_Shift.c,29 :: 		for (i = 0; i<=7; i++) Lcd_Chr_CP(smile[i]);
0x0122	0x01AC      	CLRF       CustomChar_i_L0
L_CustomChar0:
0x0123	0x082C      	MOVF       CustomChar_i_L0, 0
0x0124	0x3C07      	SUBLW      7
0x0125	0x1C03      	BTFSS      STATUS, 0
0x0126	0x2939      	GOTO       L_CustomChar1
0x0127	0x082C      	MOVF       CustomChar_i_L0, 0
0x0128	0x3ED7      	ADDLW      _smile
0x0129	0x00C0      	MOVWF      R0
0x012A	0x3001      	MOVLW      hi_addr(_smile)
0x012B	0x1803      	BTFSC      STATUS, 0
0x012C	0x3E01      	ADDLW      1
0x012D	0x00C1      	MOVWF      R0+1
0x012E	0x0840      	MOVF       R0, 0
0x012F	0x00A8      	MOVWF      ___DoICPAddr
0x0130	0x0841      	MOVF       R0+1, 0
0x0131	0x00A9      	MOVWF      ___DoICPAddr+1
0x0132	0x2055      	CALL       _____DoICP
0x0133	0x118A      	BCF        PCLATH, 3
0x0134	0x120A      	BCF        PCLATH, 4
0x0135	0x00AE      	MOVWF      FARG_Lcd_Chr_CP_out_char
0x0136	0x208D      	CALL       _Lcd_Chr_CP
0x0137	0x0AAC      	INCF       CustomChar_i_L0, 1
0x0138	0x2923      	GOTO       L_CustomChar0
L_CustomChar1:
;Curso-PIC-MikroC_Pro_aula_42_LCD_Message_Shift.c,30 :: 		Lcd_Cmd(_LCD_RETURN_HOME);
0x0139	0x3002      	MOVLW      2
0x013A	0x00B1      	MOVWF      FARG_Lcd_Cmd_out_char
0x013B	0x2016      	CALL       _Lcd_Cmd
;Curso-PIC-MikroC_Pro_aula_42_LCD_Message_Shift.c,31 :: 		Lcd_Chr(pos_row, pos_char, 0);
0x013C	0x082A      	MOVF       FARG_CustomChar_pos_row, 0
0x013D	0x00AE      	MOVWF      FARG_Lcd_Chr_row
0x013E	0x082B      	MOVF       FARG_CustomChar_pos_char, 0
0x013F	0x00AF      	MOVWF      FARG_Lcd_Chr_column
0x0140	0x01B0      	CLRF       FARG_Lcd_Chr_out_char
0x0141	0x205B      	CALL       _Lcd_Chr
;Curso-PIC-MikroC_Pro_aula_42_LCD_Message_Shift.c,32 :: 		}
0x0142	0x0008      	RETURN
; end of _CustomChar
___CC2DW:
;__Lib_System.c,24 :: 		
;__Lib_System.c,27 :: 		
_CC2D_Loop1:
;__Lib_System.c,29 :: 		
0x0143	0x2055      	CALL       _____DoICP
0x0144	0x118A      	BCF        PCLATH, 3
0x0145	0x120A      	BCF        PCLATH, 4
;__Lib_System.c,31 :: 		
0x0146	0x0080      	MOVWF      INDF
;__Lib_System.c,32 :: 		
0x0147	0x0A84      	INCF       FSR, 1
;__Lib_System.c,33 :: 		
0x0148	0x0AA8      	INCF       ___DoICPAddr, 1
;__Lib_System.c,35 :: 		
0x0149	0x1903      	BTFSC      STATUS, 2
;__Lib_System.c,36 :: 		
0x014A	0x0AA9      	INCF       ___DoICPAddr+1, 1
;__Lib_System.c,37 :: 		
0x014B	0x03C0      	DECF       R0, 1
;__Lib_System.c,39 :: 		
0x014C	0x1D03      	BTFSS      STATUS, 2
;__Lib_System.c,40 :: 		
0x014D	0x2943      	GOTO       _CC2D_Loop1
;__Lib_System.c,42 :: 		
0x014E	0x0008      	RETURN
; end of ___CC2DW
_main:
0x014F	0x3041      	MOVLW      65
0x0150	0x1283      	BCF        STATUS, 5
0x0151	0x008C      	MOVWF      ?lstr2_Curso_45PIC_45MikroC_Pro_aula_42_LCD_Message_Shift
0x0152	0x3072      	MOVLW      114
0x0153	0x008D      	MOVWF      13
0x0154	0x3064      	MOVLW      100
0x0155	0x008E      	MOVWF      14
0x0156	0x3075      	MOVLW      117
0x0157	0x008F      	MOVWF      15
0x0158	0x3069      	MOVLW      105
0x0159	0x0090      	MOVWF      16
0x015A	0x306E      	MOVLW      110
0x015B	0x0091      	MOVWF      17
0x015C	0x306F      	MOVLW      111
0x015D	0x0092      	MOVWF      18
0x015E	0x3042      	MOVLW      66
0x015F	0x0093      	MOVWF      19
0x0160	0x3079      	MOVLW      121
0x0161	0x0094      	MOVWF      20
0x0162	0x304D      	MOVLW      77
0x0163	0x0095      	MOVWF      21
0x0164	0x3079      	MOVLW      121
0x0165	0x0096      	MOVWF      22
0x0166	0x3053      	MOVLW      83
0x0167	0x0097      	MOVWF      23
0x0168	0x3065      	MOVLW      101
0x0169	0x0098      	MOVWF      24
0x016A	0x306C      	MOVLW      108
0x016B	0x0099      	MOVWF      25
0x016C	0x3066      	MOVLW      102
0x016D	0x009A      	MOVWF      26
0x016E	0x019B      	CLRF       27
0x016F	0x3020      	MOVLW      32
0x0170	0x009C      	MOVWF      ?lstr1_Curso_45PIC_45MikroC_Pro_aula_42_LCD_Message_Shift
0x0171	0x3020      	MOVLW      32
0x0172	0x009D      	MOVWF      29
0x0173	0x3020      	MOVLW      32
0x0174	0x009E      	MOVWF      30
0x0175	0x3020      	MOVLW      32
0x0176	0x009F      	MOVWF      31
0x0177	0x3020      	MOVLW      32
0x0178	0x00A0      	MOVWF      32
0x0179	0x3041      	MOVLW      65
0x017A	0x00A1      	MOVWF      33
0x017B	0x3042      	MOVLW      66
0x017C	0x00A2      	MOVWF      34
0x017D	0x304D      	MOVLW      77
0x017E	0x00A3      	MOVWF      35
0x017F	0x3053      	MOVLW      83
0x0180	0x00A4      	MOVWF      36
0x0181	0x01A5      	CLRF       37
;Curso-PIC-MikroC_Pro_aula_42_LCD_Message_Shift.c,34 :: 		void main() {
;Curso-PIC-MikroC_Pro_aula_42_LCD_Message_Shift.c,35 :: 		Lcd_Init();// inicializa o LCD
0x0182	0x20D1      	CALL       _Lcd_Init
;Curso-PIC-MikroC_Pro_aula_42_LCD_Message_Shift.c,36 :: 		Lcd_Cmd(_LCD_CURSOR_OFF);// não mostrar o cursor
0x0183	0x300C      	MOVLW      12
0x0184	0x00B1      	MOVWF      FARG_Lcd_Cmd_out_char
0x0185	0x2016      	CALL       _Lcd_Cmd
;Curso-PIC-MikroC_Pro_aula_42_LCD_Message_Shift.c,37 :: 		Lcd_Out(1,1,"     ABMS"); // apresenta mensagem Inicial
0x0186	0x3001      	MOVLW      1
0x0187	0x00AA      	MOVWF      FARG_Lcd_Out_row
0x0188	0x3001      	MOVLW      1
0x0189	0x00AB      	MOVWF      FARG_Lcd_Out_column
0x018A	0x301C      	MOVLW      ?lstr1_Curso_45PIC_45MikroC_Pro_aula_42_LCD_Message_Shift
0x018B	0x00AC      	MOVWF      FARG_Lcd_Out_text
0x018C	0x2094      	CALL       _Lcd_Out
;Curso-PIC-MikroC_Pro_aula_42_LCD_Message_Shift.c,38 :: 		CustomChar(1,11);
0x018D	0x3001      	MOVLW      1
0x018E	0x00AA      	MOVWF      FARG_CustomChar_pos_row
0x018F	0x300B      	MOVLW      11
0x0190	0x00AB      	MOVWF      FARG_CustomChar_pos_char
0x0191	0x211E      	CALL       _CustomChar
;Curso-PIC-MikroC_Pro_aula_42_LCD_Message_Shift.c,39 :: 		Lcd_Out(2,1,"ArduinoByMySelf");
0x0192	0x3002      	MOVLW      2
0x0193	0x00AA      	MOVWF      FARG_Lcd_Out_row
0x0194	0x3001      	MOVLW      1
0x0195	0x00AB      	MOVWF      FARG_Lcd_Out_column
0x0196	0x300C      	MOVLW      ?lstr2_Curso_45PIC_45MikroC_Pro_aula_42_LCD_Message_Shift
0x0197	0x00AC      	MOVWF      FARG_Lcd_Out_text
0x0198	0x2094      	CALL       _Lcd_Out
;Curso-PIC-MikroC_Pro_aula_42_LCD_Message_Shift.c,43 :: 		while(1){
L_main3:
;Curso-PIC-MikroC_Pro_aula_42_LCD_Message_Shift.c,44 :: 		for(contador = 0; contador < 16; contador++){
0x0199	0x01A6      	CLRF       _contador
L_main5:
0x019A	0x3010      	MOVLW      16
0x019B	0x0226      	SUBWF      _contador, 0
0x019C	0x1803      	BTFSC      STATUS, 0
0x019D	0x29AD      	GOTO       L_main6
;Curso-PIC-MikroC_Pro_aula_42_LCD_Message_Shift.c,45 :: 		Lcd_Cmd(_LCD_SHIFT_RIGHT);
0x019E	0x301C      	MOVLW      28
0x019F	0x00B1      	MOVWF      FARG_Lcd_Cmd_out_char
0x01A0	0x2016      	CALL       _Lcd_Cmd
;Curso-PIC-MikroC_Pro_aula_42_LCD_Message_Shift.c,46 :: 		delay_ms(100);
0x01A1	0x3082      	MOVLW      130
0x01A2	0x00CC      	MOVWF      R12
0x01A3	0x30DD      	MOVLW      221
0x01A4	0x00CD      	MOVWF      R13
L_main8:
0x01A5	0x0BCD      	DECFSZ     R13, 1
0x01A6	0x29A5      	GOTO       L_main8
0x01A7	0x0BCC      	DECFSZ     R12, 1
0x01A8	0x29A5      	GOTO       L_main8
0x01A9	0x0000      	NOP
0x01AA	0x0000      	NOP
;Curso-PIC-MikroC_Pro_aula_42_LCD_Message_Shift.c,44 :: 		for(contador = 0; contador < 16; contador++){
0x01AB	0x0AA6      	INCF       _contador, 1
;Curso-PIC-MikroC_Pro_aula_42_LCD_Message_Shift.c,47 :: 		}
0x01AC	0x299A      	GOTO       L_main5
L_main6:
;Curso-PIC-MikroC_Pro_aula_42_LCD_Message_Shift.c,48 :: 		for(contador = 0; contador < 32; contador++){
0x01AD	0x01A6      	CLRF       _contador
L_main9:
0x01AE	0x3020      	MOVLW      32
0x01AF	0x0226      	SUBWF      _contador, 0
0x01B0	0x1803      	BTFSC      STATUS, 0
0x01B1	0x29C1      	GOTO       L_main10
;Curso-PIC-MikroC_Pro_aula_42_LCD_Message_Shift.c,49 :: 		Lcd_Cmd(_LCD_SHIFT_LEFT);
0x01B2	0x3018      	MOVLW      24
0x01B3	0x00B1      	MOVWF      FARG_Lcd_Cmd_out_char
0x01B4	0x2016      	CALL       _Lcd_Cmd
;Curso-PIC-MikroC_Pro_aula_42_LCD_Message_Shift.c,50 :: 		delay_ms(100);
0x01B5	0x3082      	MOVLW      130
0x01B6	0x00CC      	MOVWF      R12
0x01B7	0x30DD      	MOVLW      221
0x01B8	0x00CD      	MOVWF      R13
L_main12:
0x01B9	0x0BCD      	DECFSZ     R13, 1
0x01BA	0x29B9      	GOTO       L_main12
0x01BB	0x0BCC      	DECFSZ     R12, 1
0x01BC	0x29B9      	GOTO       L_main12
0x01BD	0x0000      	NOP
0x01BE	0x0000      	NOP
;Curso-PIC-MikroC_Pro_aula_42_LCD_Message_Shift.c,48 :: 		for(contador = 0; contador < 32; contador++){
0x01BF	0x0AA6      	INCF       _contador, 1
;Curso-PIC-MikroC_Pro_aula_42_LCD_Message_Shift.c,51 :: 		}
0x01C0	0x29AE      	GOTO       L_main9
L_main10:
;Curso-PIC-MikroC_Pro_aula_42_LCD_Message_Shift.c,52 :: 		for(contador = 0; contador < 16; contador++){
0x01C1	0x01A6      	CLRF       _contador
L_main13:
0x01C2	0x3010      	MOVLW      16
0x01C3	0x0226      	SUBWF      _contador, 0
0x01C4	0x1803      	BTFSC      STATUS, 0
0x01C5	0x29D5      	GOTO       L_main14
;Curso-PIC-MikroC_Pro_aula_42_LCD_Message_Shift.c,53 :: 		Lcd_Cmd(_LCD_SHIFT_RIGHT);
0x01C6	0x301C      	MOVLW      28
0x01C7	0x00B1      	MOVWF      FARG_Lcd_Cmd_out_char
0x01C8	0x2016      	CALL       _Lcd_Cmd
;Curso-PIC-MikroC_Pro_aula_42_LCD_Message_Shift.c,54 :: 		delay_ms(100);
0x01C9	0x3082      	MOVLW      130
0x01CA	0x00CC      	MOVWF      R12
0x01CB	0x30DD      	MOVLW      221
0x01CC	0x00CD      	MOVWF      R13
L_main16:
0x01CD	0x0BCD      	DECFSZ     R13, 1
0x01CE	0x29CD      	GOTO       L_main16
0x01CF	0x0BCC      	DECFSZ     R12, 1
0x01D0	0x29CD      	GOTO       L_main16
0x01D1	0x0000      	NOP
0x01D2	0x0000      	NOP
;Curso-PIC-MikroC_Pro_aula_42_LCD_Message_Shift.c,52 :: 		for(contador = 0; contador < 16; contador++){
0x01D3	0x0AA6      	INCF       _contador, 1
;Curso-PIC-MikroC_Pro_aula_42_LCD_Message_Shift.c,55 :: 		}
0x01D4	0x29C2      	GOTO       L_main13
L_main14:
;Curso-PIC-MikroC_Pro_aula_42_LCD_Message_Shift.c,56 :: 		}
0x01D5	0x2999      	GOTO       L_main3
;Curso-PIC-MikroC_Pro_aula_42_LCD_Message_Shift.c,57 :: 		}
0x01D6	0x29D6      	GOTO       $+0
; end of _main
;Curso-PIC-MikroC_Pro_aula_42_LCD_Message_Shift.c,24 :: _smile
0x01D7	0x3400 ;_smile+0
0x01D8	0x340A ;_smile+1
0x01D9	0x340A ;_smile+2
0x01DA	0x3400 ;_smile+3
0x01DB	0x3411 ;_smile+4
0x01DC	0x340E ;_smile+5
0x01DD	0x3400 ;_smile+6
0x01DE	0x3400 ;_smile+7
; end of _smile
Symbol List:
//** Routines locations **
//ADDRESS    SIZE    PROCEDURE
//----------------------------------------------
0x0003       [7]    _Delay_50us
0x000A       [2]    _Delay_1us
0x000C      [10]    _Delay_5500us
0x0016      [63]    _Lcd_Cmd
0x0055       [6]    _____DoICP
0x005B      [50]    _Lcd_Chr
0x008D       [7]    _Lcd_Chr_CP
0x0094      [61]    _Lcd_Out
0x00D1      [77]    _Lcd_Init
0x011E      [37]    _CustomChar
0x0143      [12]    ___CC2DW
0x014F     [136]    _main
//** Variables locations ** 
//ADDRESS    SIZE    VARIABLE
//----------------------------------------------
0x0000       [1]    INDF
0x0001       [1]    TMR0
0x0002       [1]    PCL
0x0003       [0]    RP1_bit
0x0003       [0]    NOT_TO_bit
0x0003       [0]    IRP_bit
0x0003       [1]    STATUS
0x0003       [0]    Z_bit
0x0003       [0]    DC_bit
0x0003       [0]    C_bit
0x0003       [0]    RP0_bit
0x0003       [0]    NOT_PD_bit
0x0004       [1]    FSRPTR
0x0004       [1]    FSR
0x0005       [0]    RA2_bit
0x0005       [0]    RA1_bit
0x0005       [0]    RA0_bit
0x0005       [0]    RA4_bit
0x0005       [1]    PORTA
0x0005       [0]    RA3_bit
0x0006       [1]    PORTB
0x0006       [0]    LCD_D4
0x0006       [0]    RB1_bit
0x0006       [0]    RB0_bit
0x0006       [0]    LCD_EN
0x0006       [0]    LCD_D5
0x0006       [0]    LCD_D6
0x0006       [0]    LCD_RS
0x0006       [0]    LCD_D7
0x0006       [0]    RB6_bit
0x0006       [0]    RB7_bit
0x0006       [0]    RB5_bit
0x0006       [0]    RB4_bit
0x0006       [0]    RB2_bit
0x0006       [0]    RB3_bit
0x0008       [1]    EEDATA
0x0009       [1]    EEADR
0x000A       [1]    PCLATH
0x000B       [0]    RBIE_bit
0x000B       [0]    EEIE_bit
0x000B       [0]    GIE_bit
0x000B       [0]    INTE_bit
0x000B       [0]    T0IE_bit
0x000B       [0]    T0IF_bit
0x000B       [1]    INTCON
0x000B       [0]    RBIF_bit
0x000B       [0]    INTF_bit
0x000C      [16]    ?lstr2_Curso_45PIC_45MikroC_Pro_aula_42_LCD_Message_Shift
0x001C      [10]    ?lstr1_Curso_45PIC_45MikroC_Pro_aula_42_LCD_Message_Shift
0x0026       [1]    _contador
0x0027       [0]    __Lib_Lcd_cmd_status
0x0028       [2]    ___DoICPAddr
0x002A       [1]    FARG_CustomChar_pos_row
0x002A       [1]    FARG_Lcd_Out_row
0x002B       [1]    FARG_Lcd_Out_column
0x002B       [1]    FARG_CustomChar_pos_char
0x002C       [1]    FARG_Lcd_Out_text
0x002C       [1]    CustomChar_i_L0
0x002D       [1]    Lcd_Out_i_L0
0x002E       [1]    FARG_Lcd_Chr_row
0x002E       [1]    FARG_Lcd_Chr_CP_out_char
0x002F       [1]    FARG_Lcd_Chr_column
0x0030       [1]    FARG_Lcd_Chr_out_char
0x0031       [1]    FARG_Lcd_Cmd_out_char
0x0040       [1]    R0
0x0041       [1]    R1
0x0042       [1]    R2
0x0043       [1]    R3
0x0044       [1]    R4
0x0045       [1]    R5
0x0046       [1]    R6
0x0047       [1]    R7
0x0048       [1]    R8
0x0049       [1]    R9
0x004A       [1]    R10
0x004B       [1]    R11
0x004C       [1]    R12
0x004D       [1]    R13
0x004E       [1]    R14
0x004F       [1]    R15
0x0081       [0]    T0SE_bit
0x0081       [0]    PSA_bit
0x0081       [0]    T0CS_bit
0x0081       [0]    NOT_RBPU_bit
0x0081       [0]    INTEDG_bit
0x0081       [0]    PS0_bit
0x0081       [1]    OPTION_REG
0x0081       [0]    PS2_bit
0x0081       [0]    PS1_bit
0x0085       [1]    TRISA
0x0085       [0]    TRISA3_bit
0x0085       [0]    TRISA4_bit
0x0085       [0]    TRISA2_bit
0x0085       [0]    TRISA0_bit
0x0085       [0]    TRISA1_bit
0x0086       [0]    TRISB4_bit
0x0086       [0]    TRISB5_bit
0x0086       [0]    TRISB6_bit
0x0086       [0]    TRISB3_bit
0x0086       [0]    TRISB1_bit
0x0086       [0]    TRISB2_bit
0x0086       [0]    TRISB0_bit
0x0086       [1]    TRISB
0x0086       [0]    LCD_D7_Direction
0x0086       [0]    LCD_RS_Direction
0x0086       [0]    LCD_EN_Direction
0x0086       [0]    LCD_D6_Direction
0x0086       [0]    TRISB7_bit
0x0086       [0]    LCD_D4_Direction
0x0086       [0]    LCD_D5_Direction
0x0088       [0]    WREN_bit
0x0088       [0]    WRERR_bit
0x0088       [0]    EEIF_bit
0x0088       [0]    WR_bit
0x0088       [1]    EECON1
0x0088       [0]    RD_bit
0x0089       [1]    EECON2
//** Constants locations ** 
//ADDRESS    SIZE    CONSTANT
//----------------------------------------------
0x01D7       [8]    _smile
//** Label List: ** 
//----------------------------------------------
  L_CustomChar0
  L_CustomChar1
  L_CustomChar2
  L_main3
  L_main4
  L_main5
  L_main6
  L_main7
  L_main8
  L_main9
  L_main10
  L_main11
  L_main12
  L_main13
  L_main14
  L_main15
  L_main16
  _CustomChar
  _main
  L_Delay_10us0
  L_Delay_22us1
  L_Delay_50us2
  L_Delay_80us3
  L_Delay_500us4
  L_Delay_5500us5
  L_Delay_1ms6
  L_Delay_5ms7
  L_Delay_8ms8
  L_Delay_100ms9
  L_Delay_1sec10
  L_boot16_Delay_5ms11
  L_Delay_Cyc12
  L_Delay_Cyc13
  L_VDelay_ms14
  L_VDelay_ms15
  L_VDelay_ms16
  L_VDelay_Advanced_ms17
  L_VDelay_Advanced_ms18
  L_VDelay_Advanced_ms19
  _Get_Fosc_kHz
  _Delay_1us
  _Delay_10us
  _Delay_22us
  _Delay_50us
  _Delay_80us
  _Delay_500us
  _Delay_5500us
  _Delay_1ms
  _Delay_5ms
  _Delay_8ms
  _Delay_100ms
  _Delay_1sec
  _boot16_Delay_5ms
  _Delay_Cyc
  _VDelay_ms
  L__VDelay_ms20
  L__VDelay_ms21
  L__VDelay_ms22
  _VDelay_Advanced_ms
  L__VDelay_Advanced_ms23
  L__VDelay_Advanced_ms24
  L__VDelay_Advanced_ms25
  L_Lcd_Cmd0
  L_Lcd_Cmd1
  L_Lcd_Out_CP2
  L_Lcd_Out_CP3
  L_Lcd_Chr4
  L_Lcd_Chr5
  L_Lcd_Chr6
  L_Lcd_Chr7
  L_Lcd_Chr8
  L_Lcd_Chr9
  L_Lcd_Chr10
  L_Lcd_Out11
  L_Lcd_Out12
  L_Lcd_Out13
  L_Lcd_Out14
  L_Lcd_Out15
  L_Lcd_Out16
  L_Lcd_Out17
  L_Lcd_Out18
  L_Lcd_Out19
  _Lcd_Cmd
  L__Lcd_Cmd20
  L__Lcd_Cmd21
  L__Lcd_Cmd22
  L__Lcd_Cmd23
  L__Lcd_Cmd24
  L__Lcd_Cmd25
  L__Lcd_Cmd26
  L__Lcd_Cmd27
  L__Lcd_Cmd28
  L__Lcd_Cmd29
  L__Lcd_Cmd30
  L__Lcd_Cmd31
  L__Lcd_Cmd32
  L__Lcd_Cmd33
  L__Lcd_Cmd34
  L__Lcd_Cmd35
  L__Lcd_Cmd36
  L__Lcd_Cmd37
  L__Lcd_Cmd38
  L__Lcd_Cmd39
  _Lcd_Chr_CP
  _Lcd_Out_CP
  _Lcd_Chr
  _Lcd_Init
  _Lcd_Out
  _CC2D_Loop1
  _____DoICP
  _____DoIFC
  ___CC2DW
  _Swap
