MPASM  5.51                       AULA049.ASM   6-13-2023  15:06:56         PAGE  1


LOC  OBJECT CODE     LINE SOURCE TEXT
  VALUE

                      00001         TITLE           "AULA49 - INTERRUPÇÃO EXTERNA POR RB COM 4 BOTÕES"
                      00002         PROCESSOR       16F84A
                      00003         #INCLUDE        <P16F84A.INC>
                      00001         LIST
                      00002 
                      00003 ;==========================================================================
                      00004 ;  MPASM PIC16F84A processor include
                      00005 ; 
                      00006 ;  (c) Copyright 1999-2013 Microchip Technology, All rights reserved
                      00007 ;==========================================================================
                      00008 
                      00208         LIST
2007   3FF1           00004         __CONFIG        _XT_OSC & _CP_OFF & _WDT_OFF & _PWRTE_ON
                      00005 
                      00006 ;++++++++++++++++++++++++++++++++++++++++++++++++++++++++++++++++++++++++++++++
                      00007 
                      00008         ;REGISTRADORES BANCO 0
                      00009         #DEFINE         CH_GERAL        INTCON, GIE                             ;BIT 7
                      00010         #DEFINE         INT_RB          INTCON, RBIE                    ;BIT 3
                      00011         #DEFINE         FLAG_RB         INTCON, RBIF                    ;BIT 0
                      00012         ;REGISTRADORES BANCO 1
                      00013 
                      00014         ;GERAL
                      00015         #DEFINE         BANCO0          BCF             STATUS, RP0             ;BIT 5
                      00016         #DEFINE         BANCO1          BSF             STATUS, RP0             ;BIT 5
                      00017         #DEFINE         LED1            PORTB, RB0
                      00018         #DEFINE         LED2            PORTB, RB1
                      00019         #DEFINE         LED3            PORTB, RB2                              ;LED DA INTERRUPÇÃO
                      00020         
                      00021 ;++++++++++++++++++++++++++++++++++++++++++++++++++++++++++++++++++++++++++++++
                      00022 
Warning[207]: Found label after column 1. (TEMPO1)
  0000000C            00023         TEMPO1          EQU                     0X0C
Warning[207]: Found label after column 1. (TEMPO2)
  0000000D            00024         TEMPO2          EQU                     0X0D
                      00025 
                      00026 ;++++++++++++++++++++++++++++++++++++++++++++++++++++++++++++++++++++++++++++++
                      00027 
0000                  00028         ORG                     0X00
0000   280E           00029         GOTO            INICIO
                      00030         
0004                  00031         ORG                     0X04
0004   1006           00032         BCF                     LED1
0005   1086           00033         BCF                     LED2
0006   1506           00034         BSF                     LED3
0007   201E           00035         CALL            DELAY
0008   201E           00036         CALL            DELAY
0009   201E           00037         CALL            DELAY
000A   201E           00038         CALL            DELAY
000B   100B           00039         BCF                     FLAG_RB
000C   1106           00040         BCF                     LED3
000D   0009           00041         RETFIE
                      00042         
MPASM  5.51                       AULA049.ASM   6-13-2023  15:06:56         PAGE  2
AULA49 - INTERRUPÇÃO EXTERNA POR RB COM 4 BOTÕES

LOC  OBJECT CODE     LINE SOURCE TEXT
  VALUE

                      00043 ;++++++++++++++++++++++++++++++++++++++++++++++++++++++++++++++++++++++++++++++
                      00044 
000E                  00045 INICIO:
                      00046         
000E   1683           00047         BANCO1                                                                  ;PODERIA USAR: BANKSEL T
                            RISB
000F   30F0           00048         MOVLW           B'11110000'                                     ;RB7 A RB4 COMO ENTRADA
Message[302]: Register in operand not in bank 0.  Ensure that bank bits are correct.
0010   0086           00049         MOVWF           TRISB
0011   018B           00050         CLRF            INTCON                                          ;INICIA/LIMPA TODAS AS INTERRUPÇ
                            ÕES E FLAGS
                      00051         
0012   1283           00052         BANCO0                                                                  ;PODERIA USAR: BANKSEL P
                            ORTB
0013   0186           00053         CLRF            PORTB
0014   178B           00054         BSF                     CH_GERAL
0015   158B           00055         BSF                     INT_RB
                      00056 
                      00057 
0016                  00058 L1:
0016   1406           00059         BSF                     LED1
0017   1086           00060         BCF                     LED2
0018   201E           00061         CALL            DELAY
0019   281A           00062         GOTO            L2
                      00063         
001A                  00064 L2:
001A   1006           00065         BCF                     LED1
001B   1486           00066         BSF                     LED2
001C   201E           00067         CALL            DELAY
001D   2816           00068         GOTO            L1
                      00069 
                      00070 
001E                  00071 DELAY:
001E   30F9           00072         MOVLW           D'249'
001F   008C           00073         MOVWF           TEMPO1
0020                  00074 M2:     
0020   30FB           00075         MOVLW           D'251'
0021   008D           00076         MOVWF           TEMPO2
                      00077         
0022                  00078 M1:
0022   0000           00079         NOP
0023   0000           00080         NOP
0024   0000           00081         NOP
0025   0000           00082         NOP
0026   0000           00083         NOP
                      00084         
Message[305]: Using default destination of 1 (file).
0027   0B8D           00085         DECFSZ          TEMPO2
0028   2822           00086         GOTO            M1
                      00087         
Message[305]: Using default destination of 1 (file).
0029   0B8C           00088         DECFSZ          TEMPO1
002A   2820           00089         GOTO            M2      
MPASM  5.51                       AULA049.ASM   6-13-2023  15:06:56         PAGE  3
AULA49 - INTERRUPÇÃO EXTERNA POR RB COM 4 BOTÕES

LOC  OBJECT CODE     LINE SOURCE TEXT
  VALUE

                      00090         
002B   0008           00091         RETURN
                      00092 
                      00093         
                      00094         END
MPASM  5.51                       AULA049.ASM   6-13-2023  15:06:56         PAGE  4
AULA49 - INTERRUPÇÃO EXTERNA POR RB COM 4 BOTÕES

SYMBOL TABLE
  LABEL                             VALUE 

BANCO0                            BCF             STATUS, RP0
BANCO1                            BSF             STATUS, RP0
C                                 00000000
CH_GERAL                          INTCON, GIE
DC                                00000001
DELAY                             0000001E
EEADR                             00000009
EECON1                            00000088
EECON2                            00000089
EEDATA                            00000008
EEIE                              00000006
EEIF                              00000004
F                                 00000001
FLAG_RB                           INTCON, RBIF
FSR                               00000004
GIE                               00000007
INDF                              00000000
INICIO                            0000000E
INTCON                            0000000B
INTE                              00000004
INTEDG                            00000006
INTF                              00000001
INT_RB                            INTCON, RBIE
IRP                               00000007
L1                                00000016
L2                                0000001A
LED1                              PORTB, RB0
LED2                              PORTB, RB1
LED3                              PORTB, RB2
M1                                00000022
M2                                00000020
NOT_PD                            00000003
NOT_RBPU                          00000007
NOT_TO                            00000004
OPTION_REG                        00000081
PCL                               00000002
PCLATH                            0000000A
PORTA                             00000005
PORTB                             00000006
PS0                               00000000
PS1                               00000001
PS2                               00000002
PSA                               00000003
RA0                               00000000
RA1                               00000001
RA2                               00000002
RA3                               00000003
RA4                               00000004
RB0                               00000000
RB1                               00000001
RB2                               00000002
RB3                               00000003
RB4                               00000004
MPASM  5.51                       AULA049.ASM   6-13-2023  15:06:56         PAGE  5
AULA49 - INTERRUPÇÃO EXTERNA POR RB COM 4 BOTÕES

SYMBOL TABLE
  LABEL                             VALUE 

RB5                               00000005
RB6                               00000006
RB7                               00000007
RBIE                              00000003
RBIF                              00000000
RD                                00000000
RP0                               00000005
RP1                               00000006
STATUS                            00000003
T0CS                              00000005
T0IE                              00000005
T0IF                              00000002
T0SE                              00000004
TEMPO1                            0000000C
TEMPO2                            0000000D
TMR0                              00000001
TMR0IE                            00000005
TMR0IF                            00000002
TRISA                             00000085
TRISA0                            00000000
TRISA1                            00000001
TRISA2                            00000002
TRISA3                            00000003
TRISA4                            00000004
TRISB                             00000086
TRISB0                            00000000
TRISB1                            00000001
TRISB2                            00000002
TRISB3                            00000003
TRISB4                            00000004
TRISB5                            00000005
TRISB6                            00000006
TRISB7                            00000007
W                                 00000000
WR                                00000001
WREN                              00000002
WRERR                             00000003
Z                                 00000002
_CONFIG                           00002007
_CP_OFF                           00003FFF
_CP_ON                            0000000F
_DEVID1                           00002006
_FOSC_EXTRC                       00003FFF
_FOSC_HS                          00003FFE
_FOSC_LP                          00003FFC
_FOSC_XT                          00003FFD
_HS_OSC                           00003FFE
_IDLOC0                           00002000
_IDLOC1                           00002001
_IDLOC2                           00002002
_IDLOC3                           00002003
_LP_OSC                           00003FFC
_PWRTE_OFF                        00003FFF
MPASM  5.51                       AULA049.ASM   6-13-2023  15:06:56         PAGE  6
AULA49 - INTERRUPÇÃO EXTERNA POR RB COM 4 BOTÕES

SYMBOL TABLE
  LABEL                             VALUE 

_PWRTE_ON                         00003FF7
_RC_OSC                           00003FFF
_WDTE_OFF                         00003FFB
_WDTE_ON                          00003FFF
_WDT_OFF                          00003FFB
_WDT_ON                           00003FFF
_XT_OSC                           00003FFD
__16F84A                          00000001
__DEBUG                           1


MEMORY USAGE MAP ('X' = Used,  '-' = Unused)

0000 : X---XXXXXXXXXXXX XXXXXXXXXXXXXXXX XXXXXXXXXXXX---- ----------------
2000 : -------X-------- ---------------- ---------------- ----------------

All other memory blocks unused.

Program Memory Words Used:    41
Program Memory Words Free:   983


Errors   :     0
Warnings :     2 reported,     0 suppressed
Messages :     3 reported,     0 suppressed

