
ROM used:   31/4096 (1%)
            31/4096 (1%) including unused fragments

            0.0 Average locations per line
            4.4 Average locations per statement

RAM used:   5/368 (1%) at main() level
            5/368 (1%) worst case

Stack used: 0 worst case (0 in main + 0 for interrupts)
Stack size: 8

Lines Stmts  %   Files
----- ----- ---  -----
   19     7 100  main.c
   13     0   0  main.h
  632     0   0  ..\..\..\..\..\Program Files (x86)\PICC\Devices\16F88.h
----- -----
  664     7 Total

Page ROM  %  RAM   Vol Diff  Functions:
---- --- --- ---   --- ----  ----------
0     27  87    0    86  2.3  main
 Inline         0             @cinit1

Program metrics:
    Functions               1
    Statements              7
    Comments                115
    Volume (V)              88
    Difficulty (D)          2.1
    Effort to implement (E) 185
    Time to implement (T)   0 minutes
    Est Delivered Bugs (B)  0
    Cyclomatic Complexity   1
    Maintainability (MI)    77

 Segment     Used  Free
-----------  ----  ----
00000-00003     4  0  
00004-007FF    27  2017  
00800-00FFF     0  2048  



