
ROM used:   130/8192 (2%)
            130/8192 (2%) including unused fragments

            0.2 Average locations per line
            11.8 Average locations per statement

RAM used:   14/368 (4%) at main() level
            15/368 (4%) worst case

Stack used: 1 worst case (0 in main + 1 for interrupts)
Stack size: 8

Lines Stmts  %   Files
----- ----- ---  -----
   52    11 100  aula009.c
  758     0   0  ..\..\..\..\..\..\..\Program Files (x86)\PICC\Devices\16F887.H
----- -----
  810    11 Total

Page ROM  %  RAM   Vol Diff  Functions:
---- --- --- ---   --- ----  ----------
 Inline         1             @delay_ms1
0     14  11    0             @const618
0     31  24    0    72  2.7  INTERRUPCION
0     38  29    0   125  2.6  MAIN
 Inline         0    70  2.6  @cinit1

Program metrics:
    Functions               3
    Statements              11
    Comments                171
    Volume (V)              372
    Difficulty (D)          7.6
    Effort to implement (E) 2821
    Time to implement (T)   3 minutes
    Est Delivered Bugs (B)  0
    Cyclomatic Complexity   1
    Maintainability (MI)    87

 Segment     Used  Free
-----------  ----  ----
00000-00003     4  0  
00004-0002E    43  0  
0002F-007FF    83  1918  
00800-00FFF     0  2048  
01000-017FF     0  2048  
01800-01FFF     0  2048  



