;  LST file generated by mikroListExporter - v.2.0 
; Date/Time: 14/02/2023 21:17:36
;----------------------------------------------

;Address Opcode 	ASM
0x0000	0x28FF      	GOTO       255
_Mul_8x8_U:
;__Lib_Math.c,103 :: 		
;__Lib_Math.c,108 :: 		
0x0003	0x1283      	BCF        STATUS, 5
;__Lib_Math.c,109 :: 		
0x0004	0x1303      	BCF        STATUS, 6
;__Lib_Math.c,110 :: 		
0x0005	0x0870      	MOVF       R0, 0
;__Lib_Math.c,111 :: 		
0x0006	0x00F1      	MOVWF      R1
;__Lib_Math.c,112 :: 		
0x0007	0x01F0      	CLRF       R0
;__Lib_Math.c,113 :: 		
0x0008	0x3008      	MOVLW      8
;__Lib_Math.c,114 :: 		
0x0009	0x00FC      	MOVWF      R12
;__Lib_Math.c,115 :: 		
0x000A	0x0871      	MOVF       R1, 0
;__Lib_Math.c,116 :: 		
0x000B	0x0CF4      	RRF        R4, 1
;__Lib_Math.c,117 :: 		
0x000C	0x1803      	BTFSC      STATUS, 0
;__Lib_Math.c,118 :: 		
0x000D	0x2812      	GOTO       $+5
;__Lib_Math.c,119 :: 		
0x000E	0x0BFC      	DECFSZ     R12, 1
;__Lib_Math.c,120 :: 		
0x000F	0x280B      	GOTO       $-4
;__Lib_Math.c,121 :: 		
0x0010	0x01F1      	CLRF       R1
;__Lib_Math.c,122 :: 		
0x0011	0x3400      	RETLW      0
;__Lib_Math.c,123 :: 		
0x0012	0x1003      	BCF        STATUS, 0
;__Lib_Math.c,124 :: 		
0x0013	0x2817      	GOTO       $+4
;__Lib_Math.c,125 :: 		
0x0014	0x0CF4      	RRF        R4, 1
;__Lib_Math.c,126 :: 		
0x0015	0x1803      	BTFSC      STATUS, 0
;__Lib_Math.c,127 :: 		
0x0016	0x07F1      	ADDWF      R1, 1
;__Lib_Math.c,128 :: 		
0x0017	0x0CF1      	RRF        R1, 1
;__Lib_Math.c,129 :: 		
0x0018	0x0CF0      	RRF        R0, 1
;__Lib_Math.c,130 :: 		
0x0019	0x0BFC      	DECFSZ     R12, 1
;__Lib_Math.c,131 :: 		
0x001A	0x2814      	GOTO       $-6
;__Lib_Math.c,133 :: 		
;__Lib_Math.c,134 :: 		
0x001B	0x0008      	RETURN
; end of _Mul_8x8_U
_I2C1_Is_Idle:
;__Lib_I2C_c34.c,11 :: 		
;__Lib_I2C_c34.c,12 :: 		
0x001C	0x1683      	BSF        STATUS, 5
0x001D	0x1303      	BCF        STATUS, 6
0x001E	0x1914      	BTFSC      SSPSTAT, 2
0x001F	0x282A      	GOTO       L_I2C1_Is_Idle0
;__Lib_I2C_c34.c,13 :: 		
0x0020	0x301F      	MOVLW      31
0x0021	0x0511      	ANDWF      SSPCON2, 0
0x0022	0x00F1      	MOVWF      R1
0x0023	0x0871      	MOVF       R1, 0
0x0024	0x3A00      	XORLW      0
0x0025	0x1D03      	BTFSS      STATUS, 2
0x0026	0x282A      	GOTO       L_I2C1_Is_Idle1
;__Lib_I2C_c34.c,14 :: 		
0x0027	0x3001      	MOVLW      1
0x0028	0x00F0      	MOVWF      R0
0x0029	0x0008      	RETURN
L_I2C1_Is_Idle1:
L_I2C1_Is_Idle0:
;__Lib_I2C_c34.c,15 :: 		
0x002A	0x01F0      	CLRF       R0
;__Lib_I2C_c34.c,16 :: 		
0x002B	0x0008      	RETURN
; end of _I2C1_Is_Idle
_____DoICP:
;__Lib_System.c,6 :: 		
;__Lib_System.c,9 :: 		
0x002C	0x1283      	BCF        STATUS, 5
0x002D	0x1303      	BCF        STATUS, 6
0x002E	0x0823      	MOVF       ___DoICPAddr+1, 0
0x002F	0x008A      	MOVWF      PCLATH
;__Lib_System.c,10 :: 		
0x0030	0x0822      	MOVF       ___DoICPAddr, 0
0x0031	0x0082      	MOVWF      PCL
;__Lib_System.c,12 :: 		
0x0032	0x0008      	RETURN
; end of _____DoICP
_Div_8x8_U:
;__Lib_Math.c,189 :: 		
;__Lib_Math.c,196 :: 		
0x0033	0x1283      	BCF        STATUS, 5
;__Lib_Math.c,197 :: 		
0x0034	0x1303      	BCF        STATUS, 6
;__Lib_Math.c,198 :: 		
0x0035	0x01F8      	CLRF       R8
;__Lib_Math.c,199 :: 		
0x0036	0x3008      	MOVLW      8
;__Lib_Math.c,200 :: 		
0x0037	0x00FC      	MOVWF      R12
;__Lib_Math.c,201 :: 		
0x0038	0x0D70      	RLF        R0, 0
;__Lib_Math.c,202 :: 		
0x0039	0x0DF8      	RLF        R8, 1
;__Lib_Math.c,203 :: 		
0x003A	0x0874      	MOVF       R4, 0
;__Lib_Math.c,204 :: 		
0x003B	0x02F8      	SUBWF      R8, 1
;__Lib_Math.c,205 :: 		
0x003C	0x1803      	BTFSC      STATUS, 0
;__Lib_Math.c,206 :: 		
0x003D	0x2840      	GOTO       $+3
;__Lib_Math.c,207 :: 		
0x003E	0x07F8      	ADDWF      R8, 1
;__Lib_Math.c,208 :: 		
0x003F	0x1003      	BCF        STATUS, 0
;__Lib_Math.c,209 :: 		
0x0040	0x0DF0      	RLF        R0, 1
;__Lib_Math.c,210 :: 		
0x0041	0x0BFC      	DECFSZ     R12, 1
;__Lib_Math.c,211 :: 		
0x0042	0x2838      	GOTO       $-10
;__Lib_Math.c,213 :: 		
0x0043	0x0008      	RETURN
; end of _Div_8x8_U
_Dec2Bcd:
;__Lib_Conversions.c,292 :: 		
;__Lib_Conversions.c,293 :: 		
0x0044	0x1283      	BCF        STATUS, 5
0x0045	0x1303      	BCF        STATUS, 6
0x0046	0x01A5      	CLRF       Dec2Bcd_tmp_L0
;__Lib_Conversions.c,295 :: 		
0x0047	0x0824      	MOVF       FARG_Dec2Bcd_decnum, 0
0x0048	0x3C09      	SUBLW      9
0x0049	0x1803      	BTFSC      STATUS, 0
0x004A	0x2866      	GOTO       L_Dec2Bcd62
;__Lib_Conversions.c,296 :: 		
0x004B	0x300A      	MOVLW      10
0x004C	0x00F4      	MOVWF      R4
0x004D	0x0824      	MOVF       FARG_Dec2Bcd_decnum, 0
0x004E	0x00F0      	MOVWF      R0
0x004F	0x2033      	CALL       _Div_8x8_U
0x0050	0x0870      	MOVF       R0, 0
0x0051	0x00A5      	MOVWF      Dec2Bcd_tmp_L0
;__Lib_Conversions.c,297 :: 		
0x0052	0x0870      	MOVF       R0, 0
0x0053	0x00A5      	MOVWF      Dec2Bcd_tmp_L0
0x0054	0x0DA5      	RLF        Dec2Bcd_tmp_L0, 1
0x0055	0x1025      	BCF        Dec2Bcd_tmp_L0, 0
0x0056	0x0DA5      	RLF        Dec2Bcd_tmp_L0, 1
0x0057	0x1025      	BCF        Dec2Bcd_tmp_L0, 0
0x0058	0x0DA5      	RLF        Dec2Bcd_tmp_L0, 1
0x0059	0x1025      	BCF        Dec2Bcd_tmp_L0, 0
0x005A	0x0DA5      	RLF        Dec2Bcd_tmp_L0, 1
0x005B	0x1025      	BCF        Dec2Bcd_tmp_L0, 0
;__Lib_Conversions.c,298 :: 		
0x005C	0x300A      	MOVLW      10
0x005D	0x00F4      	MOVWF      R4
0x005E	0x0824      	MOVF       FARG_Dec2Bcd_decnum, 0
0x005F	0x00F0      	MOVWF      R0
0x0060	0x2033      	CALL       _Div_8x8_U
0x0061	0x0878      	MOVF       R8, 0
0x0062	0x00F0      	MOVWF      R0
0x0063	0x0870      	MOVF       R0, 0
0x0064	0x04A5      	IORWF      Dec2Bcd_tmp_L0, 1
;__Lib_Conversions.c,299 :: 		
0x0065	0x2868      	GOTO       L_Dec2Bcd63
L_Dec2Bcd62:
;__Lib_Conversions.c,300 :: 		
0x0066	0x0824      	MOVF       FARG_Dec2Bcd_decnum, 0
0x0067	0x00A5      	MOVWF      Dec2Bcd_tmp_L0
L_Dec2Bcd63:
;__Lib_Conversions.c,301 :: 		
0x0068	0x0825      	MOVF       Dec2Bcd_tmp_L0, 0
0x0069	0x00F0      	MOVWF      R0
;__Lib_Conversions.c,302 :: 		
0x006A	0x0008      	RETURN
; end of _Dec2Bcd
_I2C1_Init:
;__Lib_I2C_c34.c,2 :: 		
;__Lib_I2C_c34.c,3 :: 		
0x006B	0x1683      	BSF        STATUS, 5
0x006C	0x1303      	BCF        STATUS, 6
0x006D	0x1314      	BCF        SSPSTAT, 6
;__Lib_I2C_c34.c,4 :: 		
0x006E	0x1394      	BCF        SSPSTAT, 7
;__Lib_I2C_c34.c,5 :: 		
0x006F	0x1607      	BSF        TRISC4_bit, 4
;__Lib_I2C_c34.c,6 :: 		
0x0070	0x1587      	BSF        TRISC3_bit, 3
;__Lib_I2C_c34.c,7 :: 		
0x0071	0x3038      	MOVLW      56
0x0072	0x1283      	BCF        STATUS, 5
0x0073	0x0094      	MOVWF      SSPCON
;__Lib_I2C_c34.c,9 :: 		
0x0074	0x0008      	RETURN
; end of _I2C1_Init
___CC2DW:
;__Lib_System.c,24 :: 		
;__Lib_System.c,27 :: 		
_CC2D_Loop1:
;__Lib_System.c,29 :: 		
0x0075	0x202C      	CALL       _____DoICP
0x0076	0x118A      	BCF        PCLATH, 3
0x0077	0x120A      	BCF        PCLATH, 4
;__Lib_System.c,31 :: 		
0x0078	0x0080      	MOVWF      INDF
;__Lib_System.c,32 :: 		
0x0079	0x0A84      	INCF       FSR, 1
;__Lib_System.c,33 :: 		
0x007A	0x0AA2      	INCF       ___DoICPAddr, 1
;__Lib_System.c,35 :: 		
0x007B	0x1903      	BTFSC      STATUS, 2
;__Lib_System.c,36 :: 		
0x007C	0x0AA3      	INCF       ___DoICPAddr+1, 1
;__Lib_System.c,37 :: 		
0x007D	0x03F0      	DECF       R0, 1
;__Lib_System.c,39 :: 		
0x007E	0x1D03      	BTFSS      STATUS, 2
;__Lib_System.c,40 :: 		
0x007F	0x2875      	GOTO       _CC2D_Loop1
;__Lib_System.c,42 :: 		
0x0080	0x0008      	RETURN
; end of ___CC2DW
_I2C1_Rd:
;__Lib_I2C_c34.c,42 :: 		
;__Lib_I2C_c34.c,45 :: 		
0x0081	0x1283      	BCF        STATUS, 5
0x0082	0x1303      	BCF        STATUS, 6
0x0083	0x118C      	BCF        PIR1, 3
;__Lib_I2C_c34.c,46 :: 		
0x0084	0x1683      	BSF        STATUS, 5
0x0085	0x1591      	BSF        SSPCON2, 3
;__Lib_I2C_c34.c,48 :: 		
L_I2C1_Rd12:
0x0086	0x1283      	BCF        STATUS, 5
0x0087	0x198C      	BTFSC      PIR1, 3
0x0088	0x288A      	GOTO       L_I2C1_Rd13
;__Lib_I2C_c34.c,49 :: 		
0x0089	0x2886      	GOTO       L_I2C1_Rd12
L_I2C1_Rd13:
;__Lib_I2C_c34.c,51 :: 		
0x008A	0x0813      	MOVF       SSPBUF, 0
0x008B	0x00F1      	MOVWF      R1
;__Lib_I2C_c34.c,52 :: 		
0x008C	0x0824      	MOVF       FARG_I2C1_Rd_ack, 0
0x008D	0x3A00      	XORLW      0
0x008E	0x1D03      	BTFSS      STATUS, 2
0x008F	0x2893      	GOTO       L_I2C1_Rd14
;__Lib_I2C_c34.c,53 :: 		
0x0090	0x1683      	BSF        STATUS, 5
0x0091	0x1691      	BSF        SSPCON2, 5
0x0092	0x2895      	GOTO       L_I2C1_Rd15
L_I2C1_Rd14:
0x0093	0x1683      	BSF        STATUS, 5
;__Lib_I2C_c34.c,55 :: 		
0x0094	0x1291      	BCF        SSPCON2, 5
L_I2C1_Rd15:
;__Lib_I2C_c34.c,57 :: 		
0x0095	0x1283      	BCF        STATUS, 5
0x0096	0x118C      	BCF        PIR1, 3
;__Lib_I2C_c34.c,58 :: 		
0x0097	0x1683      	BSF        STATUS, 5
0x0098	0x1611      	BSF        SSPCON2, 4
;__Lib_I2C_c34.c,60 :: 		
L_I2C1_Rd16:
0x0099	0x1283      	BCF        STATUS, 5
0x009A	0x198C      	BTFSC      PIR1, 3
0x009B	0x289D      	GOTO       L_I2C1_Rd17
;__Lib_I2C_c34.c,61 :: 		
0x009C	0x2899      	GOTO       L_I2C1_Rd16
L_I2C1_Rd17:
;__Lib_I2C_c34.c,63 :: 		
0x009D	0x0871      	MOVF       R1, 0
0x009E	0x00F0      	MOVWF      R0
;__Lib_I2C_c34.c,64 :: 		
0x009F	0x0008      	RETURN
; end of _I2C1_Rd
_I2C1_Wr:
;__Lib_I2C_c34.c,66 :: 		
;__Lib_I2C_c34.c,68 :: 		
0x00A0	0x1283      	BCF        STATUS, 5
0x00A1	0x1303      	BCF        STATUS, 6
0x00A2	0x118C      	BCF        PIR1, 3
;__Lib_I2C_c34.c,69 :: 		
0x00A3	0x0824      	MOVF       FARG_I2C1_Wr_data_, 0
0x00A4	0x0093      	MOVWF      SSPBUF
;__Lib_I2C_c34.c,71 :: 		
L_I2C1_Wr18:
0x00A5	0x1683      	BSF        STATUS, 5
0x00A6	0x1D14      	BTFSS      SSPSTAT, 2
0x00A7	0x28A9      	GOTO       L_I2C1_Wr19
;__Lib_I2C_c34.c,72 :: 		
0x00A8	0x28A5      	GOTO       L_I2C1_Wr18
L_I2C1_Wr19:
;__Lib_I2C_c34.c,74 :: 		
L_I2C1_Wr20:
0x00A9	0x1283      	BCF        STATUS, 5
0x00AA	0x198C      	BTFSC      PIR1, 3
0x00AB	0x28AD      	GOTO       L_I2C1_Wr21
;__Lib_I2C_c34.c,75 :: 		
0x00AC	0x28A9      	GOTO       L_I2C1_Wr20
L_I2C1_Wr21:
;__Lib_I2C_c34.c,77 :: 		
0x00AD	0x1683      	BSF        STATUS, 5
0x00AE	0x1B11      	BTFSC      SSPCON2, 6
0x00AF	0x28B2      	GOTO       L_I2C1_Wr22
;__Lib_I2C_c34.c,78 :: 		
0x00B0	0x01F0      	CLRF       R0
0x00B1	0x0008      	RETURN
;__Lib_I2C_c34.c,79 :: 		
L_I2C1_Wr22:
;__Lib_I2C_c34.c,81 :: 		
0x00B2	0x1511      	BSF        SSPCON2, 2
;__Lib_I2C_c34.c,82 :: 		
0x00B3	0x3002      	MOVLW      2
0x00B4	0x00F0      	MOVWF      R0
;__Lib_I2C_c34.c,84 :: 		
0x00B5	0x0008      	RETURN
; end of _I2C1_Wr
_Bcd2Dec:
;__Lib_Conversions.c,307 :: 		
;__Lib_Conversions.c,308 :: 		
;__Lib_Conversions.c,310 :: 		
0x00B6	0x1283      	BCF        STATUS, 5
0x00B7	0x1303      	BCF        STATUS, 6
0x00B8	0x0824      	MOVF       FARG_Bcd2Dec_bcdnum, 0
0x00B9	0x00F0      	MOVWF      R0
0x00BA	0x0CF0      	RRF        R0, 1
0x00BB	0x13F0      	BCF        R0, 7
0x00BC	0x0CF0      	RRF        R0, 1
0x00BD	0x13F0      	BCF        R0, 7
0x00BE	0x0CF0      	RRF        R0, 1
0x00BF	0x13F0      	BCF        R0, 7
0x00C0	0x0CF0      	RRF        R0, 1
0x00C1	0x13F0      	BCF        R0, 7
0x00C2	0x300A      	MOVLW      10
0x00C3	0x00F4      	MOVWF      R4
0x00C4	0x2003      	CALL       _Mul_8x8_U
;__Lib_Conversions.c,311 :: 		
0x00C5	0x300F      	MOVLW      15
0x00C6	0x0524      	ANDWF      FARG_Bcd2Dec_bcdnum, 0
0x00C7	0x00F1      	MOVWF      R1
0x00C8	0x0871      	MOVF       R1, 0
0x00C9	0x07F0      	ADDWF      R0, 1
;__Lib_Conversions.c,312 :: 		
;__Lib_Conversions.c,313 :: 		
0x00CA	0x0008      	RETURN
; end of _Bcd2Dec
_I2C1_Stop:
;__Lib_I2C_c34.c,87 :: 		
;__Lib_I2C_c34.c,88 :: 		
0x00CB	0x1683      	BSF        STATUS, 5
0x00CC	0x1303      	BCF        STATUS, 6
0x00CD	0x1511      	BSF        SSPCON2, 2
;__Lib_I2C_c34.c,89 :: 		
0x00CE	0x0008      	RETURN
; end of _I2C1_Stop
_I2C1_Start:
;__Lib_I2C_c34.c,18 :: 		
;__Lib_I2C_c34.c,21 :: 		
0x00CF	0x1283      	BCF        STATUS, 5
0x00D0	0x1303      	BCF        STATUS, 6
0x00D1	0x01A4      	CLRF       I2C1_Start_j_L0
0x00D2	0x01A5      	CLRF       I2C1_Start_j_L0+1
L_I2C1_Start2:
0x00D3	0x0825      	MOVF       I2C1_Start_j_L0+1, 0
0x00D4	0x3C12      	SUBLW      18
0x00D5	0x1D03      	BTFSS      STATUS, 2
0x00D6	0x28D9      	GOTO       L__I2C1_Start24
0x00D7	0x0824      	MOVF       I2C1_Start_j_L0, 0
0x00D8	0x3C8E      	SUBLW      142
L__I2C1_Start24:
0x00D9	0x1C03      	BTFSS      STATUS, 0
0x00DA	0x28E5      	GOTO       L_I2C1_Start3
;__Lib_I2C_c34.c,22 :: 		
0x00DB	0x201C      	CALL       _I2C1_Is_Idle
0x00DC	0x0870      	MOVF       R0, 0
0x00DD	0x1903      	BTFSC      STATUS, 2
0x00DE	0x28E0      	GOTO       L_I2C1_Start5
;__Lib_I2C_c34.c,23 :: 		
0x00DF	0x28E5      	GOTO       L_I2C1_Start3
L_I2C1_Start5:
;__Lib_I2C_c34.c,21 :: 		
0x00E0	0x1283      	BCF        STATUS, 5
0x00E1	0x0AA4      	INCF       I2C1_Start_j_L0, 1
0x00E2	0x1903      	BTFSC      STATUS, 2
0x00E3	0x0AA5      	INCF       I2C1_Start_j_L0+1, 1
;__Lib_I2C_c34.c,24 :: 		
0x00E4	0x28D3      	GOTO       L_I2C1_Start2
L_I2C1_Start3:
0x00E5	0x1283      	BCF        STATUS, 5
;__Lib_I2C_c34.c,26 :: 		
0x00E6	0x3012      	MOVLW      18
0x00E7	0x0225      	SUBWF      I2C1_Start_j_L0+1, 0
0x00E8	0x1D03      	BTFSS      STATUS, 2
0x00E9	0x28EC      	GOTO       L__I2C1_Start25
0x00EA	0x308F      	MOVLW      143
0x00EB	0x0224      	SUBWF      I2C1_Start_j_L0, 0
L__I2C1_Start25:
0x00EC	0x1C03      	BTFSS      STATUS, 0
0x00ED	0x28F1      	GOTO       L_I2C1_Start6
;__Lib_I2C_c34.c,27 :: 		
0x00EE	0x307B      	MOVLW      123
0x00EF	0x00F0      	MOVWF      R0
0x00F0	0x0008      	RETURN
L_I2C1_Start6:
0x00F1	0x1683      	BSF        STATUS, 5
;__Lib_I2C_c34.c,29 :: 		
0x00F2	0x1411      	BSF        SSPCON2, 0
;__Lib_I2C_c34.c,30 :: 		
L_I2C1_Start8:
0x00F3	0x1C11      	BTFSS      SSPCON2, 0
0x00F4	0x28F6      	GOTO       L_I2C1_Start9
;__Lib_I2C_c34.c,31 :: 		
0x00F5	0x28F3      	GOTO       L_I2C1_Start8
L_I2C1_Start9:
;__Lib_I2C_c34.c,32 :: 		
0x00F6	0x01F0      	CLRF       R0
;__Lib_I2C_c34.c,34 :: 		
0x00F7	0x0008      	RETURN
; end of _I2C1_Start
_I2C1_Repeated_Start:
;__Lib_I2C_c34.c,36 :: 		
;__Lib_I2C_c34.c,37 :: 		
0x00F8	0x1683      	BSF        STATUS, 5
0x00F9	0x1303      	BCF        STATUS, 6
0x00FA	0x1491      	BSF        SSPCON2, 1
;__Lib_I2C_c34.c,38 :: 		
L_I2C1_Repeated_Start10:
0x00FB	0x1C91      	BTFSS      SSPCON2, 1
0x00FC	0x28FE      	GOTO       L_I2C1_Repeated_Start11
;__Lib_I2C_c34.c,39 :: 		
0x00FD	0x28FB      	GOTO       L_I2C1_Repeated_Start10
L_I2C1_Repeated_Start11:
;__Lib_I2C_c34.c,40 :: 		
0x00FE	0x0008      	RETURN
; end of _I2C1_Repeated_Start
_main:
0x00FF	0x1283      	BCF        STATUS, 5
0x0100	0x1303      	BCF        STATUS, 6
0x0101	0x01A0      	CLRF       _valorDS
0x0102	0x01A1      	CLRF       33
;VSaula056_I2C_DS1307.c,37 :: 		void main() {
;VSaula056_I2C_DS1307.c,39 :: 		I2C1_Init(100000);
0x0103	0x3014      	MOVLW      20
0x0104	0x1683      	BSF        STATUS, 5
0x0105	0x0093      	MOVWF      SSPADD
0x0106	0x206B      	CALL       _I2C1_Init
;VSaula056_I2C_DS1307.c,40 :: 		I2C1_Start();
0x0107	0x20CF      	CALL       _I2C1_Start
;VSaula056_I2C_DS1307.c,43 :: 		I2C1_Wr(11010000);      // escreve o endereço do DS1307
0x0108	0x30D0      	MOVLW      208
0x0109	0x1283      	BCF        STATUS, 5
0x010A	0x1303      	BCF        STATUS, 6
0x010B	0x00A4      	MOVWF      FARG_I2C1_Wr_data_
0x010C	0x20A0      	CALL       _I2C1_Wr
;VSaula056_I2C_DS1307.c,44 :: 		I2C1_Wr(0x04);          // escreve no endereço do dia
0x010D	0x3004      	MOVLW      4
0x010E	0x1283      	BCF        STATUS, 5
0x010F	0x00A4      	MOVWF      FARG_I2C1_Wr_data_
0x0110	0x20A0      	CALL       _I2C1_Wr
;VSaula056_I2C_DS1307.c,45 :: 		I2C1_Wr(dec2Bcd(14));   // escreve o dia 14
0x0111	0x300E      	MOVLW      14
0x0112	0x1283      	BCF        STATUS, 5
0x0113	0x00A4      	MOVWF      FARG_Dec2Bcd_decnum
0x0114	0x2044      	CALL       _Dec2Bcd
0x0115	0x0870      	MOVF       R0, 0
0x0116	0x00A4      	MOVWF      FARG_I2C1_Wr_data_
0x0117	0x20A0      	CALL       _I2C1_Wr
;VSaula056_I2C_DS1307.c,47 :: 		I2C1_Wr(0x05);          // escreve no endereço do mês
0x0118	0x3005      	MOVLW      5
0x0119	0x1283      	BCF        STATUS, 5
0x011A	0x00A4      	MOVWF      FARG_I2C1_Wr_data_
0x011B	0x20A0      	CALL       _I2C1_Wr
;VSaula056_I2C_DS1307.c,48 :: 		I2C1_Wr(dec2Bcd(2));   // escreve o mês fevereiro
0x011C	0x3002      	MOVLW      2
0x011D	0x1283      	BCF        STATUS, 5
0x011E	0x00A4      	MOVWF      FARG_Dec2Bcd_decnum
0x011F	0x2044      	CALL       _Dec2Bcd
0x0120	0x0870      	MOVF       R0, 0
0x0121	0x00A4      	MOVWF      FARG_I2C1_Wr_data_
0x0122	0x20A0      	CALL       _I2C1_Wr
;VSaula056_I2C_DS1307.c,50 :: 		I2C1_Wr(0x06);          // escreve no endereço do ano
0x0123	0x3006      	MOVLW      6
0x0124	0x1283      	BCF        STATUS, 5
0x0125	0x00A4      	MOVWF      FARG_I2C1_Wr_data_
0x0126	0x20A0      	CALL       _I2C1_Wr
;VSaula056_I2C_DS1307.c,51 :: 		I2C1_Wr(dec2Bcd(23));   // escreve o ano
0x0127	0x3017      	MOVLW      23
0x0128	0x1283      	BCF        STATUS, 5
0x0129	0x00A4      	MOVWF      FARG_Dec2Bcd_decnum
0x012A	0x2044      	CALL       _Dec2Bcd
0x012B	0x0870      	MOVF       R0, 0
0x012C	0x00A4      	MOVWF      FARG_I2C1_Wr_data_
0x012D	0x20A0      	CALL       _I2C1_Wr
;VSaula056_I2C_DS1307.c,53 :: 		I2C1_Stop();
0x012E	0x20CB      	CALL       _I2C1_Stop
;VSaula056_I2C_DS1307.c,54 :: 		delay_ms(100);
0x012F	0x3002      	MOVLW      2
0x0130	0x00FB      	MOVWF      R11
0x0131	0x3004      	MOVLW      4
0x0132	0x00FC      	MOVWF      R12
0x0133	0x30BA      	MOVLW      186
0x0134	0x00FD      	MOVWF      R13
L_main0:
0x0135	0x0BFD      	DECFSZ     R13, 1
0x0136	0x2935      	GOTO       L_main0
0x0137	0x0BFC      	DECFSZ     R12, 1
0x0138	0x2935      	GOTO       L_main0
0x0139	0x0BFB      	DECFSZ     R11, 1
0x013A	0x2935      	GOTO       L_main0
0x013B	0x0000      	NOP
;VSaula056_I2C_DS1307.c,58 :: 		I2C1_Start();
0x013C	0x20CF      	CALL       _I2C1_Start
;VSaula056_I2C_DS1307.c,59 :: 		I2C1_Wr(11010000);
0x013D	0x30D0      	MOVLW      208
0x013E	0x1283      	BCF        STATUS, 5
0x013F	0x1303      	BCF        STATUS, 6
0x0140	0x00A4      	MOVWF      FARG_I2C1_Wr_data_
0x0141	0x20A0      	CALL       _I2C1_Wr
;VSaula056_I2C_DS1307.c,60 :: 		I2C1_Wr(0x06); // lê o ano
0x0142	0x3006      	MOVLW      6
0x0143	0x1283      	BCF        STATUS, 5
0x0144	0x00A4      	MOVWF      FARG_I2C1_Wr_data_
0x0145	0x20A0      	CALL       _I2C1_Wr
;VSaula056_I2C_DS1307.c,61 :: 		I2C1_Repeated_Start(); // restarta
0x0146	0x20F8      	CALL       _I2C1_Repeated_Start
;VSaula056_I2C_DS1307.c,62 :: 		I2C1_Wr(11010001);
0x0147	0x30D1      	MOVLW      209
0x0148	0x1283      	BCF        STATUS, 5
0x0149	0x00A4      	MOVWF      FARG_I2C1_Wr_data_
0x014A	0x20A0      	CALL       _I2C1_Wr
;VSaula056_I2C_DS1307.c,63 :: 		valorDS = Bcd2Dec(I2C1_Rd(0)); // lê e para, armazena na variável
0x014B	0x1283      	BCF        STATUS, 5
0x014C	0x01A4      	CLRF       FARG_I2C1_Rd_ack
0x014D	0x2081      	CALL       _I2C1_Rd
0x014E	0x0870      	MOVF       R0, 0
0x014F	0x00A4      	MOVWF      FARG_Bcd2Dec_bcdnum
0x0150	0x20B6      	CALL       _Bcd2Dec
0x0151	0x0870      	MOVF       R0, 0
0x0152	0x00A0      	MOVWF      _valorDS
0x0153	0x01A1      	CLRF       _valorDS+1
;VSaula056_I2C_DS1307.c,64 :: 		I2C1_Stop();
0x0154	0x20CB      	CALL       _I2C1_Stop
;VSaula056_I2C_DS1307.c,65 :: 		delay_ms(1000);
0x0155	0x300B      	MOVLW      11
0x0156	0x00FB      	MOVWF      R11
0x0157	0x3026      	MOVLW      38
0x0158	0x00FC      	MOVWF      R12
0x0159	0x305D      	MOVLW      93
0x015A	0x00FD      	MOVWF      R13
L_main1:
0x015B	0x0BFD      	DECFSZ     R13, 1
0x015C	0x295B      	GOTO       L_main1
0x015D	0x0BFC      	DECFSZ     R12, 1
0x015E	0x295B      	GOTO       L_main1
0x015F	0x0BFB      	DECFSZ     R11, 1
0x0160	0x295B      	GOTO       L_main1
0x0161	0x0000      	NOP
0x0162	0x0000      	NOP
;VSaula056_I2C_DS1307.c,74 :: 		while(1){
L_main2:
;VSaula056_I2C_DS1307.c,76 :: 		}
0x0163	0x2963      	GOTO       L_main2
;VSaula056_I2C_DS1307.c,79 :: 		}
0x0164	0x2964      	GOTO       $+0
; end of _main
Symbol List:
//** Routines locations **
//ADDRESS    SIZE    PROCEDURE
//----------------------------------------------
0x0003      [25]    _Mul_8x8_U
0x001C      [16]    _I2C1_Is_Idle
0x002C       [7]    _____DoICP
0x0033      [17]    _Div_8x8_U
0x0044      [39]    _Dec2Bcd
0x006B      [10]    _I2C1_Init
0x0075      [12]    ___CC2DW
0x0081      [31]    _I2C1_Rd
0x00A0      [22]    _I2C1_Wr
0x00B6      [21]    _Bcd2Dec
0x00CB       [4]    _I2C1_Stop
0x00CF      [41]    _I2C1_Start
0x00F8       [7]    _I2C1_Repeated_Start
0x00FF     [102]    _main
//** Variables locations ** 
//ADDRESS    SIZE    VARIABLE
//----------------------------------------------
0x0000       [1]    INDF
0x0001       [1]    TMR0
0x0002       [1]    PCL
0x0003       [0]    Z_bit
0x0003       [0]    NOT_PD_bit
0x0003       [0]    DC_bit
0x0003       [1]    STATUS
0x0003       [0]    C_bit
0x0003       [0]    IRP_bit
0x0003       [0]    RP1_bit
0x0003       [0]    NOT_TO_bit
0x0003       [0]    RP0_bit
0x0004       [1]    FSR
0x0004       [1]    FSRPTR
0x0005       [0]    RA2_bit
0x0005       [0]    RA1_bit
0x0005       [0]    RA3_bit
0x0005       [0]    RA4_bit
0x0005       [0]    RA5_bit
0x0005       [1]    PORTA
0x0005       [0]    RA0_bit
0x0006       [0]    RB4_bit
0x0006       [0]    RB3_bit
0x0006       [0]    RB2_bit
0x0006       [0]    RB7_bit
0x0006       [0]    RB6_bit
0x0006       [0]    RB5_bit
0x0006       [1]    PORTB
0x0006       [0]    RB0_bit
0x0006       [0]    RB1_bit
0x0007       [0]    RC1_bit
0x0007       [0]    RC2_bit
0x0007       [1]    PORTC
0x0007       [0]    RC0_bit
0x0007       [0]    RC6_bit
0x0007       [0]    RC7_bit
0x0007       [0]    RC5_bit
0x0007       [0]    RC3_bit
0x0007       [0]    RC4_bit
0x0008       [0]    RD5_bit
0x0008       [0]    RD4_bit
0x0008       [0]    RD7_bit
0x0008       [0]    RD6_bit
0x0008       [0]    RD3_bit
0x0008       [0]    RD0_bit
0x0008       [1]    PORTD
0x0008       [0]    RD2_bit
0x0008       [0]    RD1_bit
0x0009       [0]    RE1_bit
0x0009       [0]    RE2_bit
0x0009       [1]    PORTE
0x0009       [0]    RE0_bit
0x000A       [1]    PCLATH
0x000B       [0]    PEIE_bit
0x000B       [0]    TMR0IE_bit
0x000B       [0]    T0IE_bit
0x000B       [0]    INTE_bit
0x000B       [1]    INTCON
0x000B       [0]    GIE_bit
0x000B       [0]    RBIE_bit
0x000B       [0]    TMR0IF_bit
0x000B       [0]    INTF_bit
0x000B       [0]    RBIF_bit
0x000B       [0]    T0IF_bit
0x000C       [0]    RCIF_bit
0x000C       [1]    PIR1
0x000C       [0]    ADIF_bit
0x000C       [0]    TXIF_bit
0x000C       [0]    PSPIF_bit
0x000C       [0]    SSPIF_bit
0x000C       [0]    CCP1IF_bit
0x000C       [0]    TMR2IF_bit
0x000C       [0]    TMR1IF_bit
0x000D       [0]    BCLIF_bit
0x000D       [0]    CCP2IF_bit
0x000D       [0]    EEIF_bit
0x000D       [0]    CMIF_bit
0x000D       [1]    PIR2
0x000E       [1]    TMR1L
0x000F       [1]    TMR1H
0x0010       [0]    TMR1CS_bit
0x0010       [0]    T1SYNC_bit
0x0010       [0]    TMR1ON_bit
0x0010       [1]    T1CON
0x0010       [0]    T1OSCEN_bit
0x0010       [0]    T1CKPS0_bit
0x0010       [0]    T1CKPS1_bit
0x0010       [0]    T1INSYNC_bit
0x0010       [0]    NOT_T1SYNC_bit
0x0011       [1]    TMR2
0x0012       [0]    TOUTPS0_bit
0x0012       [0]    T2CKPS1_bit
0x0012       [0]    T2CKPS0_bit
0x0012       [0]    TMR2ON_bit
0x0012       [1]    T2CON
0x0012       [0]    TOUTPS3_bit
0x0012       [0]    TOUTPS2_bit
0x0012       [0]    TOUTPS1_bit
0x0013       [1]    SSPBUF
0x0014       [0]    SSPM3_bit
0x0014       [0]    CKP_bit
0x0014       [0]    SSPEN_bit
0x0014       [0]    SSPM0_bit
0x0014       [0]    SSPM1_bit
0x0014       [0]    SSPM2_bit
0x0014       [1]    SSPCON
0x0014       [0]    WCOL_bit
0x0014       [0]    SSPOV_bit
0x0015       [1]    CCPR1L
0x0015       [2]    CCPR1
0x0016       [1]    CCPR1H
0x0017       [0]    CCP1M2_bit
0x0017       [0]    CCP1M1_bit
0x0017       [0]    CCP1M0_bit
0x0017       [0]    CCP1M3_bit
0x0017       [1]    CCP1CON
0x0017       [0]    CCP1X_bit
0x0017       [0]    CCP1Y_bit
0x0018       [0]    RC8_9_bit
0x0018       [0]    NOT_RC8_bit
0x0018       [0]    CREN_bit
0x0018       [0]    SREN_bit
0x0018       [0]    SPEN_bit
0x0018       [1]    RCSTA
0x0018       [0]    RC9_bit
0x0018       [0]    RX9_bit
0x0018       [0]    ADDEN_bit
0x0018       [0]    RX9D_bit
0x0018       [0]    RCD8_bit
0x0018       [0]    OERR_bit
0x0018       [0]    FERR_bit
0x0019       [1]    TXREG
0x001A       [1]    RCREG
0x001B       [1]    CCPR2L
0x001B       [2]    CCPR2
0x001C       [1]    CCPR2H
0x001D       [0]    CCP2M1_bit
0x001D       [0]    CCP2M2_bit
0x001D       [0]    CCP2M0_bit
0x001D       [0]    CCP2X_bit
0x001D       [0]    CCP2M3_bit
0x001D       [1]    CCP2CON
0x001D       [0]    CCP2Y_bit
0x001E       [1]    ADRESH
0x001F       [0]    ADON_bit
0x001F       [0]    ADCS1_bit
0x001F       [0]    CHS0_bit
0x001F       [0]    NOT_DONE_bit
0x001F       [0]    CHS1_bit
0x001F       [0]    CHS2_bit
0x001F       [0]    GO_bit
0x001F       [0]    GO_DONE_bit
0x001F       [0]    ADCS0_bit
0x001F       [1]    ADCON0
0x0020       [2]    _valorDS
0x0022       [2]    ___DoICPAddr
0x0024       [1]    FARG_Bcd2Dec_bcdnum
0x0024       [2]    I2C1_Start_j_L0
0x0024       [4]    FARG_I2C1_Init_clock
0x0024       [1]    FARG_Dec2Bcd_decnum
0x0024       [1]    FARG_I2C1_Rd_ack
0x0024       [1]    FARG_I2C1_Wr_data_
0x0025       [1]    Dec2Bcd_tmp_L0
0x0070       [1]    R0
0x0071       [1]    R1
0x0072       [1]    R2
0x0073       [1]    R3
0x0074       [1]    R4
0x0075       [1]    R5
0x0076       [1]    R6
0x0077       [1]    R7
0x0078       [1]    R8
0x0079       [1]    R9
0x007A       [1]    R10
0x007B       [1]    R11
0x007C       [1]    R12
0x007D       [1]    R13
0x007E       [1]    R14
0x007F       [1]    R15
0x0081       [0]    PS0_bit
0x0081       [0]    T0CS_bit
0x0081       [0]    T0SE_bit
0x0081       [0]    PS2_bit
0x0081       [0]    PSA_bit
0x0081       [0]    PS1_bit
0x0081       [0]    NOT_RBPU_bit
0x0081       [1]    OPTION_REG
0x0081       [0]    INTEDG_bit
0x0085       [0]    TRISA5_bit
0x0085       [1]    TRISA
0x0085       [0]    TRISA0_bit
0x0085       [0]    TRISA1_bit
0x0085       [0]    TRISA2_bit
0x0085       [0]    TRISA4_bit
0x0085       [0]    TRISA3_bit
0x0086       [0]    TRISB3_bit
0x0086       [0]    TRISB4_bit
0x0086       [0]    TRISB2_bit
0x0086       [0]    TRISB0_bit
0x0086       [0]    TRISB1_bit
0x0086       [0]    TRISB6_bit
0x0086       [0]    TRISB7_bit
0x0086       [1]    TRISB
0x0086       [0]    TRISB5_bit
0x0087       [0]    TRISC3_bit
0x0087       [0]    TRISC4_bit
0x0087       [0]    TRISC2_bit
0x0087       [0]    TRISC0_bit
0x0087       [0]    TRISC1_bit
0x0087       [0]    TRISC7_bit
0x0087       [1]    TRISC
0x0087       [0]    TRISC6_bit
0x0087       [0]    TRISC5_bit
0x0088       [0]    TRISD6_bit
0x0088       [0]    TRISD5_bit
0x0088       [0]    TRISD4_bit
0x0088       [0]    TRISD7_bit
0x0088       [0]    TRISD0_bit
0x0088       [1]    TRISD
0x0088       [0]    TRISD3_bit
0x0088       [0]    TRISD1_bit
0x0088       [0]    TRISD2_bit
0x0089       [0]    PSPMODE_TRISE_bit
0x0089       [0]    IBOV_bit
0x0089       [0]    PSPMODE_bit
0x0089       [0]    OBF_TRISE_bit
0x0089       [0]    IBF_TRISE_bit
0x0089       [0]    IBOV_TRISE_bit
0x0089       [0]    TRISE1_bit
0x0089       [0]    TRISE2_bit
0x0089       [1]    TRISE
0x0089       [0]    OBF_bit
0x0089       [0]    IBF_bit
0x0089       [0]    TRISE0_bit
0x008C       [0]    TMR2IE_bit
0x008C       [0]    TMR1IE_bit
0x008C       [0]    RCIE_bit
0x008C       [0]    TXIE_bit
0x008C       [0]    SSPIE_bit
0x008C       [0]    CCP1IE_bit
0x008C       [0]    PSPIE_bit
0x008C       [1]    PIE1
0x008C       [0]    ADIE_bit
0x008D       [0]    EEIE_bit
0x008D       [0]    CMIE_bit
0x008D       [1]    PIE2
0x008D       [0]    CCP2IE_bit
0x008D       [0]    BCLIE_bit
0x008E       [1]    PCON
0x008E       [0]    NOT_BO_bit
0x008E       [0]    NOT_POR_bit
0x008E       [0]    NOT_BOR_bit
0x0091       [1]    SSPCON2
0x0091       [0]    PEN_bit
0x0091       [0]    RCEN_bit
0x0091       [0]    SEN_bit
0x0091       [0]    RSEN_bit
0x0091       [0]    ACKSTAT_bit
0x0091       [0]    GCEN_bit
0x0091       [0]    ACKEN_bit
0x0091       [0]    ACKDT_bit
0x0092       [1]    PR2
0x0093       [1]    SSPADD
0x0094       [0]    NOT_ADDRESS_bit
0x0094       [0]    NOT_A_bit
0x0094       [0]    D_A_bit
0x0094       [0]    P_bit
0x0094       [0]    DATA_ADDRESS_bit
0x0094       [0]    SMP_bit
0x0094       [1]    SSPSTAT
0x0094       [0]    CKE_bit
0x0094       [0]    I2C_DATA_bit
0x0094       [0]    D_bit
0x0094       [0]    I2C_STOP__bit
0x0094       [0]    R_W_bit
0x0094       [0]    NOT_WRITE_bit
0x0094       [0]    READ_WRITE_bit
0x0094       [0]    BF_bit
0x0094       [0]    UA_bit
0x0094       [0]    I2C_START__bit
0x0094       [0]    S_bit
0x0094       [0]    R_bit
0x0094       [0]    NOT_W_bit
0x0094       [0]    I2C_READ_bit
0x0098       [0]    BRGH_bit
0x0098       [0]    SYNC_bit
0x0098       [0]    TXEN_bit
0x0098       [0]    TXD8_bit
0x0098       [0]    TX9D_bit
0x0098       [0]    TRMT_bit
0x0098       [0]    TX9_bit
0x0098       [0]    CSRC_bit
0x0098       [0]    NOT_TX8_bit
0x0098       [1]    TXSTA
0x0098       [0]    TX8_9_bit
0x0099       [1]    SPBRG
0x009C       [0]    C2INV_bit
0x009C       [0]    C1INV_bit
0x009C       [0]    C2OUT_bit
0x009C       [0]    C1OUT_bit
0x009C       [0]    CIS_bit
0x009C       [0]    CM0_bit
0x009C       [1]    CMCON
0x009C       [0]    CM2_bit
0x009C       [0]    CM1_bit
0x009D       [0]    CVR1_bit
0x009D       [0]    CVR0_bit
0x009D       [1]    CVRCON
0x009D       [0]    CVR2_bit
0x009D       [0]    CVROE_bit
0x009D       [0]    CVREN_bit
0x009D       [0]    CVR3_bit
0x009D       [0]    CVRR_bit
0x009E       [1]    ADRESL
0x009F       [1]    ADCON1
0x009F       [0]    PCFG3_bit
0x009F       [0]    ADCS2_bit
0x009F       [0]    ADFM_bit
0x009F       [0]    PCFG0_bit
0x009F       [0]    PCFG1_bit
0x009F       [0]    PCFG2_bit
0x010C       [1]    EEDATA
0x010D       [1]    EEADR
0x010E       [1]    EEDATH
0x010F       [1]    EEADRH
0x018C       [0]    WR_bit
0x018C       [0]    RD_bit
0x018C       [0]    WREN_bit
0x018C       [1]    EECON1
0x018C       [0]    EEPGD_bit
0x018C       [0]    WRERR_bit
0x018D       [1]    EECON2
//** Label List: ** 
//----------------------------------------------
  L_main0
  L_main1
  L_main2
  L_main3
  _main
  L_ByteToStr0
  L_ByteToStr1
  L_ByteToStr2
  L_ByteToStr3
  L_ByteToStr4
  L_ByteToStr5
  L_WordToStr6
  L_WordToStr7
  L_WordToStr8
  L_WordToStr9
  L_WordToStr10
  L_WordToStr11
  L_WordToStrWithZeros12
  L_WordToStrWithZeros13
  L_WordToStrWithZeros14
  L_WordToStrWithZeros15
  L_WordToStrWithZeros16
  L_ShortToStr17
  L_ShortToStr18
  L_ShortToStr19
  L_ShortToStr20
  L_ShortToStr21
  L_ShortToStr22
  L_IntToStr23
  L_IntToStr24
  L_IntToStr25
  L_IntToStr26
  L_IntToStr27
  L_IntToStr28
  L_IntToStrWithZeros29
  L_IntToStrWithZeros30
  L_IntToStrWithZeros31
  L_IntToStrWithZeros32
  L_IntToStrWithZeros33
  L_IntToStrWithZeros34
  L_IntToStrWithZeros35
  L_IntToStrWithZeros36
  L_LongWordToStr37
  L_LongWordToStr38
  L_LongWordToStr39
  L_LongWordToStr40
  L_LongWordToStr41
  L_LongWordToStr42
  L_LongWordToStrWithZeros43
  L_LongWordToStrWithZeros44
  L_LongWordToStrWithZeros45
  L_LongWordToStrWithZeros46
  L_LongWordToStrWithZeros47
  L_LongToStr48
  L_LongToStr49
  L_LongToStr50
  L_LongToStr51
  L_LongToStr52
  L_LongToStr53
  L_LongIntToStrWithZeros54
  L_LongIntToStrWithZeros55
  L_LongIntToStrWithZeros56
  L_LongIntToStrWithZeros57
  L_LongIntToStrWithZeros58
  L_LongIntToStrWithZeros59
  L_LongIntToStrWithZeros60
  L_LongIntToStrWithZeros61
  L_Dec2Bcd62
  L_Dec2Bcd63
  L_Rtrim64
  L_Rtrim65
  L_Ltrim66
  L_Ltrim67
  L_Ltrim68
  L_Ltrim69
  L_Ltrim70
  L_Ltrim71
  L_FloatToStr72
  L_FloatToStr73
  L_FloatToStr74
  L_FloatToStr75
  L_FloatToStr76
  L_FloatToStr77
  L_FloatToStr78
  L_FloatToStr79
  L_FloatToStr80
  L_FloatToStr81
  L_FloatToStr82
  L_FloatToStr83
  L_FloatToStr84
  L_FloatToStr85
  L_FloatToStr86
  L_FloatToStr87
  L_FloatToStr88
  L_FloatToStr89
  L_FloatToStr90
  L_FloatToStr91
  L_FloatToStr92
  L_FloatToStr93
  L__Ltrim94
  L__FloatToStr95
  _ByteToHex
  _ShortToHex
  _WordToHex
  _IntToHex
  _LongWordToHex
  _LongIntToHex
  _ByteToStr
  _WordToStr
  L__WordToStr96
  _WordToStrWithZeros
  L__WordToStrWithZeros97
  _ShortToStr
  L__ShortToStr98
  _IntToStr
  L__IntToStr99
  L__IntToStr100
  _IntToStrWithZeros
  L__IntToStrWithZeros101
  L__IntToStrWithZeros102
  L__IntToStrWithZeros103
  _LongWordToStr
  L__LongWordToStr104
  L__LongWordToStr105
  _LongWordToStrWithZeros
  L__LongWordToStrWithZeros106
  _LongToStr
  L__LongToStr107
  L__LongToStr108
  _LongIntToStrWithZeros
  L__LongIntToStrWithZeros109
  L__LongIntToStrWithZeros110
  L__LongIntToStrWithZeros111
  _Dec2Bcd
  _Bcd2Dec
  _Bcd2Dec16
  L__Bcd2Dec16112
  L__Bcd2Dec16113
  _Dec2Bcd16
  L__Dec2Bcd16114
  L__Dec2Bcd16115
  _Rtrim
  _Ltrim
  _FloatToStr
  L__FloatToStr116
  L__FloatToStr117
  L__FloatToStr118
  L__FloatToStr119
  L__FloatToStr120
  L_I2C1_Is_Idle0
  L_I2C1_Is_Idle1
  L_I2C1_Start2
  L_I2C1_Start3
  L_I2C1_Start4
  L_I2C1_Start5
  L_I2C1_Start6
  L_I2C1_Start7
  L_I2C1_Start8
  L_I2C1_Start9
  L_I2C1_Repeated_Start10
  L_I2C1_Repeated_Start11
  L_I2C1_Rd12
  L_I2C1_Rd13
  L_I2C1_Rd14
  L_I2C1_Rd15
  L_I2C1_Rd16
  L_I2C1_Rd17
  L_I2C1_Wr18
  L_I2C1_Wr19
  L_I2C1_Wr20
  L_I2C1_Wr21
  L_I2C1_Wr22
  L_I2C1_Wr23
  _I2C1_Init
  _I2C1_Is_Idle
  _I2C1_Start
  L__I2C1_Start24
  L__I2C1_Start25
  _I2C1_Repeated_Start
  _I2C1_Rd
  _I2C1_Wr
  _I2C1_Stop
  L_Div_16x16_S0
  L_Div_16x16_S1
  LOOPS3232A
  SADD22LA
  SOK22LA
  SADD22L8
  SOK22L8
  LOOPS3232B
  SADD22LB
  SOK22LB
  SADD22L16
  SOK22L16
  LOOPS3232C
  SADD22LC
  SOK22LC
  SADD22L24
  SOK22L24
  LOOPS3232D
  SADD22LD
  SOK22LD
  SOK22L
  L_Div_32x32_S6
  L_Div_32x32_S7
  L_Div_32x32_S8
  L_Div_32x32_S9
  FXD3232S
  END_ALL
  CA3232S
  C3232SX
  C3232SX1
  C3232S
  C3232S2
  C3232SX4
  C3232SOK
  C3232SX3
  C3232SX2
  avoid_comfrem
  LOOPU3232A
  UADD22LA
  UOK22LA
  UADD22L8
  UOK22L8
  LOOPU3232B
  UADD22LB
  UOK22LB
  UADD22L16
  UOK22L16
  LOOPU3232C
  UADD22LC
  UOK22LC
  UADD22L24
  UOK22L24
  LOOPU3232D
  UADD22LD
  UOK22LD
  UOK22L
  _NEXT
  _EXIT2
  _LOOP
  _EXIT1
  _IF_FIRST
  _IF_SECOND
  _INVERCE_FIRST
  _MULT
  _INBERSE_SECOND
  _EXIT
  _Mul_8x8_U
  _Mul_16x16_U
  _Div_8x8_U
  _Div_16x16_U
  _Mul_8x8_S
  _Mul_16x16_S
  _Div_16x16_S_L
  _Div_16x16_S
  _Div_8x8_S
  _SDIV3232L
  _COMFREM
  _Div_32x32_S
  _Div_32x32_U
  _Mul_32x32_U
  _Mul_32x32_S
  _CC2D_Loop1
  _____DoICP
  _____DoIFC
  ___CC2DW
  _Swap
