;  LST file generated by mikroListExporter - v.2.0 
; Date/Time: 06/07/2023 15:26:36
;----------------------------------------------

;Address Opcode 	ASM
0x0000	0x2A7D      	GOTO       637
_interrupt:
0x0004	0x00FF      	MOVWF      R15
0x0005	0x0E03      	SWAPF      STATUS, 0
0x0006	0x0183      	CLRF       STATUS
0x0007	0x00AD      	MOVWF      ___saveSTATUS
0x0008	0x080A      	MOVF       PCLATH, 0
0x0009	0x00AE      	MOVWF      ___savePCLATH
0x000A	0x018A      	CLRF       PCLATH
0x000B	0x0870      	MOVF       R0, 0
0x000C	0x00A1      	MOVWF      33
;aula055.c,101 :: 		void interrupt(){
;aula055.c,103 :: 		if(T0IF_bit){                             // houve estouro do TIMER 0?
0x000D	0x1D0B      	BTFSS      T0IF_bit, BitPos(T0IF_bit+0)
0x000E	0x2814      	GOTO       L_interrupt7
;aula055.c,105 :: 		T0IF_bit = 0x00;                        // limpa flag
0x000F	0x110B      	BCF        T0IF_bit, BitPos(T0IF_bit+0)
;aula055.c,106 :: 		TMR0 = 0x06;                            // reinicia o conteudo do TMR0
0x0010	0x3006      	MOVLW      6
0x0011	0x0081      	MOVWF      TMR0
;aula055.c,107 :: 		LED_IR = ~LED_IR;                       // inverte estado do LED_IR (gerando pulsos quadrados na saída)
0x0012	0x3002      	MOVLW      2
0x0013	0x0686      	XORWF      RB1_bit, 1
;aula055.c,108 :: 		}
L_interrupt7:
;aula055.c,110 :: 		if(CCP1IF_bit){                           // houve interupção no módulo de captura?
0x0014	0x1D0C      	BTFSS      CCP1IF_bit, BitPos(CCP1IF_bit+0)
0x0015	0x282B      	GOTO       L_interrupt8
;aula055.c,112 :: 		CCP1IF_bit = 0x00;                      // limpa flag para nova captura
0x0016	0x110C      	BCF        CCP1IF_bit, BitPos(CCP1IF_bit+0)
;aula055.c,113 :: 		if(!flag0.B0){                          // flag B0 limpa?
0x0017	0x1822      	BTFSC      _flag0, 0
0x0018	0x2822      	GOTO       L_interrupt9
;aula055.c,115 :: 		time1 = (CCPR1H << 8) + CCPR1L;       // captura o tempo 1
0x0019	0x0816      	MOVF       CCPR1H, 0
0x001A	0x00A4      	MOVWF      _time1+1
0x001B	0x01A3      	CLRF       _time1
0x001C	0x0815      	MOVF       CCPR1L, 0
0x001D	0x07A3      	ADDWF      _time1, 1
0x001E	0x1803      	BTFSC      STATUS, 0
0x001F	0x0AA4      	INCF       _time1+1, 1
;aula055.c,116 :: 		flag0.B0 = 0x01;
0x0020	0x1422      	BSF        _flag0, 0
;aula055.c,117 :: 		} else {
0x0021	0x282B      	GOTO       L_interrupt10
L_interrupt9:
;aula055.c,119 :: 		time2 = (CCPR1H << 8) + CCPR1L;       // captura o tempo 2
0x0022	0x0816      	MOVF       CCPR1H, 0
0x0023	0x00AC      	MOVWF      _time2+1
0x0024	0x01AB      	CLRF       _time2
0x0025	0x0815      	MOVF       CCPR1L, 0
0x0026	0x07AB      	ADDWF      _time2, 1
0x0027	0x1803      	BTFSC      STATUS, 0
0x0028	0x0AAC      	INCF       _time2+1, 1
;aula055.c,120 :: 		flag0.B0 = 0x00;
0x0029	0x1022      	BCF        _flag0, 0
;aula055.c,121 :: 		flag0.B1 = 0x01;
0x002A	0x14A2      	BSF        _flag0, 1
;aula055.c,122 :: 		}
L_interrupt10:
;aula055.c,123 :: 		}
L_interrupt8:
;aula055.c,124 :: 		}
L_end_interrupt:
L__interrupt18:
0x002B	0x0821      	MOVF       33, 0
0x002C	0x00F0      	MOVWF      R0
0x002D	0x082E      	MOVF       ___savePCLATH, 0
0x002E	0x008A      	MOVWF      PCLATH
0x002F	0x0E2D      	SWAPF      ___saveSTATUS, 0
0x0030	0x0083      	MOVWF      STATUS
0x0031	0x0EFF      	SWAPF      R15, 1
0x0032	0x0E7F      	SWAPF      R15, 0
0x0033	0x0009      	RETFIE
; end of _interrupt
_RES032:
;__Lib_MathDouble.c,123 :: 		
;__Lib_MathDouble.c,128 :: 		
0x0034	0x01F2      	CLRF       R2
;__Lib_MathDouble.c,129 :: 		
0x0035	0x01F1      	CLRF       R1
;__Lib_MathDouble.c,130 :: 		
0x0036	0x01F0      	CLRF       R0
;__Lib_MathDouble.c,131 :: 		
0x0037	0x01F8      	CLRF       R8
;__Lib_MathDouble.c,132 :: 		
0x0038	0x01F3      	CLRF       R3
;__Lib_MathDouble.c,133 :: 		
0x0039	0x3000      	MOVLW      0
;__Lib_MathDouble.c,135 :: 		
L_end_RES032:
0x003A	0x0008      	RETURN
; end of _RES032
_SETFUN32:
;__Lib_MathDouble.c,138 :: 		
;__Lib_MathDouble.c,145 :: 		
0x003B	0x157B      	BSF        R11, 2
;__Lib_MathDouble.c,146 :: 		
0x003C	0x1FFB      	BTFSS      R11, 7
;__Lib_MathDouble.c,147 :: 		
0x003D	0x2845      	GOTO       SETFUN32EEE
;__Lib_MathDouble.c,148 :: 		
0x003E	0x3001      	MOVLW      1
;__Lib_MathDouble.c,149 :: 		
0x003F	0x00F3      	MOVWF      R3
;__Lib_MathDouble.c,150 :: 		
0x0040	0x01F2      	CLRF       R2
;__Lib_MathDouble.c,151 :: 		
0x0041	0x01F1      	CLRF       R1
;__Lib_MathDouble.c,152 :: 		
0x0042	0x01F0      	CLRF       R0
;__Lib_MathDouble.c,153 :: 		
0x0043	0x0DFA      	RLF        R10, 1
;__Lib_MathDouble.c,154 :: 		
0x0044	0x0CF2      	RRF        R2, 1
;__Lib_MathDouble.c,155 :: 		
SETFUN32EEE:
;__Lib_MathDouble.c,156 :: 		
0x0045	0x30FF      	MOVLW      255
;__Lib_MathDouble.c,158 :: 		
L_end_SETFUN32:
0x0046	0x0008      	RETURN
; end of _SETFUN32
_FIXSIGN32:
;__Lib_MathDouble.c,112 :: 		
;__Lib_MathDouble.c,116 :: 		
0x0047	0x1FFA      	BTFSS      R10, 7
;__Lib_MathDouble.c,117 :: 		
0x0048	0x13F2      	BCF        R2, 7
;__Lib_MathDouble.c,118 :: 		
0x0049	0x3000      	MOVLW      0
;__Lib_MathDouble.c,120 :: 		
L_end_FIXSIGN32:
0x004A	0x0008      	RETURN
; end of _FIXSIGN32
_SETFOV32:
;__Lib_MathDouble.c,79 :: 		
;__Lib_MathDouble.c,86 :: 		
0x004B	0x14FB      	BSF        R11, 1
;__Lib_MathDouble.c,87 :: 		
0x004C	0x1FFB      	BTFSS      R11, 7
;__Lib_MathDouble.c,88 :: 		
0x004D	0x2855      	GOTO       SETFOV32EEE
;__Lib_MathDouble.c,89 :: 		
0x004E	0x30FF      	MOVLW      255
;__Lib_MathDouble.c,90 :: 		
0x004F	0x00F3      	MOVWF      R3
;__Lib_MathDouble.c,91 :: 		
0x0050	0x00F2      	MOVWF      R2
;__Lib_MathDouble.c,92 :: 		
0x0051	0x00F1      	MOVWF      R1
;__Lib_MathDouble.c,93 :: 		
0x0052	0x00F0      	MOVWF      R0
;__Lib_MathDouble.c,94 :: 		
0x0053	0x0DFA      	RLF        R10, 1
;__Lib_MathDouble.c,95 :: 		
0x0054	0x0CF2      	RRF        R2, 1
;__Lib_MathDouble.c,96 :: 		
SETFOV32EEE:
;__Lib_MathDouble.c,97 :: 		
0x0055	0x30FF      	MOVLW      255
;__Lib_MathDouble.c,99 :: 		
L_end_SETFOV32:
0x0056	0x0008      	RETURN
; end of _SETFOV32
_NRM3232:
;__Lib_MathDouble.c,167 :: 		
;__Lib_MathDouble.c,173 :: 		
;__Lib_MathDouble.c,175 :: 		
0x0057	0x01A0      	CLRF       __math_tempbD
;__Lib_MathDouble.c,176 :: 		
0x0058	0x0872      	MOVF       R2, 0
;__Lib_MathDouble.c,177 :: 		
0x0059	0x1D03      	BTFSS      STATUS, 2
;__Lib_MathDouble.c,178 :: 		
0x005A	0x286C      	GOTO       NORM3232
;__Lib_MathDouble.c,179 :: 		
0x005B	0x0871      	MOVF       R1, 0
;__Lib_MathDouble.c,180 :: 		
0x005C	0x00F2      	MOVWF      R2
;__Lib_MathDouble.c,181 :: 		
0x005D	0x0870      	MOVF       R0, 0
;__Lib_MathDouble.c,182 :: 		
0x005E	0x00F1      	MOVWF      R1
;__Lib_MathDouble.c,183 :: 		
0x005F	0x01F0      	CLRF       R0
;__Lib_MathDouble.c,184 :: 		
0x0060	0x15A0      	BSF        __math_tempbD, 3
;__Lib_MathDouble.c,186 :: 		
0x0061	0x0872      	MOVF       R2, 0
;__Lib_MathDouble.c,187 :: 		
0x0062	0x1D03      	BTFSS      STATUS, 2
;__Lib_MathDouble.c,188 :: 		
0x0063	0x286C      	GOTO       NORM3232
;__Lib_MathDouble.c,189 :: 		
0x0064	0x0871      	MOVF       R1, 0
;__Lib_MathDouble.c,190 :: 		
0x0065	0x00F2      	MOVWF      R2
;__Lib_MathDouble.c,191 :: 		
0x0066	0x01F1      	CLRF       R1
;__Lib_MathDouble.c,192 :: 		
0x0067	0x11A0      	BCF        __math_tempbD, 3
;__Lib_MathDouble.c,193 :: 		
0x0068	0x1620      	BSF        __math_tempbD, 4
;__Lib_MathDouble.c,195 :: 		
0x0069	0x0872      	MOVF       R2, 0
;__Lib_MathDouble.c,196 :: 		
0x006A	0x1903      	BTFSC      STATUS, 2
;__Lib_MathDouble.c,197 :: 		
0x006B	0x287A      	GOTO       JPNRES032
;__Lib_MathDouble.c,198 :: 		
NORM3232:
;__Lib_MathDouble.c,199 :: 		
0x006C	0x0820      	MOVF       __math_tempbD, 0
;__Lib_MathDouble.c,200 :: 		
0x006D	0x02F3      	SUBWF      R3, 1
;__Lib_MathDouble.c,201 :: 		
0x006E	0x1D03      	BTFSS      STATUS, 2
;__Lib_MathDouble.c,202 :: 		
0x006F	0x1C03      	BTFSS      STATUS, 0
;__Lib_MathDouble.c,203 :: 		
0x0070	0x287E      	GOTO       JPNSETFUN32
;__Lib_MathDouble.c,204 :: 		
0x0071	0x1003      	BCF        STATUS, 0
;__Lib_MathDouble.c,205 :: 		
NORM3232A:
;__Lib_MathDouble.c,206 :: 		
0x0072	0x1BF2      	BTFSC      R2, 7
;__Lib_MathDouble.c,207 :: 		
0x0073	0x2882      	GOTO       JMPNFIXSIGN32
;__Lib_MathDouble.c,208 :: 		
0x0074	0x0DF0      	RLF        R0, 1
;__Lib_MathDouble.c,209 :: 		
0x0075	0x0DF1      	RLF        R1, 1
;__Lib_MathDouble.c,210 :: 		
0x0076	0x0DF2      	RLF        R2, 1
;__Lib_MathDouble.c,211 :: 		
0x0077	0x0BF3      	DECFSZ     R3, 1
;__Lib_MathDouble.c,212 :: 		
0x0078	0x2872      	GOTO       NORM3232A
;__Lib_MathDouble.c,213 :: 		
0x0079	0x287E      	GOTO       JPNSETFUN32
;__Lib_MathDouble.c,214 :: 		
JPNRES032:
;__Lib_MathDouble.c,215 :: 		
0x007A	0x3001      	MOVLW      1
;__Lib_MathDouble.c,216 :: 		
0x007B	0x00FC      	MOVWF      R12
;__Lib_MathDouble.c,218 :: 		
0x007C	0x2034      	CALL       _RES032
;__Lib_MathDouble.c,220 :: 		
0x007D	0x2885      	GOTO       NORM32EEE
;__Lib_MathDouble.c,221 :: 		
JPNSETFUN32:
;__Lib_MathDouble.c,222 :: 		
0x007E	0x3002      	MOVLW      2
;__Lib_MathDouble.c,223 :: 		
0x007F	0x00FC      	MOVWF      R12
;__Lib_MathDouble.c,225 :: 		
0x0080	0x203B      	CALL       _SETFUN32
;__Lib_MathDouble.c,227 :: 		
0x0081	0x2885      	GOTO       NORM32EEE
;__Lib_MathDouble.c,228 :: 		
JMPNFIXSIGN32:
;__Lib_MathDouble.c,229 :: 		
0x0082	0x3004      	MOVLW      4
;__Lib_MathDouble.c,230 :: 		
0x0083	0x00FC      	MOVWF      R12
;__Lib_MathDouble.c,232 :: 		
0x0084	0x2047      	CALL       _FIXSIGN32
;__Lib_MathDouble.c,234 :: 		
NORM32EEE:
;__Lib_MathDouble.c,236 :: 		
L_end_NRM3232:
0x0085	0x0008      	RETURN
; end of _NRM3232
_SETFDZ32:
;__Lib_MathDouble.c,102 :: 		
;__Lib_MathDouble.c,105 :: 		
0x0086	0x15FB      	BSF        R11, 3
;__Lib_MathDouble.c,106 :: 		
0x0087	0x30FF      	MOVLW      255
;__Lib_MathDouble.c,108 :: 		
L_end_SETFDZ32:
0x0088	0x0008      	RETURN
; end of _SETFDZ32
_____DoICP:
;__Lib_System.c,6 :: 		
;__Lib_System.c,9 :: 		
0x0089	0x1283      	BCF        STATUS, 5
0x008A	0x1303      	BCF        STATUS, 6
0x008B	0x082A      	MOVF       ___DoICPAddr+1, 0
0x008C	0x008A      	MOVWF      PCLATH
;__Lib_System.c,10 :: 		
0x008D	0x0829      	MOVF       ___DoICPAddr, 0
0x008E	0x0082      	MOVWF      PCL
;__Lib_System.c,12 :: 		
L_end_____DoICP:
0x008F	0x0008      	RETURN
; end of _____DoICP
_SETIOV3224:
;__Lib_MathDouble.c,1000 :: 		
;__Lib_MathDouble.c,1006 :: 		
0x0090	0x147B      	BSF        R11, 0
;__Lib_MathDouble.c,1007 :: 		
0x0091	0x1FFB      	BTFSS      R11, 7
;__Lib_MathDouble.c,1008 :: 		
0x0092	0x289B      	GOTO       SETIOV3224EEE
;__Lib_MathDouble.c,1010 :: 		
0x0093	0x01F2      	CLRF       R2
;__Lib_MathDouble.c,1011 :: 		
0x0094	0x1FFA      	BTFSS      R10, 7
;__Lib_MathDouble.c,1012 :: 		
0x0095	0x30FF      	MOVLW      255
;__Lib_MathDouble.c,1013 :: 		
0x0096	0x00F2      	MOVWF      R2
;__Lib_MathDouble.c,1014 :: 		
0x0097	0x00F1      	MOVWF      R1
;__Lib_MathDouble.c,1015 :: 		
0x0098	0x00F0      	MOVWF      R0
;__Lib_MathDouble.c,1016 :: 		
0x0099	0x0DFA      	RLF        R10, 1
;__Lib_MathDouble.c,1017 :: 		
0x009A	0x0CF2      	RRF        R2, 1
;__Lib_MathDouble.c,1018 :: 		
SETIOV3224EEE:
;__Lib_MathDouble.c,1019 :: 		
0x009B	0x30FF      	MOVLW      255
;__Lib_MathDouble.c,1021 :: 		
L_end_SETIOV3224:
0x009C	0x0008      	RETURN
; end of _SETIOV3224
_double2longword:
;__Lib_MathDouble.c,1029 :: 		
;__Lib_MathDouble.c,1037 :: 		
0x009D	0x1283      	BCF        STATUS, 5
;__Lib_MathDouble.c,1038 :: 		
0x009E	0x1303      	BCF        STATUS, 6
;__Lib_MathDouble.c,1040 :: 		
0x009F	0x01FB      	CLRF       R11
;__Lib_MathDouble.c,1041 :: 		
0x00A0	0x01FC      	CLRF       R12
;__Lib_MathDouble.c,1042 :: 		
0x00A1	0x01F8      	CLRF       R8
;__Lib_MathDouble.c,1043 :: 		
0x00A2	0x0873      	MOVF       R3, 0
;__Lib_MathDouble.c,1044 :: 		
0x00A3	0x1903      	BTFSC      STATUS, 2
;__Lib_MathDouble.c,1045 :: 		
0x00A4	0x2916      	GOTO       INT3232UEOK
;__Lib_MathDouble.c,1046 :: 		
0x00A5	0x17F2      	BSF        R2, 7
;__Lib_MathDouble.c,1047 :: 		
0x00A6	0x309E      	MOVLW      158
;__Lib_MathDouble.c,1048 :: 		
0x00A7	0x02F3      	SUBWF      R3, 1
;__Lib_MathDouble.c,1049 :: 		
0x00A8	0x1BF3      	BTFSC      R3, 7
;__Lib_MathDouble.c,1050 :: 		
0x00A9	0x28AD      	GOTO       SETEXP32U
;__Lib_MathDouble.c,1051 :: 		
0x00AA	0x1903      	BTFSC      STATUS, 2
;__Lib_MathDouble.c,1052 :: 		
0x00AB	0x28AD      	GOTO       SETEXP32U
;__Lib_MathDouble.c,1053 :: 		
0x00AC	0x2906      	GOTO       SETIOV32U
;__Lib_MathDouble.c,1054 :: 		
SETEXP32U:
;__Lib_MathDouble.c,1055 :: 		
0x00AD	0x09F3      	COMF       R3, 1
;__Lib_MathDouble.c,1056 :: 		
0x00AE	0x0AF3      	INCF       R3, 1
;__Lib_MathDouble.c,1057 :: 		
0x00AF	0x3008      	MOVLW      8
;__Lib_MathDouble.c,1058 :: 		
0x00B0	0x0273      	SUBWF      R3, 0
;__Lib_MathDouble.c,1059 :: 		
0x00B1	0x1C03      	BTFSS      STATUS, 0
;__Lib_MathDouble.c,1060 :: 		
0x00B2	0x28DB      	GOTO       TSHIFT3232U
;__Lib_MathDouble.c,1061 :: 		
0x00B3	0x00F3      	MOVWF      R3
;__Lib_MathDouble.c,1062 :: 		
0x00B4	0x0DF8      	RLF        R8, 1
;__Lib_MathDouble.c,1063 :: 		
0x00B5	0x0870      	MOVF       R0, 0
;__Lib_MathDouble.c,1064 :: 		
0x00B6	0x00F8      	MOVWF      R8
;__Lib_MathDouble.c,1065 :: 		
0x00B7	0x0871      	MOVF       R1, 0
;__Lib_MathDouble.c,1066 :: 		
0x00B8	0x00F0      	MOVWF      R0
;__Lib_MathDouble.c,1067 :: 		
0x00B9	0x0872      	MOVF       R2, 0
;__Lib_MathDouble.c,1068 :: 		
0x00BA	0x00F1      	MOVWF      R1
;__Lib_MathDouble.c,1069 :: 		
0x00BB	0x01F2      	CLRF       R2
;__Lib_MathDouble.c,1071 :: 		
0x00BC	0x3008      	MOVLW      8
;__Lib_MathDouble.c,1072 :: 		
0x00BD	0x0273      	SUBWF      R3, 0
;__Lib_MathDouble.c,1073 :: 		
0x00BE	0x1C03      	BTFSS      STATUS, 0
;__Lib_MathDouble.c,1074 :: 		
0x00BF	0x28DB      	GOTO       TSHIFT3232U
;__Lib_MathDouble.c,1075 :: 		
0x00C0	0x00F3      	MOVWF      R3
;__Lib_MathDouble.c,1076 :: 		
0x00C1	0x0DF8      	RLF        R8, 1
;__Lib_MathDouble.c,1077 :: 		
0x00C2	0x0870      	MOVF       R0, 0
;__Lib_MathDouble.c,1078 :: 		
0x00C3	0x00F8      	MOVWF      R8
;__Lib_MathDouble.c,1079 :: 		
0x00C4	0x0871      	MOVF       R1, 0
;__Lib_MathDouble.c,1080 :: 		
0x00C5	0x00F0      	MOVWF      R0
;__Lib_MathDouble.c,1081 :: 		
0x00C6	0x01F1      	CLRF       R1
;__Lib_MathDouble.c,1083 :: 		
0x00C7	0x3008      	MOVLW      8
;__Lib_MathDouble.c,1084 :: 		
0x00C8	0x0273      	SUBWF      R3, 0
;__Lib_MathDouble.c,1085 :: 		
0x00C9	0x1C03      	BTFSS      STATUS, 0
;__Lib_MathDouble.c,1086 :: 		
0x00CA	0x28DB      	GOTO       TSHIFT3232U
;__Lib_MathDouble.c,1087 :: 		
0x00CB	0x00F3      	MOVWF      R3
;__Lib_MathDouble.c,1088 :: 		
0x00CC	0x0DF8      	RLF        R8, 1
;__Lib_MathDouble.c,1089 :: 		
0x00CD	0x0870      	MOVF       R0, 0
;__Lib_MathDouble.c,1090 :: 		
0x00CE	0x00F8      	MOVWF      R8
;__Lib_MathDouble.c,1091 :: 		
0x00CF	0x01F0      	CLRF       R0
;__Lib_MathDouble.c,1093 :: 		
0x00D0	0x3008      	MOVLW      8
;__Lib_MathDouble.c,1094 :: 		
0x00D1	0x0273      	SUBWF      R3, 0
;__Lib_MathDouble.c,1095 :: 		
0x00D2	0x1C03      	BTFSS      STATUS, 0
;__Lib_MathDouble.c,1096 :: 		
0x00D3	0x28DB      	GOTO       TSHIFT3232U
;__Lib_MathDouble.c,1097 :: 		
0x00D4	0x00F3      	MOVWF      R3
;__Lib_MathDouble.c,1098 :: 		
0x00D5	0x0DF8      	RLF        R8, 1
;__Lib_MathDouble.c,1099 :: 		
0x00D6	0x01F8      	CLRF       R8
;__Lib_MathDouble.c,1101 :: 		
0x00D7	0x0873      	MOVF       R3, 0
;__Lib_MathDouble.c,1102 :: 		
0x00D8	0x1D03      	BTFSS      STATUS, 2
;__Lib_MathDouble.c,1103 :: 		
0x00D9	0x1003      	BCF        STATUS, 0
;__Lib_MathDouble.c,1104 :: 		
0x00DA	0x28E5      	GOTO       SHIFT3232UOK
;__Lib_MathDouble.c,1105 :: 		
TSHIFT3232U:
;__Lib_MathDouble.c,1106 :: 		
0x00DB	0x0873      	MOVF       R3, 0
;__Lib_MathDouble.c,1107 :: 		
0x00DC	0x1903      	BTFSC      STATUS, 2
;__Lib_MathDouble.c,1108 :: 		
0x00DD	0x28E5      	GOTO       SHIFT3232UOK
;__Lib_MathDouble.c,1109 :: 		
SHIFT3232U:
;__Lib_MathDouble.c,1110 :: 		
0x00DE	0x1003      	BCF        STATUS, 0
;__Lib_MathDouble.c,1111 :: 		
0x00DF	0x0CF2      	RRF        R2, 1
;__Lib_MathDouble.c,1112 :: 		
0x00E0	0x0CF1      	RRF        R1, 1
;__Lib_MathDouble.c,1113 :: 		
0x00E1	0x0CF0      	RRF        R0, 1
;__Lib_MathDouble.c,1114 :: 		
0x00E2	0x0CF8      	RRF        R8, 1
;__Lib_MathDouble.c,1115 :: 		
0x00E3	0x0BF3      	DECFSZ     R3, 1
;__Lib_MathDouble.c,1116 :: 		
0x00E4	0x28DE      	GOTO       SHIFT3232U
;__Lib_MathDouble.c,1117 :: 		
SHIFT3232UOK:
;__Lib_MathDouble.c,1118 :: 		
0x00E5	0x1B7B      	BTFSC      R11, 6
;__Lib_MathDouble.c,1119 :: 		
0x00E6	0x1C78      	BTFSS      R8, 0
;__Lib_MathDouble.c,1120 :: 		
0x00E7	0x28F3      	GOTO       INT3232UOK
;__Lib_MathDouble.c,1121 :: 		
0x00E8	0x1C03      	BTFSS      STATUS, 0
;__Lib_MathDouble.c,1122 :: 		
0x00E9	0x28F3      	GOTO       INT3232UOK
;__Lib_MathDouble.c,1123 :: 		
0x00EA	0x0AF8      	INCF       R8, 1
;__Lib_MathDouble.c,1124 :: 		
0x00EB	0x1903      	BTFSC      STATUS, 2
;__Lib_MathDouble.c,1125 :: 		
0x00EC	0x0AF0      	INCF       R0, 1
;__Lib_MathDouble.c,1126 :: 		
0x00ED	0x1903      	BTFSC      STATUS, 2
;__Lib_MathDouble.c,1127 :: 		
0x00EE	0x0AF1      	INCF       R1, 1
;__Lib_MathDouble.c,1128 :: 		
0x00EF	0x1903      	BTFSC      STATUS, 2
;__Lib_MathDouble.c,1129 :: 		
0x00F0	0x0AF2      	INCF       R2, 1
;__Lib_MathDouble.c,1130 :: 		
0x00F1	0x1BF2      	BTFSC      R2, 7
;__Lib_MathDouble.c,1131 :: 		
0x00F2	0x2913      	GOTO       JPLSETIOV3224
;__Lib_MathDouble.c,1132 :: 		
INT3232UOK:
;__Lib_MathDouble.c,1133 :: 		
0x00F3	0x1FFA      	BTFSS      R10, 7
;__Lib_MathDouble.c,1134 :: 		
0x00F4	0x2916      	GOTO       INT3232UEOK
;__Lib_MathDouble.c,1136 :: 		
0x00F5	0x09F2      	COMF       R2, 1
;__Lib_MathDouble.c,1137 :: 		
0x00F6	0x09F1      	COMF       R1, 1
;__Lib_MathDouble.c,1138 :: 		
0x00F7	0x09F0      	COMF       R0, 1
;__Lib_MathDouble.c,1139 :: 		
0x00F8	0x09F8      	COMF       R8, 1
;__Lib_MathDouble.c,1140 :: 		
0x00F9	0x0AF8      	INCF       R8, 1
;__Lib_MathDouble.c,1141 :: 		
0x00FA	0x1903      	BTFSC      STATUS, 2
;__Lib_MathDouble.c,1142 :: 		
0x00FB	0x0AF0      	INCF       R0, 1
;__Lib_MathDouble.c,1143 :: 		
0x00FC	0x1903      	BTFSC      STATUS, 2
;__Lib_MathDouble.c,1144 :: 		
0x00FD	0x0AF1      	INCF       R1, 1
;__Lib_MathDouble.c,1145 :: 		
0x00FE	0x1903      	BTFSC      STATUS, 2
;__Lib_MathDouble.c,1146 :: 		
0x00FF	0x0AF2      	INCF       R2, 1
;__Lib_MathDouble.c,1147 :: 		
0x0100	0x2916      	GOTO       INT3232UEOK
;__Lib_MathDouble.c,1149 :: 		
0x0101	0x01F2      	CLRF       R2
;__Lib_MathDouble.c,1150 :: 		
0x0102	0x01F1      	CLRF       R1
;__Lib_MathDouble.c,1151 :: 		
0x0103	0x01F0      	CLRF       R0
;__Lib_MathDouble.c,1152 :: 		
0x0104	0x01F8      	CLRF       R8
;__Lib_MathDouble.c,1153 :: 		
0x0105	0x2916      	GOTO       INT3232UEOK
;__Lib_MathDouble.c,1154 :: 		
SETIOV32U:
;__Lib_MathDouble.c,1155 :: 		
0x0106	0x147B      	BSF        R11, 0
;__Lib_MathDouble.c,1156 :: 		
0x0107	0x1FFB      	BTFSS      R11, 7
;__Lib_MathDouble.c,1157 :: 		
0x0108	0x2919      	GOTO       INT3232UEER
;__Lib_MathDouble.c,1159 :: 		
0x0109	0x01F2      	CLRF       R2
;__Lib_MathDouble.c,1160 :: 		
0x010A	0x1FFA      	BTFSS      R10, 7
;__Lib_MathDouble.c,1161 :: 		
0x010B	0x2919      	GOTO       INT3232UEER
;__Lib_MathDouble.c,1162 :: 		
0x010C	0x00F2      	MOVWF      R2
;__Lib_MathDouble.c,1163 :: 		
0x010D	0x00F1      	MOVWF      R1
;__Lib_MathDouble.c,1164 :: 		
0x010E	0x00F0      	MOVWF      R0
;__Lib_MathDouble.c,1165 :: 		
0x010F	0x00F8      	MOVWF      R8
;__Lib_MathDouble.c,1166 :: 		
0x0110	0x0DFA      	RLF        R10, 1
;__Lib_MathDouble.c,1167 :: 		
0x0111	0x0CF2      	RRF        R2, 1
;__Lib_MathDouble.c,1168 :: 		
0x0112	0x2919      	GOTO       INT3232UEER
;__Lib_MathDouble.c,1169 :: 		
JPLSETIOV3224:
;__Lib_MathDouble.c,1170 :: 		
0x0113	0x3001      	MOVLW      1
;__Lib_MathDouble.c,1171 :: 		
0x0114	0x00FC      	MOVWF      R12
;__Lib_MathDouble.c,1172 :: 		
0x0115	0x291B      	GOTO       INT3232UEEE
;__Lib_MathDouble.c,1173 :: 		
INT3232UEOK:
;__Lib_MathDouble.c,1174 :: 		
0x0116	0x3000      	MOVLW      0
;__Lib_MathDouble.c,1175 :: 		
0x0117	0x00FC      	MOVWF      R12
;__Lib_MathDouble.c,1176 :: 		
0x0118	0x291B      	GOTO       INT3232UEEE
;__Lib_MathDouble.c,1177 :: 		
INT3232UEER:
;__Lib_MathDouble.c,1178 :: 		
0x0119	0x30FF      	MOVLW      255
;__Lib_MathDouble.c,1179 :: 		
0x011A	0x00FC      	MOVWF      R12
;__Lib_MathDouble.c,1180 :: 		
INT3232UEEE:
;__Lib_MathDouble.c,1183 :: 		
0x011B	0x08FC      	MOVF       R12, 1
;__Lib_MathDouble.c,1185 :: 		
0x011C	0x1903      	BTFSC      STATUS, 2
;__Lib_MathDouble.c,1186 :: 		
0x011D	0x291F      	GOTO       L_Double2Longword_0
;__Lib_MathDouble.c,1188 :: 		
0x011E	0x2090      	CALL       _SETIOV3224
;__Lib_MathDouble.c,1191 :: 		
L_Double2Longword_0:
;__Lib_MathDouble.c,1192 :: 		
0x011F	0x0872      	MOVF       R2, 0
;__Lib_MathDouble.c,1193 :: 		
0x0120	0x00F3      	MOVWF      R3
;__Lib_MathDouble.c,1194 :: 		
0x0121	0x0871      	MOVF       R1, 0
;__Lib_MathDouble.c,1195 :: 		
0x0122	0x00F2      	MOVWF      R2
;__Lib_MathDouble.c,1196 :: 		
0x0123	0x0870      	MOVF       R0, 0
;__Lib_MathDouble.c,1197 :: 		
0x0124	0x00F1      	MOVWF      R1
;__Lib_MathDouble.c,1198 :: 		
0x0125	0x0878      	MOVF       R8, 0
;__Lib_MathDouble.c,1199 :: 		
0x0126	0x00F0      	MOVWF      R0
;__Lib_MathDouble.c,1202 :: 		
L_end_double2longword:
0x0127	0x0008      	RETURN
; end of _double2longword
_Mul_32x32_FP:
;__Lib_MathDouble.c,610 :: 		
;__Lib_MathDouble.c,622 :: 		
;__Lib_MathDouble.c,624 :: 		
0x0128	0x1283      	BCF        STATUS, 5
;__Lib_MathDouble.c,625 :: 		
0x0129	0x1303      	BCF        STATUS, 6
;__Lib_MathDouble.c,627 :: 		
0x012A	0x01FB      	CLRF       R11
;__Lib_MathDouble.c,628 :: 		
0x012B	0x0873      	MOVF       R3, 0
;__Lib_MathDouble.c,629 :: 		
0x012C	0x1D03      	BTFSS      STATUS, 2
;__Lib_MathDouble.c,630 :: 		
0x012D	0x0877      	MOVF       R7, 0
;__Lib_MathDouble.c,631 :: 		
0x012E	0x1903      	BTFSC      STATUS, 2
;__Lib_MathDouble.c,632 :: 		
0x012F	0x297F      	GOTO       JPMRES032
;__Lib_MathDouble.c,634 :: 		
0x0130	0x0872      	MOVF       R2, 0
;__Lib_MathDouble.c,635 :: 		
0x0131	0x0676      	XORWF      R6, 0
;__Lib_MathDouble.c,636 :: 		
0x0132	0x00FA      	MOVWF      R10
;__Lib_MathDouble.c,637 :: 		
0x0133	0x0877      	MOVF       R7, 0
;__Lib_MathDouble.c,638 :: 		
0x0134	0x07F3      	ADDWF      R3, 1
;__Lib_MathDouble.c,639 :: 		
0x0135	0x307E      	MOVLW      126
;__Lib_MathDouble.c,640 :: 		
0x0136	0x1C03      	BTFSS      STATUS, 0
;__Lib_MathDouble.c,641 :: 		
0x0137	0x293C      	GOTO       MTUN32
;__Lib_MathDouble.c,642 :: 		
0x0138	0x02F3      	SUBWF      R3, 1
;__Lib_MathDouble.c,643 :: 		
0x0139	0x1803      	BTFSC      STATUS, 0
;__Lib_MathDouble.c,644 :: 		
0x013A	0x2982      	GOTO       JPMSETFOV32
;__Lib_MathDouble.c,645 :: 		
0x013B	0x293F      	GOTO       MOK32
;__Lib_MathDouble.c,646 :: 		
MTUN32:
;__Lib_MathDouble.c,647 :: 		
0x013C	0x02F3      	SUBWF      R3, 1
;__Lib_MathDouble.c,648 :: 		
0x013D	0x1C03      	BTFSS      STATUS, 0
;__Lib_MathDouble.c,649 :: 		
0x013E	0x2985      	GOTO       JPMSETFUN32
;__Lib_MathDouble.c,650 :: 		
MOK32:
;__Lib_MathDouble.c,651 :: 		
0x013F	0x0872      	MOVF       R2, 0
;__Lib_MathDouble.c,652 :: 		
0x0140	0x00F8      	MOVWF      R8
;__Lib_MathDouble.c,653 :: 		
0x0141	0x0871      	MOVF       R1, 0
;__Lib_MathDouble.c,654 :: 		
0x0142	0x00FC      	MOVWF      R12
;__Lib_MathDouble.c,655 :: 		
0x0143	0x0870      	MOVF       R0, 0
;__Lib_MathDouble.c,656 :: 		
0x0144	0x00FD      	MOVWF      R13
;__Lib_MathDouble.c,657 :: 		
0x0145	0x17F8      	BSF        R8, 7
;__Lib_MathDouble.c,658 :: 		
0x0146	0x17F6      	BSF        R6, 7
;__Lib_MathDouble.c,659 :: 		
0x0147	0x1003      	BCF        STATUS, 0
;__Lib_MathDouble.c,660 :: 		
0x0148	0x01F2      	CLRF       R2
;__Lib_MathDouble.c,661 :: 		
0x0149	0x01F1      	CLRF       R1
;__Lib_MathDouble.c,662 :: 		
0x014A	0x01F0      	CLRF       R0
;__Lib_MathDouble.c,663 :: 		
0x014B	0x3018      	MOVLW      24
;__Lib_MathDouble.c,664 :: 		
0x014C	0x00A0      	MOVWF      __math_tempbD
;__Lib_MathDouble.c,665 :: 		
MLOOP32:
;__Lib_MathDouble.c,666 :: 		
0x014D	0x1C7D      	BTFSS      R13, 0
;__Lib_MathDouble.c,667 :: 		
0x014E	0x2959      	GOTO       MNOADD32
;__Lib_MathDouble.c,669 :: 		
0x014F	0x0874      	MOVF       R4, 0
;__Lib_MathDouble.c,670 :: 		
0x0150	0x07F0      	ADDWF      R0, 1
;__Lib_MathDouble.c,671 :: 		
0x0151	0x0875      	MOVF       R5, 0
;__Lib_MathDouble.c,672 :: 		
0x0152	0x1803      	BTFSC      STATUS, 0
;__Lib_MathDouble.c,673 :: 		
0x0153	0x0F75      	INCFSZ     R5, 0
;__Lib_MathDouble.c,674 :: 		
0x0154	0x07F1      	ADDWF      R1, 1
;__Lib_MathDouble.c,675 :: 		
0x0155	0x0876      	MOVF       R6, 0
;__Lib_MathDouble.c,676 :: 		
0x0156	0x1803      	BTFSC      STATUS, 0
;__Lib_MathDouble.c,677 :: 		
0x0157	0x0F76      	INCFSZ     R6, 0
;__Lib_MathDouble.c,678 :: 		
0x0158	0x07F2      	ADDWF      R2, 1
;__Lib_MathDouble.c,679 :: 		
MNOADD32:
;__Lib_MathDouble.c,680 :: 		
0x0159	0x0CF2      	RRF        R2, 1
;__Lib_MathDouble.c,681 :: 		
0x015A	0x0CF1      	RRF        R1, 1
;__Lib_MathDouble.c,682 :: 		
0x015B	0x0CF0      	RRF        R0, 1
;__Lib_MathDouble.c,683 :: 		
0x015C	0x0CF8      	RRF        R8, 1
;__Lib_MathDouble.c,684 :: 		
0x015D	0x0CFC      	RRF        R12, 1
;__Lib_MathDouble.c,685 :: 		
0x015E	0x0CFD      	RRF        R13, 1
;__Lib_MathDouble.c,686 :: 		
0x015F	0x1003      	BCF        STATUS, 0
;__Lib_MathDouble.c,687 :: 		
0x0160	0x0BA0      	DECFSZ     __math_tempbD, 1
;__Lib_MathDouble.c,688 :: 		
0x0161	0x294D      	GOTO       MLOOP32
;__Lib_MathDouble.c,689 :: 		
0x0162	0x1BF2      	BTFSC      R2, 7
;__Lib_MathDouble.c,690 :: 		
0x0163	0x2969      	GOTO       MROUND32
;__Lib_MathDouble.c,691 :: 		
0x0164	0x0DF8      	RLF        R8, 1
;__Lib_MathDouble.c,692 :: 		
0x0165	0x0DF0      	RLF        R0, 1
;__Lib_MathDouble.c,693 :: 		
0x0166	0x0DF1      	RLF        R1, 1
;__Lib_MathDouble.c,694 :: 		
0x0167	0x0DF2      	RLF        R2, 1
;__Lib_MathDouble.c,695 :: 		
0x0168	0x03F3      	DECF       R3, 1
;__Lib_MathDouble.c,696 :: 		
MROUND32:
;__Lib_MathDouble.c,697 :: 		
0x0169	0x1B7B      	BTFSC      R11, 6
;__Lib_MathDouble.c,698 :: 		
0x016A	0x1C70      	BTFSS      R0, 0
;__Lib_MathDouble.c,699 :: 		
0x016B	0x297B      	GOTO       MUL32OK
;__Lib_MathDouble.c,700 :: 		
0x016C	0x1FF8      	BTFSS      R8, 7
;__Lib_MathDouble.c,701 :: 		
0x016D	0x297B      	GOTO       MUL32OK
;__Lib_MathDouble.c,702 :: 		
0x016E	0x0AF0      	INCF       R0, 1
;__Lib_MathDouble.c,703 :: 		
0x016F	0x1903      	BTFSC      STATUS, 2
;__Lib_MathDouble.c,704 :: 		
0x0170	0x0AF1      	INCF       R1, 1
;__Lib_MathDouble.c,705 :: 		
0x0171	0x1903      	BTFSC      STATUS, 2
;__Lib_MathDouble.c,706 :: 		
0x0172	0x0AF2      	INCF       R2, 1
;__Lib_MathDouble.c,707 :: 		
0x0173	0x1D03      	BTFSS      STATUS, 2
;__Lib_MathDouble.c,708 :: 		
0x0174	0x297B      	GOTO       MUL32OK
;__Lib_MathDouble.c,709 :: 		
0x0175	0x0CF2      	RRF        R2, 1
;__Lib_MathDouble.c,710 :: 		
0x0176	0x0CF1      	RRF        R1, 1
;__Lib_MathDouble.c,711 :: 		
0x0177	0x0CF0      	RRF        R0, 1
;__Lib_MathDouble.c,712 :: 		
0x0178	0x0AF3      	INCF       R3, 1
;__Lib_MathDouble.c,713 :: 		
0x0179	0x1903      	BTFSC      STATUS, 2
;__Lib_MathDouble.c,714 :: 		
0x017A	0x2982      	GOTO       JPMSETFOV32
;__Lib_MathDouble.c,715 :: 		
MUL32OK:
;__Lib_MathDouble.c,716 :: 		
0x017B	0x1FFA      	BTFSS      R10, 7
;__Lib_MathDouble.c,717 :: 		
0x017C	0x13F2      	BCF        R2, 7
;__Lib_MathDouble.c,718 :: 		
0x017D	0x3000      	MOVLW      0
;__Lib_MathDouble.c,720 :: 		
0x017E	0x2987      	GOTO       MUL32EEE
;__Lib_MathDouble.c,721 :: 		
JPMRES032:
;__Lib_MathDouble.c,722 :: 		
0x017F	0x3001      	MOVLW      1
;__Lib_MathDouble.c,725 :: 		
0x0180	0x2034      	CALL       _RES032
;__Lib_MathDouble.c,727 :: 		
0x0181	0x2987      	GOTO       MUL32EEE
;__Lib_MathDouble.c,728 :: 		
JPMSETFOV32:
;__Lib_MathDouble.c,729 :: 		
0x0182	0x3002      	MOVLW      2
;__Lib_MathDouble.c,732 :: 		
0x0183	0x204B      	CALL       _SETFOV32
;__Lib_MathDouble.c,734 :: 		
0x0184	0x2987      	GOTO       MUL32EEE
;__Lib_MathDouble.c,735 :: 		
JPMSETFUN32:
;__Lib_MathDouble.c,736 :: 		
0x0185	0x3004      	MOVLW      4
;__Lib_MathDouble.c,739 :: 		
0x0186	0x203B      	CALL       _SETFUN32
;__Lib_MathDouble.c,741 :: 		
MUL32EEE:
;__Lib_MathDouble.c,742 :: 		
0x0187	0x0000      	NOP
;__Lib_MathDouble.c,749 :: 		
L_end_Mul_32x32_FP:
0x0188	0x0008      	RETURN
; end of _Mul_32x32_FP
_word2double:
;__Lib_MathDouble.c,1862 :: 		
;__Lib_MathDouble.c,1868 :: 		
0x0189	0x1283      	BCF        STATUS, 5
;__Lib_MathDouble.c,1869 :: 		
0x018A	0x1303      	BCF        STATUS, 6
;__Lib_MathDouble.c,1870 :: 		
0x018B	0x0870      	MOVF       R0, 0
;__Lib_MathDouble.c,1871 :: 		
0x018C	0x00F8      	MOVWF      R8
;__Lib_MathDouble.c,1872 :: 		
0x018D	0x0871      	MOVF       R1, 0
;__Lib_MathDouble.c,1873 :: 		
0x018E	0x00F0      	MOVWF      R0
;__Lib_MathDouble.c,1874 :: 		
0x018F	0x01F1      	CLRF       R1
;__Lib_MathDouble.c,1875 :: 		
0x0190	0x01F2      	CLRF       R2
;__Lib_MathDouble.c,1876 :: 		
0x0191	0x01F3      	CLRF       R3
;__Lib_MathDouble.c,1879 :: 		
0x0192	0x01FB      	CLRF       R11
;__Lib_MathDouble.c,1880 :: 		
0x0193	0x01FC      	CLRF       R12
;__Lib_MathDouble.c,1882 :: 		
0x0194	0x3096      	MOVLW      150
;__Lib_MathDouble.c,1883 :: 		
0x0195	0x00F3      	MOVWF      R3
;__Lib_MathDouble.c,1884 :: 		
0x0196	0x01FA      	CLRF       R10
;__Lib_MathDouble.c,1886 :: 		
0x0197	0x0870      	MOVF       R0, 0
;__Lib_MathDouble.c,1887 :: 		
0x0198	0x00F1      	MOVWF      R1
;__Lib_MathDouble.c,1888 :: 		
0x0199	0x0878      	MOVF       R8, 0
;__Lib_MathDouble.c,1889 :: 		
0x019A	0x00F0      	MOVWF      R0
;__Lib_MathDouble.c,1890 :: 		
0x019B	0x01F8      	CLRF       R8
;__Lib_MathDouble.c,1891 :: 		
0x019C	0x01F2      	CLRF       R2
;__Lib_MathDouble.c,1893 :: 		
0x019D	0x2057      	CALL       _NRM3232
;__Lib_MathDouble.c,1894 :: 		
L_end_word2double:
0x019E	0x0008      	RETURN
; end of _word2double
_abs:
;__Lib_CStdlib.c,37 :: 		
;__Lib_CStdlib.c,38 :: 		
0x019F	0x3080      	MOVLW      128
0x01A0	0x1283      	BCF        STATUS, 5
0x01A1	0x1303      	BCF        STATUS, 6
0x01A2	0x0630      	XORWF      FARG_abs_a+1, 0
0x01A3	0x00F0      	MOVWF      R0
0x01A4	0x3080      	MOVLW      128
0x01A5	0x0270      	SUBWF      R0, 0
0x01A6	0x1D03      	BTFSS      STATUS, 2
0x01A7	0x29AA      	GOTO       L__abs93
0x01A8	0x3000      	MOVLW      0
0x01A9	0x022F      	SUBWF      FARG_abs_a, 0
L__abs93:
0x01AA	0x1803      	BTFSC      STATUS, 0
0x01AB	0x29B5      	GOTO       L_abs0
;__Lib_CStdlib.c,39 :: 		
0x01AC	0x082F      	MOVF       FARG_abs_a, 0
0x01AD	0x3C00      	SUBLW      0
0x01AE	0x00F0      	MOVWF      R0
0x01AF	0x0830      	MOVF       FARG_abs_a+1, 0
0x01B0	0x1C03      	BTFSS      STATUS, 0
0x01B1	0x3E01      	ADDLW      1
0x01B2	0x01F1      	CLRF       R0+1
0x01B3	0x02F1      	SUBWF      R0+1, 1
0x01B4	0x29B9      	GOTO       L_end_abs
L_abs0:
;__Lib_CStdlib.c,40 :: 		
0x01B5	0x082F      	MOVF       FARG_abs_a, 0
0x01B6	0x00F0      	MOVWF      R0
0x01B7	0x0830      	MOVF       FARG_abs_a+1, 0
0x01B8	0x00F1      	MOVWF      R0+1
;__Lib_CStdlib.c,41 :: 		
L_end_abs:
0x01B9	0x0008      	RETURN
; end of _abs
___CC2DW:
;__Lib_System.c,134 :: 		
;__Lib_System.c,137 :: 		
_CC2D_Loop1:
;__Lib_System.c,139 :: 		
0x01BA	0x2089      	CALL       _____DoICP
0x01BB	0x118A      	BCF        PCLATH, 3
0x01BC	0x120A      	BCF        PCLATH, 4
;__Lib_System.c,141 :: 		
0x01BD	0x0080      	MOVWF      INDF
;__Lib_System.c,142 :: 		
0x01BE	0x0A84      	INCF       FSR, 1
;__Lib_System.c,143 :: 		
0x01BF	0x0AA9      	INCF       ___DoICPAddr, 1
;__Lib_System.c,145 :: 		
0x01C0	0x1903      	BTFSC      STATUS, 2
;__Lib_System.c,146 :: 		
0x01C1	0x0AAA      	INCF       ___DoICPAddr+1, 1
;__Lib_System.c,147 :: 		
0x01C2	0x03F0      	DECF       R0, 1
;__Lib_System.c,149 :: 		
0x01C3	0x1D03      	BTFSS      STATUS, 2
;__Lib_System.c,150 :: 		
0x01C4	0x29BA      	GOTO       _CC2D_Loop1
;__Lib_System.c,152 :: 		
L_end___CC2DW:
0x01C5	0x0008      	RETURN
; end of ___CC2DW
_Div_32x32_FP:
;__Lib_MathDouble.c,761 :: 		
;__Lib_MathDouble.c,773 :: 		
;__Lib_MathDouble.c,776 :: 		
0x01C6	0x1283      	BCF        STATUS, 5
0x01C7	0x1303      	BCF        STATUS, 6
0x01C8	0x0874      	MOVF       R4, 0
0x01C9	0x3A00      	XORLW      0
0x01CA	0x1D03      	BTFSS      STATUS, 2
0x01CB	0x29E1      	GOTO       L_Div_32x32_FP7
;__Lib_MathDouble.c,777 :: 		
0x01CC	0x0875      	MOVF       R5, 0
0x01CD	0x3A00      	XORLW      0
0x01CE	0x1D03      	BTFSS      STATUS, 2
0x01CF	0x29E1      	GOTO       L_Div_32x32_FP8
;__Lib_MathDouble.c,778 :: 		
0x01D0	0x0876      	MOVF       R6, 0
0x01D1	0x3A00      	XORLW      0
0x01D2	0x1D03      	BTFSS      STATUS, 2
0x01D3	0x29E1      	GOTO       L_Div_32x32_FP9
;__Lib_MathDouble.c,779 :: 		
0x01D4	0x0877      	MOVF       R7, 0
0x01D5	0x3A00      	XORLW      0
0x01D6	0x1D03      	BTFSS      STATUS, 2
0x01D7	0x29E1      	GOTO       L_Div_32x32_FP10
;__Lib_MathDouble.c,780 :: 		
0x01D8	0x30FF      	MOVLW      255
0x01D9	0x00F0      	MOVWF      R0
;__Lib_MathDouble.c,781 :: 		
0x01DA	0x30FF      	MOVLW      255
0x01DB	0x00F1      	MOVWF      R1
;__Lib_MathDouble.c,782 :: 		
0x01DC	0x307F      	MOVLW      127
0x01DD	0x00F2      	MOVWF      R2
;__Lib_MathDouble.c,783 :: 		
0x01DE	0x30FF      	MOVLW      255
0x01DF	0x00F3      	MOVWF      R3
;__Lib_MathDouble.c,784 :: 		
0x01E0	0x2A7C      	GOTO       L_end_Div_32x32_FP
;__Lib_MathDouble.c,785 :: 		
L_Div_32x32_FP10:
L_Div_32x32_FP9:
L_Div_32x32_FP8:
L_Div_32x32_FP7:
;__Lib_MathDouble.c,788 :: 		
0x01E1	0x1283      	BCF        STATUS, 5
;__Lib_MathDouble.c,789 :: 		
0x01E2	0x1303      	BCF        STATUS, 6
;__Lib_MathDouble.c,791 :: 		
0x01E3	0x0877      	MOVF       R7, 0
;__Lib_MathDouble.c,792 :: 		
0x01E4	0x1903      	BTFSC      STATUS, 2
;__Lib_MathDouble.c,793 :: 		
0x01E5	0x2A70      	GOTO       JPDSETFDZ32
;__Lib_MathDouble.c,795 :: 		
0x01E6	0x0873      	MOVF       R3, 0
;__Lib_MathDouble.c,796 :: 		
0x01E7	0x1903      	BTFSC      STATUS, 2
;__Lib_MathDouble.c,797 :: 		
0x01E8	0x2A73      	GOTO       JPDRES032
;__Lib_MathDouble.c,799 :: 		
0x01E9	0x0872      	MOVF       R2, 0
;__Lib_MathDouble.c,800 :: 		
0x01EA	0x0676      	XORWF      R6, 0
;__Lib_MathDouble.c,801 :: 		
0x01EB	0x3980      	ANDLW      128
;__Lib_MathDouble.c,802 :: 		
0x01EC	0x00FA      	MOVWF      R10
;__Lib_MathDouble.c,803 :: 		
0x01ED	0x17F2      	BSF        R2, 7
;__Lib_MathDouble.c,804 :: 		
0x01EE	0x17F6      	BSF        R6, 7
;__Lib_MathDouble.c,806 :: 		
0x01EF	0x01A0      	CLRF       __math_tempbD
;__Lib_MathDouble.c,807 :: 		
0x01F0	0x0872      	MOVF       R2, 0
;__Lib_MathDouble.c,808 :: 		
0x01F1	0x00F8      	MOVWF      R8
;__Lib_MathDouble.c,809 :: 		
0x01F2	0x0871      	MOVF       R1, 0
;__Lib_MathDouble.c,810 :: 		
0x01F3	0x00FC      	MOVWF      R12
;__Lib_MathDouble.c,811 :: 		
0x01F4	0x0870      	MOVF       R0, 0
;__Lib_MathDouble.c,812 :: 		
0x01F5	0x00FD      	MOVWF      R13
;__Lib_MathDouble.c,814 :: 		
0x01F6	0x0874      	MOVF       R4, 0
;__Lib_MathDouble.c,815 :: 		
0x01F7	0x02FD      	SUBWF      R13, 1
;__Lib_MathDouble.c,816 :: 		
0x01F8	0x0875      	MOVF       R5, 0
;__Lib_MathDouble.c,817 :: 		
0x01F9	0x1C03      	BTFSS      STATUS, 0
;__Lib_MathDouble.c,818 :: 		
0x01FA	0x0F75      	INCFSZ     R5, 0
;__Lib_MathDouble.c,820 :: 		
0x01FB	0x02FC      	SUBWF      R12, 1
;__Lib_MathDouble.c,821 :: 		
0x01FC	0x0876      	MOVF       R6, 0
;__Lib_MathDouble.c,822 :: 		
0x01FD	0x1C03      	BTFSS      STATUS, 0
;__Lib_MathDouble.c,823 :: 		
0x01FE	0x0F76      	INCFSZ     R6, 0
;__Lib_MathDouble.c,825 :: 		
0x01FF	0x02F8      	SUBWF      R8, 1
;__Lib_MathDouble.c,826 :: 		
0x0200	0x01F8      	CLRF       R8
;__Lib_MathDouble.c,827 :: 		
0x0201	0x01FC      	CLRF       R12
;__Lib_MathDouble.c,828 :: 		
0x0202	0x01FD      	CLRF       R13
;__Lib_MathDouble.c,829 :: 		
0x0203	0x1C03      	BTFSS      STATUS, 0
;__Lib_MathDouble.c,830 :: 		
0x0204	0x2A0C      	GOTO       DALIGN32OK
;__Lib_MathDouble.c,832 :: 		
0x0205	0x1003      	BCF        STATUS, 0
;__Lib_MathDouble.c,833 :: 		
0x0206	0x0CF2      	RRF        R2, 1
;__Lib_MathDouble.c,834 :: 		
0x0207	0x0CF1      	RRF        R1, 1
;__Lib_MathDouble.c,835 :: 		
0x0208	0x0CF0      	RRF        R0, 1
;__Lib_MathDouble.c,836 :: 		
0x0209	0x0CF8      	RRF        R8, 1
;__Lib_MathDouble.c,837 :: 		
0x020A	0x3001      	MOVLW      1
;__Lib_MathDouble.c,838 :: 		
0x020B	0x00A0      	MOVWF      __math_tempbD
;__Lib_MathDouble.c,839 :: 		
DALIGN32OK:
;__Lib_MathDouble.c,840 :: 		
0x020C	0x0877      	MOVF       R7, 0
;__Lib_MathDouble.c,841 :: 		
0x020D	0x02F3      	SUBWF      R3, 1
;__Lib_MathDouble.c,842 :: 		
0x020E	0x1C03      	BTFSS      STATUS, 0
;__Lib_MathDouble.c,843 :: 		
0x020F	0x2A16      	GOTO       ALTB32
;__Lib_MathDouble.c,845 :: 		
0x0210	0x307E      	MOVLW      126
;__Lib_MathDouble.c,846 :: 		
0x0211	0x0720      	ADDWF      __math_tempbD, 0
;__Lib_MathDouble.c,847 :: 		
0x0212	0x07F3      	ADDWF      R3, 1
;__Lib_MathDouble.c,848 :: 		
0x0213	0x1803      	BTFSC      STATUS, 0
;__Lib_MathDouble.c,849 :: 		
0x0214	0x2A76      	GOTO       JPDSETFOV32
;__Lib_MathDouble.c,850 :: 		
0x0215	0x2A1B      	GOTO       DARGOK32
;__Lib_MathDouble.c,851 :: 		
ALTB32:
;__Lib_MathDouble.c,852 :: 		
0x0216	0x307E      	MOVLW      126
;__Lib_MathDouble.c,853 :: 		
0x0217	0x0720      	ADDWF      __math_tempbD, 0
;__Lib_MathDouble.c,854 :: 		
0x0218	0x07F3      	ADDWF      R3, 1
;__Lib_MathDouble.c,855 :: 		
0x0219	0x1C03      	BTFSS      STATUS, 0
;__Lib_MathDouble.c,856 :: 		
0x021A	0x2A79      	GOTO       JPDSETFUN32
;__Lib_MathDouble.c,857 :: 		
DARGOK32:
;__Lib_MathDouble.c,858 :: 		
0x021B	0x3018      	MOVLW      24
;__Lib_MathDouble.c,860 :: 		
0x021C	0x07FA      	ADDWF      R10, 1
;__Lib_MathDouble.c,861 :: 		
DLOOP32:
;__Lib_MathDouble.c,862 :: 		
0x021D	0x0DFD      	RLF        R13, 1
;__Lib_MathDouble.c,863 :: 		
0x021E	0x0DFC      	RLF        R12, 1
;__Lib_MathDouble.c,864 :: 		
0x021F	0x0DF8      	RLF        R8, 1
;__Lib_MathDouble.c,865 :: 		
0x0220	0x0DF0      	RLF        R0, 1
;__Lib_MathDouble.c,866 :: 		
0x0221	0x0DF1      	RLF        R1, 1
;__Lib_MathDouble.c,867 :: 		
0x0222	0x0DF2      	RLF        R2, 1
;__Lib_MathDouble.c,868 :: 		
0x0223	0x0DA0      	RLF        __math_tempbD, 1
;__Lib_MathDouble.c,870 :: 		
0x0224	0x0874      	MOVF       R4, 0
;__Lib_MathDouble.c,871 :: 		
0x0225	0x02F0      	SUBWF      R0, 1
;__Lib_MathDouble.c,872 :: 		
0x0226	0x0875      	MOVF       R5, 0
;__Lib_MathDouble.c,873 :: 		
0x0227	0x1C03      	BTFSS      STATUS, 0
;__Lib_MathDouble.c,874 :: 		
0x0228	0x0F75      	INCFSZ     R5, 0
;__Lib_MathDouble.c,876 :: 		
0x0229	0x02F1      	SUBWF      R1, 1
;__Lib_MathDouble.c,877 :: 		
0x022A	0x0876      	MOVF       R6, 0
;__Lib_MathDouble.c,878 :: 		
0x022B	0x1C03      	BTFSS      STATUS, 0
;__Lib_MathDouble.c,879 :: 		
0x022C	0x0F76      	INCFSZ     R6, 0
;__Lib_MathDouble.c,881 :: 		
0x022D	0x02F2      	SUBWF      R2, 1
;__Lib_MathDouble.c,882 :: 		
0x022E	0x0D76      	RLF        R6, 0
;__Lib_MathDouble.c,883 :: 		
0x022F	0x04A0      	IORWF      __math_tempbD, 1
;__Lib_MathDouble.c,884 :: 		
0x0230	0x1C20      	BTFSS      __math_tempbD, 0
;__Lib_MathDouble.c,885 :: 		
0x0231	0x2A34      	GOTO       DREST32
;__Lib_MathDouble.c,886 :: 		
0x0232	0x147D      	BSF        R13, 0
;__Lib_MathDouble.c,887 :: 		
0x0233	0x2A3F      	GOTO       DOK32
;__Lib_MathDouble.c,888 :: 		
DREST32:
;__Lib_MathDouble.c,889 :: 		
0x0234	0x0874      	MOVF       R4, 0
;__Lib_MathDouble.c,890 :: 		
0x0235	0x07F0      	ADDWF      R0, 1
;__Lib_MathDouble.c,891 :: 		
0x0236	0x0875      	MOVF       R5, 0
;__Lib_MathDouble.c,892 :: 		
0x0237	0x1803      	BTFSC      STATUS, 0
;__Lib_MathDouble.c,893 :: 		
0x0238	0x0F75      	INCFSZ     R5, 0
;__Lib_MathDouble.c,895 :: 		
0x0239	0x07F1      	ADDWF      R1, 1
;__Lib_MathDouble.c,896 :: 		
0x023A	0x0876      	MOVF       R6, 0
;__Lib_MathDouble.c,897 :: 		
0x023B	0x1803      	BTFSC      STATUS, 0
;__Lib_MathDouble.c,898 :: 		
0x023C	0x0A76      	INCF       R6, 0
;__Lib_MathDouble.c,899 :: 		
0x023D	0x07F2      	ADDWF      R2, 1
;__Lib_MathDouble.c,900 :: 		
0x023E	0x107D      	BCF        R13, 0
;__Lib_MathDouble.c,901 :: 		
DOK32:
;__Lib_MathDouble.c,903 :: 		
0x023F	0x03FA      	DECF       R10, 1
;__Lib_MathDouble.c,904 :: 		
0x0240	0x301F      	MOVLW      31
;__Lib_MathDouble.c,905 :: 		
0x0241	0x057A      	ANDWF      R10, 0
;__Lib_MathDouble.c,906 :: 		
0x0242	0x1D03      	BTFSS      STATUS, 2
;__Lib_MathDouble.c,907 :: 		
0x0243	0x2A1D      	GOTO       DLOOP32
;__Lib_MathDouble.c,909 :: 		
0x0244	0x1B7B      	BTFSC      R11, 6
;__Lib_MathDouble.c,910 :: 		
0x0245	0x1C7D      	BTFSS      R13, 0
;__Lib_MathDouble.c,911 :: 		
0x0246	0x2A66      	GOTO       DIV32OK
;__Lib_MathDouble.c,912 :: 		
0x0247	0x1003      	BCF        STATUS, 0
;__Lib_MathDouble.c,913 :: 		
0x0248	0x0DF0      	RLF        R0, 1
;__Lib_MathDouble.c,914 :: 		
0x0249	0x0DF1      	RLF        R1, 1
;__Lib_MathDouble.c,915 :: 		
0x024A	0x0DF2      	RLF        R2, 1
;__Lib_MathDouble.c,916 :: 		
0x024B	0x0DA0      	RLF        __math_tempbD, 1
;__Lib_MathDouble.c,918 :: 		
0x024C	0x0874      	MOVF       R4, 0
;__Lib_MathDouble.c,919 :: 		
0x024D	0x02F0      	SUBWF      R0, 1
;__Lib_MathDouble.c,920 :: 		
0x024E	0x0875      	MOVF       R5, 0
;__Lib_MathDouble.c,921 :: 		
0x024F	0x1C03      	BTFSS      STATUS, 0
;__Lib_MathDouble.c,922 :: 		
0x0250	0x0F75      	INCFSZ     R5, 0
;__Lib_MathDouble.c,923 :: 		
0x0251	0x02F1      	SUBWF      R1, 1
;__Lib_MathDouble.c,924 :: 		
0x0252	0x0876      	MOVF       R6, 0
;__Lib_MathDouble.c,925 :: 		
0x0253	0x1C03      	BTFSS      STATUS, 0
;__Lib_MathDouble.c,926 :: 		
0x0254	0x0F76      	INCFSZ     R6, 0
;__Lib_MathDouble.c,927 :: 		
0x0255	0x02F2      	SUBWF      R2, 1
;__Lib_MathDouble.c,928 :: 		
0x0256	0x0D76      	RLF        R6, 0
;__Lib_MathDouble.c,929 :: 		
0x0257	0x0420      	IORWF      __math_tempbD, 0
;__Lib_MathDouble.c,930 :: 		
0x0258	0x3901      	ANDLW      1
;__Lib_MathDouble.c,931 :: 		
0x0259	0x07FD      	ADDWF      R13, 1
;__Lib_MathDouble.c,932 :: 		
0x025A	0x1803      	BTFSC      STATUS, 0
;__Lib_MathDouble.c,933 :: 		
0x025B	0x0AFC      	INCF       R12, 1
;__Lib_MathDouble.c,934 :: 		
0x025C	0x1903      	BTFSC      STATUS, 2
;__Lib_MathDouble.c,935 :: 		
0x025D	0x0AF8      	INCF       R8, 1
;__Lib_MathDouble.c,936 :: 		
0x025E	0x1D03      	BTFSS      STATUS, 2
;__Lib_MathDouble.c,937 :: 		
0x025F	0x2A66      	GOTO       DIV32OK
;__Lib_MathDouble.c,938 :: 		
0x0260	0x0CF8      	RRF        R8, 1
;__Lib_MathDouble.c,939 :: 		
0x0261	0x0CFC      	RRF        R12, 1
;__Lib_MathDouble.c,940 :: 		
0x0262	0x0CFD      	RRF        R13, 1
;__Lib_MathDouble.c,941 :: 		
0x0263	0x0AF3      	INCF       R3, 1
;__Lib_MathDouble.c,942 :: 		
0x0264	0x1903      	BTFSC      STATUS, 2
;__Lib_MathDouble.c,943 :: 		
0x0265	0x2A76      	GOTO       JPDSETFOV32
;__Lib_MathDouble.c,944 :: 		
DIV32OK:
;__Lib_MathDouble.c,945 :: 		
0x0266	0x1FFA      	BTFSS      R10, 7
;__Lib_MathDouble.c,946 :: 		
0x0267	0x13F8      	BCF        R8, 7
;__Lib_MathDouble.c,947 :: 		
0x0268	0x0878      	MOVF       R8, 0
;__Lib_MathDouble.c,948 :: 		
0x0269	0x00F2      	MOVWF      R2
;__Lib_MathDouble.c,949 :: 		
0x026A	0x087C      	MOVF       R12, 0
;__Lib_MathDouble.c,950 :: 		
0x026B	0x00F1      	MOVWF      R1
;__Lib_MathDouble.c,951 :: 		
0x026C	0x087D      	MOVF       R13, 0
;__Lib_MathDouble.c,952 :: 		
0x026D	0x00F0      	MOVWF      R0
;__Lib_MathDouble.c,954 :: 		
0x026E	0x3000      	MOVLW      0
;__Lib_MathDouble.c,956 :: 		
0x026F	0x2A7B      	GOTO       DIV32EEE
;__Lib_MathDouble.c,957 :: 		
JPDSETFDZ32:
;__Lib_MathDouble.c,958 :: 		
0x0270	0x3001      	MOVLW      1
;__Lib_MathDouble.c,961 :: 		
0x0271	0x2086      	CALL       _SETFDZ32
;__Lib_MathDouble.c,963 :: 		
0x0272	0x2A7B      	GOTO       DIV32EEE
;__Lib_MathDouble.c,964 :: 		
JPDRES032:
;__Lib_MathDouble.c,965 :: 		
0x0273	0x3002      	MOVLW      2
;__Lib_MathDouble.c,968 :: 		
0x0274	0x2034      	CALL       _RES032
;__Lib_MathDouble.c,970 :: 		
0x0275	0x2A7B      	GOTO       DIV32EEE
;__Lib_MathDouble.c,971 :: 		
JPDSETFOV32:
;__Lib_MathDouble.c,972 :: 		
0x0276	0x3004      	MOVLW      4
;__Lib_MathDouble.c,975 :: 		
0x0277	0x204B      	CALL       _SETFOV32
;__Lib_MathDouble.c,977 :: 		
0x0278	0x2A7B      	GOTO       DIV32EEE
;__Lib_MathDouble.c,978 :: 		
JPDSETFUN32:
;__Lib_MathDouble.c,979 :: 		
0x0279	0x3008      	MOVLW      8
;__Lib_MathDouble.c,982 :: 		
0x027A	0x203B      	CALL       _SETFUN32
;__Lib_MathDouble.c,984 :: 		
DIV32EEE:
;__Lib_MathDouble.c,985 :: 		
0x027B	0x0000      	NOP
;__Lib_MathDouble.c,994 :: 		
L_end_Div_32x32_FP:
0x027C	0x0008      	RETURN
; end of _Div_32x32_FP
_main:
0x027D	0x1283      	BCF        STATUS, 5
0x027E	0x1303      	BCF        STATUS, 6
0x027F	0x01A2      	CLRF       _flag0
;aula055.c,64 :: 		void main() {
;aula055.c,65 :: 		CMCON = 0X07;                // desabilita compardores internos
0x0280	0x3007      	MOVLW      7
0x0281	0x009F      	MOVWF      CMCON
;aula055.c,66 :: 		OPTION_REG = 0x80;           // pull-up desabilitados, TIMER 0 incrementa com ciclo de máquina, pre-escaler 1:2
0x0282	0x3080      	MOVLW      128
0x0283	0x1683      	BSF        STATUS, 5
0x0284	0x0081      	MOVWF      OPTION_REG
;aula055.c,67 :: 		T1CON = 0X01;                // habilita contagem do Timer 1, com prescaler
0x0285	0x3001      	MOVLW      1
0x0286	0x1283      	BCF        STATUS, 5
0x0287	0x0090      	MOVWF      T1CON
;aula055.c,68 :: 		CCP1CON = 0X07;              // configura captura a cada 16 bordas de subida
0x0288	0x3007      	MOVLW      7
0x0289	0x0097      	MOVWF      CCP1CON
;aula055.c,69 :: 		CCP1IE_bit = 0X01;           // habilita interrupções no módulo CCP
0x028A	0x1683      	BSF        STATUS, 5
0x028B	0x150C      	BSF        CCP1IE_bit, BitPos(CCP1IE_bit+0)
;aula055.c,70 :: 		GIE_bit = 0x01;              // habilita interrupção global
0x028C	0x178B      	BSF        GIE_bit, BitPos(GIE_bit+0)
;aula055.c,71 :: 		PEIE_bit = 0x01;             // habilita interrupção por periféricos
0x028D	0x170B      	BSF        PEIE_bit, BitPos(PEIE_bit+0)
;aula055.c,72 :: 		T0IE_bit = 0x01;             // habilita interrupção por TIMER 0
0x028E	0x168B      	BSF        T0IE_bit, BitPos(T0IE_bit+0)
;aula055.c,73 :: 		TMR0 = 0x06;                 // incicializa o registrador TMR0 em 6 (conta até 250)
0x028F	0x3006      	MOVLW      6
0x0290	0x1283      	BCF        STATUS, 5
0x0291	0x0081      	MOVWF      TMR0
;aula055.c,74 :: 		TRISA = 0XFF;                // configura o PORT A como entrada
0x0292	0x30FF      	MOVLW      255
0x0293	0x1683      	BSF        STATUS, 5
0x0294	0x0085      	MOVWF      TRISA
;aula055.c,75 :: 		TRISB = 0XF9;                // configura RB1 e RB2 como entrada 0b11111001
0x0295	0x30F9      	MOVLW      249
0x0296	0x0086      	MOVWF      TRISB
;aula055.c,76 :: 		PORTA = 0XFF;                // inicializa o PORT A
0x0297	0x30FF      	MOVLW      255
0x0298	0x1283      	BCF        STATUS, 5
0x0299	0x0085      	MOVWF      PORTA
;aula055.c,77 :: 		PORTB = 0X00;                // inicializa o PORT B
0x029A	0x0186      	CLRF       PORTB
;aula055.c,80 :: 		while(1)
L_main0:
;aula055.c,82 :: 		time2 = abs(time2 - time1);              // calcula o tempo de 16 períodos
0x029B	0x0823      	MOVF       _time1, 0
0x029C	0x022B      	SUBWF      _time2, 0
0x029D	0x00AF      	MOVWF      FARG_abs_a
0x029E	0x0824      	MOVF       _time1+1, 0
0x029F	0x1C03      	BTFSS      STATUS, 0
0x02A0	0x3E01      	ADDLW      1
0x02A1	0x022C      	SUBWF      _time2+1, 0
0x02A2	0x00B0      	MOVWF      FARG_abs_a+1
0x02A3	0x219F      	CALL       _abs
0x02A4	0x0870      	MOVF       R0, 0
0x02A5	0x00AB      	MOVWF      _time2
0x02A6	0x0871      	MOVF       R0+1, 0
0x02A7	0x00AC      	MOVWF      _time2+1
;aula055.c,83 :: 		time2 = (time2) >> 4;                    // divide o valor por 16 (2^4) para obter o tempo de um período
0x02A8	0x3004      	MOVLW      4
0x02A9	0x00F2      	MOVWF      R2
0x02AA	0x0870      	MOVF       R0, 0
0x02AB	0x00F4      	MOVWF      R4
0x02AC	0x0871      	MOVF       R0+1, 0
0x02AD	0x00F5      	MOVWF      R4+1
0x02AE	0x0872      	MOVF       R2, 0
L__main13:
0x02AF	0x1903      	BTFSC      STATUS, 2
0x02B0	0x2AB6      	GOTO       L__main14
0x02B1	0x0CF5      	RRF        R4+1, 1
0x02B2	0x0CF4      	RRF        R4, 1
0x02B3	0x13F5      	BCF        R4+1, 7
0x02B4	0x3EFF      	ADDLW      255
0x02B5	0x2AAF      	GOTO       L__main13
L__main14:
0x02B6	0x0874      	MOVF       R4, 0
0x02B7	0x00AB      	MOVWF      _time2
0x02B8	0x0875      	MOVF       R4+1, 0
0x02B9	0x00AC      	MOVWF      _time2+1
;aula055.c,84 :: 		freq = 1/ (time2 * 1E-6);                // converte período para frequência em Hz
0x02BA	0x0874      	MOVF       R4, 0
0x02BB	0x00F0      	MOVWF      R0
0x02BC	0x0875      	MOVF       R4+1, 0
0x02BD	0x00F1      	MOVWF      R0+1
0x02BE	0x2189      	CALL       _word2double
0x02BF	0x30BD      	MOVLW      189
0x02C0	0x00F4      	MOVWF      R4
0x02C1	0x3037      	MOVLW      55
0x02C2	0x00F5      	MOVWF      R4+1
0x02C3	0x3006      	MOVLW      6
0x02C4	0x00F6      	MOVWF      R4+2
0x02C5	0x306B      	MOVLW      107
0x02C6	0x00F7      	MOVWF      R4+3
0x02C7	0x2128      	CALL       _Mul_32x32_FP
0x02C8	0x0870      	MOVF       R0, 0
0x02C9	0x00F4      	MOVWF      R4
0x02CA	0x0871      	MOVF       R0+1, 0
0x02CB	0x00F5      	MOVWF      R4+1
0x02CC	0x0872      	MOVF       R0+2, 0
0x02CD	0x00F6      	MOVWF      R4+2
0x02CE	0x0873      	MOVF       R0+3, 0
0x02CF	0x00F7      	MOVWF      R4+3
0x02D0	0x3000      	MOVLW      0
0x02D1	0x00F0      	MOVWF      R0
0x02D2	0x3000      	MOVLW      0
0x02D3	0x00F1      	MOVWF      R0+1
0x02D4	0x3000      	MOVLW      0
0x02D5	0x00F2      	MOVWF      R0+2
0x02D6	0x307F      	MOVLW      127
0x02D7	0x00F3      	MOVWF      R0+3
0x02D8	0x21C6      	CALL       _Div_32x32_FP
0x02D9	0x209D      	CALL       _double2longword
0x02DA	0x0870      	MOVF       R0, 0
0x02DB	0x00A5      	MOVWF      _freq
0x02DC	0x0871      	MOVF       R0+1, 0
0x02DD	0x00A6      	MOVWF      _freq+1
0x02DE	0x0872      	MOVF       R0+2, 0
0x02DF	0x00A7      	MOVWF      _freq+2
0x02E0	0x0873      	MOVF       R0+3, 0
0x02E1	0x00A8      	MOVWF      _freq+3
;aula055.c,86 :: 		if(freq > 950 && freq < 1050){           // frequencia entre 950 e 1050Hz ?
0x02E2	0x0873      	MOVF       R0+3, 0
0x02E3	0x3C00      	SUBLW      0
0x02E4	0x1D03      	BTFSS      STATUS, 2
0x02E5	0x2AF0      	GOTO       L__main15
0x02E6	0x0872      	MOVF       R0+2, 0
0x02E7	0x3C00      	SUBLW      0
0x02E8	0x1D03      	BTFSS      STATUS, 2
0x02E9	0x2AF0      	GOTO       L__main15
0x02EA	0x0871      	MOVF       R0+1, 0
0x02EB	0x3C03      	SUBLW      3
0x02EC	0x1D03      	BTFSS      STATUS, 2
0x02ED	0x2AF0      	GOTO       L__main15
0x02EE	0x0870      	MOVF       R0, 0
0x02EF	0x3CB6      	SUBLW      182
L__main15:
0x02F0	0x1803      	BTFSC      STATUS, 0
0x02F1	0x2B04      	GOTO       L_main4
0x02F2	0x3000      	MOVLW      0
0x02F3	0x0228      	SUBWF      _freq+3, 0
0x02F4	0x1D03      	BTFSS      STATUS, 2
0x02F5	0x2B00      	GOTO       L__main16
0x02F6	0x3000      	MOVLW      0
0x02F7	0x0227      	SUBWF      _freq+2, 0
0x02F8	0x1D03      	BTFSS      STATUS, 2
0x02F9	0x2B00      	GOTO       L__main16
0x02FA	0x3004      	MOVLW      4
0x02FB	0x0226      	SUBWF      _freq+1, 0
0x02FC	0x1D03      	BTFSS      STATUS, 2
0x02FD	0x2B00      	GOTO       L__main16
0x02FE	0x301A      	MOVLW      26
0x02FF	0x0225      	SUBWF      _freq, 0
L__main16:
0x0300	0x1803      	BTFSC      STATUS, 0
0x0301	0x2B04      	GOTO       L_main4
L__main11:
;aula055.c,88 :: 		s_out = 0x01;                          // liga LED indicador, passagem liberada entre TX e RX
0x0302	0x1506      	BSF        RB2_bit, BitPos(RB2_bit+0)
;aula055.c,89 :: 		} else{
0x0303	0x2B05      	GOTO       L_main5
L_main4:
;aula055.c,91 :: 		s_out = 0x00;                          // desliga LED indicador, passagem obstruída entre TX e RX
0x0304	0x1106      	BCF        RB2_bit, BitPos(RB2_bit+0)
;aula055.c,92 :: 		}
L_main5:
;aula055.c,95 :: 		delay_ms(100);
0x0305	0x3082      	MOVLW      130
0x0306	0x00FC      	MOVWF      R12
0x0307	0x30DD      	MOVLW      221
0x0308	0x00FD      	MOVWF      R13
L_main6:
0x0309	0x0BFD      	DECFSZ     R13, 1
0x030A	0x2B09      	GOTO       L_main6
0x030B	0x0BFC      	DECFSZ     R12, 1
0x030C	0x2B09      	GOTO       L_main6
0x030D	0x0000      	NOP
0x030E	0x0000      	NOP
;aula055.c,96 :: 		}
0x030F	0x2A9B      	GOTO       L_main0
;aula055.c,98 :: 		}
L_end_main:
0x0310	0x2B10      	GOTO       $+0
; end of _main
Symbol List:
//** Routines locations **
//ADDRESS    SIZE    PROCEDURE
//----------------------------------------------
0x0004      [48]    _interrupt
0x0034       [7]    _RES032
0x003B      [12]    _SETFUN32
0x0047       [4]    _FIXSIGN32
0x004B      [12]    _SETFOV32
0x0057      [47]    _NRM3232
0x0086       [3]    _SETFDZ32
0x0089       [7]    _____DoICP
0x0090      [13]    _SETIOV3224
0x009D     [139]    _double2longword
0x0128      [97]    _Mul_32x32_FP
0x0189      [22]    _word2double
0x019F      [27]    _abs
0x01BA      [12]    ___CC2DW
0x01C6     [183]    _Div_32x32_FP
0x027D     [148]    _main
//** Variables locations ** 
//ADDRESS    SIZE    VARIABLE
//----------------------------------------------
0x0000       [1]    INDF
0x0001       [1]    TMR0
0x0002       [1]    PCL
0x0003       [1]    STATUS
0x0004       [1]    FSR
0x0005       [1]    PORTA
0x0006       [0]    RB1_bit
0x0006       [0]    RB2_bit
0x0006       [1]    PORTB
0x000A       [1]    PCLATH
0x000B       [0]    PEIE_bit
0x000B       [0]    T0IE_bit
0x000B       [0]    GIE_bit
0x000B       [0]    T0IF_bit
0x000C       [0]    CCP1IF_bit
0x0010       [1]    T1CON
0x0015       [1]    CCPR1L
0x0016       [1]    CCPR1H
0x0017       [1]    CCP1CON
0x001F       [1]    CMCON
0x0020       [1]    __math_tempbD
0x0022       [1]    _flag0
0x0023       [2]    _time1
0x0025       [4]    _freq
0x0029       [2]    ___DoICPAddr
0x002B       [2]    _time2
0x002D       [1]    ___saveSTATUS
0x002E       [1]    ___savePCLATH
0x002F       [2]    FARG_abs_a
0x0070       [1]    R0
0x0071       [1]    R1
0x0072       [1]    R2
0x0073       [1]    R3
0x0074       [1]    R4
0x0075       [1]    R5
0x0076       [1]    R6
0x0077       [1]    R7
0x0078       [1]    R8
0x0079       [1]    R9
0x007A       [1]    R10
0x007B       [1]    R11
0x007C       [1]    R12
0x007D       [1]    R13
0x007E       [1]    R14
0x007F       [1]    R15
0x0081       [1]    OPTION_REG
0x0085       [1]    TRISA
0x0086       [1]    TRISB
0x008C       [0]    CCP1IE_bit
//** Label List: ** 
//----------------------------------------------
  L_main0
  L_main1
  L_main2
  L_main3
  L_main4
  L_main5
  L_main6
  L_interrupt7
  L_interrupt8
  L_interrupt9
  L_interrupt10
  L__main11
  L_end_main
  _main
  L__main13
  L__main14
  L__main15
  L__main16
  L_end_interrupt
  _interrupt
  L__interrupt18
  L_abs0
  L___Lib_CStdlib_strtod1
  L___Lib_CStdlib_strtod2
  L___Lib_CStdlib_strtod3
  L___Lib_CStdlib_strtod4
  L___Lib_CStdlib_strtod5
  L___Lib_CStdlib_strtod6
  L___Lib_CStdlib_strtod7
  L___Lib_CStdlib_strtod8
  L___Lib_CStdlib_strtod9
  L___Lib_CStdlib_strtod10
  L___Lib_CStdlib_strtod11
  L___Lib_CStdlib_strtod12
  L___Lib_CStdlib_strtod13
  L___Lib_CStdlib_strtod14
  L___Lib_CStdlib_strtod15
  L___Lib_CStdlib_strtod16
  L___Lib_CStdlib_strtod17
  L___Lib_CStdlib_strtod18
  L___Lib_CStdlib_strtod19
  L___Lib_CStdlib_strtod20
  L___Lib_CStdlib_strtod21
  L___Lib_CStdlib_strtod22
  L___Lib_CStdlib_strtod23
  L___Lib_CStdlib_strtod24
  L___Lib_CStdlib_strtod25
  L___Lib_CStdlib_strtod26
  L___Lib_CStdlib_strtod27
  L___Lib_CStdlib_strtod28
  L___Lib_CStdlib_strtod29
  L___Lib_CStdlib_strtod30
  L___Lib_CStdlib_strtod31
  L___Lib_CStdlib_strtod32
  L___Lib_CStdlib_strtod33
  L___Lib_CStdlib_strtod34
  L___Lib_CStdlib_strtod35
  L___Lib_CStdlib_strtod36
  L___Lib_CStdlib_strtod37
  L___Lib_CStdlib_strtod38
  L___Lib_CStdlib_strtod39
  L___Lib_CStdlib_strtod40
  L___Lib_CStdlib_strtod41
  L___Lib_CStdlib_strtod42
  L___Lib_CStdlib_strtod43
  L___Lib_CStdlib_strtod44
  L___Lib_CStdlib_strtod45
  L___Lib_CStdlib_strtod46
  L___Lib_CStdlib_strtod47
  L___Lib_CStdlib_strtod48
  L___Lib_CStdlib_strtod49
  L___Lib_CStdlib_strtod50
  L___Lib_CStdlib_strtod51
  L___Lib_CStdlib_strtod52
  ___atoi_skipws_atoi
  L_atoi53
  L_atoi54
  L_atoi55
  L_atoi56
  L_atoi57
  L_atoi58
  ___atoi_conv_atoi
  L_atoi59
  L_atoi60
  ___atol_skipws_atol
  L_atol61
  L_atol62
  L_atol63
  L_atol64
  L_atol65
  L_atol66
  ___atol_conv_atol
  L_atol67
  L_atol68
  L_div69
  L_ldiv70
  L_uldiv71
  L_labs72
  L_max73
  L_min74
  L_rand75
  L_xtoi76
  L_xtoi77
  L_xtoi78
  L_xtoi79
  L_xtoi80
  L_xtoi81
  L_xtoi82
  L_xtoi83
  L_xtoi84
  L_xtoi85
  L_xtoi86
  L___Lib_CStdlib_strtod87
  L___Lib_CStdlib_strtod88
  L___Lib_CStdlib_strtod89
  L__atoi90
  L__atol91
  L_end_abs
  _abs
  L__abs93
  L_end_strtod
  __Lib_CStdlib_strtod
  L___Lib_CStdlib_strtod95
  L___Lib_CStdlib_strtod96
  L_end_atof
  _atof
  L_end_atoi
  _atoi
  L__atoi99
  L__atoi100
  L__atoi101
  L__atoi102
  L_end_atol
  _atol
  L__atol104
  L__atol105
  L_end_div
  _div
  L_end_ldiv
  _ldiv
  L_end_uldiv
  _uldiv
  L_end_labs
  _labs
  L__labs110
  L_end_max
  _max
  L__max112
  L_end_min
  _min
  L__min114
  L_end_srand
  _srand
  L_end_rand
  _rand
  L_end_xtoi
  _xtoi
  SETFOV32EEE
  SETFUN32EEE
  NORM3232
  JPNRES032
  JPNSETFUN32
  NORM3232A
  JMPNFIXSIGN32
  NORM32EEE
  NRMRND4032
  NRM4032
  JMPSETFOV32
  NORM4032
  JMPRES032
  JMPSETFUN32
  NORM4032A
  JMPFIXSIGN32
  NRM4032EEE
  USEA32
  JMPEEE
  ALIGNED32
  ALIGNB32
  ALOOPB32
  AOK32
  ACOMP32
  JMPNRMRND4032
  ADD_JMPSETFOV32
  JMPNRM4032
  JMPNRM32
  ADD32EEE
  FPM32
  JPMRES032
  M32BNE0
  MTUN32
  JPMSETFOV32
  MOK32
  JPMSETFUN32
  MLOOP32
  MNOADD32
  MADD32
  MROUND32
  MUL32OK
  MUL32EEE
  L_Div_32x32_FP7
  L_Div_32x32_FP8
  L_Div_32x32_FP9
  L_Div_32x32_FP10
  FPD32
  JPDSETFDZ32
  JPDRES032
  D32BNE0
  TALIGN32
  TS1ALIGN32
  TS2ALIGN32
  DALIGN32OK
  ALTB32
  AGEB32
  JPDSETFOV32
  DARGOK32
  JPDSETFUN32
  DLOOP32
  DS132
  DS232
  DREST32
  DOK32
  DAREST32
  DROUND32
  DIV32OK
  DIV32EEE
  SETIOV3224EEE
  INT3232U
  INT3232UEOK
  SETEXP32U
  SETIOV32U
  TSHIFT3232U
  SHIFT3232UOK
  SHIFT3232U
  INT3232UOK
  JPLSETIOV3224
  IRES032U
  INT3232UEER
  INT3232UEEE
  L_Double2Longword_0
  INT3232
  INT3232EOK
  SETIOV32
  TSHIFT3232
  SHIFT3232OK
  SHIFT3232
  INT3232OK
  JPISETIOV3224
  IRES032
  INT3232EER
  INT3232EEE
  L_Double2Longint_0
  INT3216
  IRES016
  SETIOV16
  TSHIFT3216
  SHIFT3216OK
  SHIFT3216
  INT3216OK
  JPJSETIOV3224
  INT3216EOK
  INT3216EER
  INT3216EEE
  L_Double2Int_0
  INT3216U
  IRES016U
  SETEXP16U
  SETIOV16U
  TSHIFT3216U
  SHIFT3216UOK
  SHIFT3216U
  INT3216UOK
  JPKSETIOV3224
  INT3216UEOK
  INT3216UEER
  INT3216UEEE
  L_Double2Word_0
  INT32U08
  IRES008
  SETEXP08
  SETIOV08
  TSHIFT3208
  SHIFT3208OK
  SHIFT3208
  INT3208OK
  D2B_JPKSETIOV3224
  INT3208EOK
  INT3208EER
  INT3208EEE
  L_Double2Byte_0
  FLO08U32
  FLO1632
  FLO1632EEE
  FLO16U32
  FLO3232
  FLO3232EEE
  FLO32U32
  EQU_FALSE
  COMPARE_EQU
  COMPARE_NOTZERO
  COMPARE_XNOTZERO
  COMPARE_YNOTZERO
  COMPARE_LT
  COMPARE_GT
  COMPARE_TESTALL
  COMPARE_C1
  GT_FALSE
  GT_TRUE
  COMPARE_C2
  COMPARE_C3
  L_end_SETFOV32
  _SETFOV32
  L_end_SETFDZ32
  _SETFDZ32
  L_end_FIXSIGN32
  _FIXSIGN32
  L_end_RES032
  _RES032
  L_end_SETFUN32
  _SETFUN32
  L_end_NRM3232
  _NRM3232
  L_end_NRM4032
  _NRM4032
  L_end_Add_32x32_FP
  _Add_32x32_FP
  L_end_Sub_32x32_FP
  _Sub_32x32_FP
  L_end_Mul_32x32_FP
  _Mul_32x32_FP
  L_end_Div_32x32_FP
  _Div_32x32_FP
  L_end_SETIOV3224
  _SETIOV3224
  L_end_double2longword
  _double2longword
  L_end_double2longint
  _double2longint
  L_end_double2int
  _double2int
  L_end_double2word
  _double2word
  L_end_double2byte
  _double2byte
  L_end_byte2double
  _byte2double
  L_end_int2double
  _int2double
  L_end_word2double
  _word2double
  L_end_longint2double
  _longint2double
  L_end_longword2double
  _longword2double
  L_end_Equals_Double
  _Equals_Double
  L_end_Compare_Double
  _Compare_Double
  L_loopCA2AWs
  L_CA2AWend
  _CCA2AW_Loop1
  L_loopCS2Ss
  L_CS2Send
  _CCS2S_Loop1
  L_CCS2Send
  L_loopFZinSWs
  L_FZinSend
  _CC2D_Loop1
  L_end_____DoICP
  _____DoICP
  L_end_____DoIFC
  _____DoIFC
  L_end___CA2AW
  ___CA2AW
  L_end___CCA2AW
  ___CCA2AW
  L_end___CS2S
  ___CS2S
  L_end___CCS2S
  ___CCS2S
  L_end___FZinS
  ___FZinS
  L_end___CC2DW
  ___CC2DW
  L_end_Swap
  _Swap
  L_main0
  L_main1
  L_main2
  L_main3
  L_main4
  L_main5
  L_main6
  L_interrupt7
  L_interrupt8
  L_interrupt9
  L_interrupt10
  L__main11
  L_end_main
  _main
  L__main13
  L__main14
  L__main15
  L__main16
  L_end_interrupt
  _interrupt
  L__interrupt18
