;  LST file generated by mikroListExporter - v.2.0 
; Date/Time: 27/01/2023 21:19:03
;----------------------------------------------

;Address Opcode 	ASM
0x0000	0x29D1      	GOTO       465
_Delay_500us:
;__Lib_Delays.c,27 :: 		void Delay_500us() {
;__Lib_Delays.c,28 :: 		Delay_us(498);
0x0003	0x3002      	MOVLW      2
0x0004	0x1283      	BCF        STATUS, 5
0x0005	0x1303      	BCF        STATUS, 6
0x0006	0x00FC      	MOVWF      R12
0x0007	0x3049      	MOVLW      73
0x0008	0x00FD      	MOVWF      R13
L_Delay_500us4:
0x0009	0x0BFD      	DECFSZ     R13, 1
0x000A	0x2809      	GOTO       L_Delay_500us4
0x000B	0x0BFC      	DECFSZ     R12, 1
0x000C	0x2809      	GOTO       L_Delay_500us4
0x000D	0x0000      	NOP
0x000E	0x0000      	NOP
;__Lib_Delays.c,29 :: 		}
0x000F	0x0008      	RETURN
; end of _Delay_500us
_Mul_32x32_U:
;__Lib_Math.c,1771 :: 		
;__Lib_Math.c,1786 :: 		
0x0010	0x1283      	BCF        STATUS, 5
;__Lib_Math.c,1787 :: 		
0x0011	0x1303      	BCF        STATUS, 6
;__Lib_Math.c,1788 :: 		
0x0012	0x3022      	MOVLW      34
;__Lib_Math.c,1789 :: 		
0x0013	0x00FC      	MOVWF      R12
;__Lib_Math.c,1790 :: 		
0x0014	0x01F8      	CLRF       R8
;__Lib_Math.c,1791 :: 		
0x0015	0x01F9      	CLRF       R9
;__Lib_Math.c,1792 :: 		
0x0016	0x01FA      	CLRF       R10
;__Lib_Math.c,1793 :: 		
0x0017	0x01FB      	CLRF       R11
;__Lib_Math.c,1795 :: 		
_NEXT:
;__Lib_Math.c,1799 :: 		
0x0018	0x03FC      	DECF       R12, 1
;__Lib_Math.c,1800 :: 		
0x0019	0x1903      	BTFSC      STATUS, 2
;__Lib_Math.c,1801 :: 		
0x001A	0x2846      	GOTO       _EXIT2
;__Lib_Math.c,1802 :: 		
0x001B	0x1003      	BCF        STATUS, 0
;__Lib_Math.c,1804 :: 		
_LOOP:
;__Lib_Math.c,1813 :: 		
0x001C	0x0CFB      	RRF        R11, 1
;__Lib_Math.c,1814 :: 		
0x001D	0x0CFA      	RRF        R10, 1
;__Lib_Math.c,1815 :: 		
0x001E	0x0CF9      	RRF        R9, 1
;__Lib_Math.c,1816 :: 		
0x001F	0x0CF8      	RRF        R8, 1
;__Lib_Math.c,1817 :: 		
0x0020	0x0CF3      	RRF        R3, 1
;__Lib_Math.c,1818 :: 		
0x0021	0x0CF2      	RRF        R2, 1
;__Lib_Math.c,1819 :: 		
0x0022	0x0CF1      	RRF        R1, 1
;__Lib_Math.c,1820 :: 		
0x0023	0x0CF0      	RRF        R0, 1
;__Lib_Math.c,1825 :: 		
0x0024	0x1C03      	BTFSS      STATUS, 0
;__Lib_Math.c,1826 :: 		
0x0025	0x2818      	GOTO       _NEXT
;__Lib_Math.c,1827 :: 		
0x0026	0x03FC      	DECF       R12, 1
;__Lib_Math.c,1828 :: 		
0x0027	0x1903      	BTFSC      STATUS, 2
;__Lib_Math.c,1829 :: 		
0x0028	0x2838      	GOTO       _EXIT1
;__Lib_Math.c,1836 :: 		
0x0029	0x0874      	MOVF       R4, 0
;__Lib_Math.c,1837 :: 		
0x002A	0x07F8      	ADDWF      R8, 1
;__Lib_Math.c,1838 :: 		
0x002B	0x0875      	MOVF       R5, 0
;__Lib_Math.c,1839 :: 		
0x002C	0x1803      	BTFSC      STATUS, 0
;__Lib_Math.c,1840 :: 		
0x002D	0x0F75      	INCFSZ     R5, 0
;__Lib_Math.c,1841 :: 		
0x002E	0x07F9      	ADDWF      R9, 1
;__Lib_Math.c,1842 :: 		
0x002F	0x0876      	MOVF       R6, 0
;__Lib_Math.c,1843 :: 		
0x0030	0x1803      	BTFSC      STATUS, 0
;__Lib_Math.c,1844 :: 		
0x0031	0x0F76      	INCFSZ     R6, 0
;__Lib_Math.c,1845 :: 		
0x0032	0x07FA      	ADDWF      R10, 1
;__Lib_Math.c,1846 :: 		
0x0033	0x0877      	MOVF       R7, 0
;__Lib_Math.c,1847 :: 		
0x0034	0x1803      	BTFSC      STATUS, 0
;__Lib_Math.c,1848 :: 		
0x0035	0x0F77      	INCFSZ     R7, 0
;__Lib_Math.c,1849 :: 		
0x0036	0x07FB      	ADDWF      R11, 1
;__Lib_Math.c,1851 :: 		
0x0037	0x281C      	GOTO       _LOOP
;__Lib_Math.c,1853 :: 		
_EXIT1:
;__Lib_Math.c,1858 :: 		
0x0038	0x0874      	MOVF       R4, 0
;__Lib_Math.c,1859 :: 		
0x0039	0x07F8      	ADDWF      R8, 1
;__Lib_Math.c,1860 :: 		
0x003A	0x0875      	MOVF       R5, 0
;__Lib_Math.c,1861 :: 		
0x003B	0x1803      	BTFSC      STATUS, 0
;__Lib_Math.c,1862 :: 		
0x003C	0x0F75      	INCFSZ     R5, 0
;__Lib_Math.c,1863 :: 		
0x003D	0x07F9      	ADDWF      R9, 1
;__Lib_Math.c,1864 :: 		
0x003E	0x0876      	MOVF       R6, 0
;__Lib_Math.c,1865 :: 		
0x003F	0x1803      	BTFSC      STATUS, 0
;__Lib_Math.c,1866 :: 		
0x0040	0x0F76      	INCFSZ     R6, 0
;__Lib_Math.c,1867 :: 		
0x0041	0x07FA      	ADDWF      R10, 1
;__Lib_Math.c,1868 :: 		
0x0042	0x0877      	MOVF       R7, 0
;__Lib_Math.c,1869 :: 		
0x0043	0x1803      	BTFSC      STATUS, 0
;__Lib_Math.c,1870 :: 		
0x0044	0x0F77      	INCFSZ     R7, 0
;__Lib_Math.c,1871 :: 		
0x0045	0x07FB      	ADDWF      R11, 1
;__Lib_Math.c,1874 :: 		
_EXIT2:
;__Lib_Math.c,1876 :: 		
0x0046	0x0008      	RETURN
; end of _Mul_32x32_U
_VDelay_ms:
;__Lib_Delays.c,78 :: 		void VDelay_ms(unsigned Time_ms){
;__Lib_Delays.c,80 :: 		NumberOfCyc = Clock_kHz()>>2; // this will be done by compiler, no asm will be genereated except that for assignment;
0x0047	0x30D0      	MOVLW      208
0x0048	0x1283      	BCF        STATUS, 5
0x0049	0x1303      	BCF        STATUS, 6
0x004A	0x00B4      	MOVWF      VDelay_ms_NumberOfCyc_L0
0x004B	0x3007      	MOVLW      7
0x004C	0x00B5      	MOVWF      VDelay_ms_NumberOfCyc_L0+1
0x004D	0x01B6      	CLRF       VDelay_ms_NumberOfCyc_L0+2
0x004E	0x01B7      	CLRF       VDelay_ms_NumberOfCyc_L0+3
;__Lib_Delays.c,81 :: 		NumberOfCyc *= Time_ms;
0x004F	0x0832      	MOVF       FARG_VDelay_ms_Time_ms, 0
0x0050	0x00F0      	MOVWF      R0
0x0051	0x0833      	MOVF       FARG_VDelay_ms_Time_ms+1, 0
0x0052	0x00F1      	MOVWF      R0+1
0x0053	0x01F2      	CLRF       R0+2
0x0054	0x01F3      	CLRF       R0+3
0x0055	0x30D0      	MOVLW      208
0x0056	0x00F4      	MOVWF      R4
0x0057	0x3007      	MOVLW      7
0x0058	0x00F5      	MOVWF      R4+1
0x0059	0x3000      	MOVLW      0
0x005A	0x00F6      	MOVWF      R4+2
0x005B	0x3000      	MOVLW      0
0x005C	0x00F7      	MOVWF      R4+3
0x005D	0x2010      	CALL       _Mul_32x32_U
0x005E	0x0870      	MOVF       R0, 0
0x005F	0x00B4      	MOVWF      VDelay_ms_NumberOfCyc_L0
0x0060	0x0871      	MOVF       R0+1, 0
0x0061	0x00B5      	MOVWF      VDelay_ms_NumberOfCyc_L0+1
0x0062	0x0872      	MOVF       R0+2, 0
0x0063	0x00B6      	MOVWF      VDelay_ms_NumberOfCyc_L0+2
0x0064	0x0873      	MOVF       R0+3, 0
0x0065	0x00B7      	MOVWF      VDelay_ms_NumberOfCyc_L0+3
;__Lib_Delays.c,82 :: 		if (NumberOfCyc < 690)
0x0066	0x3000      	MOVLW      0
0x0067	0x0273      	SUBWF      R0+3, 0
0x0068	0x1D03      	BTFSS      STATUS, 2
0x0069	0x2874      	GOTO       L__VDelay_ms20
0x006A	0x3000      	MOVLW      0
0x006B	0x0272      	SUBWF      R0+2, 0
0x006C	0x1D03      	BTFSS      STATUS, 2
0x006D	0x2874      	GOTO       L__VDelay_ms20
0x006E	0x3002      	MOVLW      2
0x006F	0x0271      	SUBWF      R0+1, 0
0x0070	0x1D03      	BTFSS      STATUS, 2
0x0071	0x2874      	GOTO       L__VDelay_ms20
0x0072	0x30B2      	MOVLW      178
0x0073	0x0270      	SUBWF      R0, 0
L__VDelay_ms20:
0x0074	0x1803      	BTFSC      STATUS, 0
0x0075	0x2877      	GOTO       L_VDelay_ms14
;__Lib_Delays.c,83 :: 		return;
0x0076	0x0008      	RETURN
L_VDelay_ms14:
0x0077	0x1283      	BCF        STATUS, 5
0x0078	0x1303      	BCF        STATUS, 6
;__Lib_Delays.c,84 :: 		NumberOfCyc -= 690;
0x0079	0x30B2      	MOVLW      178
0x007A	0x00F0      	MOVWF      R0
0x007B	0x3002      	MOVLW      2
0x007C	0x00F1      	MOVWF      R0+1
0x007D	0x01F2      	CLRF       R0+2
0x007E	0x01F3      	CLRF       R0+3
0x007F	0x0870      	MOVF       R0, 0
0x0080	0x02B4      	SUBWF      VDelay_ms_NumberOfCyc_L0, 1
0x0081	0x0871      	MOVF       R0+1, 0
0x0082	0x1C03      	BTFSS      STATUS, 0
0x0083	0x0F71      	INCFSZ     R0+1, 0
0x0084	0x02B5      	SUBWF      VDelay_ms_NumberOfCyc_L0+1, 1
0x0085	0x0872      	MOVF       R0+2, 0
0x0086	0x1C03      	BTFSS      STATUS, 0
0x0087	0x0F72      	INCFSZ     R0+2, 0
0x0088	0x02B6      	SUBWF      VDelay_ms_NumberOfCyc_L0+2, 1
0x0089	0x0873      	MOVF       R0+3, 0
0x008A	0x1C03      	BTFSS      STATUS, 0
0x008B	0x0F73      	INCFSZ     R0+3, 0
0x008C	0x02B7      	SUBWF      VDelay_ms_NumberOfCyc_L0+3, 1
;__Lib_Delays.c,85 :: 		NumberOfCyc =  NumberOfCyc >> 5; // Dec and While below take around 32 instructions
0x008D	0x3005      	MOVLW      5
0x008E	0x00F0      	MOVWF      R0
0x008F	0x0870      	MOVF       R0, 0
L__VDelay_ms21:
0x0090	0x1903      	BTFSC      STATUS, 2
0x0091	0x2899      	GOTO       L__VDelay_ms22
0x0092	0x0CB7      	RRF        VDelay_ms_NumberOfCyc_L0+3, 1
0x0093	0x0CB6      	RRF        VDelay_ms_NumberOfCyc_L0+2, 1
0x0094	0x0CB5      	RRF        VDelay_ms_NumberOfCyc_L0+1, 1
0x0095	0x0CB4      	RRF        VDelay_ms_NumberOfCyc_L0, 1
0x0096	0x13B7      	BCF        VDelay_ms_NumberOfCyc_L0+3, 7
0x0097	0x3EFF      	ADDLW      255
0x0098	0x2890      	GOTO       L__VDelay_ms21
L__VDelay_ms22:
;__Lib_Delays.c,86 :: 		while (NumberOfCyc--)
L_VDelay_ms15:
0x0099	0x0834      	MOVF       VDelay_ms_NumberOfCyc_L0, 0
0x009A	0x00F0      	MOVWF      R0
0x009B	0x0835      	MOVF       VDelay_ms_NumberOfCyc_L0+1, 0
0x009C	0x00F1      	MOVWF      R0+1
0x009D	0x0836      	MOVF       VDelay_ms_NumberOfCyc_L0+2, 0
0x009E	0x00F2      	MOVWF      R0+2
0x009F	0x0837      	MOVF       VDelay_ms_NumberOfCyc_L0+3, 0
0x00A0	0x00F3      	MOVWF      R0+3
0x00A1	0x3001      	MOVLW      1
0x00A2	0x02B4      	SUBWF      VDelay_ms_NumberOfCyc_L0, 1
0x00A3	0x1C03      	BTFSS      STATUS, 0
0x00A4	0x02B5      	SUBWF      VDelay_ms_NumberOfCyc_L0+1, 1
0x00A5	0x1C03      	BTFSS      STATUS, 0
0x00A6	0x02B6      	SUBWF      VDelay_ms_NumberOfCyc_L0+2, 1
0x00A7	0x1C03      	BTFSS      STATUS, 0
0x00A8	0x02B7      	SUBWF      VDelay_ms_NumberOfCyc_L0+3, 1
0x00A9	0x0870      	MOVF       R0, 0
0x00AA	0x0471      	IORWF      R0+1, 0
0x00AB	0x0472      	IORWF      R0+2, 0
0x00AC	0x0473      	IORWF      R0+3, 0
0x00AD	0x1903      	BTFSC      STATUS, 2
0x00AE	0x28B8      	GOTO       L_VDelay_ms16
;__Lib_Delays.c,88 :: 		asm nop;
0x00AF	0x0000      	NOP
;__Lib_Delays.c,89 :: 		asm nop;
0x00B0	0x0000      	NOP
;__Lib_Delays.c,90 :: 		asm nop;
0x00B1	0x0000      	NOP
;__Lib_Delays.c,91 :: 		asm nop;
0x00B2	0x0000      	NOP
;__Lib_Delays.c,92 :: 		asm nop;
0x00B3	0x0000      	NOP
;__Lib_Delays.c,93 :: 		asm nop;
0x00B4	0x0000      	NOP
;__Lib_Delays.c,94 :: 		asm nop;
0x00B5	0x0000      	NOP
;__Lib_Delays.c,95 :: 		asm nop;
0x00B6	0x0000      	NOP
;__Lib_Delays.c,96 :: 		}
0x00B7	0x2899      	GOTO       L_VDelay_ms15
L_VDelay_ms16:
;__Lib_Delays.c,97 :: 		}
0x00B8	0x0008      	RETURN
; end of _VDelay_ms
_____DoICP:
;__Lib_System.c,6 :: 		
;__Lib_System.c,9 :: 		
0x00B9	0x1283      	BCF        STATUS, 5
0x00BA	0x1303      	BCF        STATUS, 6
0x00BB	0x0830      	MOVF       ___DoICPAddr+1, 0
0x00BC	0x008A      	MOVWF      PCLATH
;__Lib_System.c,10 :: 		
0x00BD	0x082F      	MOVF       ___DoICPAddr, 0
0x00BE	0x0082      	MOVWF      PCL
;__Lib_System.c,12 :: 		
0x00BF	0x0008      	RETURN
; end of _____DoICP
_Button:
;__Lib_Button.c,6 :: 		
;__Lib_Button.c,8 :: 		
0x00C0	0x1283      	BCF        STATUS, 5
0x00C1	0x1303      	BCF        STATUS, 6
0x00C2	0x01B7      	CLRF       Button_rslt_L0
;__Lib_Button.c,11 :: 		
0x00C3	0x0833      	MOVF       FARG_Button_pin, 0
0x00C4	0x00F1      	MOVWF      R1
0x00C5	0x3001      	MOVLW      1
0x00C6	0x00F0      	MOVWF      R0
0x00C7	0x0871      	MOVF       R1, 0
L__Button4:
0x00C8	0x1903      	BTFSC      STATUS, 2
0x00C9	0x28CE      	GOTO       L__Button5
0x00CA	0x0DF0      	RLF        R0, 1
0x00CB	0x1070      	BCF        R0, 0
0x00CC	0x3EFF      	ADDLW      255
0x00CD	0x28C8      	GOTO       L__Button4
L__Button5:
0x00CE	0x0870      	MOVF       R0, 0
0x00CF	0x00B6      	MOVWF      Button_pMask_L0
;__Lib_Button.c,13 :: 		
0x00D0	0x0832      	MOVF       FARG_Button_port, 0
0x00D1	0x0084      	MOVWF      FSR
0x00D2	0x0870      	MOVF       R0, 0
0x00D3	0x0500      	ANDWF      INDF, 0
0x00D4	0x00F1      	MOVWF      R1
0x00D5	0x0871      	MOVF       R1, 0
0x00D6	0x3001      	MOVLW      1
0x00D7	0x1D03      	BTFSS      STATUS, 2
0x00D8	0x3000      	MOVLW      0
0x00D9	0x00F0      	MOVWF      R0
0x00DA	0x0835      	MOVF       FARG_Button_active_state, 0
0x00DB	0x06F0      	XORWF      R0, 1
0x00DC	0x1903      	BTFSC      STATUS, 2
0x00DD	0x28F6      	GOTO       L_Button0
;__Lib_Button.c,15 :: 		
L_Button1:
0x00DE	0x0834      	MOVF       FARG_Button_time_ms, 0
0x00DF	0x3C00      	SUBLW      0
0x00E0	0x1803      	BTFSC      STATUS, 0
0x00E1	0x28E6      	GOTO       L_Button2
;__Lib_Button.c,16 :: 		
0x00E2	0x2003      	CALL       _Delay_500us
;__Lib_Button.c,17 :: 		
0x00E3	0x2003      	CALL       _Delay_500us
;__Lib_Button.c,18 :: 		
0x00E4	0x03B4      	DECF       FARG_Button_time_ms, 1
;__Lib_Button.c,19 :: 		
0x00E5	0x28DE      	GOTO       L_Button1
L_Button2:
;__Lib_Button.c,21 :: 		
0x00E6	0x0832      	MOVF       FARG_Button_port, 0
0x00E7	0x0084      	MOVWF      FSR
0x00E8	0x0836      	MOVF       Button_pMask_L0, 0
0x00E9	0x0500      	ANDWF      INDF, 0
0x00EA	0x00F1      	MOVWF      R1
0x00EB	0x0871      	MOVF       R1, 0
0x00EC	0x3001      	MOVLW      1
0x00ED	0x1D03      	BTFSS      STATUS, 2
0x00EE	0x3000      	MOVLW      0
0x00EF	0x00F0      	MOVWF      R0
0x00F0	0x0835      	MOVF       FARG_Button_active_state, 0
0x00F1	0x06F0      	XORWF      R0, 1
0x00F2	0x1903      	BTFSC      STATUS, 2
0x00F3	0x28F6      	GOTO       L_Button3
;__Lib_Button.c,22 :: 		
0x00F4	0x30FF      	MOVLW      255
0x00F5	0x00B7      	MOVWF      Button_rslt_L0
L_Button3:
;__Lib_Button.c,23 :: 		
L_Button0:
;__Lib_Button.c,25 :: 		
0x00F6	0x0837      	MOVF       Button_rslt_L0, 0
0x00F7	0x00F0      	MOVWF      R0
;__Lib_Button.c,26 :: 		
0x00F8	0x0008      	RETURN
; end of _Button
_CCW:
;Controle_Motor_Passo.c,120 :: 		void CCW(){
;Controle_Motor_Passo.c,123 :: 		if(flagCCW){
0x00F9	0x1283      	BCF        STATUS, 5
0x00FA	0x1303      	BCF        STATUS, 6
0x00FB	0x0820      	MOVF       _flagCCW, 0
0x00FC	0x1903      	BTFSC      STATUS, 2
0x00FD	0x2922      	GOTO       L_CCW29
;Controle_Motor_Passo.c,124 :: 		PORTA.RA0 = 0;
0x00FE	0x1005      	BCF        PORTA, 0
;Controle_Motor_Passo.c,125 :: 		PORTA.RA1 = 1;
0x00FF	0x1485      	BSF        PORTA, 1
;Controle_Motor_Passo.c,127 :: 		PORTC = 0b00000001; // A-1=1 (RC0)
0x0100	0x3001      	MOVLW      1
0x0101	0x0087      	MOVWF      PORTC
;Controle_Motor_Passo.c,128 :: 		Vdelay_ms(tempo);
0x0102	0x082C      	MOVF       _tempo, 0
0x0103	0x00B2      	MOVWF      FARG_VDelay_ms_Time_ms
0x0104	0x082D      	MOVF       _tempo+1, 0
0x0105	0x00B3      	MOVWF      FARG_VDelay_ms_Time_ms+1
0x0106	0x2047      	CALL       _VDelay_ms
;Controle_Motor_Passo.c,129 :: 		PORTC = 0b00000010; // A-2=1 (RC1)
0x0107	0x3002      	MOVLW      2
0x0108	0x1283      	BCF        STATUS, 5
0x0109	0x1303      	BCF        STATUS, 6
0x010A	0x0087      	MOVWF      PORTC
;Controle_Motor_Passo.c,130 :: 		Vdelay_ms(tempo);
0x010B	0x082C      	MOVF       _tempo, 0
0x010C	0x00B2      	MOVWF      FARG_VDelay_ms_Time_ms
0x010D	0x082D      	MOVF       _tempo+1, 0
0x010E	0x00B3      	MOVWF      FARG_VDelay_ms_Time_ms+1
0x010F	0x2047      	CALL       _VDelay_ms
;Controle_Motor_Passo.c,131 :: 		PORTC = 0b00000100; // B-2=1 (RC2)
0x0110	0x3004      	MOVLW      4
0x0111	0x1283      	BCF        STATUS, 5
0x0112	0x1303      	BCF        STATUS, 6
0x0113	0x0087      	MOVWF      PORTC
;Controle_Motor_Passo.c,132 :: 		Vdelay_ms(tempo);
0x0114	0x082C      	MOVF       _tempo, 0
0x0115	0x00B2      	MOVWF      FARG_VDelay_ms_Time_ms
0x0116	0x082D      	MOVF       _tempo+1, 0
0x0117	0x00B3      	MOVWF      FARG_VDelay_ms_Time_ms+1
0x0118	0x2047      	CALL       _VDelay_ms
;Controle_Motor_Passo.c,133 :: 		PORTC = 0b00001000; // B-1=1 (RC3)
0x0119	0x3008      	MOVLW      8
0x011A	0x1283      	BCF        STATUS, 5
0x011B	0x1303      	BCF        STATUS, 6
0x011C	0x0087      	MOVWF      PORTC
;Controle_Motor_Passo.c,134 :: 		Vdelay_ms(tempo);
0x011D	0x082C      	MOVF       _tempo, 0
0x011E	0x00B2      	MOVWF      FARG_VDelay_ms_Time_ms
0x011F	0x082D      	MOVF       _tempo+1, 0
0x0120	0x00B3      	MOVWF      FARG_VDelay_ms_Time_ms+1
0x0121	0x2047      	CALL       _VDelay_ms
;Controle_Motor_Passo.c,135 :: 		}
L_CCW29:
;Controle_Motor_Passo.c,137 :: 		}
0x0122	0x0008      	RETURN
; end of _CCW
_speed:
;Controle_Motor_Passo.c,90 :: 		void speed(){
;Controle_Motor_Passo.c,92 :: 		if(B0 && flagB0 == 0){
0x0123	0x3006      	MOVLW      PORTB
0x0124	0x1283      	BCF        STATUS, 5
0x0125	0x1303      	BCF        STATUS, 6
0x0126	0x00B2      	MOVWF      FARG_Button_port
0x0127	0x01B3      	CLRF       FARG_Button_pin
0x0128	0x3064      	MOVLW      100
0x0129	0x00B4      	MOVWF      FARG_Button_time_ms
0x012A	0x01B5      	CLRF       FARG_Button_active_state
0x012B	0x20C0      	CALL       _Button
0x012C	0x0870      	MOVF       R0, 0
0x012D	0x1903      	BTFSC      STATUS, 2
0x012E	0x2932      	GOTO       L_speed13
0x012F	0x1931      	BTFSC      _flagB0, BitPos(_flagB0+0)
0x0130	0x2932      	GOTO       L_speed13
L__speed38:
;Controle_Motor_Passo.c,93 :: 		flagB0 = 1;
0x0131	0x1531      	BSF        _flagB0, BitPos(_flagB0+0)
;Controle_Motor_Passo.c,94 :: 		}
L_speed13:
;Controle_Motor_Passo.c,95 :: 		if(!B0 && flagB0 == 1){
0x0132	0x3006      	MOVLW      PORTB
0x0133	0x00B2      	MOVWF      FARG_Button_port
0x0134	0x01B3      	CLRF       FARG_Button_pin
0x0135	0x3064      	MOVLW      100
0x0136	0x00B4      	MOVWF      FARG_Button_time_ms
0x0137	0x01B5      	CLRF       FARG_Button_active_state
0x0138	0x20C0      	CALL       _Button
0x0139	0x0870      	MOVF       R0, 0
0x013A	0x1D03      	BTFSS      STATUS, 2
0x013B	0x295F      	GOTO       L_speed16
0x013C	0x1D31      	BTFSS      _flagB0, BitPos(_flagB0+0)
0x013D	0x295F      	GOTO       L_speed16
L__speed37:
;Controle_Motor_Passo.c,96 :: 		flagB0 = 0;
0x013E	0x1131      	BCF        _flagB0, BitPos(_flagB0+0)
;Controle_Motor_Passo.c,97 :: 		tempo -= 100;
0x013F	0x3064      	MOVLW      100
0x0140	0x022C      	SUBWF      _tempo, 0
0x0141	0x00F1      	MOVWF      R1
0x0142	0x3000      	MOVLW      0
0x0143	0x1C03      	BTFSS      STATUS, 0
0x0144	0x3E01      	ADDLW      1
0x0145	0x022D      	SUBWF      _tempo+1, 0
0x0146	0x00F2      	MOVWF      R1+1
0x0147	0x0871      	MOVF       R1, 0
0x0148	0x00AC      	MOVWF      _tempo
0x0149	0x0872      	MOVF       R1+1, 0
0x014A	0x00AD      	MOVWF      _tempo+1
;Controle_Motor_Passo.c,98 :: 		velocidade++;
0x014B	0x0AAE      	INCF       _velocidade, 1
;Controle_Motor_Passo.c,99 :: 		if(tempo < 100 || velocidade > 4){
0x014C	0x3000      	MOVLW      0
0x014D	0x0272      	SUBWF      R1+1, 0
0x014E	0x1D03      	BTFSS      STATUS, 2
0x014F	0x2952      	GOTO       L__speed39
0x0150	0x3064      	MOVLW      100
0x0151	0x0271      	SUBWF      R1, 0
L__speed39:
0x0152	0x1C03      	BTFSS      STATUS, 0
0x0153	0x2959      	GOTO       L__speed36
0x0154	0x082E      	MOVF       _velocidade, 0
0x0155	0x3C04      	SUBLW      4
0x0156	0x1C03      	BTFSS      STATUS, 0
0x0157	0x2959      	GOTO       L__speed36
0x0158	0x295F      	GOTO       L_speed19
L__speed36:
;Controle_Motor_Passo.c,100 :: 		tempo = 100;
0x0159	0x3064      	MOVLW      100
0x015A	0x00AC      	MOVWF      _tempo
0x015B	0x3000      	MOVLW      0
0x015C	0x00AD      	MOVWF      _tempo+1
;Controle_Motor_Passo.c,101 :: 		velocidade = 4;
0x015D	0x3004      	MOVLW      4
0x015E	0x00AE      	MOVWF      _velocidade
;Controle_Motor_Passo.c,102 :: 		}
L_speed19:
;Controle_Motor_Passo.c,103 :: 		}
L_speed16:
;Controle_Motor_Passo.c,105 :: 		if(B1 && flagB1 == 0){
0x015F	0x3006      	MOVLW      PORTB
0x0160	0x00B2      	MOVWF      FARG_Button_port
0x0161	0x3001      	MOVLW      1
0x0162	0x00B3      	MOVWF      FARG_Button_pin
0x0163	0x3064      	MOVLW      100
0x0164	0x00B4      	MOVWF      FARG_Button_time_ms
0x0165	0x01B5      	CLRF       FARG_Button_active_state
0x0166	0x20C0      	CALL       _Button
0x0167	0x0870      	MOVF       R0, 0
0x0168	0x1903      	BTFSC      STATUS, 2
0x0169	0x296D      	GOTO       L_speed22
0x016A	0x18B1      	BTFSC      _flagB1, BitPos(_flagB1+0)
0x016B	0x296D      	GOTO       L_speed22
L__speed35:
;Controle_Motor_Passo.c,106 :: 		flagB1 = 1;
0x016C	0x14B1      	BSF        _flagB1, BitPos(_flagB1+0)
;Controle_Motor_Passo.c,107 :: 		}
L_speed22:
;Controle_Motor_Passo.c,108 :: 		if(!B1 && flagB1 == 1){
0x016D	0x3006      	MOVLW      PORTB
0x016E	0x00B2      	MOVWF      FARG_Button_port
0x016F	0x3001      	MOVLW      1
0x0170	0x00B3      	MOVWF      FARG_Button_pin
0x0171	0x3064      	MOVLW      100
0x0172	0x00B4      	MOVWF      FARG_Button_time_ms
0x0173	0x01B5      	CLRF       FARG_Button_active_state
0x0174	0x20C0      	CALL       _Button
0x0175	0x0870      	MOVF       R0, 0
0x0176	0x1D03      	BTFSS      STATUS, 2
0x0177	0x299A      	GOTO       L_speed25
0x0178	0x1CB1      	BTFSS      _flagB1, BitPos(_flagB1+0)
0x0179	0x299A      	GOTO       L_speed25
L__speed34:
;Controle_Motor_Passo.c,109 :: 		flagB1 = 0;
0x017A	0x10B1      	BCF        _flagB1, BitPos(_flagB1+0)
;Controle_Motor_Passo.c,110 :: 		tempo += 100;
0x017B	0x3064      	MOVLW      100
0x017C	0x072C      	ADDWF      _tempo, 0
0x017D	0x00F1      	MOVWF      R1
0x017E	0x082D      	MOVF       _tempo+1, 0
0x017F	0x1803      	BTFSC      STATUS, 0
0x0180	0x3E01      	ADDLW      1
0x0181	0x00F2      	MOVWF      R1+1
0x0182	0x0871      	MOVF       R1, 0
0x0183	0x00AC      	MOVWF      _tempo
0x0184	0x0872      	MOVF       R1+1, 0
0x0185	0x00AD      	MOVWF      _tempo+1
;Controle_Motor_Passo.c,111 :: 		velocidade--;
0x0186	0x03AE      	DECF       _velocidade, 1
;Controle_Motor_Passo.c,112 :: 		if(tempo > 400 || velocidade < 1){
0x0187	0x0872      	MOVF       R1+1, 0
0x0188	0x3C01      	SUBLW      1
0x0189	0x1D03      	BTFSS      STATUS, 2
0x018A	0x298D      	GOTO       L__speed40
0x018B	0x0871      	MOVF       R1, 0
0x018C	0x3C90      	SUBLW      144
L__speed40:
0x018D	0x1C03      	BTFSS      STATUS, 0
0x018E	0x2994      	GOTO       L__speed33
0x018F	0x3001      	MOVLW      1
0x0190	0x022E      	SUBWF      _velocidade, 0
0x0191	0x1C03      	BTFSS      STATUS, 0
0x0192	0x2994      	GOTO       L__speed33
0x0193	0x299A      	GOTO       L_speed28
L__speed33:
;Controle_Motor_Passo.c,113 :: 		tempo = 400;
0x0194	0x3090      	MOVLW      144
0x0195	0x00AC      	MOVWF      _tempo
0x0196	0x3001      	MOVLW      1
0x0197	0x00AD      	MOVWF      _tempo+1
;Controle_Motor_Passo.c,114 :: 		velocidade = 1;
0x0198	0x3001      	MOVLW      1
0x0199	0x00AE      	MOVWF      _velocidade
;Controle_Motor_Passo.c,115 :: 		}
L_speed28:
;Controle_Motor_Passo.c,116 :: 		}
L_speed25:
;Controle_Motor_Passo.c,118 :: 		}
0x019A	0x0008      	RETURN
; end of _speed
_CW:
;Controle_Motor_Passo.c,139 :: 		void CW(){
;Controle_Motor_Passo.c,141 :: 		if(flagCW){
0x019B	0x1283      	BCF        STATUS, 5
0x019C	0x1303      	BCF        STATUS, 6
0x019D	0x0821      	MOVF       _flagCW, 0
0x019E	0x1903      	BTFSC      STATUS, 2
0x019F	0x29C4      	GOTO       L_CW30
;Controle_Motor_Passo.c,143 :: 		PORTA.RA0 = 1;
0x01A0	0x1405      	BSF        PORTA, 0
;Controle_Motor_Passo.c,144 :: 		PORTA.RA1 = 0;
0x01A1	0x1085      	BCF        PORTA, 1
;Controle_Motor_Passo.c,146 :: 		PORTC = 0b00000001; // A-1=1 (RC0)
0x01A2	0x3001      	MOVLW      1
0x01A3	0x0087      	MOVWF      PORTC
;Controle_Motor_Passo.c,147 :: 		Vdelay_ms(tempo);
0x01A4	0x082C      	MOVF       _tempo, 0
0x01A5	0x00B2      	MOVWF      FARG_VDelay_ms_Time_ms
0x01A6	0x082D      	MOVF       _tempo+1, 0
0x01A7	0x00B3      	MOVWF      FARG_VDelay_ms_Time_ms+1
0x01A8	0x2047      	CALL       _VDelay_ms
;Controle_Motor_Passo.c,148 :: 		PORTC = 0b00001000; // B-1=1 (RC3)
0x01A9	0x3008      	MOVLW      8
0x01AA	0x1283      	BCF        STATUS, 5
0x01AB	0x1303      	BCF        STATUS, 6
0x01AC	0x0087      	MOVWF      PORTC
;Controle_Motor_Passo.c,149 :: 		Vdelay_ms(tempo);
0x01AD	0x082C      	MOVF       _tempo, 0
0x01AE	0x00B2      	MOVWF      FARG_VDelay_ms_Time_ms
0x01AF	0x082D      	MOVF       _tempo+1, 0
0x01B0	0x00B3      	MOVWF      FARG_VDelay_ms_Time_ms+1
0x01B1	0x2047      	CALL       _VDelay_ms
;Controle_Motor_Passo.c,150 :: 		PORTC = 0b00000100; // B-2=1 (RC2)
0x01B2	0x3004      	MOVLW      4
0x01B3	0x1283      	BCF        STATUS, 5
0x01B4	0x1303      	BCF        STATUS, 6
0x01B5	0x0087      	MOVWF      PORTC
;Controle_Motor_Passo.c,151 :: 		Vdelay_ms(tempo);
0x01B6	0x082C      	MOVF       _tempo, 0
0x01B7	0x00B2      	MOVWF      FARG_VDelay_ms_Time_ms
0x01B8	0x082D      	MOVF       _tempo+1, 0
0x01B9	0x00B3      	MOVWF      FARG_VDelay_ms_Time_ms+1
0x01BA	0x2047      	CALL       _VDelay_ms
;Controle_Motor_Passo.c,152 :: 		PORTC = 0b00000010; // A-2=1 (RC1)
0x01BB	0x3002      	MOVLW      2
0x01BC	0x1283      	BCF        STATUS, 5
0x01BD	0x1303      	BCF        STATUS, 6
0x01BE	0x0087      	MOVWF      PORTC
;Controle_Motor_Passo.c,153 :: 		Vdelay_ms(tempo);
0x01BF	0x082C      	MOVF       _tempo, 0
0x01C0	0x00B2      	MOVWF      FARG_VDelay_ms_Time_ms
0x01C1	0x082D      	MOVF       _tempo+1, 0
0x01C2	0x00B3      	MOVWF      FARG_VDelay_ms_Time_ms+1
0x01C3	0x2047      	CALL       _VDelay_ms
;Controle_Motor_Passo.c,154 :: 		}
L_CW30:
;Controle_Motor_Passo.c,156 :: 		}
0x01C4	0x0008      	RETURN
; end of _CW
___CC2DW:
;__Lib_System.c,24 :: 		
;__Lib_System.c,27 :: 		
_CC2D_Loop1:
;__Lib_System.c,29 :: 		
0x01C5	0x20B9      	CALL       _____DoICP
0x01C6	0x118A      	BCF        PCLATH, 3
0x01C7	0x120A      	BCF        PCLATH, 4
;__Lib_System.c,31 :: 		
0x01C8	0x0080      	MOVWF      INDF
;__Lib_System.c,32 :: 		
0x01C9	0x0A84      	INCF       FSR, 1
;__Lib_System.c,33 :: 		
0x01CA	0x0AAF      	INCF       ___DoICPAddr, 1
;__Lib_System.c,35 :: 		
0x01CB	0x1903      	BTFSC      STATUS, 2
;__Lib_System.c,36 :: 		
0x01CC	0x0AB0      	INCF       ___DoICPAddr+1, 1
;__Lib_System.c,37 :: 		
0x01CD	0x03F0      	DECF       R0, 1
;__Lib_System.c,39 :: 		
0x01CE	0x1D03      	BTFSS      STATUS, 2
;__Lib_System.c,40 :: 		
0x01CF	0x29C5      	GOTO       _CC2D_Loop1
;__Lib_System.c,42 :: 		
0x01D0	0x0008      	RETURN
; end of ___CC2DW
_main:
0x01D1	0x1283      	BCF        STATUS, 5
0x01D2	0x1303      	BCF        STATUS, 6
0x01D3	0x01A0      	CLRF       _flagCCW
0x01D4	0x3001      	MOVLW      1
0x01D5	0x00A1      	MOVWF      _flagCW
0x01D6	0x303F      	MOVLW      63
0x01D7	0x00A2      	MOVWF      _texto
0x01D8	0x3006      	MOVLW      6
0x01D9	0x00A3      	MOVWF      35
0x01DA	0x305B      	MOVLW      91
0x01DB	0x00A4      	MOVWF      36
0x01DC	0x304F      	MOVLW      79
0x01DD	0x00A5      	MOVWF      37
0x01DE	0x3066      	MOVLW      102
0x01DF	0x00A6      	MOVWF      38
0x01E0	0x306D      	MOVLW      109
0x01E1	0x00A7      	MOVWF      39
0x01E2	0x307D      	MOVLW      125
0x01E3	0x00A8      	MOVWF      40
0x01E4	0x3007      	MOVLW      7
0x01E5	0x00A9      	MOVWF      41
0x01E6	0x307F      	MOVLW      127
0x01E7	0x00AA      	MOVWF      42
0x01E8	0x306F      	MOVLW      111
0x01E9	0x00AB      	MOVWF      43
0x01EA	0x3064      	MOVLW      100
0x01EB	0x00AC      	MOVWF      _tempo
0x01EC	0x01AD      	CLRF       45
0x01ED	0x3004      	MOVLW      4
0x01EE	0x00AE      	MOVWF      _velocidade
;Controle_Motor_Passo.c,45 :: 		void main() {
;Controle_Motor_Passo.c,47 :: 		ADCON1 = 7;
0x01EF	0x3007      	MOVLW      7
0x01F0	0x1683      	BSF        STATUS, 5
0x01F1	0x009F      	MOVWF      ADCON1
;Controle_Motor_Passo.c,48 :: 		CMCON = 7;
0x01F2	0x3007      	MOVLW      7
0x01F3	0x009C      	MOVWF      CMCON
;Controle_Motor_Passo.c,49 :: 		TRISA = 0;
0x01F4	0x0185      	CLRF       TRISA
;Controle_Motor_Passo.c,50 :: 		PORTA = 0;
0x01F5	0x1283      	BCF        STATUS, 5
0x01F6	0x0185      	CLRF       PORTA
;Controle_Motor_Passo.c,51 :: 		TRISB = 7;
0x01F7	0x3007      	MOVLW      7
0x01F8	0x1683      	BSF        STATUS, 5
0x01F9	0x0086      	MOVWF      TRISB
;Controle_Motor_Passo.c,52 :: 		TRISC = 0;
0x01FA	0x0187      	CLRF       TRISC
;Controle_Motor_Passo.c,53 :: 		PORTC = 0;
0x01FB	0x1283      	BCF        STATUS, 5
0x01FC	0x0187      	CLRF       PORTC
;Controle_Motor_Passo.c,54 :: 		TRISD = 0;
0x01FD	0x1683      	BSF        STATUS, 5
0x01FE	0x0188      	CLRF       TRISD
;Controle_Motor_Passo.c,55 :: 		PORTD = 0;
0x01FF	0x1283      	BCF        STATUS, 5
0x0200	0x0188      	CLRF       PORTD
;Controle_Motor_Passo.c,57 :: 		PORTC.RC4 = 1;
0x0201	0x1607      	BSF        PORTC, 4
;Controle_Motor_Passo.c,59 :: 		while(1){
L_main0:
0x0202	0x1283      	BCF        STATUS, 5
0x0203	0x1303      	BCF        STATUS, 6
;Controle_Motor_Passo.c,61 :: 		PORTD = texto[velocidade];
0x0204	0x082E      	MOVF       _velocidade, 0
0x0205	0x3E22      	ADDLW      _texto
0x0206	0x0084      	MOVWF      FSR
0x0207	0x0800      	MOVF       INDF, 0
0x0208	0x0088      	MOVWF      PORTD
;Controle_Motor_Passo.c,63 :: 		speed();
0x0209	0x2123      	CALL       _speed
;Controle_Motor_Passo.c,65 :: 		if(B2 && flagB2 == 0){
0x020A	0x3006      	MOVLW      PORTB
0x020B	0x00B2      	MOVWF      FARG_Button_port
0x020C	0x3002      	MOVLW      2
0x020D	0x00B3      	MOVWF      FARG_Button_pin
0x020E	0x3064      	MOVLW      100
0x020F	0x00B4      	MOVWF      FARG_Button_time_ms
0x0210	0x01B5      	CLRF       FARG_Button_active_state
0x0211	0x20C0      	CALL       _Button
0x0212	0x0870      	MOVF       R0, 0
0x0213	0x1903      	BTFSC      STATUS, 2
0x0214	0x2A18      	GOTO       L_main4
0x0215	0x1831      	BTFSC      _flagB2, BitPos(_flagB2+0)
0x0216	0x2A18      	GOTO       L_main4
L__main32:
;Controle_Motor_Passo.c,66 :: 		flagB2 = 1;
0x0217	0x1431      	BSF        _flagB2, BitPos(_flagB2+0)
;Controle_Motor_Passo.c,67 :: 		}
L_main4:
;Controle_Motor_Passo.c,68 :: 		if(!B2 && flagB2 == 1){
0x0218	0x3006      	MOVLW      PORTB
0x0219	0x00B2      	MOVWF      FARG_Button_port
0x021A	0x3002      	MOVLW      2
0x021B	0x00B3      	MOVWF      FARG_Button_pin
0x021C	0x3064      	MOVLW      100
0x021D	0x00B4      	MOVWF      FARG_Button_time_ms
0x021E	0x01B5      	CLRF       FARG_Button_active_state
0x021F	0x20C0      	CALL       _Button
0x0220	0x0870      	MOVF       R0, 0
0x0221	0x1D03      	BTFSS      STATUS, 2
0x0222	0x2A33      	GOTO       L_main7
0x0223	0x1C31      	BTFSS      _flagB2, BitPos(_flagB2+0)
0x0224	0x2A33      	GOTO       L_main7
L__main31:
;Controle_Motor_Passo.c,69 :: 		flagB2 = 0;
0x0225	0x1031      	BCF        _flagB2, BitPos(_flagB2+0)
;Controle_Motor_Passo.c,71 :: 		if(flagCW){
0x0226	0x0821      	MOVF       _flagCW, 0
0x0227	0x1903      	BTFSC      STATUS, 2
0x0228	0x2A2D      	GOTO       L_main8
;Controle_Motor_Passo.c,72 :: 		flagCW = 0;
0x0229	0x01A1      	CLRF       _flagCW
;Controle_Motor_Passo.c,73 :: 		flagCCW = 1;
0x022A	0x3001      	MOVLW      1
0x022B	0x00A0      	MOVWF      _flagCCW
;Controle_Motor_Passo.c,74 :: 		} else if(flagCCW){
0x022C	0x2A33      	GOTO       L_main9
L_main8:
0x022D	0x0820      	MOVF       _flagCCW, 0
0x022E	0x1903      	BTFSC      STATUS, 2
0x022F	0x2A33      	GOTO       L_main10
;Controle_Motor_Passo.c,75 :: 		flagCCW = 0;
0x0230	0x01A0      	CLRF       _flagCCW
;Controle_Motor_Passo.c,76 :: 		flagCW = 1;
0x0231	0x3001      	MOVLW      1
0x0232	0x00A1      	MOVWF      _flagCW
;Controle_Motor_Passo.c,77 :: 		}
L_main10:
L_main9:
;Controle_Motor_Passo.c,79 :: 		}
L_main7:
;Controle_Motor_Passo.c,81 :: 		CCW();
0x0233	0x20F9      	CALL       _CCW
;Controle_Motor_Passo.c,82 :: 		CW();
0x0234	0x219B      	CALL       _CW
;Controle_Motor_Passo.c,85 :: 		}
0x0235	0x2A02      	GOTO       L_main0
;Controle_Motor_Passo.c,88 :: 		}
0x0236	0x2A36      	GOTO       $+0
; end of _main
Symbol List:
//** Routines locations **
//ADDRESS    SIZE    PROCEDURE
//----------------------------------------------
0x0003      [13]    _Delay_500us
0x0010      [55]    _Mul_32x32_U
0x0047     [114]    _VDelay_ms
0x00B9       [7]    _____DoICP
0x00C0      [57]    _Button
0x00F9      [42]    _CCW
0x0123     [120]    _speed
0x019B      [42]    _CW
0x01C5      [12]    ___CC2DW
0x01D1     [102]    _main
//** Variables locations ** 
//ADDRESS    SIZE    VARIABLE
//----------------------------------------------
0x0000       [1]    INDF
0x0001       [1]    TMR0
0x0002       [1]    PCL
0x0003       [0]    IRP_bit
0x0003       [0]    RP0_bit
0x0003       [0]    RP1_bit
0x0003       [0]    NOT_TO_bit
0x0003       [0]    DC_bit
0x0003       [0]    NOT_PD_bit
0x0003       [1]    STATUS
0x0003       [0]    Z_bit
0x0003       [0]    C_bit
0x0004       [1]    FSR
0x0004       [1]    FSRPTR
0x0005       [0]    RA5_bit
0x0005       [1]    PORTA
0x0005       [0]    RA4_bit
0x0005       [0]    RA1_bit
0x0005       [0]    RA0_bit
0x0005       [0]    RA3_bit
0x0005       [0]    RA2_bit
0x0006       [0]    RB2_bit
0x0006       [0]    RB3_bit
0x0006       [0]    RB4_bit
0x0006       [1]    PORTB
0x0006       [0]    RB0_bit
0x0006       [0]    RB1_bit
0x0006       [0]    RB6_bit
0x0006       [0]    RB7_bit
0x0006       [0]    RB5_bit
0x0007       [0]    RC7_bit
0x0007       [0]    RC5_bit
0x0007       [1]    PORTC
0x0007       [0]    RC1_bit
0x0007       [0]    RC2_bit
0x0007       [0]    RC3_bit
0x0007       [0]    RC0_bit
0x0007       [0]    RC4_bit
0x0007       [0]    RC6_bit
0x0008       [0]    RD4_bit
0x0008       [0]    RD5_bit
0x0008       [0]    RD0_bit
0x0008       [1]    PORTD
0x0008       [0]    RD3_bit
0x0008       [0]    RD2_bit
0x0008       [0]    RD1_bit
0x0008       [0]    RD6_bit
0x0008       [0]    RD7_bit
0x0009       [0]    RE2_bit
0x0009       [0]    RE1_bit
0x0009       [0]    RE0_bit
0x0009       [1]    PORTE
0x000A       [1]    PCLATH
0x000B       [0]    RBIE_bit
0x000B       [0]    INTE_bit
0x000B       [0]    T0IE_bit
0x000B       [0]    PEIE_bit
0x000B       [0]    GIE_bit
0x000B       [0]    TMR0IE_bit
0x000B       [1]    INTCON
0x000B       [0]    RBIF_bit
0x000B       [0]    INTF_bit
0x000B       [0]    T0IF_bit
0x000B       [0]    TMR0IF_bit
0x000C       [0]    CCP1IF_bit
0x000C       [1]    PIR1
0x000C       [0]    TMR2IF_bit
0x000C       [0]    TMR1IF_bit
0x000C       [0]    SSPIF_bit
0x000C       [0]    ADIF_bit
0x000C       [0]    PSPIF_bit
0x000C       [0]    TXIF_bit
0x000C       [0]    RCIF_bit
0x000D       [1]    PIR2
0x000D       [0]    BCLIF_bit
0x000D       [0]    CCP2IF_bit
0x000D       [0]    CMIF_bit
0x000D       [0]    EEIF_bit
0x000E       [1]    TMR1L
0x000F       [1]    TMR1H
0x0010       [0]    T1INSYNC_bit
0x0010       [0]    NOT_T1SYNC_bit
0x0010       [0]    T1SYNC_bit
0x0010       [0]    TMR1ON_bit
0x0010       [0]    TMR1CS_bit
0x0010       [1]    T1CON
0x0010       [0]    T1CKPS1_bit
0x0010       [0]    T1OSCEN_bit
0x0010       [0]    T1CKPS0_bit
0x0011       [1]    TMR2
0x0012       [0]    TMR2ON_bit
0x0012       [0]    TOUTPS0_bit
0x0012       [0]    T2CKPS0_bit
0x0012       [0]    T2CKPS1_bit
0x0012       [0]    TOUTPS2_bit
0x0012       [0]    TOUTPS3_bit
0x0012       [1]    T2CON
0x0012       [0]    TOUTPS1_bit
0x0013       [1]    SSPBUF
0x0014       [0]    SSPM2_bit
0x0014       [0]    SSPM3_bit
0x0014       [0]    SSPM0_bit
0x0014       [0]    SSPM1_bit
0x0014       [0]    SSPOV_bit
0x0014       [0]    WCOL_bit
0x0014       [0]    CKP_bit
0x0014       [0]    SSPEN_bit
0x0014       [1]    SSPCON
0x0015       [1]    CCPR1L
0x0015       [2]    CCPR1
0x0016       [1]    CCPR1H
0x0017       [1]    CCP1CON
0x0017       [0]    CCP1M2_bit
0x0017       [0]    CCP1M0_bit
0x0017       [0]    CCP1M1_bit
0x0017       [0]    CCP1M3_bit
0x0017       [0]    CCP1X_bit
0x0017       [0]    CCP1Y_bit
0x0018       [0]    RC8_9_bit
0x0018       [0]    SPEN_bit
0x0018       [0]    FERR_bit
0x0018       [0]    NOT_RC8_bit
0x0018       [0]    SREN_bit
0x0018       [0]    RC9_bit
0x0018       [0]    CREN_bit
0x0018       [0]    ADDEN_bit
0x0018       [0]    RX9_bit
0x0018       [0]    RCD8_bit
0x0018       [1]    RCSTA
0x0018       [0]    OERR_bit
0x0018       [0]    RX9D_bit
0x0019       [1]    TXREG
0x001A       [1]    RCREG
0x001B       [1]    CCPR2L
0x001B       [2]    CCPR2
0x001C       [1]    CCPR2H
0x001D       [0]    CCP2M1_bit
0x001D       [0]    CCP2M3_bit
0x001D       [0]    CCP2M2_bit
0x001D       [1]    CCP2CON
0x001D       [0]    CCP2Y_bit
0x001D       [0]    CCP2M0_bit
0x001D       [0]    CCP2X_bit
0x001E       [1]    ADRESH
0x001F       [0]    NOT_DONE_bit
0x001F       [0]    GO_DONE_bit
0x001F       [1]    ADCON0
0x001F       [0]    ADON_bit
0x001F       [0]    CHS2_bit
0x001F       [0]    ADCS1_bit
0x001F       [0]    ADCS0_bit
0x001F       [0]    CHS1_bit
0x001F       [0]    GO_bit
0x001F       [0]    CHS0_bit
0x0020       [1]    _flagCCW
0x0021       [1]    _flagCW
0x0022      [10]    _texto
0x002C       [2]    _tempo
0x002E       [1]    _velocidade
0x002F       [2]    ___DoICPAddr
0x0031       [0]    _flagB0
0x0031       [0]    _flagB1
0x0031       [0]    _flagB2
0x0032       [1]    FARG_Button_port
0x0032       [2]    FARG_VDelay_ms_Time_ms
0x0033       [1]    FARG_Button_pin
0x0034       [1]    FARG_Button_time_ms
0x0034       [4]    VDelay_ms_NumberOfCyc_L0
0x0035       [1]    FARG_Button_active_state
0x0036       [1]    Button_pMask_L0
0x0037       [1]    Button_rslt_L0
0x0070       [1]    R0
0x0071       [1]    R1
0x0072       [1]    R2
0x0073       [1]    R3
0x0074       [1]    R4
0x0075       [1]    R5
0x0076       [1]    R6
0x0077       [1]    R7
0x0078       [1]    R8
0x0079       [1]    R9
0x007A       [1]    R10
0x007B       [1]    R11
0x007C       [1]    R12
0x007D       [1]    R13
0x007E       [1]    R14
0x007F       [1]    R15
0x0081       [0]    T0SE_bit
0x0081       [0]    PSA_bit
0x0081       [0]    PS2_bit
0x0081       [0]    T0CS_bit
0x0081       [0]    INTEDG_bit
0x0081       [0]    NOT_RBPU_bit
0x0081       [0]    PS1_bit
0x0081       [0]    PS0_bit
0x0081       [1]    OPTION_REG
0x0085       [0]    TRISA1_bit
0x0085       [0]    TRISA0_bit
0x0085       [0]    TRISA2_bit
0x0085       [0]    TRISA5_bit
0x0085       [0]    TRISA4_bit
0x0085       [0]    TRISA3_bit
0x0085       [1]    TRISA
0x0086       [0]    TRISB4_bit
0x0086       [0]    TRISB7_bit
0x0086       [0]    TRISB5_bit
0x0086       [0]    TRISB6_bit
0x0086       [0]    TRISB3_bit
0x0086       [1]    TRISB
0x0086       [0]    TRISB1_bit
0x0086       [0]    TRISB0_bit
0x0086       [0]    TRISB2_bit
0x0087       [0]    TRISC1_bit
0x0087       [0]    TRISC6_bit
0x0087       [0]    TRISC7_bit
0x0087       [0]    TRISC0_bit
0x0087       [0]    TRISC2_bit
0x0087       [0]    TRISC3_bit
0x0087       [0]    TRISC4_bit
0x0087       [1]    TRISC
0x0087       [0]    TRISC5_bit
0x0088       [0]    TRISD7_bit
0x0088       [0]    TRISD6_bit
0x0088       [0]    TRISD3_bit
0x0088       [0]    TRISD0_bit
0x0088       [1]    TRISD
0x0088       [0]    TRISD2_bit
0x0088       [0]    TRISD1_bit
0x0088       [0]    TRISD4_bit
0x0088       [0]    TRISD5_bit
0x0089       [0]    OBF_bit
0x0089       [0]    IBOV_bit
0x0089       [0]    IBF_bit
0x0089       [0]    PSPMODE_bit
0x0089       [0]    IBOV_TRISE_bit
0x0089       [0]    PSPMODE_TRISE_bit
0x0089       [0]    IBF_TRISE_bit
0x0089       [0]    OBF_TRISE_bit
0x0089       [0]    TRISE1_bit
0x0089       [0]    TRISE0_bit
0x0089       [1]    TRISE
0x0089       [0]    TRISE2_bit
0x008C       [0]    TXIE_bit
0x008C       [0]    SSPIE_bit
0x008C       [0]    RCIE_bit
0x008C       [0]    PSPIE_bit
0x008C       [0]    ADIE_bit
0x008C       [0]    TMR1IE_bit
0x008C       [0]    TMR2IE_bit
0x008C       [1]    PIE1
0x008C       [0]    CCP1IE_bit
0x008D       [1]    PIE2
0x008D       [0]    BCLIE_bit
0x008D       [0]    CCP2IE_bit
0x008D       [0]    CMIE_bit
0x008D       [0]    EEIE_bit
0x008E       [0]    NOT_BOR_bit
0x008E       [1]    PCON
0x008E       [0]    NOT_POR_bit
0x008E       [0]    NOT_BO_bit
0x0091       [0]    RSEN_bit
0x0091       [0]    PEN_bit
0x0091       [0]    SEN_bit
0x0091       [1]    SSPCON2
0x0091       [0]    ACKSTAT_bit
0x0091       [0]    GCEN_bit
0x0091       [0]    ACKDT_bit
0x0091       [0]    RCEN_bit
0x0091       [0]    ACKEN_bit
0x0092       [1]    PR2
0x0093       [1]    SSPADD
0x0094       [0]    I2C_START__bit
0x0094       [0]    R_bit
0x0094       [0]    I2C_READ_bit
0x0094       [0]    P_bit
0x0094       [0]    I2C_STOP__bit
0x0094       [0]    S_bit
0x0094       [0]    READ_WRITE_bit
0x0094       [0]    NOT_WRITE_bit
0x0094       [0]    R_W_bit
0x0094       [0]    NOT_W_bit
0x0094       [0]    BF_bit
0x0094       [0]    UA_bit
0x0094       [0]    DATA_ADDRESS_bit
0x0094       [0]    CKE_bit
0x0094       [0]    D_bit
0x0094       [1]    SSPSTAT
0x0094       [0]    SMP_bit
0x0094       [0]    NOT_ADDRESS_bit
0x0094       [0]    D_A_bit
0x0094       [0]    I2C_DATA_bit
0x0094       [0]    NOT_A_bit
0x0098       [0]    BRGH_bit
0x0098       [0]    TXEN_bit
0x0098       [0]    SYNC_bit
0x0098       [0]    TX9D_bit
0x0098       [0]    TRMT_bit
0x0098       [1]    TXSTA
0x0098       [0]    TXD8_bit
0x0098       [0]    TX8_9_bit
0x0098       [0]    CSRC_bit
0x0098       [0]    TX9_bit
0x0098       [0]    NOT_TX8_bit
0x0099       [1]    SPBRG
0x009C       [0]    CM2_bit
0x009C       [0]    CIS_bit
0x009C       [0]    CM1_bit
0x009C       [1]    CMCON
0x009C       [0]    CM0_bit
0x009C       [0]    C1INV_bit
0x009C       [0]    C2OUT_bit
0x009C       [0]    C1OUT_bit
0x009C       [0]    C2INV_bit
0x009D       [0]    CVR1_bit
0x009D       [0]    CVR2_bit
0x009D       [1]    CVRCON
0x009D       [0]    CVR0_bit
0x009D       [0]    CVR3_bit
0x009D       [0]    CVREN_bit
0x009D       [0]    CVROE_bit
0x009D       [0]    CVRR_bit
0x009E       [1]    ADRESL
0x009F       [1]    ADCON1
0x009F       [0]    PCFG0_bit
0x009F       [0]    PCFG1_bit
0x009F       [0]    ADCS2_bit
0x009F       [0]    ADFM_bit
0x009F       [0]    PCFG3_bit
0x009F       [0]    PCFG2_bit
0x010C       [1]    EEDATA
0x010D       [1]    EEADR
0x010E       [1]    EEDATH
0x010F       [1]    EEADRH
0x018C       [0]    RD_bit
0x018C       [0]    WR_bit
0x018C       [0]    WRERR_bit
0x018C       [0]    EEPGD_bit
0x018C       [1]    EECON1
0x018C       [0]    WREN_bit
0x018D       [1]    EECON2
//** Label List: ** 
//----------------------------------------------
  L_main0
  L_main1
  L_main2
  L_main3
  L_main4
  L_main5
  L_main6
  L_main7
  L_main8
  L_main9
  L_main10
  L_speed11
  L_speed12
  L_speed13
  L_speed14
  L_speed15
  L_speed16
  L_speed17
  L_speed18
  L_speed19
  L_speed20
  L_speed21
  L_speed22
  L_speed23
  L_speed24
  L_speed25
  L_speed26
  L_speed27
  L_speed28
  L_CCW29
  L_CW30
  L__main31
  L__main32
  L__speed33
  L__speed34
  L__speed35
  L__speed36
  L__speed37
  L__speed38
  _main
  _speed
  L__speed39
  L__speed40
  _CCW
  _CW
  L_Button0
  L_Button1
  L_Button2
  L_Button3
  _Button
  L__Button4
  L__Button5
  L_Delay_10us0
  L_Delay_22us1
  L_Delay_50us2
  L_Delay_80us3
  L_Delay_500us4
  L_Delay_5500us5
  L_Delay_1ms6
  L_Delay_5ms7
  L_Delay_8ms8
  L_Delay_100ms9
  L_Delay_1sec10
  L_boot16_Delay_5ms11
  L_Delay_Cyc12
  L_Delay_Cyc13
  L_VDelay_ms14
  L_VDelay_ms15
  L_VDelay_ms16
  L_VDelay_Advanced_ms17
  L_VDelay_Advanced_ms18
  L_VDelay_Advanced_ms19
  _Get_Fosc_kHz
  _Delay_1us
  _Delay_10us
  _Delay_22us
  _Delay_50us
  _Delay_80us
  _Delay_500us
  _Delay_5500us
  _Delay_1ms
  _Delay_5ms
  _Delay_8ms
  _Delay_100ms
  _Delay_1sec
  _boot16_Delay_5ms
  _Delay_Cyc
  _VDelay_ms
  L__VDelay_ms20
  L__VDelay_ms21
  L__VDelay_ms22
  _VDelay_Advanced_ms
  L__VDelay_Advanced_ms23
  L__VDelay_Advanced_ms24
  L__VDelay_Advanced_ms25
  L_Div_16x16_S0
  L_Div_16x16_S1
  LOOPS3232A
  SADD22LA
  SOK22LA
  SADD22L8
  SOK22L8
  LOOPS3232B
  SADD22LB
  SOK22LB
  SADD22L16
  SOK22L16
  LOOPS3232C
  SADD22LC
  SOK22LC
  SADD22L24
  SOK22L24
  LOOPS3232D
  SADD22LD
  SOK22LD
  SOK22L
  L_Div_32x32_S6
  L_Div_32x32_S7
  L_Div_32x32_S8
  L_Div_32x32_S9
  FXD3232S
  END_ALL
  CA3232S
  C3232SX
  C3232SX1
  C3232S
  C3232S2
  C3232SX4
  C3232SOK
  C3232SX3
  C3232SX2
  avoid_comfrem
  LOOPU3232A
  UADD22LA
  UOK22LA
  UADD22L8
  UOK22L8
  LOOPU3232B
  UADD22LB
  UOK22LB
  UADD22L16
  UOK22L16
  LOOPU3232C
  UADD22LC
  UOK22LC
  UADD22L24
  UOK22L24
  LOOPU3232D
  UADD22LD
  UOK22LD
  UOK22L
  _NEXT
  _EXIT2
  _LOOP
  _EXIT1
  _IF_FIRST
  _IF_SECOND
  _INVERCE_FIRST
  _MULT
  _INBERSE_SECOND
  _EXIT
  _Mul_8x8_U
  _Mul_16x16_U
  _Div_8x8_U
  _Div_16x16_U
  _Mul_8x8_S
  _Mul_16x16_S
  _Div_16x16_S_L
  _Div_16x16_S
  _Div_8x8_S
  _SDIV3232L
  _COMFREM
  _Div_32x32_S
  _Div_32x32_U
  _Mul_32x32_U
  _Mul_32x32_S
  _CC2D_Loop1
  _____DoICP
  _____DoIFC
  ___CC2DW
  _Swap
