;  LST file generated by mikroListExporter - v.2.0 
; Date/Time: 07/06/2023 18:23:35
;----------------------------------------------

;Address Opcode 	ASM
0x0000	0xF000EFD1  	GOTO        418
0x0004	0x0000      	NOP
0x0006	0x0000      	NOP
0x0008	0xF000EF00  	GOTO        0
0x000C	0x0000      	NOP
0x000E	0x0000      	NOP
0x0010	0x0000      	NOP
0x0012	0x0000      	NOP
0x0014	0x0000      	NOP
0x0016	0x0000      	NOP
0x0018	0xD7F3      	BRA         0
_Delay_1us:
;__Lib_Delays.c,7 :: 		void Delay_1us() {
;__Lib_Delays.c,8 :: 		Delay_us(1);
0x001C	0x0000      	NOP
0x001E	0x0000      	NOP
;__Lib_Delays.c,9 :: 		}
0x0020	0x0012      	RETURN      0
; end of _Delay_1us
_Delay_5500us:
;__Lib_Delays.c,31 :: 		void Delay_5500us() {
;__Lib_Delays.c,32 :: 		Delay_us(5500);
0x0022	0x0E0F      	MOVLW       15
0x0024	0x6E0C      	MOVWF       R12, 0
0x0026	0x0E47      	MOVLW       71
0x0028	0x6E0D      	MOVWF       R13, 0
L_Delay_5500us5:
0x002A	0x2E0D      	DECFSZ      R13, 1, 0
0x002C	0xD7FE      	BRA         L_Delay_5500us5
0x002E	0x2E0C      	DECFSZ      R12, 1, 0
0x0030	0xD7FC      	BRA         L_Delay_5500us5
0x0032	0x0000      	NOP
0x0034	0x0000      	NOP
;__Lib_Delays.c,33 :: 		}
0x0036	0x0012      	RETURN      0
; end of _Delay_5500us
_Delay_50us:
;__Lib_Delays.c,19 :: 		void Delay_50us() {
;__Lib_Delays.c,20 :: 		Delay_us(50);
0x0038	0x0E21      	MOVLW       33
0x003A	0x6E0D      	MOVWF       R13, 0
L_Delay_50us2:
0x003C	0x2E0D      	DECFSZ      R13, 1, 0
0x003E	0xD7FE      	BRA         L_Delay_50us2
;__Lib_Delays.c,21 :: 		}
0x0040	0x0012      	RETURN      0
; end of _Delay_50us
_Lcd_Cmd:
;__Lib_Lcd.c,18 :: 		
;__Lib_Lcd.c,20 :: 		
0x0042	0x0100      	MOVLB       0
0x0044	0xBFAA      	BTFSC       FARG_Lcd_Cmd_out_char, 7, 1
0x0046	0xD002      	BRA         L__Lcd_Cmd20
0x0048	0x9E83      	BCF         LCD_D7, BitPos(LCD_D7+0) 
0x004A	0xD001      	BRA         L__Lcd_Cmd21
L__Lcd_Cmd20:
0x004C	0x8E83      	BSF         LCD_D7, BitPos(LCD_D7+0) 
L__Lcd_Cmd21:
;__Lib_Lcd.c,21 :: 		
0x004E	0xBDAA      	BTFSC       FARG_Lcd_Cmd_out_char, 6, 1
0x0050	0xD002      	BRA         L__Lcd_Cmd22
0x0052	0x9C83      	BCF         LCD_D6, BitPos(LCD_D6+0) 
0x0054	0xD001      	BRA         L__Lcd_Cmd23
L__Lcd_Cmd22:
0x0056	0x8C83      	BSF         LCD_D6, BitPos(LCD_D6+0) 
L__Lcd_Cmd23:
;__Lib_Lcd.c,22 :: 		
0x0058	0xBBAA      	BTFSC       FARG_Lcd_Cmd_out_char, 5, 1
0x005A	0xD002      	BRA         L__Lcd_Cmd24
0x005C	0x9A83      	BCF         LCD_D5, BitPos(LCD_D5+0) 
0x005E	0xD001      	BRA         L__Lcd_Cmd25
L__Lcd_Cmd24:
0x0060	0x8A83      	BSF         LCD_D5, BitPos(LCD_D5+0) 
L__Lcd_Cmd25:
;__Lib_Lcd.c,23 :: 		
0x0062	0xB9AA      	BTFSC       FARG_Lcd_Cmd_out_char, 4, 1
0x0064	0xD002      	BRA         L__Lcd_Cmd26
0x0066	0x9883      	BCF         LCD_D4, BitPos(LCD_D4+0) 
0x0068	0xD001      	BRA         L__Lcd_Cmd27
L__Lcd_Cmd26:
0x006A	0x8883      	BSF         LCD_D4, BitPos(LCD_D4+0) 
L__Lcd_Cmd27:
;__Lib_Lcd.c,25 :: 		
0x006C	0xB1A5      	BTFSC       __Lib_Lcd_cmd_status, BitPos(__Lib_Lcd_cmd_status+0), 1
0x006E	0xD002      	BRA         L__Lcd_Cmd28
0x0070	0x8683      	BSF         LCD_RS, BitPos(LCD_RS+0) 
0x0072	0xD001      	BRA         L__Lcd_Cmd29
L__Lcd_Cmd28:
0x0074	0x9683      	BCF         LCD_RS, BitPos(LCD_RS+0) 
L__Lcd_Cmd29:
;__Lib_Lcd.c,28 :: 		
0x0076	0x8483      	BSF         LCD_EN, BitPos(LCD_EN+0) 
;__Lib_Lcd.c,29 :: 		
0x0078	0xDFD1      	RCALL       _Delay_1us
;__Lib_Lcd.c,30 :: 		
0x007A	0x9483      	BCF         LCD_EN, BitPos(LCD_EN+0) 
;__Lib_Lcd.c,33 :: 		
0x007C	0xB7AA      	BTFSC       FARG_Lcd_Cmd_out_char, 3, 1
0x007E	0xD002      	BRA         L__Lcd_Cmd30
0x0080	0x9E83      	BCF         LCD_D7, BitPos(LCD_D7+0) 
0x0082	0xD001      	BRA         L__Lcd_Cmd31
L__Lcd_Cmd30:
0x0084	0x8E83      	BSF         LCD_D7, BitPos(LCD_D7+0) 
L__Lcd_Cmd31:
;__Lib_Lcd.c,34 :: 		
0x0086	0xB5AA      	BTFSC       FARG_Lcd_Cmd_out_char, 2, 1
0x0088	0xD002      	BRA         L__Lcd_Cmd32
0x008A	0x9C83      	BCF         LCD_D6, BitPos(LCD_D6+0) 
0x008C	0xD001      	BRA         L__Lcd_Cmd33
L__Lcd_Cmd32:
0x008E	0x8C83      	BSF         LCD_D6, BitPos(LCD_D6+0) 
L__Lcd_Cmd33:
;__Lib_Lcd.c,35 :: 		
0x0090	0xB3AA      	BTFSC       FARG_Lcd_Cmd_out_char, 1, 1
0x0092	0xD002      	BRA         L__Lcd_Cmd34
0x0094	0x9A83      	BCF         LCD_D5, BitPos(LCD_D5+0) 
0x0096	0xD001      	BRA         L__Lcd_Cmd35
L__Lcd_Cmd34:
0x0098	0x8A83      	BSF         LCD_D5, BitPos(LCD_D5+0) 
L__Lcd_Cmd35:
;__Lib_Lcd.c,36 :: 		
0x009A	0xB1AA      	BTFSC       FARG_Lcd_Cmd_out_char, 0, 1
0x009C	0xD002      	BRA         L__Lcd_Cmd36
0x009E	0x9883      	BCF         LCD_D4, BitPos(LCD_D4+0) 
0x00A0	0xD001      	BRA         L__Lcd_Cmd37
L__Lcd_Cmd36:
0x00A2	0x8883      	BSF         LCD_D4, BitPos(LCD_D4+0) 
L__Lcd_Cmd37:
;__Lib_Lcd.c,38 :: 		
0x00A4	0xB1A5      	BTFSC       __Lib_Lcd_cmd_status, BitPos(__Lib_Lcd_cmd_status+0), 1
0x00A6	0xD002      	BRA         L__Lcd_Cmd38
0x00A8	0x8683      	BSF         LCD_RS, BitPos(LCD_RS+0) 
0x00AA	0xD001      	BRA         L__Lcd_Cmd39
L__Lcd_Cmd38:
0x00AC	0x9683      	BCF         LCD_RS, BitPos(LCD_RS+0) 
L__Lcd_Cmd39:
;__Lib_Lcd.c,40 :: 		
0x00AE	0x8483      	BSF         LCD_EN, BitPos(LCD_EN+0) 
;__Lib_Lcd.c,41 :: 		
0x00B0	0xDFB5      	RCALL       _Delay_1us
;__Lib_Lcd.c,42 :: 		
0x00B2	0x9483      	BCF         LCD_EN, BitPos(LCD_EN+0) 
;__Lib_Lcd.c,44 :: 		
0x00B4	0xA1A5      	BTFSS       __Lib_Lcd_cmd_status, BitPos(__Lib_Lcd_cmd_status+0), 1
0x00B6	0xD002      	BRA         L_Lcd_Cmd0
;__Lib_Lcd.c,45 :: 		
0x00B8	0xDFB4      	RCALL       _Delay_5500us
0x00BA	0xD001      	BRA         L_Lcd_Cmd1
L_Lcd_Cmd0:
;__Lib_Lcd.c,47 :: 		
0x00BC	0xDFBD      	RCALL       _Delay_50us
L_Lcd_Cmd1:
;__Lib_Lcd.c,48 :: 		
0x00BE	0x0012      	RETURN      0
; end of _Lcd_Cmd
_Lcd_Chr_CP:
;__Lib_Lcd.c,50 :: 		
;__Lib_Lcd.c,52 :: 		
0x00C0	0x0100      	MOVLB       0
0x00C2	0x91A5      	BCF         __Lib_Lcd_cmd_status, BitPos(__Lib_Lcd_cmd_status+0), 1
;__Lib_Lcd.c,53 :: 		
0x00C4	0xF0AAC0A9  	MOVFF       FARG_Lcd_Chr_CP_out_char, FARG_Lcd_Cmd_out_char
0x00C8	0xDFBC      	RCALL       _Lcd_Cmd
;__Lib_Lcd.c,54 :: 		
0x00CA	0x81A5      	BSF         __Lib_Lcd_cmd_status, BitPos(__Lib_Lcd_cmd_status+0), 1
;__Lib_Lcd.c,55 :: 		
0x00CC	0x0012      	RETURN      0
; end of _Lcd_Chr_CP
___CC2DW:
;__Lib_System.c,21 :: 		
;__Lib_System.c,23 :: 		
_CC2DL_Loop1:
;__Lib_System.c,24 :: 		
0x00CE	0x0009      	TBLRD*+
;__Lib_System.c,25 :: 		
0x00D0	0xFFE6CFF5  	MOVFF       TABLAT, POSTINC1
;__Lib_System.c,26 :: 		
0x00D4	0x0600      	DECF        R0, 1, 0
;__Lib_System.c,27 :: 		
0x00D6	0xE1FB      	BNZ         _CC2DL_Loop1
;__Lib_System.c,28 :: 		
0x00D8	0x0601      	DECF        R1, 1, 0
;__Lib_System.c,29 :: 		
0x00DA	0xE1F9      	BNZ         _CC2DL_Loop1
;__Lib_System.c,31 :: 		
0x00DC	0x0012      	RETURN      0
; end of ___CC2DW
_Lcd_Init:
;__Lib_Lcd.c,84 :: 		
;__Lib_Lcd.c,86 :: 		
0x00DE	0x9495      	BCF         LCD_EN_Direction, BitPos(LCD_EN_Direction+0) 
;__Lib_Lcd.c,87 :: 		
0x00E0	0x9695      	BCF         LCD_RS_Direction, BitPos(LCD_RS_Direction+0) 
;__Lib_Lcd.c,88 :: 		
0x00E2	0x9895      	BCF         LCD_D4_Direction, BitPos(LCD_D4_Direction+0) 
;__Lib_Lcd.c,89 :: 		
0x00E4	0x9A95      	BCF         LCD_D5_Direction, BitPos(LCD_D5_Direction+0) 
;__Lib_Lcd.c,90 :: 		
0x00E6	0x9C95      	BCF         LCD_D6_Direction, BitPos(LCD_D6_Direction+0) 
;__Lib_Lcd.c,91 :: 		
0x00E8	0x9E95      	BCF         LCD_D7_Direction, BitPos(LCD_D7_Direction+0) 
;__Lib_Lcd.c,93 :: 		
0x00EA	0x9483      	BCF         LCD_EN, BitPos(LCD_EN+0) 
;__Lib_Lcd.c,94 :: 		
0x00EC	0x9683      	BCF         LCD_RS, BitPos(LCD_RS+0) 
;__Lib_Lcd.c,95 :: 		
0x00EE	0x9E83      	BCF         LCD_D7, BitPos(LCD_D7+0) 
;__Lib_Lcd.c,96 :: 		
0x00F0	0x9C83      	BCF         LCD_D6, BitPos(LCD_D6+0) 
;__Lib_Lcd.c,97 :: 		
0x00F2	0x9A83      	BCF         LCD_D5, BitPos(LCD_D5+0) 
;__Lib_Lcd.c,98 :: 		
0x00F4	0x9883      	BCF         LCD_D4, BitPos(LCD_D4+0) 
;__Lib_Lcd.c,100 :: 		
0x00F6	0xDF95      	RCALL       _Delay_5500us
;__Lib_Lcd.c,101 :: 		
0x00F8	0xDF94      	RCALL       _Delay_5500us
;__Lib_Lcd.c,102 :: 		
0x00FA	0xDF93      	RCALL       _Delay_5500us
;__Lib_Lcd.c,105 :: 		
0x00FC	0x8A83      	BSF         LCD_D5, BitPos(LCD_D5+0) 
;__Lib_Lcd.c,106 :: 		
0x00FE	0x8883      	BSF         LCD_D4, BitPos(LCD_D4+0) 
;__Lib_Lcd.c,107 :: 		
0x0100	0x8483      	BSF         LCD_EN, BitPos(LCD_EN+0) 
;__Lib_Lcd.c,108 :: 		
0x0102	0xDF8C      	RCALL       _Delay_1us
;__Lib_Lcd.c,109 :: 		
0x0104	0x9483      	BCF         LCD_EN, BitPos(LCD_EN+0) 
;__Lib_Lcd.c,110 :: 		
0x0106	0xDF8D      	RCALL       _Delay_5500us
;__Lib_Lcd.c,112 :: 		
0x0108	0x8483      	BSF         LCD_EN, BitPos(LCD_EN+0) 
;__Lib_Lcd.c,113 :: 		
0x010A	0xDF88      	RCALL       _Delay_1us
;__Lib_Lcd.c,114 :: 		
0x010C	0x9483      	BCF         LCD_EN, BitPos(LCD_EN+0) 
;__Lib_Lcd.c,115 :: 		
0x010E	0xDF89      	RCALL       _Delay_5500us
;__Lib_Lcd.c,117 :: 		
0x0110	0x8483      	BSF         LCD_EN, BitPos(LCD_EN+0) 
;__Lib_Lcd.c,118 :: 		
0x0112	0xDF84      	RCALL       _Delay_1us
;__Lib_Lcd.c,119 :: 		
0x0114	0x9483      	BCF         LCD_EN, BitPos(LCD_EN+0) 
;__Lib_Lcd.c,120 :: 		
0x0116	0xDF85      	RCALL       _Delay_5500us
;__Lib_Lcd.c,123 :: 		
0x0118	0x9883      	BCF         LCD_D4, BitPos(LCD_D4+0) 
;__Lib_Lcd.c,124 :: 		
0x011A	0x8483      	BSF         LCD_EN, BitPos(LCD_EN+0) 
;__Lib_Lcd.c,125 :: 		
0x011C	0xDF7F      	RCALL       _Delay_1us
;__Lib_Lcd.c,126 :: 		
0x011E	0x9483      	BCF         LCD_EN, BitPos(LCD_EN+0) 
;__Lib_Lcd.c,127 :: 		
0x0120	0xDF80      	RCALL       _Delay_5500us
;__Lib_Lcd.c,130 :: 		
0x0122	0x8483      	BSF         LCD_EN, BitPos(LCD_EN+0) 
;__Lib_Lcd.c,131 :: 		
0x0124	0xDF7B      	RCALL       _Delay_1us
;__Lib_Lcd.c,132 :: 		
0x0126	0x9483      	BCF         LCD_EN, BitPos(LCD_EN+0) 
;__Lib_Lcd.c,134 :: 		
0x0128	0x9A83      	BCF         LCD_D5, BitPos(LCD_D5+0) 
;__Lib_Lcd.c,135 :: 		
0x012A	0x8E83      	BSF         LCD_D7, BitPos(LCD_D7+0) 
;__Lib_Lcd.c,136 :: 		
0x012C	0x8483      	BSF         LCD_EN, BitPos(LCD_EN+0) 
;__Lib_Lcd.c,137 :: 		
0x012E	0xDF76      	RCALL       _Delay_1us
;__Lib_Lcd.c,138 :: 		
0x0130	0x9483      	BCF         LCD_EN, BitPos(LCD_EN+0) 
;__Lib_Lcd.c,139 :: 		
0x0132	0xDF77      	RCALL       _Delay_5500us
;__Lib_Lcd.c,142 :: 		
0x0134	0x9E83      	BCF         LCD_D7, BitPos(LCD_D7+0) 
;__Lib_Lcd.c,143 :: 		
0x0136	0x8883      	BSF         LCD_D4, BitPos(LCD_D4+0) 
;__Lib_Lcd.c,144 :: 		
0x0138	0x8483      	BSF         LCD_EN, BitPos(LCD_EN+0) 
;__Lib_Lcd.c,145 :: 		
0x013A	0xDF70      	RCALL       _Delay_1us
;__Lib_Lcd.c,146 :: 		
0x013C	0x9483      	BCF         LCD_EN, BitPos(LCD_EN+0) 
;__Lib_Lcd.c,148 :: 		
0x013E	0x9883      	BCF         LCD_D4, BitPos(LCD_D4+0) 
;__Lib_Lcd.c,149 :: 		
0x0140	0x8483      	BSF         LCD_EN, BitPos(LCD_EN+0) 
;__Lib_Lcd.c,150 :: 		
0x0142	0xDF6C      	RCALL       _Delay_1us
;__Lib_Lcd.c,151 :: 		
0x0144	0x9483      	BCF         LCD_EN, BitPos(LCD_EN+0) 
;__Lib_Lcd.c,152 :: 		
0x0146	0xDF6D      	RCALL       _Delay_5500us
;__Lib_Lcd.c,155 :: 		
0x0148	0x8483      	BSF         LCD_EN, BitPos(LCD_EN+0) 
;__Lib_Lcd.c,156 :: 		
0x014A	0xDF68      	RCALL       _Delay_1us
;__Lib_Lcd.c,157 :: 		
0x014C	0x9483      	BCF         LCD_EN, BitPos(LCD_EN+0) 
;__Lib_Lcd.c,159 :: 		
0x014E	0x8883      	BSF         LCD_D4, BitPos(LCD_D4+0) 
;__Lib_Lcd.c,160 :: 		
0x0150	0x8483      	BSF         LCD_EN, BitPos(LCD_EN+0) 
;__Lib_Lcd.c,161 :: 		
0x0152	0xDF64      	RCALL       _Delay_1us
;__Lib_Lcd.c,162 :: 		
0x0154	0x9483      	BCF         LCD_EN, BitPos(LCD_EN+0) 
;__Lib_Lcd.c,163 :: 		
0x0156	0xDF65      	RCALL       _Delay_5500us
;__Lib_Lcd.c,166 :: 		
0x0158	0x9883      	BCF         LCD_D4, BitPos(LCD_D4+0) 
;__Lib_Lcd.c,167 :: 		
0x015A	0x8483      	BSF         LCD_EN, BitPos(LCD_EN+0) 
;__Lib_Lcd.c,168 :: 		
0x015C	0xDF5F      	RCALL       _Delay_1us
;__Lib_Lcd.c,169 :: 		
0x015E	0x9483      	BCF         LCD_EN, BitPos(LCD_EN+0) 
;__Lib_Lcd.c,171 :: 		
0x0160	0x8E83      	BSF         LCD_D7, BitPos(LCD_D7+0) 
;__Lib_Lcd.c,172 :: 		
0x0162	0x8C83      	BSF         LCD_D6, BitPos(LCD_D6+0) 
;__Lib_Lcd.c,173 :: 		
0x0164	0x8A83      	BSF         LCD_D5, BitPos(LCD_D5+0) 
;__Lib_Lcd.c,174 :: 		
0x0166	0x8883      	BSF         LCD_D4, BitPos(LCD_D4+0) 
;__Lib_Lcd.c,175 :: 		
0x0168	0x8483      	BSF         LCD_EN, BitPos(LCD_EN+0) 
;__Lib_Lcd.c,176 :: 		
0x016A	0xDF58      	RCALL       _Delay_1us
;__Lib_Lcd.c,177 :: 		
0x016C	0x9483      	BCF         LCD_EN, BitPos(LCD_EN+0) 
;__Lib_Lcd.c,179 :: 		
0x016E	0xDF59      	RCALL       _Delay_5500us
;__Lib_Lcd.c,181 :: 		
0x0170	0x0100      	MOVLB       0
0x0172	0x81A5      	BSF         __Lib_Lcd_cmd_status, BitPos(__Lib_Lcd_cmd_status+0), 1
;__Lib_Lcd.c,182 :: 		
0x0174	0x0012      	RETURN      0
; end of _Lcd_Init
_Lcd_Out_CP:
;__Lib_Lcd.c,57 :: 		
;__Lib_Lcd.c,59 :: 		
0x0176	0x0100      	MOVLB       0
0x0178	0x6BA8      	CLRF        Lcd_Out_CP_i_L0, 1
;__Lib_Lcd.c,60 :: 		
L_Lcd_Out_CP2:
0x017A	0x51A8      	MOVF        Lcd_Out_CP_i_L0, 0, 1
0x017C	0x25A6      	ADDWF       FARG_Lcd_Out_CP_text, 0, 1
0x017E	0x6EE9      	MOVWF       FSR0L 
0x0180	0x0E00      	MOVLW       0
0x0182	0x21A7      	ADDWFC      FARG_Lcd_Out_CP_text+1, 0, 1
0x0184	0x6EEA      	MOVWF       FSR0H 
0x0186	0x52EE      	MOVF        POSTINC0, 1 
0x0188	0xE00B      	BZ          L_Lcd_Out_CP3
;__Lib_Lcd.c,61 :: 		
0x018A	0x51A8      	MOVF        Lcd_Out_CP_i_L0, 0, 1
0x018C	0x25A6      	ADDWF       FARG_Lcd_Out_CP_text, 0, 1
0x018E	0x6EE9      	MOVWF       FSR0L 
0x0190	0x0E00      	MOVLW       0
0x0192	0x21A7      	ADDWFC      FARG_Lcd_Out_CP_text+1, 0, 1
0x0194	0x6EEA      	MOVWF       FSR0H 
0x0196	0xF0A9CFEE  	MOVFF       POSTINC0, FARG_Lcd_Chr_CP_out_char
0x019A	0xDF92      	RCALL       _Lcd_Chr_CP
0x019C	0x2BA8      	INCF        Lcd_Out_CP_i_L0, 1, 1
;__Lib_Lcd.c,62 :: 		
0x019E	0xD7ED      	BRA         L_Lcd_Out_CP2
L_Lcd_Out_CP3:
;__Lib_Lcd.c,63 :: 		
0x01A0	0x0012      	RETURN      0
; end of _Lcd_Out_CP
_main:
0x01A2	0xF002EC96  	CALL        1324, 0
;Curso-PIC-MikroC_Pro_aula_45_Teclado.c,22 :: 		void main() {
;Curso-PIC-MikroC_Pro_aula_45_Teclado.c,23 :: 		Lcd_Init();
0x01A6	0xDF9B      	RCALL       _Lcd_Init
;Curso-PIC-MikroC_Pro_aula_45_Teclado.c,24 :: 		Lcd_Cmd(_LCD_CLEAR);
0x01A8	0x0E01      	MOVLW       1
0x01AA	0x6FAA      	MOVWF       FARG_Lcd_Cmd_out_char, 1
0x01AC	0xDF4A      	RCALL       _Lcd_Cmd
;Curso-PIC-MikroC_Pro_aula_45_Teclado.c,25 :: 		Lcd_Cmd(_LCD_CURSOR_OFF);
0x01AE	0x0E0C      	MOVLW       12
0x01B0	0x6FAA      	MOVWF       FARG_Lcd_Cmd_out_char, 1
0x01B2	0xDF47      	RCALL       _Lcd_Cmd
;Curso-PIC-MikroC_Pro_aula_45_Teclado.c,26 :: 		ADCON1 = 0xFF;
0x01B4	0x0EFF      	MOVLW       255
0x01B6	0x6EC1      	MOVWF       ADCON1 
;Curso-PIC-MikroC_Pro_aula_45_Teclado.c,27 :: 		TRISB = 0xF0;
0x01B8	0x0EF0      	MOVLW       240
0x01BA	0x6E93      	MOVWF       TRISB 
;Curso-PIC-MikroC_Pro_aula_45_Teclado.c,28 :: 		PORTB = 0xFF;
0x01BC	0x0EFF      	MOVLW       255
0x01BE	0x6E81      	MOVWF       PORTB 
;Curso-PIC-MikroC_Pro_aula_45_Teclado.c,29 :: 		TRISA = 0x00;
0x01C0	0x6A92      	CLRF        TRISA 
;Curso-PIC-MikroC_Pro_aula_45_Teclado.c,30 :: 		PORTA = 0x00;
0x01C2	0x6A80      	CLRF        PORTA 
;Curso-PIC-MikroC_Pro_aula_45_Teclado.c,32 :: 		while(1){
L_main0:
;Curso-PIC-MikroC_Pro_aula_45_Teclado.c,34 :: 		PORTB = 0b00000001;
0x01C4	0x0E01      	MOVLW       1
0x01C6	0x6E81      	MOVWF       PORTB 
;Curso-PIC-MikroC_Pro_aula_45_Teclado.c,35 :: 		if(PORTB.RB4 == 1){
0x01C8	0xA881      	BTFSS       PORTB, 4 
0x01CA	0xD014      	BRA         L_main2
;Curso-PIC-MikroC_Pro_aula_45_Teclado.c,36 :: 		Lcd_Cmd(_LCD_CLEAR);
0x01CC	0x0E01      	MOVLW       1
0x01CE	0x6FAA      	MOVWF       FARG_Lcd_Cmd_out_char, 1
0x01D0	0xDF38      	RCALL       _Lcd_Cmd
;Curso-PIC-MikroC_Pro_aula_45_Teclado.c,37 :: 		Lcd_Out_CP(" Tecla 1");
0x01D2	0x0E1E      	MOVLW       ?lstr1_Curso_45PIC_45MikroC_Pro_aula_45_Teclado
0x01D4	0x6FA6      	MOVWF       FARG_Lcd_Out_CP_text, 1
0x01D6	0x0E00      	MOVLW       hi_addr(?lstr1_Curso_45PIC_45MikroC_Pro_aula_45_Teclado)
0x01D8	0x6FA7      	MOVWF       FARG_Lcd_Out_CP_text+1, 1
0x01DA	0xDFCD      	RCALL       _Lcd_Out_CP
;Curso-PIC-MikroC_Pro_aula_45_Teclado.c,38 :: 		delay_ms(200);
0x01DC	0x0E03      	MOVLW       3
0x01DE	0x6E0B      	MOVWF       R11, 0
0x01E0	0x0E08      	MOVLW       8
0x01E2	0x6E0C      	MOVWF       R12, 0
0x01E4	0x0E77      	MOVLW       119
0x01E6	0x6E0D      	MOVWF       R13, 0
L_main3:
0x01E8	0x2E0D      	DECFSZ      R13, 1, 0
0x01EA	0xD7FE      	BRA         L_main3
0x01EC	0x2E0C      	DECFSZ      R12, 1, 0
0x01EE	0xD7FC      	BRA         L_main3
0x01F0	0x2E0B      	DECFSZ      R11, 1, 0
0x01F2	0xD7FA      	BRA         L_main3
;Curso-PIC-MikroC_Pro_aula_45_Teclado.c,39 :: 		}
L_main2:
;Curso-PIC-MikroC_Pro_aula_45_Teclado.c,40 :: 		if(PORTB.RB5 == 1){
0x01F4	0xAA81      	BTFSS       PORTB, 5 
0x01F6	0xD014      	BRA         L_main4
;Curso-PIC-MikroC_Pro_aula_45_Teclado.c,41 :: 		Lcd_Cmd(_LCD_CLEAR);
0x01F8	0x0E01      	MOVLW       1
0x01FA	0x6FAA      	MOVWF       FARG_Lcd_Cmd_out_char, 1
0x01FC	0xDF22      	RCALL       _Lcd_Cmd
;Curso-PIC-MikroC_Pro_aula_45_Teclado.c,42 :: 		Lcd_Out_CP(" Tecla 4");
0x01FE	0x0E15      	MOVLW       ?lstr2_Curso_45PIC_45MikroC_Pro_aula_45_Teclado
0x0200	0x6FA6      	MOVWF       FARG_Lcd_Out_CP_text, 1
0x0202	0x0E00      	MOVLW       hi_addr(?lstr2_Curso_45PIC_45MikroC_Pro_aula_45_Teclado)
0x0204	0x6FA7      	MOVWF       FARG_Lcd_Out_CP_text+1, 1
0x0206	0xDFB7      	RCALL       _Lcd_Out_CP
;Curso-PIC-MikroC_Pro_aula_45_Teclado.c,43 :: 		delay_ms(200);
0x0208	0x0E03      	MOVLW       3
0x020A	0x6E0B      	MOVWF       R11, 0
0x020C	0x0E08      	MOVLW       8
0x020E	0x6E0C      	MOVWF       R12, 0
0x0210	0x0E77      	MOVLW       119
0x0212	0x6E0D      	MOVWF       R13, 0
L_main5:
0x0214	0x2E0D      	DECFSZ      R13, 1, 0
0x0216	0xD7FE      	BRA         L_main5
0x0218	0x2E0C      	DECFSZ      R12, 1, 0
0x021A	0xD7FC      	BRA         L_main5
0x021C	0x2E0B      	DECFSZ      R11, 1, 0
0x021E	0xD7FA      	BRA         L_main5
;Curso-PIC-MikroC_Pro_aula_45_Teclado.c,44 :: 		}
L_main4:
;Curso-PIC-MikroC_Pro_aula_45_Teclado.c,45 :: 		if(PORTB.RB6 == 1){
0x0220	0xAC81      	BTFSS       PORTB, 6 
0x0222	0xD014      	BRA         L_main6
;Curso-PIC-MikroC_Pro_aula_45_Teclado.c,46 :: 		Lcd_Cmd(_LCD_CLEAR);
0x0224	0x0E01      	MOVLW       1
0x0226	0x6FAA      	MOVWF       FARG_Lcd_Cmd_out_char, 1
0x0228	0xDF0C      	RCALL       _Lcd_Cmd
;Curso-PIC-MikroC_Pro_aula_45_Teclado.c,47 :: 		Lcd_Out_CP(" Tecla 7");
0x022A	0x0E30      	MOVLW       ?lstr3_Curso_45PIC_45MikroC_Pro_aula_45_Teclado
0x022C	0x6FA6      	MOVWF       FARG_Lcd_Out_CP_text, 1
0x022E	0x0E00      	MOVLW       hi_addr(?lstr3_Curso_45PIC_45MikroC_Pro_aula_45_Teclado)
0x0230	0x6FA7      	MOVWF       FARG_Lcd_Out_CP_text+1, 1
0x0232	0xDFA1      	RCALL       _Lcd_Out_CP
;Curso-PIC-MikroC_Pro_aula_45_Teclado.c,48 :: 		delay_ms(200);
0x0234	0x0E03      	MOVLW       3
0x0236	0x6E0B      	MOVWF       R11, 0
0x0238	0x0E08      	MOVLW       8
0x023A	0x6E0C      	MOVWF       R12, 0
0x023C	0x0E77      	MOVLW       119
0x023E	0x6E0D      	MOVWF       R13, 0
L_main7:
0x0240	0x2E0D      	DECFSZ      R13, 1, 0
0x0242	0xD7FE      	BRA         L_main7
0x0244	0x2E0C      	DECFSZ      R12, 1, 0
0x0246	0xD7FC      	BRA         L_main7
0x0248	0x2E0B      	DECFSZ      R11, 1, 0
0x024A	0xD7FA      	BRA         L_main7
;Curso-PIC-MikroC_Pro_aula_45_Teclado.c,49 :: 		}
L_main6:
;Curso-PIC-MikroC_Pro_aula_45_Teclado.c,50 :: 		if(PORTB.RB7 == 1){
0x024C	0xAE81      	BTFSS       PORTB, 7 
0x024E	0xD015      	BRA         L_main8
;Curso-PIC-MikroC_Pro_aula_45_Teclado.c,51 :: 		PORTA.RA0 = 1;
0x0250	0x8080      	BSF         PORTA, 0 
;Curso-PIC-MikroC_Pro_aula_45_Teclado.c,52 :: 		Lcd_Cmd(_LCD_CLEAR);
0x0252	0x0E01      	MOVLW       1
0x0254	0x6FAA      	MOVWF       FARG_Lcd_Cmd_out_char, 1
0x0256	0xDEF5      	RCALL       _Lcd_Cmd
;Curso-PIC-MikroC_Pro_aula_45_Teclado.c,53 :: 		Lcd_Out_CP(" Tecla *");
0x0258	0x0E27      	MOVLW       ?lstr4_Curso_45PIC_45MikroC_Pro_aula_45_Teclado
0x025A	0x6FA6      	MOVWF       FARG_Lcd_Out_CP_text, 1
0x025C	0x0E00      	MOVLW       hi_addr(?lstr4_Curso_45PIC_45MikroC_Pro_aula_45_Teclado)
0x025E	0x6FA7      	MOVWF       FARG_Lcd_Out_CP_text+1, 1
0x0260	0xDF8A      	RCALL       _Lcd_Out_CP
;Curso-PIC-MikroC_Pro_aula_45_Teclado.c,54 :: 		delay_ms(200);
0x0262	0x0E03      	MOVLW       3
0x0264	0x6E0B      	MOVWF       R11, 0
0x0266	0x0E08      	MOVLW       8
0x0268	0x6E0C      	MOVWF       R12, 0
0x026A	0x0E77      	MOVLW       119
0x026C	0x6E0D      	MOVWF       R13, 0
L_main9:
0x026E	0x2E0D      	DECFSZ      R13, 1, 0
0x0270	0xD7FE      	BRA         L_main9
0x0272	0x2E0C      	DECFSZ      R12, 1, 0
0x0274	0xD7FC      	BRA         L_main9
0x0276	0x2E0B      	DECFSZ      R11, 1, 0
0x0278	0xD7FA      	BRA         L_main9
;Curso-PIC-MikroC_Pro_aula_45_Teclado.c,55 :: 		}
L_main8:
;Curso-PIC-MikroC_Pro_aula_45_Teclado.c,58 :: 		PORTB = 0b00000010;
0x027A	0x0E02      	MOVLW       2
0x027C	0x6E81      	MOVWF       PORTB 
;Curso-PIC-MikroC_Pro_aula_45_Teclado.c,59 :: 		if(PORTB.RB4 == 1){
0x027E	0xA881      	BTFSS       PORTB, 4 
0x0280	0xD014      	BRA         L_main10
;Curso-PIC-MikroC_Pro_aula_45_Teclado.c,60 :: 		Lcd_Cmd(_LCD_CLEAR);
0x0282	0x0E01      	MOVLW       1
0x0284	0x6FAA      	MOVWF       FARG_Lcd_Cmd_out_char, 1
0x0286	0xDEDD      	RCALL       _Lcd_Cmd
;Curso-PIC-MikroC_Pro_aula_45_Teclado.c,61 :: 		Lcd_Out_CP(" Tecla 2");
0x0288	0x0E54      	MOVLW       ?lstr5_Curso_45PIC_45MikroC_Pro_aula_45_Teclado
0x028A	0x6FA6      	MOVWF       FARG_Lcd_Out_CP_text, 1
0x028C	0x0E00      	MOVLW       hi_addr(?lstr5_Curso_45PIC_45MikroC_Pro_aula_45_Teclado)
0x028E	0x6FA7      	MOVWF       FARG_Lcd_Out_CP_text+1, 1
0x0290	0xDF72      	RCALL       _Lcd_Out_CP
;Curso-PIC-MikroC_Pro_aula_45_Teclado.c,62 :: 		delay_ms(200);
0x0292	0x0E03      	MOVLW       3
0x0294	0x6E0B      	MOVWF       R11, 0
0x0296	0x0E08      	MOVLW       8
0x0298	0x6E0C      	MOVWF       R12, 0
0x029A	0x0E77      	MOVLW       119
0x029C	0x6E0D      	MOVWF       R13, 0
L_main11:
0x029E	0x2E0D      	DECFSZ      R13, 1, 0
0x02A0	0xD7FE      	BRA         L_main11
0x02A2	0x2E0C      	DECFSZ      R12, 1, 0
0x02A4	0xD7FC      	BRA         L_main11
0x02A6	0x2E0B      	DECFSZ      R11, 1, 0
0x02A8	0xD7FA      	BRA         L_main11
;Curso-PIC-MikroC_Pro_aula_45_Teclado.c,63 :: 		}
L_main10:
;Curso-PIC-MikroC_Pro_aula_45_Teclado.c,64 :: 		if(PORTB.RB5 == 1){
0x02AA	0xAA81      	BTFSS       PORTB, 5 
0x02AC	0xD014      	BRA         L_main12
;Curso-PIC-MikroC_Pro_aula_45_Teclado.c,65 :: 		Lcd_Cmd(_LCD_CLEAR);
0x02AE	0x0E01      	MOVLW       1
0x02B0	0x6FAA      	MOVWF       FARG_Lcd_Cmd_out_char, 1
0x02B2	0xDEC7      	RCALL       _Lcd_Cmd
;Curso-PIC-MikroC_Pro_aula_45_Teclado.c,66 :: 		Lcd_Out_CP(" Tecla 5");
0x02B4	0x0E8A      	MOVLW       ?lstr6_Curso_45PIC_45MikroC_Pro_aula_45_Teclado
0x02B6	0x6FA6      	MOVWF       FARG_Lcd_Out_CP_text, 1
0x02B8	0x0E00      	MOVLW       hi_addr(?lstr6_Curso_45PIC_45MikroC_Pro_aula_45_Teclado)
0x02BA	0x6FA7      	MOVWF       FARG_Lcd_Out_CP_text+1, 1
0x02BC	0xDF5C      	RCALL       _Lcd_Out_CP
;Curso-PIC-MikroC_Pro_aula_45_Teclado.c,67 :: 		delay_ms(200);
0x02BE	0x0E03      	MOVLW       3
0x02C0	0x6E0B      	MOVWF       R11, 0
0x02C2	0x0E08      	MOVLW       8
0x02C4	0x6E0C      	MOVWF       R12, 0
0x02C6	0x0E77      	MOVLW       119
0x02C8	0x6E0D      	MOVWF       R13, 0
L_main13:
0x02CA	0x2E0D      	DECFSZ      R13, 1, 0
0x02CC	0xD7FE      	BRA         L_main13
0x02CE	0x2E0C      	DECFSZ      R12, 1, 0
0x02D0	0xD7FC      	BRA         L_main13
0x02D2	0x2E0B      	DECFSZ      R11, 1, 0
0x02D4	0xD7FA      	BRA         L_main13
;Curso-PIC-MikroC_Pro_aula_45_Teclado.c,68 :: 		}
L_main12:
;Curso-PIC-MikroC_Pro_aula_45_Teclado.c,69 :: 		if(PORTB.RB6 == 1){
0x02D6	0xAC81      	BTFSS       PORTB, 6 
0x02D8	0xD014      	BRA         L_main14
;Curso-PIC-MikroC_Pro_aula_45_Teclado.c,70 :: 		Lcd_Cmd(_LCD_CLEAR);
0x02DA	0x0E01      	MOVLW       1
0x02DC	0x6FAA      	MOVWF       FARG_Lcd_Cmd_out_char, 1
0x02DE	0xDEB1      	RCALL       _Lcd_Cmd
;Curso-PIC-MikroC_Pro_aula_45_Teclado.c,71 :: 		Lcd_Out_CP(" Tecla 8");
0x02E0	0x0E81      	MOVLW       ?lstr7_Curso_45PIC_45MikroC_Pro_aula_45_Teclado
0x02E2	0x6FA6      	MOVWF       FARG_Lcd_Out_CP_text, 1
0x02E4	0x0E00      	MOVLW       hi_addr(?lstr7_Curso_45PIC_45MikroC_Pro_aula_45_Teclado)
0x02E6	0x6FA7      	MOVWF       FARG_Lcd_Out_CP_text+1, 1
0x02E8	0xDF46      	RCALL       _Lcd_Out_CP
;Curso-PIC-MikroC_Pro_aula_45_Teclado.c,72 :: 		delay_ms(200);
0x02EA	0x0E03      	MOVLW       3
0x02EC	0x6E0B      	MOVWF       R11, 0
0x02EE	0x0E08      	MOVLW       8
0x02F0	0x6E0C      	MOVWF       R12, 0
0x02F2	0x0E77      	MOVLW       119
0x02F4	0x6E0D      	MOVWF       R13, 0
L_main15:
0x02F6	0x2E0D      	DECFSZ      R13, 1, 0
0x02F8	0xD7FE      	BRA         L_main15
0x02FA	0x2E0C      	DECFSZ      R12, 1, 0
0x02FC	0xD7FC      	BRA         L_main15
0x02FE	0x2E0B      	DECFSZ      R11, 1, 0
0x0300	0xD7FA      	BRA         L_main15
;Curso-PIC-MikroC_Pro_aula_45_Teclado.c,73 :: 		}
L_main14:
;Curso-PIC-MikroC_Pro_aula_45_Teclado.c,74 :: 		if(PORTB.RB7 == 1){
0x0302	0xAE81      	BTFSS       PORTB, 7 
0x0304	0xD014      	BRA         L_main16
;Curso-PIC-MikroC_Pro_aula_45_Teclado.c,75 :: 		Lcd_Cmd(_LCD_CLEAR);
0x0306	0x0E01      	MOVLW       1
0x0308	0x6FAA      	MOVWF       FARG_Lcd_Cmd_out_char, 1
0x030A	0xDE9B      	RCALL       _Lcd_Cmd
;Curso-PIC-MikroC_Pro_aula_45_Teclado.c,76 :: 		Lcd_Out_CP(" Tecla 0");
0x030C	0x0E9C      	MOVLW       ?lstr8_Curso_45PIC_45MikroC_Pro_aula_45_Teclado
0x030E	0x6FA6      	MOVWF       FARG_Lcd_Out_CP_text, 1
0x0310	0x0E00      	MOVLW       hi_addr(?lstr8_Curso_45PIC_45MikroC_Pro_aula_45_Teclado)
0x0312	0x6FA7      	MOVWF       FARG_Lcd_Out_CP_text+1, 1
0x0314	0xDF30      	RCALL       _Lcd_Out_CP
;Curso-PIC-MikroC_Pro_aula_45_Teclado.c,77 :: 		delay_ms(200);
0x0316	0x0E03      	MOVLW       3
0x0318	0x6E0B      	MOVWF       R11, 0
0x031A	0x0E08      	MOVLW       8
0x031C	0x6E0C      	MOVWF       R12, 0
0x031E	0x0E77      	MOVLW       119
0x0320	0x6E0D      	MOVWF       R13, 0
L_main17:
0x0322	0x2E0D      	DECFSZ      R13, 1, 0
0x0324	0xD7FE      	BRA         L_main17
0x0326	0x2E0C      	DECFSZ      R12, 1, 0
0x0328	0xD7FC      	BRA         L_main17
0x032A	0x2E0B      	DECFSZ      R11, 1, 0
0x032C	0xD7FA      	BRA         L_main17
;Curso-PIC-MikroC_Pro_aula_45_Teclado.c,78 :: 		}
L_main16:
;Curso-PIC-MikroC_Pro_aula_45_Teclado.c,81 :: 		PORTB = 0b00000100;
0x032E	0x0E04      	MOVLW       4
0x0330	0x6E81      	MOVWF       PORTB 
;Curso-PIC-MikroC_Pro_aula_45_Teclado.c,82 :: 		if(PORTB.RB4 == 1){
0x0332	0xA881      	BTFSS       PORTB, 4 
0x0334	0xD014      	BRA         L_main18
;Curso-PIC-MikroC_Pro_aula_45_Teclado.c,83 :: 		Lcd_Cmd(_LCD_CLEAR);
0x0336	0x0E01      	MOVLW       1
0x0338	0x6FAA      	MOVWF       FARG_Lcd_Cmd_out_char, 1
0x033A	0xDE83      	RCALL       _Lcd_Cmd
;Curso-PIC-MikroC_Pro_aula_45_Teclado.c,84 :: 		Lcd_Out_CP(" Tecla 3");
0x033C	0x0E93      	MOVLW       ?lstr9_Curso_45PIC_45MikroC_Pro_aula_45_Teclado
0x033E	0x6FA6      	MOVWF       FARG_Lcd_Out_CP_text, 1
0x0340	0x0E00      	MOVLW       hi_addr(?lstr9_Curso_45PIC_45MikroC_Pro_aula_45_Teclado)
0x0342	0x6FA7      	MOVWF       FARG_Lcd_Out_CP_text+1, 1
0x0344	0xDF18      	RCALL       _Lcd_Out_CP
;Curso-PIC-MikroC_Pro_aula_45_Teclado.c,85 :: 		delay_ms(200);
0x0346	0x0E03      	MOVLW       3
0x0348	0x6E0B      	MOVWF       R11, 0
0x034A	0x0E08      	MOVLW       8
0x034C	0x6E0C      	MOVWF       R12, 0
0x034E	0x0E77      	MOVLW       119
0x0350	0x6E0D      	MOVWF       R13, 0
L_main19:
0x0352	0x2E0D      	DECFSZ      R13, 1, 0
0x0354	0xD7FE      	BRA         L_main19
0x0356	0x2E0C      	DECFSZ      R12, 1, 0
0x0358	0xD7FC      	BRA         L_main19
0x035A	0x2E0B      	DECFSZ      R11, 1, 0
0x035C	0xD7FA      	BRA         L_main19
;Curso-PIC-MikroC_Pro_aula_45_Teclado.c,86 :: 		}
L_main18:
;Curso-PIC-MikroC_Pro_aula_45_Teclado.c,87 :: 		if(PORTB.RB5 == 1){
0x035E	0xAA81      	BTFSS       PORTB, 5 
0x0360	0xD014      	BRA         L_main20
;Curso-PIC-MikroC_Pro_aula_45_Teclado.c,88 :: 		Lcd_Cmd(_LCD_CLEAR);
0x0362	0x0E01      	MOVLW       1
0x0364	0x6FAA      	MOVWF       FARG_Lcd_Cmd_out_char, 1
0x0366	0xDE6D      	RCALL       _Lcd_Cmd
;Curso-PIC-MikroC_Pro_aula_45_Teclado.c,89 :: 		Lcd_Out_CP(" Tecla 6");
0x0368	0x0E66      	MOVLW       ?lstr10_Curso_45PIC_45MikroC_Pro_aula_45_Teclado
0x036A	0x6FA6      	MOVWF       FARG_Lcd_Out_CP_text, 1
0x036C	0x0E00      	MOVLW       hi_addr(?lstr10_Curso_45PIC_45MikroC_Pro_aula_45_Teclado)
0x036E	0x6FA7      	MOVWF       FARG_Lcd_Out_CP_text+1, 1
0x0370	0xDF02      	RCALL       _Lcd_Out_CP
;Curso-PIC-MikroC_Pro_aula_45_Teclado.c,90 :: 		delay_ms(200);
0x0372	0x0E03      	MOVLW       3
0x0374	0x6E0B      	MOVWF       R11, 0
0x0376	0x0E08      	MOVLW       8
0x0378	0x6E0C      	MOVWF       R12, 0
0x037A	0x0E77      	MOVLW       119
0x037C	0x6E0D      	MOVWF       R13, 0
L_main21:
0x037E	0x2E0D      	DECFSZ      R13, 1, 0
0x0380	0xD7FE      	BRA         L_main21
0x0382	0x2E0C      	DECFSZ      R12, 1, 0
0x0384	0xD7FC      	BRA         L_main21
0x0386	0x2E0B      	DECFSZ      R11, 1, 0
0x0388	0xD7FA      	BRA         L_main21
;Curso-PIC-MikroC_Pro_aula_45_Teclado.c,91 :: 		}
L_main20:
;Curso-PIC-MikroC_Pro_aula_45_Teclado.c,92 :: 		if(PORTB.RB6 == 1){
0x038A	0xAC81      	BTFSS       PORTB, 6 
0x038C	0xD014      	BRA         L_main22
;Curso-PIC-MikroC_Pro_aula_45_Teclado.c,93 :: 		Lcd_Cmd(_LCD_CLEAR);
0x038E	0x0E01      	MOVLW       1
0x0390	0x6FAA      	MOVWF       FARG_Lcd_Cmd_out_char, 1
0x0392	0xDE57      	RCALL       _Lcd_Cmd
;Curso-PIC-MikroC_Pro_aula_45_Teclado.c,94 :: 		Lcd_Out_CP(" Tecla 9");
0x0394	0x0E5D      	MOVLW       ?lstr11_Curso_45PIC_45MikroC_Pro_aula_45_Teclado
0x0396	0x6FA6      	MOVWF       FARG_Lcd_Out_CP_text, 1
0x0398	0x0E00      	MOVLW       hi_addr(?lstr11_Curso_45PIC_45MikroC_Pro_aula_45_Teclado)
0x039A	0x6FA7      	MOVWF       FARG_Lcd_Out_CP_text+1, 1
0x039C	0xDEEC      	RCALL       _Lcd_Out_CP
;Curso-PIC-MikroC_Pro_aula_45_Teclado.c,95 :: 		delay_ms(200);
0x039E	0x0E03      	MOVLW       3
0x03A0	0x6E0B      	MOVWF       R11, 0
0x03A2	0x0E08      	MOVLW       8
0x03A4	0x6E0C      	MOVWF       R12, 0
0x03A6	0x0E77      	MOVLW       119
0x03A8	0x6E0D      	MOVWF       R13, 0
L_main23:
0x03AA	0x2E0D      	DECFSZ      R13, 1, 0
0x03AC	0xD7FE      	BRA         L_main23
0x03AE	0x2E0C      	DECFSZ      R12, 1, 0
0x03B0	0xD7FC      	BRA         L_main23
0x03B2	0x2E0B      	DECFSZ      R11, 1, 0
0x03B4	0xD7FA      	BRA         L_main23
;Curso-PIC-MikroC_Pro_aula_45_Teclado.c,96 :: 		}
L_main22:
;Curso-PIC-MikroC_Pro_aula_45_Teclado.c,97 :: 		if(PORTB.RB7 == 1){
0x03B6	0xAE81      	BTFSS       PORTB, 7 
0x03B8	0xD015      	BRA         L_main24
;Curso-PIC-MikroC_Pro_aula_45_Teclado.c,98 :: 		PORTA.RA0 = 0;
0x03BA	0x9080      	BCF         PORTA, 0 
;Curso-PIC-MikroC_Pro_aula_45_Teclado.c,99 :: 		Lcd_Cmd(_LCD_CLEAR);
0x03BC	0x0E01      	MOVLW       1
0x03BE	0x6FAA      	MOVWF       FARG_Lcd_Cmd_out_char, 1
0x03C0	0xDE40      	RCALL       _Lcd_Cmd
;Curso-PIC-MikroC_Pro_aula_45_Teclado.c,100 :: 		Lcd_Out_CP(" Tecla #");
0x03C2	0x0E78      	MOVLW       ?lstr12_Curso_45PIC_45MikroC_Pro_aula_45_Teclado
0x03C4	0x6FA6      	MOVWF       FARG_Lcd_Out_CP_text, 1
0x03C6	0x0E00      	MOVLW       hi_addr(?lstr12_Curso_45PIC_45MikroC_Pro_aula_45_Teclado)
0x03C8	0x6FA7      	MOVWF       FARG_Lcd_Out_CP_text+1, 1
0x03CA	0xDED5      	RCALL       _Lcd_Out_CP
;Curso-PIC-MikroC_Pro_aula_45_Teclado.c,101 :: 		delay_ms(200);
0x03CC	0x0E03      	MOVLW       3
0x03CE	0x6E0B      	MOVWF       R11, 0
0x03D0	0x0E08      	MOVLW       8
0x03D2	0x6E0C      	MOVWF       R12, 0
0x03D4	0x0E77      	MOVLW       119
0x03D6	0x6E0D      	MOVWF       R13, 0
L_main25:
0x03D8	0x2E0D      	DECFSZ      R13, 1, 0
0x03DA	0xD7FE      	BRA         L_main25
0x03DC	0x2E0C      	DECFSZ      R12, 1, 0
0x03DE	0xD7FC      	BRA         L_main25
0x03E0	0x2E0B      	DECFSZ      R11, 1, 0
0x03E2	0xD7FA      	BRA         L_main25
;Curso-PIC-MikroC_Pro_aula_45_Teclado.c,102 :: 		}
L_main24:
;Curso-PIC-MikroC_Pro_aula_45_Teclado.c,104 :: 		PORTB = 0b00001000;
0x03E4	0x0E08      	MOVLW       8
0x03E6	0x6E81      	MOVWF       PORTB 
;Curso-PIC-MikroC_Pro_aula_45_Teclado.c,105 :: 		if(PORTB.RB4 == 1){
0x03E8	0xA881      	BTFSS       PORTB, 4 
0x03EA	0xD014      	BRA         L_main26
;Curso-PIC-MikroC_Pro_aula_45_Teclado.c,106 :: 		Lcd_Cmd(_LCD_CLEAR);
0x03EC	0x0E01      	MOVLW       1
0x03EE	0x6FAA      	MOVWF       FARG_Lcd_Cmd_out_char, 1
0x03F0	0xDE28      	RCALL       _Lcd_Cmd
;Curso-PIC-MikroC_Pro_aula_45_Teclado.c,107 :: 		Lcd_Out_CP(" Tecla A");
0x03F2	0x0E6F      	MOVLW       ?lstr13_Curso_45PIC_45MikroC_Pro_aula_45_Teclado
0x03F4	0x6FA6      	MOVWF       FARG_Lcd_Out_CP_text, 1
0x03F6	0x0E00      	MOVLW       hi_addr(?lstr13_Curso_45PIC_45MikroC_Pro_aula_45_Teclado)
0x03F8	0x6FA7      	MOVWF       FARG_Lcd_Out_CP_text+1, 1
0x03FA	0xDEBD      	RCALL       _Lcd_Out_CP
;Curso-PIC-MikroC_Pro_aula_45_Teclado.c,108 :: 		delay_ms(200);
0x03FC	0x0E03      	MOVLW       3
0x03FE	0x6E0B      	MOVWF       R11, 0
0x0400	0x0E08      	MOVLW       8
0x0402	0x6E0C      	MOVWF       R12, 0
0x0404	0x0E77      	MOVLW       119
0x0406	0x6E0D      	MOVWF       R13, 0
L_main27:
0x0408	0x2E0D      	DECFSZ      R13, 1, 0
0x040A	0xD7FE      	BRA         L_main27
0x040C	0x2E0C      	DECFSZ      R12, 1, 0
0x040E	0xD7FC      	BRA         L_main27
0x0410	0x2E0B      	DECFSZ      R11, 1, 0
0x0412	0xD7FA      	BRA         L_main27
;Curso-PIC-MikroC_Pro_aula_45_Teclado.c,109 :: 		}
L_main26:
;Curso-PIC-MikroC_Pro_aula_45_Teclado.c,110 :: 		if(PORTB.RB5 == 1){
0x0414	0xAA81      	BTFSS       PORTB, 5 
0x0416	0xD014      	BRA         L_main28
;Curso-PIC-MikroC_Pro_aula_45_Teclado.c,111 :: 		Lcd_Cmd(_LCD_CLEAR);
0x0418	0x0E01      	MOVLW       1
0x041A	0x6FAA      	MOVWF       FARG_Lcd_Cmd_out_char, 1
0x041C	0xDE12      	RCALL       _Lcd_Cmd
;Curso-PIC-MikroC_Pro_aula_45_Teclado.c,112 :: 		Lcd_Out_CP(" Tecla B");
0x041E	0x0E42      	MOVLW       ?lstr14_Curso_45PIC_45MikroC_Pro_aula_45_Teclado
0x0420	0x6FA6      	MOVWF       FARG_Lcd_Out_CP_text, 1
0x0422	0x0E00      	MOVLW       hi_addr(?lstr14_Curso_45PIC_45MikroC_Pro_aula_45_Teclado)
0x0424	0x6FA7      	MOVWF       FARG_Lcd_Out_CP_text+1, 1
0x0426	0xDEA7      	RCALL       _Lcd_Out_CP
;Curso-PIC-MikroC_Pro_aula_45_Teclado.c,113 :: 		delay_ms(200);
0x0428	0x0E03      	MOVLW       3
0x042A	0x6E0B      	MOVWF       R11, 0
0x042C	0x0E08      	MOVLW       8
0x042E	0x6E0C      	MOVWF       R12, 0
0x0430	0x0E77      	MOVLW       119
0x0432	0x6E0D      	MOVWF       R13, 0
L_main29:
0x0434	0x2E0D      	DECFSZ      R13, 1, 0
0x0436	0xD7FE      	BRA         L_main29
0x0438	0x2E0C      	DECFSZ      R12, 1, 0
0x043A	0xD7FC      	BRA         L_main29
0x043C	0x2E0B      	DECFSZ      R11, 1, 0
0x043E	0xD7FA      	BRA         L_main29
;Curso-PIC-MikroC_Pro_aula_45_Teclado.c,114 :: 		}
L_main28:
;Curso-PIC-MikroC_Pro_aula_45_Teclado.c,115 :: 		if(PORTB.RB6 == 1){
0x0440	0xAC81      	BTFSS       PORTB, 6 
0x0442	0xD014      	BRA         L_main30
;Curso-PIC-MikroC_Pro_aula_45_Teclado.c,116 :: 		Lcd_Cmd(_LCD_CLEAR);
0x0444	0x0E01      	MOVLW       1
0x0446	0x6FAA      	MOVWF       FARG_Lcd_Cmd_out_char, 1
0x0448	0xDDFC      	RCALL       _Lcd_Cmd
;Curso-PIC-MikroC_Pro_aula_45_Teclado.c,117 :: 		Lcd_Out_CP(" Tecla C");
0x044A	0x0E4B      	MOVLW       ?lstr15_Curso_45PIC_45MikroC_Pro_aula_45_Teclado
0x044C	0x6FA6      	MOVWF       FARG_Lcd_Out_CP_text, 1
0x044E	0x0E00      	MOVLW       hi_addr(?lstr15_Curso_45PIC_45MikroC_Pro_aula_45_Teclado)
0x0450	0x6FA7      	MOVWF       FARG_Lcd_Out_CP_text+1, 1
0x0452	0xDE91      	RCALL       _Lcd_Out_CP
;Curso-PIC-MikroC_Pro_aula_45_Teclado.c,118 :: 		delay_ms(200);
0x0454	0x0E03      	MOVLW       3
0x0456	0x6E0B      	MOVWF       R11, 0
0x0458	0x0E08      	MOVLW       8
0x045A	0x6E0C      	MOVWF       R12, 0
0x045C	0x0E77      	MOVLW       119
0x045E	0x6E0D      	MOVWF       R13, 0
L_main31:
0x0460	0x2E0D      	DECFSZ      R13, 1, 0
0x0462	0xD7FE      	BRA         L_main31
0x0464	0x2E0C      	DECFSZ      R12, 1, 0
0x0466	0xD7FC      	BRA         L_main31
0x0468	0x2E0B      	DECFSZ      R11, 1, 0
0x046A	0xD7FA      	BRA         L_main31
;Curso-PIC-MikroC_Pro_aula_45_Teclado.c,119 :: 		}
L_main30:
;Curso-PIC-MikroC_Pro_aula_45_Teclado.c,120 :: 		if(PORTB.RB7 == 1){
0x046C	0xAE81      	BTFSS       PORTB, 7 
0x046E	0xD014      	BRA         L_main32
;Curso-PIC-MikroC_Pro_aula_45_Teclado.c,121 :: 		Lcd_Cmd(_LCD_CLEAR);
0x0470	0x0E01      	MOVLW       1
0x0472	0x6FAA      	MOVWF       FARG_Lcd_Cmd_out_char, 1
0x0474	0xDDE6      	RCALL       _Lcd_Cmd
;Curso-PIC-MikroC_Pro_aula_45_Teclado.c,122 :: 		Lcd_Out_CP(" Tecla D");
0x0476	0x0E39      	MOVLW       ?lstr16_Curso_45PIC_45MikroC_Pro_aula_45_Teclado
0x0478	0x6FA6      	MOVWF       FARG_Lcd_Out_CP_text, 1
0x047A	0x0E00      	MOVLW       hi_addr(?lstr16_Curso_45PIC_45MikroC_Pro_aula_45_Teclado)
0x047C	0x6FA7      	MOVWF       FARG_Lcd_Out_CP_text+1, 1
0x047E	0xDE7B      	RCALL       _Lcd_Out_CP
;Curso-PIC-MikroC_Pro_aula_45_Teclado.c,123 :: 		delay_ms(200);
0x0480	0x0E03      	MOVLW       3
0x0482	0x6E0B      	MOVWF       R11, 0
0x0484	0x0E08      	MOVLW       8
0x0486	0x6E0C      	MOVWF       R12, 0
0x0488	0x0E77      	MOVLW       119
0x048A	0x6E0D      	MOVWF       R13, 0
L_main33:
0x048C	0x2E0D      	DECFSZ      R13, 1, 0
0x048E	0xD7FE      	BRA         L_main33
0x0490	0x2E0C      	DECFSZ      R12, 1, 0
0x0492	0xD7FC      	BRA         L_main33
0x0494	0x2E0B      	DECFSZ      R11, 1, 0
0x0496	0xD7FA      	BRA         L_main33
;Curso-PIC-MikroC_Pro_aula_45_Teclado.c,124 :: 		}
L_main32:
;Curso-PIC-MikroC_Pro_aula_45_Teclado.c,127 :: 		}
0x0498	0xD695      	BRA         L_main0
;Curso-PIC-MikroC_Pro_aula_45_Teclado.c,129 :: 		}
0x049A	0xD7FF      	BRA         $+0
; end of _main
0x052C	0xF015EE10  	LFSR        1, 21
0x0530	0x0E90      	MOVLW       144
0x0532	0x6E00      	MOVWF       R0 
0x0534	0x0E01      	MOVLW       1
0x0536	0x6E01      	MOVWF       R1 
0x0538	0x0E9C      	MOVLW       156
0x053A	0x6EF6      	MOVWF       4086 
0x053C	0x0E04      	MOVLW       4
0x053E	0x6EF7      	MOVWF       TBLPTRH 
0x0540	0x0E00      	MOVLW       0
0x0542	0x6EF8      	MOVWF       TBLPTRU 
0x0544	0xF000EC67  	CALL        206, 0
0x0548	0x0012      	RETURN      0
;Curso-PIC-MikroC_Pro_aula_45_Teclado.c,0 :: ?ICS?lstr2_Curso_45PIC_45MikroC_Pro_aula_45_Teclado
0x049C	0x5420 ;?ICS?lstr2_Curso_45PIC_45MikroC_Pro_aula_45_Teclado+0
0x049E	0x6365 ;?ICS?lstr2_Curso_45PIC_45MikroC_Pro_aula_45_Teclado+2
0x04A0	0x616C ;?ICS?lstr2_Curso_45PIC_45MikroC_Pro_aula_45_Teclado+4
0x04A2	0x3420 ;?ICS?lstr2_Curso_45PIC_45MikroC_Pro_aula_45_Teclado+6
0x04A4	0x00 ;?ICS?lstr2_Curso_45PIC_45MikroC_Pro_aula_45_Teclado+8
; end of ?ICS?lstr2_Curso_45PIC_45MikroC_Pro_aula_45_Teclado
;Curso-PIC-MikroC_Pro_aula_45_Teclado.c,0 :: ?ICS?lstr1_Curso_45PIC_45MikroC_Pro_aula_45_Teclado
0x04A5	0x5420 ;?ICS?lstr1_Curso_45PIC_45MikroC_Pro_aula_45_Teclado+0
0x04A7	0x6365 ;?ICS?lstr1_Curso_45PIC_45MikroC_Pro_aula_45_Teclado+2
0x04A9	0x616C ;?ICS?lstr1_Curso_45PIC_45MikroC_Pro_aula_45_Teclado+4
0x04AB	0x3120 ;?ICS?lstr1_Curso_45PIC_45MikroC_Pro_aula_45_Teclado+6
0x04AD	0x00 ;?ICS?lstr1_Curso_45PIC_45MikroC_Pro_aula_45_Teclado+8
; end of ?ICS?lstr1_Curso_45PIC_45MikroC_Pro_aula_45_Teclado
;Curso-PIC-MikroC_Pro_aula_45_Teclado.c,0 :: ?ICS?lstr4_Curso_45PIC_45MikroC_Pro_aula_45_Teclado
0x04AE	0x5420 ;?ICS?lstr4_Curso_45PIC_45MikroC_Pro_aula_45_Teclado+0
0x04B0	0x6365 ;?ICS?lstr4_Curso_45PIC_45MikroC_Pro_aula_45_Teclado+2
0x04B2	0x616C ;?ICS?lstr4_Curso_45PIC_45MikroC_Pro_aula_45_Teclado+4
0x04B4	0x2A20 ;?ICS?lstr4_Curso_45PIC_45MikroC_Pro_aula_45_Teclado+6
0x04B6	0x00 ;?ICS?lstr4_Curso_45PIC_45MikroC_Pro_aula_45_Teclado+8
; end of ?ICS?lstr4_Curso_45PIC_45MikroC_Pro_aula_45_Teclado
;Curso-PIC-MikroC_Pro_aula_45_Teclado.c,0 :: ?ICS?lstr3_Curso_45PIC_45MikroC_Pro_aula_45_Teclado
0x04B7	0x5420 ;?ICS?lstr3_Curso_45PIC_45MikroC_Pro_aula_45_Teclado+0
0x04B9	0x6365 ;?ICS?lstr3_Curso_45PIC_45MikroC_Pro_aula_45_Teclado+2
0x04BB	0x616C ;?ICS?lstr3_Curso_45PIC_45MikroC_Pro_aula_45_Teclado+4
0x04BD	0x3720 ;?ICS?lstr3_Curso_45PIC_45MikroC_Pro_aula_45_Teclado+6
0x04BF	0x00 ;?ICS?lstr3_Curso_45PIC_45MikroC_Pro_aula_45_Teclado+8
; end of ?ICS?lstr3_Curso_45PIC_45MikroC_Pro_aula_45_Teclado
;Curso-PIC-MikroC_Pro_aula_45_Teclado.c,0 :: ?ICS?lstr16_Curso_45PIC_45MikroC_Pro_aula_45_Teclado
0x04C0	0x5420 ;?ICS?lstr16_Curso_45PIC_45MikroC_Pro_aula_45_Teclado+0
0x04C2	0x6365 ;?ICS?lstr16_Curso_45PIC_45MikroC_Pro_aula_45_Teclado+2
0x04C4	0x616C ;?ICS?lstr16_Curso_45PIC_45MikroC_Pro_aula_45_Teclado+4
0x04C6	0x4420 ;?ICS?lstr16_Curso_45PIC_45MikroC_Pro_aula_45_Teclado+6
0x04C8	0x00 ;?ICS?lstr16_Curso_45PIC_45MikroC_Pro_aula_45_Teclado+8
; end of ?ICS?lstr16_Curso_45PIC_45MikroC_Pro_aula_45_Teclado
;Curso-PIC-MikroC_Pro_aula_45_Teclado.c,0 :: ?ICS?lstr14_Curso_45PIC_45MikroC_Pro_aula_45_Teclado
0x04C9	0x5420 ;?ICS?lstr14_Curso_45PIC_45MikroC_Pro_aula_45_Teclado+0
0x04CB	0x6365 ;?ICS?lstr14_Curso_45PIC_45MikroC_Pro_aula_45_Teclado+2
0x04CD	0x616C ;?ICS?lstr14_Curso_45PIC_45MikroC_Pro_aula_45_Teclado+4
0x04CF	0x4220 ;?ICS?lstr14_Curso_45PIC_45MikroC_Pro_aula_45_Teclado+6
0x04D1	0x00 ;?ICS?lstr14_Curso_45PIC_45MikroC_Pro_aula_45_Teclado+8
; end of ?ICS?lstr14_Curso_45PIC_45MikroC_Pro_aula_45_Teclado
;Curso-PIC-MikroC_Pro_aula_45_Teclado.c,0 :: ?ICS?lstr15_Curso_45PIC_45MikroC_Pro_aula_45_Teclado
0x04D2	0x5420 ;?ICS?lstr15_Curso_45PIC_45MikroC_Pro_aula_45_Teclado+0
0x04D4	0x6365 ;?ICS?lstr15_Curso_45PIC_45MikroC_Pro_aula_45_Teclado+2
0x04D6	0x616C ;?ICS?lstr15_Curso_45PIC_45MikroC_Pro_aula_45_Teclado+4
0x04D8	0x4320 ;?ICS?lstr15_Curso_45PIC_45MikroC_Pro_aula_45_Teclado+6
0x04DA	0x00 ;?ICS?lstr15_Curso_45PIC_45MikroC_Pro_aula_45_Teclado+8
; end of ?ICS?lstr15_Curso_45PIC_45MikroC_Pro_aula_45_Teclado
;Curso-PIC-MikroC_Pro_aula_45_Teclado.c,0 :: ?ICS?lstr5_Curso_45PIC_45MikroC_Pro_aula_45_Teclado
0x04DB	0x5420 ;?ICS?lstr5_Curso_45PIC_45MikroC_Pro_aula_45_Teclado+0
0x04DD	0x6365 ;?ICS?lstr5_Curso_45PIC_45MikroC_Pro_aula_45_Teclado+2
0x04DF	0x616C ;?ICS?lstr5_Curso_45PIC_45MikroC_Pro_aula_45_Teclado+4
0x04E1	0x3220 ;?ICS?lstr5_Curso_45PIC_45MikroC_Pro_aula_45_Teclado+6
0x04E3	0x00 ;?ICS?lstr5_Curso_45PIC_45MikroC_Pro_aula_45_Teclado+8
; end of ?ICS?lstr5_Curso_45PIC_45MikroC_Pro_aula_45_Teclado
;Curso-PIC-MikroC_Pro_aula_45_Teclado.c,0 :: ?ICS?lstr11_Curso_45PIC_45MikroC_Pro_aula_45_Teclado
0x04E4	0x5420 ;?ICS?lstr11_Curso_45PIC_45MikroC_Pro_aula_45_Teclado+0
0x04E6	0x6365 ;?ICS?lstr11_Curso_45PIC_45MikroC_Pro_aula_45_Teclado+2
0x04E8	0x616C ;?ICS?lstr11_Curso_45PIC_45MikroC_Pro_aula_45_Teclado+4
0x04EA	0x3920 ;?ICS?lstr11_Curso_45PIC_45MikroC_Pro_aula_45_Teclado+6
0x04EC	0x00 ;?ICS?lstr11_Curso_45PIC_45MikroC_Pro_aula_45_Teclado+8
; end of ?ICS?lstr11_Curso_45PIC_45MikroC_Pro_aula_45_Teclado
;Curso-PIC-MikroC_Pro_aula_45_Teclado.c,0 :: ?ICS?lstr10_Curso_45PIC_45MikroC_Pro_aula_45_Teclado
0x04ED	0x5420 ;?ICS?lstr10_Curso_45PIC_45MikroC_Pro_aula_45_Teclado+0
0x04EF	0x6365 ;?ICS?lstr10_Curso_45PIC_45MikroC_Pro_aula_45_Teclado+2
0x04F1	0x616C ;?ICS?lstr10_Curso_45PIC_45MikroC_Pro_aula_45_Teclado+4
0x04F3	0x3620 ;?ICS?lstr10_Curso_45PIC_45MikroC_Pro_aula_45_Teclado+6
0x04F5	0x00 ;?ICS?lstr10_Curso_45PIC_45MikroC_Pro_aula_45_Teclado+8
; end of ?ICS?lstr10_Curso_45PIC_45MikroC_Pro_aula_45_Teclado
;Curso-PIC-MikroC_Pro_aula_45_Teclado.c,0 :: ?ICS?lstr13_Curso_45PIC_45MikroC_Pro_aula_45_Teclado
0x04F6	0x5420 ;?ICS?lstr13_Curso_45PIC_45MikroC_Pro_aula_45_Teclado+0
0x04F8	0x6365 ;?ICS?lstr13_Curso_45PIC_45MikroC_Pro_aula_45_Teclado+2
0x04FA	0x616C ;?ICS?lstr13_Curso_45PIC_45MikroC_Pro_aula_45_Teclado+4
0x04FC	0x4120 ;?ICS?lstr13_Curso_45PIC_45MikroC_Pro_aula_45_Teclado+6
0x04FE	0x00 ;?ICS?lstr13_Curso_45PIC_45MikroC_Pro_aula_45_Teclado+8
; end of ?ICS?lstr13_Curso_45PIC_45MikroC_Pro_aula_45_Teclado
;Curso-PIC-MikroC_Pro_aula_45_Teclado.c,0 :: ?ICS?lstr12_Curso_45PIC_45MikroC_Pro_aula_45_Teclado
0x04FF	0x5420 ;?ICS?lstr12_Curso_45PIC_45MikroC_Pro_aula_45_Teclado+0
0x0501	0x6365 ;?ICS?lstr12_Curso_45PIC_45MikroC_Pro_aula_45_Teclado+2
0x0503	0x616C ;?ICS?lstr12_Curso_45PIC_45MikroC_Pro_aula_45_Teclado+4
0x0505	0x2320 ;?ICS?lstr12_Curso_45PIC_45MikroC_Pro_aula_45_Teclado+6
0x0507	0x00 ;?ICS?lstr12_Curso_45PIC_45MikroC_Pro_aula_45_Teclado+8
; end of ?ICS?lstr12_Curso_45PIC_45MikroC_Pro_aula_45_Teclado
;Curso-PIC-MikroC_Pro_aula_45_Teclado.c,0 :: ?ICS?lstr7_Curso_45PIC_45MikroC_Pro_aula_45_Teclado
0x0508	0x5420 ;?ICS?lstr7_Curso_45PIC_45MikroC_Pro_aula_45_Teclado+0
0x050A	0x6365 ;?ICS?lstr7_Curso_45PIC_45MikroC_Pro_aula_45_Teclado+2
0x050C	0x616C ;?ICS?lstr7_Curso_45PIC_45MikroC_Pro_aula_45_Teclado+4
0x050E	0x3820 ;?ICS?lstr7_Curso_45PIC_45MikroC_Pro_aula_45_Teclado+6
0x0510	0x00 ;?ICS?lstr7_Curso_45PIC_45MikroC_Pro_aula_45_Teclado+8
; end of ?ICS?lstr7_Curso_45PIC_45MikroC_Pro_aula_45_Teclado
;Curso-PIC-MikroC_Pro_aula_45_Teclado.c,0 :: ?ICS?lstr6_Curso_45PIC_45MikroC_Pro_aula_45_Teclado
0x0511	0x5420 ;?ICS?lstr6_Curso_45PIC_45MikroC_Pro_aula_45_Teclado+0
0x0513	0x6365 ;?ICS?lstr6_Curso_45PIC_45MikroC_Pro_aula_45_Teclado+2
0x0515	0x616C ;?ICS?lstr6_Curso_45PIC_45MikroC_Pro_aula_45_Teclado+4
0x0517	0x3520 ;?ICS?lstr6_Curso_45PIC_45MikroC_Pro_aula_45_Teclado+6
0x0519	0x00 ;?ICS?lstr6_Curso_45PIC_45MikroC_Pro_aula_45_Teclado+8
; end of ?ICS?lstr6_Curso_45PIC_45MikroC_Pro_aula_45_Teclado
;Curso-PIC-MikroC_Pro_aula_45_Teclado.c,0 :: ?ICS?lstr9_Curso_45PIC_45MikroC_Pro_aula_45_Teclado
0x051A	0x5420 ;?ICS?lstr9_Curso_45PIC_45MikroC_Pro_aula_45_Teclado+0
0x051C	0x6365 ;?ICS?lstr9_Curso_45PIC_45MikroC_Pro_aula_45_Teclado+2
0x051E	0x616C ;?ICS?lstr9_Curso_45PIC_45MikroC_Pro_aula_45_Teclado+4
0x0520	0x3320 ;?ICS?lstr9_Curso_45PIC_45MikroC_Pro_aula_45_Teclado+6
0x0522	0x00 ;?ICS?lstr9_Curso_45PIC_45MikroC_Pro_aula_45_Teclado+8
; end of ?ICS?lstr9_Curso_45PIC_45MikroC_Pro_aula_45_Teclado
;Curso-PIC-MikroC_Pro_aula_45_Teclado.c,0 :: ?ICS?lstr8_Curso_45PIC_45MikroC_Pro_aula_45_Teclado
0x0523	0x5420 ;?ICS?lstr8_Curso_45PIC_45MikroC_Pro_aula_45_Teclado+0
0x0525	0x6365 ;?ICS?lstr8_Curso_45PIC_45MikroC_Pro_aula_45_Teclado+2
0x0527	0x616C ;?ICS?lstr8_Curso_45PIC_45MikroC_Pro_aula_45_Teclado+4
0x0529	0x3020 ;?ICS?lstr8_Curso_45PIC_45MikroC_Pro_aula_45_Teclado+6
0x052B	0x00 ;?ICS?lstr8_Curso_45PIC_45MikroC_Pro_aula_45_Teclado+8
; end of ?ICS?lstr8_Curso_45PIC_45MikroC_Pro_aula_45_Teclado
Symbol List:
//** Routines locations **
//ADDRESS    SIZE    PROCEDURE
//----------------------------------------------
0x001C       [6]    _Delay_1us
0x0022      [22]    _Delay_5500us
0x0038      [10]    _Delay_50us
0x0042     [126]    _Lcd_Cmd
0x00C0      [14]    _Lcd_Chr_CP
0x00CE      [16]    ___CC2DW
0x00DE     [152]    _Lcd_Init
0x0176      [44]    _Lcd_Out_CP
0x01A2     [762]    _main
//** Variables locations ** 
//ADDRESS    SIZE    VARIABLE
//----------------------------------------------
0x0000       [1]    EEPROM_Write_SaveINTCON_L0
0x0000       [1]    UART1_Init_tmp_L0
0x0000       [1]    FLASH_Erase_64_SaveINTCON_L0
0x0000       [1]    SPI1_Write_tmp_L0
0x0000       [1]    __Lib_SoftI2C_PutZerosToLATScl_temp_scl_L0
0x0000       [1]    __Lib_SoftI2C_PutZerosToLATSda_temp_sda_L0
0x0000       [1]    R0
0x0001       [1]    R1
0x0001       [1]    FLASH_Write_32_i_L0
0x0001       [1]    I2C1_Rd_tmp_L0
0x0001       [1]    __Lib_PS2_Wait_Falling_nsample_L0
0x0001       [1]    ispunct_rslt_L0
0x0001       [1]    FLASH_Erase_Write_64_i_L0
0x0001       [2]    FLASH_Read_N_Bytes_i_L0
0x0001       [1]    UART1_Read___tmp_UART1_Read_L0
0x0002       [1]    FLASH_Erase_Write_64_j_L0
0x0002       [1]    FLASH_Write_32_SaveINTCON_L0
0x0002       [2]    strlen_cp_L0
0x0002       [2]    memset_pp_L0
0x0002       [2]    memcpy_dd_L0
0x0002       [2]    memchr_s_L0
0x0002       [1]    R2
0x0003       [2]    memmove_tt_L0
0x0003       [1]    R3
0x0003       [2]    Ltrim_original_L0
0x0003       [1]    FLASH_Erase_Write_64_SaveINTCON_L0
0x0004       [2]    memcpy_ss_L0
0x0004       [2]    strcat_cp_L0
0x0004       [1]    R4
0x0004       [2]    strncpy_cp_L0
0x0004       [2]    strncat_cp_L0
0x0004       [2]    frexp_pom_L0
0x0004       [2]    strcpy_cp_L0
0x0005       [2]    Ltrim_p_L0
0x0005       [2]    LongIntToHex_input_half_L0
0x0005       [1]    R5
0x0005       [2]    memmove_ff_L0
0x0005       [2]    LongWordToHex_input_half_L0
0x0006       [1]    R6
0x0007       [1]    R7
0x0008       [1]    R8
0x0009       [1]    R9
0x000A       [1]    R10
0x000B       [1]    R11
0x000C       [1]    R12
0x000D       [1]    R13
0x000E       [1]    R14
0x000F       [1]    R15
0x0010       [1]    R16
0x0011       [1]    R17
0x0012       [1]    R18
0x0013       [1]    R19
0x0014       [1]    R20
0x0015       [9]    ?lstr2_Curso_45PIC_45MikroC_Pro_aula_45_Teclado
0x001E       [9]    ?lstr1_Curso_45PIC_45MikroC_Pro_aula_45_Teclado
0x0027       [9]    ?lstr4_Curso_45PIC_45MikroC_Pro_aula_45_Teclado
0x0030       [9]    ?lstr3_Curso_45PIC_45MikroC_Pro_aula_45_Teclado
0x0039       [9]    ?lstr16_Curso_45PIC_45MikroC_Pro_aula_45_Teclado
0x0042       [9]    ?lstr14_Curso_45PIC_45MikroC_Pro_aula_45_Teclado
0x004B       [9]    ?lstr15_Curso_45PIC_45MikroC_Pro_aula_45_Teclado
0x0054       [9]    ?lstr5_Curso_45PIC_45MikroC_Pro_aula_45_Teclado
0x005D       [9]    ?lstr11_Curso_45PIC_45MikroC_Pro_aula_45_Teclado
0x0066       [9]    ?lstr10_Curso_45PIC_45MikroC_Pro_aula_45_Teclado
0x006F       [9]    ?lstr13_Curso_45PIC_45MikroC_Pro_aula_45_Teclado
0x0078       [9]    ?lstr12_Curso_45PIC_45MikroC_Pro_aula_45_Teclado
0x0081       [9]    ?lstr7_Curso_45PIC_45MikroC_Pro_aula_45_Teclado
0x008A       [9]    ?lstr6_Curso_45PIC_45MikroC_Pro_aula_45_Teclado
0x0093       [9]    ?lstr9_Curso_45PIC_45MikroC_Pro_aula_45_Teclado
0x009C       [9]    ?lstr8_Curso_45PIC_45MikroC_Pro_aula_45_Teclado
0x00A5       [0]    __Lib_Lcd_cmd_status
0x00A6       [2]    FARG_Lcd_Out_CP_text
0x00A8       [1]    Lcd_Out_CP_i_L0
0x00A9       [1]    FARG_Lcd_Chr_CP_out_char
0x00AA       [1]    FARG_Lcd_Cmd_out_char
0x0F80       [0]    CLKO_bit
0x0F80       [0]    NOT_SS_bit
0x0F80       [0]    LVDIN_bit
0x0F80       [0]    CLKI_bit
0x0F80       [0]    CVREF_bit
0x0F80       [0]    T0CKI_bit
0x0F80       [0]    AN4_bit
0x0F80       [0]    AN3_bit
0x0F80       [0]    AN1_bit
0x0F80       [0]    AN2_bit
0x0F80       [0]    VREFP_bit
0x0F80       [0]    SS_bit
0x0F80       [0]    VREFN_bit
0x0F80       [0]    OSC2_bit
0x0F80       [0]    OSC1_bit
0x0F80       [0]    RA4_bit
0x0F80       [0]    RA3_bit
0x0F80       [0]    RA2_bit
0x0F80       [0]    RA5_bit
0x0F80       [1]    PORTA
0x0F80       [0]    RA7_bit
0x0F80       [0]    RA6_bit
0x0F80       [0]    RA1_bit
0x0F80       [0]    AN0_bit
0x0F80       [0]    RA0_bit
0x0F81       [0]    RB3_bit
0x0F81       [0]    RB2_bit
0x0F81       [1]    PORTB
0x0F81       [0]    RB6_bit
0x0F81       [0]    RB7_bit
0x0F81       [0]    RB4_bit
0x0F81       [0]    RB5_bit
0x0F81       [0]    AN10_bit
0x0F81       [0]    AN8_bit
0x0F81       [0]    KBI3_bit
0x0F81       [0]    AN12_bit
0x0F81       [0]    AN9_bit
0x0F81       [0]    PGC_bit
0x0F81       [0]    PGD_bit
0x0F81       [0]    AN11_bit
0x0F81       [0]    PGM_bit
0x0F81       [0]    INT0_bit
0x0F81       [0]    INT1_bit
0x0F81       [0]    RB1_bit
0x0F81       [0]    RB0_bit
0x0F81       [0]    INT2_bit
0x0F81       [0]    KBI1_bit
0x0F81       [0]    KBI2_bit
0x0F81       [0]    CCP2_PORTB_bit
0x0F81       [0]    KBI0_bit
0x0F82       [0]    CCP2_PORTC_bit
0x0F82       [0]    SCL_bit
0x0F82       [0]    T13CKI_bit
0x0F82       [0]    TX_bit
0x0F82       [0]    RX__bit
0x0F82       [0]    SDA_bit
0x0F82       [1]    PORTC
0x0F82       [0]    RC1_bit
0x0F82       [0]    RC0_bit
0x0F82       [0]    CK_bit
0x0F82       [0]    T1CKI_bit
0x0F82       [0]    RC7_bit
0x0F82       [0]    SCK_bit
0x0F82       [0]    T1OSI_bit
0x0F82       [0]    RC3_bit
0x0F82       [0]    CCP1_bit
0x0F82       [0]    RC4_bit
0x0F82       [0]    RC5_bit
0x0F82       [0]    RC6_bit
0x0F82       [0]    SDO_bit
0x0F82       [0]    T1OSO_bit
0x0F82       [0]    RC2_bit
0x0F82       [0]    SDI_bit
0x0F83       [0]    RD7_bit
0x0F83       [0]    PSP0_bit
0x0F83       [0]    LCD_D5
0x0F83       [0]    RD6_bit
0x0F83       [1]    PORTD
0x0F83       [0]    PSP2_bit
0x0F83       [0]    PSP3_bit
0x0F83       [0]    PSP1_bit
0x0F83       [0]    LCD_D4
0x0F83       [0]    RD5_bit
0x0F83       [0]    RD0_bit
0x0F83       [0]    LCD_D7
0x0F83       [0]    LCD_RS
0x0F83       [0]    LCD_EN
0x0F83       [0]    RD1_bit
0x0F83       [0]    LCD_D6
0x0F83       [0]    RD4_bit
0x0F83       [0]    RD2_bit
0x0F83       [0]    RD3_bit
0x0F83       [0]    PSP7_bit
0x0F83       [0]    PSP6_bit
0x0F83       [0]    P1D_bit
0x0F83       [0]    P1B_bit
0x0F83       [0]    PSP4_bit
0x0F83       [0]    P1C_bit
0x0F83       [0]    PSP5_bit
0x0F84       [0]    NOT_RD_bit
0x0F84       [0]    RE3_bit
0x0F84       [0]    CS_bit
0x0F84       [0]    AN5_bit
0x0F84       [0]    MCLR_bit
0x0F84       [0]    RE2_bit
0x0F84       [0]    NOT_CS_bit
0x0F84       [0]    RE0_bit
0x0F84       [0]    AN7_bit
0x0F84       [0]    RE1_bit
0x0F84       [0]    NOT_WR_bit
0x0F84       [0]    AN6_bit
0x0F84       [0]    VPP_bit
0x0F84       [1]    PORTE
0x0F84       [0]    RD_bit
0x0F84       [0]    NOT_MCLR_bit
0x0F84       [0]    WR_bit
0x0F89       [1]    LATA
0x0F89       [0]    LATA7_bit
0x0F89       [0]    LATA0_bit
0x0F89       [0]    LATA3_bit
0x0F89       [0]    LATA5_bit
0x0F89       [0]    LATA4_bit
0x0F89       [0]    LATA1_bit
0x0F89       [0]    LATA6_bit
0x0F89       [0]    LATA2_bit
0x0F8A       [0]    LATB4_bit
0x0F8A       [1]    LATB
0x0F8A       [0]    LATB5_bit
0x0F8A       [0]    LATB2_bit
0x0F8A       [0]    LATB1_bit
0x0F8A       [0]    LATB3_bit
0x0F8A       [0]    LATB0_bit
0x0F8A       [0]    LATB6_bit
0x0F8A       [0]    LATB7_bit
0x0F8B       [0]    LATC3_bit
0x0F8B       [0]    LATC4_bit
0x0F8B       [0]    LATC1_bit
0x0F8B       [0]    LATC2_bit
0x0F8B       [0]    LATC7_bit
0x0F8B       [0]    LATC6_bit
0x0F8B       [1]    LATC
0x0F8B       [0]    LATC5_bit
0x0F8B       [0]    LATC0_bit
0x0F8C       [0]    LATD4_bit
0x0F8C       [1]    LATD
0x0F8C       [0]    LATD7_bit
0x0F8C       [0]    LATD5_bit
0x0F8C       [0]    LATD6_bit
0x0F8C       [0]    LATD0_bit
0x0F8C       [0]    LATD2_bit
0x0F8C       [0]    LATD1_bit
0x0F8C       [0]    LATD3_bit
0x0F8D       [1]    LATE
0x0F8D       [0]    LATE1_bit
0x0F8D       [0]    LATE2_bit
0x0F8D       [0]    LATE0_bit
0x0F92       [0]    TRISA3_bit
0x0F92       [0]    TRISA4_bit
0x0F92       [0]    TRISA2_bit
0x0F92       [0]    TRISA0_bit
0x0F92       [0]    TRISA1_bit
0x0F92       [0]    TRISA7_bit
0x0F92       [1]    TRISA
0x0F92       [0]    TRISA5_bit
0x0F92       [0]    TRISA6_bit
0x0F93       [1]    TRISB
0x0F93       [0]    TRISB2_bit
0x0F93       [0]    TRISB3_bit
0x0F93       [0]    TRISB0_bit
0x0F93       [0]    TRISB1_bit
0x0F93       [0]    TRISB6_bit
0x0F93       [0]    TRISB7_bit
0x0F93       [0]    TRISB4_bit
0x0F93       [0]    TRISB5_bit
0x0F94       [0]    TRISC2_bit
0x0F94       [0]    TRISC3_bit
0x0F94       [0]    TRISC0_bit
0x0F94       [0]    TRISC1_bit
0x0F94       [0]    TRISC4_bit
0x0F94       [0]    TRISC7_bit
0x0F94       [1]    TRISC
0x0F94       [0]    TRISC5_bit
0x0F94       [0]    TRISC6_bit
0x0F95       [0]    TRISD4_bit
0x0F95       [0]    TRISD0_bit
0x0F95       [0]    TRISD3_bit
0x0F95       [0]    LCD_RS_Direction
0x0F95       [0]    TRISD7_bit
0x0F95       [0]    TRISD6_bit
0x0F95       [0]    TRISD5_bit
0x0F95       [0]    LCD_D7_Direction
0x0F95       [0]    LCD_D6_Direction
0x0F95       [0]    TRISD1_bit
0x0F95       [0]    LCD_D5_Direction
0x0F95       [0]    LCD_EN_Direction
0x0F95       [0]    LCD_D4_Direction
0x0F95       [0]    TRISD2_bit
0x0F95       [1]    TRISD
0x0F96       [0]    IBOV_bit
0x0F96       [0]    OBF_bit
0x0F96       [0]    IBF_bit
0x0F96       [0]    IBOV_TRISE_bit
0x0F96       [0]    PSPMODE_TRISE_bit
0x0F96       [0]    PSPMODE_bit
0x0F96       [0]    TRISE2_bit
0x0F96       [0]    TRISE0_bit
0x0F96       [0]    TRISE1_bit
0x0F96       [0]    IBF_TRISE_bit
0x0F96       [0]    OBF_TRISE_bit
0x0F96       [1]    TRISE
0x0F9B       [1]    OSCTUNE
0x0F9B       [0]    TUN0_bit
0x0F9B       [0]    TUN1_bit
0x0F9B       [0]    PLLEN_bit
0x0F9B       [0]    INTSRC_bit
0x0F9B       [0]    TUN4_bit
0x0F9B       [0]    TUN2_bit
0x0F9B       [0]    TUN3_bit
0x0F9D       [0]    CCP1IE_bit
0x0F9D       [0]    SSPIE_bit
0x0F9D       [0]    TXIE_bit
0x0F9D       [1]    PIE1
0x0F9D       [0]    TMR1IE_bit
0x0F9D       [0]    TMR2IE_bit
0x0F9D       [0]    ADIE_bit
0x0F9D       [0]    PSPIE_bit
0x0F9D       [0]    RCIE_bit
0x0F9E       [1]    PIR1
0x0F9E       [0]    TXIF_bit
0x0F9E       [0]    TMR1IF_bit
0x0F9E       [0]    SSPIF_bit
0x0F9E       [0]    CCP1IF_bit
0x0F9E       [0]    TMR2IF_bit
0x0F9E       [0]    PSPIF_bit
0x0F9E       [0]    ADIF_bit
0x0F9E       [0]    RCIF_bit
0x0F9F       [0]    ADIP_bit
0x0F9F       [0]    RCIP_bit
0x0F9F       [1]    IPR1
0x0F9F       [0]    PSPIP_bit
0x0F9F       [0]    TXIP_bit
0x0F9F       [0]    TMR2IP_bit
0x0F9F       [0]    TMR1IP_bit
0x0F9F       [0]    SSPIP_bit
0x0F9F       [0]    CCP1IP_bit
0x0FA0       [0]    CMIE_bit
0x0FA0       [1]    PIE2
0x0FA0       [0]    LVDIE_bit
0x0FA0       [0]    OSCFIE_bit
0x0FA0       [0]    EEIE_bit
0x0FA0       [0]    TMR3IE_bit
0x0FA0       [0]    CCP2IE_bit
0x0FA0       [0]    HLVDIE_bit
0x0FA0       [0]    BCLIE_bit
0x0FA1       [0]    CCP2IF_bit
0x0FA1       [0]    HLVDIF_bit
0x0FA1       [1]    PIR2
0x0FA1       [0]    TMR3IF_bit
0x0FA1       [0]    OSCFIF_bit
0x0FA1       [0]    EEIF_bit
0x0FA1       [0]    LVDIF_bit
0x0FA1       [0]    CMIF_bit
0x0FA1       [0]    BCLIF_bit
0x0FA2       [0]    CCP2IP_bit
0x0FA2       [0]    TMR3IP_bit
0x0FA2       [0]    EEIP_bit
0x0FA2       [0]    CMIP_bit
0x0FA2       [0]    OSCFIP_bit
0x0FA2       [0]    LVDIP_bit
0x0FA2       [0]    HLVDIP_bit
0x0FA2       [1]    IPR2
0x0FA2       [0]    BCLIP_bit
0x0FA6       [1]    EECON1
0x0FA6       [0]    FREE_bit
0x0FA6       [0]    CFGS_bit
0x0FA6       [0]    EEPGD_bit
0x0FA6       [0]    WRERR_bit
0x0FA6       [0]    RD_EECON1_bit
0x0FA6       [0]    WR_EECON1_bit
0x0FA6       [0]    WREN_bit
0x0FA7       [1]    EECON2
0x0FA8       [1]    EEDATA
0x0FA9       [1]    EEADR
0x0FAB       [0]    RX9_bit
0x0FAB       [0]    SPEN_bit
0x0FAB       [0]    ADDEN_bit
0x0FAB       [1]    RCSTA
0x0FAB       [0]    FERR_bit
0x0FAB       [0]    ADEN_bit
0x0FAB       [0]    RX9D_bit
0x0FAB       [0]    OERR_bit
0x0FAB       [0]    CREN_bit
0x0FAB       [0]    SREN_bit
0x0FAC       [0]    BRGH_bit
0x0FAC       [0]    SYNC_bit
0x0FAC       [0]    TXEN_bit
0x0FAC       [0]    SENDB_bit
0x0FAC       [0]    TX9_bit
0x0FAC       [0]    CSRC_bit
0x0FAC       [0]    TX9D_bit
0x0FAC       [1]    TXSTA
0x0FAC       [0]    TRMT_bit
0x0FAD       [1]    TXREG
0x0FAE       [1]    RCREG
0x0FAF       [1]    SPBRG
0x0FB0       [1]    SPBRGH
0x0FB1       [0]    T3CCP2_bit
0x0FB1       [0]    T3CKPS1_bit
0x0FB1       [0]    NOT_T3SYNC_bit
0x0FB1       [0]    RD16_bit
0x0FB1       [0]    TMR3CS_bit
0x0FB1       [1]    T3CON
0x0FB1       [0]    TMR3ON_bit
0x0FB1       [0]    T3CKPS0_bit
0x0FB1       [0]    T3CCP1_bit
0x0FB1       [0]    T3SYNC_bit
0x0FB2       [1]    TMR3L
0x0FB3       [1]    TMR3H
0x0FB4       [0]    C1OUT_bit
0x0FB4       [0]    C2OUT_bit
0x0FB4       [0]    CM1_bit
0x0FB4       [0]    CM0_bit
0x0FB4       [1]    CMCON
0x0FB4       [0]    CM2_bit
0x0FB4       [0]    C2INV_bit
0x0FB4       [0]    C1INV_bit
0x0FB4       [0]    CIS_bit
0x0FB5       [0]    CVREN_bit
0x0FB5       [0]    CVROE_bit
0x0FB5       [0]    CVR0_bit
0x0FB5       [1]    CVRCON
0x0FB5       [0]    CVR2_bit
0x0FB5       [0]    CVR3_bit
0x0FB5       [0]    CVRR_bit
0x0FB5       [0]    CVRSS_bit
0x0FB5       [0]    CVR1_bit
0x0FB6       [0]    ECCPAS2_bit
0x0FB6       [0]    ECCPASE_bit
0x0FB6       [0]    PSSAC0_bit
0x0FB6       [0]    PSSBD1_bit
0x0FB6       [0]    PSSBD0_bit
0x0FB6       [0]    PSSAC1_bit
0x0FB6       [1]    ECCP1AS
0x0FB6       [0]    ECCPAS1_bit
0x0FB6       [0]    ECCPAS0_bit
0x0FB7       [0]    PDC5_bit
0x0FB7       [0]    PRSEN_bit
0x0FB7       [0]    PDC6_bit
0x0FB7       [0]    PDC1_bit
0x0FB7       [0]    PDC0_bit
0x0FB7       [1]    PWM1CON
0x0FB7       [0]    PDC2_bit
0x0FB7       [0]    PDC4_bit
0x0FB7       [0]    PDC3_bit
0x0FB8       [0]    ABDOVF_bit
0x0FB8       [1]    BAUDCON
0x0FB8       [0]    RCMT_bit
0x0FB8       [0]    TXCKP_bit
0x0FB8       [0]    RXDTP_bit
0x0FB8       [0]    RCIDL_bit
0x0FB8       [0]    ABDEN_bit
0x0FB8       [1]    BAUDCTL
0x0FB8       [0]    WUE_bit
0x0FB8       [0]    SCKP_bit
0x0FB8       [0]    BRG16_bit
0x0FBA       [0]    DC2B1_bit
0x0FBA       [0]    DC2B0_bit
0x0FBA       [0]    CCP2Y_bit
0x0FBA       [1]    CCP2CON
0x0FBA       [0]    CCP2X_bit
0x0FBA       [0]    CCP2M1_bit
0x0FBA       [0]    CCP2M0_bit
0x0FBA       [0]    CCP2M3_bit
0x0FBA       [0]    CCP2M2_bit
0x0FBB       [2]    CCPR2
0x0FBB       [1]    CCPR2L
0x0FBC       [1]    CCPR2H
0x0FBD       [0]    P1M1_bit
0x0FBD       [0]    CCP1Y_bit
0x0FBD       [0]    CCP1X_bit
0x0FBD       [0]    P1M0_bit
0x0FBD       [1]    CCP1CON
0x0FBD       [0]    CCP1M1_bit
0x0FBD       [0]    CCP1M0_bit
0x0FBD       [0]    CCP1M2_bit
0x0FBD       [0]    DC1B1_bit
0x0FBD       [0]    DC1B0_bit
0x0FBD       [0]    CCP1M3_bit
0x0FBE       [2]    CCPR1
0x0FBE       [1]    CCPR1L
0x0FBF       [1]    CCPR1H
0x0FC0       [1]    ADCON2
0x0FC0       [0]    ADCS2_bit
0x0FC0       [0]    ADCS1_bit
0x0FC0       [0]    ADCS0_bit
0x0FC0       [0]    ACQT0_bit
0x0FC0       [0]    ADFM_bit
0x0FC0       [0]    ACQT2_bit
0x0FC0       [0]    ACQT1_bit
0x0FC1       [1]    ADCON1
0x0FC1       [0]    PCFG0_bit
0x0FC1       [0]    PCFG2_bit
0x0FC1       [0]    PCFG1_bit
0x0FC1       [0]    VCFG1_bit
0x0FC1       [0]    VCFG0_bit
0x0FC1       [0]    PCFG3_bit
0x0FC2       [1]    ADCON0
0x0FC2       [0]    CHS1_bit
0x0FC2       [0]    CHS2_bit
0x0FC2       [0]    CHS0_bit
0x0FC2       [0]    ADON_bit
0x0FC2       [0]    GO_bit
0x0FC2       [0]    NOT_DONE_bit
0x0FC2       [0]    GO_DONE_bit
0x0FC2       [0]    CHS3_bit
0x0FC2       [0]    DONE_bit
0x0FC3       [1]    ADRESL
0x0FC3       [2]    ADRES
0x0FC4       [1]    ADRESH
0x0FC5       [1]    SSPCON2
0x0FC5       [0]    ACKDT_bit
0x0FC5       [0]    ACKEN_bit
0x0FC5       [0]    GCEN_bit
0x0FC5       [0]    ACKSTAT_bit
0x0FC5       [0]    RSEN_bit
0x0FC5       [0]    SEN_bit
0x0FC5       [0]    RCEN_bit
0x0FC5       [0]    PEN_bit
0x0FC6       [0]    SSPEN_bit
0x0FC6       [1]    SSPCON1
0x0FC6       [0]    SSPOV_bit
0x0FC6       [0]    WCOL_bit
0x0FC6       [0]    CKP_bit
0x0FC6       [0]    SSPM1_bit
0x0FC6       [0]    SSPM0_bit
0x0FC6       [0]    SSPM2_bit
0x0FC6       [0]    SSPM3_bit
0x0FC7       [1]    SSPSTAT
0x0FC7       [0]    NOT_W_bit
0x0FC7       [0]    NOT_A_bit
0x0FC7       [0]    CKE_bit
0x0FC7       [0]    SMP_bit
0x0FC7       [0]    NOT_WRITE_bit
0x0FC7       [0]    NOT_ADDRESS_bit
0x0FC7       [0]    R_W_bit
0x0FC7       [0]    D_A_bit
0x0FC7       [0]    R_bit
0x0FC7       [0]    S_bit
0x0FC7       [0]    BF_bit
0x0FC7       [0]    UA_bit
0x0FC7       [0]    P_bit
0x0FC7       [0]    D_bit
0x0FC8       [1]    SSPADD
0x0FC9       [1]    SSPBUF
0x0FCA       [1]    T2CON
0x0FCA       [0]    T2OUTPS1_bit
0x0FCA       [0]    T2OUTPS2_bit
0x0FCA       [0]    T2OUTPS3_bit
0x0FCA       [0]    T2CKPS1_bit
0x0FCA       [0]    TMR2ON_bit
0x0FCA       [0]    T2OUTPS0_bit
0x0FCA       [0]    T2CKPS0_bit
0x0FCB       [1]    PR2
0x0FCC       [1]    TMR2
0x0FCD       [0]    TMR1CS_bit
0x0FCD       [0]    TMR1ON_bit
0x0FCD       [1]    T1CON
0x0FCD       [0]    T1RUN_bit
0x0FCD       [0]    RD16_T1CON_bit
0x0FCD       [0]    NOT_T1SYNC_bit
0x0FCD       [0]    T1OSCEN_bit
0x0FCD       [0]    T1SYNC_bit
0x0FCD       [0]    T1CKPS1_bit
0x0FCD       [0]    T1CKPS0_bit
0x0FCE       [1]    TMR1L
0x0FCF       [1]    TMR1H
0x0FD0       [1]    RCON
0x0FD0       [0]    POR_bit
0x0FD0       [0]    PD_bit
0x0FD0       [0]    BOR_bit
0x0FD0       [0]    NOT_TO_bit
0x0FD0       [0]    NOT_PD_bit
0x0FD0       [0]    TO__bit
0x0FD0       [0]    SBOREN_bit
0x0FD0       [0]    RI_bit
0x0FD0       [0]    IPEN_bit
0x0FD0       [0]    NOT_POR_bit
0x0FD0       [0]    NOT_BOR_bit
0x0FD0       [0]    NOT_RI_bit
0x0FD1       [1]    WDTCON
0x0FD1       [0]    SWDTE_bit
0x0FD1       [0]    SWDTEN_bit
0x0FD2       [0]    IRVST_bit
0x0FD2       [0]    LVDEN_bit
0x0FD2       [1]    LVDCON
0x0FD2       [0]    LVV0_bit
0x0FD2       [0]    LVDL1_bit
0x0FD2       [0]    LVDL0_bit
0x0FD2       [0]    LVDL3_bit
0x0FD2       [0]    LVDL2_bit
0x0FD2       [0]    HLVDEN_bit
0x0FD2       [0]    HLVDL3_bit
0x0FD2       [0]    HLVDL2_bit
0x0FD2       [0]    VDIRMAG_bit
0x0FD2       [0]    IVRST_bit
0x0FD2       [1]    HLVDCON
0x0FD2       [0]    LVV3_bit
0x0FD2       [0]    LVV2_bit
0x0FD2       [0]    LVV1_bit
0x0FD2       [0]    HLVDL1_bit
0x0FD2       [0]    HLVDL0_bit
0x0FD2       [0]    BGST_bit
0x0FD3       [0]    IRCF2_bit
0x0FD3       [0]    IRCF1_bit
0x0FD3       [0]    IDLEN_bit
0x0FD3       [1]    OSCCON
0x0FD3       [0]    FLTS_bit
0x0FD3       [0]    SCS0_bit
0x0FD3       [0]    IRCF0_bit
0x0FD3       [0]    OSTS_bit
0x0FD3       [0]    IOFS_bit
0x0FD3       [0]    SCS1_bit
0x0FD5       [0]    PSA_bit
0x0FD5       [0]    T0PS2_bit
0x0FD5       [0]    T08BIT_bit
0x0FD5       [0]    TMR0ON_bit
0x0FD5       [0]    T0PS1_bit
0x0FD5       [0]    T0SE_bit
0x0FD5       [0]    T0CS_bit
0x0FD5       [0]    T0PS0_bit
0x0FD5       [1]    T0CON
0x0FD6       [1]    TMR0L
0x0FD7       [1]    TMR0H
0x0FD8       [0]    DC_bit
0x0FD8       [0]    Z_bit
0x0FD8       [0]    OV_bit
0x0FD8       [0]    N_bit
0x0FD8       [1]    STATUS
0x0FD8       [0]    C_bit
0x0FD9       [2]    FSR2PTR
0x0FD9       [2]    FSR2
0x0FD9       [1]    FSR2L
0x0FDA       [1]    FSR2H
0x0FDB       [1]    PLUSW2
0x0FDC       [1]    PREINC2
0x0FDD       [1]    POSTDEC2
0x0FDE       [1]    POSTINC2
0x0FDF       [1]    INDF2
0x0FE0       [1]    BSR
0x0FE1       [2]    FSR1
0x0FE1       [2]    FSR1PTR
0x0FE1       [1]    FSR1L
0x0FE2       [1]    FSR1H
0x0FE3       [1]    PLUSW1
0x0FE4       [1]    PREINC1
0x0FE5       [1]    POSTDEC1
0x0FE6       [1]    POSTINC1
0x0FE7       [1]    INDF1
0x0FE8       [1]    WREG
0x0FE9       [2]    FSR0
0x0FE9       [2]    FSR0PTR
0x0FE9       [1]    FSR0L
0x0FEA       [1]    FSR0H
0x0FEB       [1]    PLUSW0
0x0FEC       [1]    PREINC0
0x0FED       [1]    POSTDEC0
0x0FEE       [1]    POSTINC0
0x0FEF       [1]    INDF0
0x0FF0       [1]    INTCON3
0x0FF0       [0]    INT2IP_bit
0x0FF0       [0]    INT1P_bit
0x0FF0       [0]    INT2E_bit
0x0FF0       [0]    INT1IP_bit
0x0FF0       [0]    INT1IF_bit
0x0FF0       [0]    INT2P_bit
0x0FF0       [0]    INT2IF_bit
0x0FF0       [0]    INT2IE_bit
0x0FF0       [0]    INT1IE_bit
0x0FF0       [0]    INT1E_bit
0x0FF0       [0]    INT1F_bit
0x0FF0       [0]    INT2F_bit
0x0FF1       [0]    TMR0IP_bit
0x0FF1       [1]    INTCON2
0x0FF1       [0]    RBPU_bit
0x0FF1       [0]    RBIP_bit
0x0FF1       [0]    INTEDG1_bit
0x0FF1       [0]    NOT_RBPU_bit
0x0FF1       [0]    INTEDG0_bit
0x0FF1       [0]    INTEDG2_bit
0x0FF2       [0]    INT0E_bit
0x0FF2       [0]    INT0F_bit
0x0FF2       [0]    RBIF_bit
0x0FF2       [0]    TMR0IF_bit
0x0FF2       [0]    RBIE_bit
0x0FF2       [1]    INTCON
0x0FF2       [0]    TMR0IE_bit
0x0FF2       [0]    T0IF_bit
0x0FF2       [0]    GIEL_bit
0x0FF2       [0]    T0IE_bit
0x0FF2       [0]    INT0IE_bit
0x0FF2       [0]    GIE_bit
0x0FF2       [0]    GIEH_bit
0x0FF2       [0]    PEIE_bit
0x0FF2       [0]    INT0IF_bit
0x0FF3       [2]    PROD
0x0FF3       [1]    PRODL
0x0FF4       [1]    PRODH
0x0FF5       [1]    TABLAT
0x0FF6       [1]    TBLPTRL
0x0FF6       [3]    TBLPTR
0x0FF7       [1]    TBLPTRH
0x0FF8       [0]    TBLPTRU1_bit
0x0FF8       [0]    TBLPTRU0_bit
0x0FF8       [0]    TBLPTRU4_bit
0x0FF8       [0]    ACSS_bit
0x0FF8       [1]    TBLPTRU
0x0FF8       [0]    TBLPTRU3_bit
0x0FF8       [0]    TBLPTRU2_bit
0x0FF9       [1]    PCL
0x0FF9       [1]    PC
0x0FFA       [1]    PCLATH
0x0FFB       [1]    PCLATU
0x0FFB       [0]    PCU4_bit
0x0FFB       [0]    PCU0_bit
0x0FFB       [0]    PCU1_bit
0x0FFB       [0]    PCU3_bit
0x0FFB       [0]    PCU2_bit
0x0FFC       [0]    SP1_bit
0x0FFC       [1]    STKPTR
0x0FFC       [0]    STKFUL_bit
0x0FFC       [0]    STKUNF_bit
0x0FFC       [0]    STKOVF_bit
0x0FFC       [0]    SP4_bit
0x0FFC       [0]    SP0_bit
0x0FFC       [0]    SP3_bit
0x0FFC       [0]    SP2_bit
0x0FFD       [1]    TOSL
0x0FFE       [1]    TOSH
0x0FFF       [1]    TOSU
//** Constants locations ** 
//ADDRESS    SIZE    CONSTANT
//----------------------------------------------
0x049C       [9]    ?ICS?lstr2_Curso_45PIC_45MikroC_Pro_aula_45_Teclado
0x04A5       [9]    ?ICS?lstr1_Curso_45PIC_45MikroC_Pro_aula_45_Teclado
0x04AE       [9]    ?ICS?lstr4_Curso_45PIC_45MikroC_Pro_aula_45_Teclado
0x04B7       [9]    ?ICS?lstr3_Curso_45PIC_45MikroC_Pro_aula_45_Teclado
0x04C0       [9]    ?ICS?lstr16_Curso_45PIC_45MikroC_Pro_aula_45_Teclado
0x04C9       [9]    ?ICS?lstr14_Curso_45PIC_45MikroC_Pro_aula_45_Teclado
0x04D2       [9]    ?ICS?lstr15_Curso_45PIC_45MikroC_Pro_aula_45_Teclado
0x04DB       [9]    ?ICS?lstr5_Curso_45PIC_45MikroC_Pro_aula_45_Teclado
0x04E4       [9]    ?ICS?lstr11_Curso_45PIC_45MikroC_Pro_aula_45_Teclado
0x04ED       [9]    ?ICS?lstr10_Curso_45PIC_45MikroC_Pro_aula_45_Teclado
0x04F6       [9]    ?ICS?lstr13_Curso_45PIC_45MikroC_Pro_aula_45_Teclado
0x04FF       [9]    ?ICS?lstr12_Curso_45PIC_45MikroC_Pro_aula_45_Teclado
0x0508       [9]    ?ICS?lstr7_Curso_45PIC_45MikroC_Pro_aula_45_Teclado
0x0511       [9]    ?ICS?lstr6_Curso_45PIC_45MikroC_Pro_aula_45_Teclado
0x051A       [9]    ?ICS?lstr9_Curso_45PIC_45MikroC_Pro_aula_45_Teclado
0x0523       [9]    ?ICS?lstr8_Curso_45PIC_45MikroC_Pro_aula_45_Teclado
//** Label List: ** 
//----------------------------------------------
  L_main0
  L_main1
  L_main2
  L_main3
  L_main4
  L_main5
  L_main6
  L_main7
  L_main8
  L_main9
  L_main10
  L_main11
  L_main12
  L_main13
  L_main14
  L_main15
  L_main16
  L_main17
  L_main18
  L_main19
  L_main20
  L_main21
  L_main22
  L_main23
  L_main24
  L_main25
  L_main26
  L_main27
  L_main28
  L_main29
  L_main30
  L_main31
  L_main32
  L_main33
  _main
  L_Delay_10us0
  L_Delay_22us1
  L_Delay_50us2
  L_Delay_80us3
  L_Delay_500us4
  L_Delay_5500us5
  L_Delay_1ms6
  L_Delay_5ms7
  L_Delay_8ms8
  L_Delay_100ms9
  L_Delay_10ms10
  L_Delay_1sec11
  L____Boot_Delay4k12
  L____Boot_Delay8k13
  L____Boot_Delay12k14
  L____Boot_Delay16k15
  L____Boot_Delay24k16
  L____Boot_Delay32k17
  L____Boot_Delay48k18
  L____Boot_Delay64k19
  L____Boot_Delay128k20
  L_Delay_Cyc21
  L_Delay_Cyc22
  L_VDelay_ms23
  L_VDelay_ms24
  L_VDelay_ms25
  L_VDelay_Advanced_ms26
  L_VDelay_Advanced_ms27
  L_VDelay_Advanced_ms28
  _Get_Fosc_kHz
  _Delay_1us
  _Delay_10us
  _Delay_22us
  _Delay_50us
  _Delay_80us
  _Delay_500us
  _Delay_5500us
  _Delay_1ms
  _Delay_5ms
  _Delay_8ms
  _Delay_100ms
  _Delay_10ms
  _Delay_1sec
  ____Boot_Delay4k
  ____Boot_Delay8k
  ____Boot_Delay12k
  ____Boot_Delay16k
  ____Boot_Delay24k
  ____Boot_Delay32k
  ____Boot_Delay48k
  ____Boot_Delay64k
  ____Boot_Delay128k
  _Delay_Cyc
  _VDelay_ms
  L__VDelay_ms29
  L__VDelay_ms30
  L__VDelay_ms31
  _VDelay_Advanced_ms
  L__VDelay_Advanced_ms32
  L__VDelay_Advanced_ms33
  L__VDelay_Advanced_ms34
  L_Lcd_Cmd0
  L_Lcd_Cmd1
  L_Lcd_Out_CP2
  L_Lcd_Out_CP3
  L_Lcd_Chr4
  L_Lcd_Chr5
  L_Lcd_Chr6
  L_Lcd_Chr7
  L_Lcd_Chr8
  L_Lcd_Chr9
  L_Lcd_Chr10
  L_Lcd_Out11
  L_Lcd_Out12
  L_Lcd_Out13
  L_Lcd_Out14
  L_Lcd_Out15
  L_Lcd_Out16
  L_Lcd_Out17
  L_Lcd_Out18
  L_Lcd_Out19
  _Lcd_Cmd
  L__Lcd_Cmd20
  L__Lcd_Cmd21
  L__Lcd_Cmd22
  L__Lcd_Cmd23
  L__Lcd_Cmd24
  L__Lcd_Cmd25
  L__Lcd_Cmd26
  L__Lcd_Cmd27
  L__Lcd_Cmd28
  L__Lcd_Cmd29
  L__Lcd_Cmd30
  L__Lcd_Cmd31
  L__Lcd_Cmd32
  L__Lcd_Cmd33
  L__Lcd_Cmd34
  L__Lcd_Cmd35
  L__Lcd_Cmd36
  L__Lcd_Cmd37
  L__Lcd_Cmd38
  L__Lcd_Cmd39
  _Lcd_Chr_CP
  _Lcd_Out_CP
  _Lcd_Chr
  _Lcd_Init
  _Lcd_Out
  _CC2D_Loop1
  _CC2DL_Loop1
  L_longjmp2
  ___CC2D
  ___CC2DW
  _____DoIFC
  _Swap
  _setjmp
  _longjmp
