;  LST file generated by mikroListExporter - v.2.0 
; Date/Time: 23/01/2023 21:43:45
;----------------------------------------------

;Address Opcode 	ASM
0x0000	0x29A6      	GOTO       422
_Delay_1us:
;__Lib_Delays.c,7 :: 		void Delay_1us() {
;__Lib_Delays.c,8 :: 		Delay_us(1);
0x0003	0x0000      	NOP
0x0004	0x0000      	NOP
;__Lib_Delays.c,9 :: 		}
0x0005	0x0008      	RETURN
; end of _Delay_1us
_Delay_50us:
;__Lib_Delays.c,19 :: 		void Delay_50us() {
;__Lib_Delays.c,20 :: 		Delay_us(50);
0x0006	0x3021      	MOVLW      33
0x0007	0x1283      	BCF        STATUS, 5
0x0008	0x1303      	BCF        STATUS, 6
0x0009	0x00FD      	MOVWF      R13
L_Delay_50us2:
0x000A	0x0BFD      	DECFSZ     R13, 1
0x000B	0x280A      	GOTO       L_Delay_50us2
;__Lib_Delays.c,21 :: 		}
0x000C	0x0008      	RETURN
; end of _Delay_50us
_Delay_5500us:
;__Lib_Delays.c,31 :: 		void Delay_5500us() {
;__Lib_Delays.c,32 :: 		Delay_us(5500);
0x000D	0x300F      	MOVLW      15
0x000E	0x1283      	BCF        STATUS, 5
0x000F	0x1303      	BCF        STATUS, 6
0x0010	0x00FC      	MOVWF      R12
0x0011	0x3047      	MOVLW      71
0x0012	0x00FD      	MOVWF      R13
L_Delay_5500us5:
0x0013	0x0BFD      	DECFSZ     R13, 1
0x0014	0x2813      	GOTO       L_Delay_5500us5
0x0015	0x0BFC      	DECFSZ     R12, 1
0x0016	0x2813      	GOTO       L_Delay_5500us5
0x0017	0x0000      	NOP
0x0018	0x0000      	NOP
;__Lib_Delays.c,33 :: 		}
0x0019	0x0008      	RETURN
; end of _Delay_5500us
_Lcd_Cmd:
;__Lib_Lcd.c,18 :: 		
;__Lib_Lcd.c,20 :: 		
0x001A	0x1283      	BCF        STATUS, 5
0x001B	0x1303      	BCF        STATUS, 6
0x001C	0x1BEA      	BTFSC      FARG_Lcd_Cmd_out_char, 7
0x001D	0x2820      	GOTO       L__Lcd_Cmd20
0x001E	0x1388      	BCF        LCD_D7, BitPos(LCD_D7+0)
0x001F	0x2821      	GOTO       L__Lcd_Cmd21
L__Lcd_Cmd20:
0x0020	0x1788      	BSF        LCD_D7, BitPos(LCD_D7+0)
L__Lcd_Cmd21:
;__Lib_Lcd.c,21 :: 		
0x0021	0x1B6A      	BTFSC      FARG_Lcd_Cmd_out_char, 6
0x0022	0x2825      	GOTO       L__Lcd_Cmd22
0x0023	0x1308      	BCF        LCD_D6, BitPos(LCD_D6+0)
0x0024	0x2826      	GOTO       L__Lcd_Cmd23
L__Lcd_Cmd22:
0x0025	0x1708      	BSF        LCD_D6, BitPos(LCD_D6+0)
L__Lcd_Cmd23:
;__Lib_Lcd.c,22 :: 		
0x0026	0x1AEA      	BTFSC      FARG_Lcd_Cmd_out_char, 5
0x0027	0x282A      	GOTO       L__Lcd_Cmd24
0x0028	0x1288      	BCF        LCD_D5, BitPos(LCD_D5+0)
0x0029	0x282B      	GOTO       L__Lcd_Cmd25
L__Lcd_Cmd24:
0x002A	0x1688      	BSF        LCD_D5, BitPos(LCD_D5+0)
L__Lcd_Cmd25:
;__Lib_Lcd.c,23 :: 		
0x002B	0x1A6A      	BTFSC      FARG_Lcd_Cmd_out_char, 4
0x002C	0x282F      	GOTO       L__Lcd_Cmd26
0x002D	0x1208      	BCF        LCD_D4, BitPos(LCD_D4+0)
0x002E	0x2830      	GOTO       L__Lcd_Cmd27
L__Lcd_Cmd26:
0x002F	0x1608      	BSF        LCD_D4, BitPos(LCD_D4+0)
L__Lcd_Cmd27:
;__Lib_Lcd.c,25 :: 		
0x0030	0x18D6      	BTFSC      __Lib_Lcd_cmd_status, BitPos(__Lib_Lcd_cmd_status+0)
0x0031	0x2834      	GOTO       L__Lcd_Cmd28
0x0032	0x1509      	BSF        LCD_RS, BitPos(LCD_RS+0)
0x0033	0x2835      	GOTO       L__Lcd_Cmd29
L__Lcd_Cmd28:
0x0034	0x1109      	BCF        LCD_RS, BitPos(LCD_RS+0)
L__Lcd_Cmd29:
;__Lib_Lcd.c,28 :: 		
0x0035	0x1489      	BSF        LCD_EN, BitPos(LCD_EN+0)
;__Lib_Lcd.c,29 :: 		
0x0036	0x2003      	CALL       _Delay_1us
;__Lib_Lcd.c,30 :: 		
0x0037	0x1089      	BCF        LCD_EN, BitPos(LCD_EN+0)
;__Lib_Lcd.c,33 :: 		
0x0038	0x19EA      	BTFSC      FARG_Lcd_Cmd_out_char, 3
0x0039	0x283C      	GOTO       L__Lcd_Cmd30
0x003A	0x1388      	BCF        LCD_D7, BitPos(LCD_D7+0)
0x003B	0x283D      	GOTO       L__Lcd_Cmd31
L__Lcd_Cmd30:
0x003C	0x1788      	BSF        LCD_D7, BitPos(LCD_D7+0)
L__Lcd_Cmd31:
;__Lib_Lcd.c,34 :: 		
0x003D	0x196A      	BTFSC      FARG_Lcd_Cmd_out_char, 2
0x003E	0x2841      	GOTO       L__Lcd_Cmd32
0x003F	0x1308      	BCF        LCD_D6, BitPos(LCD_D6+0)
0x0040	0x2842      	GOTO       L__Lcd_Cmd33
L__Lcd_Cmd32:
0x0041	0x1708      	BSF        LCD_D6, BitPos(LCD_D6+0)
L__Lcd_Cmd33:
;__Lib_Lcd.c,35 :: 		
0x0042	0x18EA      	BTFSC      FARG_Lcd_Cmd_out_char, 1
0x0043	0x2846      	GOTO       L__Lcd_Cmd34
0x0044	0x1288      	BCF        LCD_D5, BitPos(LCD_D5+0)
0x0045	0x2847      	GOTO       L__Lcd_Cmd35
L__Lcd_Cmd34:
0x0046	0x1688      	BSF        LCD_D5, BitPos(LCD_D5+0)
L__Lcd_Cmd35:
;__Lib_Lcd.c,36 :: 		
0x0047	0x186A      	BTFSC      FARG_Lcd_Cmd_out_char, 0
0x0048	0x284B      	GOTO       L__Lcd_Cmd36
0x0049	0x1208      	BCF        LCD_D4, BitPos(LCD_D4+0)
0x004A	0x284C      	GOTO       L__Lcd_Cmd37
L__Lcd_Cmd36:
0x004B	0x1608      	BSF        LCD_D4, BitPos(LCD_D4+0)
L__Lcd_Cmd37:
;__Lib_Lcd.c,38 :: 		
0x004C	0x18D6      	BTFSC      __Lib_Lcd_cmd_status, BitPos(__Lib_Lcd_cmd_status+0)
0x004D	0x2850      	GOTO       L__Lcd_Cmd38
0x004E	0x1509      	BSF        LCD_RS, BitPos(LCD_RS+0)
0x004F	0x2851      	GOTO       L__Lcd_Cmd39
L__Lcd_Cmd38:
0x0050	0x1109      	BCF        LCD_RS, BitPos(LCD_RS+0)
L__Lcd_Cmd39:
;__Lib_Lcd.c,40 :: 		
0x0051	0x1489      	BSF        LCD_EN, BitPos(LCD_EN+0)
;__Lib_Lcd.c,41 :: 		
0x0052	0x2003      	CALL       _Delay_1us
;__Lib_Lcd.c,42 :: 		
0x0053	0x1089      	BCF        LCD_EN, BitPos(LCD_EN+0)
;__Lib_Lcd.c,44 :: 		
0x0054	0x1CD6      	BTFSS      __Lib_Lcd_cmd_status, BitPos(__Lib_Lcd_cmd_status+0)
0x0055	0x2858      	GOTO       L_Lcd_Cmd0
;__Lib_Lcd.c,45 :: 		
0x0056	0x200D      	CALL       _Delay_5500us
0x0057	0x2859      	GOTO       L_Lcd_Cmd1
L_Lcd_Cmd0:
;__Lib_Lcd.c,47 :: 		
0x0058	0x2006      	CALL       _Delay_50us
L_Lcd_Cmd1:
;__Lib_Lcd.c,48 :: 		
0x0059	0x0008      	RETURN
; end of _Lcd_Cmd
_____DoICP:
;__Lib_System.c,6 :: 		
;__Lib_System.c,9 :: 		
0x005A	0x1283      	BCF        STATUS, 5
0x005B	0x1303      	BCF        STATUS, 6
0x005C	0x0855      	MOVF       ___DoICPAddr+1, 0
0x005D	0x008A      	MOVWF      PCLATH
;__Lib_System.c,10 :: 		
0x005E	0x0854      	MOVF       ___DoICPAddr, 0
0x005F	0x0082      	MOVWF      PCL
;__Lib_System.c,12 :: 		
0x0060	0x0008      	RETURN
; end of _____DoICP
_Lcd_Chr_CP:
;__Lib_Lcd.c,50 :: 		
;__Lib_Lcd.c,52 :: 		
0x0061	0x1283      	BCF        STATUS, 5
0x0062	0x1303      	BCF        STATUS, 6
0x0063	0x10D6      	BCF        __Lib_Lcd_cmd_status, BitPos(__Lib_Lcd_cmd_status+0)
;__Lib_Lcd.c,53 :: 		
0x0064	0x0869      	MOVF       FARG_Lcd_Chr_CP_out_char, 0
0x0065	0x00EA      	MOVWF      FARG_Lcd_Cmd_out_char
0x0066	0x201A      	CALL       _Lcd_Cmd
;__Lib_Lcd.c,54 :: 		
0x0067	0x14D6      	BSF        __Lib_Lcd_cmd_status, BitPos(__Lib_Lcd_cmd_status+0)
;__Lib_Lcd.c,55 :: 		
0x0068	0x0008      	RETURN
; end of _Lcd_Chr_CP
_Delay_500us:
;__Lib_Delays.c,27 :: 		void Delay_500us() {
;__Lib_Delays.c,28 :: 		Delay_us(498);
0x0069	0x3002      	MOVLW      2
0x006A	0x1283      	BCF        STATUS, 5
0x006B	0x1303      	BCF        STATUS, 6
0x006C	0x00FC      	MOVWF      R12
0x006D	0x3049      	MOVLW      73
0x006E	0x00FD      	MOVWF      R13
L_Delay_500us4:
0x006F	0x0BFD      	DECFSZ     R13, 1
0x0070	0x286F      	GOTO       L_Delay_500us4
0x0071	0x0BFC      	DECFSZ     R12, 1
0x0072	0x286F      	GOTO       L_Delay_500us4
0x0073	0x0000      	NOP
0x0074	0x0000      	NOP
;__Lib_Delays.c,29 :: 		}
0x0075	0x0008      	RETURN
; end of _Delay_500us
_Div_16x16_U:
;__Lib_Math.c,215 :: 		
;__Lib_Math.c,222 :: 		
0x0076	0x1283      	BCF        STATUS, 5
;__Lib_Math.c,223 :: 		
0x0077	0x1303      	BCF        STATUS, 6
;__Lib_Math.c,224 :: 		
0x0078	0x01F8      	CLRF       R8
;__Lib_Math.c,225 :: 		
0x0079	0x01F9      	CLRF       R9
;__Lib_Math.c,226 :: 		
0x007A	0x3010      	MOVLW      16
;__Lib_Math.c,227 :: 		
0x007B	0x00FC      	MOVWF      R12
;__Lib_Math.c,228 :: 		
0x007C	0x0D71      	RLF        R1, 0
;__Lib_Math.c,229 :: 		
0x007D	0x0DF8      	RLF        R8, 1
;__Lib_Math.c,230 :: 		
0x007E	0x0DF9      	RLF        R9, 1
;__Lib_Math.c,231 :: 		
0x007F	0x0874      	MOVF       R4, 0
;__Lib_Math.c,232 :: 		
0x0080	0x02F8      	SUBWF      R8, 1
;__Lib_Math.c,233 :: 		
0x0081	0x0875      	MOVF       R5, 0
;__Lib_Math.c,234 :: 		
0x0082	0x1C03      	BTFSS      STATUS, 0
;__Lib_Math.c,235 :: 		
0x0083	0x0F75      	INCFSZ     R5, 0
;__Lib_Math.c,236 :: 		
0x0084	0x02F9      	SUBWF      R9, 1
;__Lib_Math.c,237 :: 		
0x0085	0x1803      	BTFSC      STATUS, 0
;__Lib_Math.c,238 :: 		
0x0086	0x288E      	GOTO       $+8
;__Lib_Math.c,239 :: 		
0x0087	0x0874      	MOVF       R4, 0
;__Lib_Math.c,240 :: 		
0x0088	0x07F8      	ADDWF      R8, 1
;__Lib_Math.c,241 :: 		
0x0089	0x0875      	MOVF       R5, 0
;__Lib_Math.c,242 :: 		
0x008A	0x1803      	BTFSC      STATUS, 0
;__Lib_Math.c,243 :: 		
0x008B	0x0F75      	INCFSZ     R5, 0
;__Lib_Math.c,244 :: 		
0x008C	0x07F9      	ADDWF      R9, 1
;__Lib_Math.c,245 :: 		
0x008D	0x1003      	BCF        STATUS, 0
;__Lib_Math.c,246 :: 		
0x008E	0x0DF0      	RLF        R0, 1
;__Lib_Math.c,247 :: 		
0x008F	0x0DF1      	RLF        R1, 1
;__Lib_Math.c,248 :: 		
0x0090	0x0BFC      	DECFSZ     R12, 1
;__Lib_Math.c,249 :: 		
0x0091	0x287C      	GOTO       $-21
;__Lib_Math.c,251 :: 		
0x0092	0x0008      	RETURN
; end of _Div_16x16_U
_Button:
;__Lib_Button.c,6 :: 		
;__Lib_Button.c,8 :: 		
0x0093	0x1283      	BCF        STATUS, 5
0x0094	0x1303      	BCF        STATUS, 6
0x0095	0x01E8      	CLRF       Button_rslt_L0
;__Lib_Button.c,11 :: 		
0x0096	0x0864      	MOVF       FARG_Button_pin, 0
0x0097	0x00F1      	MOVWF      R1
0x0098	0x3001      	MOVLW      1
0x0099	0x00F0      	MOVWF      R0
0x009A	0x0871      	MOVF       R1, 0
L__Button4:
0x009B	0x1903      	BTFSC      STATUS, 2
0x009C	0x28A1      	GOTO       L__Button5
0x009D	0x0DF0      	RLF        R0, 1
0x009E	0x1070      	BCF        R0, 0
0x009F	0x3EFF      	ADDLW      255
0x00A0	0x289B      	GOTO       L__Button4
L__Button5:
0x00A1	0x0870      	MOVF       R0, 0
0x00A2	0x00E7      	MOVWF      Button_pMask_L0
;__Lib_Button.c,13 :: 		
0x00A3	0x0863      	MOVF       FARG_Button_port, 0
0x00A4	0x0084      	MOVWF      FSR
0x00A5	0x0870      	MOVF       R0, 0
0x00A6	0x0500      	ANDWF      INDF, 0
0x00A7	0x00F1      	MOVWF      R1
0x00A8	0x0871      	MOVF       R1, 0
0x00A9	0x3001      	MOVLW      1
0x00AA	0x1D03      	BTFSS      STATUS, 2
0x00AB	0x3000      	MOVLW      0
0x00AC	0x00F0      	MOVWF      R0
0x00AD	0x0866      	MOVF       FARG_Button_active_state, 0
0x00AE	0x06F0      	XORWF      R0, 1
0x00AF	0x1903      	BTFSC      STATUS, 2
0x00B0	0x28C9      	GOTO       L_Button0
;__Lib_Button.c,15 :: 		
L_Button1:
0x00B1	0x0865      	MOVF       FARG_Button_time_ms, 0
0x00B2	0x3C00      	SUBLW      0
0x00B3	0x1803      	BTFSC      STATUS, 0
0x00B4	0x28B9      	GOTO       L_Button2
;__Lib_Button.c,16 :: 		
0x00B5	0x2069      	CALL       _Delay_500us
;__Lib_Button.c,17 :: 		
0x00B6	0x2069      	CALL       _Delay_500us
;__Lib_Button.c,18 :: 		
0x00B7	0x03E5      	DECF       FARG_Button_time_ms, 1
;__Lib_Button.c,19 :: 		
0x00B8	0x28B1      	GOTO       L_Button1
L_Button2:
;__Lib_Button.c,21 :: 		
0x00B9	0x0863      	MOVF       FARG_Button_port, 0
0x00BA	0x0084      	MOVWF      FSR
0x00BB	0x0867      	MOVF       Button_pMask_L0, 0
0x00BC	0x0500      	ANDWF      INDF, 0
0x00BD	0x00F1      	MOVWF      R1
0x00BE	0x0871      	MOVF       R1, 0
0x00BF	0x3001      	MOVLW      1
0x00C0	0x1D03      	BTFSS      STATUS, 2
0x00C1	0x3000      	MOVLW      0
0x00C2	0x00F0      	MOVWF      R0
0x00C3	0x0866      	MOVF       FARG_Button_active_state, 0
0x00C4	0x06F0      	XORWF      R0, 1
0x00C5	0x1903      	BTFSC      STATUS, 2
0x00C6	0x28C9      	GOTO       L_Button3
;__Lib_Button.c,22 :: 		
0x00C7	0x30FF      	MOVLW      255
0x00C8	0x00E8      	MOVWF      Button_rslt_L0
L_Button3:
;__Lib_Button.c,23 :: 		
L_Button0:
;__Lib_Button.c,25 :: 		
0x00C9	0x0868      	MOVF       Button_rslt_L0, 0
0x00CA	0x00F0      	MOVWF      R0
;__Lib_Button.c,26 :: 		
0x00CB	0x0008      	RETURN
; end of _Button
_Lcd_Out:
;__Lib_Lcd.c,184 :: 		
;__Lib_Lcd.c,187 :: 		
0x00CC	0x28DE      	GOTO       L_Lcd_Out11
;__Lib_Lcd.c,188 :: 		
L_Lcd_Out13:
0x00CD	0x3080      	MOVLW      128
0x00CE	0x1283      	BCF        STATUS, 5
0x00CF	0x1303      	BCF        STATUS, 6
0x00D0	0x00E3      	MOVWF      FARG_Lcd_Out_row
0x00D1	0x28F1      	GOTO       L_Lcd_Out12
;__Lib_Lcd.c,189 :: 		
L_Lcd_Out14:
0x00D2	0x30C0      	MOVLW      192
0x00D3	0x00E3      	MOVWF      FARG_Lcd_Out_row
0x00D4	0x28F1      	GOTO       L_Lcd_Out12
;__Lib_Lcd.c,190 :: 		
L_Lcd_Out15:
0x00D5	0x3094      	MOVLW      148
0x00D6	0x00E3      	MOVWF      FARG_Lcd_Out_row
0x00D7	0x28F1      	GOTO       L_Lcd_Out12
;__Lib_Lcd.c,191 :: 		
L_Lcd_Out16:
0x00D8	0x30D4      	MOVLW      212
0x00D9	0x00E3      	MOVWF      FARG_Lcd_Out_row
0x00DA	0x28F1      	GOTO       L_Lcd_Out12
;__Lib_Lcd.c,192 :: 		
L_Lcd_Out17:
0x00DB	0x3080      	MOVLW      128
0x00DC	0x00E3      	MOVWF      FARG_Lcd_Out_row
;__Lib_Lcd.c,193 :: 		
0x00DD	0x28F1      	GOTO       L_Lcd_Out12
L_Lcd_Out11:
0x00DE	0x1283      	BCF        STATUS, 5
0x00DF	0x1303      	BCF        STATUS, 6
0x00E0	0x0863      	MOVF       FARG_Lcd_Out_row, 0
0x00E1	0x3A01      	XORLW      1
0x00E2	0x1903      	BTFSC      STATUS, 2
0x00E3	0x28CD      	GOTO       L_Lcd_Out13
0x00E4	0x0863      	MOVF       FARG_Lcd_Out_row, 0
0x00E5	0x3A02      	XORLW      2
0x00E6	0x1903      	BTFSC      STATUS, 2
0x00E7	0x28D2      	GOTO       L_Lcd_Out14
0x00E8	0x0863      	MOVF       FARG_Lcd_Out_row, 0
0x00E9	0x3A03      	XORLW      3
0x00EA	0x1903      	BTFSC      STATUS, 2
0x00EB	0x28D5      	GOTO       L_Lcd_Out15
0x00EC	0x0863      	MOVF       FARG_Lcd_Out_row, 0
0x00ED	0x3A04      	XORLW      4
0x00EE	0x1903      	BTFSC      STATUS, 2
0x00EF	0x28D8      	GOTO       L_Lcd_Out16
0x00F0	0x28DB      	GOTO       L_Lcd_Out17
L_Lcd_Out12:
;__Lib_Lcd.c,194 :: 		
0x00F1	0x0364      	DECF       FARG_Lcd_Out_column, 0
0x00F2	0x00F0      	MOVWF      R0
0x00F3	0x0863      	MOVF       FARG_Lcd_Out_row, 0
0x00F4	0x07F0      	ADDWF      R0, 1
0x00F5	0x0870      	MOVF       R0, 0
0x00F6	0x00E3      	MOVWF      FARG_Lcd_Out_row
;__Lib_Lcd.c,196 :: 		
0x00F7	0x0870      	MOVF       R0, 0
0x00F8	0x00EA      	MOVWF      FARG_Lcd_Cmd_out_char
0x00F9	0x201A      	CALL       _Lcd_Cmd
;__Lib_Lcd.c,197 :: 		
0x00FA	0x10D6      	BCF        __Lib_Lcd_cmd_status, BitPos(__Lib_Lcd_cmd_status+0)
;__Lib_Lcd.c,198 :: 		
0x00FB	0x01E6      	CLRF       Lcd_Out_i_L0
;__Lib_Lcd.c,199 :: 		
L_Lcd_Out18:
0x00FC	0x0866      	MOVF       Lcd_Out_i_L0, 0
0x00FD	0x0765      	ADDWF      FARG_Lcd_Out_text, 0
0x00FE	0x0084      	MOVWF      FSR
0x00FF	0x0800      	MOVF       INDF, 0
0x0100	0x1903      	BTFSC      STATUS, 2
0x0101	0x290A      	GOTO       L_Lcd_Out19
;__Lib_Lcd.c,200 :: 		
0x0102	0x0866      	MOVF       Lcd_Out_i_L0, 0
0x0103	0x0765      	ADDWF      FARG_Lcd_Out_text, 0
0x0104	0x0084      	MOVWF      FSR
0x0105	0x0800      	MOVF       INDF, 0
0x0106	0x00E9      	MOVWF      FARG_Lcd_Chr_CP_out_char
0x0107	0x2061      	CALL       _Lcd_Chr_CP
0x0108	0x0AE6      	INCF       Lcd_Out_i_L0, 1
0x0109	0x28FC      	GOTO       L_Lcd_Out18
L_Lcd_Out19:
;__Lib_Lcd.c,201 :: 		
0x010A	0x14D6      	BSF        __Lib_Lcd_cmd_status, BitPos(__Lib_Lcd_cmd_status+0)
;__Lib_Lcd.c,202 :: 		
0x010B	0x0008      	RETURN
; end of _Lcd_Out
_WordToStr:
;__Lib_Conversions.c,84 :: 		
;__Lib_Conversions.c,89 :: 		
0x010C	0x1283      	BCF        STATUS, 5
0x010D	0x1303      	BCF        STATUS, 6
0x010E	0x01E6      	CLRF       WordToStr_len_L0
L_WordToStr6:
0x010F	0x3005      	MOVLW      5
0x0110	0x0266      	SUBWF      WordToStr_len_L0, 0
0x0111	0x1803      	BTFSC      STATUS, 0
0x0112	0x291A      	GOTO       L_WordToStr7
;__Lib_Conversions.c,90 :: 		
0x0113	0x0866      	MOVF       WordToStr_len_L0, 0
0x0114	0x0765      	ADDWF      FARG_WordToStr_output, 0
0x0115	0x0084      	MOVWF      FSR
0x0116	0x3020      	MOVLW      32
0x0117	0x0080      	MOVWF      INDF
;__Lib_Conversions.c,89 :: 		
0x0118	0x0AE6      	INCF       WordToStr_len_L0, 1
;__Lib_Conversions.c,90 :: 		
0x0119	0x290F      	GOTO       L_WordToStr6
L_WordToStr7:
;__Lib_Conversions.c,91 :: 		
0x011A	0x0866      	MOVF       WordToStr_len_L0, 0
0x011B	0x0765      	ADDWF      FARG_WordToStr_output, 0
0x011C	0x0084      	MOVWF      FSR
0x011D	0x0180      	CLRF       INDF
0x011E	0x03E6      	DECF       WordToStr_len_L0, 1
;__Lib_Conversions.c,93 :: 		
L_WordToStr9:
;__Lib_Conversions.c,94 :: 		
0x011F	0x0866      	MOVF       WordToStr_len_L0, 0
0x0120	0x0765      	ADDWF      FARG_WordToStr_output, 0
0x0121	0x00E7      	MOVWF      FLOC__WordToStr
0x0122	0x300A      	MOVLW      10
0x0123	0x00F4      	MOVWF      R4
0x0124	0x01F5      	CLRF       R4+1
0x0125	0x0863      	MOVF       FARG_WordToStr_input, 0
0x0126	0x00F0      	MOVWF      R0
0x0127	0x0864      	MOVF       FARG_WordToStr_input+1, 0
0x0128	0x00F1      	MOVWF      R0+1
0x0129	0x2076      	CALL       _Div_16x16_U
0x012A	0x0878      	MOVF       R8, 0
0x012B	0x00F0      	MOVWF      R0
0x012C	0x0879      	MOVF       R8+1, 0
0x012D	0x00F1      	MOVWF      R0+1
0x012E	0x3030      	MOVLW      48
0x012F	0x07F0      	ADDWF      R0, 1
0x0130	0x0867      	MOVF       FLOC__WordToStr, 0
0x0131	0x0084      	MOVWF      FSR
0x0132	0x0870      	MOVF       R0, 0
0x0133	0x0080      	MOVWF      INDF
;__Lib_Conversions.c,95 :: 		
0x0134	0x300A      	MOVLW      10
0x0135	0x00F4      	MOVWF      R4
0x0136	0x01F5      	CLRF       R4+1
0x0137	0x0863      	MOVF       FARG_WordToStr_input, 0
0x0138	0x00F0      	MOVWF      R0
0x0139	0x0864      	MOVF       FARG_WordToStr_input+1, 0
0x013A	0x00F1      	MOVWF      R0+1
0x013B	0x2076      	CALL       _Div_16x16_U
0x013C	0x0870      	MOVF       R0, 0
0x013D	0x00E3      	MOVWF      FARG_WordToStr_input
0x013E	0x0871      	MOVF       R0+1, 0
0x013F	0x00E4      	MOVWF      FARG_WordToStr_input+1
;__Lib_Conversions.c,96 :: 		
0x0140	0x3000      	MOVLW      0
0x0141	0x0671      	XORWF      R0+1, 0
0x0142	0x1D03      	BTFSS      STATUS, 2
0x0143	0x2946      	GOTO       L__WordToStr96
0x0144	0x3000      	MOVLW      0
0x0145	0x0670      	XORWF      R0, 0
L__WordToStr96:
0x0146	0x1D03      	BTFSS      STATUS, 2
0x0147	0x2949      	GOTO       L_WordToStr11
;__Lib_Conversions.c,97 :: 		
0x0148	0x294B      	GOTO       L_WordToStr10
L_WordToStr11:
;__Lib_Conversions.c,98 :: 		
0x0149	0x03E6      	DECF       WordToStr_len_L0, 1
;__Lib_Conversions.c,99 :: 		
0x014A	0x291F      	GOTO       L_WordToStr9
L_WordToStr10:
;__Lib_Conversions.c,100 :: 		
0x014B	0x0008      	RETURN
; end of _WordToStr
_Lcd_Init:
;__Lib_Lcd.c,84 :: 		
;__Lib_Lcd.c,86 :: 		
0x014C	0x1683      	BSF        STATUS, 5
0x014D	0x1303      	BCF        STATUS, 6
0x014E	0x1089      	BCF        LCD_EN_Direction, BitPos(LCD_EN_Direction+0)
;__Lib_Lcd.c,87 :: 		
0x014F	0x1109      	BCF        LCD_RS_Direction, BitPos(LCD_RS_Direction+0)
;__Lib_Lcd.c,88 :: 		
0x0150	0x1208      	BCF        LCD_D4_Direction, BitPos(LCD_D4_Direction+0)
;__Lib_Lcd.c,89 :: 		
0x0151	0x1288      	BCF        LCD_D5_Direction, BitPos(LCD_D5_Direction+0)
;__Lib_Lcd.c,90 :: 		
0x0152	0x1308      	BCF        LCD_D6_Direction, BitPos(LCD_D6_Direction+0)
;__Lib_Lcd.c,91 :: 		
0x0153	0x1388      	BCF        LCD_D7_Direction, BitPos(LCD_D7_Direction+0)
;__Lib_Lcd.c,93 :: 		
0x0154	0x1283      	BCF        STATUS, 5
0x0155	0x1089      	BCF        LCD_EN, BitPos(LCD_EN+0)
;__Lib_Lcd.c,94 :: 		
0x0156	0x1109      	BCF        LCD_RS, BitPos(LCD_RS+0)
;__Lib_Lcd.c,95 :: 		
0x0157	0x1388      	BCF        LCD_D7, BitPos(LCD_D7+0)
;__Lib_Lcd.c,96 :: 		
0x0158	0x1308      	BCF        LCD_D6, BitPos(LCD_D6+0)
;__Lib_Lcd.c,97 :: 		
0x0159	0x1288      	BCF        LCD_D5, BitPos(LCD_D5+0)
;__Lib_Lcd.c,98 :: 		
0x015A	0x1208      	BCF        LCD_D4, BitPos(LCD_D4+0)
;__Lib_Lcd.c,100 :: 		
0x015B	0x200D      	CALL       _Delay_5500us
;__Lib_Lcd.c,101 :: 		
0x015C	0x200D      	CALL       _Delay_5500us
;__Lib_Lcd.c,102 :: 		
0x015D	0x200D      	CALL       _Delay_5500us
;__Lib_Lcd.c,105 :: 		
0x015E	0x1688      	BSF        LCD_D5, BitPos(LCD_D5+0)
;__Lib_Lcd.c,106 :: 		
0x015F	0x1608      	BSF        LCD_D4, BitPos(LCD_D4+0)
;__Lib_Lcd.c,107 :: 		
0x0160	0x1489      	BSF        LCD_EN, BitPos(LCD_EN+0)
;__Lib_Lcd.c,108 :: 		
0x0161	0x2003      	CALL       _Delay_1us
;__Lib_Lcd.c,109 :: 		
0x0162	0x1089      	BCF        LCD_EN, BitPos(LCD_EN+0)
;__Lib_Lcd.c,110 :: 		
0x0163	0x200D      	CALL       _Delay_5500us
;__Lib_Lcd.c,112 :: 		
0x0164	0x1489      	BSF        LCD_EN, BitPos(LCD_EN+0)
;__Lib_Lcd.c,113 :: 		
0x0165	0x2003      	CALL       _Delay_1us
;__Lib_Lcd.c,114 :: 		
0x0166	0x1089      	BCF        LCD_EN, BitPos(LCD_EN+0)
;__Lib_Lcd.c,115 :: 		
0x0167	0x200D      	CALL       _Delay_5500us
;__Lib_Lcd.c,117 :: 		
0x0168	0x1489      	BSF        LCD_EN, BitPos(LCD_EN+0)
;__Lib_Lcd.c,118 :: 		
0x0169	0x2003      	CALL       _Delay_1us
;__Lib_Lcd.c,119 :: 		
0x016A	0x1089      	BCF        LCD_EN, BitPos(LCD_EN+0)
;__Lib_Lcd.c,120 :: 		
0x016B	0x200D      	CALL       _Delay_5500us
;__Lib_Lcd.c,123 :: 		
0x016C	0x1208      	BCF        LCD_D4, BitPos(LCD_D4+0)
;__Lib_Lcd.c,124 :: 		
0x016D	0x1489      	BSF        LCD_EN, BitPos(LCD_EN+0)
;__Lib_Lcd.c,125 :: 		
0x016E	0x2003      	CALL       _Delay_1us
;__Lib_Lcd.c,126 :: 		
0x016F	0x1089      	BCF        LCD_EN, BitPos(LCD_EN+0)
;__Lib_Lcd.c,127 :: 		
0x0170	0x200D      	CALL       _Delay_5500us
;__Lib_Lcd.c,130 :: 		
0x0171	0x1489      	BSF        LCD_EN, BitPos(LCD_EN+0)
;__Lib_Lcd.c,131 :: 		
0x0172	0x2003      	CALL       _Delay_1us
;__Lib_Lcd.c,132 :: 		
0x0173	0x1089      	BCF        LCD_EN, BitPos(LCD_EN+0)
;__Lib_Lcd.c,134 :: 		
0x0174	0x1288      	BCF        LCD_D5, BitPos(LCD_D5+0)
;__Lib_Lcd.c,135 :: 		
0x0175	0x1788      	BSF        LCD_D7, BitPos(LCD_D7+0)
;__Lib_Lcd.c,136 :: 		
0x0176	0x1489      	BSF        LCD_EN, BitPos(LCD_EN+0)
;__Lib_Lcd.c,137 :: 		
0x0177	0x2003      	CALL       _Delay_1us
;__Lib_Lcd.c,138 :: 		
0x0178	0x1089      	BCF        LCD_EN, BitPos(LCD_EN+0)
;__Lib_Lcd.c,139 :: 		
0x0179	0x200D      	CALL       _Delay_5500us
;__Lib_Lcd.c,142 :: 		
0x017A	0x1388      	BCF        LCD_D7, BitPos(LCD_D7+0)
;__Lib_Lcd.c,143 :: 		
0x017B	0x1608      	BSF        LCD_D4, BitPos(LCD_D4+0)
;__Lib_Lcd.c,144 :: 		
0x017C	0x1489      	BSF        LCD_EN, BitPos(LCD_EN+0)
;__Lib_Lcd.c,145 :: 		
0x017D	0x2003      	CALL       _Delay_1us
;__Lib_Lcd.c,146 :: 		
0x017E	0x1089      	BCF        LCD_EN, BitPos(LCD_EN+0)
;__Lib_Lcd.c,148 :: 		
0x017F	0x1208      	BCF        LCD_D4, BitPos(LCD_D4+0)
;__Lib_Lcd.c,149 :: 		
0x0180	0x1489      	BSF        LCD_EN, BitPos(LCD_EN+0)
;__Lib_Lcd.c,150 :: 		
0x0181	0x2003      	CALL       _Delay_1us
;__Lib_Lcd.c,151 :: 		
0x0182	0x1089      	BCF        LCD_EN, BitPos(LCD_EN+0)
;__Lib_Lcd.c,152 :: 		
0x0183	0x200D      	CALL       _Delay_5500us
;__Lib_Lcd.c,155 :: 		
0x0184	0x1489      	BSF        LCD_EN, BitPos(LCD_EN+0)
;__Lib_Lcd.c,156 :: 		
0x0185	0x2003      	CALL       _Delay_1us
;__Lib_Lcd.c,157 :: 		
0x0186	0x1089      	BCF        LCD_EN, BitPos(LCD_EN+0)
;__Lib_Lcd.c,159 :: 		
0x0187	0x1608      	BSF        LCD_D4, BitPos(LCD_D4+0)
;__Lib_Lcd.c,160 :: 		
0x0188	0x1489      	BSF        LCD_EN, BitPos(LCD_EN+0)
;__Lib_Lcd.c,161 :: 		
0x0189	0x2003      	CALL       _Delay_1us
;__Lib_Lcd.c,162 :: 		
0x018A	0x1089      	BCF        LCD_EN, BitPos(LCD_EN+0)
;__Lib_Lcd.c,163 :: 		
0x018B	0x200D      	CALL       _Delay_5500us
;__Lib_Lcd.c,166 :: 		
0x018C	0x1208      	BCF        LCD_D4, BitPos(LCD_D4+0)
;__Lib_Lcd.c,167 :: 		
0x018D	0x1489      	BSF        LCD_EN, BitPos(LCD_EN+0)
;__Lib_Lcd.c,168 :: 		
0x018E	0x2003      	CALL       _Delay_1us
;__Lib_Lcd.c,169 :: 		
0x018F	0x1089      	BCF        LCD_EN, BitPos(LCD_EN+0)
;__Lib_Lcd.c,171 :: 		
0x0190	0x1788      	BSF        LCD_D7, BitPos(LCD_D7+0)
;__Lib_Lcd.c,172 :: 		
0x0191	0x1708      	BSF        LCD_D6, BitPos(LCD_D6+0)
;__Lib_Lcd.c,173 :: 		
0x0192	0x1688      	BSF        LCD_D5, BitPos(LCD_D5+0)
;__Lib_Lcd.c,174 :: 		
0x0193	0x1608      	BSF        LCD_D4, BitPos(LCD_D4+0)
;__Lib_Lcd.c,175 :: 		
0x0194	0x1489      	BSF        LCD_EN, BitPos(LCD_EN+0)
;__Lib_Lcd.c,176 :: 		
0x0195	0x2003      	CALL       _Delay_1us
;__Lib_Lcd.c,177 :: 		
0x0196	0x1089      	BCF        LCD_EN, BitPos(LCD_EN+0)
;__Lib_Lcd.c,179 :: 		
0x0197	0x200D      	CALL       _Delay_5500us
;__Lib_Lcd.c,181 :: 		
0x0198	0x14D6      	BSF        __Lib_Lcd_cmd_status, BitPos(__Lib_Lcd_cmd_status+0)
;__Lib_Lcd.c,182 :: 		
0x0199	0x0008      	RETURN
; end of _Lcd_Init
___CC2DW:
;__Lib_System.c,24 :: 		
;__Lib_System.c,27 :: 		
_CC2D_Loop1:
;__Lib_System.c,29 :: 		
0x019A	0x205A      	CALL       _____DoICP
0x019B	0x118A      	BCF        PCLATH, 3
0x019C	0x120A      	BCF        PCLATH, 4
;__Lib_System.c,31 :: 		
0x019D	0x0080      	MOVWF      INDF
;__Lib_System.c,32 :: 		
0x019E	0x0A84      	INCF       FSR, 1
;__Lib_System.c,33 :: 		
0x019F	0x0AD4      	INCF       ___DoICPAddr, 1
;__Lib_System.c,35 :: 		
0x01A0	0x1903      	BTFSC      STATUS, 2
;__Lib_System.c,36 :: 		
0x01A1	0x0AD5      	INCF       ___DoICPAddr+1, 1
;__Lib_System.c,37 :: 		
0x01A2	0x03F0      	DECF       R0, 1
;__Lib_System.c,39 :: 		
0x01A3	0x1D03      	BTFSS      STATUS, 2
;__Lib_System.c,40 :: 		
0x01A4	0x299A      	GOTO       _CC2D_Loop1
;__Lib_System.c,42 :: 		
0x01A5	0x0008      	RETURN
; end of ___CC2DW
_main:
0x01A6	0x2296      	CALL       662
;VSaula025b.c,59 :: 		void main() {
;VSaula025b.c,61 :: 		ADCON0 = 0b00000000; // Fosc/4
0x01A7	0x1283      	BCF        STATUS, 5
0x01A8	0x1303      	BCF        STATUS, 6
0x01A9	0x019F      	CLRF       ADCON0
;VSaula025b.c,62 :: 		ADCON1 = 0b11000100; // justificado a direita, canais RA0/AN0, RA1/AN1 e RA3/AN3 configurados como analógico
0x01AA	0x30C4      	MOVLW      196
0x01AB	0x1683      	BSF        STATUS, 5
0x01AC	0x009F      	MOVWF      ADCON1
;VSaula025b.c,63 :: 		TRISA = 0b00000011; // canais AN0 e AN1 como entrada
0x01AD	0x3003      	MOVLW      3
0x01AE	0x0085      	MOVWF      TRISA
;VSaula025b.c,65 :: 		TRISB.RB0 = 1;
0x01AF	0x1406      	BSF        TRISB, 0
;VSaula025b.c,66 :: 		TRISB.RB1 = 1;
0x01B0	0x1486      	BSF        TRISB, 1
;VSaula025b.c,67 :: 		TRISD = 0x00;  // port D configurado como saída digital
0x01B1	0x0188      	CLRF       TRISD
;VSaula025b.c,68 :: 		PORTD = 0x00;  // port D inicia em nível baixo
0x01B2	0x1283      	BCF        STATUS, 5
0x01B3	0x0188      	CLRF       PORTD
;VSaula025b.c,69 :: 		TRISE = 0x00;
0x01B4	0x1683      	BSF        STATUS, 5
0x01B5	0x0189      	CLRF       TRISE
;VSaula025b.c,70 :: 		PORTE = 0x00;
0x01B6	0x1283      	BCF        STATUS, 5
0x01B7	0x0189      	CLRF       PORTE
;VSaula025b.c,73 :: 		Lcd_Init();                 // inicializa o LCD
0x01B8	0x214C      	CALL       _Lcd_Init
;VSaula025b.c,74 :: 		Lcd_Cmd(_LCD_CLEAR);        // limpa LCD
0x01B9	0x3001      	MOVLW      1
0x01BA	0x00EA      	MOVWF      FARG_Lcd_Cmd_out_char
0x01BB	0x201A      	CALL       _Lcd_Cmd
;VSaula025b.c,75 :: 		Lcd_Cmd(_LCD_CURSOR_OFF);   // desliga o cursor
0x01BC	0x300C      	MOVLW      12
0x01BD	0x00EA      	MOVWF      FARG_Lcd_Cmd_out_char
0x01BE	0x201A      	CALL       _Lcd_Cmd
;VSaula025b.c,76 :: 		Lcd_Cmd(_LCD_RETURN_HOME);  // posiciona cursor no início
0x01BF	0x3002      	MOVLW      2
0x01C0	0x00EA      	MOVWF      FARG_Lcd_Cmd_out_char
0x01C1	0x201A      	CALL       _Lcd_Cmd
;VSaula025b.c,78 :: 		Lcd_Out(1, 1, texto1);
0x01C2	0x3001      	MOVLW      1
0x01C3	0x00E3      	MOVWF      FARG_Lcd_Out_row
0x01C4	0x3001      	MOVLW      1
0x01C5	0x00E4      	MOVWF      FARG_Lcd_Out_column
0x01C6	0x3020      	MOVLW      _texto1
0x01C7	0x00E5      	MOVWF      FARG_Lcd_Out_text
0x01C8	0x20CC      	CALL       _Lcd_Out
;VSaula025b.c,79 :: 		Lcd_Out(2, 1, texto2);
0x01C9	0x3002      	MOVLW      2
0x01CA	0x00E3      	MOVWF      FARG_Lcd_Out_row
0x01CB	0x3001      	MOVLW      1
0x01CC	0x00E4      	MOVWF      FARG_Lcd_Out_column
0x01CD	0x303C      	MOVLW      _texto2
0x01CE	0x00E5      	MOVWF      FARG_Lcd_Out_text
0x01CF	0x20CC      	CALL       _Lcd_Out
;VSaula025b.c,80 :: 		delay_ms(2000);
0x01D0	0x3015      	MOVLW      21
0x01D1	0x00FB      	MOVWF      R11
0x01D2	0x304B      	MOVLW      75
0x01D3	0x00FC      	MOVWF      R12
0x01D4	0x30BE      	MOVLW      190
0x01D5	0x00FD      	MOVWF      R13
L_main0:
0x01D6	0x0BFD      	DECFSZ     R13, 1
0x01D7	0x29D6      	GOTO       L_main0
0x01D8	0x0BFC      	DECFSZ     R12, 1
0x01D9	0x29D6      	GOTO       L_main0
0x01DA	0x0BFB      	DECFSZ     R11, 1
0x01DB	0x29D6      	GOTO       L_main0
0x01DC	0x0000      	NOP
;VSaula025b.c,81 :: 		Lcd_Cmd(_LCD_CLEAR);
0x01DD	0x3001      	MOVLW      1
0x01DE	0x00EA      	MOVWF      FARG_Lcd_Cmd_out_char
0x01DF	0x201A      	CALL       _Lcd_Cmd
;VSaula025b.c,82 :: 		Lcd_Out(1, 1, "AN0 = ");
0x01E0	0x3001      	MOVLW      1
0x01E1	0x00E3      	MOVWF      FARG_Lcd_Out_row
0x01E2	0x3001      	MOVLW      1
0x01E3	0x00E4      	MOVWF      FARG_Lcd_Out_column
0x01E4	0x304D      	MOVLW      ?lstr1_VSaula025b
0x01E5	0x00E5      	MOVWF      FARG_Lcd_Out_text
0x01E6	0x20CC      	CALL       _Lcd_Out
;VSaula025b.c,83 :: 		Lcd_Out(2, 1, "AN1 = ");
0x01E7	0x3002      	MOVLW      2
0x01E8	0x00E3      	MOVWF      FARG_Lcd_Out_row
0x01E9	0x3001      	MOVLW      1
0x01EA	0x00E4      	MOVWF      FARG_Lcd_Out_column
0x01EB	0x3033      	MOVLW      ?lstr2_VSaula025b
0x01EC	0x00E5      	MOVWF      FARG_Lcd_Out_text
0x01ED	0x20CC      	CALL       _Lcd_Out
;VSaula025b.c,85 :: 		while(1){
L_main1:
;VSaula025b.c,87 :: 		ADCON0.CHS2 = 0;       // selecionam o canal AN0
0x01EE	0x129F      	BCF        ADCON0, 5
;VSaula025b.c,88 :: 		ADCON0.CHS1 = 0;
0x01EF	0x121F      	BCF        ADCON0, 4
;VSaula025b.c,89 :: 		ADCON0.CHS0 = 0;
0x01F0	0x119F      	BCF        ADCON0, 3
;VSaula025b.c,90 :: 		ADCON0.ADON = 1;       // ativa conversor A/D
0x01F1	0x141F      	BSF        ADCON0, 0
;VSaula025b.c,91 :: 		delay_us(20);          // tempo de espera da ativação
0x01F2	0x300D      	MOVLW      13
0x01F3	0x00FD      	MOVWF      R13
L_main3:
0x01F4	0x0BFD      	DECFSZ     R13, 1
0x01F5	0x29F4      	GOTO       L_main3
;VSaula025b.c,92 :: 		ADCON0.GO_DONE = 1;    // inicia o processo de conversão
0x01F6	0x151F      	BSF        ADCON0, 2
;VSaula025b.c,93 :: 		while(ADCON0.GO_DONE); // enquanto a conversão estiver em processo, fica pausado
L_main4:
0x01F7	0x1D1F      	BTFSS      ADCON0, 2
0x01F8	0x29FA      	GOTO       L_main5
0x01F9	0x29F7      	GOTO       L_main4
L_main5:
;VSaula025b.c,95 :: 		valorAD0 = (ADRESH << 8) + ADRESL; // pega o valor da conversão
0x01FA	0x081E      	MOVF       ADRESH, 0
0x01FB	0x00B2      	MOVWF      _valorAD0+1
0x01FC	0x01B1      	CLRF       _valorAD0
0x01FD	0x1683      	BSF        STATUS, 5
0x01FE	0x081E      	MOVF       ADRESL, 0
0x01FF	0x1283      	BCF        STATUS, 5
0x0200	0x07B1      	ADDWF      _valorAD0, 1
0x0201	0x1803      	BTFSC      STATUS, 0
0x0202	0x0AB2      	INCF       _valorAD0+1, 1
;VSaula025b.c,97 :: 		ADCON0.ADON = 0;
0x0203	0x101F      	BCF        ADCON0, 0
;VSaula025b.c,98 :: 		delay_us(20);
0x0204	0x300D      	MOVLW      13
0x0205	0x00FD      	MOVWF      R13
L_main6:
0x0206	0x0BFD      	DECFSZ     R13, 1
0x0207	0x2A06      	GOTO       L_main6
;VSaula025b.c,100 :: 		WordToStr(valorAD0, texto3);
0x0208	0x0831      	MOVF       _valorAD0, 0
0x0209	0x00E3      	MOVWF      FARG_WordToStr_input
0x020A	0x0832      	MOVF       _valorAD0+1, 0
0x020B	0x00E4      	MOVWF      FARG_WordToStr_input+1
0x020C	0x3057      	MOVLW      _texto3
0x020D	0x00E5      	MOVWF      FARG_WordToStr_output
0x020E	0x210C      	CALL       _WordToStr
;VSaula025b.c,101 :: 		Lcd_Out(1, 7, texto3);
0x020F	0x3001      	MOVLW      1
0x0210	0x00E3      	MOVWF      FARG_Lcd_Out_row
0x0211	0x3007      	MOVLW      7
0x0212	0x00E4      	MOVWF      FARG_Lcd_Out_column
0x0213	0x3057      	MOVLW      _texto3
0x0214	0x00E5      	MOVWF      FARG_Lcd_Out_text
0x0215	0x20CC      	CALL       _Lcd_Out
;VSaula025b.c,104 :: 		ADCON0.CHS2 = 0;       // selecionam o canal AN1
0x0216	0x129F      	BCF        ADCON0, 5
;VSaula025b.c,105 :: 		ADCON0.CHS1 = 0;
0x0217	0x121F      	BCF        ADCON0, 4
;VSaula025b.c,106 :: 		ADCON0.CHS0 = 1;
0x0218	0x159F      	BSF        ADCON0, 3
;VSaula025b.c,107 :: 		ADCON0.ADON = 1;       // ativa conversor A/D
0x0219	0x141F      	BSF        ADCON0, 0
;VSaula025b.c,108 :: 		delay_us(20);          // tempo de espera da ativação
0x021A	0x300D      	MOVLW      13
0x021B	0x00FD      	MOVWF      R13
L_main7:
0x021C	0x0BFD      	DECFSZ     R13, 1
0x021D	0x2A1C      	GOTO       L_main7
;VSaula025b.c,109 :: 		ADCON0.GO_DONE = 1;    // inicia o processo de conversão
0x021E	0x151F      	BSF        ADCON0, 2
;VSaula025b.c,110 :: 		while(ADCON0.GO_DONE); // enquanto a conversão estiver em processo, fica pausado
L_main8:
0x021F	0x1D1F      	BTFSS      ADCON0, 2
0x0220	0x2A22      	GOTO       L_main9
0x0221	0x2A1F      	GOTO       L_main8
L_main9:
;VSaula025b.c,112 :: 		valorAD1 = (ADRESH << 8) + ADRESL; // pega o valor da conversão
0x0222	0x081E      	MOVF       ADRESH, 0
0x0223	0x00BB      	MOVWF      _valorAD1+1
0x0224	0x01BA      	CLRF       _valorAD1
0x0225	0x1683      	BSF        STATUS, 5
0x0226	0x081E      	MOVF       ADRESL, 0
0x0227	0x1283      	BCF        STATUS, 5
0x0228	0x07BA      	ADDWF      _valorAD1, 1
0x0229	0x1803      	BTFSC      STATUS, 0
0x022A	0x0ABB      	INCF       _valorAD1+1, 1
;VSaula025b.c,114 :: 		ADCON0.ADON = 0;
0x022B	0x101F      	BCF        ADCON0, 0
;VSaula025b.c,115 :: 		delay_us(20);
0x022C	0x300D      	MOVLW      13
0x022D	0x00FD      	MOVWF      R13
L_main10:
0x022E	0x0BFD      	DECFSZ     R13, 1
0x022F	0x2A2E      	GOTO       L_main10
;VSaula025b.c,117 :: 		WordToStr(valorAD1, texto4);
0x0230	0x083A      	MOVF       _valorAD1, 0
0x0231	0x00E3      	MOVWF      FARG_WordToStr_input
0x0232	0x083B      	MOVF       _valorAD1+1, 0
0x0233	0x00E4      	MOVWF      FARG_WordToStr_input+1
0x0234	0x305D      	MOVLW      _texto4
0x0235	0x00E5      	MOVWF      FARG_WordToStr_output
0x0236	0x210C      	CALL       _WordToStr
;VSaula025b.c,118 :: 		Lcd_Out(2, 7, texto4);
0x0237	0x3002      	MOVLW      2
0x0238	0x00E3      	MOVWF      FARG_Lcd_Out_row
0x0239	0x3007      	MOVLW      7
0x023A	0x00E4      	MOVWF      FARG_Lcd_Out_column
0x023B	0x305D      	MOVLW      _texto4
0x023C	0x00E5      	MOVWF      FARG_Lcd_Out_text
0x023D	0x20CC      	CALL       _Lcd_Out
;VSaula025b.c,122 :: 		if(!B0 && flagB0 == 0){
0x023E	0x3006      	MOVLW      PORTB
0x023F	0x00E3      	MOVWF      FARG_Button_port
0x0240	0x01E4      	CLRF       FARG_Button_pin
0x0241	0x3032      	MOVLW      50
0x0242	0x00E5      	MOVWF      FARG_Button_time_ms
0x0243	0x01E6      	CLRF       FARG_Button_active_state
0x0244	0x2093      	CALL       _Button
0x0245	0x0870      	MOVF       R0, 0
0x0246	0x1D03      	BTFSS      STATUS, 2
0x0247	0x2A4B      	GOTO       L_main13
0x0248	0x1856      	BTFSC      _flagB0, BitPos(_flagB0+0)
0x0249	0x2A4B      	GOTO       L_main13
L__main18:
;VSaula025b.c,123 :: 		flagB0 = 1;
0x024A	0x1456      	BSF        _flagB0, BitPos(_flagB0+0)
;VSaula025b.c,124 :: 		}
L_main13:
;VSaula025b.c,125 :: 		if(B0 && flagB0 == 1){
0x024B	0x3006      	MOVLW      PORTB
0x024C	0x00E3      	MOVWF      FARG_Button_port
0x024D	0x01E4      	CLRF       FARG_Button_pin
0x024E	0x3032      	MOVLW      50
0x024F	0x00E5      	MOVWF      FARG_Button_time_ms
0x0250	0x01E6      	CLRF       FARG_Button_active_state
0x0251	0x2093      	CALL       _Button
0x0252	0x0870      	MOVF       R0, 0
0x0253	0x1903      	BTFSC      STATUS, 2
0x0254	0x2A5A      	GOTO       L_main16
0x0255	0x1C56      	BTFSS      _flagB0, BitPos(_flagB0+0)
0x0256	0x2A5A      	GOTO       L_main16
L__main17:
;VSaula025b.c,126 :: 		L0 = ~L0;
0x0257	0x3001      	MOVLW      1
0x0258	0x0688      	XORWF      RD0_bit, 1
;VSaula025b.c,127 :: 		flagB0 = 0;
0x0259	0x1056      	BCF        _flagB0, BitPos(_flagB0+0)
;VSaula025b.c,128 :: 		}
L_main16:
;VSaula025b.c,131 :: 		}
0x025A	0x29EE      	GOTO       L_main1
;VSaula025b.c,133 :: 		}
0x025B	0x2A5B      	GOTO       $+0
; end of _main
0x0296	0x3020      	MOVLW      32
0x0297	0x0084      	MOVWF      FSR
0x0298	0x3034      	MOVLW      52
0x0299	0x1283      	BCF        STATUS, 5
0x029A	0x1303      	BCF        STATUS, 6
0x029B	0x00F0      	MOVWF      R0
0x029C	0x3061      	MOVLW      97
0x029D	0x00D4      	MOVWF      ___DoICPAddr
0x029E	0x3002      	MOVLW      2
0x029F	0x00D5      	MOVWF      85
0x02A0	0x219A      	CALL       410
0x02A1	0x0008      	RETURN
;VSaula025b.c,0 :: ?ICS_texto1
0x0261	0x3420 ;?ICS_texto1+0
0x0262	0x3420 ;?ICS_texto1+1
0x0263	0x3441 ;?ICS_texto1+2
0x0264	0x3442 ;?ICS_texto1+3
0x0265	0x344D ;?ICS_texto1+4
0x0266	0x3453 ;?ICS_texto1+5
0x0267	0x3420 ;?ICS_texto1+6
0x0268	0x3454 ;?ICS_texto1+7
0x0269	0x3465 ;?ICS_texto1+8
0x026A	0x346C ;?ICS_texto1+9
0x026B	0x3465 ;?ICS_texto1+10
0x026C	0x3463 ;?ICS_texto1+11
0x026D	0x346F ;?ICS_texto1+12
0x026E	0x346D ;?ICS_texto1+13
0x026F	0x3420 ;?ICS_texto1+14
0x0270	0x3420 ;?ICS_texto1+15
0x0271	0x3400 ;?ICS_texto1+16
; end of ?ICS_texto1
;VSaula025b.c,0 :: ?ICS_valorAD0
0x0272	0x3400 ;?ICS_valorAD0+0
0x0273	0x3400 ;?ICS_valorAD0+1
; end of ?ICS_valorAD0
;VSaula025b.c,0 :: ?ICS?lstr2_VSaula025b
0x0274	0x3441 ;?ICS?lstr2_VSaula025b+0
0x0275	0x344E ;?ICS?lstr2_VSaula025b+1
0x0276	0x3431 ;?ICS?lstr2_VSaula025b+2
0x0277	0x3420 ;?ICS?lstr2_VSaula025b+3
0x0278	0x343D ;?ICS?lstr2_VSaula025b+4
0x0279	0x3420 ;?ICS?lstr2_VSaula025b+5
0x027A	0x3400 ;?ICS?lstr2_VSaula025b+6
; end of ?ICS?lstr2_VSaula025b
;VSaula025b.c,0 :: ?ICS_valorAD1
0x027B	0x3400 ;?ICS_valorAD1+0
0x027C	0x3400 ;?ICS_valorAD1+1
; end of ?ICS_valorAD1
;VSaula025b.c,0 :: ?ICS_texto2
0x027D	0x3420 ;?ICS_texto2+0
0x027E	0x3453 ;?ICS_texto2+1
0x027F	0x3465 ;?ICS_texto2+2
0x0280	0x346A ;?ICS_texto2+3
0x0281	0x3461 ;?ICS_texto2+4
0x0282	0x3420 ;?ICS_texto2+5
0x0283	0x3442 ;?ICS_texto2+6
0x0284	0x3465 ;?ICS_texto2+7
0x0285	0x346D ;?ICS_texto2+8
0x0286	0x3420 ;?ICS_texto2+9
0x0287	0x3456 ;?ICS_texto2+10
0x0288	0x3469 ;?ICS_texto2+11
0x0289	0x346E ;?ICS_texto2+12
0x028A	0x3464 ;?ICS_texto2+13
0x028B	0x346F ;?ICS_texto2+14
0x028C	0x3421 ;?ICS_texto2+15
0x028D	0x3400 ;?ICS_texto2+16
; end of ?ICS_texto2
;VSaula025b.c,0 :: ?ICS?lstr1_VSaula025b
0x028E	0x3441 ;?ICS?lstr1_VSaula025b+0
0x028F	0x344E ;?ICS?lstr1_VSaula025b+1
0x0290	0x3430 ;?ICS?lstr1_VSaula025b+2
0x0291	0x3420 ;?ICS?lstr1_VSaula025b+3
0x0292	0x343D ;?ICS?lstr1_VSaula025b+4
0x0293	0x3420 ;?ICS?lstr1_VSaula025b+5
0x0294	0x3400 ;?ICS?lstr1_VSaula025b+6
; end of ?ICS?lstr1_VSaula025b
Symbol List:
//** Routines locations **
//ADDRESS    SIZE    PROCEDURE
//----------------------------------------------
0x0003       [3]    _Delay_1us
0x0006       [7]    _Delay_50us
0x000D      [13]    _Delay_5500us
0x001A      [64]    _Lcd_Cmd
0x005A       [7]    _____DoICP
0x0061       [8]    _Lcd_Chr_CP
0x0069      [13]    _Delay_500us
0x0076      [29]    _Div_16x16_U
0x0093      [57]    _Button
0x00CC      [64]    _Lcd_Out
0x010C      [64]    _WordToStr
0x014C      [78]    _Lcd_Init
0x019A      [12]    ___CC2DW
0x01A6     [181]    _main
//** Variables locations ** 
//ADDRESS    SIZE    VARIABLE
//----------------------------------------------
0x0000       [1]    INDF
0x0001       [1]    TMR0
0x0002       [1]    PCL
0x0003       [1]    STATUS
0x0003       [0]    NOT_TO_bit
0x0003       [0]    NOT_PD_bit
0x0003       [0]    IRP_bit
0x0003       [0]    C_bit
0x0003       [0]    DC_bit
0x0003       [0]    Z_bit
0x0003       [0]    RP1_bit
0x0003       [0]    RP0_bit
0x0004       [1]    FSRPTR
0x0004       [1]    FSR
0x0005       [0]    RA5_bit
0x0005       [1]    PORTA
0x0005       [0]    RA1_bit
0x0005       [0]    RA0_bit
0x0005       [0]    RA2_bit
0x0005       [0]    RA4_bit
0x0005       [0]    RA3_bit
0x0006       [0]    RB5_bit
0x0006       [0]    RB4_bit
0x0006       [0]    RB1_bit
0x0006       [0]    RB0_bit
0x0006       [0]    RB7_bit
0x0006       [0]    RB6_bit
0x0006       [1]    PORTB
0x0006       [0]    RB2_bit
0x0006       [0]    RB3_bit
0x0007       [0]    RC4_bit
0x0007       [0]    RC6_bit
0x0007       [0]    RC7_bit
0x0007       [0]    RC0_bit
0x0007       [0]    RC3_bit
0x0007       [0]    RC2_bit
0x0007       [0]    RC1_bit
0x0007       [0]    RC5_bit
0x0007       [1]    PORTC
0x0008       [0]    RD6_bit
0x0008       [0]    RD0_bit
0x0008       [0]    RD5_bit
0x0008       [1]    PORTD
0x0008       [0]    RD7_bit
0x0008       [0]    LCD_D7
0x0008       [0]    LCD_D4
0x0008       [0]    RD1_bit
0x0008       [0]    RD3_bit
0x0008       [0]    RD2_bit
0x0008       [0]    LCD_D5
0x0008       [0]    RD4_bit
0x0008       [0]    LCD_D6
0x0009       [0]    RE1_bit
0x0009       [0]    LCD_RS
0x0009       [1]    PORTE
0x0009       [0]    RE0_bit
0x0009       [0]    LCD_EN
0x0009       [0]    RE2_bit
0x000A       [1]    PCLATH
0x000B       [0]    GIE_bit
0x000B       [0]    T0IE_bit
0x000B       [0]    PEIE_bit
0x000B       [0]    T0IF_bit
0x000B       [0]    RBIE_bit
0x000B       [0]    TMR0IF_bit
0x000B       [0]    RBIF_bit
0x000B       [0]    INTF_bit
0x000B       [1]    INTCON
0x000B       [0]    TMR0IE_bit
0x000B       [0]    INTE_bit
0x000C       [0]    CCP1IF_bit
0x000C       [0]    TMR2IF_bit
0x000C       [0]    TMR1IF_bit
0x000C       [0]    PSPIF_bit
0x000C       [0]    RCIF_bit
0x000C       [0]    ADIF_bit
0x000C       [0]    SSPIF_bit
0x000C       [0]    TXIF_bit
0x000C       [1]    PIR1
0x000D       [0]    CMIF_bit
0x000D       [0]    EEIF_bit
0x000D       [0]    CCP2IF_bit
0x000D       [0]    BCLIF_bit
0x000D       [1]    PIR2
0x000E       [1]    TMR1L
0x000F       [1]    TMR1H
0x0010       [0]    T1CKPS0_bit
0x0010       [0]    T1OSCEN_bit
0x0010       [0]    NOT_T1SYNC_bit
0x0010       [0]    T1SYNC_bit
0x0010       [0]    T1INSYNC_bit
0x0010       [0]    TMR1CS_bit
0x0010       [1]    T1CON
0x0010       [0]    TMR1ON_bit
0x0010       [0]    T1CKPS1_bit
0x0011       [1]    TMR2
0x0012       [1]    T2CON
0x0012       [0]    TMR2ON_bit
0x0012       [0]    TOUTPS3_bit
0x0012       [0]    T2CKPS0_bit
0x0012       [0]    TOUTPS1_bit
0x0012       [0]    T2CKPS1_bit
0x0012       [0]    TOUTPS2_bit
0x0012       [0]    TOUTPS0_bit
0x0013       [1]    SSPBUF
0x0014       [1]    SSPCON
0x0014       [0]    CKP_bit
0x0014       [0]    SSPEN_bit
0x0014       [0]    SSPM2_bit
0x0014       [0]    SSPM3_bit
0x0014       [0]    SSPM1_bit
0x0014       [0]    SSPM0_bit
0x0014       [0]    SSPOV_bit
0x0014       [0]    WCOL_bit
0x0015       [2]    CCPR1
0x0015       [1]    CCPR1L
0x0016       [1]    CCPR1H
0x0017       [0]    CCP1M2_bit
0x0017       [0]    CCP1M1_bit
0x0017       [0]    CCP1M0_bit
0x0017       [0]    CCP1X_bit
0x0017       [0]    CCP1Y_bit
0x0017       [0]    CCP1M3_bit
0x0017       [1]    CCP1CON
0x0018       [0]    FERR_bit
0x0018       [0]    ADDEN_bit
0x0018       [1]    RCSTA
0x0018       [0]    RCD8_bit
0x0018       [0]    RX9D_bit
0x0018       [0]    OERR_bit
0x0018       [0]    CREN_bit
0x0018       [0]    NOT_RC8_bit
0x0018       [0]    RC8_9_bit
0x0018       [0]    RC9_bit
0x0018       [0]    RX9_bit
0x0018       [0]    SPEN_bit
0x0018       [0]    SREN_bit
0x0019       [1]    TXREG
0x001A       [1]    RCREG
0x001B       [2]    CCPR2
0x001B       [1]    CCPR2L
0x001C       [1]    CCPR2H
0x001D       [0]    CCP2M3_bit
0x001D       [0]    CCP2Y_bit
0x001D       [0]    CCP2X_bit
0x001D       [1]    CCP2CON
0x001D       [0]    CCP2M1_bit
0x001D       [0]    CCP2M2_bit
0x001D       [0]    CCP2M0_bit
0x001E       [1]    ADRESH
0x001F       [0]    CHS2_bit
0x001F       [0]    CHS1_bit
0x001F       [1]    ADCON0
0x001F       [0]    GO_DONE_bit
0x001F       [0]    ADON_bit
0x001F       [0]    NOT_DONE_bit
0x001F       [0]    CHS0_bit
0x001F       [0]    GO_bit
0x001F       [0]    ADCS1_bit
0x001F       [0]    ADCS0_bit
0x0020      [17]    _texto1
0x0031       [2]    _valorAD0
0x0033       [7]    ?lstr2_VSaula025b
0x003A       [2]    _valorAD1
0x003C      [17]    _texto2
0x004D       [7]    ?lstr1_VSaula025b
0x0054       [2]    ___DoICPAddr
0x0056       [0]    __Lib_Lcd_cmd_status
0x0056       [0]    _flagB0
0x0057       [6]    _texto3
0x005D       [6]    _texto4
0x0063       [1]    FARG_Lcd_Out_row
0x0063       [2]    FARG_WordToStr_input
0x0063       [1]    FARG_Button_port
0x0064       [1]    FARG_Lcd_Out_column
0x0064       [1]    FARG_Button_pin
0x0065       [1]    FARG_Lcd_Out_text
0x0065       [1]    FARG_WordToStr_output
0x0065       [1]    FARG_Button_time_ms
0x0066       [1]    FARG_Button_active_state
0x0066       [1]    WordToStr_len_L0
0x0066       [1]    Lcd_Out_i_L0
0x0067       [1]    Button_pMask_L0
0x0067       [1]    FLOC__WordToStr
0x0068       [1]    Button_rslt_L0
0x0069       [1]    FARG_Lcd_Chr_CP_out_char
0x006A       [1]    FARG_Lcd_Cmd_out_char
0x0070       [1]    R0
0x0071       [1]    R1
0x0072       [1]    R2
0x0073       [1]    R3
0x0074       [1]    R4
0x0075       [1]    R5
0x0076       [1]    R6
0x0077       [1]    R7
0x0078       [1]    R8
0x0079       [1]    R9
0x007A       [1]    R10
0x007B       [1]    R11
0x007C       [1]    R12
0x007D       [1]    R13
0x007E       [1]    R14
0x007F       [1]    R15
0x0081       [0]    T0SE_bit
0x0081       [0]    T0CS_bit
0x0081       [1]    OPTION_REG
0x0081       [0]    PSA_bit
0x0081       [0]    PS0_bit
0x0081       [0]    PS1_bit
0x0081       [0]    PS2_bit
0x0081       [0]    NOT_RBPU_bit
0x0081       [0]    INTEDG_bit
0x0085       [0]    TRISA1_bit
0x0085       [0]    TRISA0_bit
0x0085       [1]    TRISA
0x0085       [0]    TRISA2_bit
0x0085       [0]    TRISA5_bit
0x0085       [0]    TRISA4_bit
0x0085       [0]    TRISA3_bit
0x0086       [0]    TRISB0_bit
0x0086       [0]    TRISB4_bit
0x0086       [0]    TRISB3_bit
0x0086       [0]    TRISB1_bit
0x0086       [0]    TRISB2_bit
0x0086       [0]    TRISB6_bit
0x0086       [0]    TRISB7_bit
0x0086       [0]    TRISB5_bit
0x0086       [1]    TRISB
0x0087       [1]    TRISC
0x0087       [0]    TRISC7_bit
0x0087       [0]    TRISC0_bit
0x0087       [0]    TRISC2_bit
0x0087       [0]    TRISC4_bit
0x0087       [0]    TRISC3_bit
0x0087       [0]    TRISC1_bit
0x0087       [0]    TRISC6_bit
0x0087       [0]    TRISC5_bit
0x0088       [1]    TRISD
0x0088       [0]    TRISD3_bit
0x0088       [0]    LCD_D7_Direction
0x0088       [0]    LCD_D6_Direction
0x0088       [0]    TRISD0_bit
0x0088       [0]    TRISD1_bit
0x0088       [0]    TRISD2_bit
0x0088       [0]    TRISD5_bit
0x0088       [0]    TRISD6_bit
0x0088       [0]    TRISD7_bit
0x0088       [0]    TRISD4_bit
0x0088       [0]    LCD_D5_Direction
0x0088       [0]    LCD_D4_Direction
0x0089       [0]    IBOV_bit
0x0089       [0]    OBF_bit
0x0089       [0]    IBF_bit
0x0089       [0]    LCD_EN_Direction
0x0089       [0]    LCD_RS_Direction
0x0089       [0]    PSPMODE_bit
0x0089       [0]    TRISE0_bit
0x0089       [0]    IBOV_TRISE_bit
0x0089       [0]    OBF_TRISE_bit
0x0089       [0]    IBF_TRISE_bit
0x0089       [0]    TRISE1_bit
0x0089       [0]    TRISE2_bit
0x0089       [0]    PSPMODE_TRISE_bit
0x0089       [1]    TRISE
0x008C       [0]    TMR2IE_bit
0x008C       [0]    CCP1IE_bit
0x008C       [1]    PIE1
0x008C       [0]    TMR1IE_bit
0x008C       [0]    RCIE_bit
0x008C       [0]    TXIE_bit
0x008C       [0]    ADIE_bit
0x008C       [0]    PSPIE_bit
0x008C       [0]    SSPIE_bit
0x008D       [1]    PIE2
0x008D       [0]    CCP2IE_bit
0x008D       [0]    CMIE_bit
0x008D       [0]    EEIE_bit
0x008D       [0]    BCLIE_bit
0x008E       [1]    PCON
0x008E       [0]    NOT_POR_bit
0x008E       [0]    NOT_BO_bit
0x008E       [0]    NOT_BOR_bit
0x0091       [0]    ACKEN_bit
0x0091       [0]    ACKDT_bit
0x0091       [0]    RSEN_bit
0x0091       [0]    RCEN_bit
0x0091       [0]    PEN_bit
0x0091       [0]    SEN_bit
0x0091       [1]    SSPCON2
0x0091       [0]    ACKSTAT_bit
0x0091       [0]    GCEN_bit
0x0092       [1]    PR2
0x0093       [1]    SSPADD
0x0094       [0]    S_bit
0x0094       [0]    I2C_START__bit
0x0094       [0]    DATA_ADDRESS_bit
0x0094       [0]    D_A_bit
0x0094       [0]    I2C_STOP__bit
0x0094       [0]    P_bit
0x0094       [0]    READ_WRITE_bit
0x0094       [0]    R_W_bit
0x0094       [0]    BF_bit
0x0094       [0]    UA_bit
0x0094       [0]    I2C_READ_bit
0x0094       [0]    R_bit
0x0094       [0]    NOT_WRITE_bit
0x0094       [0]    NOT_W_bit
0x0094       [0]    CKE_bit
0x0094       [0]    SMP_bit
0x0094       [1]    SSPSTAT
0x0094       [0]    D_bit
0x0094       [0]    NOT_ADDRESS_bit
0x0094       [0]    NOT_A_bit
0x0094       [0]    I2C_DATA_bit
0x0098       [1]    TXSTA
0x0098       [0]    TXD8_bit
0x0098       [0]    NOT_TX8_bit
0x0098       [0]    TX8_9_bit
0x0098       [0]    SYNC_bit
0x0098       [0]    TXEN_bit
0x0098       [0]    BRGH_bit
0x0098       [0]    TX9D_bit
0x0098       [0]    TRMT_bit
0x0098       [0]    CSRC_bit
0x0098       [0]    TX9_bit
0x0099       [1]    SPBRG
0x009C       [0]    CIS_bit
0x009C       [0]    C1INV_bit
0x009C       [0]    C2INV_bit
0x009C       [0]    CM0_bit
0x009C       [0]    CM1_bit
0x009C       [0]    CM2_bit
0x009C       [0]    C1OUT_bit
0x009C       [1]    CMCON
0x009C       [0]    C2OUT_bit
0x009D       [0]    CVR3_bit
0x009D       [0]    CVRR_bit
0x009D       [0]    CVR2_bit
0x009D       [0]    CVR1_bit
0x009D       [0]    CVR0_bit
0x009D       [0]    CVROE_bit
0x009D       [1]    CVRCON
0x009D       [0]    CVREN_bit
0x009E       [1]    ADRESL
0x009F       [0]    PCFG1_bit
0x009F       [0]    PCFG2_bit
0x009F       [0]    PCFG0_bit
0x009F       [1]    ADCON1
0x009F       [0]    PCFG3_bit
0x009F       [0]    ADFM_bit
0x009F       [0]    ADCS2_bit
0x010C       [1]    EEDATA
0x010D       [1]    EEADR
0x010E       [1]    EEDATH
0x010F       [1]    EEADRH
0x018C       [0]    WREN_bit
0x018C       [0]    WR_bit
0x018C       [0]    RD_bit
0x018C       [1]    EECON1
0x018C       [0]    EEPGD_bit
0x018C       [0]    WRERR_bit
0x018D       [1]    EECON2
//** Constants locations ** 
//ADDRESS    SIZE    CONSTANT
//----------------------------------------------
0x0261      [17]    ?ICS_texto1
0x0272       [2]    ?ICS_valorAD0
0x0274       [7]    ?ICS?lstr2_VSaula025b
0x027B       [2]    ?ICS_valorAD1
0x027D      [17]    ?ICS_texto2
0x028E       [7]    ?ICS?lstr1_VSaula025b
//** Label List: ** 
//----------------------------------------------
  L_main0
  L_main1
  L_main2
  L_main3
  L_main4
  L_main5
  L_main6
  L_main7
  L_main8
  L_main9
  L_main10
  L_main11
  L_main12
  L_main13
  L_main14
  L_main15
  L_main16
  L__main17
  L__main18
  _main
  L_Button0
  L_Button1
  L_Button2
  L_Button3
  _Button
  L__Button4
  L__Button5
  L_ByteToStr0
  L_ByteToStr1
  L_ByteToStr2
  L_ByteToStr3
  L_ByteToStr4
  L_ByteToStr5
  L_WordToStr6
  L_WordToStr7
  L_WordToStr8
  L_WordToStr9
  L_WordToStr10
  L_WordToStr11
  L_WordToStrWithZeros12
  L_WordToStrWithZeros13
  L_WordToStrWithZeros14
  L_WordToStrWithZeros15
  L_WordToStrWithZeros16
  L_ShortToStr17
  L_ShortToStr18
  L_ShortToStr19
  L_ShortToStr20
  L_ShortToStr21
  L_ShortToStr22
  L_IntToStr23
  L_IntToStr24
  L_IntToStr25
  L_IntToStr26
  L_IntToStr27
  L_IntToStr28
  L_IntToStrWithZeros29
  L_IntToStrWithZeros30
  L_IntToStrWithZeros31
  L_IntToStrWithZeros32
  L_IntToStrWithZeros33
  L_IntToStrWithZeros34
  L_IntToStrWithZeros35
  L_IntToStrWithZeros36
  L_LongWordToStr37
  L_LongWordToStr38
  L_LongWordToStr39
  L_LongWordToStr40
  L_LongWordToStr41
  L_LongWordToStr42
  L_LongWordToStrWithZeros43
  L_LongWordToStrWithZeros44
  L_LongWordToStrWithZeros45
  L_LongWordToStrWithZeros46
  L_LongWordToStrWithZeros47
  L_LongToStr48
  L_LongToStr49
  L_LongToStr50
  L_LongToStr51
  L_LongToStr52
  L_LongToStr53
  L_LongIntToStrWithZeros54
  L_LongIntToStrWithZeros55
  L_LongIntToStrWithZeros56
  L_LongIntToStrWithZeros57
  L_LongIntToStrWithZeros58
  L_LongIntToStrWithZeros59
  L_LongIntToStrWithZeros60
  L_LongIntToStrWithZeros61
  L_Dec2Bcd62
  L_Dec2Bcd63
  L_Rtrim64
  L_Rtrim65
  L_Ltrim66
  L_Ltrim67
  L_Ltrim68
  L_Ltrim69
  L_Ltrim70
  L_Ltrim71
  L_FloatToStr72
  L_FloatToStr73
  L_FloatToStr74
  L_FloatToStr75
  L_FloatToStr76
  L_FloatToStr77
  L_FloatToStr78
  L_FloatToStr79
  L_FloatToStr80
  L_FloatToStr81
  L_FloatToStr82
  L_FloatToStr83
  L_FloatToStr84
  L_FloatToStr85
  L_FloatToStr86
  L_FloatToStr87
  L_FloatToStr88
  L_FloatToStr89
  L_FloatToStr90
  L_FloatToStr91
  L_FloatToStr92
  L_FloatToStr93
  L__Ltrim94
  L__FloatToStr95
  _ByteToHex
  _ShortToHex
  _WordToHex
  _IntToHex
  _LongWordToHex
  _LongIntToHex
  _ByteToStr
  _WordToStr
  L__WordToStr96
  _WordToStrWithZeros
  L__WordToStrWithZeros97
  _ShortToStr
  L__ShortToStr98
  _IntToStr
  L__IntToStr99
  L__IntToStr100
  _IntToStrWithZeros
  L__IntToStrWithZeros101
  L__IntToStrWithZeros102
  L__IntToStrWithZeros103
  _LongWordToStr
  L__LongWordToStr104
  L__LongWordToStr105
  _LongWordToStrWithZeros
  L__LongWordToStrWithZeros106
  _LongToStr
  L__LongToStr107
  L__LongToStr108
  _LongIntToStrWithZeros
  L__LongIntToStrWithZeros109
  L__LongIntToStrWithZeros110
  L__LongIntToStrWithZeros111
  _Dec2Bcd
  _Bcd2Dec
  _Bcd2Dec16
  L__Bcd2Dec16112
  L__Bcd2Dec16113
  _Dec2Bcd16
  L__Dec2Bcd16114
  L__Dec2Bcd16115
  _Rtrim
  _Ltrim
  _FloatToStr
  L__FloatToStr116
  L__FloatToStr117
  L__FloatToStr118
  L__FloatToStr119
  L__FloatToStr120
  L_Delay_10us0
  L_Delay_22us1
  L_Delay_50us2
  L_Delay_80us3
  L_Delay_500us4
  L_Delay_5500us5
  L_Delay_1ms6
  L_Delay_5ms7
  L_Delay_8ms8
  L_Delay_100ms9
  L_Delay_1sec10
  L_boot16_Delay_5ms11
  L_Delay_Cyc12
  L_Delay_Cyc13
  L_VDelay_ms14
  L_VDelay_ms15
  L_VDelay_ms16
  L_VDelay_Advanced_ms17
  L_VDelay_Advanced_ms18
  L_VDelay_Advanced_ms19
  _Get_Fosc_kHz
  _Delay_1us
  _Delay_10us
  _Delay_22us
  _Delay_50us
  _Delay_80us
  _Delay_500us
  _Delay_5500us
  _Delay_1ms
  _Delay_5ms
  _Delay_8ms
  _Delay_100ms
  _Delay_1sec
  _boot16_Delay_5ms
  _Delay_Cyc
  _VDelay_ms
  L__VDelay_ms20
  L__VDelay_ms21
  L__VDelay_ms22
  _VDelay_Advanced_ms
  L__VDelay_Advanced_ms23
  L__VDelay_Advanced_ms24
  L__VDelay_Advanced_ms25
  L_Lcd_Cmd0
  L_Lcd_Cmd1
  L_Lcd_Out_CP2
  L_Lcd_Out_CP3
  L_Lcd_Chr4
  L_Lcd_Chr5
  L_Lcd_Chr6
  L_Lcd_Chr7
  L_Lcd_Chr8
  L_Lcd_Chr9
  L_Lcd_Chr10
  L_Lcd_Out11
  L_Lcd_Out12
  L_Lcd_Out13
  L_Lcd_Out14
  L_Lcd_Out15
  L_Lcd_Out16
  L_Lcd_Out17
  L_Lcd_Out18
  L_Lcd_Out19
  _Lcd_Cmd
  L__Lcd_Cmd20
  L__Lcd_Cmd21
  L__Lcd_Cmd22
  L__Lcd_Cmd23
  L__Lcd_Cmd24
  L__Lcd_Cmd25
  L__Lcd_Cmd26
  L__Lcd_Cmd27
  L__Lcd_Cmd28
  L__Lcd_Cmd29
  L__Lcd_Cmd30
  L__Lcd_Cmd31
  L__Lcd_Cmd32
  L__Lcd_Cmd33
  L__Lcd_Cmd34
  L__Lcd_Cmd35
  L__Lcd_Cmd36
  L__Lcd_Cmd37
  L__Lcd_Cmd38
  L__Lcd_Cmd39
  _Lcd_Chr_CP
  _Lcd_Out_CP
  _Lcd_Chr
  _Lcd_Init
  _Lcd_Out
  L_Div_16x16_S0
  L_Div_16x16_S1
  LOOPS3232A
  SADD22LA
  SOK22LA
  SADD22L8
  SOK22L8
  LOOPS3232B
  SADD22LB
  SOK22LB
  SADD22L16
  SOK22L16
  LOOPS3232C
  SADD22LC
  SOK22LC
  SADD22L24
  SOK22L24
  LOOPS3232D
  SADD22LD
  SOK22LD
  SOK22L
  L_Div_32x32_S6
  L_Div_32x32_S7
  L_Div_32x32_S8
  L_Div_32x32_S9
  FXD3232S
  END_ALL
  CA3232S
  C3232SX
  C3232SX1
  C3232S
  C3232S2
  C3232SX4
  C3232SOK
  C3232SX3
  C3232SX2
  avoid_comfrem
  LOOPU3232A
  UADD22LA
  UOK22LA
  UADD22L8
  UOK22L8
  LOOPU3232B
  UADD22LB
  UOK22LB
  UADD22L16
  UOK22L16
  LOOPU3232C
  UADD22LC
  UOK22LC
  UADD22L24
  UOK22L24
  LOOPU3232D
  UADD22LD
  UOK22LD
  UOK22L
  _NEXT
  _EXIT2
  _LOOP
  _EXIT1
  _IF_FIRST
  _IF_SECOND
  _INVERCE_FIRST
  _MULT
  _INBERSE_SECOND
  _EXIT
  _Mul_8x8_U
  _Mul_16x16_U
  _Div_8x8_U
  _Div_16x16_U
  _Mul_8x8_S
  _Mul_16x16_S
  _Div_16x16_S_L
  _Div_16x16_S
  _Div_8x8_S
  _SDIV3232L
  _COMFREM
  _Div_32x32_S
  _Div_32x32_U
  _Mul_32x32_U
  _Mul_32x32_S
  _CC2D_Loop1
  _____DoICP
  _____DoIFC
  ___CC2DW
  _Swap
