
ROM used:   65/2048 (3%)
            65/2048 (3%) including unused fragments

            0.1 Average locations per line
            5.0 Average locations per statement

RAM used:   9/224 (4%) at main() level
            10/224 (4%) worst case

Stack used: 0 worst case (0 in main + 0 for interrupts)
Stack size: 8

Lines Stmts  %   Files
----- ----- ---  -----
   24    13 100  aula003b.c
  508     0   0  ..\..\..\..\..\..\Program Files (x86)\PICC\devices\16f628a.h
----- -----
  532    13 Total

Page ROM  %  RAM   Vol Diff  Functions:
---- --- --- ---   --- ----  ----------
0     21  32    1             @delay_ms1
0     40  62    1   243  4.5  main
 Inline         0             @cinit1

Program metrics:
    Functions               1
    Statements              13
    Comments                92
    Volume (V)              247
    Difficulty (D)          4.1
    Effort to implement (E) 1021
    Time to implement (T)   1 minutes
    Est Delivered Bugs (B)  0
    Cyclomatic Complexity   2
    Maintainability (MI)    138

 Segment     Used  Free
-----------  ----  ----
00000-00003     4  0  
00004-007FF    61  1983  



