
ROM used:   59/4096 (1%)
            59/4096 (1%) including unused fragments

            0.1 Average locations per line
            9.8 Average locations per statement

RAM used:   6/368 (2%) at main() level
            7/368 (2%) worst case

Stack used: 0 worst case (0 in main + 0 for interrupts)
Stack size: 8

Lines Stmts  %   Files
----- ----- ---  -----
   17     6 100  main.c
   13     0   0  main.h
  632     0   0  ..\..\..\..\..\Program Files (x86)\PICC\Devices\16F88.h
----- -----
  662     6 Total

Page ROM  %  RAM   Vol Diff  Functions:
---- --- --- ---   --- ----  ----------
0     22  37    1             @delay_ms1
0     33  56    1    76  1.9  main
 Inline         0             @cinit1

Program metrics:
    Functions               1
    Statements              6
    Comments                115
    Volume (V)              80
    Difficulty (D)          1.6
    Effort to implement (E) 127
    Time to implement (T)   0 minutes
    Est Delivered Bugs (B)  0
    Cyclomatic Complexity   1
    Maintainability (MI)    80

 Segment     Used  Free
-----------  ----  ----
00000-00003     4  0  
00004-007FF    55  1989  
00800-00FFF     0  2048  



