CCS PCM C Compiler, Version 5.007, 61971               03-jan-23 18:40

               Filename:   C:\Users\ABMS-Telecom\Documents\CCS C Projects\aula023\main.lst

               ROM used:   59 words (1%)
                           Largest free fragment is 2048
               RAM used:   6 (2%) at main() level
                           7 (2%) worst case
               Stack used: 0 locations
               Stack size: 8

*
0000:  MOVLW  00
0001:  MOVWF  0A
0002:  GOTO   01A
0003:  NOP
.................... #include <main.h> 
.................... #include <16F88.h> 
.................... //////// Standard Header file for the PIC16F88 device //////////////// 
.................... #device PIC16F88 
....................  
.................... #list 
....................  
.................... #device ADC=16 
....................  
.................... #FUSES NOWDT                 	//No Watch Dog Timer 
.................... #FUSES NOMCLR                	//Master Clear pin used for I/O 
.................... #FUSES NOBROWNOUT            	//No brownout reset 
.................... #FUSES NOLVP                 	//No low voltage prgming, B3(PIC16) or B5(PIC18) used for I/O 
.................... #FUSES NOFCMEN               	//Fail-safe clock monitor disabled 
.................... #FUSES NOIESO                	//Internal External Switch Over mode disabled 
....................  
.................... #use delay(internal=4MHz) 
0004:  MOVLW  22
0005:  MOVWF  04
0006:  BCF    03.7
0007:  MOVF   00,W
0008:  BTFSC  03.2
0009:  GOTO   018
000A:  MOVLW  01
000B:  MOVWF  78
000C:  CLRF   77
000D:  DECFSZ 77,F
000E:  GOTO   00D
000F:  DECFSZ 78,F
0010:  GOTO   00C
0011:  MOVLW  4A
0012:  MOVWF  77
0013:  DECFSZ 77,F
0014:  GOTO   013
0015:  GOTO   016
0016:  DECFSZ 00,F
0017:  GOTO   00A
0018:  BCF    0A.3
0019:  GOTO   036 (RETURN)
....................  
....................  
....................  
.................... void main() 
001A:  MOVLW  62
001B:  BSF    03.5
001C:  MOVWF  0F
001D:  MOVF   0F,W
001E:  BCF    1F.4
001F:  BCF    1F.5
0020:  MOVF   1B,W
0021:  ANDLW  80
0022:  MOVWF  1B
0023:  MOVLW  07
0024:  MOVWF  1C
0025:  BCF    03.7
0026:  MOVLW  1F
0027:  ANDWF  03,F
.................... { 
....................    
....................    while(true) 
....................    { 
....................     
....................       if(input(pin_a0)){ 
0028:  BSF    05.0
0029:  BCF    03.5
002A:  BTFSS  05.0
002B:  GOTO   038
....................          output_toggle(pin_b0); 
002C:  BSF    03.5
002D:  BCF    06.0
002E:  MOVLW  01
002F:  BCF    03.5
0030:  XORWF  06,F
....................          delay_ms(300); 
0031:  MOVLW  02
0032:  MOVWF  21
0033:  MOVLW  96
0034:  MOVWF  22
0035:  GOTO   004
0036:  DECFSZ 21,F
0037:  GOTO   033
....................       } 
0038:  BSF    03.5
0039:  GOTO   028
....................        
....................    } 
....................  
.................... } 
003A:  SLEEP

Configuration Fuses:
   Word  1: 3F10   NOWDT PUT INTRC_IO NOMCLR NOBROWNOUT NOLVP NOCPD NOWRT NODEBUG CCPB0 NOPROTECT
   Word  2: 3FFC   NOFCMEN NOIESO
