
ROM used:   630/8192 (8%)
            630/8192 (8%) including unused fragments

            0.5 Average locations per line
            4.6 Average locations per statement

RAM used:   10/368 (3%) at main() level
            25/368 (7%) worst case

Stack used: 0 worst case (0 in main + 0 for interrupts)
Stack size: 8

Lines Stmts  %   Files
----- ----- ---  -----
   49    14  10  TelcadoMatricial_LCD.c
   10     0   0  TelcadoMatricial_LCD.h
  661     0   0  ..\..\..\..\..\Program Files (x86)\PICC\Devices\16F877A.h
  135    40  29  ..\..\..\..\..\Program Files (x86)\PICC\Drivers\KBD.C
  456    84  61  ..\..\..\..\..\Program Files (x86)\PICC\Drivers\lcd.c
----- -----
 1311   138 Total

Page ROM  %  RAM   Vol Diff  Functions:
---- --- --- ---   --- ----  ----------
0     20   3    1             @delay_ms1
0     16   3    0             @const620
0      3   0    0     3  0.0  kbd_init
0    138  22    3  4547 10.1  kbd_getc
 Inline         2             @MUL88
0      8   1    0             @const645
 Inline         3   596  5.9  lcd_read_byte
0      6   1    0    59  4.2  lcd_read_nibble
0     17   3    1   179  3.3  lcd_send_nibble
0     66  10    3   460  4.7  lcd_send_byte
0     51   8    2   667  5.9  lcd_init
0     18   3    4   208  6.3  lcd_gotoxy
0     44   7    1   354  4.7  lcd_putc
0     63  10    0   331  3.6  MAIN
0      5   1    0             @const680
0     77  12    4             @PSTRINGC7_663
0      8   1    0             @const682
0     86  14    5             @PSTRINGCN7_663
 Inline         0             @cinit1

Program metrics:
    Functions               10
    Statements              138
    Comments                263
    Volume (V)              10077
    Difficulty (D)          47.1
    Effort to implement (E) 474599
    Time to implement (T)   7 hours, 19 minutes
    Est Delivered Bugs (B)  2
    Cyclomatic Complexity   21
    Maintainability (MI)    142

 Segment     Used  Free
-----------  ----  ----
00000-00003     4  0  
00004-007FF   626  1418  
00800-00FFF     0  2048  
01000-017FF     0  2048  
01800-01FFF     0  2048  



