MPASM  5.51                       AULA018.ASM   6-5-2023  19:57:24         PAGE  1


LOC  OBJECT CODE     LINE SOURCE TEXT
  VALUE

                      00001 ;+++++++++++++++++++++++++++++++++++++++++++++++++++++++++++++++++
                      00002 ;
                      00003 ; Curso: Assembly para Microcontroladores PIC 
                      00004 ; Conteúdo: Aula018 - FUSE BITS DO PIC 16F628A
                      00005 ;                       Aula019 - BANCOS DE MEMÓRIA DO PIC 16F628A
                      00006 ;                       Aula020 - INICIALIZAÇÃO DOS REGISTRADORES
                      00007 ;                       Aula021 - ENTRADAS E SAÍDAS
                      00008 ;                       Aula022 - PRÁTICA COM ENTRADAS E SAÍDAS
                      00009 ;
                      00010 ;
                      00011 ; cristal oscilator externo 4Mhz                        _XT_OSC
                      00012 ; watch dog timer desabilitado                          _WDT_OFF
                      00013 ; power up timer habilitado (72ms)                      _PWRTE_OFF
                      00014 ; master clear habilitado                                       _MCLRE_ON                               
                                    
                      00015 ; brown out desabilitado                                        _BOREN_OFF
                      00016 ; sem programação por baixa tensão                      _LVP_OFF
                      00017 ; sem proteção de memória de dados                      _CPD_OFF
                      00018 ; sem proteção de código                                        _CP_OFF
                      00019 ;
                      00020 ;
                      00021 ;
                      00022 ; MCU: PIC16F628A 
                      00023 ; Clock: 4MHz
                      00024 ; CM = 1us
                      00025 ;
                      00026 ; Autor: Marcelo Moraes
                      00027 ; Data: Junho 2023
                      00028 ; arduinobymyself.blogspot.com.br
                      00029 ; arduinobymyself@gmail.com
                      00030 ;
                      00031 ;+++++++++++++++++++++++++++++++++++++++++++++++++++++++++++++++++
                      00032 
                      00033 
                      00034 ;+++++ listagem do processador utilizado +++++
                      00035         list p=16f628a                                  ;uC utilizado
                      00036                         
                      00037                         
                      00038 ;+++++ inclusão de arquivos +++++
                      00039         #include <p16f628a.inc>                 ;incluindo o arquivo do uC
                      00001         LIST
                      00002 
                      00003 ;==========================================================================
                      00004 ;  MPASM PIC16F628A processor include
                      00005 ; 
                      00006 ;  (c) Copyright 1999-2013 Microchip Technology, All rights reserved
                      00007 ;==========================================================================
                      00008 
                      00385         LIST
                      00040                         
                      00041 ;+++++ fuse bits +++++
2007   3F21           00042         __config _XT_OSC & _WDT_OFF & _PWRTE_ON & _MCLRE_ON & _BOREN_OFF & _LVP_OFF & _CPD_OFF & _CP_OFF
                      00043                         
MPASM  5.51                       AULA018.ASM   6-5-2023  19:57:24         PAGE  2


LOC  OBJECT CODE     LINE SOURCE TEXT
  VALUE

                      00044 ;+++++ paginação de memória +++++
                      00045         #define banco0 bcf STATUS, RP0  ;cria mnemônico para o banco 0 de memória
                      00046         #define banco1 bsf STATUS, RP0  ;cria mnemônico para o banco 1 de memória
                      00047                         
                      00048 ;+++++ entradas e saídas +++++
                      00049         #define S1 PORTB, RB0                   ;botão 1 ligado em RB0 (resistores de pull-up, pressiona
                            do = 0)
                      00050         #define S2 PORTB, RB1               ;botão 2 ligado em RB2 (resistores de pull-up, pressionado =
                             0)
                      00051         #define LED1 PORTA, RA3                 ;LED 1 onboard ligado em RA3 (modo current sourcing, 0 -
                             desliga, 1 - liga)
                      00052         #define LED2 PORTA, RA2                 ;LED 2 onboard ligado em RA2 (modo current sourcing, 0 -
                             desliga, 1 - liga)
                      00053                         
                      00054 ;+++++ registradores de uso geral GFRs +++++
                      00055                         
                      00056 ;+++++ vetor de reset +++++
0000                  00057         org H'0000'                                             ;origem do programa
                      00058         ;TRATAMENTO DAS INTERRUPÇÕES AQUI
0000   2805           00059         goto inicio                                             ;desvia da interrupção
                      00060 
                      00061 ;+++++ vetor de interrupção +++++
0004                  00062         org H'0004'                                             ;todas as interrupções apontam para este
                             endereço
0004   0009           00063         retfie                                                  ;retorna da interrupção
                      00064 
                      00065 
                      00066 ;+++++ programa principal +++++
0005                  00067 inicio:
0005   1283           00068         banco0                                                  ;seleciona o banco 0
0006   3007           00069         movlw H'07'                                             ; W = 0x07 (0b00000111)
0007   009F           00070         movwf CMCON                                             ; CMCON = 0x07 (desabilita os comparador
                            es I/Os digitais)
                      00071         
0008   1683           00072         banco1                                                  ;seleciona banco 1 de memória
0009   3000           00073         movlw H'00'                                             ;W = B'00000000'
Message[302]: Register in operand not in bank 0.  Ensure that bank bits are correct.
000A   0081           00074         movwf OPTION_REG                                ;habilita resistores de pull-up internos no PORT
                             B
                      00075         
000B   3033           00076         movlw H'33'                                             ;W = B'00110011'
Message[302]: Register in operand not in bank 0.  Ensure that bank bits are correct.
000C   0085           00077         movwf TRISA                                             ;pinos 2 e 3 do PORT A como saída digita
                            l
                      00078         
000D   30FF           00079         movlw H'FF'                                             ;W = B'11111111'
Message[302]: Register in operand not in bank 0.  Ensure that bank bits are correct.
000E   0086           00080         movwf TRISB                                             ;todos os bits do PORT B como entrada di
                            gital
                      00081                         
000F   1283           00082         banco0                                                  ;seleciona banco 0 de meória
0010   1185           00083         bcf LED1                                                ;LED1 inicia desligado
0011   1105           00084         bcf LED2                                                ;LED2 inicia desligado
MPASM  5.51                       AULA018.ASM   6-5-2023  19:57:24         PAGE  3


LOC  OBJECT CODE     LINE SOURCE TEXT
  VALUE

                      00085         
                      00086                         
0012                  00087 loop:                                                           ;loop infinito
0012   1C06           00088         btfss S1                                                ;testa o botão 1 (pressionado) 
0013   2816           00089         goto led1On                                             ;sim, desvia para ligar LED1
0014   1185           00090         bcf LED1                                                ;não, desliga LED1
0015   2812           00091         goto loop                                               ;volta ao loop
                      00092         
0016                  00093 led1On:
0016   1585           00094         bsf LED1                                                ;liga LED1
0017   2812           00095         goto loop                                               ;volta ao loop
                      00096                         
                      00097 ;+++++ desenvolvimento das sub-rotinas +++++
                      00098                         
                      00099 
                      00100                 
                      00101         end                                                             ;fim do programa principal 
MPASM  5.51                       AULA018.ASM   6-5-2023  19:57:24         PAGE  4


SYMBOL TABLE
  LABEL                             VALUE 

ADDEN                             00000003
ADEN                              00000003
BRGH                              00000002
C                                 00000000
C1INV                             00000004
C1OUT                             00000006
C2INV                             00000005
C2OUT                             00000007
CCP1CON                           00000017
CCP1IE                            00000002
CCP1IF                            00000002
CCP1M0                            00000000
CCP1M1                            00000001
CCP1M2                            00000002
CCP1M3                            00000003
CCP1X                             00000005
CCP1Y                             00000004
CCPR1                             00000015
CCPR1H                            00000016
CCPR1L                            00000015
CIS                               00000003
CM0                               00000000
CM1                               00000001
CM2                               00000002
CMCON                             0000001F
CMIE                              00000006
CMIF                              00000006
CREN                              00000004
CSRC                              00000007
DATA_CP_OFF                       00003FFF
DATA_CP_ON                        00003EFF
DC                                00000001
EEADR                             0000009B
EECON1                            0000009C
EECON2                            0000009D
EEDATA                            0000009A
EEIE                              00000007
EEIF                              00000007
F                                 00000001
FERR                              00000002
FSR                               00000004
GIE                               00000007
INDF                              00000000
INTCON                            0000000B
INTE                              00000004
INTEDG                            00000006
INTF                              00000001
IRP                               00000007
LED1                              PORTA, RA3
LED2                              PORTA, RA2
NOT_BO                            00000000
NOT_BOD                           00000000
NOT_BOR                           00000000
MPASM  5.51                       AULA018.ASM   6-5-2023  19:57:24         PAGE  5


SYMBOL TABLE
  LABEL                             VALUE 

NOT_PD                            00000003
NOT_POR                           00000001
NOT_RBPU                          00000007
NOT_T1SYNC                        00000002
NOT_TO                            00000004
OERR                              00000001
OPTION_REG                        00000081
OSCF                              00000003
PCL                               00000002
PCLATH                            0000000A
PCON                              0000008E
PEIE                              00000006
PIE1                              0000008C
PIR1                              0000000C
PORTA                             00000005
PORTB                             00000006
PR2                               00000092
PS0                               00000000
PS1                               00000001
PS2                               00000002
PSA                               00000003
RA0                               00000000
RA1                               00000001
RA2                               00000002
RA3                               00000003
RA4                               00000004
RA5                               00000005
RA6                               00000006
RA7                               00000007
RB0                               00000000
RB1                               00000001
RB2                               00000002
RB3                               00000003
RB4                               00000004
RB5                               00000005
RB6                               00000006
RB7                               00000007
RBIE                              00000003
RBIF                              00000000
RCIE                              00000005
RCIF                              00000005
RCREG                             0000001A
RCSTA                             00000018
RD                                00000000
RP0                               00000005
RP1                               00000006
RX9                               00000006
RX9D                              00000000
S1                                PORTB, RB0
S2                                PORTB, RB1
SPBRG                             00000099
SPEN                              00000007
SREN                              00000005
MPASM  5.51                       AULA018.ASM   6-5-2023  19:57:24         PAGE  6


SYMBOL TABLE
  LABEL                             VALUE 

STATUS                            00000003
SYNC                              00000004
T0CS                              00000005
T0IE                              00000005
T0IF                              00000002
T0SE                              00000004
T1CKPS0                           00000004
T1CKPS1                           00000005
T1CON                             00000010
T1OSCEN                           00000003
T2CKPS0                           00000000
T2CKPS1                           00000001
T2CON                             00000012
TMR0                              00000001
TMR0IE                            00000005
TMR0IF                            00000002
TMR1                              0000000E
TMR1CS                            00000001
TMR1H                             0000000F
TMR1IE                            00000000
TMR1IF                            00000000
TMR1L                             0000000E
TMR1ON                            00000000
TMR2                              00000011
TMR2IE                            00000001
TMR2IF                            00000001
TMR2ON                            00000002
TOUTPS0                           00000003
TOUTPS1                           00000004
TOUTPS2                           00000005
TOUTPS3                           00000006
TRISA                             00000085
TRISA0                            00000000
TRISA1                            00000001
TRISA2                            00000002
TRISA3                            00000003
TRISA4                            00000004
TRISA5                            00000005
TRISA6                            00000006
TRISA7                            00000007
TRISB                             00000086
TRISB0                            00000000
TRISB1                            00000001
TRISB2                            00000002
TRISB3                            00000003
TRISB4                            00000004
TRISB5                            00000005
TRISB6                            00000006
TRISB7                            00000007
TRMT                              00000001
TX9                               00000006
TX9D                              00000000
TXEN                              00000005
MPASM  5.51                       AULA018.ASM   6-5-2023  19:57:24         PAGE  7


SYMBOL TABLE
  LABEL                             VALUE 

TXIE                              00000004
TXIF                              00000004
TXREG                             00000019
TXSTA                             00000098
VR0                               00000000
VR1                               00000001
VR2                               00000002
VR3                               00000003
VRCON                             0000009F
VREN                              00000007
VROE                              00000006
VRR                               00000005
W                                 00000000
WR                                00000001
WREN                              00000002
WRERR                             00000003
Z                                 00000002
_BODEN_OFF                        00003FBF
_BODEN_ON                         00003FFF
_BOREN_OFF                        00003FBF
_BOREN_ON                         00003FFF
_CONFIG                           00002007
_CPD_OFF                          00003FFF
_CPD_ON                           00003EFF
_CP_OFF                           00003FFF
_CP_ON                            00001FFF
_DEVID1                           00002006
_ER_OSC_CLKOUT                    00003FFF
_ER_OSC_NOCLKOUT                  00003FFE
_EXTCLK_OSC                       00003FEF
_FOSC_ECIO                        00003FEF
_FOSC_EXTRCCLK                    00003FFF
_FOSC_EXTRCIO                     00003FFE
_FOSC_HS                          00003FEE
_FOSC_INTOSCCLK                   00003FFD
_FOSC_INTOSCIO                    00003FFC
_FOSC_LP                          00003FEC
_FOSC_XT                          00003FED
_HS_OSC                           00003FEE
_IDLOC0                           00002000
_IDLOC1                           00002001
_IDLOC2                           00002002
_IDLOC3                           00002003
_INTOSC_OSC_CLKOUT                00003FFD
_INTOSC_OSC_NOCLKOUT              00003FFC
_INTRC_OSC_CLKOUT                 00003FFD
_INTRC_OSC_NOCLKOUT               00003FFC
_LP_OSC                           00003FEC
_LVP_OFF                          00003F7F
_LVP_ON                           00003FFF
_MCLRE_OFF                        00003FDF
_MCLRE_ON                         00003FFF
_PWRTE_OFF                        00003FFF
MPASM  5.51                       AULA018.ASM   6-5-2023  19:57:24         PAGE  8


SYMBOL TABLE
  LABEL                             VALUE 

_PWRTE_ON                         00003FF7
_RC_OSC_CLKOUT                    00003FFF
_RC_OSC_NOCLKOUT                  00003FFE
_WDTE_OFF                         00003FFB
_WDTE_ON                          00003FFF
_WDT_OFF                          00003FFB
_WDT_ON                           00003FFF
_XT_OSC                           00003FED
__16F628A                         00000001
__DEBUG                           1
banco0                            bcf STATUS, RP0
banco1                            bsf STATUS, RP0
inicio                            00000005
led1On                            00000016
loop                              00000012


MEMORY USAGE MAP ('X' = Used,  '-' = Unused)

0000 : X---XXXXXXXXXXXX XXXXXXXX-------- ---------------- ----------------
2000 : -------X-------- ---------------- ---------------- ----------------

All other memory blocks unused.

Program Memory Words Used:    21
Program Memory Words Free:  2027


Errors   :     0
Warnings :     0 reported,     0 suppressed
Messages :     3 reported,     0 suppressed

