
ROM used:   147/8192 (2%)
            147/8192 (2%) including unused fragments

            0.2 Average locations per line
            7.0 Average locations per statement

RAM used:   9/368 (2%) at main() level
            9/368 (2%) worst case

Stack used: 0 worst case (0 in main + 0 for interrupts)
Stack size: 8

Lines Stmts  %   Files
----- ----- ---  -----
   43    21 100  main.c
   10     0   0  main.h
  661     0   0  ..\..\..\..\..\..\..\Program Files (x86)\PICC\Devices\16F877A.h
----- -----
  714    21 Total

Page ROM  %  RAM   Vol Diff  Functions:
---- --- --- ---   --- ----  ----------
0     21  14    1             @delay_ms1
0    122  83    1   497  6.0  main
 Inline         0     3  0.0  @cinit1

Program metrics:
    Functions               2
    Statements              21
    Comments                117
    Volume (V)              518
    Difficulty (D)          6.7
    Effort to implement (E) 3444
    Time to implement (T)   3 minutes
    Est Delivered Bugs (B)  0
    Cyclomatic Complexity   4
    Maintainability (MI)    71

 Segment     Used  Free
-----------  ----  ----
00000-00003     4  0  
00004-007FF   143  1901  
00800-00FFF     0  2048  
01000-017FF     0  2048  
01800-01FFF     0  2048  



