;  LST file generated by mikroListExporter - v.2.0 
; Date/Time: 20/01/2023 10:47:20
;----------------------------------------------

;Address Opcode 	ASM
0x0000	0x2816      	GOTO       22
_interrupt:
0x0004	0x00FF      	MOVWF      R15
0x0005	0x0E03      	SWAPF      STATUS, 0
0x0006	0x0183      	CLRF       STATUS
0x0007	0x00A2      	MOVWF      ___saveSTATUS
0x0008	0x080A      	MOVF       PCLATH, 0
0x0009	0x00A3      	MOVWF      ___savePCLATH
0x000A	0x018A      	CLRF       PCLATH
;aula029.c,58 :: 		void interrupt(){
;aula029.c,60 :: 		if(PIR1.TMR2IF){ // se houve estouro do Timer 2
0x000B	0x1C8C      	BTFSS      PIR1, 1
0x000C	0x280F      	GOTO       L_interrupt2
;aula029.c,61 :: 		PORTB = ~PORTB; // inverte o valor do port B
0x000D	0x0986      	COMF       PORTB, 1
;aula029.c,62 :: 		PIR1.TMR2IF = 0; // limpa a flag de estouro do Timer 2
0x000E	0x108C      	BCF        PIR1, 1
;aula029.c,63 :: 		}
L_interrupt2:
;aula029.c,65 :: 		}
L_end_interrupt:
L__interrupt5:
0x000F	0x0823      	MOVF       ___savePCLATH, 0
0x0010	0x008A      	MOVWF      PCLATH
0x0011	0x0E22      	SWAPF      ___saveSTATUS, 0
0x0012	0x0083      	MOVWF      STATUS
0x0013	0x0EFF      	SWAPF      R15, 1
0x0014	0x0E7F      	SWAPF      R15, 0
0x0015	0x0009      	RETFIE
; end of _interrupt
_main:
;aula029.c,33 :: 		void main() {
;aula029.c,35 :: 		INTCON.GIE = 1; // habilita a interrupção global
0x0016	0x178B      	BSF        INTCON, 7
;aula029.c,36 :: 		INTCON.PEIE = 1; // habilita a interrupção por periféricos
0x0017	0x170B      	BSF        INTCON, 6
;aula029.c,37 :: 		PIE1.TMR2IE = 1; // habilita interrupção do Timer 2 por comparação TMR2 com PR2
0x0018	0x1683      	BSF        STATUS, 5
0x0019	0x1303      	BCF        STATUS, 6
0x001A	0x148C      	BSF        PIE1, 1
;aula029.c,38 :: 		T2CON = 0b00011101; // (0), (0011) postscaler 1:4, (1) Timer 2 habilitado, (01) prescaler 1:4
0x001B	0x301D      	MOVLW      29
0x001C	0x1283      	BCF        STATUS, 5
0x001D	0x0092      	MOVWF      T2CON
;aula029.c,39 :: 		PR2 = 100; //
0x001E	0x3064      	MOVLW      100
0x001F	0x1683      	BSF        STATUS, 5
0x0020	0x0092      	MOVWF      PR2
;aula029.c,40 :: 		TRISB = 0; // todo port B como saída
0x0021	0x0186      	CLRF       TRISB
;aula029.c,41 :: 		PORTB = 0; // port B inciando em nível baixo
0x0022	0x1283      	BCF        STATUS, 5
0x0023	0x0186      	CLRF       PORTB
;aula029.c,51 :: 		while(1){
L_main0:
;aula029.c,53 :: 		}
0x0024	0x2824      	GOTO       L_main0
;aula029.c,55 :: 		}
L_end_main:
0x0025	0x2825      	GOTO       $+0
; end of _main
Symbol List:
//** Routines locations **
//ADDRESS    SIZE    PROCEDURE
//----------------------------------------------
0x0004      [18]    _interrupt
0x0016      [16]    _main
//** Variables locations ** 
//ADDRESS    SIZE    VARIABLE
//----------------------------------------------
0x0000       [1]    INDF
0x0003       [1]    STATUS
0x0004       [1]    FSR
0x0006       [1]    PORTB
0x000A       [1]    PCLATH
0x000B       [1]    INTCON
0x000C       [1]    PIR1
0x0012       [1]    T2CON
0x0020       [2]    ___DoICPAddr
0x0022       [1]    ___saveSTATUS
0x0023       [1]    ___savePCLATH
0x0070       [1]    R0
0x0071       [1]    R1
0x0072       [1]    R2
0x0073       [1]    R3
0x0074       [1]    R4
0x0075       [1]    R5
0x0076       [1]    R6
0x0077       [1]    R7
0x0078       [1]    R8
0x0079       [1]    R9
0x007A       [1]    R10
0x007B       [1]    R11
0x007C       [1]    R12
0x007D       [1]    R13
0x007E       [1]    R14
0x007F       [1]    R15
0x0086       [1]    TRISB
0x008C       [1]    PIE1
0x0092       [1]    PR2
