;  LST file generated by mikroListExporter - v.2.0 
; Date/Time: 15/02/2023 15:31:40
;----------------------------------------------

;Address Opcode 	ASM
0x0000	0x2972      	GOTO       370
_I2C1_Is_Idle:
;__Lib_I2C_c34.c,11 :: 		
;__Lib_I2C_c34.c,12 :: 		
0x0003	0x1683      	BSF        STATUS, 5
0x0004	0x1303      	BCF        STATUS, 6
0x0005	0x1914      	BTFSC      SSPSTAT, 2
0x0006	0x2811      	GOTO       L_I2C1_Is_Idle0
;__Lib_I2C_c34.c,13 :: 		
0x0007	0x301F      	MOVLW      31
0x0008	0x0511      	ANDWF      SSPCON2, 0
0x0009	0x00F1      	MOVWF      R1
0x000A	0x0871      	MOVF       R1, 0
0x000B	0x3A00      	XORLW      0
0x000C	0x1D03      	BTFSS      STATUS, 2
0x000D	0x2811      	GOTO       L_I2C1_Is_Idle1
;__Lib_I2C_c34.c,14 :: 		
0x000E	0x3001      	MOVLW      1
0x000F	0x00F0      	MOVWF      R0
0x0010	0x0008      	RETURN
L_I2C1_Is_Idle1:
L_I2C1_Is_Idle0:
;__Lib_I2C_c34.c,15 :: 		
0x0011	0x01F0      	CLRF       R0
;__Lib_I2C_c34.c,16 :: 		
0x0012	0x0008      	RETURN
; end of _I2C1_Is_Idle
_I2C1_Repeated_Start:
;__Lib_I2C_c34.c,36 :: 		
;__Lib_I2C_c34.c,37 :: 		
0x0013	0x1683      	BSF        STATUS, 5
0x0014	0x1303      	BCF        STATUS, 6
0x0015	0x1491      	BSF        SSPCON2, 1
;__Lib_I2C_c34.c,38 :: 		
L_I2C1_Repeated_Start10:
0x0016	0x1C91      	BTFSS      SSPCON2, 1
0x0017	0x2819      	GOTO       L_I2C1_Repeated_Start11
;__Lib_I2C_c34.c,39 :: 		
0x0018	0x2816      	GOTO       L_I2C1_Repeated_Start10
L_I2C1_Repeated_Start11:
;__Lib_I2C_c34.c,40 :: 		
0x0019	0x0008      	RETURN
; end of _I2C1_Repeated_Start
_I2C1_Rd:
;__Lib_I2C_c34.c,42 :: 		
;__Lib_I2C_c34.c,45 :: 		
0x001A	0x1283      	BCF        STATUS, 5
0x001B	0x1303      	BCF        STATUS, 6
0x001C	0x118C      	BCF        PIR1, 3
;__Lib_I2C_c34.c,46 :: 		
0x001D	0x1683      	BSF        STATUS, 5
0x001E	0x1591      	BSF        SSPCON2, 3
;__Lib_I2C_c34.c,48 :: 		
L_I2C1_Rd12:
0x001F	0x1283      	BCF        STATUS, 5
0x0020	0x198C      	BTFSC      PIR1, 3
0x0021	0x2823      	GOTO       L_I2C1_Rd13
;__Lib_I2C_c34.c,49 :: 		
0x0022	0x281F      	GOTO       L_I2C1_Rd12
L_I2C1_Rd13:
;__Lib_I2C_c34.c,51 :: 		
0x0023	0x0813      	MOVF       SSPBUF, 0
0x0024	0x00F1      	MOVWF      R1
;__Lib_I2C_c34.c,52 :: 		
0x0025	0x0850      	MOVF       FARG_I2C1_Rd_ack, 0
0x0026	0x3A00      	XORLW      0
0x0027	0x1D03      	BTFSS      STATUS, 2
0x0028	0x282C      	GOTO       L_I2C1_Rd14
;__Lib_I2C_c34.c,53 :: 		
0x0029	0x1683      	BSF        STATUS, 5
0x002A	0x1691      	BSF        SSPCON2, 5
0x002B	0x282E      	GOTO       L_I2C1_Rd15
L_I2C1_Rd14:
0x002C	0x1683      	BSF        STATUS, 5
;__Lib_I2C_c34.c,55 :: 		
0x002D	0x1291      	BCF        SSPCON2, 5
L_I2C1_Rd15:
;__Lib_I2C_c34.c,57 :: 		
0x002E	0x1283      	BCF        STATUS, 5
0x002F	0x118C      	BCF        PIR1, 3
;__Lib_I2C_c34.c,58 :: 		
0x0030	0x1683      	BSF        STATUS, 5
0x0031	0x1611      	BSF        SSPCON2, 4
;__Lib_I2C_c34.c,60 :: 		
L_I2C1_Rd16:
0x0032	0x1283      	BCF        STATUS, 5
0x0033	0x198C      	BTFSC      PIR1, 3
0x0034	0x2836      	GOTO       L_I2C1_Rd17
;__Lib_I2C_c34.c,61 :: 		
0x0035	0x2832      	GOTO       L_I2C1_Rd16
L_I2C1_Rd17:
;__Lib_I2C_c34.c,63 :: 		
0x0036	0x0871      	MOVF       R1, 0
0x0037	0x00F0      	MOVWF      R0
;__Lib_I2C_c34.c,64 :: 		
0x0038	0x0008      	RETURN
; end of _I2C1_Rd
_I2C1_Wr:
;__Lib_I2C_c34.c,66 :: 		
;__Lib_I2C_c34.c,68 :: 		
0x0039	0x1283      	BCF        STATUS, 5
0x003A	0x1303      	BCF        STATUS, 6
0x003B	0x118C      	BCF        PIR1, 3
;__Lib_I2C_c34.c,69 :: 		
0x003C	0x0850      	MOVF       FARG_I2C1_Wr_data_, 0
0x003D	0x0093      	MOVWF      SSPBUF
;__Lib_I2C_c34.c,71 :: 		
L_I2C1_Wr18:
0x003E	0x1683      	BSF        STATUS, 5
0x003F	0x1D14      	BTFSS      SSPSTAT, 2
0x0040	0x2842      	GOTO       L_I2C1_Wr19
;__Lib_I2C_c34.c,72 :: 		
0x0041	0x283E      	GOTO       L_I2C1_Wr18
L_I2C1_Wr19:
;__Lib_I2C_c34.c,74 :: 		
L_I2C1_Wr20:
0x0042	0x1283      	BCF        STATUS, 5
0x0043	0x198C      	BTFSC      PIR1, 3
0x0044	0x2846      	GOTO       L_I2C1_Wr21
;__Lib_I2C_c34.c,75 :: 		
0x0045	0x2842      	GOTO       L_I2C1_Wr20
L_I2C1_Wr21:
;__Lib_I2C_c34.c,77 :: 		
0x0046	0x1683      	BSF        STATUS, 5
0x0047	0x1B11      	BTFSC      SSPCON2, 6
0x0048	0x284B      	GOTO       L_I2C1_Wr22
;__Lib_I2C_c34.c,78 :: 		
0x0049	0x01F0      	CLRF       R0
0x004A	0x0008      	RETURN
;__Lib_I2C_c34.c,79 :: 		
L_I2C1_Wr22:
;__Lib_I2C_c34.c,81 :: 		
0x004B	0x1511      	BSF        SSPCON2, 2
;__Lib_I2C_c34.c,82 :: 		
0x004C	0x3002      	MOVLW      2
0x004D	0x00F0      	MOVWF      R0
;__Lib_I2C_c34.c,84 :: 		
0x004E	0x0008      	RETURN
; end of _I2C1_Wr
_I2C1_Start:
;__Lib_I2C_c34.c,18 :: 		
;__Lib_I2C_c34.c,21 :: 		
0x004F	0x1283      	BCF        STATUS, 5
0x0050	0x1303      	BCF        STATUS, 6
0x0051	0x01D0      	CLRF       I2C1_Start_j_L0
0x0052	0x01D1      	CLRF       I2C1_Start_j_L0+1
L_I2C1_Start2:
0x0053	0x0851      	MOVF       I2C1_Start_j_L0+1, 0
0x0054	0x3C12      	SUBLW      18
0x0055	0x1D03      	BTFSS      STATUS, 2
0x0056	0x2859      	GOTO       L__I2C1_Start24
0x0057	0x0850      	MOVF       I2C1_Start_j_L0, 0
0x0058	0x3C8E      	SUBLW      142
L__I2C1_Start24:
0x0059	0x1C03      	BTFSS      STATUS, 0
0x005A	0x2865      	GOTO       L_I2C1_Start3
;__Lib_I2C_c34.c,22 :: 		
0x005B	0x2003      	CALL       _I2C1_Is_Idle
0x005C	0x0870      	MOVF       R0, 0
0x005D	0x1903      	BTFSC      STATUS, 2
0x005E	0x2860      	GOTO       L_I2C1_Start5
;__Lib_I2C_c34.c,23 :: 		
0x005F	0x2865      	GOTO       L_I2C1_Start3
L_I2C1_Start5:
;__Lib_I2C_c34.c,21 :: 		
0x0060	0x1283      	BCF        STATUS, 5
0x0061	0x0AD0      	INCF       I2C1_Start_j_L0, 1
0x0062	0x1903      	BTFSC      STATUS, 2
0x0063	0x0AD1      	INCF       I2C1_Start_j_L0+1, 1
;__Lib_I2C_c34.c,24 :: 		
0x0064	0x2853      	GOTO       L_I2C1_Start2
L_I2C1_Start3:
0x0065	0x1283      	BCF        STATUS, 5
;__Lib_I2C_c34.c,26 :: 		
0x0066	0x3012      	MOVLW      18
0x0067	0x0251      	SUBWF      I2C1_Start_j_L0+1, 0
0x0068	0x1D03      	BTFSS      STATUS, 2
0x0069	0x286C      	GOTO       L__I2C1_Start25
0x006A	0x308F      	MOVLW      143
0x006B	0x0250      	SUBWF      I2C1_Start_j_L0, 0
L__I2C1_Start25:
0x006C	0x1C03      	BTFSS      STATUS, 0
0x006D	0x2871      	GOTO       L_I2C1_Start6
;__Lib_I2C_c34.c,27 :: 		
0x006E	0x307B      	MOVLW      123
0x006F	0x00F0      	MOVWF      R0
0x0070	0x0008      	RETURN
L_I2C1_Start6:
0x0071	0x1683      	BSF        STATUS, 5
;__Lib_I2C_c34.c,29 :: 		
0x0072	0x1411      	BSF        SSPCON2, 0
;__Lib_I2C_c34.c,30 :: 		
L_I2C1_Start8:
0x0073	0x1C11      	BTFSS      SSPCON2, 0
0x0074	0x2876      	GOTO       L_I2C1_Start9
;__Lib_I2C_c34.c,31 :: 		
0x0075	0x2873      	GOTO       L_I2C1_Start8
L_I2C1_Start9:
;__Lib_I2C_c34.c,32 :: 		
0x0076	0x01F0      	CLRF       R0
;__Lib_I2C_c34.c,34 :: 		
0x0077	0x0008      	RETURN
; end of _I2C1_Start
_I2C1_Stop:
;__Lib_I2C_c34.c,87 :: 		
;__Lib_I2C_c34.c,88 :: 		
0x0078	0x1683      	BSF        STATUS, 5
0x0079	0x1303      	BCF        STATUS, 6
0x007A	0x1511      	BSF        SSPCON2, 2
;__Lib_I2C_c34.c,89 :: 		
0x007B	0x0008      	RETURN
; end of _I2C1_Stop
_UART1_Write:
;__Lib_UART_c67.c,39 :: 		
;__Lib_UART_c67.c,40 :: 		
L_UART1_Write3:
0x007C	0x1683      	BSF        STATUS, 5
0x007D	0x1303      	BCF        STATUS, 6
0x007E	0x1898      	BTFSC      TXSTA, 1
0x007F	0x2882      	GOTO       L_UART1_Write4
;__Lib_UART_c67.c,41 :: 		
0x0080	0x0000      	NOP
0x0081	0x287C      	GOTO       L_UART1_Write3
L_UART1_Write4:
;__Lib_UART_c67.c,42 :: 		
0x0082	0x1283      	BCF        STATUS, 5
0x0083	0x084D      	MOVF       FARG_UART1_Write_data_, 0
0x0084	0x0099      	MOVWF      TXREG
;__Lib_UART_c67.c,43 :: 		
0x0085	0x0008      	RETURN
; end of _UART1_Write
_write24C32A:
;24c32a_i2c_lib.h,20 :: 		void write24C32A(char wdevice, char w24C32A_reg, char w24C32A_value){
;24c32a_i2c_lib.h,22 :: 		I2C1_Start();        // inicia comunicação
0x0086	0x204F      	CALL       _I2C1_Start
;24c32a_i2c_lib.h,23 :: 		I2C1_Wr((0b10100000) | (wdevice << 1));
0x0087	0x1283      	BCF        STATUS, 5
0x0088	0x1303      	BCF        STATUS, 6
0x0089	0x084D      	MOVF       FARG_write24C32A_wdevice, 0
0x008A	0x00F0      	MOVWF      R0
0x008B	0x0DF0      	RLF        R0, 1
0x008C	0x1070      	BCF        R0, 0
0x008D	0x30A0      	MOVLW      160
0x008E	0x0470      	IORWF      R0, 0
0x008F	0x00D0      	MOVWF      FARG_I2C1_Wr_data_
0x0090	0x2039      	CALL       _I2C1_Wr
;24c32a_i2c_lib.h,24 :: 		I2C1_Wr(w24C32A_reg >> 4);
0x0091	0x1283      	BCF        STATUS, 5
0x0092	0x084E      	MOVF       FARG_write24C32A_w24C32A_reg, 0
0x0093	0x00D0      	MOVWF      FARG_I2C1_Wr_data_
0x0094	0x0CD0      	RRF        FARG_I2C1_Wr_data_, 1
0x0095	0x13D0      	BCF        FARG_I2C1_Wr_data_, 7
0x0096	0x0CD0      	RRF        FARG_I2C1_Wr_data_, 1
0x0097	0x13D0      	BCF        FARG_I2C1_Wr_data_, 7
0x0098	0x0CD0      	RRF        FARG_I2C1_Wr_data_, 1
0x0099	0x13D0      	BCF        FARG_I2C1_Wr_data_, 7
0x009A	0x0CD0      	RRF        FARG_I2C1_Wr_data_, 1
0x009B	0x13D0      	BCF        FARG_I2C1_Wr_data_, 7
0x009C	0x2039      	CALL       _I2C1_Wr
;24c32a_i2c_lib.h,25 :: 		I2C1_Wr(w24C32A_reg &  0x0F);
0x009D	0x300F      	MOVLW      15
0x009E	0x1283      	BCF        STATUS, 5
0x009F	0x054E      	ANDWF      FARG_write24C32A_w24C32A_reg, 0
0x00A0	0x00D0      	MOVWF      FARG_I2C1_Wr_data_
0x00A1	0x2039      	CALL       _I2C1_Wr
;24c32a_i2c_lib.h,26 :: 		I2C1_Wr(w24C32A_value);
0x00A2	0x1283      	BCF        STATUS, 5
0x00A3	0x084F      	MOVF       FARG_write24C32A_w24C32A_value, 0
0x00A4	0x00D0      	MOVWF      FARG_I2C1_Wr_data_
0x00A5	0x2039      	CALL       _I2C1_Wr
;24c32a_i2c_lib.h,27 :: 		I2C1_Stop();
0x00A6	0x2078      	CALL       _I2C1_Stop
;24c32a_i2c_lib.h,28 :: 		delay_ms(5);
0x00A7	0x300D      	MOVLW      13
0x00A8	0x00FC      	MOVWF      R12
0x00A9	0x30FB      	MOVLW      251
0x00AA	0x00FD      	MOVWF      R13
L_write24C32A0:
0x00AB	0x0BFD      	DECFSZ     R13, 1
0x00AC	0x28AB      	GOTO       L_write24C32A0
0x00AD	0x0BFC      	DECFSZ     R12, 1
0x00AE	0x28AB      	GOTO       L_write24C32A0
0x00AF	0x0000      	NOP
0x00B0	0x0000      	NOP
;24c32a_i2c_lib.h,29 :: 		}
0x00B1	0x0008      	RETURN
; end of _write24C32A
_____DoICP:
;__Lib_System.c,6 :: 		
;__Lib_System.c,9 :: 		
0x00B2	0x1283      	BCF        STATUS, 5
0x00B3	0x1303      	BCF        STATUS, 6
0x00B4	0x0846      	MOVF       ___DoICPAddr+1, 0
0x00B5	0x008A      	MOVWF      PCLATH
;__Lib_System.c,10 :: 		
0x00B6	0x0845      	MOVF       ___DoICPAddr, 0
0x00B7	0x0082      	MOVWF      PCL
;__Lib_System.c,12 :: 		
0x00B8	0x0008      	RETURN
; end of _____DoICP
_read24C32A:
;24c32a_i2c_lib.h,31 :: 		char read24C32A(char rdevice, char r24C32A_reg){
;24c32a_i2c_lib.h,34 :: 		I2C1_Start();
0x00B9	0x204F      	CALL       _I2C1_Start
;24c32a_i2c_lib.h,35 :: 		I2C1_Wr((0b10100000) | (rdevice << 1));
0x00BA	0x1283      	BCF        STATUS, 5
0x00BB	0x1303      	BCF        STATUS, 6
0x00BC	0x084D      	MOVF       FARG_read24C32A_rdevice, 0
0x00BD	0x00F0      	MOVWF      R0
0x00BE	0x0DF0      	RLF        R0, 1
0x00BF	0x1070      	BCF        R0, 0
0x00C0	0x30A0      	MOVLW      160
0x00C1	0x0470      	IORWF      R0, 0
0x00C2	0x00D0      	MOVWF      FARG_I2C1_Wr_data_
0x00C3	0x2039      	CALL       _I2C1_Wr
;24c32a_i2c_lib.h,36 :: 		I2C1_Wr(r24C32A_reg >> 4);
0x00C4	0x1283      	BCF        STATUS, 5
0x00C5	0x084E      	MOVF       FARG_read24C32A_r24C32A_reg, 0
0x00C6	0x00D0      	MOVWF      FARG_I2C1_Wr_data_
0x00C7	0x0CD0      	RRF        FARG_I2C1_Wr_data_, 1
0x00C8	0x13D0      	BCF        FARG_I2C1_Wr_data_, 7
0x00C9	0x0CD0      	RRF        FARG_I2C1_Wr_data_, 1
0x00CA	0x13D0      	BCF        FARG_I2C1_Wr_data_, 7
0x00CB	0x0CD0      	RRF        FARG_I2C1_Wr_data_, 1
0x00CC	0x13D0      	BCF        FARG_I2C1_Wr_data_, 7
0x00CD	0x0CD0      	RRF        FARG_I2C1_Wr_data_, 1
0x00CE	0x13D0      	BCF        FARG_I2C1_Wr_data_, 7
0x00CF	0x2039      	CALL       _I2C1_Wr
;24c32a_i2c_lib.h,37 :: 		I2C1_Wr(r24C32A_reg &  0x0F);
0x00D0	0x300F      	MOVLW      15
0x00D1	0x1283      	BCF        STATUS, 5
0x00D2	0x054E      	ANDWF      FARG_read24C32A_r24C32A_reg, 0
0x00D3	0x00D0      	MOVWF      FARG_I2C1_Wr_data_
0x00D4	0x2039      	CALL       _I2C1_Wr
;24c32a_i2c_lib.h,38 :: 		I2C1_repeated_Start();
0x00D5	0x2013      	CALL       _I2C1_Repeated_Start
;24c32a_i2c_lib.h,39 :: 		I2C1_Wr((0b10100001) | (rdevice << 1));
0x00D6	0x1283      	BCF        STATUS, 5
0x00D7	0x084D      	MOVF       FARG_read24C32A_rdevice, 0
0x00D8	0x00F0      	MOVWF      R0
0x00D9	0x0DF0      	RLF        R0, 1
0x00DA	0x1070      	BCF        R0, 0
0x00DB	0x30A1      	MOVLW      161
0x00DC	0x0470      	IORWF      R0, 0
0x00DD	0x00D0      	MOVWF      FARG_I2C1_Wr_data_
0x00DE	0x2039      	CALL       _I2C1_Wr
;24c32a_i2c_lib.h,40 :: 		r24C32A_value = I2C1_Rd(0);
0x00DF	0x1283      	BCF        STATUS, 5
0x00E0	0x01D0      	CLRF       FARG_I2C1_Rd_ack
0x00E1	0x201A      	CALL       _I2C1_Rd
0x00E2	0x0870      	MOVF       R0, 0
0x00E3	0x00CF      	MOVWF      read24C32A_r24C32A_value_L0
;24c32a_i2c_lib.h,41 :: 		I2C1_Stop();
0x00E4	0x2078      	CALL       _I2C1_Stop
;24c32a_i2c_lib.h,42 :: 		delay_ms(5);
0x00E5	0x300D      	MOVLW      13
0x00E6	0x00FC      	MOVWF      R12
0x00E7	0x30FB      	MOVLW      251
0x00E8	0x00FD      	MOVWF      R13
L_read24C32A1:
0x00E9	0x0BFD      	DECFSZ     R13, 1
0x00EA	0x28E9      	GOTO       L_read24C32A1
0x00EB	0x0BFC      	DECFSZ     R12, 1
0x00EC	0x28E9      	GOTO       L_read24C32A1
0x00ED	0x0000      	NOP
0x00EE	0x0000      	NOP
;24c32a_i2c_lib.h,43 :: 		return  r24C32A_value;
0x00EF	0x1283      	BCF        STATUS, 5
0x00F0	0x084F      	MOVF       read24C32A_r24C32A_value_L0, 0
0x00F1	0x00F0      	MOVWF      R0
;24c32a_i2c_lib.h,45 :: 		}
0x00F2	0x0008      	RETURN
; end of _read24C32A
_read24C32A_text:
;24c32a_i2c_lib.h,57 :: 		void read24C32A_text(char rdevice, char r24C32A_reg, char *r24C32A_text, char r24C32A_chr){
;24c32a_i2c_lib.h,60 :: 		while(rauxtxt != r24C32A_chr){
L_read24C32A_text4:
0x00F3	0x1283      	BCF        STATUS, 5
0x00F4	0x1303      	BCF        STATUS, 6
0x00F5	0x084C      	MOVF       read24C32A_text_rauxtxt_L0, 0
0x00F6	0x064B      	XORWF      FARG_read24C32A_text_r24C32A_chr, 0
0x00F7	0x1903      	BTFSC      STATUS, 2
0x00F8	0x2909      	GOTO       L_read24C32A_text5
;24c32a_i2c_lib.h,61 :: 		*r24C32A_text = read24C32A(rdevice, r24C32A_reg);
0x00F9	0x0848      	MOVF       FARG_read24C32A_text_rdevice, 0
0x00FA	0x00CD      	MOVWF      FARG_read24C32A_rdevice
0x00FB	0x0849      	MOVF       FARG_read24C32A_text_r24C32A_reg, 0
0x00FC	0x00CE      	MOVWF      FARG_read24C32A_r24C32A_reg
0x00FD	0x20B9      	CALL       _read24C32A
0x00FE	0x084A      	MOVF       FARG_read24C32A_text_r24C32A_text, 0
0x00FF	0x0084      	MOVWF      FSR
0x0100	0x0870      	MOVF       R0, 0
0x0101	0x0080      	MOVWF      INDF
;24c32a_i2c_lib.h,62 :: 		rauxtxt = *r24C32A_text;
0x0102	0x084A      	MOVF       FARG_read24C32A_text_r24C32A_text, 0
0x0103	0x0084      	MOVWF      FSR
0x0104	0x0800      	MOVF       INDF, 0
0x0105	0x00CC      	MOVWF      read24C32A_text_rauxtxt_L0
;24c32a_i2c_lib.h,63 :: 		r24C32A_reg++;
0x0106	0x0AC9      	INCF       FARG_read24C32A_text_r24C32A_reg, 1
;24c32a_i2c_lib.h,64 :: 		r24C32A_text++;
0x0107	0x0ACA      	INCF       FARG_read24C32A_text_r24C32A_text, 1
;24c32a_i2c_lib.h,65 :: 		}
0x0108	0x28F3      	GOTO       L_read24C32A_text4
L_read24C32A_text5:
;24c32a_i2c_lib.h,67 :: 		}
0x0109	0x0008      	RETURN
; end of _read24C32A_text
_strlen:
;__Lib_CString.c,137 :: 		
;__Lib_CString.c,140 :: 		
0x010A	0x1283      	BCF        STATUS, 5
0x010B	0x1303      	BCF        STATUS, 6
0x010C	0x0848      	MOVF       FARG_strlen_s, 0
0x010D	0x00F2      	MOVWF      R2
;__Lib_CString.c,141 :: 		
L_strlen36:
0x010E	0x0872      	MOVF       R2, 0
0x010F	0x00F0      	MOVWF      R0
0x0110	0x0AF2      	INCF       R2, 1
0x0111	0x0870      	MOVF       R0, 0
0x0112	0x0084      	MOVWF      FSR
0x0113	0x0800      	MOVF       INDF, 0
0x0114	0x1903      	BTFSC      STATUS, 2
0x0115	0x2917      	GOTO       L_strlen37
;__Lib_CString.c,142 :: 		
0x0116	0x290E      	GOTO       L_strlen36
L_strlen37:
;__Lib_CString.c,143 :: 		
0x0117	0x0848      	MOVF       FARG_strlen_s, 0
0x0118	0x0272      	SUBWF      R2, 0
0x0119	0x00F0      	MOVWF      R0
0x011A	0x3001      	MOVLW      1
0x011B	0x02F0      	SUBWF      R0, 1
0x011C	0x01F1      	CLRF       R0+1
0x011D	0x1C03      	BTFSS      STATUS, 0
0x011E	0x03F1      	DECF       R0+1, 1
;__Lib_CString.c,144 :: 		
0x011F	0x0008      	RETURN
; end of _strlen
_write24C32A_text:
;24c32a_i2c_lib.h,48 :: 		void write24C32A_text(char wdevice, char w24C32A_reg, char *w24C32A_text){
;24c32a_i2c_lib.h,50 :: 		while(*w24C32A_text != '\0'){
L_write24C32A_text2:
0x0120	0x1283      	BCF        STATUS, 5
0x0121	0x1303      	BCF        STATUS, 6
0x0122	0x084A      	MOVF       FARG_write24C32A_text_w24C32A_text, 0
0x0123	0x0084      	MOVWF      FSR
0x0124	0x0800      	MOVF       INDF, 0
0x0125	0x3A00      	XORLW      0
0x0126	0x1903      	BTFSC      STATUS, 2
0x0127	0x2935      	GOTO       L_write24C32A_text3
;24c32a_i2c_lib.h,51 :: 		write24C32A(wdevice, w24C32A_reg, *w24C32A_text);
0x0128	0x0848      	MOVF       FARG_write24C32A_text_wdevice, 0
0x0129	0x00CD      	MOVWF      FARG_write24C32A_wdevice
0x012A	0x0849      	MOVF       FARG_write24C32A_text_w24C32A_reg, 0
0x012B	0x00CE      	MOVWF      FARG_write24C32A_w24C32A_reg
0x012C	0x084A      	MOVF       FARG_write24C32A_text_w24C32A_text, 0
0x012D	0x0084      	MOVWF      FSR
0x012E	0x0800      	MOVF       INDF, 0
0x012F	0x00CF      	MOVWF      FARG_write24C32A_w24C32A_value
0x0130	0x2086      	CALL       _write24C32A
;24c32a_i2c_lib.h,52 :: 		w24C32A_reg++;
0x0131	0x1283      	BCF        STATUS, 5
0x0132	0x0AC9      	INCF       FARG_write24C32A_text_w24C32A_reg, 1
;24c32a_i2c_lib.h,53 :: 		w24C32A_text++;
0x0133	0x0ACA      	INCF       FARG_write24C32A_text_w24C32A_text, 1
;24c32a_i2c_lib.h,54 :: 		}
0x0134	0x2920      	GOTO       L_write24C32A_text2
L_write24C32A_text3:
;24c32a_i2c_lib.h,55 :: 		}
0x0135	0x0008      	RETURN
; end of _write24C32A_text
_UART1_Init:
;__Lib_UART_c67.c,2 :: 		
;__Lib_UART_c67.c,5 :: 		
0x0136	0x1683      	BSF        STATUS, 5
0x0137	0x1303      	BCF        STATUS, 6
0x0138	0x1698      	BSF        TXSTA, 5
;__Lib_UART_c67.c,6 :: 		
0x0139	0x3090      	MOVLW      144
0x013A	0x1283      	BCF        STATUS, 5
0x013B	0x0098      	MOVWF      RCSTA
;__Lib_UART_c67.c,7 :: 		
0x013C	0x1683      	BSF        STATUS, 5
0x013D	0x1787      	BSF        TRISC7_bit, 7
;__Lib_UART_c67.c,8 :: 		
0x013E	0x1307      	BCF        TRISC6_bit, 6
;__Lib_UART_c67.c,10 :: 		
L_UART1_Init0:
0x013F	0x1283      	BCF        STATUS, 5
0x0140	0x1E8C      	BTFSS      PIR1, 5
0x0141	0x2945      	GOTO       L_UART1_Init1
;__Lib_UART_c67.c,11 :: 		
0x0142	0x081A      	MOVF       RCREG, 0
0x0143	0x00F0      	MOVWF      R0
0x0144	0x293F      	GOTO       L_UART1_Init0
L_UART1_Init1:
;__Lib_UART_c67.c,12 :: 		
0x0145	0x0008      	RETURN
; end of _UART1_Init
_I2C1_Init:
;__Lib_I2C_c34.c,2 :: 		
;__Lib_I2C_c34.c,3 :: 		
0x0146	0x1683      	BSF        STATUS, 5
0x0147	0x1303      	BCF        STATUS, 6
0x0148	0x1314      	BCF        SSPSTAT, 6
;__Lib_I2C_c34.c,4 :: 		
0x0149	0x1394      	BCF        SSPSTAT, 7
;__Lib_I2C_c34.c,5 :: 		
0x014A	0x1607      	BSF        TRISC4_bit, 4
;__Lib_I2C_c34.c,6 :: 		
0x014B	0x1587      	BSF        TRISC3_bit, 3
;__Lib_I2C_c34.c,7 :: 		
0x014C	0x3038      	MOVLW      56
0x014D	0x1283      	BCF        STATUS, 5
0x014E	0x0094      	MOVWF      SSPCON
;__Lib_I2C_c34.c,9 :: 		
0x014F	0x0008      	RETURN
; end of _I2C1_Init
_UART1_Write_Text:
;__Lib_UART_c67.c,47 :: 		
;__Lib_UART_c67.c,48 :: 		
0x0150	0x1283      	BCF        STATUS, 5
0x0151	0x1303      	BCF        STATUS, 6
0x0152	0x01CA      	CLRF       UART1_Write_Text_counter_L0
;__Lib_UART_c67.c,50 :: 		
0x0153	0x0848      	MOVF       FARG_UART1_Write_Text_uart_text, 0
0x0154	0x0084      	MOVWF      FSR
0x0155	0x0800      	MOVF       INDF, 0
0x0156	0x00C9      	MOVWF      UART1_Write_Text_data__L0
;__Lib_UART_c67.c,51 :: 		
L_UART1_Write_Text5:
0x0157	0x0849      	MOVF       UART1_Write_Text_data__L0, 0
0x0158	0x3A00      	XORLW      0
0x0159	0x1903      	BTFSC      STATUS, 2
0x015A	0x2965      	GOTO       L_UART1_Write_Text6
;__Lib_UART_c67.c,52 :: 		
0x015B	0x0849      	MOVF       UART1_Write_Text_data__L0, 0
0x015C	0x00CD      	MOVWF      FARG_UART1_Write_data_
0x015D	0x207C      	CALL       _UART1_Write
;__Lib_UART_c67.c,53 :: 		
0x015E	0x0ACA      	INCF       UART1_Write_Text_counter_L0, 1
;__Lib_UART_c67.c,54 :: 		
0x015F	0x084A      	MOVF       UART1_Write_Text_counter_L0, 0
0x0160	0x0748      	ADDWF      FARG_UART1_Write_Text_uart_text, 0
0x0161	0x0084      	MOVWF      FSR
0x0162	0x0800      	MOVF       INDF, 0
0x0163	0x00C9      	MOVWF      UART1_Write_Text_data__L0
;__Lib_UART_c67.c,55 :: 		
0x0164	0x2957      	GOTO       L_UART1_Write_Text5
L_UART1_Write_Text6:
;__Lib_UART_c67.c,56 :: 		
0x0165	0x0008      	RETURN
; end of _UART1_Write_Text
___CC2DW:
;__Lib_System.c,24 :: 		
;__Lib_System.c,27 :: 		
_CC2D_Loop1:
;__Lib_System.c,29 :: 		
0x0166	0x20B2      	CALL       _____DoICP
0x0167	0x118A      	BCF        PCLATH, 3
0x0168	0x120A      	BCF        PCLATH, 4
;__Lib_System.c,31 :: 		
0x0169	0x0080      	MOVWF      INDF
;__Lib_System.c,32 :: 		
0x016A	0x0A84      	INCF       FSR, 1
;__Lib_System.c,33 :: 		
0x016B	0x0AC5      	INCF       ___DoICPAddr, 1
;__Lib_System.c,35 :: 		
0x016C	0x1903      	BTFSC      STATUS, 2
;__Lib_System.c,36 :: 		
0x016D	0x0AC6      	INCF       ___DoICPAddr+1, 1
;__Lib_System.c,37 :: 		
0x016E	0x03F0      	DECF       R0, 1
;__Lib_System.c,39 :: 		
0x016F	0x1D03      	BTFSS      STATUS, 2
;__Lib_System.c,40 :: 		
0x0170	0x2966      	GOTO       _CC2D_Loop1
;__Lib_System.c,42 :: 		
0x0171	0x0008      	RETURN
; end of ___CC2DW
_main:
0x0172	0x304D      	MOVLW      77
0x0173	0x1283      	BCF        STATUS, 5
0x0174	0x1303      	BCF        STATUS, 6
0x0175	0x00A0      	MOVWF      ?lstr1_VSaula057_I2C_Memoria_24C32A
0x0176	0x3061      	MOVLW      97
0x0177	0x00A1      	MOVWF      33
0x0178	0x3072      	MOVLW      114
0x0179	0x00A2      	MOVWF      34
0x017A	0x3063      	MOVLW      99
0x017B	0x00A3      	MOVWF      35
0x017C	0x3065      	MOVLW      101
0x017D	0x00A4      	MOVWF      36
0x017E	0x306C      	MOVLW      108
0x017F	0x00A5      	MOVWF      37
0x0180	0x306F      	MOVLW      111
0x0181	0x00A6      	MOVWF      38
0x0182	0x3020      	MOVLW      32
0x0183	0x00A7      	MOVWF      39
0x0184	0x304D      	MOVLW      77
0x0185	0x00A8      	MOVWF      40
0x0186	0x306F      	MOVLW      111
0x0187	0x00A9      	MOVWF      41
0x0188	0x3072      	MOVLW      114
0x0189	0x00AA      	MOVWF      42
0x018A	0x3061      	MOVLW      97
0x018B	0x00AB      	MOVWF      43
0x018C	0x3065      	MOVLW      101
0x018D	0x00AC      	MOVWF      44
0x018E	0x3073      	MOVLW      115
0x018F	0x00AD      	MOVWF      45
0x0190	0x3023      	MOVLW      35
0x0191	0x00AE      	MOVWF      46
0x0192	0x01AF      	CLRF       47
;VSaula057_I2C_Memoria_24C32A.c,9 :: 		void main() {
;VSaula057_I2C_Memoria_24C32A.c,10 :: 		I2C1_Init(100000);   // incicializa o I2C1
0x0193	0x3014      	MOVLW      20
0x0194	0x1683      	BSF        STATUS, 5
0x0195	0x0093      	MOVWF      SSPADD
0x0196	0x2146      	CALL       _I2C1_Init
;VSaula057_I2C_Memoria_24C32A.c,11 :: 		UART1_Init(9600);
0x0197	0x3033      	MOVLW      51
0x0198	0x1683      	BSF        STATUS, 5
0x0199	0x0099      	MOVWF      SPBRG
0x019A	0x1518      	BSF        TXSTA, 2
0x019B	0x2136      	CALL       _UART1_Init
;VSaula057_I2C_Memoria_24C32A.c,14 :: 		write24C32A(0x00, 0x00, 'a');
0x019C	0x01CD      	CLRF       FARG_write24C32A_wdevice
0x019D	0x01CE      	CLRF       FARG_write24C32A_w24C32A_reg
0x019E	0x3061      	MOVLW      97
0x019F	0x00CF      	MOVWF      FARG_write24C32A_w24C32A_value
0x01A0	0x2086      	CALL       _write24C32A
;VSaula057_I2C_Memoria_24C32A.c,15 :: 		caractere = read24C32A(0x00, 0x00);
0x01A1	0x1283      	BCF        STATUS, 5
0x01A2	0x01CD      	CLRF       FARG_read24C32A_rdevice
0x01A3	0x01CE      	CLRF       FARG_read24C32A_r24C32A_reg
0x01A4	0x20B9      	CALL       _read24C32A
0x01A5	0x0870      	MOVF       R0, 0
0x01A6	0x00C7      	MOVWF      _caractere
;VSaula057_I2C_Memoria_24C32A.c,16 :: 		UART1_Write(caractere);
0x01A7	0x0870      	MOVF       R0, 0
0x01A8	0x00CD      	MOVWF      FARG_UART1_Write_data_
0x01A9	0x207C      	CALL       _UART1_Write
;VSaula057_I2C_Memoria_24C32A.c,17 :: 		UART1_Write(13);
0x01AA	0x300D      	MOVLW      13
0x01AB	0x00CD      	MOVWF      FARG_UART1_Write_data_
0x01AC	0x207C      	CALL       _UART1_Write
;VSaula057_I2C_Memoria_24C32A.c,19 :: 		write24C32A_text(0x01, 0x00, "Marcelo Moraes#");
0x01AD	0x3001      	MOVLW      1
0x01AE	0x00C8      	MOVWF      FARG_write24C32A_text_wdevice
0x01AF	0x01C9      	CLRF       FARG_write24C32A_text_w24C32A_reg
0x01B0	0x3020      	MOVLW      ?lstr1_VSaula057_I2C_Memoria_24C32A
0x01B1	0x00CA      	MOVWF      FARG_write24C32A_text_w24C32A_text
0x01B2	0x2120      	CALL       _write24C32A_text
;VSaula057_I2C_Memoria_24C32A.c,20 :: 		read24C32A_text(0x01, 0x00, texto, '#');
0x01B3	0x3001      	MOVLW      1
0x01B4	0x00C8      	MOVWF      FARG_read24C32A_text_rdevice
0x01B5	0x01C9      	CLRF       FARG_read24C32A_text_r24C32A_reg
0x01B6	0x3030      	MOVLW      _texto
0x01B7	0x00CA      	MOVWF      FARG_read24C32A_text_r24C32A_text
0x01B8	0x3023      	MOVLW      35
0x01B9	0x00CB      	MOVWF      FARG_read24C32A_text_r24C32A_chr
0x01BA	0x20F3      	CALL       _read24C32A_text
;VSaula057_I2C_Memoria_24C32A.c,21 :: 		tamanho = strlen(texto);
0x01BB	0x3030      	MOVLW      _texto
0x01BC	0x00C8      	MOVWF      FARG_strlen_s
0x01BD	0x210A      	CALL       _strlen
0x01BE	0x0870      	MOVF       R0, 0
0x01BF	0x00C4      	MOVWF      _tamanho
;VSaula057_I2C_Memoria_24C32A.c,22 :: 		texto[tamanho-1] = '\0';
0x01C0	0x3001      	MOVLW      1
0x01C1	0x02F0      	SUBWF      R0, 1
0x01C2	0x01F1      	CLRF       R0+1
0x01C3	0x1C03      	BTFSS      STATUS, 0
0x01C4	0x03F1      	DECF       R0+1, 1
0x01C5	0x0870      	MOVF       R0, 0
0x01C6	0x3E30      	ADDLW      _texto
0x01C7	0x0084      	MOVWF      FSR
0x01C8	0x0180      	CLRF       INDF
;VSaula057_I2C_Memoria_24C32A.c,23 :: 		UART1_Write_Text(texto);
0x01C9	0x3030      	MOVLW      _texto
0x01CA	0x00C8      	MOVWF      FARG_UART1_Write_Text_uart_text
0x01CB	0x2150      	CALL       _UART1_Write_Text
;VSaula057_I2C_Memoria_24C32A.c,25 :: 		while(1){
L_main6:
;VSaula057_I2C_Memoria_24C32A.c,27 :: 		}
0x01CC	0x29CC      	GOTO       L_main6
;VSaula057_I2C_Memoria_24C32A.c,29 :: 		}
0x01CD	0x29CD      	GOTO       $+0
; end of _main
Symbol List:
//** Routines locations **
//ADDRESS    SIZE    PROCEDURE
//----------------------------------------------
0x0003      [16]    _I2C1_Is_Idle
0x0013       [7]    _I2C1_Repeated_Start
0x001A      [31]    _I2C1_Rd
0x0039      [22]    _I2C1_Wr
0x004F      [41]    _I2C1_Start
0x0078       [4]    _I2C1_Stop
0x007C      [10]    _UART1_Write
0x0086      [44]    _write24C32A
0x00B2       [7]    _____DoICP
0x00B9      [58]    _read24C32A
0x00F3      [23]    _read24C32A_text
0x010A      [22]    _strlen
0x0120      [22]    _write24C32A_text
0x0136      [16]    _UART1_Init
0x0146      [10]    _I2C1_Init
0x0150      [22]    _UART1_Write_Text
0x0166      [12]    ___CC2DW
0x0172      [92]    _main
//** Variables locations ** 
//ADDRESS    SIZE    VARIABLE
//----------------------------------------------
0x0000       [1]    INDF
0x0001       [1]    TMR0
0x0002       [1]    PCL
0x0003       [0]    C_bit
0x0003       [1]    STATUS
0x0003       [0]    RP0_bit
0x0003       [0]    NOT_PD_bit
0x0003       [0]    NOT_TO_bit
0x0003       [0]    IRP_bit
0x0003       [0]    DC_bit
0x0003       [0]    Z_bit
0x0003       [0]    RP1_bit
0x0004       [1]    FSRPTR
0x0004       [1]    FSR
0x0005       [0]    RA3_bit
0x0005       [0]    RA1_bit
0x0005       [0]    RA4_bit
0x0005       [0]    RA0_bit
0x0005       [0]    RA2_bit
0x0005       [1]    PORTA
0x0005       [0]    RA5_bit
0x0006       [0]    RB6_bit
0x0006       [0]    RB7_bit
0x0006       [0]    RB3_bit
0x0006       [0]    RB4_bit
0x0006       [0]    RB2_bit
0x0006       [0]    RB0_bit
0x0006       [0]    RB1_bit
0x0006       [1]    PORTB
0x0006       [0]    RB5_bit
0x0007       [0]    RC3_bit
0x0007       [0]    RC2_bit
0x0007       [0]    RC1_bit
0x0007       [0]    RC6_bit
0x0007       [0]    RC7_bit
0x0007       [0]    RC4_bit
0x0007       [0]    RC5_bit
0x0007       [0]    RC0_bit
0x0007       [1]    PORTC
0x0008       [0]    RD3_bit
0x0008       [0]    RD7_bit
0x0008       [0]    RD6_bit
0x0008       [0]    RD5_bit
0x0008       [0]    RD1_bit
0x0008       [0]    RD4_bit
0x0008       [1]    PORTD
0x0008       [0]    RD2_bit
0x0008       [0]    RD0_bit
0x0009       [0]    RE2_bit
0x0009       [1]    PORTE
0x0009       [0]    RE1_bit
0x0009       [0]    RE0_bit
0x000A       [1]    PCLATH
0x000B       [0]    T0IF_bit
0x000B       [0]    RBIE_bit
0x000B       [0]    TMR0IF_bit
0x000B       [0]    RBIF_bit
0x000B       [0]    INTF_bit
0x000B       [0]    INTE_bit
0x000B       [0]    GIE_bit
0x000B       [1]    INTCON
0x000B       [0]    PEIE_bit
0x000B       [0]    TMR0IE_bit
0x000B       [0]    T0IE_bit
0x000C       [0]    TXIF_bit
0x000C       [1]    PIR1
0x000C       [0]    SSPIF_bit
0x000C       [0]    RCIF_bit
0x000C       [0]    TMR1IF_bit
0x000C       [0]    CCP1IF_bit
0x000C       [0]    ADIF_bit
0x000C       [0]    PSPIF_bit
0x000C       [0]    TMR2IF_bit
0x000D       [1]    PIR2
0x000D       [0]    EEIF_bit
0x000D       [0]    CMIF_bit
0x000D       [0]    BCLIF_bit
0x000D       [0]    CCP2IF_bit
0x000E       [1]    TMR1L
0x000F       [1]    TMR1H
0x0010       [0]    T1INSYNC_bit
0x0010       [0]    T1SYNC_bit
0x0010       [0]    TMR1CS_bit
0x0010       [0]    NOT_T1SYNC_bit
0x0010       [1]    T1CON
0x0010       [0]    T1CKPS0_bit
0x0010       [0]    T1OSCEN_bit
0x0010       [0]    T1CKPS1_bit
0x0010       [0]    TMR1ON_bit
0x0011       [1]    TMR2
0x0012       [0]    TOUTPS1_bit
0x0012       [1]    T2CON
0x0012       [0]    TOUTPS2_bit
0x0012       [0]    TOUTPS3_bit
0x0012       [0]    T2CKPS1_bit
0x0012       [0]    T2CKPS0_bit
0x0012       [0]    TOUTPS0_bit
0x0012       [0]    TMR2ON_bit
0x0013       [1]    SSPBUF
0x0014       [1]    SSPCON
0x0014       [0]    SSPM0_bit
0x0014       [0]    CKP_bit
0x0014       [0]    SSPM3_bit
0x0014       [0]    SSPM2_bit
0x0014       [0]    SSPEN_bit
0x0014       [0]    WCOL_bit
0x0014       [0]    SSPOV_bit
0x0014       [0]    SSPM1_bit
0x0015       [2]    CCPR1
0x0015       [1]    CCPR1L
0x0016       [1]    CCPR1H
0x0017       [0]    CCP1M2_bit
0x0017       [0]    CCP1M3_bit
0x0017       [0]    CCP1X_bit
0x0017       [0]    CCP1Y_bit
0x0017       [0]    CCP1M1_bit
0x0017       [1]    CCP1CON
0x0017       [0]    CCP1M0_bit
0x0018       [0]    OERR_bit
0x0018       [0]    FERR_bit
0x0018       [1]    RCSTA
0x0018       [0]    RCD8_bit
0x0018       [0]    RX9D_bit
0x0018       [0]    SPEN_bit
0x0018       [0]    RC8_9_bit
0x0018       [0]    NOT_RC8_bit
0x0018       [0]    RC9_bit
0x0018       [0]    RX9_bit
0x0018       [0]    ADDEN_bit
0x0018       [0]    CREN_bit
0x0018       [0]    SREN_bit
0x0019       [1]    TXREG
0x001A       [1]    RCREG
0x001B       [1]    CCPR2L
0x001B       [2]    CCPR2
0x001C       [1]    CCPR2H
0x001D       [1]    CCP2CON
0x001D       [0]    CCP2M2_bit
0x001D       [0]    CCP2M1_bit
0x001D       [0]    CCP2M0_bit
0x001D       [0]    CCP2Y_bit
0x001D       [0]    CCP2X_bit
0x001D       [0]    CCP2M3_bit
0x001E       [1]    ADRESH
0x001F       [0]    GO_DONE_bit
0x001F       [0]    CHS1_bit
0x001F       [0]    ADON_bit
0x001F       [0]    GO_bit
0x001F       [0]    NOT_DONE_bit
0x001F       [0]    CHS0_bit
0x001F       [0]    ADCS0_bit
0x001F       [0]    ADCS1_bit
0x001F       [0]    CHS2_bit
0x001F       [1]    ADCON0
0x0020      [16]    ?lstr1_VSaula057_I2C_Memoria_24C32A
0x0030      [20]    _texto
0x0044       [1]    _tamanho
0x0045       [2]    ___DoICPAddr
0x0047       [1]    _caractere
0x0048       [1]    FARG_strlen_s
0x0048       [1]    FARG_UART1_Write_Text_uart_text
0x0048       [4]    FARG_I2C1_Init_clock
0x0048       [1]    FARG_read24C32A_text_rdevice
0x0048       [1]    FARG_write24C32A_text_wdevice
0x0049       [1]    FARG_write24C32A_text_w24C32A_reg
0x0049       [1]    UART1_Write_Text_data__L0
0x0049       [1]    FARG_read24C32A_text_r24C32A_reg
0x004A       [1]    FARG_read24C32A_text_r24C32A_text
0x004A       [1]    UART1_Write_Text_counter_L0
0x004A       [1]    FARG_write24C32A_text_w24C32A_text
0x004B       [1]    FARG_read24C32A_text_r24C32A_chr
0x004C       [1]    read24C32A_text_rauxtxt_L0
0x004D       [1]    FARG_UART1_Write_data_
0x004D       [1]    FARG_read24C32A_rdevice
0x004D       [1]    FARG_write24C32A_wdevice
0x004E       [1]    FARG_read24C32A_r24C32A_reg
0x004E       [1]    FARG_write24C32A_w24C32A_reg
0x004F       [1]    FARG_write24C32A_w24C32A_value
0x004F       [1]    read24C32A_r24C32A_value_L0
0x0050       [1]    FARG_I2C1_Rd_ack
0x0050       [2]    I2C1_Start_j_L0
0x0050       [1]    FARG_I2C1_Wr_data_
0x0070       [1]    R0
0x0071       [1]    R1
0x0072       [1]    R2
0x0073       [1]    R3
0x0074       [1]    R4
0x0075       [1]    R5
0x0076       [1]    R6
0x0077       [1]    R7
0x0078       [1]    R8
0x0079       [1]    R9
0x007A       [1]    R10
0x007B       [1]    R11
0x007C       [1]    R12
0x007D       [1]    R13
0x007E       [1]    R14
0x007F       [1]    R15
0x0081       [1]    OPTION_REG
0x0081       [0]    INTEDG_bit
0x0081       [0]    T0CS_bit
0x0081       [0]    NOT_RBPU_bit
0x0081       [0]    PS2_bit
0x0081       [0]    PSA_bit
0x0081       [0]    PS0_bit
0x0081       [0]    PS1_bit
0x0081       [0]    T0SE_bit
0x0085       [0]    TRISA3_bit
0x0085       [0]    TRISA1_bit
0x0085       [0]    TRISA5_bit
0x0085       [0]    TRISA2_bit
0x0085       [0]    TRISA4_bit
0x0085       [0]    TRISA0_bit
0x0085       [1]    TRISA
0x0086       [0]    TRISB3_bit
0x0086       [0]    TRISB5_bit
0x0086       [0]    TRISB6_bit
0x0086       [0]    TRISB4_bit
0x0086       [0]    TRISB2_bit
0x0086       [0]    TRISB1_bit
0x0086       [0]    TRISB0_bit
0x0086       [0]    TRISB7_bit
0x0086       [1]    TRISB
0x0087       [0]    TRISC6_bit
0x0087       [0]    TRISC0_bit
0x0087       [1]    TRISC
0x0087       [0]    TRISC2_bit
0x0087       [0]    TRISC1_bit
0x0087       [0]    TRISC3_bit
0x0087       [0]    TRISC5_bit
0x0087       [0]    TRISC4_bit
0x0087       [0]    TRISC7_bit
0x0088       [0]    TRISD1_bit
0x0088       [0]    TRISD2_bit
0x0088       [0]    TRISD7_bit
0x0088       [0]    TRISD6_bit
0x0088       [0]    TRISD0_bit
0x0088       [0]    TRISD5_bit
0x0088       [0]    TRISD4_bit
0x0088       [1]    TRISD
0x0088       [0]    TRISD3_bit
0x0089       [0]    PSPMODE_TRISE_bit
0x0089       [0]    TRISE1_bit
0x0089       [0]    IBOV_TRISE_bit
0x0089       [0]    OBF_TRISE_bit
0x0089       [0]    PSPMODE_bit
0x0089       [0]    IBF_bit
0x0089       [1]    TRISE
0x0089       [0]    TRISE0_bit
0x0089       [0]    IBF_TRISE_bit
0x0089       [0]    IBOV_bit
0x0089       [0]    OBF_bit
0x0089       [0]    TRISE2_bit
0x008C       [0]    PSPIE_bit
0x008C       [1]    PIE1
0x008C       [0]    SSPIE_bit
0x008C       [0]    RCIE_bit
0x008C       [0]    TMR2IE_bit
0x008C       [0]    ADIE_bit
0x008C       [0]    CCP1IE_bit
0x008C       [0]    TMR1IE_bit
0x008C       [0]    TXIE_bit
0x008D       [0]    BCLIE_bit
0x008D       [0]    EEIE_bit
0x008D       [0]    CMIE_bit
0x008D       [1]    PIE2
0x008D       [0]    CCP2IE_bit
0x008E       [0]    NOT_BO_bit
0x008E       [0]    NOT_POR_bit
0x008E       [1]    PCON
0x008E       [0]    NOT_BOR_bit
0x0091       [0]    ACKEN_bit
0x0091       [0]    ACKDT_bit
0x0091       [0]    PEN_bit
0x0091       [0]    RCEN_bit
0x0091       [1]    SSPCON2
0x0091       [0]    SEN_bit
0x0091       [0]    RSEN_bit
0x0091       [0]    ACKSTAT_bit
0x0091       [0]    GCEN_bit
0x0092       [1]    PR2
0x0093       [1]    SSPADD
0x0094       [0]    SMP_bit
0x0094       [0]    CKE_bit
0x0094       [0]    I2C_STOP__bit
0x0094       [0]    NOT_WRITE_bit
0x0094       [0]    P_bit
0x0094       [0]    R_W_bit
0x0094       [0]    S_bit
0x0094       [0]    I2C_READ_bit
0x0094       [0]    NOT_W_bit
0x0094       [0]    I2C_START__bit
0x0094       [0]    R_bit
0x0094       [0]    D_bit
0x0094       [0]    NOT_A_bit
0x0094       [0]    NOT_ADDRESS_bit
0x0094       [0]    I2C_DATA_bit
0x0094       [1]    SSPSTAT
0x0094       [0]    D_A_bit
0x0094       [0]    READ_WRITE_bit
0x0094       [0]    DATA_ADDRESS_bit
0x0094       [0]    BF_bit
0x0094       [0]    UA_bit
0x0098       [0]    NOT_TX8_bit
0x0098       [0]    TX8_9_bit
0x0098       [0]    CSRC_bit
0x0098       [1]    TXSTA
0x0098       [0]    TX9_bit
0x0098       [0]    TXEN_bit
0x0098       [0]    TX9D_bit
0x0098       [0]    TXD8_bit
0x0098       [0]    TRMT_bit
0x0098       [0]    SYNC_bit
0x0098       [0]    BRGH_bit
0x0099       [1]    SPBRG
0x009C       [0]    CM0_bit
0x009C       [1]    CMCON
0x009C       [0]    CM1_bit
0x009C       [0]    CIS_bit
0x009C       [0]    CM2_bit
0x009C       [0]    C2INV_bit
0x009C       [0]    C1OUT_bit
0x009C       [0]    C2OUT_bit
0x009C       [0]    C1INV_bit
0x009D       [1]    CVRCON
0x009D       [0]    CVR3_bit
0x009D       [0]    CVR2_bit
0x009D       [0]    CVR1_bit
0x009D       [0]    CVR0_bit
0x009D       [0]    CVREN_bit
0x009D       [0]    CVROE_bit
0x009D       [0]    CVRR_bit
0x009E       [1]    ADRESL
0x009F       [0]    PCFG3_bit
0x009F       [0]    ADCS2_bit
0x009F       [1]    ADCON1
0x009F       [0]    PCFG2_bit
0x009F       [0]    PCFG1_bit
0x009F       [0]    PCFG0_bit
0x009F       [0]    ADFM_bit
0x010C       [1]    EEDATA
0x010D       [1]    EEADR
0x010E       [1]    EEDATH
0x010F       [1]    EEADRH
0x018C       [0]    WREN_bit
0x018C       [0]    WRERR_bit
0x018C       [0]    WR_bit
0x018C       [0]    RD_bit
0x018C       [1]    EECON1
0x018C       [0]    EEPGD_bit
0x018D       [1]    EECON2
//** Label List: ** 
//----------------------------------------------
  L_write24C32A0
  L_read24C32A1
  L_write24C32A_text2
  L_write24C32A_text3
  L_read24C32A_text4
  L_read24C32A_text5
  L_main6
  L_main7
  _write24C32A
  _read24C32A
  _write24C32A_text
  _read24C32A_text
  _main
  L_memchr0
  L_memchr1
  L_memchr2
  L_memchr3
  L_memcmp4
  L_memcmp5
  L_memcmp6
  L_memcpy7
  L_memcpy8
  L_memmove9
  L_memmove10
  L_memmove11
  L_memmove12
  L_memmove13
  L_memmove14
  L_memmove15
  L_memmove16
  L_memmove17
  L_memmove18
  L_memmove19
  L_memset20
  L_memset21
  L_strcat22
  L_strcat23
  L_strcat24
  L_strcat25
  L_strchr26
  L_strchr27
  L_strchr28
  L_strchr29
  L_strcmp30
  L_strcmp31
  L_strcmp32
  L_strcmp33
  L_strcpy34
  L_strcpy35
  L_strlen36
  L_strlen37
  L_strncat38
  L_strncat39
  L_strncat40
  L_strncat41
  L_strncat42
  L_strncat43
  L_strncat44
  L_strncpy45
  L_strncpy46
  L_strncpy47
  L_strncpy48
  L_strncpy49
  L_strspn50
  L_strspn51
  L_strspn52
  L_strspn53
  L_strcspn54
  L_strcspn55
  L_strcspn56
  L_strcspn57
  L_strncmp58
  L_strncmp59
  L_strncmp60
  L_strncmp61
  L_strncmp62
  L_strpbrk63
  L_strpbrk64
  L_strpbrk65
  L_strrchr66
  L_strrchr67
  L_strrchr68
  L_strrchr69
  L_strstr70
  L_strstr71
  L_strstr72
  L_strstr73
  L_strstr74
  L_strtok75
  L_strtok76
  L_strtok77
  L_strtok78
  L_strtok79
  L__memmove80
  L__strcmp81
  L__strncat82
  L__strspn83
  L__strcspn84
  L__strncmp85
  L__strstr86
  _memchr
  _memcmp
  L__memcmp87
  _memcpy
  _memmove
  _memset
  _strcat
  _strchr
  _strcmp
  _strcpy
  _strlen
  _strncat
  L__strncat88
  _strncpy
  _strspn
  _strcspn
  _strncmp
  _strpbrk
  _strrchr
  _strstr
  L__strstr89
  _strtok
  L_I2C1_Is_Idle0
  L_I2C1_Is_Idle1
  L_I2C1_Start2
  L_I2C1_Start3
  L_I2C1_Start4
  L_I2C1_Start5
  L_I2C1_Start6
  L_I2C1_Start7
  L_I2C1_Start8
  L_I2C1_Start9
  L_I2C1_Repeated_Start10
  L_I2C1_Repeated_Start11
  L_I2C1_Rd12
  L_I2C1_Rd13
  L_I2C1_Rd14
  L_I2C1_Rd15
  L_I2C1_Rd16
  L_I2C1_Rd17
  L_I2C1_Wr18
  L_I2C1_Wr19
  L_I2C1_Wr20
  L_I2C1_Wr21
  L_I2C1_Wr22
  L_I2C1_Wr23
  _I2C1_Init
  _I2C1_Is_Idle
  _I2C1_Start
  L__I2C1_Start24
  L__I2C1_Start25
  _I2C1_Repeated_Start
  _I2C1_Rd
  _I2C1_Wr
  _I2C1_Stop
  _CC2D_Loop1
  _____DoICP
  _____DoIFC
  ___CC2DW
  _Swap
  L_UART1_Init0
  L_UART1_Init1
  L_UART1_Read2
  L_UART1_Write3
  L_UART1_Write4
  L_UART1_Write_Text5
  L_UART1_Write_Text6
  L_UART1_Read_Text7
  L_UART1_Read_Text8
  L_UART1_Read_Text9
  L_UART1_Read_Text10
  L_UART1_Read_Text11
  L_UART1_Read_Text12
  L_UART1_Read_Text13
  L_UART1_Read_Text14
  L_UART1_Read_Text15
  _UART1_Init
  _UART1_Data_Ready
  _UART1_Read
  _UART1_Tx_Idle
  _UART1_Write
  _UART1_Write_Text
  _UART1_Read_Text
