MPASM  5.51                       AULA035.ASM   6-11-2023  11:01:21         PAGE  1


LOC  OBJECT CODE     LINE SOURCE TEXT
  VALUE

                      00001         TITLE           "AULA035 ENTRADA DE DADOS - BOTÃO LIGA"
                      00002         PROCESSOR       16F84A
                      00003         #INCLUDE        <P16F84A.INC>
                      00001         LIST
                      00002 
                      00003 ;==========================================================================
                      00004 ;  MPASM PIC16F84A processor include
                      00005 ; 
                      00006 ;  (c) Copyright 1999-2013 Microchip Technology, All rights reserved
                      00007 ;==========================================================================
                      00008 
                      00208         LIST
2007   3FF1           00004         __CONFIG _XT_OSC & _CP_OFF & _WDT_OFF & _PWRTE_ON
                      00005 
                      00006 ;++++++++++++++++++++++++++++++++++++++++++++++++++++++++++++++++++++++++++++++
                      00007 
                      00008         #DEFINE         BOTAO   PORTB, RB0
                      00009         #DEFINE         LED             PORTB, RB7
                      00010 
                      00011 ;++++++++++++++++++++++++++++++++++++++++++++++++++++++++++++++++++++++++++++++
                      00012 
0000                  00013         ORG                     0X00
0000   2805           00014         GOTO            INICIO
                      00015         
0004                  00016         ORG                     0X04
0004   0009           00017         RETFIE
                      00018         
                      00019 ;++++++++++++++++++++++++++++++++++++++++++++++++++++++++++++++++++++++++++++++
                      00020 
0005                  00021 INICIO:
                      00022         
0005   1683           00023         BANKSEL         TRISB
0006   307F           00024         MOVLW           B'01111111'                                     ;APENAS RB7 COMO SAÍDA
Message[302]: Register in operand not in bank 0.  Ensure that bank bits are correct.
0007   0086           00025         MOVWF           TRISB
                      00026         
0008   1283           00027         BANKSEL         PORTB
0009   0186           00028         CLRF            PORTB
                      00029 
000A                  00030 VERIFICA:
000A   1806           00031         BTFSC           BOTAO                                           ;BOTAO ACIONADO
000B   280E           00032         GOTO            APAGAR                                          ;NÃO, APAGA LED
000C   1786           00033         BSF                     LED                                                     ;SIM, ACENDE LED
000D   280A           00034         GOTO            VERIFICA
                      00035 
000E                  00036 APAGAR:
000E   1386           00037         BCF                     LED
000F   280A           00038         GOTO            VERIFICA
                      00039         
                      00040         
                      00041         
                      00042         
                      00043         
MPASM  5.51                       AULA035.ASM   6-11-2023  11:01:21         PAGE  2
AULA035 ENTRADA DE DADOS - BOTÃO LIGA

LOC  OBJECT CODE     LINE SOURCE TEXT
  VALUE

                      00044         
                      00045         
                      00046         
                      00047         
                      00048         
                      00049         
                      00050         
                      00051         END
MPASM  5.51                       AULA035.ASM   6-11-2023  11:01:21         PAGE  3
AULA035 ENTRADA DE DADOS - BOTÃO LIGA

SYMBOL TABLE
  LABEL                             VALUE 

APAGAR                            0000000E
BOTAO                             PORTB, RB0
C                                 00000000
DC                                00000001
EEADR                             00000009
EECON1                            00000088
EECON2                            00000089
EEDATA                            00000008
EEIE                              00000006
EEIF                              00000004
F                                 00000001
FSR                               00000004
GIE                               00000007
INDF                              00000000
INICIO                            00000005
INTCON                            0000000B
INTE                              00000004
INTEDG                            00000006
INTF                              00000001
IRP                               00000007
LED                               PORTB, RB7
NOT_PD                            00000003
NOT_RBPU                          00000007
NOT_TO                            00000004
OPTION_REG                        00000081
PCL                               00000002
PCLATH                            0000000A
PORTA                             00000005
PORTB                             00000006
PS0                               00000000
PS1                               00000001
PS2                               00000002
PSA                               00000003
RA0                               00000000
RA1                               00000001
RA2                               00000002
RA3                               00000003
RA4                               00000004
RB0                               00000000
RB1                               00000001
RB2                               00000002
RB3                               00000003
RB4                               00000004
RB5                               00000005
RB6                               00000006
RB7                               00000007
RBIE                              00000003
RBIF                              00000000
RD                                00000000
RP0                               00000005
RP1                               00000006
STATUS                            00000003
T0CS                              00000005
MPASM  5.51                       AULA035.ASM   6-11-2023  11:01:21         PAGE  4
AULA035 ENTRADA DE DADOS - BOTÃO LIGA

SYMBOL TABLE
  LABEL                             VALUE 

T0IE                              00000005
T0IF                              00000002
T0SE                              00000004
TMR0                              00000001
TMR0IE                            00000005
TMR0IF                            00000002
TRISA                             00000085
TRISA0                            00000000
TRISA1                            00000001
TRISA2                            00000002
TRISA3                            00000003
TRISA4                            00000004
TRISB                             00000086
TRISB0                            00000000
TRISB1                            00000001
TRISB2                            00000002
TRISB3                            00000003
TRISB4                            00000004
TRISB5                            00000005
TRISB6                            00000006
TRISB7                            00000007
VERIFICA                          0000000A
W                                 00000000
WR                                00000001
WREN                              00000002
WRERR                             00000003
Z                                 00000002
_CONFIG                           00002007
_CP_OFF                           00003FFF
_CP_ON                            0000000F
_DEVID1                           00002006
_FOSC_EXTRC                       00003FFF
_FOSC_HS                          00003FFE
_FOSC_LP                          00003FFC
_FOSC_XT                          00003FFD
_HS_OSC                           00003FFE
_IDLOC0                           00002000
_IDLOC1                           00002001
_IDLOC2                           00002002
_IDLOC3                           00002003
_LP_OSC                           00003FFC
_PWRTE_OFF                        00003FFF
_PWRTE_ON                         00003FF7
_RC_OSC                           00003FFF
_WDTE_OFF                         00003FFB
_WDTE_ON                          00003FFF
_WDT_OFF                          00003FFB
_WDT_ON                           00003FFF
_XT_OSC                           00003FFD
__16F84A                          00000001
__DEBUG                           1
MPASM  5.51                       AULA035.ASM   6-11-2023  11:01:21         PAGE  5
AULA035 ENTRADA DE DADOS - BOTÃO LIGA

MEMORY USAGE MAP ('X' = Used,  '-' = Unused)


0000 : X---XXXXXXXXXXXX ---------------- ---------------- ----------------
2000 : -------X-------- ---------------- ---------------- ----------------

All other memory blocks unused.

Program Memory Words Used:    13
Program Memory Words Free:  1011


Errors   :     0
Warnings :     0 reported,     0 suppressed
Messages :     1 reported,     0 suppressed

