
ROM used:   581/4096 (14%)
            581/4096 (14%) including unused fragments

            0.5 Average locations per line
            5.0 Average locations per statement

RAM used:   14/368 (4%) at main() level
            28/368 (8%) worst case

Stack used: 0 worst case (0 in main + 0 for interrupts)
Stack size: 8

Lines Stmts  %   Files
----- ----- ---  -----
   53    17  15  LCD.c
   13     0   0  LCD.h
  632     0   0  ..\..\..\..\..\Program Files (x86)\PICC\Devices\16F88.h
  456   100  85  ..\..\..\..\..\Program Files (x86)\PICC\Drivers\lcd.c
----- -----
 1154   117 Total

Page ROM  %  RAM   Vol Diff  Functions:
---- --- --- ---   --- ----  ----------
0     21   4    1             @delay_ms1
0      8   1    0   596  5.9  @const597
 Inline         3   760  4.5  lcd_read_byte
0     49   8    2   262  3.7  lcd_read_nibble
0     43   7    1   399  2.4  lcd_send_nibble
0     92  16    3   415  3.7  lcd_send_byte
0     60  10    2   704  5.0  lcd_init
0     18   3    4   208  6.3  lcd_gotoxy
0     44   8    1   354  4.7  lcd_putc
0     40   7    5   267  6.8  lcd_set_cgram_char
0    105  18    1   502  2.3  MAIN
0      9   2    0             @const633
0     75  13    4             @PSTRINGC7_616
0      9   2    0             @const636
0      4   1    0             @const638
 Inline         0             @cinit1

Program metrics:
    Functions               10
    Statements              117
    Comments                221
    Volume (V)              7066
    Difficulty (D)          43.4
    Effort to implement (E) 306990
    Time to implement (T)   4 hours, 44 minutes
    Est Delivered Bugs (B)  2
    Cyclomatic Complexity   9
    Maintainability (MI)    139

 Segment     Used  Free
-----------  ----  ----
00000-00003     4  0  
00004-007FF   577  1467  
00800-00FFF     0  2048  



