
ROM used:   163/4096 (4%)
            163/4096 (4%) including unused fragments

            0.2 Average locations per line
            7.1 Average locations per statement

RAM used:   6/368 (2%) at main() level
            7/368 (2%) worst case

Stack used: 0 worst case (0 in main + 0 for interrupts)
Stack size: 8

Lines Stmts  %   Files
----- ----- ---  -----
   44    23 100  Contador.c
   13     0   0  Contador.h
  632     0   0  ..\..\..\..\..\Program Files (x86)\PICC\Devices\16F88.h
----- -----
  689    23 Total

Page ROM  %  RAM   Vol Diff  Functions:
---- --- --- ---   --- ----  ----------
0     21  13    1             @delay_ms1
0    138  85    1   505  1.9  main
 Inline         0             @cinit1

Program metrics:
    Functions               1
    Statements              23
    Comments                126
    Volume (V)              511
    Difficulty (D)          1.8
    Effort to implement (E) 934
    Time to implement (T)   1 minutes
    Est Delivered Bugs (B)  0
    Cyclomatic Complexity   1
    Maintainability (MI)    38

 Segment     Used  Free
-----------  ----  ----
00000-00003     4  0  
00004-007FF   159  1885  
00800-00FFF     0  2048  



