CCS PCM C Compiler, Version 5.007, 61971               04-jan-23 13:23

               Filename:   C:\Users\ABMS-Telecom\Documents\CCS C Projects\aula035a\main.lst

               ROM used:   73 words (4%)
                           Largest free fragment is 1975
               RAM used:   6 (3%) at main() level
                           7 (3%) worst case
               Stack used: 0 locations
               Stack size: 8

*
0000:  MOVLW  00
0001:  MOVWF  0A
0002:  GOTO   019
0003:  NOP
.................... #include <main.h> 
.................... #include <16F628A.h> 
.................... //////// Standard Header file for the PIC16F628A device //////////////// 
.................... #device PIC16F628A 
....................  
.................... #list 
....................  
....................  
.................... #FUSES NOWDT                 	//No Watch Dog Timer 
.................... #FUSES NOMCLR                	//Master Clear pin used for I/O 
.................... #FUSES NOBROWNOUT            	//No brownout reset 
.................... #FUSES NOLVP                 	//No low voltage prgming, B3(PIC16) or B5(PIC18) used for I/O 
....................  
.................... #use delay(internal=4MHz) 
0004:  MOVLW  22
0005:  MOVWF  04
0006:  BCF    03.7
0007:  MOVF   00,W
0008:  BTFSC  03.2
0009:  GOTO   018
000A:  MOVLW  01
000B:  MOVWF  78
000C:  CLRF   77
000D:  DECFSZ 77,F
000E:  GOTO   00D
000F:  DECFSZ 78,F
0010:  GOTO   00C
0011:  MOVLW  4A
0012:  MOVWF  77
0013:  DECFSZ 77,F
0014:  GOTO   013
0015:  GOTO   016
0016:  DECFSZ 00,F
0017:  GOTO   00A
0018:  RETURN
.................... #use rs232(baud=9600,parity=N,xmit=PIN_B2,rcv=PIN_B1,bits=8,stream=PORT1) 
....................  
....................  
....................  
.................... void main() 
0019:  BSF    03.5
001A:  BSF    0E.3
001B:  MOVLW  19
001C:  MOVWF  19
001D:  MOVLW  A6
001E:  MOVWF  18
001F:  MOVLW  90
0020:  BCF    03.5
0021:  MOVWF  18
0022:  MOVLW  07
0023:  MOVWF  1F
0024:  BCF    03.7
0025:  MOVLW  1F
0026:  ANDWF  03,F
.................... { 
....................  
....................    while(TRUE) 
....................    { 
....................       if(input(pin_a7)) 
0027:  BSF    03.5
0028:  BSF    05.7
0029:  BCF    03.5
002A:  BTFSS  05.7
002B:  GOTO   037
....................       { 
....................          printf("a"); 
002C:  MOVLW  61
002D:  BTFSS  0C.4
002E:  GOTO   02D
002F:  MOVWF  19
....................          delay_ms(400); 
0030:  MOVLW  02
0031:  MOVWF  21
0032:  MOVLW  C8
0033:  MOVWF  22
0034:  CALL   004
0035:  DECFSZ 21,F
0036:  GOTO   032
....................       } 
....................       if(input(pin_a6)) 
0037:  BSF    03.5
0038:  BSF    05.6
0039:  BCF    03.5
003A:  BTFSS  05.6
003B:  GOTO   047
....................       { 
....................          printf("b"); 
003C:  MOVLW  62
003D:  BTFSS  0C.4
003E:  GOTO   03D
003F:  MOVWF  19
....................          delay_ms(400); 
0040:  MOVLW  02
0041:  MOVWF  21
0042:  MOVLW  C8
0043:  MOVWF  22
0044:  CALL   004
0045:  DECFSZ 21,F
0046:  GOTO   042
....................       } 
0047:  GOTO   027
....................    } 
....................  
.................... } 
0048:  SLEEP

Configuration Fuses:
   Word  1: 3F10   NOWDT PUT INTRC_IO NOMCLR NOBROWNOUT NOLVP NOCPD NOPROTECT
