;  LST file generated by mikroListExporter - v.2.0 
; Date/Time: 26/05/2023 18:24:45
;----------------------------------------------

;Address Opcode 	ASM
0x0000	0x28A5      	GOTO       165
_pulse_en:
;LCD_Modo_8bits.c,20 :: 		void pulse_en(){
;LCD_Modo_8bits.c,21 :: 		EN = 0;
0x0003	0x1283      	BCF        STATUS, 5
0x0004	0x1303      	BCF        STATUS, 6
0x0005	0x1089      	BCF        PORTE, 1
;LCD_Modo_8bits.c,22 :: 		delay_ms(1);
0x0006	0x3003      	MOVLW      3
0x0007	0x00FC      	MOVWF      R12
0x0008	0x3097      	MOVLW      151
0x0009	0x00FD      	MOVWF      R13
L_pulse_en0:
0x000A	0x0BFD      	DECFSZ     R13, 1
0x000B	0x280A      	GOTO       L_pulse_en0
0x000C	0x0BFC      	DECFSZ     R12, 1
0x000D	0x280A      	GOTO       L_pulse_en0
0x000E	0x0000      	NOP
0x000F	0x0000      	NOP
;LCD_Modo_8bits.c,23 :: 		EN = 1;
0x0010	0x1489      	BSF        PORTE, 1
;LCD_Modo_8bits.c,24 :: 		delay_ms(1);
0x0011	0x3003      	MOVLW      3
0x0012	0x00FC      	MOVWF      R12
0x0013	0x3097      	MOVLW      151
0x0014	0x00FD      	MOVWF      R13
L_pulse_en1:
0x0015	0x0BFD      	DECFSZ     R13, 1
0x0016	0x2815      	GOTO       L_pulse_en1
0x0017	0x0BFC      	DECFSZ     R12, 1
0x0018	0x2815      	GOTO       L_pulse_en1
0x0019	0x0000      	NOP
0x001A	0x0000      	NOP
;LCD_Modo_8bits.c,25 :: 		EN = 0;
0x001B	0x1089      	BCF        PORTE, 1
;LCD_Modo_8bits.c,26 :: 		delay_ms(1);
0x001C	0x3003      	MOVLW      3
0x001D	0x00FC      	MOVWF      R12
0x001E	0x3097      	MOVLW      151
0x001F	0x00FD      	MOVWF      R13
L_pulse_en2:
0x0020	0x0BFD      	DECFSZ     R13, 1
0x0021	0x2820      	GOTO       L_pulse_en2
0x0022	0x0BFC      	DECFSZ     R12, 1
0x0023	0x2820      	GOTO       L_pulse_en2
0x0024	0x0000      	NOP
0x0025	0x0000      	NOP
;LCD_Modo_8bits.c,27 :: 		}
0x0026	0x0008      	RETURN
; end of _pulse_en
_lcd_texto:
;LCD_Modo_8bits.c,55 :: 		void lcd_texto(char letra){
;LCD_Modo_8bits.c,56 :: 		RS = 1;
0x0027	0x1283      	BCF        STATUS, 5
0x0028	0x1303      	BCF        STATUS, 6
0x0029	0x1509      	BSF        PORTE, 2
;LCD_Modo_8bits.c,57 :: 		PORTD = letra;
0x002A	0x0846      	MOVF       FARG_lcd_texto_letra, 0
0x002B	0x0088      	MOVWF      PORTD
;LCD_Modo_8bits.c,58 :: 		pulse_en();
0x002C	0x2003      	CALL       _pulse_en
;LCD_Modo_8bits.c,59 :: 		}
0x002D	0x0008      	RETURN
; end of _lcd_texto
_____DoICP:
;__Lib_System.c,6 :: 		
;__Lib_System.c,9 :: 		
0x002E	0x1283      	BCF        STATUS, 5
0x002F	0x1303      	BCF        STATUS, 6
0x0030	0x0843      	MOVF       ___DoICPAddr+1, 0
0x0031	0x008A      	MOVWF      PCLATH
;__Lib_System.c,10 :: 		
0x0032	0x0842      	MOVF       ___DoICPAddr, 0
0x0033	0x0082      	MOVWF      PCL
;__Lib_System.c,12 :: 		
0x0034	0x0008      	RETURN
; end of _____DoICP
_config_mcu:
;LCD_Modo_8bits.c,13 :: 		void config_mcu(){
;LCD_Modo_8bits.c,14 :: 		ADCON0 = 0; // desaativa o conversor AD
0x0035	0x1283      	BCF        STATUS, 5
0x0036	0x1303      	BCF        STATUS, 6
0x0037	0x019F      	CLRF       ADCON0
;LCD_Modo_8bits.c,15 :: 		ADCON1 = 7; // todas as entradas como digital
0x0038	0x3007      	MOVLW      7
0x0039	0x1683      	BSF        STATUS, 5
0x003A	0x009F      	MOVWF      ADCON1
;LCD_Modo_8bits.c,16 :: 		TRISD = 0;  // barramento de dados PORTD como saída
0x003B	0x0188      	CLRF       TRISD
;LCD_Modo_8bits.c,17 :: 		TRISE = 0;  // barramento de controle PORT B como saída
0x003C	0x0189      	CLRF       TRISE
;LCD_Modo_8bits.c,18 :: 		}
0x003D	0x0008      	RETURN
; end of _config_mcu
_print:
;LCD_Modo_8bits.c,61 :: 		void print(char texto[16]){
;LCD_Modo_8bits.c,63 :: 		for(i = 0; i < 15; i++){
0x003E	0x1283      	BCF        STATUS, 5
0x003F	0x1303      	BCF        STATUS, 6
0x0040	0x01C5      	CLRF       print_i_L0
L_print9:
0x0041	0x300F      	MOVLW      15
0x0042	0x0245      	SUBWF      print_i_L0, 0
0x0043	0x1803      	BTFSC      STATUS, 0
0x0044	0x284D      	GOTO       L_print10
;LCD_Modo_8bits.c,64 :: 		lcd_texto(texto[i]);
0x0045	0x0845      	MOVF       print_i_L0, 0
0x0046	0x0744      	ADDWF      FARG_print_texto, 0
0x0047	0x0084      	MOVWF      FSR
0x0048	0x0800      	MOVF       INDF, 0
0x0049	0x00C6      	MOVWF      FARG_lcd_texto_letra
0x004A	0x2027      	CALL       _lcd_texto
;LCD_Modo_8bits.c,63 :: 		for(i = 0; i < 15; i++){
0x004B	0x0AC5      	INCF       print_i_L0, 1
;LCD_Modo_8bits.c,65 :: 		}
0x004C	0x2841      	GOTO       L_print9
L_print10:
;LCD_Modo_8bits.c,66 :: 		}
0x004D	0x0008      	RETURN
; end of _print
___CC2DW:
;__Lib_System.c,24 :: 		
;__Lib_System.c,27 :: 		
_CC2D_Loop1:
;__Lib_System.c,29 :: 		
0x004E	0x202E      	CALL       _____DoICP
0x004F	0x118A      	BCF        PCLATH, 3
0x0050	0x120A      	BCF        PCLATH, 4
;__Lib_System.c,31 :: 		
0x0051	0x0080      	MOVWF      INDF
;__Lib_System.c,32 :: 		
0x0052	0x0A84      	INCF       FSR, 1
;__Lib_System.c,33 :: 		
0x0053	0x0AC2      	INCF       ___DoICPAddr, 1
;__Lib_System.c,35 :: 		
0x0054	0x1903      	BTFSC      STATUS, 2
;__Lib_System.c,36 :: 		
0x0055	0x0AC3      	INCF       ___DoICPAddr+1, 1
;__Lib_System.c,37 :: 		
0x0056	0x03F0      	DECF       R0, 1
;__Lib_System.c,39 :: 		
0x0057	0x1D03      	BTFSS      STATUS, 2
;__Lib_System.c,40 :: 		
0x0058	0x284E      	GOTO       _CC2D_Loop1
;__Lib_System.c,42 :: 		
0x0059	0x0008      	RETURN
; end of ___CC2DW
_lcd_comando:
;LCD_Modo_8bits.c,68 :: 		void lcd_comando(int comando){
;LCD_Modo_8bits.c,69 :: 		RS = 0;
0x005A	0x1283      	BCF        STATUS, 5
0x005B	0x1303      	BCF        STATUS, 6
0x005C	0x1109      	BCF        PORTE, 2
;LCD_Modo_8bits.c,70 :: 		PORTD = comando;
0x005D	0x0844      	MOVF       FARG_lcd_comando_comando, 0
0x005E	0x0088      	MOVWF      PORTD
;LCD_Modo_8bits.c,71 :: 		pulse_en();
0x005F	0x2003      	CALL       _pulse_en
;LCD_Modo_8bits.c,72 :: 		}
0x0060	0x0008      	RETURN
; end of _lcd_comando
_inicializa_lcd:
;LCD_Modo_8bits.c,29 :: 		void inicializa_lcd(){
;LCD_Modo_8bits.c,30 :: 		delay_ms(40);
0x0061	0x3068      	MOVLW      104
0x0062	0x1283      	BCF        STATUS, 5
0x0063	0x1303      	BCF        STATUS, 6
0x0064	0x00FC      	MOVWF      R12
0x0065	0x30E4      	MOVLW      228
0x0066	0x00FD      	MOVWF      R13
L_inicializa_lcd3:
0x0067	0x0BFD      	DECFSZ     R13, 1
0x0068	0x2867      	GOTO       L_inicializa_lcd3
0x0069	0x0BFC      	DECFSZ     R12, 1
0x006A	0x2867      	GOTO       L_inicializa_lcd3
0x006B	0x0000      	NOP
;LCD_Modo_8bits.c,31 :: 		RS = 0;
0x006C	0x1109      	BCF        PORTE, 2
;LCD_Modo_8bits.c,33 :: 		PORTD = 0x38;       // seleção matraiz 5x7 e modo 8 bits
0x006D	0x3038      	MOVLW      56
0x006E	0x0088      	MOVWF      PORTD
;LCD_Modo_8bits.c,34 :: 		pulse_en();         // envia comando
0x006F	0x2003      	CALL       _pulse_en
;LCD_Modo_8bits.c,35 :: 		delay_ms(15);
0x0070	0x3027      	MOVLW      39
0x0071	0x00FC      	MOVWF      R12
0x0072	0x30F5      	MOVLW      245
0x0073	0x00FD      	MOVWF      R13
L_inicializa_lcd4:
0x0074	0x0BFD      	DECFSZ     R13, 1
0x0075	0x2874      	GOTO       L_inicializa_lcd4
0x0076	0x0BFC      	DECFSZ     R12, 1
0x0077	0x2874      	GOTO       L_inicializa_lcd4
;LCD_Modo_8bits.c,37 :: 		PORTD = 0x38;       // seleção matraiz 5x7 e modo 8 bits
0x0078	0x3038      	MOVLW      56
0x0079	0x0088      	MOVWF      PORTD
;LCD_Modo_8bits.c,38 :: 		pulse_en();         // envia comando
0x007A	0x2003      	CALL       _pulse_en
;LCD_Modo_8bits.c,39 :: 		delay_ms(15);
0x007B	0x3027      	MOVLW      39
0x007C	0x00FC      	MOVWF      R12
0x007D	0x30F5      	MOVLW      245
0x007E	0x00FD      	MOVWF      R13
L_inicializa_lcd5:
0x007F	0x0BFD      	DECFSZ     R13, 1
0x0080	0x287F      	GOTO       L_inicializa_lcd5
0x0081	0x0BFC      	DECFSZ     R12, 1
0x0082	0x287F      	GOTO       L_inicializa_lcd5
;LCD_Modo_8bits.c,41 :: 		PORTD = 0x06;       // sentido de deslocamento cursor para a direita
0x0083	0x3006      	MOVLW      6
0x0084	0x0088      	MOVWF      PORTD
;LCD_Modo_8bits.c,42 :: 		pulse_en();         // envia comando
0x0085	0x2003      	CALL       _pulse_en
;LCD_Modo_8bits.c,43 :: 		delay_ms(15);
0x0086	0x3027      	MOVLW      39
0x0087	0x00FC      	MOVWF      R12
0x0088	0x30F5      	MOVLW      245
0x0089	0x00FD      	MOVWF      R13
L_inicializa_lcd6:
0x008A	0x0BFD      	DECFSZ     R13, 1
0x008B	0x288A      	GOTO       L_inicializa_lcd6
0x008C	0x0BFC      	DECFSZ     R12, 1
0x008D	0x288A      	GOTO       L_inicializa_lcd6
;LCD_Modo_8bits.c,45 :: 		PORTD = 0x0C;       // cursor desativado 0x0C, ativado 0x0E
0x008E	0x300C      	MOVLW      12
0x008F	0x0088      	MOVWF      PORTD
;LCD_Modo_8bits.c,46 :: 		pulse_en();         // envia comando
0x0090	0x2003      	CALL       _pulse_en
;LCD_Modo_8bits.c,47 :: 		delay_ms(15);
0x0091	0x3027      	MOVLW      39
0x0092	0x00FC      	MOVWF      R12
0x0093	0x30F5      	MOVLW      245
0x0094	0x00FD      	MOVWF      R13
L_inicializa_lcd7:
0x0095	0x0BFD      	DECFSZ     R13, 1
0x0096	0x2895      	GOTO       L_inicializa_lcd7
0x0097	0x0BFC      	DECFSZ     R12, 1
0x0098	0x2895      	GOTO       L_inicializa_lcd7
;LCD_Modo_8bits.c,49 :: 		PORTD = 0x01;       // limpa e vai para home
0x0099	0x3001      	MOVLW      1
0x009A	0x0088      	MOVWF      PORTD
;LCD_Modo_8bits.c,50 :: 		pulse_en();         // envia comando
0x009B	0x2003      	CALL       _pulse_en
;LCD_Modo_8bits.c,51 :: 		delay_ms(15);
0x009C	0x3027      	MOVLW      39
0x009D	0x00FC      	MOVWF      R12
0x009E	0x30F5      	MOVLW      245
0x009F	0x00FD      	MOVWF      R13
L_inicializa_lcd8:
0x00A0	0x0BFD      	DECFSZ     R13, 1
0x00A1	0x28A0      	GOTO       L_inicializa_lcd8
0x00A2	0x0BFC      	DECFSZ     R12, 1
0x00A3	0x28A0      	GOTO       L_inicializa_lcd8
;LCD_Modo_8bits.c,53 :: 		}
0x00A4	0x0008      	RETURN
; end of _inicializa_lcd
_main:
0x00A5	0x3020      	MOVLW      32
0x00A6	0x1283      	BCF        STATUS, 5
0x00A7	0x1303      	BCF        STATUS, 6
0x00A8	0x00A0      	MOVWF      ?lstr2_LCD_Modo_8bits
0x00A9	0x3053      	MOVLW      83
0x00AA	0x00A1      	MOVWF      33
0x00AB	0x3065      	MOVLW      101
0x00AC	0x00A2      	MOVWF      34
0x00AD	0x306A      	MOVLW      106
0x00AE	0x00A3      	MOVWF      35
0x00AF	0x3061      	MOVLW      97
0x00B0	0x00A4      	MOVWF      36
0x00B1	0x3020      	MOVLW      32
0x00B2	0x00A5      	MOVWF      37
0x00B3	0x3042      	MOVLW      66
0x00B4	0x00A6      	MOVWF      38
0x00B5	0x3065      	MOVLW      101
0x00B6	0x00A7      	MOVWF      39
0x00B7	0x306D      	MOVLW      109
0x00B8	0x00A8      	MOVWF      40
0x00B9	0x3020      	MOVLW      32
0x00BA	0x00A9      	MOVWF      41
0x00BB	0x3056      	MOVLW      86
0x00BC	0x00AA      	MOVWF      42
0x00BD	0x3069      	MOVLW      105
0x00BE	0x00AB      	MOVWF      43
0x00BF	0x306E      	MOVLW      110
0x00C0	0x00AC      	MOVWF      44
0x00C1	0x3064      	MOVLW      100
0x00C2	0x00AD      	MOVWF      45
0x00C3	0x306F      	MOVLW      111
0x00C4	0x00AE      	MOVWF      46
0x00C5	0x3021      	MOVLW      33
0x00C6	0x00AF      	MOVWF      47
0x00C7	0x01B0      	CLRF       48
0x00C8	0x3020      	MOVLW      32
0x00C9	0x00B1      	MOVWF      ?lstr1_LCD_Modo_8bits
0x00CA	0x3020      	MOVLW      32
0x00CB	0x00B2      	MOVWF      50
0x00CC	0x3041      	MOVLW      65
0x00CD	0x00B3      	MOVWF      51
0x00CE	0x3042      	MOVLW      66
0x00CF	0x00B4      	MOVWF      52
0x00D0	0x304D      	MOVLW      77
0x00D1	0x00B5      	MOVWF      53
0x00D2	0x3053      	MOVLW      83
0x00D3	0x00B6      	MOVWF      54
0x00D4	0x3020      	MOVLW      32
0x00D5	0x00B7      	MOVWF      55
0x00D6	0x3054      	MOVLW      84
0x00D7	0x00B8      	MOVWF      56
0x00D8	0x3065      	MOVLW      101
0x00D9	0x00B9      	MOVWF      57
0x00DA	0x306C      	MOVLW      108
0x00DB	0x00BA      	MOVWF      58
0x00DC	0x3065      	MOVLW      101
0x00DD	0x00BB      	MOVWF      59
0x00DE	0x3063      	MOVLW      99
0x00DF	0x00BC      	MOVWF      60
0x00E0	0x306F      	MOVLW      111
0x00E1	0x00BD      	MOVWF      61
0x00E2	0x306D      	MOVLW      109
0x00E3	0x00BE      	MOVWF      62
0x00E4	0x3020      	MOVLW      32
0x00E5	0x00BF      	MOVWF      63
0x00E6	0x3020      	MOVLW      32
0x00E7	0x00C0      	MOVWF      64
0x00E8	0x01C1      	CLRF       65
;LCD_Modo_8bits.c,74 :: 		void main() {
;LCD_Modo_8bits.c,75 :: 		config_mcu();
0x00E9	0x2035      	CALL       _config_mcu
;LCD_Modo_8bits.c,76 :: 		inicializa_lcd();
0x00EA	0x2061      	CALL       _inicializa_lcd
;LCD_Modo_8bits.c,99 :: 		while(1){
L_main12:
;LCD_Modo_8bits.c,101 :: 		lcd_comando(linha_1);
0x00EB	0x3080      	MOVLW      128
0x00EC	0x00C4      	MOVWF      FARG_lcd_comando_comando
0x00ED	0x01C5      	CLRF       FARG_lcd_comando_comando+1
0x00EE	0x205A      	CALL       _lcd_comando
;LCD_Modo_8bits.c,102 :: 		print("  ABMS Telecom  ");
0x00EF	0x3031      	MOVLW      ?lstr1_LCD_Modo_8bits
0x00F0	0x00C4      	MOVWF      FARG_print_texto
0x00F1	0x203E      	CALL       _print
;LCD_Modo_8bits.c,103 :: 		lcd_comando(linha_2);
0x00F2	0x30C0      	MOVLW      192
0x00F3	0x00C4      	MOVWF      FARG_lcd_comando_comando
0x00F4	0x01C5      	CLRF       FARG_lcd_comando_comando+1
0x00F5	0x205A      	CALL       _lcd_comando
;LCD_Modo_8bits.c,104 :: 		print(" Seja Bem Vindo!");
0x00F6	0x3020      	MOVLW      ?lstr2_LCD_Modo_8bits
0x00F7	0x00C4      	MOVWF      FARG_print_texto
0x00F8	0x203E      	CALL       _print
;LCD_Modo_8bits.c,105 :: 		delay_ms(2000);
0x00F9	0x3015      	MOVLW      21
0x00FA	0x00FB      	MOVWF      R11
0x00FB	0x304B      	MOVLW      75
0x00FC	0x00FC      	MOVWF      R12
0x00FD	0x30BE      	MOVLW      190
0x00FE	0x00FD      	MOVWF      R13
L_main14:
0x00FF	0x0BFD      	DECFSZ     R13, 1
0x0100	0x28FF      	GOTO       L_main14
0x0101	0x0BFC      	DECFSZ     R12, 1
0x0102	0x28FF      	GOTO       L_main14
0x0103	0x0BFB      	DECFSZ     R11, 1
0x0104	0x28FF      	GOTO       L_main14
0x0105	0x0000      	NOP
;LCD_Modo_8bits.c,106 :: 		lcd_comando(limpaLCD);
0x0106	0x3001      	MOVLW      1
0x0107	0x00C4      	MOVWF      FARG_lcd_comando_comando
0x0108	0x3000      	MOVLW      0
0x0109	0x00C5      	MOVWF      FARG_lcd_comando_comando+1
0x010A	0x205A      	CALL       _lcd_comando
;LCD_Modo_8bits.c,107 :: 		delay_ms(2000);
0x010B	0x3015      	MOVLW      21
0x010C	0x00FB      	MOVWF      R11
0x010D	0x304B      	MOVLW      75
0x010E	0x00FC      	MOVWF      R12
0x010F	0x30BE      	MOVLW      190
0x0110	0x00FD      	MOVWF      R13
L_main15:
0x0111	0x0BFD      	DECFSZ     R13, 1
0x0112	0x2911      	GOTO       L_main15
0x0113	0x0BFC      	DECFSZ     R12, 1
0x0114	0x2911      	GOTO       L_main15
0x0115	0x0BFB      	DECFSZ     R11, 1
0x0116	0x2911      	GOTO       L_main15
0x0117	0x0000      	NOP
;LCD_Modo_8bits.c,108 :: 		}
0x0118	0x28EB      	GOTO       L_main12
;LCD_Modo_8bits.c,112 :: 		}
0x0119	0x2919      	GOTO       $+0
; end of _main
Symbol List:
//** Routines locations **
//ADDRESS    SIZE    PROCEDURE
//----------------------------------------------
0x0003      [36]    _pulse_en
0x0027       [7]    _lcd_texto
0x002E       [7]    _____DoICP
0x0035       [9]    _config_mcu
0x003E      [16]    _print
0x004E      [12]    ___CC2DW
0x005A       [7]    _lcd_comando
0x0061      [68]    _inicializa_lcd
0x00A5     [117]    _main
//** Variables locations ** 
//ADDRESS    SIZE    VARIABLE
//----------------------------------------------
0x0000       [1]    INDF
0x0001       [1]    TMR0
0x0002       [1]    PCL
0x0003       [0]    DC_bit
0x0003       [0]    RP0_bit
0x0003       [0]    C_bit
0x0003       [0]    NOT_TO_bit
0x0003       [0]    IRP_bit
0x0003       [0]    NOT_PD_bit
0x0003       [0]    Z_bit
0x0003       [1]    STATUS
0x0003       [0]    RP1_bit
0x0004       [1]    FSRPTR
0x0004       [1]    FSR
0x0005       [0]    RA2_bit
0x0005       [0]    RA1_bit
0x0005       [1]    PORTA
0x0005       [0]    RA5_bit
0x0005       [0]    RA4_bit
0x0005       [0]    RA3_bit
0x0005       [0]    RA0_bit
0x0006       [0]    RB6_bit
0x0006       [0]    RB5_bit
0x0006       [0]    RB0_bit
0x0006       [1]    PORTB
0x0006       [0]    RB1_bit
0x0006       [0]    RB4_bit
0x0006       [0]    RB2_bit
0x0006       [0]    RB3_bit
0x0006       [0]    RB7_bit
0x0007       [0]    RC7_bit
0x0007       [0]    RC5_bit
0x0007       [0]    RC3_bit
0x0007       [0]    RC2_bit
0x0007       [0]    RC4_bit
0x0007       [1]    PORTC
0x0007       [0]    RC0_bit
0x0007       [0]    RC6_bit
0x0007       [0]    RC1_bit
0x0008       [0]    RD2_bit
0x0008       [0]    RD7_bit
0x0008       [1]    PORTD
0x0008       [0]    RD5_bit
0x0008       [0]    RD1_bit
0x0008       [0]    RD4_bit
0x0008       [0]    RD0_bit
0x0008       [0]    RD6_bit
0x0008       [0]    RD3_bit
0x0009       [0]    RE0_bit
0x0009       [0]    RE1_bit
0x0009       [1]    PORTE
0x0009       [0]    RE2_bit
0x000A       [1]    PCLATH
0x000B       [0]    GIE_bit
0x000B       [0]    T0IF_bit
0x000B       [0]    INTF_bit
0x000B       [0]    TMR0IF_bit
0x000B       [0]    RBIF_bit
0x000B       [0]    PEIE_bit
0x000B       [0]    INTE_bit
0x000B       [0]    TMR0IE_bit
0x000B       [0]    RBIE_bit
0x000B       [0]    T0IE_bit
0x000B       [1]    INTCON
0x000C       [0]    PSPIF_bit
0x000C       [0]    ADIF_bit
0x000C       [0]    RCIF_bit
0x000C       [1]    PIR1
0x000C       [0]    TMR2IF_bit
0x000C       [0]    TMR1IF_bit
0x000C       [0]    CCP1IF_bit
0x000C       [0]    TXIF_bit
0x000C       [0]    SSPIF_bit
0x000D       [1]    PIR2
0x000D       [0]    CCP2IF_bit
0x000D       [0]    CMIF_bit
0x000D       [0]    EEIF_bit
0x000D       [0]    BCLIF_bit
0x000E       [1]    TMR1L
0x000F       [1]    TMR1H
0x0010       [0]    TMR1ON_bit
0x0010       [0]    NOT_T1SYNC_bit
0x0010       [0]    T1CKPS1_bit
0x0010       [0]    T1OSCEN_bit
0x0010       [0]    T1CKPS0_bit
0x0010       [0]    T1INSYNC_bit
0x0010       [0]    TMR1CS_bit
0x0010       [1]    T1CON
0x0010       [0]    T1SYNC_bit
0x0011       [1]    TMR2
0x0012       [1]    T2CON
0x0012       [0]    T2CKPS1_bit
0x0012       [0]    T2CKPS0_bit
0x0012       [0]    TOUTPS2_bit
0x0012       [0]    TOUTPS3_bit
0x0012       [0]    TOUTPS1_bit
0x0012       [0]    TMR2ON_bit
0x0012       [0]    TOUTPS0_bit
0x0013       [1]    SSPBUF
0x0014       [0]    SSPEN_bit
0x0014       [0]    SSPM3_bit
0x0014       [0]    CKP_bit
0x0014       [0]    SSPM2_bit
0x0014       [1]    SSPCON
0x0014       [0]    SSPM0_bit
0x0014       [0]    SSPOV_bit
0x0014       [0]    WCOL_bit
0x0014       [0]    SSPM1_bit
0x0015       [2]    CCPR1
0x0015       [1]    CCPR1L
0x0016       [1]    CCPR1H
0x0017       [0]    CCP1Y_bit
0x0017       [0]    CCP1X_bit
0x0017       [0]    CCP1M3_bit
0x0017       [0]    CCP1M2_bit
0x0017       [0]    CCP1M1_bit
0x0017       [0]    CCP1M0_bit
0x0017       [1]    CCP1CON
0x0018       [0]    RC8_9_bit
0x0018       [0]    RX9D_bit
0x0018       [0]    NOT_RC8_bit
0x0018       [1]    RCSTA
0x0018       [0]    RC9_bit
0x0018       [0]    RCD8_bit
0x0018       [0]    ADDEN_bit
0x0018       [0]    OERR_bit
0x0018       [0]    FERR_bit
0x0018       [0]    SPEN_bit
0x0018       [0]    SREN_bit
0x0018       [0]    RX9_bit
0x0018       [0]    CREN_bit
0x0019       [1]    TXREG
0x001A       [1]    RCREG
0x001B       [2]    CCPR2
0x001B       [1]    CCPR2L
0x001C       [1]    CCPR2H
0x001D       [0]    CCP2M1_bit
0x001D       [0]    CCP2M0_bit
0x001D       [1]    CCP2CON
0x001D       [0]    CCP2Y_bit
0x001D       [0]    CCP2X_bit
0x001D       [0]    CCP2M2_bit
0x001D       [0]    CCP2M3_bit
0x001E       [1]    ADRESH
0x001F       [0]    CHS1_bit
0x001F       [0]    CHS0_bit
0x001F       [0]    CHS2_bit
0x001F       [0]    ADCS1_bit
0x001F       [0]    ADCS0_bit
0x001F       [0]    GO_DONE_bit
0x001F       [0]    ADON_bit
0x001F       [1]    ADCON0
0x001F       [0]    GO_bit
0x001F       [0]    NOT_DONE_bit
0x0020      [17]    ?lstr2_LCD_Modo_8bits
0x0031      [17]    ?lstr1_LCD_Modo_8bits
0x0042       [2]    ___DoICPAddr
0x0044       [2]    FARG_lcd_comando_comando
0x0044       [1]    FARG_print_texto
0x0045       [1]    print_i_L0
0x0046       [1]    FARG_lcd_texto_letra
0x0070       [1]    R0
0x0071       [1]    R1
0x0072       [1]    R2
0x0073       [1]    R3
0x0074       [1]    R4
0x0075       [1]    R5
0x0076       [1]    R6
0x0077       [1]    R7
0x0078       [1]    R8
0x0079       [1]    R9
0x007A       [1]    R10
0x007B       [1]    R11
0x007C       [1]    R12
0x007D       [1]    R13
0x007E       [1]    R14
0x007F       [1]    R15
0x0081       [0]    T0SE_bit
0x0081       [1]    OPTION_REG
0x0081       [0]    PS2_bit
0x0081       [0]    PSA_bit
0x0081       [0]    NOT_RBPU_bit
0x0081       [0]    INTEDG_bit
0x0081       [0]    PS0_bit
0x0081       [0]    T0CS_bit
0x0081       [0]    PS1_bit
0x0085       [0]    TRISA5_bit
0x0085       [0]    TRISA2_bit
0x0085       [0]    TRISA3_bit
0x0085       [0]    TRISA0_bit
0x0085       [0]    TRISA1_bit
0x0085       [0]    TRISA4_bit
0x0085       [1]    TRISA
0x0086       [0]    TRISB6_bit
0x0086       [0]    TRISB5_bit
0x0086       [0]    TRISB7_bit
0x0086       [0]    TRISB0_bit
0x0086       [0]    TRISB4_bit
0x0086       [0]    TRISB3_bit
0x0086       [0]    TRISB2_bit
0x0086       [0]    TRISB1_bit
0x0086       [1]    TRISB
0x0087       [0]    TRISC0_bit
0x0087       [0]    TRISC5_bit
0x0087       [0]    TRISC1_bit
0x0087       [0]    TRISC3_bit
0x0087       [0]    TRISC4_bit
0x0087       [0]    TRISC2_bit
0x0087       [0]    TRISC7_bit
0x0087       [1]    TRISC
0x0087       [0]    TRISC6_bit
0x0088       [0]    TRISD1_bit
0x0088       [0]    TRISD2_bit
0x0088       [1]    TRISD
0x0088       [0]    TRISD0_bit
0x0088       [0]    TRISD3_bit
0x0088       [0]    TRISD6_bit
0x0088       [0]    TRISD7_bit
0x0088       [0]    TRISD4_bit
0x0088       [0]    TRISD5_bit
0x0089       [1]    TRISE
0x0089       [0]    TRISE1_bit
0x0089       [0]    IBF_bit
0x0089       [0]    IBOV_bit
0x0089       [0]    OBF_bit
0x0089       [0]    TRISE2_bit
0x0089       [0]    OBF_TRISE_bit
0x0089       [0]    IBF_TRISE_bit
0x0089       [0]    PSPMODE_TRISE_bit
0x0089       [0]    IBOV_TRISE_bit
0x0089       [0]    PSPMODE_bit
0x0089       [0]    TRISE0_bit
0x008C       [1]    PIE1
0x008C       [0]    CCP1IE_bit
0x008C       [0]    TMR1IE_bit
0x008C       [0]    TMR2IE_bit
0x008C       [0]    SSPIE_bit
0x008C       [0]    ADIE_bit
0x008C       [0]    PSPIE_bit
0x008C       [0]    RCIE_bit
0x008C       [0]    TXIE_bit
0x008D       [1]    PIE2
0x008D       [0]    BCLIE_bit
0x008D       [0]    CCP2IE_bit
0x008D       [0]    CMIE_bit
0x008D       [0]    EEIE_bit
0x008E       [0]    NOT_BOR_bit
0x008E       [1]    PCON
0x008E       [0]    NOT_POR_bit
0x008E       [0]    NOT_BO_bit
0x0091       [0]    ACKEN_bit
0x0091       [0]    ACKDT_bit
0x0091       [0]    ACKSTAT_bit
0x0091       [0]    RCEN_bit
0x0091       [0]    SEN_bit
0x0091       [0]    RSEN_bit
0x0091       [0]    PEN_bit
0x0091       [1]    SSPCON2
0x0091       [0]    GCEN_bit
0x0092       [1]    PR2
0x0093       [1]    SSPADD
0x0094       [0]    I2C_START__bit
0x0094       [0]    R_bit
0x0094       [0]    I2C_READ_bit
0x0094       [0]    P_bit
0x0094       [0]    I2C_STOP__bit
0x0094       [0]    S_bit
0x0094       [0]    NOT_WRITE_bit
0x0094       [0]    R_W_bit
0x0094       [0]    READ_WRITE_bit
0x0094       [0]    NOT_W_bit
0x0094       [0]    BF_bit
0x0094       [0]    UA_bit
0x0094       [0]    DATA_ADDRESS_bit
0x0094       [0]    CKE_bit
0x0094       [0]    D_bit
0x0094       [1]    SSPSTAT
0x0094       [0]    SMP_bit
0x0094       [0]    NOT_ADDRESS_bit
0x0094       [0]    D_A_bit
0x0094       [0]    I2C_DATA_bit
0x0094       [0]    NOT_A_bit
0x0098       [0]    BRGH_bit
0x0098       [0]    SYNC_bit
0x0098       [0]    TXEN_bit
0x0098       [0]    TRMT_bit
0x0098       [1]    TXSTA
0x0098       [0]    TXD8_bit
0x0098       [0]    TX9D_bit
0x0098       [0]    TX8_9_bit
0x0098       [0]    CSRC_bit
0x0098       [0]    TX9_bit
0x0098       [0]    NOT_TX8_bit
0x0099       [1]    SPBRG
0x009C       [0]    CM2_bit
0x009C       [0]    CIS_bit
0x009C       [0]    CM1_bit
0x009C       [1]    CMCON
0x009C       [0]    CM0_bit
0x009C       [0]    C1INV_bit
0x009C       [0]    C2OUT_bit
0x009C       [0]    C1OUT_bit
0x009C       [0]    C2INV_bit
0x009D       [1]    CVRCON
0x009D       [0]    CVR2_bit
0x009D       [0]    CVR1_bit
0x009D       [0]    CVR0_bit
0x009D       [0]    CVR3_bit
0x009D       [0]    CVROE_bit
0x009D       [0]    CVREN_bit
0x009D       [0]    CVRR_bit
0x009E       [1]    ADRESL
0x009F       [0]    ADFM_bit
0x009F       [0]    PCFG1_bit
0x009F       [0]    PCFG0_bit
0x009F       [0]    PCFG2_bit
0x009F       [0]    PCFG3_bit
0x009F       [0]    ADCS2_bit
0x009F       [1]    ADCON1
0x010C       [1]    EEDATA
0x010D       [1]    EEADR
0x010E       [1]    EEDATH
0x010F       [1]    EEADRH
0x018C       [0]    WREN_bit
0x018C       [0]    WR_bit
0x018C       [0]    RD_bit
0x018C       [1]    EECON1
0x018C       [0]    EEPGD_bit
0x018C       [0]    WRERR_bit
0x018D       [1]    EECON2
//** Label List: ** 
//----------------------------------------------
  L_pulse_en0
  L_pulse_en1
  L_pulse_en2
  L_inicializa_lcd3
  L_inicializa_lcd4
  L_inicializa_lcd5
  L_inicializa_lcd6
  L_inicializa_lcd7
  L_inicializa_lcd8
  L_print9
  L_print10
  L_print11
  L_main12
  L_main13
  L_main14
  L_main15
  _config_mcu
  _pulse_en
  _inicializa_lcd
  _lcd_texto
  _print
  _lcd_comando
  _main
  _CC2D_Loop1
  _____DoICP
  _____DoIFC
  ___CC2DW
  _Swap
