CCS PCM C Compiler, Version 5.007, 61971               04-jan-23 12:51

               Filename:   C:\Users\ABMS-Telecom\Documents\CCS C Projects\aula034\main.lst

               ROM used:   74 words (4%)
                           Largest free fragment is 1974
               RAM used:   6 (3%) at main() level
                           7 (3%) worst case
               Stack used: 0 locations
               Stack size: 8

*
0000:  MOVLW  00
0001:  MOVWF  0A
0002:  GOTO   029
0003:  NOP
.................... #include <main.h> 
.................... #include <16F628A.h> 
.................... //////// Standard Header file for the PIC16F628A device //////////////// 
.................... #device PIC16F628A 
....................  
.................... #list 
....................  
....................  
.................... #FUSES NOWDT                 	//No Watch Dog Timer 
.................... #FUSES NOMCLR                	//Master Clear pin used for I/O 
.................... #FUSES NOBROWNOUT            	//No brownout reset 
.................... #FUSES NOLVP                 	//No low voltage prgming, B3(PIC16) or B5(PIC18) used for I/O 
....................  
.................... #use delay(internal=4MHz) 
.................... #use rs232(baud=9600,parity=N,xmit=PIN_A0,rcv=PIN_A1,bits=8,stream=PORT1) 
0004:  BSF    03.5
0005:  BSF    05.1
0006:  BCF    03.5
0007:  BTFSC  05.1
0008:  GOTO   007
0009:  MOVLW  08
000A:  MOVWF  77
000B:  CLRF   21
000C:  BSF    77.7
000D:  GOTO   01C
000E:  BCF    77.7
000F:  GOTO   01C
0010:  BCF    03.0
0011:  BTFSC  05.1
0012:  BSF    03.0
0013:  RRF    21,F
0014:  BSF    77.6
0015:  GOTO   01C
0016:  BCF    77.6
0017:  DECFSZ 77,F
0018:  GOTO   010
0019:  MOVF   21,W
001A:  MOVWF  78
001B:  GOTO   028
001C:  MOVLW  1C
001D:  BTFSC  77.7
001E:  MOVLW  07
001F:  MOVWF  78
0020:  DECFSZ 78,F
0021:  GOTO   020
0022:  NOP
0023:  BTFSC  77.7
0024:  GOTO   00E
0025:  BTFSC  77.6
0026:  GOTO   016
0027:  GOTO   010
0028:  GOTO   036 (RETURN)
....................  
....................  
....................  
.................... char letra; 
....................  
.................... void main() 
0029:  BSF    03.5
002A:  BSF    0E.3
002B:  BCF    05.0
002C:  BCF    03.5
002D:  BSF    05.0
002E:  MOVLW  07
002F:  MOVWF  1F
0030:  BCF    03.7
0031:  MOVLW  1F
0032:  ANDWF  03,F
.................... { 
....................  
....................    while(TRUE) 
....................    { 
....................       /* 
....................       // transmissão serial    
....................       printf("Hello World!\r\n"); 
....................       delay_ms(1000); 
....................       */ 
....................        
....................        
....................       if(kbhit()){ 
0033:  BTFSC  05.1
0034:  GOTO   048
....................          letra = getc(); 
0035:  GOTO   004
0036:  MOVF   78,W
0037:  MOVWF  20
....................           
....................          if(letra == 'L') 
0038:  MOVF   20,W
0039:  SUBLW  4C
003A:  BTFSS  03.2
003B:  GOTO   040
....................          { 
....................             output_high(pin_b0); 
003C:  BSF    03.5
003D:  BCF    06.0
003E:  BCF    03.5
003F:  BSF    06.0
....................          } 
....................          if(letra == 'D') 
0040:  MOVF   20,W
0041:  SUBLW  44
0042:  BTFSS  03.2
0043:  GOTO   048
....................          { 
....................             output_low(pin_b0); 
0044:  BSF    03.5
0045:  BCF    06.0
0046:  BCF    03.5
0047:  BCF    06.0
....................          } 
....................           
....................           
....................       } 
0048:  GOTO   033
....................        
....................    } 
....................  
.................... } 
0049:  SLEEP

Configuration Fuses:
   Word  1: 3F10   NOWDT PUT INTRC_IO NOMCLR NOBROWNOUT NOLVP NOCPD NOPROTECT
