
ROM used:   46/4096 (1%)
            46/4096 (1%) including unused fragments

            0.1 Average locations per line
            6.6 Average locations per statement

RAM used:   5/368 (1%) at main() level
            5/368 (1%) worst case

Stack used: 0 worst case (0 in main + 0 for interrupts)
Stack size: 8

Lines Stmts  %   Files
----- ----- ---  -----
   35     7 100  main.c
   13     0   0  main.h
  632     0   0  ..\..\..\..\..\Program Files (x86)\PICC\Devices\16F88.h
----- -----
  680     7 Total

Page ROM  %  RAM   Vol Diff  Functions:
---- --- --- ---   --- ----  ----------
0     42  91    0   165  3.9  main
 Inline         0             @cinit1

Program metrics:
    Functions               1
    Statements              7
    Comments                128
    Volume (V)              167
    Difficulty (D)          3.7
    Effort to implement (E) 611
    Time to implement (T)   1 minutes
    Est Delivered Bugs (B)  0
    Cyclomatic Complexity   1
    Maintainability (MI)    64

 Segment     Used  Free
-----------  ----  ----
00000-00003     4  0  
00004-007FF    42  2002  
00800-00FFF     0  2048  



