
ROM used:   82/4096 (2%)
            82/4096 (2%) including unused fragments

            0.1 Average locations per line
            4.6 Average locations per statement

RAM used:   5/368 (1%) at main() level
            5/368 (1%) worst case

Stack used: 0 worst case (0 in main + 0 for interrupts)
Stack size: 8

Lines Stmts  %   Files
----- ----- ---  -----
   49    18 100  main.c
   13     0   0  main.h
  632     0   0  ..\..\..\..\..\Program Files (x86)\PICC\Devices\16F88.h
----- -----
  694    18 Total

Page ROM  %  RAM   Vol Diff  Functions:
---- --- --- ---   --- ----  ----------
0     78  95    0   378  3.3  main
 Inline         0             @cinit1

Program metrics:
    Functions               1
    Statements              18
    Comments                129
    Volume (V)              381
    Difficulty (D)          3.2
    Effort to implement (E) 1207
    Time to implement (T)   1 minutes
    Est Delivered Bugs (B)  0
    Cyclomatic Complexity   4
    Maintainability (MI)    45

 Segment     Used  Free
-----------  ----  ----
00000-00003     4  0  
00004-007FF    78  1966  
00800-00FFF     0  2048  



