;  LST file generated by mikroListExporter - v.2.0 
; Date/Time: 22/01/2023 09:08:10
;----------------------------------------------

;Address Opcode 	ASM
0x0000	0x285C      	GOTO       92
_____DoICP:
;__Lib_System.c,6 :: 		
;__Lib_System.c,9 :: 		
0x0003	0x1283      	BCF        STATUS, 5
0x0004	0x1303      	BCF        STATUS, 6
0x0005	0x0822      	MOVF       ___DoICPAddr+1, 0
0x0006	0x008A      	MOVWF      PCLATH
;__Lib_System.c,10 :: 		
0x0007	0x0821      	MOVF       ___DoICPAddr, 0
0x0008	0x0082      	MOVWF      PCL
;__Lib_System.c,12 :: 		
L_end_____DoICP:
0x0009	0x0008      	RETURN
; end of _____DoICP
_Delay_500us:
;__Lib_Delays.c,27 :: 		void Delay_500us() {
;__Lib_Delays.c,28 :: 		Delay_us(498);
0x000A	0x3002      	MOVLW      2
0x000B	0x1283      	BCF        STATUS, 5
0x000C	0x1303      	BCF        STATUS, 6
0x000D	0x00FC      	MOVWF      R12
0x000E	0x3049      	MOVLW      73
0x000F	0x00FD      	MOVWF      R13
L_Delay_500us4:
0x0010	0x0BFD      	DECFSZ     R13, 1
0x0011	0x2810      	GOTO       L_Delay_500us4
0x0012	0x0BFC      	DECFSZ     R12, 1
0x0013	0x2810      	GOTO       L_Delay_500us4
0x0014	0x0000      	NOP
0x0015	0x0000      	NOP
;__Lib_Delays.c,29 :: 		}
L_end_Delay_500us:
0x0016	0x0008      	RETURN
; end of _Delay_500us
_Button:
;__Lib_Button.c,6 :: 		
;__Lib_Button.c,8 :: 		
0x0017	0x1283      	BCF        STATUS, 5
0x0018	0x1303      	BCF        STATUS, 6
0x0019	0x01A8      	CLRF       Button_rslt_L0
;__Lib_Button.c,11 :: 		
0x001A	0x0824      	MOVF       FARG_Button_pin, 0
0x001B	0x00F1      	MOVWF      R1
0x001C	0x3001      	MOVLW      1
0x001D	0x00F0      	MOVWF      R0
0x001E	0x0871      	MOVF       R1, 0
L__Button5:
0x001F	0x1903      	BTFSC      STATUS, 2
0x0020	0x2825      	GOTO       L__Button6
0x0021	0x0DF0      	RLF        R0, 1
0x0022	0x1070      	BCF        R0, 0
0x0023	0x3EFF      	ADDLW      255
0x0024	0x281F      	GOTO       L__Button5
L__Button6:
0x0025	0x0870      	MOVF       R0, 0
0x0026	0x00A7      	MOVWF      Button_pMask_L0
;__Lib_Button.c,13 :: 		
0x0027	0x0823      	MOVF       FARG_Button_port, 0
0x0028	0x0084      	MOVWF      FSR
0x0029	0x0870      	MOVF       R0, 0
0x002A	0x0500      	ANDWF      INDF, 0
0x002B	0x00F1      	MOVWF      R1
0x002C	0x0871      	MOVF       R1, 0
0x002D	0x3001      	MOVLW      1
0x002E	0x1D03      	BTFSS      STATUS, 2
0x002F	0x3000      	MOVLW      0
0x0030	0x00F0      	MOVWF      R0
0x0031	0x0826      	MOVF       FARG_Button_active_state, 0
0x0032	0x06F0      	XORWF      R0, 1
0x0033	0x1903      	BTFSC      STATUS, 2
0x0034	0x284D      	GOTO       L_Button0
;__Lib_Button.c,15 :: 		
L_Button1:
0x0035	0x0825      	MOVF       FARG_Button_time_ms, 0
0x0036	0x3C00      	SUBLW      0
0x0037	0x1803      	BTFSC      STATUS, 0
0x0038	0x283D      	GOTO       L_Button2
;__Lib_Button.c,16 :: 		
0x0039	0x200A      	CALL       _Delay_500us
;__Lib_Button.c,17 :: 		
0x003A	0x200A      	CALL       _Delay_500us
;__Lib_Button.c,18 :: 		
0x003B	0x03A5      	DECF       FARG_Button_time_ms, 1
;__Lib_Button.c,19 :: 		
0x003C	0x2835      	GOTO       L_Button1
L_Button2:
;__Lib_Button.c,21 :: 		
0x003D	0x0823      	MOVF       FARG_Button_port, 0
0x003E	0x0084      	MOVWF      FSR
0x003F	0x0827      	MOVF       Button_pMask_L0, 0
0x0040	0x0500      	ANDWF      INDF, 0
0x0041	0x00F1      	MOVWF      R1
0x0042	0x0871      	MOVF       R1, 0
0x0043	0x3001      	MOVLW      1
0x0044	0x1D03      	BTFSS      STATUS, 2
0x0045	0x3000      	MOVLW      0
0x0046	0x00F0      	MOVWF      R0
0x0047	0x0826      	MOVF       FARG_Button_active_state, 0
0x0048	0x06F0      	XORWF      R0, 1
0x0049	0x1903      	BTFSC      STATUS, 2
0x004A	0x284D      	GOTO       L_Button3
;__Lib_Button.c,22 :: 		
0x004B	0x30FF      	MOVLW      255
0x004C	0x00A8      	MOVWF      Button_rslt_L0
L_Button3:
;__Lib_Button.c,23 :: 		
L_Button0:
;__Lib_Button.c,25 :: 		
0x004D	0x0828      	MOVF       Button_rslt_L0, 0
0x004E	0x00F0      	MOVWF      R0
;__Lib_Button.c,26 :: 		
L_end_Button:
0x004F	0x0008      	RETURN
; end of _Button
___CC2DW:
;__Lib_System.c,134 :: 		
;__Lib_System.c,137 :: 		
_CC2D_Loop1:
;__Lib_System.c,139 :: 		
0x0050	0x2003      	CALL       _____DoICP
0x0051	0x118A      	BCF        PCLATH, 3
0x0052	0x120A      	BCF        PCLATH, 4
;__Lib_System.c,141 :: 		
0x0053	0x0080      	MOVWF      INDF
;__Lib_System.c,142 :: 		
0x0054	0x0A84      	INCF       FSR, 1
;__Lib_System.c,143 :: 		
0x0055	0x0AA1      	INCF       ___DoICPAddr, 1
;__Lib_System.c,145 :: 		
0x0056	0x1903      	BTFSC      STATUS, 2
;__Lib_System.c,146 :: 		
0x0057	0x0AA2      	INCF       ___DoICPAddr+1, 1
;__Lib_System.c,147 :: 		
0x0058	0x03F0      	DECF       R0, 1
;__Lib_System.c,149 :: 		
0x0059	0x1D03      	BTFSS      STATUS, 2
;__Lib_System.c,150 :: 		
0x005A	0x2850      	GOTO       _CC2D_Loop1
;__Lib_System.c,152 :: 		
L_end___CC2DW:
0x005B	0x0008      	RETURN
; end of ___CC2DW
_main:
;VSaula008.c,41 :: 		void main() {
;VSaula008.c,42 :: 		CMCON = 0x07;  // desliga os comparadores internos
0x005C	0x3007      	MOVLW      7
0x005D	0x1683      	BSF        STATUS, 5
0x005E	0x1303      	BCF        STATUS, 6
0x005F	0x009C      	MOVWF      CMCON
;VSaula008.c,43 :: 		TRISD = 0x00;  // port D configurado como saída digital
0x0060	0x0188      	CLRF       TRISD
;VSaula008.c,44 :: 		PORTD = 0x00;  // port D inicia em nível baixo
0x0061	0x1283      	BCF        STATUS, 5
0x0062	0x0188      	CLRF       PORTD
;VSaula008.c,45 :: 		TRISB = 0x03;  // port B RB1 e RB2 configurado com entrada digital
0x0063	0x3003      	MOVLW      3
0x0064	0x1683      	BSF        STATUS, 5
0x0065	0x0086      	MOVWF      TRISB
;VSaula008.c,48 :: 		while(1){
L_main0:
;VSaula008.c,130 :: 		if (B0 && flagS0 == 0){
0x0066	0x3006      	MOVLW      PORTB
0x0067	0x1283      	BCF        STATUS, 5
0x0068	0x00A3      	MOVWF      FARG_Button_port
0x0069	0x01A4      	CLRF       FARG_Button_pin
0x006A	0x3032      	MOVLW      50
0x006B	0x00A5      	MOVWF      FARG_Button_time_ms
0x006C	0x3001      	MOVLW      1
0x006D	0x00A6      	MOVWF      FARG_Button_active_state
0x006E	0x2017      	CALL       _Button
0x006F	0x0870      	MOVF       R0, 0
0x0070	0x1903      	BTFSC      STATUS, 2
0x0071	0x2875      	GOTO       L_main4
0x0072	0x1820      	BTFSC      _flagS0, BitPos(_flagS0+0)
0x0073	0x2875      	GOTO       L_main4
L__main17:
;VSaula008.c,131 :: 		flagS0 = 1;
0x0074	0x1420      	BSF        _flagS0, BitPos(_flagS0+0)
;VSaula008.c,132 :: 		}
L_main4:
;VSaula008.c,133 :: 		if (B1 && flagS1 == 0){
0x0075	0x3006      	MOVLW      PORTB
0x0076	0x00A3      	MOVWF      FARG_Button_port
0x0077	0x3001      	MOVLW      1
0x0078	0x00A4      	MOVWF      FARG_Button_pin
0x0079	0x3032      	MOVLW      50
0x007A	0x00A5      	MOVWF      FARG_Button_time_ms
0x007B	0x01A6      	CLRF       FARG_Button_active_state
0x007C	0x2017      	CALL       _Button
0x007D	0x0870      	MOVF       R0, 0
0x007E	0x1903      	BTFSC      STATUS, 2
0x007F	0x2883      	GOTO       L_main7
0x0080	0x18A0      	BTFSC      _flagS1, BitPos(_flagS1+0)
0x0081	0x2883      	GOTO       L_main7
L__main16:
;VSaula008.c,134 :: 		flagS1 = 1;
0x0082	0x14A0      	BSF        _flagS1, BitPos(_flagS1+0)
;VSaula008.c,135 :: 		}
L_main7:
;VSaula008.c,136 :: 		if (!B0 && flagS0 == 1){
0x0083	0x3006      	MOVLW      PORTB
0x0084	0x00A3      	MOVWF      FARG_Button_port
0x0085	0x01A4      	CLRF       FARG_Button_pin
0x0086	0x3032      	MOVLW      50
0x0087	0x00A5      	MOVWF      FARG_Button_time_ms
0x0088	0x3001      	MOVLW      1
0x0089	0x00A6      	MOVWF      FARG_Button_active_state
0x008A	0x2017      	CALL       _Button
0x008B	0x0870      	MOVF       R0, 0
0x008C	0x1D03      	BTFSS      STATUS, 2
0x008D	0x2893      	GOTO       L_main10
0x008E	0x1C20      	BTFSS      _flagS0, BitPos(_flagS0+0)
0x008F	0x2893      	GOTO       L_main10
L__main15:
;VSaula008.c,137 :: 		L6 = ~L6;
0x0090	0x3040      	MOVLW      64
0x0091	0x0688      	XORWF      RD6_bit, 1
;VSaula008.c,138 :: 		flagS0 = 0;
0x0092	0x1020      	BCF        _flagS0, BitPos(_flagS0+0)
;VSaula008.c,139 :: 		}
L_main10:
;VSaula008.c,140 :: 		if (!B1 && flagS1 == 1){
0x0093	0x3006      	MOVLW      PORTB
0x0094	0x00A3      	MOVWF      FARG_Button_port
0x0095	0x3001      	MOVLW      1
0x0096	0x00A4      	MOVWF      FARG_Button_pin
0x0097	0x3032      	MOVLW      50
0x0098	0x00A5      	MOVWF      FARG_Button_time_ms
0x0099	0x01A6      	CLRF       FARG_Button_active_state
0x009A	0x2017      	CALL       _Button
0x009B	0x0870      	MOVF       R0, 0
0x009C	0x1D03      	BTFSS      STATUS, 2
0x009D	0x28A3      	GOTO       L_main13
0x009E	0x1CA0      	BTFSS      _flagS1, BitPos(_flagS1+0)
0x009F	0x28A3      	GOTO       L_main13
L__main14:
;VSaula008.c,141 :: 		L7 = ~L7;
0x00A0	0x3080      	MOVLW      128
0x00A1	0x0688      	XORWF      RD7_bit, 1
;VSaula008.c,142 :: 		flagS1 = 0;
0x00A2	0x10A0      	BCF        _flagS1, BitPos(_flagS1+0)
;VSaula008.c,143 :: 		}
L_main13:
;VSaula008.c,151 :: 		}
0x00A3	0x2866      	GOTO       L_main0
;VSaula008.c,152 :: 		}
L_end_main:
0x00A4	0x28A4      	GOTO       $+0
; end of _main
Symbol List:
//** Routines locations **
//ADDRESS    SIZE    PROCEDURE
//----------------------------------------------
0x0003       [7]    _____DoICP
0x000A      [13]    _Delay_500us
0x0017      [57]    _Button
0x0050      [12]    ___CC2DW
0x005C      [73]    _main
//** Variables locations ** 
//ADDRESS    SIZE    VARIABLE
//----------------------------------------------
0x0000       [1]    INDF
0x0002       [1]    PCL
0x0003       [1]    STATUS
0x0004       [1]    FSR
0x0006       [1]    PORTB
0x0008       [0]    RD7_bit
0x0008       [0]    RD6_bit
0x0008       [1]    PORTD
0x000A       [1]    PCLATH
0x0020       [0]    _flagS0
0x0020       [0]    _flagS1
0x0021       [2]    ___DoICPAddr
0x0023       [1]    FARG_Button_port
0x0024       [1]    FARG_Button_pin
0x0025       [1]    FARG_Button_time_ms
0x0026       [1]    FARG_Button_active_state
0x0027       [1]    Button_pMask_L0
0x0028       [1]    Button_rslt_L0
0x0070       [1]    R0
0x0071       [1]    R1
0x0072       [1]    R2
0x0073       [1]    R3
0x0074       [1]    R4
0x0075       [1]    R5
0x0076       [1]    R6
0x0077       [1]    R7
0x0078       [1]    R8
0x0079       [1]    R9
0x007A       [1]    R10
0x007B       [1]    R11
0x007C       [1]    R12
0x007D       [1]    R13
0x007E       [1]    R14
0x007F       [1]    R15
0x0086       [1]    TRISB
0x0088       [1]    TRISD
0x009C       [1]    CMCON
