
ROM used:   55/4096 (1%)
            55/4096 (1%) including unused fragments

            0.1 Average locations per line
            9.2 Average locations per statement

RAM used:   5/368 (1%) at main() level
            6/368 (2%) worst case

Stack used: 0 worst case (0 in main + 0 for interrupts)
Stack size: 8

Lines Stmts  %   Files
----- ----- ---  -----
   12     6 100  main.c
   11     0   0  main.h
  632     0   0  ..\..\..\..\..\Program Files (x86)\PICC\Devices\16F88.h
----- -----
  655     6 Total

Page ROM  %  RAM   Vol Diff  Functions:
---- --- --- ---   --- ----  ----------
0     21  38    1    86  1.6  @delay_ms1
0     30  55    0    86  1.6  main
 Inline         0             @cinit1

Program metrics:
    Functions               2
    Statements              6
    Comments                115
    Volume (V)              218
    Difficulty (D)          3.1
    Effort to implement (E) 682
    Time to implement (T)   1 minutes
    Est Delivered Bugs (B)  0
    Cyclomatic Complexity   1
    Maintainability (MI)    92

 Segment     Used  Free
-----------  ----  ----
00000-00003     4  0  
00004-007FF    51  1993  
00800-00FFF     0  2048  



