
ROM used:   74/2048 (4%)
            74/2048 (4%) including unused fragments

            0.1 Average locations per line
            6.7 Average locations per statement

RAM used:   6/224 (3%) at main() level
            7/224 (3%) worst case

Stack used: 0 worst case (0 in main + 0 for interrupts)
Stack size: 8

Lines Stmts  %   Files
----- ----- ---  -----
   35    11 100  main.c
   11     0   0  main.h
  508     0   0  ..\..\..\..\..\Program Files (x86)\PICC\Devices\16F628A.h
----- -----
  554    11 Total

Page ROM  %  RAM   Vol Diff  Functions:
---- --- --- ---   --- ----  ----------
0     37  50    1             @GETCH_1_
0     33  45    0   158  3.0  main
 Inline         0             @cinit1

Program metrics:
    Functions               1
    Statements              11
    Comments                97
    Volume (V)              163
    Difficulty (D)          2.6
    Effort to implement (E) 427
    Time to implement (T)   0 minutes
    Est Delivered Bugs (B)  0
    Cyclomatic Complexity   3
    Maintainability (MI)    127

 Segment     Used  Free
-----------  ----  ----
00000-00003     4  0  
00004-007FF    70  1974  



