
ROM used:   114/8192 (1%)
            114/8192 (1%) including unused fragments

            0.1 Average locations per line
            4.2 Average locations per statement

RAM used:   8/368 (2%) at main() level
            9/368 (2%) worst case

Stack used: 0 worst case (0 in main + 0 for interrupts)
Stack size: 8

Lines Stmts  %   Files
----- ----- ---  -----
   48    27 100  aula007.c
  758     0   0  ..\..\..\..\..\..\..\Program Files (x86)\PICC\Devices\16F887.H
----- -----
  806    27 Total

Page ROM  %  RAM   Vol Diff  Functions:
---- --- --- ---   --- ----  ----------
0     21  18    1             @delay_ms1
0     14  12    0             @const618
0     75  66    1   667  5.8  MAIN
 Inline         0   500  6.1  @cinit1

Program metrics:
    Functions               2
    Statements              27
    Comments                129
    Volume (V)              1371
    Difficulty (D)          11.6
    Effort to implement (E) 15967
    Time to implement (T)   15 minutes
    Est Delivered Bugs (B)  0
    Cyclomatic Complexity   4
    Maintainability (MI)    88

 Segment     Used  Free
-----------  ----  ----
00000-00003     4  0  
00004-007FF   110  1934  
00800-00FFF     0  2048  
01000-017FF     0  2048  
01800-01FFF     0  2048  



