MPASM  5.51                       AULA045.ASM   6-12-2023  16:57:22         PAGE  1


LOC  OBJECT CODE     LINE SOURCE TEXT
  VALUE

                      00001         TITLE           "AULA45 - INTERRUPÇÃO EXTERNA POR RB0"
                      00002         PROCESSOR       16F84A
                      00003         #INCLUDE        <P16F84A.INC>
                      00001         LIST
                      00002 
                      00003 ;==========================================================================
                      00004 ;  MPASM PIC16F84A processor include
                      00005 ; 
                      00006 ;  (c) Copyright 1999-2013 Microchip Technology, All rights reserved
                      00007 ;==========================================================================
                      00008 
                      00208         LIST
2007   3FF1           00004         __CONFIG        _XT_OSC & _CP_OFF & _WDT_OFF & _PWRTE_ON
                      00005 
                      00006 ;++++++++++++++++++++++++++++++++++++++++++++++++++++++++++++++++++++++++++++++
                      00007 
                      00008         ;REGISTRADORES BANCO 0
                      00009         #DEFINE         CH_GERAL        INTCON, GIE                             ;BIT 7
                      00010         #DEFINE         CH_EXTERNA      INTCON, INTE                    ;BIT 4
                      00011         #DEFINE         FLAG            INTCON, INTF                    ;BIT 1
                      00012         ;REGISTRADORES BANCO 1
                      00013         #DEFINE         PULL_UP         OPTION_REG, NOT_RBPU    ;BIT 7          
                      00014         #DEFINE         BORDA           OPTION_REG, INTEDG              ;BIT 6
                      00015         ;GERAL
                      00016         #DEFINE         BANCO0          BSF             STATUS, RP0             ;BIT 5
                      00017         #DEFINE         BANCO1          BCF             STATUS, RP0             ;BIT 5
                      00018         #DEFINE         LED1            PORTB, RB7
                      00019         #DEFINE         LED2            PORTB, RB6
                      00020         #DEFINE         LED3            PORTB, RB5
                      00021         
                      00022 ;++++++++++++++++++++++++++++++++++++++++++++++++++++++++++++++++++++++++++++++
                      00023 
Warning[207]: Found label after column 1. (TEMPO1)
  0000000C            00024         TEMPO1          EQU                     0X0C
Warning[207]: Found label after column 1. (TEMPO2)
  0000000D            00025         TEMPO2          EQU                     0X0D
                      00026 
                      00027 ;++++++++++++++++++++++++++++++++++++++++++++++++++++++++++++++++++++++++++++++
                      00028 
0000                  00029         ORG                     0X00
0000   280D           00030         GOTO            INICIO
                      00031         
0004                  00032         ORG                     0X04
0004   1306           00033         BCF                     LED2
0005   1286           00034         BCF                     LED3
0006   1786           00035         BSF                     LED1
0007   2021           00036         CALL            DELAY
0008   2021           00037         CALL            DELAY
0009   2021           00038         CALL            DELAY
000A   2021           00039         CALL            DELAY
000B   108B           00040         BCF                     FLAG
000C   0009           00041         RETFIE
                      00042         
MPASM  5.51                       AULA045.ASM   6-12-2023  16:57:22         PAGE  2
AULA45 - INTERRUPÇÃO EXTERNA POR RB0

LOC  OBJECT CODE     LINE SOURCE TEXT
  VALUE

                      00043 ;++++++++++++++++++++++++++++++++++++++++++++++++++++++++++++++++++++++++++++++
                      00044 
000D                  00045 INICIO:
                      00046         
                      00047         
000D   1683           00048         BANCO0                                                                  ;PODERIA USAR: BANKSEL T
                            RISB
000E   301F           00049         MOVLW           B'00011111'                                     ;RB7 E RB6 COMO SAÍDA
Message[302]: Register in operand not in bank 0.  Ensure that bank bits are correct.
000F   0086           00050         MOVWF           TRISB
0010   018B           00051         CLRF            INTCON                                          ;INICIA/LIMPA TODAS AS INTERRUPÇ
                            ÕES E FLAGS
Message[302]: Register in operand not in bank 0.  Ensure that bank bits are correct.
0011   1701           00052         BSF                     BORDA                                           ;BORDA DE DESCIDA
Message[302]: Register in operand not in bank 0.  Ensure that bank bits are correct.
0012   1381           00053         BCF                     PULL_UP                                         ;RESISTORES DE PULL-UP I
                            NTERNOS
                      00054         
0013   1283           00055         BANCO1                                                                  ;PODERIA USAR: BANKSEL P
                            ORTB
0014   0186           00056         CLRF            PORTB
0015   178B           00057         BSF                     CH_GERAL
0016   160B           00058         BSF                     CH_EXTERNA
                      00059 
0017                  00060 L1:
0017   1386           00061         BCF                     LED1
0018   1306           00062         BCF                     LED2
0019   1686           00063         BSF                     LED3
001A   2021           00064         CALL            DELAY
001B   281C           00065         GOTO            L2
                      00066         
001C                  00067 L2:
001C   1386           00068         BCF                     LED1
001D   1706           00069         BSF                     LED2
001E   1286           00070         BCF                     LED3
001F   2021           00071         CALL            DELAY
0020   2817           00072         GOTO            L1
                      00073 
                      00074 
0021                  00075 DELAY:
0021   30F9           00076         MOVLW           D'249'
0022   008C           00077         MOVWF           TEMPO1
0023                  00078 M2:     
0023   30FB           00079         MOVLW           D'251'
0024   008D           00080         MOVWF           TEMPO2
                      00081         
0025                  00082 M1:
0025   0000           00083         NOP
0026   0000           00084         NOP
0027   0000           00085         NOP
0028   0000           00086         NOP
0029   0000           00087         NOP
                      00088         
MPASM  5.51                       AULA045.ASM   6-12-2023  16:57:22         PAGE  3
AULA45 - INTERRUPÇÃO EXTERNA POR RB0

LOC  OBJECT CODE     LINE SOURCE TEXT
  VALUE

Message[305]: Using default destination of 1 (file).
002A   0B8D           00089         DECFSZ          TEMPO2
002B   2825           00090         GOTO M1
                      00091         
Message[305]: Using default destination of 1 (file).
002C   0B8C           00092         DECFSZ          TEMPO1
002D   2823           00093         GOTO M2 
                      00094         
002E   0008           00095         RETURN
                      00096 
                      00097         
                      00098         END
MPASM  5.51                       AULA045.ASM   6-12-2023  16:57:22         PAGE  4
AULA45 - INTERRUPÇÃO EXTERNA POR RB0

SYMBOL TABLE
  LABEL                             VALUE 

BANCO0                            BSF             STATUS, RP0
BANCO1                            BCF             STATUS, RP0
BORDA                             OPTION_REG, INTEDG
C                                 00000000
CH_EXTERNA                        INTCON, INTE
CH_GERAL                          INTCON, GIE
DC                                00000001
DELAY                             00000021
EEADR                             00000009
EECON1                            00000088
EECON2                            00000089
EEDATA                            00000008
EEIE                              00000006
EEIF                              00000004
F                                 00000001
FLAG                              INTCON, INTF
FSR                               00000004
GIE                               00000007
INDF                              00000000
INICIO                            0000000D
INTCON                            0000000B
INTE                              00000004
INTEDG                            00000006
INTF                              00000001
IRP                               00000007
L1                                00000017
L2                                0000001C
LED1                              PORTB, RB7
LED2                              PORTB, RB6
LED3                              PORTB, RB5
M1                                00000025
M2                                00000023
NOT_PD                            00000003
NOT_RBPU                          00000007
NOT_TO                            00000004
OPTION_REG                        00000081
PCL                               00000002
PCLATH                            0000000A
PORTA                             00000005
PORTB                             00000006
PS0                               00000000
PS1                               00000001
PS2                               00000002
PSA                               00000003
PULL_UP                           OPTION_REG, NOT_RBPU
RA0                               00000000
RA1                               00000001
RA2                               00000002
RA3                               00000003
RA4                               00000004
RB0                               00000000
RB1                               00000001
RB2                               00000002
MPASM  5.51                       AULA045.ASM   6-12-2023  16:57:22         PAGE  5
AULA45 - INTERRUPÇÃO EXTERNA POR RB0

SYMBOL TABLE
  LABEL                             VALUE 

RB3                               00000003
RB4                               00000004
RB5                               00000005
RB6                               00000006
RB7                               00000007
RBIE                              00000003
RBIF                              00000000
RD                                00000000
RP0                               00000005
RP1                               00000006
STATUS                            00000003
T0CS                              00000005
T0IE                              00000005
T0IF                              00000002
T0SE                              00000004
TEMPO1                            0000000C
TEMPO2                            0000000D
TMR0                              00000001
TMR0IE                            00000005
TMR0IF                            00000002
TRISA                             00000085
TRISA0                            00000000
TRISA1                            00000001
TRISA2                            00000002
TRISA3                            00000003
TRISA4                            00000004
TRISB                             00000086
TRISB0                            00000000
TRISB1                            00000001
TRISB2                            00000002
TRISB3                            00000003
TRISB4                            00000004
TRISB5                            00000005
TRISB6                            00000006
TRISB7                            00000007
W                                 00000000
WR                                00000001
WREN                              00000002
WRERR                             00000003
Z                                 00000002
_CONFIG                           00002007
_CP_OFF                           00003FFF
_CP_ON                            0000000F
_DEVID1                           00002006
_FOSC_EXTRC                       00003FFF
_FOSC_HS                          00003FFE
_FOSC_LP                          00003FFC
_FOSC_XT                          00003FFD
_HS_OSC                           00003FFE
_IDLOC0                           00002000
_IDLOC1                           00002001
_IDLOC2                           00002002
_IDLOC3                           00002003
MPASM  5.51                       AULA045.ASM   6-12-2023  16:57:22         PAGE  6
AULA45 - INTERRUPÇÃO EXTERNA POR RB0

SYMBOL TABLE
  LABEL                             VALUE 

_LP_OSC                           00003FFC
_PWRTE_OFF                        00003FFF
_PWRTE_ON                         00003FF7
_RC_OSC                           00003FFF
_WDTE_OFF                         00003FFB
_WDTE_ON                          00003FFF
_WDT_OFF                          00003FFB
_WDT_ON                           00003FFF
_XT_OSC                           00003FFD
__16F84A                          00000001
__DEBUG                           1


MEMORY USAGE MAP ('X' = Used,  '-' = Unused)

0000 : X---XXXXXXXXXXXX XXXXXXXXXXXXXXXX XXXXXXXXXXXXXXX- ----------------
2000 : -------X-------- ---------------- ---------------- ----------------

All other memory blocks unused.

Program Memory Words Used:    44
Program Memory Words Free:   980


Errors   :     0
Warnings :     2 reported,     0 suppressed
Messages :     5 reported,     0 suppressed

