
ROM used:   201/8192 (2%)
            201/8192 (2%) including unused fragments

            0.2 Average locations per line
            6.9 Average locations per statement

RAM used:   15/368 (4%) at main() level
            20/368 (5%) worst case

Stack used: 1 worst case (0 in main + 1 for interrupts)
Stack size: 8

Lines Stmts  %   Files
----- ----- ---  -----
   89    29 100  aula010.c
  758     0   0  ..\..\..\..\..\..\..\Program Files (x86)\PICC\Devices\16f887.h
----- -----
  847    29 Total

Page ROM  %  RAM   Vol Diff  Functions:
---- --- --- ---   --- ----  ----------
0     21  10    1             @delay_ms1
0     14   7    0             @const618
0     35  17    2   348  3.8  MOSTRAR
0     21  10    3   125  2.6  @DIV88
0     13   6    0    92  3.2  RELOJ
0     50  25    0   282  4.2  MAIN
 Inline         0             @cinit1

Program metrics:
    Functions               4
    Statements              29
    Comments                199
    Volume (V)              1175
    Difficulty (D)          13.5
    Effort to implement (E) 15881
    Time to implement (T)   15 minutes
    Est Delivered Bugs (B)  0
    Cyclomatic Complexity   2
    Maintainability (MI)    59

 Segment     Used  Free
-----------  ----  ----
00000-00003     4  0  
00004-0002E    43  0  
0002F-007FF   154  1847  
00800-00FFF     0  2048  
01000-017FF     0  2048  
01800-01FFF     0  2048  



