
ROM used:   92/2048 (4%)
            92/2048 (4%) including unused fragments

            0.2 Average locations per line
            7.1 Average locations per statement

RAM used:   15/223 (7%) at main() level
            15/223 (7%) worst case

Stack used: 1 worst case (0 in main + 1 for interrupts)
Stack size: 7

Lines Stmts  %   Files
----- ----- ---  -----
   40    13 100  aula054.c
  508     0   0  ..\..\..\..\..\..\..\..\..\Program Files (x86)\PICC\Devices\16F628A.h
----- -----
  548    13 Total

Page ROM  %  RAM   Vol Diff  Functions:
---- --- --- ---   --- ----  ----------
0     21  23    0   102  2.9  timer0_int
0     24  26    0   130  2.2  MAIN
 Inline         0             @cinit1

Program metrics:
    Functions               2
    Statements              13
    Comments                92
    Volume (V)              287
    Difficulty (D)          4.9
    Effort to implement (E) 1416
    Time to implement (T)   1 minutes
    Est Delivered Bugs (B)  0
    Cyclomatic Complexity   1
    Maintainability (MI)    71

 Segment     Used  Free
-----------  ----  ----
00000-00003     4  0  
00004-0002E    43  0  
0002F-007FF    45  1956  



