MPASM  5.51                       AULA008.ASM   6-5-2023  9:05:34         PAGE  1


LOC  OBJECT CODE     LINE SOURCE TEXT
  VALUE

                      00001 ;+++++++++++++++++++++++++++++++++++++++++++++++++++++++++++++++++
                      00002 ;
                      00003 ; Curso: Assembly para Microcontroladores PIC 
                      00004 ; Conteúdo: Aula008 - SUB-ROTINAS
                      00005 ; Acende LED 1 (RB1) via Botão 1 (RB0)
                      00006 ; Acende LED 2 (RB3) via Botão 2 (RB2)
                      00007 ;                       acionamento simples (aperta acende, solta apaga)
                      00008 ;
                      00009 ; LED no modo current sourcing
                      00010 ; '0' - apaga
                      00011 ; '1' - acende
                      00012 ;
                      00013 ; Botão com resistores de pull-up
                      00014 ; '0' botão acionado
                      00015 ; '1' botão liberado
                      00016 ;
                      00017 ; MCU: PIC16F84A clock: 4MHz
                      00018 ;
                      00019 ; Autor: Marcelo Moraes
                      00020 ; Data: Junho 2023
                      00021 ; arduinobymyself.blogspot.com.br
                      00022 ; arduinobymyself@gmail.com
                      00023 ;
                      00024 ;+++++++++++++++++++++++++++++++++++++++++++++++++++++++++++++++++
                      00025 
                      00026 
                      00027 ;+++++++++++++++++++++++++++++++++++++++++++++++++++++++++++++++++
                      00028                         list p=16f84a                                   ;uC utilizado
                      00029                         
                      00030                         
                      00031 ;+++++ inclusão de arquivos +++++
                      00032                         #include <p16f84a.inc>                  ;incluindo o arquivo do uC
                      00001         LIST
                      00002 
                      00003 ;==========================================================================
                      00004 ;  MPASM PIC16F84A processor include
                      00005 ; 
                      00006 ;  (c) Copyright 1999-2013 Microchip Technology, All rights reserved
                      00007 ;==========================================================================
                      00008 
                      00208         LIST
                      00033                         
                      00034 ;+++++ fuse bits +++++
                      00035                         ;clock 4MHz, watch dog disabled, power up timer disabled, code protection disabl
                            ed
2007   3FF1           00036                         __config _XT_OSC & _WDT_OFF & _PWRTE_ON & _CP_OFF
                      00037                         
                      00038 ;+++++ paginação de memória +++++
                      00039                         #define banco0 bcf STATUS, RP0  ;cria mnemônico para o banco 0 de memória
                      00040                         #define banco1 bsf STATUS, RP0  ;cria mnemônico para o banco 1 de memória
                      00041                         
                      00042 ;+++++ entradas e saídas +++++
                      00043                         #define botao1 PORTB, RB0               ;botão 1 ligado em RB0
MPASM  5.51                       AULA008.ASM   6-5-2023  9:05:34         PAGE  2


LOC  OBJECT CODE     LINE SOURCE TEXT
  VALUE

                      00044                         #define botao2 PORTB, RB2       ;botão 2 ligado em RB2
                      00045                         #define LED1 PORTB, RB1                 ;LED 1 ligado em RB1
                      00046                         #define LED2 PORTB, RB3                 ;LED 2 ligado em RB3
                      00047                         
                      00048 ;+++++ vetor de reset +++++
0000                  00049                         org H'0000'                                             ;origem do programa
0000   2805           00050                         goto inicio                                             ;desvia da interrupção
                      00051 
                      00052 ;+++++ vetor de interrupção +++++
0004                  00053                         org H'0004'                                             ;todas as interrupções a
                            pontam para este endereço
0004   0009           00054                         retfie                                                  ;retorna da interrupção
                      00055 
                      00056 ;+++++ programa principal +++++
0005                  00057 inicio:
0005   1683           00058                         banco1                                                  ;seleciona banco 1 de me
                            mória
0006   301F           00059                         movlw H'1F'                                             ;W = B'00011111'
Message[302]: Register in operand not in bank 0.  Ensure that bank bits are correct.
0007   0085           00060                         movwf TRISA                                             ;todos os bits do PORT A
                             como entrada
0008   30F5           00061                         movlw H'F5'                                             ;W = B'1110101'
Message[302]: Register in operand not in bank 0.  Ensure that bank bits are correct.
0009   0086           00062                         movwf TRISB                                             ;trisb recebe W
                      00063                         
000A   1283           00064                         banco0                                                  ;seleciona banco 0 de me
                            ória
000B   30F5           00065                         movlw H'F5'                                             ;W = B'11110101'
000C   0086           00066                         movwf PORTB                                             ;os dois LED iniciam em 
                            nível baixo (low)
                      00067                         
000D                  00068 loop:                                                                           ;loop infinito
000D   2010           00069                         call trata_botao1
000E   2016           00070                         call trata_botao2
000F   280D           00071                         goto loop
                      00072                         
                      00073 ;+++++ desenvolvimento das sub-rotinas +++++
                      00074                         
0010                  00075 trata_botao1:                                                           ;faz tratamento do botão 1      
                                                                                    
0010   1806           00076                         btfsc botao1                                    ;botão foi pressionado?
0011   2814           00077                         goto apaga_LED1                                 ;não, desvia
0012   1486           00078                         bsf LED1                                                ;sim, liga LED 1
0013   0008           00079                         return                                                  ;retorna da subrotina
0014                  00080 apaga_LED1:
0014   1086           00081                         bcf LED1                                                ;apaga LED 1
0015   0008           00082                         return                                                  ;retorna da subrotina
                      00083                         
0016                  00084 trata_botao2:                                                           ;faz tratamento do botão 2
0016   1906           00085                         btfsc botao2                                    ;botão foi pressionado?
0017   281A           00086                         goto apaga_LED2                                 ;não, desvia
0018   1586           00087                         bsf LED2                                                ;sim, liga LED 1
0019   0008           00088                         return
MPASM  5.51                       AULA008.ASM   6-5-2023  9:05:34         PAGE  3


LOC  OBJECT CODE     LINE SOURCE TEXT
  VALUE

001A                  00089 apaga_LED2:
001A   1186           00090                         bcf LED2                                                ;apaga LED 1
001B   0008           00091                         return
                      00092                         
                      00093                         end                                                             ;fim do programa
                             principal 
MPASM  5.51                       AULA008.ASM   6-5-2023  9:05:34         PAGE  4


SYMBOL TABLE
  LABEL                             VALUE 

C                                 00000000
DC                                00000001
EEADR                             00000009
EECON1                            00000088
EECON2                            00000089
EEDATA                            00000008
EEIE                              00000006
EEIF                              00000004
F                                 00000001
FSR                               00000004
GIE                               00000007
INDF                              00000000
INTCON                            0000000B
INTE                              00000004
INTEDG                            00000006
INTF                              00000001
IRP                               00000007
LED1                              PORTB, RB1
LED2                              PORTB, RB3
NOT_PD                            00000003
NOT_RBPU                          00000007
NOT_TO                            00000004
OPTION_REG                        00000081
PCL                               00000002
PCLATH                            0000000A
PORTA                             00000005
PORTB                             00000006
PS0                               00000000
PS1                               00000001
PS2                               00000002
PSA                               00000003
RA0                               00000000
RA1                               00000001
RA2                               00000002
RA3                               00000003
RA4                               00000004
RB0                               00000000
RB1                               00000001
RB2                               00000002
RB3                               00000003
RB4                               00000004
RB5                               00000005
RB6                               00000006
RB7                               00000007
RBIE                              00000003
RBIF                              00000000
RD                                00000000
RP0                               00000005
RP1                               00000006
STATUS                            00000003
T0CS                              00000005
T0IE                              00000005
T0IF                              00000002
MPASM  5.51                       AULA008.ASM   6-5-2023  9:05:34         PAGE  5


SYMBOL TABLE
  LABEL                             VALUE 

T0SE                              00000004
TMR0                              00000001
TMR0IE                            00000005
TMR0IF                            00000002
TRISA                             00000085
TRISA0                            00000000
TRISA1                            00000001
TRISA2                            00000002
TRISA3                            00000003
TRISA4                            00000004
TRISB                             00000086
TRISB0                            00000000
TRISB1                            00000001
TRISB2                            00000002
TRISB3                            00000003
TRISB4                            00000004
TRISB5                            00000005
TRISB6                            00000006
TRISB7                            00000007
W                                 00000000
WR                                00000001
WREN                              00000002
WRERR                             00000003
Z                                 00000002
_CONFIG                           00002007
_CP_OFF                           00003FFF
_CP_ON                            0000000F
_DEVID1                           00002006
_FOSC_EXTRC                       00003FFF
_FOSC_HS                          00003FFE
_FOSC_LP                          00003FFC
_FOSC_XT                          00003FFD
_HS_OSC                           00003FFE
_IDLOC0                           00002000
_IDLOC1                           00002001
_IDLOC2                           00002002
_IDLOC3                           00002003
_LP_OSC                           00003FFC
_PWRTE_OFF                        00003FFF
_PWRTE_ON                         00003FF7
_RC_OSC                           00003FFF
_WDTE_OFF                         00003FFB
_WDTE_ON                          00003FFF
_WDT_OFF                          00003FFB
_WDT_ON                           00003FFF
_XT_OSC                           00003FFD
__16F84A                          00000001
__DEBUG                           1
apaga_LED1                        00000014
apaga_LED2                        0000001A
banco0                            bcf STATUS, RP0
banco1                            bsf STATUS, RP0
botao1                            PORTB, RB0
MPASM  5.51                       AULA008.ASM   6-5-2023  9:05:34         PAGE  6


SYMBOL TABLE
  LABEL                             VALUE 

botao2                            PORTB, RB2
inicio                            00000005
loop                              0000000D
trata_botao1                      00000010
trata_botao2                      00000016


MEMORY USAGE MAP ('X' = Used,  '-' = Unused)

0000 : X---XXXXXXXXXXXX XXXXXXXXXXXX---- ---------------- ----------------
2000 : -------X-------- ---------------- ---------------- ----------------

All other memory blocks unused.

Program Memory Words Used:    25
Program Memory Words Free:   999


Errors   :     0
Warnings :     0 reported,     0 suppressed
Messages :     2 reported,     0 suppressed

