;  LST file generated by mikroListExporter - v.2.0 
; Date/Time: 13/07/2023 15:43:35
;----------------------------------------------

;Address Opcode 	ASM
0x0000	0x2A01      	GOTO       513
_interrupt:
0x0004	0x00FF      	MOVWF      R15
0x0005	0x0E03      	SWAPF      STATUS, 0
0x0006	0x0183      	CLRF       STATUS
0x0007	0x00BE      	MOVWF      ___saveSTATUS
0x0008	0x080A      	MOVF       PCLATH, 0
0x0009	0x00BF      	MOVWF      ___savePCLATH
0x000A	0x018A      	CLRF       PCLATH
;aula050.c,100 :: 		void interrupt(){
;aula050.c,101 :: 		if(CCP1IF_bit && CCP1CON.B0){
0x000B	0x1D0C      	BTFSS      CCP1IF_bit, BitPos(CCP1IF_bit+0)
0x000C	0x281C      	GOTO       L_interrupt6
0x000D	0x1C17      	BTFSS      CCP1CON, 0
0x000E	0x281C      	GOTO       L_interrupt6
L__interrupt10:
;aula050.c,102 :: 		CCP1IF_bit = 0x00;                  // limpa a flag para nova captura
0x000F	0x110C      	BCF        CCP1IF_bit, BitPos(CCP1IF_bit+0)
;aula050.c,103 :: 		CCP1IE_bit = 0x00;                  // desabilita interrupção do periférioco CCP
0x0010	0x1683      	BSF        STATUS, 5
0x0011	0x110C      	BCF        CCP1IE_bit, BitPos(CCP1IE_bit+0)
;aula050.c,104 :: 		CCP1CON = 0x04;                     // configura captura por borda de descida
0x0012	0x3004      	MOVLW      4
0x0013	0x1283      	BCF        STATUS, 5
0x0014	0x0097      	MOVWF      CCP1CON
;aula050.c,105 :: 		CCP1IE_bit = 0x01;                  // abilita interrupção do periférioco CCP
0x0015	0x1683      	BSF        STATUS, 5
0x0016	0x150C      	BSF        CCP1IE_bit, BitPos(CCP1IE_bit+0)
;aula050.c,106 :: 		TMR1H = 0x00;                       // zera registrador TMR1
0x0017	0x1283      	BCF        STATUS, 5
0x0018	0x018F      	CLRF       TMR1H
;aula050.c,107 :: 		TMR1L = 0x00;
0x0019	0x018E      	CLRF       TMR1L
;aula050.c,108 :: 		TMR1ON_bit = 0x01;                  // habilita contagem de tempo
0x001A	0x1410      	BSF        TMR1ON_bit, BitPos(TMR1ON_bit+0)
;aula050.c,109 :: 		} else if(CCP1IF_bit){
0x001B	0x282C      	GOTO       L_interrupt7
L_interrupt6:
0x001C	0x1D0C      	BTFSS      CCP1IF_bit, BitPos(CCP1IF_bit+0)
0x001D	0x282C      	GOTO       L_interrupt8
;aula050.c,110 :: 		CCP1IF_bit = 0x00;                  // limpa a flag para nova captura
0x001E	0x110C      	BCF        CCP1IF_bit, BitPos(CCP1IF_bit+0)
;aula050.c,111 :: 		TMR1ON_bit = 0x00;                  // habilita contagem de tempo
0x001F	0x1010      	BCF        TMR1ON_bit, BitPos(TMR1ON_bit+0)
;aula050.c,112 :: 		CCP1IE_bit = 0x00;                  // desabilita interrupção do periférioco CCP
0x0020	0x1683      	BSF        STATUS, 5
0x0021	0x110C      	BCF        CCP1IE_bit, BitPos(CCP1IE_bit+0)
;aula050.c,113 :: 		CCP1CON = 0x05;                     // configura captura por borda de subida
0x0022	0x3005      	MOVLW      5
0x0023	0x1283      	BCF        STATUS, 5
0x0024	0x0097      	MOVWF      CCP1CON
;aula050.c,114 :: 		CCP1IE_bit = 0x01;                  // habilita interrupção por periférico CCP
0x0025	0x1683      	BSF        STATUS, 5
0x0026	0x150C      	BSF        CCP1IE_bit, BitPos(CCP1IE_bit+0)
;aula050.c,115 :: 		Tempo_H = CCPR1H;                     // valor do tempo em us é armazenado
0x0027	0x1283      	BCF        STATUS, 5
0x0028	0x0816      	MOVF       CCPR1H, 0
0x0029	0x00AF      	MOVWF      _Tempo_H
;aula050.c,116 :: 		Tempo_L = CCPR1L;
0x002A	0x0815      	MOVF       CCPR1L, 0
0x002B	0x00AE      	MOVWF      _Tempo_L
;aula050.c,118 :: 		}
L_interrupt8:
L_interrupt7:
;aula050.c,119 :: 		}
L_end_interrupt:
L__interrupt13:
0x002C	0x083F      	MOVF       ___savePCLATH, 0
0x002D	0x008A      	MOVWF      PCLATH
0x002E	0x0E3E      	SWAPF      ___saveSTATUS, 0
0x002F	0x0083      	MOVWF      STATUS
0x0030	0x0EFF      	SWAPF      R15, 1
0x0031	0x0E7F      	SWAPF      R15, 0
0x0032	0x0009      	RETFIE
; end of _interrupt
_Delay_1us:
;__Lib_Delays.c,7 :: 		void Delay_1us() {
;__Lib_Delays.c,8 :: 		Delay_us(1);
0x0033	0x0000      	NOP
;__Lib_Delays.c,9 :: 		}
L_end_Delay_1us:
0x0034	0x0008      	RETURN
; end of _Delay_1us
_Delay_50us:
;__Lib_Delays.c,19 :: 		void Delay_50us() {
;__Lib_Delays.c,20 :: 		Delay_us(50);
0x0035	0x3010      	MOVLW      16
0x0036	0x1283      	BCF        STATUS, 5
0x0037	0x1303      	BCF        STATUS, 6
0x0038	0x00FD      	MOVWF      R13
L_Delay_50us2:
0x0039	0x0BFD      	DECFSZ     R13, 1
0x003A	0x2839      	GOTO       L_Delay_50us2
0x003B	0x0000      	NOP
;__Lib_Delays.c,21 :: 		}
L_end_Delay_50us:
0x003C	0x0008      	RETURN
; end of _Delay_50us
_Delay_5500us:
;__Lib_Delays.c,31 :: 		void Delay_5500us() {
;__Lib_Delays.c,32 :: 		Delay_us(5500);
0x003D	0x3008      	MOVLW      8
0x003E	0x1283      	BCF        STATUS, 5
0x003F	0x1303      	BCF        STATUS, 6
0x0040	0x00FC      	MOVWF      R12
0x0041	0x3023      	MOVLW      35
0x0042	0x00FD      	MOVWF      R13
L_Delay_5500us5:
0x0043	0x0BFD      	DECFSZ     R13, 1
0x0044	0x2843      	GOTO       L_Delay_5500us5
0x0045	0x0BFC      	DECFSZ     R12, 1
0x0046	0x2843      	GOTO       L_Delay_5500us5
;__Lib_Delays.c,33 :: 		}
L_end_Delay_5500us:
0x0047	0x0008      	RETURN
; end of _Delay_5500us
_Div_16X16_U:
;__Lib_Math.c,215 :: 		
;__Lib_Math.c,222 :: 		
0x0048	0x1283      	BCF        STATUS, 5
;__Lib_Math.c,223 :: 		
0x0049	0x1303      	BCF        STATUS, 6
;__Lib_Math.c,224 :: 		
0x004A	0x01F8      	CLRF       R8
;__Lib_Math.c,225 :: 		
0x004B	0x01F9      	CLRF       R9
;__Lib_Math.c,226 :: 		
0x004C	0x3010      	MOVLW      16
;__Lib_Math.c,227 :: 		
0x004D	0x00FC      	MOVWF      R12
;__Lib_Math.c,228 :: 		
0x004E	0x0D71      	RLF        R1, 0
;__Lib_Math.c,229 :: 		
0x004F	0x0DF8      	RLF        R8, 1
;__Lib_Math.c,230 :: 		
0x0050	0x0DF9      	RLF        R9, 1
;__Lib_Math.c,231 :: 		
0x0051	0x0874      	MOVF       R4, 0
;__Lib_Math.c,232 :: 		
0x0052	0x02F8      	SUBWF      R8, 1
;__Lib_Math.c,233 :: 		
0x0053	0x0875      	MOVF       R5, 0
;__Lib_Math.c,234 :: 		
0x0054	0x1C03      	BTFSS      STATUS, 0
;__Lib_Math.c,235 :: 		
0x0055	0x0F75      	INCFSZ     R5, 0
;__Lib_Math.c,236 :: 		
0x0056	0x02F9      	SUBWF      R9, 1
;__Lib_Math.c,237 :: 		
0x0057	0x1803      	BTFSC      STATUS, 0
;__Lib_Math.c,238 :: 		
0x0058	0x2860      	GOTO       $+8
;__Lib_Math.c,239 :: 		
0x0059	0x0874      	MOVF       R4, 0
;__Lib_Math.c,240 :: 		
0x005A	0x07F8      	ADDWF      R8, 1
;__Lib_Math.c,241 :: 		
0x005B	0x0875      	MOVF       R5, 0
;__Lib_Math.c,242 :: 		
0x005C	0x1803      	BTFSC      STATUS, 0
;__Lib_Math.c,243 :: 		
0x005D	0x0F75      	INCFSZ     R5, 0
;__Lib_Math.c,244 :: 		
0x005E	0x07F9      	ADDWF      R9, 1
;__Lib_Math.c,245 :: 		
0x005F	0x1003      	BCF        STATUS, 0
;__Lib_Math.c,246 :: 		
0x0060	0x0DF0      	RLF        R0, 1
;__Lib_Math.c,247 :: 		
0x0061	0x0DF1      	RLF        R1, 1
;__Lib_Math.c,248 :: 		
0x0062	0x0BFC      	DECFSZ     R12, 1
;__Lib_Math.c,249 :: 		
0x0063	0x284E      	GOTO       $-21
;__Lib_Math.c,251 :: 		
L_end_Div_16X16_U:
0x0064	0x0008      	RETURN
; end of _Div_16X16_U
_Lcd_Cmd:
;__Lib_Lcd.c,18 :: 		
;__Lib_Lcd.c,20 :: 		
0x0065	0x1283      	BCF        STATUS, 5
0x0066	0x1303      	BCF        STATUS, 6
0x0067	0x1BCE      	BTFSC      FARG_Lcd_Cmd_out_char, 7
0x0068	0x286B      	GOTO       L__Lcd_Cmd21
0x0069	0x1386      	BCF        LCD_D7, BitPos(LCD_D7+0)
0x006A	0x286C      	GOTO       L__Lcd_Cmd22
L__Lcd_Cmd21:
0x006B	0x1786      	BSF        LCD_D7, BitPos(LCD_D7+0)
L__Lcd_Cmd22:
;__Lib_Lcd.c,21 :: 		
0x006C	0x1B4E      	BTFSC      FARG_Lcd_Cmd_out_char, 6
0x006D	0x2870      	GOTO       L__Lcd_Cmd23
0x006E	0x1306      	BCF        LCD_D6, BitPos(LCD_D6+0)
0x006F	0x2871      	GOTO       L__Lcd_Cmd24
L__Lcd_Cmd23:
0x0070	0x1706      	BSF        LCD_D6, BitPos(LCD_D6+0)
L__Lcd_Cmd24:
;__Lib_Lcd.c,22 :: 		
0x0071	0x1ACE      	BTFSC      FARG_Lcd_Cmd_out_char, 5
0x0072	0x2875      	GOTO       L__Lcd_Cmd25
0x0073	0x1286      	BCF        LCD_D5, BitPos(LCD_D5+0)
0x0074	0x2876      	GOTO       L__Lcd_Cmd26
L__Lcd_Cmd25:
0x0075	0x1686      	BSF        LCD_D5, BitPos(LCD_D5+0)
L__Lcd_Cmd26:
;__Lib_Lcd.c,23 :: 		
0x0076	0x1A4E      	BTFSC      FARG_Lcd_Cmd_out_char, 4
0x0077	0x287A      	GOTO       L__Lcd_Cmd27
0x0078	0x1206      	BCF        LCD_D4, BitPos(LCD_D4+0)
0x0079	0x287B      	GOTO       L__Lcd_Cmd28
L__Lcd_Cmd27:
0x007A	0x1606      	BSF        LCD_D4, BitPos(LCD_D4+0)
L__Lcd_Cmd28:
;__Lib_Lcd.c,25 :: 		
0x007B	0x1832      	BTFSC      __Lib_Lcd_cmd_status, BitPos(__Lib_Lcd_cmd_status+0)
0x007C	0x287F      	GOTO       L__Lcd_Cmd29
0x007D	0x1406      	BSF        LCD_RS, BitPos(LCD_RS+0)
0x007E	0x2880      	GOTO       L__Lcd_Cmd30
L__Lcd_Cmd29:
0x007F	0x1006      	BCF        LCD_RS, BitPos(LCD_RS+0)
L__Lcd_Cmd30:
;__Lib_Lcd.c,28 :: 		
0x0080	0x1486      	BSF        LCD_EN, BitPos(LCD_EN+0)
;__Lib_Lcd.c,29 :: 		
0x0081	0x2033      	CALL       _Delay_1us
;__Lib_Lcd.c,30 :: 		
0x0082	0x1086      	BCF        LCD_EN, BitPos(LCD_EN+0)
;__Lib_Lcd.c,33 :: 		
0x0083	0x19CE      	BTFSC      FARG_Lcd_Cmd_out_char, 3
0x0084	0x2887      	GOTO       L__Lcd_Cmd31
0x0085	0x1386      	BCF        LCD_D7, BitPos(LCD_D7+0)
0x0086	0x2888      	GOTO       L__Lcd_Cmd32
L__Lcd_Cmd31:
0x0087	0x1786      	BSF        LCD_D7, BitPos(LCD_D7+0)
L__Lcd_Cmd32:
;__Lib_Lcd.c,34 :: 		
0x0088	0x194E      	BTFSC      FARG_Lcd_Cmd_out_char, 2
0x0089	0x288C      	GOTO       L__Lcd_Cmd33
0x008A	0x1306      	BCF        LCD_D6, BitPos(LCD_D6+0)
0x008B	0x288D      	GOTO       L__Lcd_Cmd34
L__Lcd_Cmd33:
0x008C	0x1706      	BSF        LCD_D6, BitPos(LCD_D6+0)
L__Lcd_Cmd34:
;__Lib_Lcd.c,35 :: 		
0x008D	0x18CE      	BTFSC      FARG_Lcd_Cmd_out_char, 1
0x008E	0x2891      	GOTO       L__Lcd_Cmd35
0x008F	0x1286      	BCF        LCD_D5, BitPos(LCD_D5+0)
0x0090	0x2892      	GOTO       L__Lcd_Cmd36
L__Lcd_Cmd35:
0x0091	0x1686      	BSF        LCD_D5, BitPos(LCD_D5+0)
L__Lcd_Cmd36:
;__Lib_Lcd.c,36 :: 		
0x0092	0x184E      	BTFSC      FARG_Lcd_Cmd_out_char, 0
0x0093	0x2896      	GOTO       L__Lcd_Cmd37
0x0094	0x1206      	BCF        LCD_D4, BitPos(LCD_D4+0)
0x0095	0x2897      	GOTO       L__Lcd_Cmd38
L__Lcd_Cmd37:
0x0096	0x1606      	BSF        LCD_D4, BitPos(LCD_D4+0)
L__Lcd_Cmd38:
;__Lib_Lcd.c,38 :: 		
0x0097	0x1832      	BTFSC      __Lib_Lcd_cmd_status, BitPos(__Lib_Lcd_cmd_status+0)
0x0098	0x289B      	GOTO       L__Lcd_Cmd39
0x0099	0x1406      	BSF        LCD_RS, BitPos(LCD_RS+0)
0x009A	0x289C      	GOTO       L__Lcd_Cmd40
L__Lcd_Cmd39:
0x009B	0x1006      	BCF        LCD_RS, BitPos(LCD_RS+0)
L__Lcd_Cmd40:
;__Lib_Lcd.c,40 :: 		
0x009C	0x1486      	BSF        LCD_EN, BitPos(LCD_EN+0)
;__Lib_Lcd.c,41 :: 		
0x009D	0x2033      	CALL       _Delay_1us
;__Lib_Lcd.c,42 :: 		
0x009E	0x1086      	BCF        LCD_EN, BitPos(LCD_EN+0)
;__Lib_Lcd.c,44 :: 		
0x009F	0x1C32      	BTFSS      __Lib_Lcd_cmd_status, BitPos(__Lib_Lcd_cmd_status+0)
0x00A0	0x28A3      	GOTO       L_Lcd_Cmd0
;__Lib_Lcd.c,45 :: 		
0x00A1	0x203D      	CALL       _Delay_5500us
0x00A2	0x28A4      	GOTO       L_Lcd_Cmd1
L_Lcd_Cmd0:
;__Lib_Lcd.c,47 :: 		
0x00A3	0x2035      	CALL       _Delay_50us
L_Lcd_Cmd1:
;__Lib_Lcd.c,48 :: 		
L_end_Lcd_Cmd:
0x00A4	0x0008      	RETURN
; end of _Lcd_Cmd
_Lcd_Chr_CP:
;__Lib_Lcd.c,50 :: 		
;__Lib_Lcd.c,52 :: 		
0x00A5	0x1283      	BCF        STATUS, 5
0x00A6	0x1303      	BCF        STATUS, 6
0x00A7	0x1032      	BCF        __Lib_Lcd_cmd_status, BitPos(__Lib_Lcd_cmd_status+0)
;__Lib_Lcd.c,53 :: 		
0x00A8	0x0849      	MOVF       FARG_Lcd_Chr_CP_out_char, 0
0x00A9	0x00CE      	MOVWF      FARG_Lcd_Cmd_out_char
0x00AA	0x2065      	CALL       _Lcd_Cmd
;__Lib_Lcd.c,54 :: 		
0x00AB	0x1432      	BSF        __Lib_Lcd_cmd_status, BitPos(__Lib_Lcd_cmd_status+0)
;__Lib_Lcd.c,55 :: 		
L_end_Lcd_Chr_CP:
0x00AC	0x0008      	RETURN
; end of _Lcd_Chr_CP
_____DoICP:
;__Lib_System.c,6 :: 		
;__Lib_System.c,9 :: 		
0x00AD	0x1283      	BCF        STATUS, 5
0x00AE	0x1303      	BCF        STATUS, 6
0x00AF	0x083B      	MOVF       ___DoICPAddr+1, 0
0x00B0	0x008A      	MOVWF      PCLATH
;__Lib_System.c,10 :: 		
0x00B1	0x083A      	MOVF       ___DoICPAddr, 0
0x00B2	0x0082      	MOVWF      PCL
;__Lib_System.c,12 :: 		
L_end_____DoICP:
0x00B3	0x0008      	RETURN
; end of _____DoICP
_WordToStr:
;__Lib_Conversions.c,98 :: 		
;__Lib_Conversions.c,103 :: 		
0x00B4	0x1283      	BCF        STATUS, 5
0x00B5	0x1303      	BCF        STATUS, 6
0x00B6	0x01CC      	CLRF       WordToStr_len_L0
L_WordToStr11:
0x00B7	0x3005      	MOVLW      5
0x00B8	0x024C      	SUBWF      WordToStr_len_L0, 0
0x00B9	0x1803      	BTFSC      STATUS, 0
0x00BA	0x28C2      	GOTO       L_WordToStr12
;__Lib_Conversions.c,104 :: 		
0x00BB	0x084C      	MOVF       WordToStr_len_L0, 0
0x00BC	0x074B      	ADDWF      FARG_WordToStr_output, 0
0x00BD	0x0084      	MOVWF      FSR
0x00BE	0x3020      	MOVLW      32
0x00BF	0x0080      	MOVWF      INDF
;__Lib_Conversions.c,103 :: 		
0x00C0	0x0ACC      	INCF       WordToStr_len_L0, 1
;__Lib_Conversions.c,104 :: 		
0x00C1	0x28B7      	GOTO       L_WordToStr11
L_WordToStr12:
;__Lib_Conversions.c,105 :: 		
0x00C2	0x084C      	MOVF       WordToStr_len_L0, 0
0x00C3	0x074B      	ADDWF      FARG_WordToStr_output, 0
0x00C4	0x0084      	MOVWF      FSR
0x00C5	0x0180      	CLRF       INDF
0x00C6	0x03CC      	DECF       WordToStr_len_L0, 1
;__Lib_Conversions.c,107 :: 		
L_WordToStr14:
;__Lib_Conversions.c,108 :: 		
0x00C7	0x084C      	MOVF       WordToStr_len_L0, 0
0x00C8	0x074B      	ADDWF      FARG_WordToStr_output, 0
0x00C9	0x00CD      	MOVWF      FLOC__WordToStr
0x00CA	0x300A      	MOVLW      10
0x00CB	0x00F4      	MOVWF      R4
0x00CC	0x01F5      	CLRF       R4+1
0x00CD	0x0849      	MOVF       FARG_WordToStr_input, 0
0x00CE	0x00F0      	MOVWF      R0
0x00CF	0x084A      	MOVF       FARG_WordToStr_input+1, 0
0x00D0	0x00F1      	MOVWF      R0+1
0x00D1	0x2048      	CALL       _Div_16X16_U
0x00D2	0x0878      	MOVF       R8, 0
0x00D3	0x00F0      	MOVWF      R0
0x00D4	0x0879      	MOVF       R8+1, 0
0x00D5	0x00F1      	MOVWF      R0+1
0x00D6	0x3030      	MOVLW      48
0x00D7	0x07F0      	ADDWF      R0, 1
0x00D8	0x084D      	MOVF       FLOC__WordToStr, 0
0x00D9	0x0084      	MOVWF      FSR
0x00DA	0x0870      	MOVF       R0, 0
0x00DB	0x0080      	MOVWF      INDF
;__Lib_Conversions.c,109 :: 		
0x00DC	0x300A      	MOVLW      10
0x00DD	0x00F4      	MOVWF      R4
0x00DE	0x01F5      	CLRF       R4+1
0x00DF	0x0849      	MOVF       FARG_WordToStr_input, 0
0x00E0	0x00F0      	MOVWF      R0
0x00E1	0x084A      	MOVF       FARG_WordToStr_input+1, 0
0x00E2	0x00F1      	MOVWF      R0+1
0x00E3	0x2048      	CALL       _Div_16X16_U
0x00E4	0x0870      	MOVF       R0, 0
0x00E5	0x00C9      	MOVWF      FARG_WordToStr_input
0x00E6	0x0871      	MOVF       R0+1, 0
0x00E7	0x00CA      	MOVWF      FARG_WordToStr_input+1
;__Lib_Conversions.c,110 :: 		
0x00E8	0x3000      	MOVLW      0
0x00E9	0x0671      	XORWF      R0+1, 0
0x00EA	0x1D03      	BTFSS      STATUS, 2
0x00EB	0x28EE      	GOTO       L__WordToStr379
0x00EC	0x3000      	MOVLW      0
0x00ED	0x0670      	XORWF      R0, 0
L__WordToStr379:
0x00EE	0x1D03      	BTFSS      STATUS, 2
0x00EF	0x28F1      	GOTO       L_WordToStr16
;__Lib_Conversions.c,111 :: 		
0x00F0	0x28F3      	GOTO       L_WordToStr15
L_WordToStr16:
;__Lib_Conversions.c,112 :: 		
0x00F1	0x03CC      	DECF       WordToStr_len_L0, 1
;__Lib_Conversions.c,113 :: 		
0x00F2	0x28C7      	GOTO       L_WordToStr14
L_WordToStr15:
;__Lib_Conversions.c,114 :: 		
L_end_WordToStr:
0x00F3	0x0008      	RETURN
; end of _WordToStr
_IntToStr:
;__Lib_Conversions.c,195 :: 		
;__Lib_Conversions.c,201 :: 		
0x00F4	0x1283      	BCF        STATUS, 5
0x00F5	0x1303      	BCF        STATUS, 6
0x00F6	0x01C5      	CLRF       IntToStr_negative_L0
0x00F7	0x01C6      	CLRF       IntToStr_negative_L0+1
;__Lib_Conversions.c,202 :: 		
0x00F8	0x0840      	MOVF       FARG_IntToStr_input, 0
0x00F9	0x00C7      	MOVWF      IntToStr_inword_L0
0x00FA	0x0841      	MOVF       FARG_IntToStr_input+1, 0
0x00FB	0x00C8      	MOVWF      IntToStr_inword_L0+1
;__Lib_Conversions.c,203 :: 		
0x00FC	0x3080      	MOVLW      128
0x00FD	0x0641      	XORWF      FARG_IntToStr_input+1, 0
0x00FE	0x00F0      	MOVWF      R0
0x00FF	0x3080      	MOVLW      128
0x0100	0x0270      	SUBWF      R0, 0
0x0101	0x1D03      	BTFSS      STATUS, 2
0x0102	0x2905      	GOTO       L__IntToStr387
0x0103	0x3000      	MOVLW      0
0x0104	0x0240      	SUBWF      FARG_IntToStr_input, 0
L__IntToStr387:
0x0105	0x1803      	BTFSC      STATUS, 0
0x0106	0x2913      	GOTO       L_IntToStr37
;__Lib_Conversions.c,204 :: 		
0x0107	0x3001      	MOVLW      1
0x0108	0x00C5      	MOVWF      IntToStr_negative_L0
0x0109	0x3000      	MOVLW      0
0x010A	0x00C6      	MOVWF      IntToStr_negative_L0+1
;__Lib_Conversions.c,205 :: 		
0x010B	0x0840      	MOVF       FARG_IntToStr_input, 0
0x010C	0x3C00      	SUBLW      0
0x010D	0x00C7      	MOVWF      IntToStr_inword_L0
0x010E	0x0841      	MOVF       FARG_IntToStr_input+1, 0
0x010F	0x1C03      	BTFSS      STATUS, 0
0x0110	0x3E01      	ADDLW      1
0x0111	0x01C8      	CLRF       IntToStr_inword_L0+1
0x0112	0x02C8      	SUBWF      IntToStr_inword_L0+1, 1
;__Lib_Conversions.c,206 :: 		
L_IntToStr37:
;__Lib_Conversions.c,207 :: 		
0x0113	0x0847      	MOVF       IntToStr_inword_L0, 0
0x0114	0x00C9      	MOVWF      FARG_WordToStr_input
0x0115	0x0848      	MOVF       IntToStr_inword_L0+1, 0
0x0116	0x00CA      	MOVWF      FARG_WordToStr_input+1
0x0117	0x0842      	MOVF       FARG_IntToStr_output, 0
0x0118	0x00CB      	MOVWF      FARG_WordToStr_output
0x0119	0x20B4      	CALL       _WordToStr
;__Lib_Conversions.c,209 :: 		
0x011A	0x3006      	MOVLW      6
0x011B	0x00C3      	MOVWF      IntToStr_i_L0
0x011C	0x3000      	MOVLW      0
0x011D	0x00C4      	MOVWF      IntToStr_i_L0+1
;__Lib_Conversions.c,210 :: 		
L_IntToStr38:
0x011E	0x0844      	MOVF       IntToStr_i_L0+1, 0
0x011F	0x3C00      	SUBLW      0
0x0120	0x1D03      	BTFSS      STATUS, 2
0x0121	0x2924      	GOTO       L__IntToStr388
0x0122	0x0843      	MOVF       IntToStr_i_L0, 0
0x0123	0x3C00      	SUBLW      0
L__IntToStr388:
0x0124	0x1803      	BTFSC      STATUS, 0
0x0125	0x293F      	GOTO       L_IntToStr39
;__Lib_Conversions.c,211 :: 		
0x0126	0x0843      	MOVF       IntToStr_i_L0, 0
0x0127	0x0742      	ADDWF      FARG_IntToStr_output, 0
0x0128	0x00F2      	MOVWF      R2
0x0129	0x3001      	MOVLW      1
0x012A	0x0243      	SUBWF      IntToStr_i_L0, 0
0x012B	0x00F0      	MOVWF      R0
0x012C	0x3000      	MOVLW      0
0x012D	0x1C03      	BTFSS      STATUS, 0
0x012E	0x3E01      	ADDLW      1
0x012F	0x0244      	SUBWF      IntToStr_i_L0+1, 0
0x0130	0x00F1      	MOVWF      R0+1
0x0131	0x0870      	MOVF       R0, 0
0x0132	0x0742      	ADDWF      FARG_IntToStr_output, 0
0x0133	0x0084      	MOVWF      FSR
0x0134	0x0800      	MOVF       INDF, 0
0x0135	0x00F0      	MOVWF      R0
0x0136	0x0872      	MOVF       R2, 0
0x0137	0x0084      	MOVWF      FSR
0x0138	0x0870      	MOVF       R0, 0
0x0139	0x0080      	MOVWF      INDF
;__Lib_Conversions.c,212 :: 		
0x013A	0x3001      	MOVLW      1
0x013B	0x02C3      	SUBWF      IntToStr_i_L0, 1
0x013C	0x1C03      	BTFSS      STATUS, 0
0x013D	0x03C4      	DECF       IntToStr_i_L0+1, 1
;__Lib_Conversions.c,213 :: 		
0x013E	0x291E      	GOTO       L_IntToStr38
L_IntToStr39:
;__Lib_Conversions.c,214 :: 		
0x013F	0x0842      	MOVF       FARG_IntToStr_output, 0
0x0140	0x0084      	MOVWF      FSR
0x0141	0x3020      	MOVLW      32
0x0142	0x0080      	MOVWF      INDF
;__Lib_Conversions.c,215 :: 		
0x0143	0x0845      	MOVF       IntToStr_negative_L0, 0
0x0144	0x0446      	IORWF      IntToStr_negative_L0+1, 0
0x0145	0x1903      	BTFSC      STATUS, 2
0x0146	0x295D      	GOTO       L_IntToStr40
;__Lib_Conversions.c,216 :: 		
0x0147	0x01C3      	CLRF       IntToStr_i_L0
0x0148	0x01C4      	CLRF       IntToStr_i_L0+1
;__Lib_Conversions.c,217 :: 		
L_IntToStr41:
0x0149	0x0843      	MOVF       IntToStr_i_L0, 0
0x014A	0x0742      	ADDWF      FARG_IntToStr_output, 0
0x014B	0x0084      	MOVWF      FSR
0x014C	0x0800      	MOVF       INDF, 0
0x014D	0x3A20      	XORLW      32
0x014E	0x1D03      	BTFSS      STATUS, 2
0x014F	0x2954      	GOTO       L_IntToStr42
0x0150	0x0AC3      	INCF       IntToStr_i_L0, 1
0x0151	0x1903      	BTFSC      STATUS, 2
0x0152	0x0AC4      	INCF       IntToStr_i_L0+1, 1
0x0153	0x2949      	GOTO       L_IntToStr41
L_IntToStr42:
;__Lib_Conversions.c,218 :: 		
0x0154	0x3001      	MOVLW      1
0x0155	0x02C3      	SUBWF      IntToStr_i_L0, 1
0x0156	0x1C03      	BTFSS      STATUS, 0
0x0157	0x03C4      	DECF       IntToStr_i_L0+1, 1
;__Lib_Conversions.c,219 :: 		
0x0158	0x0843      	MOVF       IntToStr_i_L0, 0
0x0159	0x0742      	ADDWF      FARG_IntToStr_output, 0
0x015A	0x0084      	MOVWF      FSR
0x015B	0x302D      	MOVLW      45
0x015C	0x0080      	MOVWF      INDF
L_IntToStr40:
;__Lib_Conversions.c,220 :: 		
L_end_IntToStr:
0x015D	0x0008      	RETURN
; end of _IntToStr
_Lcd_Out:
;__Lib_Lcd.c,184 :: 		
;__Lib_Lcd.c,187 :: 		
0x015E	0x2970      	GOTO       L_Lcd_Out11
;__Lib_Lcd.c,188 :: 		
L_Lcd_Out13:
0x015F	0x3080      	MOVLW      128
0x0160	0x1283      	BCF        STATUS, 5
0x0161	0x1303      	BCF        STATUS, 6
0x0162	0x00C0      	MOVWF      FARG_Lcd_Out_row
0x0163	0x2983      	GOTO       L_Lcd_Out12
;__Lib_Lcd.c,189 :: 		
L_Lcd_Out14:
0x0164	0x30C0      	MOVLW      192
0x0165	0x00C0      	MOVWF      FARG_Lcd_Out_row
0x0166	0x2983      	GOTO       L_Lcd_Out12
;__Lib_Lcd.c,190 :: 		
L_Lcd_Out15:
0x0167	0x3094      	MOVLW      148
0x0168	0x00C0      	MOVWF      FARG_Lcd_Out_row
0x0169	0x2983      	GOTO       L_Lcd_Out12
;__Lib_Lcd.c,191 :: 		
L_Lcd_Out16:
0x016A	0x30D4      	MOVLW      212
0x016B	0x00C0      	MOVWF      FARG_Lcd_Out_row
0x016C	0x2983      	GOTO       L_Lcd_Out12
;__Lib_Lcd.c,192 :: 		
L_Lcd_Out17:
0x016D	0x3080      	MOVLW      128
0x016E	0x00C0      	MOVWF      FARG_Lcd_Out_row
;__Lib_Lcd.c,193 :: 		
0x016F	0x2983      	GOTO       L_Lcd_Out12
L_Lcd_Out11:
0x0170	0x1283      	BCF        STATUS, 5
0x0171	0x1303      	BCF        STATUS, 6
0x0172	0x0840      	MOVF       FARG_Lcd_Out_row, 0
0x0173	0x3A01      	XORLW      1
0x0174	0x1903      	BTFSC      STATUS, 2
0x0175	0x295F      	GOTO       L_Lcd_Out13
0x0176	0x0840      	MOVF       FARG_Lcd_Out_row, 0
0x0177	0x3A02      	XORLW      2
0x0178	0x1903      	BTFSC      STATUS, 2
0x0179	0x2964      	GOTO       L_Lcd_Out14
0x017A	0x0840      	MOVF       FARG_Lcd_Out_row, 0
0x017B	0x3A03      	XORLW      3
0x017C	0x1903      	BTFSC      STATUS, 2
0x017D	0x2967      	GOTO       L_Lcd_Out15
0x017E	0x0840      	MOVF       FARG_Lcd_Out_row, 0
0x017F	0x3A04      	XORLW      4
0x0180	0x1903      	BTFSC      STATUS, 2
0x0181	0x296A      	GOTO       L_Lcd_Out16
0x0182	0x296D      	GOTO       L_Lcd_Out17
L_Lcd_Out12:
;__Lib_Lcd.c,194 :: 		
0x0183	0x0341      	DECF       FARG_Lcd_Out_column, 0
0x0184	0x00F0      	MOVWF      R0
0x0185	0x0840      	MOVF       FARG_Lcd_Out_row, 0
0x0186	0x07F0      	ADDWF      R0, 1
0x0187	0x0870      	MOVF       R0, 0
0x0188	0x00C0      	MOVWF      FARG_Lcd_Out_row
;__Lib_Lcd.c,196 :: 		
0x0189	0x0870      	MOVF       R0, 0
0x018A	0x00CE      	MOVWF      FARG_Lcd_Cmd_out_char
0x018B	0x2065      	CALL       _Lcd_Cmd
;__Lib_Lcd.c,197 :: 		
0x018C	0x1032      	BCF        __Lib_Lcd_cmd_status, BitPos(__Lib_Lcd_cmd_status+0)
;__Lib_Lcd.c,198 :: 		
0x018D	0x01C3      	CLRF       Lcd_Out_i_L0
;__Lib_Lcd.c,199 :: 		
L_Lcd_Out18:
0x018E	0x0843      	MOVF       Lcd_Out_i_L0, 0
0x018F	0x0742      	ADDWF      FARG_Lcd_Out_text, 0
0x0190	0x0084      	MOVWF      FSR
0x0191	0x0800      	MOVF       INDF, 0
0x0192	0x1903      	BTFSC      STATUS, 2
0x0193	0x299C      	GOTO       L_Lcd_Out19
;__Lib_Lcd.c,200 :: 		
0x0194	0x0843      	MOVF       Lcd_Out_i_L0, 0
0x0195	0x0742      	ADDWF      FARG_Lcd_Out_text, 0
0x0196	0x0084      	MOVWF      FSR
0x0197	0x0800      	MOVF       INDF, 0
0x0198	0x00C9      	MOVWF      FARG_Lcd_Chr_CP_out_char
0x0199	0x20A5      	CALL       _Lcd_Chr_CP
0x019A	0x0AC3      	INCF       Lcd_Out_i_L0, 1
0x019B	0x298E      	GOTO       L_Lcd_Out18
L_Lcd_Out19:
;__Lib_Lcd.c,201 :: 		
0x019C	0x1432      	BSF        __Lib_Lcd_cmd_status, BitPos(__Lib_Lcd_cmd_status+0)
;__Lib_Lcd.c,202 :: 		
L_end_Lcd_Out:
0x019D	0x0008      	RETURN
; end of _Lcd_Out
_trigger:
;aula050.c,121 :: 		void trigger(){
;aula050.c,122 :: 		Trig = 0x01;                          // RB2 em nível alto
0x019E	0x1283      	BCF        STATUS, 5
0x019F	0x1303      	BCF        STATUS, 6
0x01A0	0x1506      	BSF        RB2_bit, BitPos(RB2_bit+0)
;aula050.c,123 :: 		delay_us(10);                         // pulso de 10us
0x01A1	0x3003      	MOVLW      3
0x01A2	0x00FD      	MOVWF      R13
L_trigger9:
0x01A3	0x0BFD      	DECFSZ     R13, 1
0x01A4	0x29A3      	GOTO       L_trigger9
;aula050.c,124 :: 		Trig = 0x00;                          // RB2 em nível baixo
0x01A5	0x1106      	BCF        RB2_bit, BitPos(RB2_bit+0)
;aula050.c,125 :: 		}
L_end_trigger:
0x01A6	0x0008      	RETURN
; end of _trigger
_Lcd_Init:
;__Lib_Lcd.c,84 :: 		
;__Lib_Lcd.c,86 :: 		
0x01A7	0x1683      	BSF        STATUS, 5
0x01A8	0x1303      	BCF        STATUS, 6
0x01A9	0x1086      	BCF        LCD_EN_Direction, BitPos(LCD_EN_Direction+0)
;__Lib_Lcd.c,87 :: 		
0x01AA	0x1006      	BCF        LCD_RS_Direction, BitPos(LCD_RS_Direction+0)
;__Lib_Lcd.c,88 :: 		
0x01AB	0x1206      	BCF        LCD_D4_Direction, BitPos(LCD_D4_Direction+0)
;__Lib_Lcd.c,89 :: 		
0x01AC	0x1286      	BCF        LCD_D5_Direction, BitPos(LCD_D5_Direction+0)
;__Lib_Lcd.c,90 :: 		
0x01AD	0x1306      	BCF        LCD_D6_Direction, BitPos(LCD_D6_Direction+0)
;__Lib_Lcd.c,91 :: 		
0x01AE	0x1386      	BCF        LCD_D7_Direction, BitPos(LCD_D7_Direction+0)
;__Lib_Lcd.c,93 :: 		
0x01AF	0x1283      	BCF        STATUS, 5
0x01B0	0x1086      	BCF        LCD_EN, BitPos(LCD_EN+0)
;__Lib_Lcd.c,94 :: 		
0x01B1	0x1006      	BCF        LCD_RS, BitPos(LCD_RS+0)
;__Lib_Lcd.c,95 :: 		
0x01B2	0x1386      	BCF        LCD_D7, BitPos(LCD_D7+0)
;__Lib_Lcd.c,96 :: 		
0x01B3	0x1306      	BCF        LCD_D6, BitPos(LCD_D6+0)
;__Lib_Lcd.c,97 :: 		
0x01B4	0x1286      	BCF        LCD_D5, BitPos(LCD_D5+0)
;__Lib_Lcd.c,98 :: 		
0x01B5	0x1206      	BCF        LCD_D4, BitPos(LCD_D4+0)
;__Lib_Lcd.c,100 :: 		
0x01B6	0x203D      	CALL       _Delay_5500us
;__Lib_Lcd.c,101 :: 		
0x01B7	0x203D      	CALL       _Delay_5500us
;__Lib_Lcd.c,102 :: 		
0x01B8	0x203D      	CALL       _Delay_5500us
;__Lib_Lcd.c,105 :: 		
0x01B9	0x1686      	BSF        LCD_D5, BitPos(LCD_D5+0)
;__Lib_Lcd.c,106 :: 		
0x01BA	0x1606      	BSF        LCD_D4, BitPos(LCD_D4+0)
;__Lib_Lcd.c,107 :: 		
0x01BB	0x1486      	BSF        LCD_EN, BitPos(LCD_EN+0)
;__Lib_Lcd.c,108 :: 		
0x01BC	0x2033      	CALL       _Delay_1us
;__Lib_Lcd.c,109 :: 		
0x01BD	0x1086      	BCF        LCD_EN, BitPos(LCD_EN+0)
;__Lib_Lcd.c,110 :: 		
0x01BE	0x203D      	CALL       _Delay_5500us
;__Lib_Lcd.c,112 :: 		
0x01BF	0x1486      	BSF        LCD_EN, BitPos(LCD_EN+0)
;__Lib_Lcd.c,113 :: 		
0x01C0	0x2033      	CALL       _Delay_1us
;__Lib_Lcd.c,114 :: 		
0x01C1	0x1086      	BCF        LCD_EN, BitPos(LCD_EN+0)
;__Lib_Lcd.c,115 :: 		
0x01C2	0x203D      	CALL       _Delay_5500us
;__Lib_Lcd.c,117 :: 		
0x01C3	0x1486      	BSF        LCD_EN, BitPos(LCD_EN+0)
;__Lib_Lcd.c,118 :: 		
0x01C4	0x2033      	CALL       _Delay_1us
;__Lib_Lcd.c,119 :: 		
0x01C5	0x1086      	BCF        LCD_EN, BitPos(LCD_EN+0)
;__Lib_Lcd.c,120 :: 		
0x01C6	0x203D      	CALL       _Delay_5500us
;__Lib_Lcd.c,123 :: 		
0x01C7	0x1206      	BCF        LCD_D4, BitPos(LCD_D4+0)
;__Lib_Lcd.c,124 :: 		
0x01C8	0x1486      	BSF        LCD_EN, BitPos(LCD_EN+0)
;__Lib_Lcd.c,125 :: 		
0x01C9	0x2033      	CALL       _Delay_1us
;__Lib_Lcd.c,126 :: 		
0x01CA	0x1086      	BCF        LCD_EN, BitPos(LCD_EN+0)
;__Lib_Lcd.c,127 :: 		
0x01CB	0x203D      	CALL       _Delay_5500us
;__Lib_Lcd.c,130 :: 		
0x01CC	0x1486      	BSF        LCD_EN, BitPos(LCD_EN+0)
;__Lib_Lcd.c,131 :: 		
0x01CD	0x2033      	CALL       _Delay_1us
;__Lib_Lcd.c,132 :: 		
0x01CE	0x1086      	BCF        LCD_EN, BitPos(LCD_EN+0)
;__Lib_Lcd.c,134 :: 		
0x01CF	0x1286      	BCF        LCD_D5, BitPos(LCD_D5+0)
;__Lib_Lcd.c,135 :: 		
0x01D0	0x1786      	BSF        LCD_D7, BitPos(LCD_D7+0)
;__Lib_Lcd.c,136 :: 		
0x01D1	0x1486      	BSF        LCD_EN, BitPos(LCD_EN+0)
;__Lib_Lcd.c,137 :: 		
0x01D2	0x2033      	CALL       _Delay_1us
;__Lib_Lcd.c,138 :: 		
0x01D3	0x1086      	BCF        LCD_EN, BitPos(LCD_EN+0)
;__Lib_Lcd.c,139 :: 		
0x01D4	0x203D      	CALL       _Delay_5500us
;__Lib_Lcd.c,142 :: 		
0x01D5	0x1386      	BCF        LCD_D7, BitPos(LCD_D7+0)
;__Lib_Lcd.c,143 :: 		
0x01D6	0x1606      	BSF        LCD_D4, BitPos(LCD_D4+0)
;__Lib_Lcd.c,144 :: 		
0x01D7	0x1486      	BSF        LCD_EN, BitPos(LCD_EN+0)
;__Lib_Lcd.c,145 :: 		
0x01D8	0x2033      	CALL       _Delay_1us
;__Lib_Lcd.c,146 :: 		
0x01D9	0x1086      	BCF        LCD_EN, BitPos(LCD_EN+0)
;__Lib_Lcd.c,148 :: 		
0x01DA	0x1206      	BCF        LCD_D4, BitPos(LCD_D4+0)
;__Lib_Lcd.c,149 :: 		
0x01DB	0x1486      	BSF        LCD_EN, BitPos(LCD_EN+0)
;__Lib_Lcd.c,150 :: 		
0x01DC	0x2033      	CALL       _Delay_1us
;__Lib_Lcd.c,151 :: 		
0x01DD	0x1086      	BCF        LCD_EN, BitPos(LCD_EN+0)
;__Lib_Lcd.c,152 :: 		
0x01DE	0x203D      	CALL       _Delay_5500us
;__Lib_Lcd.c,155 :: 		
0x01DF	0x1486      	BSF        LCD_EN, BitPos(LCD_EN+0)
;__Lib_Lcd.c,156 :: 		
0x01E0	0x2033      	CALL       _Delay_1us
;__Lib_Lcd.c,157 :: 		
0x01E1	0x1086      	BCF        LCD_EN, BitPos(LCD_EN+0)
;__Lib_Lcd.c,159 :: 		
0x01E2	0x1606      	BSF        LCD_D4, BitPos(LCD_D4+0)
;__Lib_Lcd.c,160 :: 		
0x01E3	0x1486      	BSF        LCD_EN, BitPos(LCD_EN+0)
;__Lib_Lcd.c,161 :: 		
0x01E4	0x2033      	CALL       _Delay_1us
;__Lib_Lcd.c,162 :: 		
0x01E5	0x1086      	BCF        LCD_EN, BitPos(LCD_EN+0)
;__Lib_Lcd.c,163 :: 		
0x01E6	0x203D      	CALL       _Delay_5500us
;__Lib_Lcd.c,166 :: 		
0x01E7	0x1206      	BCF        LCD_D4, BitPos(LCD_D4+0)
;__Lib_Lcd.c,167 :: 		
0x01E8	0x1486      	BSF        LCD_EN, BitPos(LCD_EN+0)
;__Lib_Lcd.c,168 :: 		
0x01E9	0x2033      	CALL       _Delay_1us
;__Lib_Lcd.c,169 :: 		
0x01EA	0x1086      	BCF        LCD_EN, BitPos(LCD_EN+0)
;__Lib_Lcd.c,171 :: 		
0x01EB	0x1786      	BSF        LCD_D7, BitPos(LCD_D7+0)
;__Lib_Lcd.c,172 :: 		
0x01EC	0x1706      	BSF        LCD_D6, BitPos(LCD_D6+0)
;__Lib_Lcd.c,173 :: 		
0x01ED	0x1686      	BSF        LCD_D5, BitPos(LCD_D5+0)
;__Lib_Lcd.c,174 :: 		
0x01EE	0x1606      	BSF        LCD_D4, BitPos(LCD_D4+0)
;__Lib_Lcd.c,175 :: 		
0x01EF	0x1486      	BSF        LCD_EN, BitPos(LCD_EN+0)
;__Lib_Lcd.c,176 :: 		
0x01F0	0x2033      	CALL       _Delay_1us
;__Lib_Lcd.c,177 :: 		
0x01F1	0x1086      	BCF        LCD_EN, BitPos(LCD_EN+0)
;__Lib_Lcd.c,179 :: 		
0x01F2	0x203D      	CALL       _Delay_5500us
;__Lib_Lcd.c,181 :: 		
0x01F3	0x1432      	BSF        __Lib_Lcd_cmd_status, BitPos(__Lib_Lcd_cmd_status+0)
;__Lib_Lcd.c,182 :: 		
L_end_Lcd_Init:
0x01F4	0x0008      	RETURN
; end of _Lcd_Init
___CC2DW:
;__Lib_System.c,134 :: 		
;__Lib_System.c,137 :: 		
_CC2D_Loop1:
;__Lib_System.c,139 :: 		
0x01F5	0x20AD      	CALL       _____DoICP
0x01F6	0x118A      	BCF        PCLATH, 3
0x01F7	0x120A      	BCF        PCLATH, 4
;__Lib_System.c,141 :: 		
0x01F8	0x0080      	MOVWF      INDF
;__Lib_System.c,142 :: 		
0x01F9	0x0A84      	INCF       FSR, 1
;__Lib_System.c,143 :: 		
0x01FA	0x0ABA      	INCF       ___DoICPAddr, 1
;__Lib_System.c,145 :: 		
0x01FB	0x1903      	BTFSC      STATUS, 2
;__Lib_System.c,146 :: 		
0x01FC	0x0ABB      	INCF       ___DoICPAddr+1, 1
;__Lib_System.c,147 :: 		
0x01FD	0x03F0      	DECF       R0, 1
;__Lib_System.c,149 :: 		
0x01FE	0x1D03      	BTFSS      STATUS, 2
;__Lib_System.c,150 :: 		
0x01FF	0x29F5      	GOTO       _CC2D_Loop1
;__Lib_System.c,152 :: 		
L_end___CC2DW:
0x0200	0x0008      	RETURN
; end of ___CC2DW
_main:
0x0201	0x3044      	MOVLW      68
0x0202	0x1283      	BCF        STATUS, 5
0x0203	0x1303      	BCF        STATUS, 6
0x0204	0x00A0      	MOVWF      ?lstr1_aula050
0x0205	0x3069      	MOVLW      105
0x0206	0x00A1      	MOVWF      33
0x0207	0x3073      	MOVLW      115
0x0208	0x00A2      	MOVWF      34
0x0209	0x3074      	MOVLW      116
0x020A	0x00A3      	MOVWF      35
0x020B	0x3061      	MOVLW      97
0x020C	0x00A4      	MOVWF      36
0x020D	0x306E      	MOVLW      110
0x020E	0x00A5      	MOVWF      37
0x020F	0x3063      	MOVLW      99
0x0210	0x00A6      	MOVWF      38
0x0211	0x3069      	MOVLW      105
0x0212	0x00A7      	MOVWF      39
0x0213	0x3061      	MOVLW      97
0x0214	0x00A8      	MOVWF      40
0x0215	0x303A      	MOVLW      58
0x0216	0x00A9      	MOVWF      41
0x0217	0x01AA      	CLRF       42
0x0218	0x3063      	MOVLW      99
0x0219	0x00AB      	MOVWF      ?lstr2_aula050
0x021A	0x306D      	MOVLW      109
0x021B	0x00AC      	MOVWF      44
0x021C	0x01AD      	CLRF       45
;aula050.c,64 :: 		void main() {
;aula050.c,65 :: 		CMCON = 0X07;                // desabilita compardores internos
0x021D	0x3007      	MOVLW      7
0x021E	0x009F      	MOVWF      CMCON
;aula050.c,66 :: 		TRISA = 0XFF;                // configura o PORT A como entrada
0x021F	0x30FF      	MOVLW      255
0x0220	0x1683      	BSF        STATUS, 5
0x0221	0x0085      	MOVWF      TRISA
;aula050.c,67 :: 		TRISB = 0X08;                // configura RB3 como entrada 0b00001000
0x0222	0x3008      	MOVLW      8
0x0223	0x0086      	MOVWF      TRISB
;aula050.c,68 :: 		PORTA = 0XFF;                // inicializa o PORT A
0x0224	0x30FF      	MOVLW      255
0x0225	0x1283      	BCF        STATUS, 5
0x0226	0x0085      	MOVWF      PORTA
;aula050.c,69 :: 		PORTB = 0X00;                // inicializa o PORT B
0x0227	0x0186      	CLRF       PORTB
;aula050.c,70 :: 		INTCON = 0XC0;               // habilita interrupção global e por periféricos
0x0228	0x30C0      	MOVLW      192
0x0229	0x008B      	MOVWF      INTCON
;aula050.c,71 :: 		TMR1IE_bit = 0X00;           // desabilita interrupçãoes por TMR1
0x022A	0x1683      	BSF        STATUS, 5
0x022B	0x100C      	BCF        TMR1IE_bit, BitPos(TMR1IE_bit+0)
;aula050.c,72 :: 		CCP1IE_bit = 0X01;           // habilita interrupções no módulo CCP
0x022C	0x150C      	BSF        CCP1IE_bit, BitPos(CCP1IE_bit+0)
;aula050.c,73 :: 		CCP1CON = 0X05;              // configura captura por borda de subida
0x022D	0x3005      	MOVLW      5
0x022E	0x1283      	BCF        STATUS, 5
0x022F	0x0097      	MOVWF      CCP1CON
;aula050.c,75 :: 		T1CKPS1_bit = 0X00;          // prescaler TMR1 1:1
0x0230	0x1290      	BCF        T1CKPS1_bit, BitPos(T1CKPS1_bit+0)
;aula050.c,76 :: 		T1CKPS0_bit = 0X00;          //
0x0231	0x1210      	BCF        T1CKPS0_bit, BitPos(T1CKPS0_bit+0)
;aula050.c,77 :: 		TMR1CS_bit = 0X00;           // clock: Fosc/4
0x0232	0x1090      	BCF        TMR1CS_bit, BitPos(TMR1CS_bit+0)
;aula050.c,78 :: 		TMR1ON_bit = 0X00;           // para contagem do TIMER 1
0x0233	0x1010      	BCF        TMR1ON_bit, BitPos(TMR1ON_bit+0)
;aula050.c,80 :: 		Lcd_Init();
0x0234	0x21A7      	CALL       _Lcd_Init
;aula050.c,81 :: 		Lcd_Cmd(_LCD_CURSOR_OFF);
0x0235	0x300C      	MOVLW      12
0x0236	0x00CE      	MOVWF      FARG_Lcd_Cmd_out_char
0x0237	0x2065      	CALL       _Lcd_Cmd
;aula050.c,82 :: 		Lcd_Cmd(_LCD_CLEAR);
0x0238	0x3001      	MOVLW      1
0x0239	0x00CE      	MOVWF      FARG_Lcd_Cmd_out_char
0x023A	0x2065      	CALL       _Lcd_Cmd
;aula050.c,83 :: 		Lcd_Out(1, 1, "Distancia:");
0x023B	0x3001      	MOVLW      1
0x023C	0x00C0      	MOVWF      FARG_Lcd_Out_row
0x023D	0x3001      	MOVLW      1
0x023E	0x00C1      	MOVWF      FARG_Lcd_Out_column
0x023F	0x3020      	MOVLW      ?lstr1_aula050
0x0240	0x00C2      	MOVWF      FARG_Lcd_Out_text
0x0241	0x215E      	CALL       _Lcd_Out
;aula050.c,84 :: 		Lcd_Out(2, 14, "cm");
0x0242	0x3002      	MOVLW      2
0x0243	0x00C0      	MOVWF      FARG_Lcd_Out_row
0x0244	0x300E      	MOVLW      14
0x0245	0x00C1      	MOVWF      FARG_Lcd_Out_column
0x0246	0x302B      	MOVLW      ?lstr2_aula050
0x0247	0x00C2      	MOVWF      FARG_Lcd_Out_text
0x0248	0x215E      	CALL       _Lcd_Out
;aula050.c,85 :: 		delay_ms(100);
0x0249	0x3082      	MOVLW      130
0x024A	0x00FC      	MOVWF      R12
0x024B	0x30DD      	MOVLW      221
0x024C	0x00FD      	MOVWF      R13
L_main0:
0x024D	0x0BFD      	DECFSZ     R13, 1
0x024E	0x2A4D      	GOTO       L_main0
0x024F	0x0BFC      	DECFSZ     R12, 1
0x0250	0x2A4D      	GOTO       L_main0
0x0251	0x0000      	NOP
0x0252	0x0000      	NOP
;aula050.c,87 :: 		while(1)
L_main1:
;aula050.c,89 :: 		trigger();
0x0253	0x219E      	CALL       _trigger
;aula050.c,90 :: 		delay_ms(100);                             // taxa de atualização
0x0254	0x3082      	MOVLW      130
0x0255	0x00FC      	MOVWF      R12
0x0256	0x30DD      	MOVLW      221
0x0257	0x00FD      	MOVWF      R13
L_main3:
0x0258	0x0BFD      	DECFSZ     R13, 1
0x0259	0x2A58      	GOTO       L_main3
0x025A	0x0BFC      	DECFSZ     R12, 1
0x025B	0x2A58      	GOTO       L_main3
0x025C	0x0000      	NOP
0x025D	0x0000      	NOP
;aula050.c,91 :: 		Periodo = (Tempo_H << 8) + Tempo_L;        // calcula período em us
0x025E	0x082F      	MOVF       _Tempo_H, 0
0x025F	0x00F1      	MOVWF      R0+1
0x0260	0x01F0      	CLRF       R0
0x0261	0x082E      	MOVF       _Tempo_L, 0
0x0262	0x07F0      	ADDWF      R0, 1
0x0263	0x1803      	BTFSC      STATUS, 0
0x0264	0x0AF1      	INCF       R0+1, 1
0x0265	0x0870      	MOVF       R0, 0
0x0266	0x00BC      	MOVWF      _Periodo
0x0267	0x0871      	MOVF       R0+1, 0
0x0268	0x00BD      	MOVWF      _Periodo+1
;aula050.c,92 :: 		Distancia = Periodo / 58;                  // converte o período para cm
0x0269	0x303A      	MOVLW      58
0x026A	0x00F4      	MOVWF      R4
0x026B	0x3000      	MOVLW      0
0x026C	0x00F5      	MOVWF      R4+1
0x026D	0x2048      	CALL       _Div_16X16_U
0x026E	0x0870      	MOVF       R0, 0
0x026F	0x00B0      	MOVWF      _Distancia
0x0270	0x0871      	MOVF       R0+1, 0
0x0271	0x00B1      	MOVWF      _Distancia+1
;aula050.c,93 :: 		IntToStr(Distancia, txt);
0x0272	0x0870      	MOVF       R0, 0
0x0273	0x00C0      	MOVWF      FARG_IntToStr_input
0x0274	0x0871      	MOVF       R0+1, 0
0x0275	0x00C1      	MOVWF      FARG_IntToStr_input+1
0x0276	0x3033      	MOVLW      _txt
0x0277	0x00C2      	MOVWF      FARG_IntToStr_output
0x0278	0x20F4      	CALL       _IntToStr
;aula050.c,94 :: 		Lcd_Out(2, 8, txt);
0x0279	0x3002      	MOVLW      2
0x027A	0x00C0      	MOVWF      FARG_Lcd_Out_row
0x027B	0x3008      	MOVLW      8
0x027C	0x00C1      	MOVWF      FARG_Lcd_Out_column
0x027D	0x3033      	MOVLW      _txt
0x027E	0x00C2      	MOVWF      FARG_Lcd_Out_text
0x027F	0x215E      	CALL       _Lcd_Out
;aula050.c,95 :: 		}
0x0280	0x2A53      	GOTO       L_main1
;aula050.c,97 :: 		}
L_end_main:
0x0281	0x2A81      	GOTO       $+0
; end of _main
Symbol List:
//** Routines locations **
//ADDRESS    SIZE    PROCEDURE
//----------------------------------------------
0x0004      [47]    _interrupt
0x0033       [2]    _Delay_1us
0x0035       [8]    _Delay_50us
0x003D      [11]    _Delay_5500us
0x0048      [29]    _Div_16X16_U
0x0065      [64]    _Lcd_Cmd
0x00A5       [8]    _Lcd_Chr_CP
0x00AD       [7]    _____DoICP
0x00B4      [64]    _WordToStr
0x00F4     [106]    _IntToStr
0x015E      [64]    _Lcd_Out
0x019E       [9]    _trigger
0x01A7      [78]    _Lcd_Init
0x01F5      [12]    ___CC2DW
0x0201     [129]    _main
//** Variables locations ** 
//ADDRESS    SIZE    VARIABLE
//----------------------------------------------
0x0000       [1]    INDF
0x0002       [1]    PCL
0x0003       [1]    STATUS
0x0004       [1]    FSR
0x0005       [1]    PORTA
0x0006       [1]    PORTB
0x0006       [0]    RB4_bit
0x0006       [0]    RB5_bit
0x0006       [0]    LCD_RS
0x0006       [0]    RB0_bit
0x0006       [0]    RB1_bit
0x0006       [0]    RB2_bit
0x0006       [0]    LCD_EN
0x0006       [0]    LCD_D4
0x0006       [0]    RB6_bit
0x0006       [0]    RB7_bit
0x0006       [0]    LCD_D7
0x0006       [0]    LCD_D6
0x0006       [0]    LCD_D5
0x000A       [1]    PCLATH
0x000B       [1]    INTCON
0x000C       [0]    CCP1IF_bit
0x000E       [1]    TMR1L
0x000F       [1]    TMR1H
0x0010       [0]    T1CKPS0_bit
0x0010       [0]    T1CKPS1_bit
0x0010       [0]    TMR1ON_bit
0x0010       [0]    TMR1CS_bit
0x0015       [1]    CCPR1L
0x0016       [1]    CCPR1H
0x0017       [1]    CCP1CON
0x001F       [1]    CMCON
0x0020      [11]    ?lstr1_aula050
0x002B       [3]    ?lstr2_aula050
0x002E       [1]    _Tempo_L
0x002F       [1]    _Tempo_H
0x0030       [2]    _Distancia
0x0032       [0]    __Lib_Lcd_cmd_status
0x0033       [7]    _txt
0x003A       [2]    ___DoICPAddr
0x003C       [2]    _Periodo
0x003E       [1]    ___saveSTATUS
0x003F       [1]    ___savePCLATH
0x0040       [2]    FARG_IntToStr_input
0x0040       [1]    FARG_Lcd_Out_row
0x0041       [1]    FARG_Lcd_Out_column
0x0042       [1]    FARG_IntToStr_output
0x0042       [1]    FARG_Lcd_Out_text
0x0043       [2]    IntToStr_i_L0
0x0043       [1]    Lcd_Out_i_L0
0x0045       [2]    IntToStr_negative_L0
0x0047       [2]    IntToStr_inword_L0
0x0049       [2]    FARG_WordToStr_input
0x0049       [1]    FARG_Lcd_Chr_CP_out_char
0x004B       [1]    FARG_WordToStr_output
0x004C       [1]    WordToStr_len_L0
0x004D       [1]    FLOC__WordToStr
0x004E       [1]    FARG_Lcd_Cmd_out_char
0x0070       [1]    R0
0x0071       [1]    R1
0x0072       [1]    R2
0x0073       [1]    R3
0x0074       [1]    R4
0x0075       [1]    R5
0x0076       [1]    R6
0x0077       [1]    R7
0x0078       [1]    R8
0x0079       [1]    R9
0x007A       [1]    R10
0x007B       [1]    R11
0x007C       [1]    R12
0x007D       [1]    R13
0x007E       [1]    R14
0x007F       [1]    R15
0x0085       [1]    TRISA
0x0086       [0]    LCD_D6_Direction
0x0086       [0]    LCD_D7_Direction
0x0086       [0]    LCD_D5_Direction
0x0086       [0]    LCD_EN_Direction
0x0086       [0]    TRISB1_bit
0x0086       [0]    LCD_RS_Direction
0x0086       [0]    TRISB0_bit
0x0086       [0]    TRISB5_bit
0x0086       [0]    TRISB6_bit
0x0086       [0]    TRISB7_bit
0x0086       [0]    LCD_D4_Direction
0x0086       [0]    TRISB4_bit
0x0086       [1]    TRISB
0x008C       [0]    TMR1IE_bit
0x008C       [0]    CCP1IE_bit
