;  LST file generated by mikroListExporter - v.2.0 
; Date/Time: 23/01/2023 09:53:39
;----------------------------------------------

;Address Opcode 	ASM
0x0000	0x29A1      	GOTO       417
_Delay_1us:
;__Lib_Delays.c,7 :: 		void Delay_1us() {
;__Lib_Delays.c,8 :: 		Delay_us(1);
0x0003	0x0000      	NOP
0x0004	0x0000      	NOP
;__Lib_Delays.c,9 :: 		}
L_end_Delay_1us:
0x0005	0x0008      	RETURN
; end of _Delay_1us
_Delay_50us:
;__Lib_Delays.c,19 :: 		void Delay_50us() {
;__Lib_Delays.c,20 :: 		Delay_us(50);
0x0006	0x3021      	MOVLW      33
0x0007	0x1283      	BCF        STATUS, 5
0x0008	0x1303      	BCF        STATUS, 6
0x0009	0x00FD      	MOVWF      R13
L_Delay_50us2:
0x000A	0x0BFD      	DECFSZ     R13, 1
0x000B	0x280A      	GOTO       L_Delay_50us2
;__Lib_Delays.c,21 :: 		}
L_end_Delay_50us:
0x000C	0x0008      	RETURN
; end of _Delay_50us
_Delay_5500us:
;__Lib_Delays.c,31 :: 		void Delay_5500us() {
;__Lib_Delays.c,32 :: 		Delay_us(5500);
0x000D	0x300F      	MOVLW      15
0x000E	0x1283      	BCF        STATUS, 5
0x000F	0x1303      	BCF        STATUS, 6
0x0010	0x00FC      	MOVWF      R12
0x0011	0x3047      	MOVLW      71
0x0012	0x00FD      	MOVWF      R13
L_Delay_5500us5:
0x0013	0x0BFD      	DECFSZ     R13, 1
0x0014	0x2813      	GOTO       L_Delay_5500us5
0x0015	0x0BFC      	DECFSZ     R12, 1
0x0016	0x2813      	GOTO       L_Delay_5500us5
0x0017	0x0000      	NOP
0x0018	0x0000      	NOP
;__Lib_Delays.c,33 :: 		}
L_end_Delay_5500us:
0x0019	0x0008      	RETURN
; end of _Delay_5500us
_Lcd_Cmd:
;__Lib_Lcd.c,18 :: 		
;__Lib_Lcd.c,20 :: 		
0x001A	0x1283      	BCF        STATUS, 5
0x001B	0x1303      	BCF        STATUS, 6
0x001C	0x1BDB      	BTFSC      FARG_Lcd_Cmd_out_char, 7
0x001D	0x2820      	GOTO       L__Lcd_Cmd21
0x001E	0x1388      	BCF        LCD_D7, BitPos(LCD_D7+0)
0x001F	0x2821      	GOTO       L__Lcd_Cmd22
L__Lcd_Cmd21:
0x0020	0x1788      	BSF        LCD_D7, BitPos(LCD_D7+0)
L__Lcd_Cmd22:
;__Lib_Lcd.c,21 :: 		
0x0021	0x1B5B      	BTFSC      FARG_Lcd_Cmd_out_char, 6
0x0022	0x2825      	GOTO       L__Lcd_Cmd23
0x0023	0x1308      	BCF        LCD_D6, BitPos(LCD_D6+0)
0x0024	0x2826      	GOTO       L__Lcd_Cmd24
L__Lcd_Cmd23:
0x0025	0x1708      	BSF        LCD_D6, BitPos(LCD_D6+0)
L__Lcd_Cmd24:
;__Lib_Lcd.c,22 :: 		
0x0026	0x1ADB      	BTFSC      FARG_Lcd_Cmd_out_char, 5
0x0027	0x282A      	GOTO       L__Lcd_Cmd25
0x0028	0x1288      	BCF        LCD_D5, BitPos(LCD_D5+0)
0x0029	0x282B      	GOTO       L__Lcd_Cmd26
L__Lcd_Cmd25:
0x002A	0x1688      	BSF        LCD_D5, BitPos(LCD_D5+0)
L__Lcd_Cmd26:
;__Lib_Lcd.c,23 :: 		
0x002B	0x1A5B      	BTFSC      FARG_Lcd_Cmd_out_char, 4
0x002C	0x282F      	GOTO       L__Lcd_Cmd27
0x002D	0x1208      	BCF        LCD_D4, BitPos(LCD_D4+0)
0x002E	0x2830      	GOTO       L__Lcd_Cmd28
L__Lcd_Cmd27:
0x002F	0x1608      	BSF        LCD_D4, BitPos(LCD_D4+0)
L__Lcd_Cmd28:
;__Lib_Lcd.c,25 :: 		
0x0030	0x184D      	BTFSC      __Lib_Lcd_cmd_status, BitPos(__Lib_Lcd_cmd_status+0)
0x0031	0x2834      	GOTO       L__Lcd_Cmd29
0x0032	0x1508      	BSF        LCD_RS, BitPos(LCD_RS+0)
0x0033	0x2835      	GOTO       L__Lcd_Cmd30
L__Lcd_Cmd29:
0x0034	0x1108      	BCF        LCD_RS, BitPos(LCD_RS+0)
L__Lcd_Cmd30:
;__Lib_Lcd.c,28 :: 		
0x0035	0x1588      	BSF        LCD_EN, BitPos(LCD_EN+0)
;__Lib_Lcd.c,29 :: 		
0x0036	0x2003      	CALL       _Delay_1us
;__Lib_Lcd.c,30 :: 		
0x0037	0x1188      	BCF        LCD_EN, BitPos(LCD_EN+0)
;__Lib_Lcd.c,33 :: 		
0x0038	0x19DB      	BTFSC      FARG_Lcd_Cmd_out_char, 3
0x0039	0x283C      	GOTO       L__Lcd_Cmd31
0x003A	0x1388      	BCF        LCD_D7, BitPos(LCD_D7+0)
0x003B	0x283D      	GOTO       L__Lcd_Cmd32
L__Lcd_Cmd31:
0x003C	0x1788      	BSF        LCD_D7, BitPos(LCD_D7+0)
L__Lcd_Cmd32:
;__Lib_Lcd.c,34 :: 		
0x003D	0x195B      	BTFSC      FARG_Lcd_Cmd_out_char, 2
0x003E	0x2841      	GOTO       L__Lcd_Cmd33
0x003F	0x1308      	BCF        LCD_D6, BitPos(LCD_D6+0)
0x0040	0x2842      	GOTO       L__Lcd_Cmd34
L__Lcd_Cmd33:
0x0041	0x1708      	BSF        LCD_D6, BitPos(LCD_D6+0)
L__Lcd_Cmd34:
;__Lib_Lcd.c,35 :: 		
0x0042	0x18DB      	BTFSC      FARG_Lcd_Cmd_out_char, 1
0x0043	0x2846      	GOTO       L__Lcd_Cmd35
0x0044	0x1288      	BCF        LCD_D5, BitPos(LCD_D5+0)
0x0045	0x2847      	GOTO       L__Lcd_Cmd36
L__Lcd_Cmd35:
0x0046	0x1688      	BSF        LCD_D5, BitPos(LCD_D5+0)
L__Lcd_Cmd36:
;__Lib_Lcd.c,36 :: 		
0x0047	0x185B      	BTFSC      FARG_Lcd_Cmd_out_char, 0
0x0048	0x284B      	GOTO       L__Lcd_Cmd37
0x0049	0x1208      	BCF        LCD_D4, BitPos(LCD_D4+0)
0x004A	0x284C      	GOTO       L__Lcd_Cmd38
L__Lcd_Cmd37:
0x004B	0x1608      	BSF        LCD_D4, BitPos(LCD_D4+0)
L__Lcd_Cmd38:
;__Lib_Lcd.c,38 :: 		
0x004C	0x184D      	BTFSC      __Lib_Lcd_cmd_status, BitPos(__Lib_Lcd_cmd_status+0)
0x004D	0x2850      	GOTO       L__Lcd_Cmd39
0x004E	0x1508      	BSF        LCD_RS, BitPos(LCD_RS+0)
0x004F	0x2851      	GOTO       L__Lcd_Cmd40
L__Lcd_Cmd39:
0x0050	0x1108      	BCF        LCD_RS, BitPos(LCD_RS+0)
L__Lcd_Cmd40:
;__Lib_Lcd.c,40 :: 		
0x0051	0x1588      	BSF        LCD_EN, BitPos(LCD_EN+0)
;__Lib_Lcd.c,41 :: 		
0x0052	0x2003      	CALL       _Delay_1us
;__Lib_Lcd.c,42 :: 		
0x0053	0x1188      	BCF        LCD_EN, BitPos(LCD_EN+0)
;__Lib_Lcd.c,44 :: 		
0x0054	0x1C4D      	BTFSS      __Lib_Lcd_cmd_status, BitPos(__Lib_Lcd_cmd_status+0)
0x0055	0x2858      	GOTO       L_Lcd_Cmd0
;__Lib_Lcd.c,45 :: 		
0x0056	0x200D      	CALL       _Delay_5500us
0x0057	0x2859      	GOTO       L_Lcd_Cmd1
L_Lcd_Cmd0:
;__Lib_Lcd.c,47 :: 		
0x0058	0x2006      	CALL       _Delay_50us
L_Lcd_Cmd1:
;__Lib_Lcd.c,48 :: 		
L_end_Lcd_Cmd:
0x0059	0x0008      	RETURN
; end of _Lcd_Cmd
_Lcd_Chr_CP:
;__Lib_Lcd.c,50 :: 		
;__Lib_Lcd.c,52 :: 		
0x005A	0x1283      	BCF        STATUS, 5
0x005B	0x1303      	BCF        STATUS, 6
0x005C	0x104D      	BCF        __Lib_Lcd_cmd_status, BitPos(__Lib_Lcd_cmd_status+0)
;__Lib_Lcd.c,53 :: 		
0x005D	0x085A      	MOVF       FARG_Lcd_Chr_CP_out_char, 0
0x005E	0x00DB      	MOVWF      FARG_Lcd_Cmd_out_char
0x005F	0x201A      	CALL       _Lcd_Cmd
;__Lib_Lcd.c,54 :: 		
0x0060	0x144D      	BSF        __Lib_Lcd_cmd_status, BitPos(__Lib_Lcd_cmd_status+0)
;__Lib_Lcd.c,55 :: 		
L_end_Lcd_Chr_CP:
0x0061	0x0008      	RETURN
; end of _Lcd_Chr_CP
_Lcd_Out:
;__Lib_Lcd.c,184 :: 		
;__Lib_Lcd.c,187 :: 		
0x0062	0x2874      	GOTO       L_Lcd_Out11
;__Lib_Lcd.c,188 :: 		
L_Lcd_Out13:
0x0063	0x3080      	MOVLW      128
0x0064	0x1283      	BCF        STATUS, 5
0x0065	0x1303      	BCF        STATUS, 6
0x0066	0x00D6      	MOVWF      FARG_Lcd_Out_row
0x0067	0x2887      	GOTO       L_Lcd_Out12
;__Lib_Lcd.c,189 :: 		
L_Lcd_Out14:
0x0068	0x30C0      	MOVLW      192
0x0069	0x00D6      	MOVWF      FARG_Lcd_Out_row
0x006A	0x2887      	GOTO       L_Lcd_Out12
;__Lib_Lcd.c,190 :: 		
L_Lcd_Out15:
0x006B	0x3094      	MOVLW      148
0x006C	0x00D6      	MOVWF      FARG_Lcd_Out_row
0x006D	0x2887      	GOTO       L_Lcd_Out12
;__Lib_Lcd.c,191 :: 		
L_Lcd_Out16:
0x006E	0x30D4      	MOVLW      212
0x006F	0x00D6      	MOVWF      FARG_Lcd_Out_row
0x0070	0x2887      	GOTO       L_Lcd_Out12
;__Lib_Lcd.c,192 :: 		
L_Lcd_Out17:
0x0071	0x3080      	MOVLW      128
0x0072	0x00D6      	MOVWF      FARG_Lcd_Out_row
;__Lib_Lcd.c,193 :: 		
0x0073	0x2887      	GOTO       L_Lcd_Out12
L_Lcd_Out11:
0x0074	0x1283      	BCF        STATUS, 5
0x0075	0x1303      	BCF        STATUS, 6
0x0076	0x0856      	MOVF       FARG_Lcd_Out_row, 0
0x0077	0x3A01      	XORLW      1
0x0078	0x1903      	BTFSC      STATUS, 2
0x0079	0x2863      	GOTO       L_Lcd_Out13
0x007A	0x0856      	MOVF       FARG_Lcd_Out_row, 0
0x007B	0x3A02      	XORLW      2
0x007C	0x1903      	BTFSC      STATUS, 2
0x007D	0x2868      	GOTO       L_Lcd_Out14
0x007E	0x0856      	MOVF       FARG_Lcd_Out_row, 0
0x007F	0x3A03      	XORLW      3
0x0080	0x1903      	BTFSC      STATUS, 2
0x0081	0x286B      	GOTO       L_Lcd_Out15
0x0082	0x0856      	MOVF       FARG_Lcd_Out_row, 0
0x0083	0x3A04      	XORLW      4
0x0084	0x1903      	BTFSC      STATUS, 2
0x0085	0x286E      	GOTO       L_Lcd_Out16
0x0086	0x2871      	GOTO       L_Lcd_Out17
L_Lcd_Out12:
;__Lib_Lcd.c,194 :: 		
0x0087	0x0357      	DECF       FARG_Lcd_Out_column, 0
0x0088	0x00F0      	MOVWF      R0
0x0089	0x0856      	MOVF       FARG_Lcd_Out_row, 0
0x008A	0x07F0      	ADDWF      R0, 1
0x008B	0x0870      	MOVF       R0, 0
0x008C	0x00D6      	MOVWF      FARG_Lcd_Out_row
;__Lib_Lcd.c,196 :: 		
0x008D	0x0870      	MOVF       R0, 0
0x008E	0x00DB      	MOVWF      FARG_Lcd_Cmd_out_char
0x008F	0x201A      	CALL       _Lcd_Cmd
;__Lib_Lcd.c,197 :: 		
0x0090	0x104D      	BCF        __Lib_Lcd_cmd_status, BitPos(__Lib_Lcd_cmd_status+0)
;__Lib_Lcd.c,198 :: 		
0x0091	0x01D9      	CLRF       Lcd_Out_i_L0
;__Lib_Lcd.c,199 :: 		
L_Lcd_Out18:
0x0092	0x0859      	MOVF       Lcd_Out_i_L0, 0
0x0093	0x0758      	ADDWF      FARG_Lcd_Out_text, 0
0x0094	0x0084      	MOVWF      FSR
0x0095	0x0800      	MOVF       INDF, 0
0x0096	0x1903      	BTFSC      STATUS, 2
0x0097	0x28A0      	GOTO       L_Lcd_Out19
;__Lib_Lcd.c,200 :: 		
0x0098	0x0859      	MOVF       Lcd_Out_i_L0, 0
0x0099	0x0758      	ADDWF      FARG_Lcd_Out_text, 0
0x009A	0x0084      	MOVWF      FSR
0x009B	0x0800      	MOVF       INDF, 0
0x009C	0x00DA      	MOVWF      FARG_Lcd_Chr_CP_out_char
0x009D	0x205A      	CALL       _Lcd_Chr_CP
0x009E	0x0AD9      	INCF       Lcd_Out_i_L0, 1
0x009F	0x2892      	GOTO       L_Lcd_Out18
L_Lcd_Out19:
;__Lib_Lcd.c,201 :: 		
0x00A0	0x144D      	BSF        __Lib_Lcd_cmd_status, BitPos(__Lib_Lcd_cmd_status+0)
;__Lib_Lcd.c,202 :: 		
L_end_Lcd_Out:
0x00A1	0x0008      	RETURN
; end of _Lcd_Out
_____DoICP:
;__Lib_System.c,6 :: 		
;__Lib_System.c,9 :: 		
0x00A2	0x1283      	BCF        STATUS, 5
0x00A3	0x1303      	BCF        STATUS, 6
0x00A4	0x084F      	MOVF       ___DoICPAddr+1, 0
0x00A5	0x008A      	MOVWF      PCLATH
;__Lib_System.c,10 :: 		
0x00A6	0x084E      	MOVF       ___DoICPAddr, 0
0x00A7	0x0082      	MOVWF      PCL
;__Lib_System.c,12 :: 		
L_end_____DoICP:
0x00A8	0x0008      	RETURN
; end of _____DoICP
_Div_8X8_U:
;__Lib_Math.c,189 :: 		
;__Lib_Math.c,196 :: 		
0x00A9	0x1283      	BCF        STATUS, 5
;__Lib_Math.c,197 :: 		
0x00AA	0x1303      	BCF        STATUS, 6
;__Lib_Math.c,198 :: 		
0x00AB	0x01F8      	CLRF       R8
;__Lib_Math.c,199 :: 		
0x00AC	0x3008      	MOVLW      8
;__Lib_Math.c,200 :: 		
0x00AD	0x00FC      	MOVWF      R12
;__Lib_Math.c,201 :: 		
0x00AE	0x0D70      	RLF        R0, 0
;__Lib_Math.c,202 :: 		
0x00AF	0x0DF8      	RLF        R8, 1
;__Lib_Math.c,203 :: 		
0x00B0	0x0874      	MOVF       R4, 0
;__Lib_Math.c,204 :: 		
0x00B1	0x02F8      	SUBWF      R8, 1
;__Lib_Math.c,205 :: 		
0x00B2	0x1803      	BTFSC      STATUS, 0
;__Lib_Math.c,206 :: 		
0x00B3	0x28B6      	GOTO       $+3
;__Lib_Math.c,207 :: 		
0x00B4	0x07F8      	ADDWF      R8, 1
;__Lib_Math.c,208 :: 		
0x00B5	0x1003      	BCF        STATUS, 0
;__Lib_Math.c,209 :: 		
0x00B6	0x0DF0      	RLF        R0, 1
;__Lib_Math.c,210 :: 		
0x00B7	0x0BFC      	DECFSZ     R12, 1
;__Lib_Math.c,211 :: 		
0x00B8	0x28AE      	GOTO       $-10
;__Lib_Math.c,213 :: 		
L_end_Div_8X8_U:
0x00B9	0x0008      	RETURN
; end of _Div_8X8_U
_Delay_500us:
;__Lib_Delays.c,27 :: 		void Delay_500us() {
;__Lib_Delays.c,28 :: 		Delay_us(498);
0x00BA	0x3002      	MOVLW      2
0x00BB	0x1283      	BCF        STATUS, 5
0x00BC	0x1303      	BCF        STATUS, 6
0x00BD	0x00FC      	MOVWF      R12
0x00BE	0x3049      	MOVLW      73
0x00BF	0x00FD      	MOVWF      R13
L_Delay_500us4:
0x00C0	0x0BFD      	DECFSZ     R13, 1
0x00C1	0x28C0      	GOTO       L_Delay_500us4
0x00C2	0x0BFC      	DECFSZ     R12, 1
0x00C3	0x28C0      	GOTO       L_Delay_500us4
0x00C4	0x0000      	NOP
0x00C5	0x0000      	NOP
;__Lib_Delays.c,29 :: 		}
L_end_Delay_500us:
0x00C6	0x0008      	RETURN
; end of _Delay_500us
_ByteToStrWithZeros:
;__Lib_Conversions.c,84 :: 		
;__Lib_Conversions.c,87 :: 		
0x00C7	0x1283      	BCF        STATUS, 5
0x00C8	0x1303      	BCF        STATUS, 6
0x00C9	0x01D2      	CLRF       ByteToStrWithZeros_len_L0
L_ByteToStrWithZeros6:
0x00CA	0x3003      	MOVLW      3
0x00CB	0x0252      	SUBWF      ByteToStrWithZeros_len_L0, 0
0x00CC	0x1803      	BTFSC      STATUS, 0
0x00CD	0x28D5      	GOTO       L_ByteToStrWithZeros7
;__Lib_Conversions.c,88 :: 		
0x00CE	0x0852      	MOVF       ByteToStrWithZeros_len_L0, 0
0x00CF	0x0751      	ADDWF      FARG_ByteToStrWithZeros_output, 0
0x00D0	0x0084      	MOVWF      FSR
0x00D1	0x3030      	MOVLW      48
0x00D2	0x0080      	MOVWF      INDF
;__Lib_Conversions.c,87 :: 		
0x00D3	0x0AD2      	INCF       ByteToStrWithZeros_len_L0, 1
;__Lib_Conversions.c,88 :: 		
0x00D4	0x28CA      	GOTO       L_ByteToStrWithZeros6
L_ByteToStrWithZeros7:
;__Lib_Conversions.c,89 :: 		
0x00D5	0x0852      	MOVF       ByteToStrWithZeros_len_L0, 0
0x00D6	0x0751      	ADDWF      FARG_ByteToStrWithZeros_output, 0
0x00D7	0x0084      	MOVWF      FSR
0x00D8	0x0180      	CLRF       INDF
0x00D9	0x03D2      	DECF       ByteToStrWithZeros_len_L0, 1
;__Lib_Conversions.c,91 :: 		
L_ByteToStrWithZeros9:
0x00DA	0x0850      	MOVF       FARG_ByteToStrWithZeros_input, 0
0x00DB	0x3A00      	XORLW      0
0x00DC	0x1903      	BTFSC      STATUS, 2
0x00DD	0x28F7      	GOTO       L_ByteToStrWithZeros10
;__Lib_Conversions.c,92 :: 		
0x00DE	0x0852      	MOVF       ByteToStrWithZeros_len_L0, 0
0x00DF	0x0751      	ADDWF      FARG_ByteToStrWithZeros_output, 0
0x00E0	0x00D3      	MOVWF      FLOC__ByteToStrWithZeros
0x00E1	0x300A      	MOVLW      10
0x00E2	0x00F4      	MOVWF      R4
0x00E3	0x0850      	MOVF       FARG_ByteToStrWithZeros_input, 0
0x00E4	0x00F0      	MOVWF      R0
0x00E5	0x20A9      	CALL       _Div_8X8_U
0x00E6	0x0878      	MOVF       R8, 0
0x00E7	0x00F0      	MOVWF      R0
0x00E8	0x3030      	MOVLW      48
0x00E9	0x07F0      	ADDWF      R0, 1
0x00EA	0x0853      	MOVF       FLOC__ByteToStrWithZeros, 0
0x00EB	0x0084      	MOVWF      FSR
0x00EC	0x0870      	MOVF       R0, 0
0x00ED	0x0080      	MOVWF      INDF
0x00EE	0x03D2      	DECF       ByteToStrWithZeros_len_L0, 1
;__Lib_Conversions.c,93 :: 		
0x00EF	0x300A      	MOVLW      10
0x00F0	0x00F4      	MOVWF      R4
0x00F1	0x0850      	MOVF       FARG_ByteToStrWithZeros_input, 0
0x00F2	0x00F0      	MOVWF      R0
0x00F3	0x20A9      	CALL       _Div_8X8_U
0x00F4	0x0870      	MOVF       R0, 0
0x00F5	0x00D0      	MOVWF      FARG_ByteToStrWithZeros_input
;__Lib_Conversions.c,94 :: 		
0x00F6	0x28DA      	GOTO       L_ByteToStrWithZeros9
L_ByteToStrWithZeros10:
;__Lib_Conversions.c,95 :: 		
L_end_ByteToStrWithZeros:
0x00F7	0x0008      	RETURN
; end of _ByteToStrWithZeros
_inverte_led:
;VSaula020.c,92 :: 		void inverte_led(){
;VSaula020.c,93 :: 		L0 = ~L0;
0x00F8	0x3001      	MOVLW      1
0x00F9	0x1283      	BCF        STATUS, 5
0x00FA	0x1303      	BCF        STATUS, 6
0x00FB	0x0688      	XORWF      RD0_bit, 1
;VSaula020.c,94 :: 		}
L_end_inverte_led:
0x00FC	0x0008      	RETURN
; end of _inverte_led
_escreve_lcd:
;VSaula020.c,96 :: 		void escreve_lcd(){
;VSaula020.c,97 :: 		Lcd_Out(1, 1, texto1);
0x00FD	0x3001      	MOVLW      1
0x00FE	0x1283      	BCF        STATUS, 5
0x00FF	0x1303      	BCF        STATUS, 6
0x0100	0x00D6      	MOVWF      FARG_Lcd_Out_row
0x0101	0x3001      	MOVLW      1
0x0102	0x00D7      	MOVWF      FARG_Lcd_Out_column
0x0103	0x3038      	MOVLW      _texto1
0x0104	0x00D8      	MOVWF      FARG_Lcd_Out_text
0x0105	0x2062      	CALL       _Lcd_Out
;VSaula020.c,98 :: 		Lcd_Out(2, 1, texto2);
0x0106	0x3002      	MOVLW      2
0x0107	0x00D6      	MOVWF      FARG_Lcd_Out_row
0x0108	0x3001      	MOVLW      1
0x0109	0x00D7      	MOVWF      FARG_Lcd_Out_column
0x010A	0x3027      	MOVLW      _texto2
0x010B	0x00D8      	MOVWF      FARG_Lcd_Out_text
0x010C	0x2062      	CALL       _Lcd_Out
;VSaula020.c,99 :: 		}
L_end_escreve_lcd:
0x010D	0x0008      	RETURN
; end of _escreve_lcd
_Lcd_Init:
;__Lib_Lcd.c,84 :: 		
;__Lib_Lcd.c,86 :: 		
0x010E	0x1683      	BSF        STATUS, 5
0x010F	0x1303      	BCF        STATUS, 6
0x0110	0x1188      	BCF        LCD_EN_Direction, BitPos(LCD_EN_Direction+0)
;__Lib_Lcd.c,87 :: 		
0x0111	0x1108      	BCF        LCD_RS_Direction, BitPos(LCD_RS_Direction+0)
;__Lib_Lcd.c,88 :: 		
0x0112	0x1208      	BCF        LCD_D4_Direction, BitPos(LCD_D4_Direction+0)
;__Lib_Lcd.c,89 :: 		
0x0113	0x1288      	BCF        LCD_D5_Direction, BitPos(LCD_D5_Direction+0)
;__Lib_Lcd.c,90 :: 		
0x0114	0x1308      	BCF        LCD_D6_Direction, BitPos(LCD_D6_Direction+0)
;__Lib_Lcd.c,91 :: 		
0x0115	0x1388      	BCF        LCD_D7_Direction, BitPos(LCD_D7_Direction+0)
;__Lib_Lcd.c,93 :: 		
0x0116	0x1283      	BCF        STATUS, 5
0x0117	0x1188      	BCF        LCD_EN, BitPos(LCD_EN+0)
;__Lib_Lcd.c,94 :: 		
0x0118	0x1108      	BCF        LCD_RS, BitPos(LCD_RS+0)
;__Lib_Lcd.c,95 :: 		
0x0119	0x1388      	BCF        LCD_D7, BitPos(LCD_D7+0)
;__Lib_Lcd.c,96 :: 		
0x011A	0x1308      	BCF        LCD_D6, BitPos(LCD_D6+0)
;__Lib_Lcd.c,97 :: 		
0x011B	0x1288      	BCF        LCD_D5, BitPos(LCD_D5+0)
;__Lib_Lcd.c,98 :: 		
0x011C	0x1208      	BCF        LCD_D4, BitPos(LCD_D4+0)
;__Lib_Lcd.c,100 :: 		
0x011D	0x200D      	CALL       _Delay_5500us
;__Lib_Lcd.c,101 :: 		
0x011E	0x200D      	CALL       _Delay_5500us
;__Lib_Lcd.c,102 :: 		
0x011F	0x200D      	CALL       _Delay_5500us
;__Lib_Lcd.c,105 :: 		
0x0120	0x1688      	BSF        LCD_D5, BitPos(LCD_D5+0)
;__Lib_Lcd.c,106 :: 		
0x0121	0x1608      	BSF        LCD_D4, BitPos(LCD_D4+0)
;__Lib_Lcd.c,107 :: 		
0x0122	0x1588      	BSF        LCD_EN, BitPos(LCD_EN+0)
;__Lib_Lcd.c,108 :: 		
0x0123	0x2003      	CALL       _Delay_1us
;__Lib_Lcd.c,109 :: 		
0x0124	0x1188      	BCF        LCD_EN, BitPos(LCD_EN+0)
;__Lib_Lcd.c,110 :: 		
0x0125	0x200D      	CALL       _Delay_5500us
;__Lib_Lcd.c,112 :: 		
0x0126	0x1588      	BSF        LCD_EN, BitPos(LCD_EN+0)
;__Lib_Lcd.c,113 :: 		
0x0127	0x2003      	CALL       _Delay_1us
;__Lib_Lcd.c,114 :: 		
0x0128	0x1188      	BCF        LCD_EN, BitPos(LCD_EN+0)
;__Lib_Lcd.c,115 :: 		
0x0129	0x200D      	CALL       _Delay_5500us
;__Lib_Lcd.c,117 :: 		
0x012A	0x1588      	BSF        LCD_EN, BitPos(LCD_EN+0)
;__Lib_Lcd.c,118 :: 		
0x012B	0x2003      	CALL       _Delay_1us
;__Lib_Lcd.c,119 :: 		
0x012C	0x1188      	BCF        LCD_EN, BitPos(LCD_EN+0)
;__Lib_Lcd.c,120 :: 		
0x012D	0x200D      	CALL       _Delay_5500us
;__Lib_Lcd.c,123 :: 		
0x012E	0x1208      	BCF        LCD_D4, BitPos(LCD_D4+0)
;__Lib_Lcd.c,124 :: 		
0x012F	0x1588      	BSF        LCD_EN, BitPos(LCD_EN+0)
;__Lib_Lcd.c,125 :: 		
0x0130	0x2003      	CALL       _Delay_1us
;__Lib_Lcd.c,126 :: 		
0x0131	0x1188      	BCF        LCD_EN, BitPos(LCD_EN+0)
;__Lib_Lcd.c,127 :: 		
0x0132	0x200D      	CALL       _Delay_5500us
;__Lib_Lcd.c,130 :: 		
0x0133	0x1588      	BSF        LCD_EN, BitPos(LCD_EN+0)
;__Lib_Lcd.c,131 :: 		
0x0134	0x2003      	CALL       _Delay_1us
;__Lib_Lcd.c,132 :: 		
0x0135	0x1188      	BCF        LCD_EN, BitPos(LCD_EN+0)
;__Lib_Lcd.c,134 :: 		
0x0136	0x1288      	BCF        LCD_D5, BitPos(LCD_D5+0)
;__Lib_Lcd.c,135 :: 		
0x0137	0x1788      	BSF        LCD_D7, BitPos(LCD_D7+0)
;__Lib_Lcd.c,136 :: 		
0x0138	0x1588      	BSF        LCD_EN, BitPos(LCD_EN+0)
;__Lib_Lcd.c,137 :: 		
0x0139	0x2003      	CALL       _Delay_1us
;__Lib_Lcd.c,138 :: 		
0x013A	0x1188      	BCF        LCD_EN, BitPos(LCD_EN+0)
;__Lib_Lcd.c,139 :: 		
0x013B	0x200D      	CALL       _Delay_5500us
;__Lib_Lcd.c,142 :: 		
0x013C	0x1388      	BCF        LCD_D7, BitPos(LCD_D7+0)
;__Lib_Lcd.c,143 :: 		
0x013D	0x1608      	BSF        LCD_D4, BitPos(LCD_D4+0)
;__Lib_Lcd.c,144 :: 		
0x013E	0x1588      	BSF        LCD_EN, BitPos(LCD_EN+0)
;__Lib_Lcd.c,145 :: 		
0x013F	0x2003      	CALL       _Delay_1us
;__Lib_Lcd.c,146 :: 		
0x0140	0x1188      	BCF        LCD_EN, BitPos(LCD_EN+0)
;__Lib_Lcd.c,148 :: 		
0x0141	0x1208      	BCF        LCD_D4, BitPos(LCD_D4+0)
;__Lib_Lcd.c,149 :: 		
0x0142	0x1588      	BSF        LCD_EN, BitPos(LCD_EN+0)
;__Lib_Lcd.c,150 :: 		
0x0143	0x2003      	CALL       _Delay_1us
;__Lib_Lcd.c,151 :: 		
0x0144	0x1188      	BCF        LCD_EN, BitPos(LCD_EN+0)
;__Lib_Lcd.c,152 :: 		
0x0145	0x200D      	CALL       _Delay_5500us
;__Lib_Lcd.c,155 :: 		
0x0146	0x1588      	BSF        LCD_EN, BitPos(LCD_EN+0)
;__Lib_Lcd.c,156 :: 		
0x0147	0x2003      	CALL       _Delay_1us
;__Lib_Lcd.c,157 :: 		
0x0148	0x1188      	BCF        LCD_EN, BitPos(LCD_EN+0)
;__Lib_Lcd.c,159 :: 		
0x0149	0x1608      	BSF        LCD_D4, BitPos(LCD_D4+0)
;__Lib_Lcd.c,160 :: 		
0x014A	0x1588      	BSF        LCD_EN, BitPos(LCD_EN+0)
;__Lib_Lcd.c,161 :: 		
0x014B	0x2003      	CALL       _Delay_1us
;__Lib_Lcd.c,162 :: 		
0x014C	0x1188      	BCF        LCD_EN, BitPos(LCD_EN+0)
;__Lib_Lcd.c,163 :: 		
0x014D	0x200D      	CALL       _Delay_5500us
;__Lib_Lcd.c,166 :: 		
0x014E	0x1208      	BCF        LCD_D4, BitPos(LCD_D4+0)
;__Lib_Lcd.c,167 :: 		
0x014F	0x1588      	BSF        LCD_EN, BitPos(LCD_EN+0)
;__Lib_Lcd.c,168 :: 		
0x0150	0x2003      	CALL       _Delay_1us
;__Lib_Lcd.c,169 :: 		
0x0151	0x1188      	BCF        LCD_EN, BitPos(LCD_EN+0)
;__Lib_Lcd.c,171 :: 		
0x0152	0x1788      	BSF        LCD_D7, BitPos(LCD_D7+0)
;__Lib_Lcd.c,172 :: 		
0x0153	0x1708      	BSF        LCD_D6, BitPos(LCD_D6+0)
;__Lib_Lcd.c,173 :: 		
0x0154	0x1688      	BSF        LCD_D5, BitPos(LCD_D5+0)
;__Lib_Lcd.c,174 :: 		
0x0155	0x1608      	BSF        LCD_D4, BitPos(LCD_D4+0)
;__Lib_Lcd.c,175 :: 		
0x0156	0x1588      	BSF        LCD_EN, BitPos(LCD_EN+0)
;__Lib_Lcd.c,176 :: 		
0x0157	0x2003      	CALL       _Delay_1us
;__Lib_Lcd.c,177 :: 		
0x0158	0x1188      	BCF        LCD_EN, BitPos(LCD_EN+0)
;__Lib_Lcd.c,179 :: 		
0x0159	0x200D      	CALL       _Delay_5500us
;__Lib_Lcd.c,181 :: 		
0x015A	0x144D      	BSF        __Lib_Lcd_cmd_status, BitPos(__Lib_Lcd_cmd_status+0)
;__Lib_Lcd.c,182 :: 		
L_end_Lcd_Init:
0x015B	0x0008      	RETURN
; end of _Lcd_Init
___CC2DW:
;__Lib_System.c,134 :: 		
;__Lib_System.c,137 :: 		
_CC2D_Loop1:
;__Lib_System.c,139 :: 		
0x015C	0x20A2      	CALL       _____DoICP
0x015D	0x118A      	BCF        PCLATH, 3
0x015E	0x120A      	BCF        PCLATH, 4
;__Lib_System.c,141 :: 		
0x015F	0x0080      	MOVWF      INDF
;__Lib_System.c,142 :: 		
0x0160	0x0A84      	INCF       FSR, 1
;__Lib_System.c,143 :: 		
0x0161	0x0ACE      	INCF       ___DoICPAddr, 1
;__Lib_System.c,145 :: 		
0x0162	0x1903      	BTFSC      STATUS, 2
;__Lib_System.c,146 :: 		
0x0163	0x0ACF      	INCF       ___DoICPAddr+1, 1
;__Lib_System.c,147 :: 		
0x0164	0x03F0      	DECF       R0, 1
;__Lib_System.c,149 :: 		
0x0165	0x1D03      	BTFSS      STATUS, 2
;__Lib_System.c,150 :: 		
0x0166	0x295C      	GOTO       _CC2D_Loop1
;__Lib_System.c,152 :: 		
L_end___CC2DW:
0x0167	0x0008      	RETURN
; end of ___CC2DW
_Button:
;__Lib_Button.c,6 :: 		
;__Lib_Button.c,8 :: 		
0x0168	0x1283      	BCF        STATUS, 5
0x0169	0x1303      	BCF        STATUS, 6
0x016A	0x01D5      	CLRF       Button_rslt_L0
;__Lib_Button.c,11 :: 		
0x016B	0x0851      	MOVF       FARG_Button_pin, 0
0x016C	0x00F1      	MOVWF      R1
0x016D	0x3001      	MOVLW      1
0x016E	0x00F0      	MOVWF      R0
0x016F	0x0871      	MOVF       R1, 0
L__Button5:
0x0170	0x1903      	BTFSC      STATUS, 2
0x0171	0x2976      	GOTO       L__Button6
0x0172	0x0DF0      	RLF        R0, 1
0x0173	0x1070      	BCF        R0, 0
0x0174	0x3EFF      	ADDLW      255
0x0175	0x2970      	GOTO       L__Button5
L__Button6:
0x0176	0x0870      	MOVF       R0, 0
0x0177	0x00D4      	MOVWF      Button_pMask_L0
;__Lib_Button.c,13 :: 		
0x0178	0x0850      	MOVF       FARG_Button_port, 0
0x0179	0x0084      	MOVWF      FSR
0x017A	0x0870      	MOVF       R0, 0
0x017B	0x0500      	ANDWF      INDF, 0
0x017C	0x00F1      	MOVWF      R1
0x017D	0x0871      	MOVF       R1, 0
0x017E	0x3001      	MOVLW      1
0x017F	0x1D03      	BTFSS      STATUS, 2
0x0180	0x3000      	MOVLW      0
0x0181	0x00F0      	MOVWF      R0
0x0182	0x0853      	MOVF       FARG_Button_active_state, 0
0x0183	0x06F0      	XORWF      R0, 1
0x0184	0x1903      	BTFSC      STATUS, 2
0x0185	0x299E      	GOTO       L_Button0
;__Lib_Button.c,15 :: 		
L_Button1:
0x0186	0x0852      	MOVF       FARG_Button_time_ms, 0
0x0187	0x3C00      	SUBLW      0
0x0188	0x1803      	BTFSC      STATUS, 0
0x0189	0x298E      	GOTO       L_Button2
;__Lib_Button.c,16 :: 		
0x018A	0x20BA      	CALL       _Delay_500us
;__Lib_Button.c,17 :: 		
0x018B	0x20BA      	CALL       _Delay_500us
;__Lib_Button.c,18 :: 		
0x018C	0x03D2      	DECF       FARG_Button_time_ms, 1
;__Lib_Button.c,19 :: 		
0x018D	0x2986      	GOTO       L_Button1
L_Button2:
;__Lib_Button.c,21 :: 		
0x018E	0x0850      	MOVF       FARG_Button_port, 0
0x018F	0x0084      	MOVWF      FSR
0x0190	0x0854      	MOVF       Button_pMask_L0, 0
0x0191	0x0500      	ANDWF      INDF, 0
0x0192	0x00F1      	MOVWF      R1
0x0193	0x0871      	MOVF       R1, 0
0x0194	0x3001      	MOVLW      1
0x0195	0x1D03      	BTFSS      STATUS, 2
0x0196	0x3000      	MOVLW      0
0x0197	0x00F0      	MOVWF      R0
0x0198	0x0853      	MOVF       FARG_Button_active_state, 0
0x0199	0x06F0      	XORWF      R0, 1
0x019A	0x1903      	BTFSC      STATUS, 2
0x019B	0x299E      	GOTO       L_Button3
;__Lib_Button.c,22 :: 		
0x019C	0x30FF      	MOVLW      255
0x019D	0x00D5      	MOVWF      Button_rslt_L0
L_Button3:
;__Lib_Button.c,23 :: 		
L_Button0:
;__Lib_Button.c,25 :: 		
0x019E	0x0855      	MOVF       Button_rslt_L0, 0
0x019F	0x00F0      	MOVWF      R0
;__Lib_Button.c,26 :: 		
L_end_Button:
0x01A0	0x0008      	RETURN
; end of _Button
_main:
0x01A1	0x2226      	CALL       550
;VSaula020.c,58 :: 		void main() {
;VSaula020.c,59 :: 		CMCON = 0x07;  // desliga os comparadores internos
0x01A2	0x3007      	MOVLW      7
0x01A3	0x1683      	BSF        STATUS, 5
0x01A4	0x1303      	BCF        STATUS, 6
0x01A5	0x009C      	MOVWF      CMCON
;VSaula020.c,60 :: 		TRISD = 0x00;  // port D configurado como saída digital
0x01A6	0x0188      	CLRF       TRISD
;VSaula020.c,61 :: 		PORTD = 0x00;  // port D inicia em nível baixo
0x01A7	0x1283      	BCF        STATUS, 5
0x01A8	0x0188      	CLRF       PORTD
;VSaula020.c,62 :: 		TRISB = 0b00000011;  // RA0 e RA1 como entrada digital B0 e B1
0x01A9	0x3003      	MOVLW      3
0x01AA	0x1683      	BSF        STATUS, 5
0x01AB	0x0086      	MOVWF      TRISB
;VSaula020.c,64 :: 		Lcd_Init();                 // inicializa o LCD
0x01AC	0x210E      	CALL       _Lcd_Init
;VSaula020.c,65 :: 		Lcd_Cmd(_LCD_CLEAR);        // limpa LCD
0x01AD	0x3001      	MOVLW      1
0x01AE	0x00DB      	MOVWF      FARG_Lcd_Cmd_out_char
0x01AF	0x201A      	CALL       _Lcd_Cmd
;VSaula020.c,66 :: 		Lcd_Cmd(_LCD_CURSOR_OFF);   // desliga o cursor
0x01B0	0x300C      	MOVLW      12
0x01B1	0x00DB      	MOVWF      FARG_Lcd_Cmd_out_char
0x01B2	0x201A      	CALL       _Lcd_Cmd
;VSaula020.c,67 :: 		Lcd_Cmd(_LCD_RETURN_HOME);  // posiciona cursor no início
0x01B3	0x3002      	MOVLW      2
0x01B4	0x00DB      	MOVWF      FARG_Lcd_Cmd_out_char
0x01B5	0x201A      	CALL       _Lcd_Cmd
;VSaula020.c,69 :: 		escreve_lcd();
0x01B6	0x20FD      	CALL       _escreve_lcd
;VSaula020.c,70 :: 		delay_ms(2000);
0x01B7	0x3015      	MOVLW      21
0x01B8	0x00FB      	MOVWF      R11
0x01B9	0x304B      	MOVLW      75
0x01BA	0x00FC      	MOVWF      R12
0x01BB	0x30BE      	MOVLW      190
0x01BC	0x00FD      	MOVWF      R13
L_main0:
0x01BD	0x0BFD      	DECFSZ     R13, 1
0x01BE	0x29BD      	GOTO       L_main0
0x01BF	0x0BFC      	DECFSZ     R12, 1
0x01C0	0x29BD      	GOTO       L_main0
0x01C1	0x0BFB      	DECFSZ     R11, 1
0x01C2	0x29BD      	GOTO       L_main0
0x01C3	0x0000      	NOP
;VSaula020.c,72 :: 		while(1){
L_main1:
;VSaula020.c,74 :: 		if(!B0 && flagB0 == 0){
0x01C4	0x3006      	MOVLW      PORTB
0x01C5	0x00D0      	MOVWF      FARG_Button_port
0x01C6	0x01D1      	CLRF       FARG_Button_pin
0x01C7	0x3032      	MOVLW      50
0x01C8	0x00D2      	MOVWF      FARG_Button_time_ms
0x01C9	0x01D3      	CLRF       FARG_Button_active_state
0x01CA	0x2168      	CALL       _Button
0x01CB	0x0870      	MOVF       R0, 0
0x01CC	0x1D03      	BTFSS      STATUS, 2
0x01CD	0x29D1      	GOTO       L_main5
0x01CE	0x18CD      	BTFSC      _flagB0, BitPos(_flagB0+0)
0x01CF	0x29D1      	GOTO       L_main5
L__main10:
;VSaula020.c,75 :: 		flagB0 = 1;
0x01D0	0x14CD      	BSF        _flagB0, BitPos(_flagB0+0)
;VSaula020.c,76 :: 		}
L_main5:
;VSaula020.c,77 :: 		if(B0 && flagB0 == 1){
0x01D1	0x3006      	MOVLW      PORTB
0x01D2	0x00D0      	MOVWF      FARG_Button_port
0x01D3	0x01D1      	CLRF       FARG_Button_pin
0x01D4	0x3032      	MOVLW      50
0x01D5	0x00D2      	MOVWF      FARG_Button_time_ms
0x01D6	0x01D3      	CLRF       FARG_Button_active_state
0x01D7	0x2168      	CALL       _Button
0x01D8	0x0870      	MOVF       R0, 0
0x01D9	0x1903      	BTFSC      STATUS, 2
0x01DA	0x29F6      	GOTO       L_main8
0x01DB	0x1CCD      	BTFSS      _flagB0, BitPos(_flagB0+0)
0x01DC	0x29F6      	GOTO       L_main8
L__main9:
;VSaula020.c,78 :: 		flagB0 = 0;
0x01DD	0x10CD      	BCF        _flagB0, BitPos(_flagB0+0)
;VSaula020.c,79 :: 		inverte_led();
0x01DE	0x20F8      	CALL       _inverte_led
;VSaula020.c,80 :: 		cont++;
0x01DF	0x0AA0      	INCF       _cont, 1
;VSaula020.c,81 :: 		Lcd_Cmd(_LCD_CLEAR);
0x01E0	0x3001      	MOVLW      1
0x01E1	0x00DB      	MOVWF      FARG_Lcd_Cmd_out_char
0x01E2	0x201A      	CALL       _Lcd_Cmd
;VSaula020.c,82 :: 		ByteToStrWithZeros(cont, texto3);
0x01E3	0x0820      	MOVF       _cont, 0
0x01E4	0x00D0      	MOVWF      FARG_ByteToStrWithZeros_input
0x01E5	0x3049      	MOVLW      _texto3
0x01E6	0x00D1      	MOVWF      FARG_ByteToStrWithZeros_output
0x01E7	0x20C7      	CALL       _ByteToStrWithZeros
;VSaula020.c,83 :: 		Lcd_Out(2, 1, "B0 = ");
0x01E8	0x3002      	MOVLW      2
0x01E9	0x00D6      	MOVWF      FARG_Lcd_Out_row
0x01EA	0x3001      	MOVLW      1
0x01EB	0x00D7      	MOVWF      FARG_Lcd_Out_column
0x01EC	0x3021      	MOVLW      ?lstr1_VSaula020
0x01ED	0x00D8      	MOVWF      FARG_Lcd_Out_text
0x01EE	0x2062      	CALL       _Lcd_Out
;VSaula020.c,84 :: 		Lcd_Out(2, 6, texto3);
0x01EF	0x3002      	MOVLW      2
0x01F0	0x00D6      	MOVWF      FARG_Lcd_Out_row
0x01F1	0x3006      	MOVLW      6
0x01F2	0x00D7      	MOVWF      FARG_Lcd_Out_column
0x01F3	0x3049      	MOVLW      _texto3
0x01F4	0x00D8      	MOVWF      FARG_Lcd_Out_text
0x01F5	0x2062      	CALL       _Lcd_Out
;VSaula020.c,85 :: 		}
L_main8:
;VSaula020.c,87 :: 		}
0x01F6	0x29C4      	GOTO       L_main1
;VSaula020.c,89 :: 		}
L_end_main:
0x01F7	0x29F7      	GOTO       $+0
; end of _main
0x0226	0x3020      	MOVLW      32
0x0227	0x0084      	MOVWF      FSR
0x0228	0x3029      	MOVLW      41
0x0229	0x1283      	BCF        STATUS, 5
0x022A	0x1303      	BCF        STATUS, 6
0x022B	0x00F0      	MOVWF      R0
0x022C	0x30FD      	MOVLW      253
0x022D	0x00CE      	MOVWF      ___DoICPAddr
0x022E	0x3001      	MOVLW      1
0x022F	0x00CF      	MOVWF      79
0x0230	0x215C      	CALL       348
0x0231	0x0008      	RETURN
;VSaula020.c,0 :: ?ICS_cont
0x01FD	0x3400 ;?ICS_cont+0
; end of ?ICS_cont
;VSaula020.c,0 :: ?ICS?lstr1_VSaula020
0x01FE	0x3442 ;?ICS?lstr1_VSaula020+0
0x01FF	0x3430 ;?ICS?lstr1_VSaula020+1
0x0200	0x3420 ;?ICS?lstr1_VSaula020+2
0x0201	0x343D ;?ICS?lstr1_VSaula020+3
0x0202	0x3420 ;?ICS?lstr1_VSaula020+4
0x0203	0x3400 ;?ICS?lstr1_VSaula020+5
; end of ?ICS?lstr1_VSaula020
;VSaula020.c,0 :: ?ICS_texto2
0x0204	0x3420 ;?ICS_texto2+0
0x0205	0x3453 ;?ICS_texto2+1
0x0206	0x3465 ;?ICS_texto2+2
0x0207	0x346A ;?ICS_texto2+3
0x0208	0x3461 ;?ICS_texto2+4
0x0209	0x3420 ;?ICS_texto2+5
0x020A	0x3442 ;?ICS_texto2+6
0x020B	0x3465 ;?ICS_texto2+7
0x020C	0x346D ;?ICS_texto2+8
0x020D	0x3420 ;?ICS_texto2+9
0x020E	0x3456 ;?ICS_texto2+10
0x020F	0x3469 ;?ICS_texto2+11
0x0210	0x346E ;?ICS_texto2+12
0x0211	0x3464 ;?ICS_texto2+13
0x0212	0x346F ;?ICS_texto2+14
0x0213	0x3421 ;?ICS_texto2+15
0x0214	0x3400 ;?ICS_texto2+16
; end of ?ICS_texto2
;VSaula020.c,0 :: ?ICS_texto1
0x0215	0x3420 ;?ICS_texto1+0
0x0216	0x3420 ;?ICS_texto1+1
0x0217	0x3441 ;?ICS_texto1+2
0x0218	0x3442 ;?ICS_texto1+3
0x0219	0x344D ;?ICS_texto1+4
0x021A	0x3453 ;?ICS_texto1+5
0x021B	0x3420 ;?ICS_texto1+6
0x021C	0x3454 ;?ICS_texto1+7
0x021D	0x3465 ;?ICS_texto1+8
0x021E	0x346C ;?ICS_texto1+9
0x021F	0x3465 ;?ICS_texto1+10
0x0220	0x3463 ;?ICS_texto1+11
0x0221	0x346F ;?ICS_texto1+12
0x0222	0x346D ;?ICS_texto1+13
0x0223	0x3420 ;?ICS_texto1+14
0x0224	0x3420 ;?ICS_texto1+15
0x0225	0x3400 ;?ICS_texto1+16
; end of ?ICS_texto1
Symbol List:
//** Routines locations **
//ADDRESS    SIZE    PROCEDURE
//----------------------------------------------
0x0003       [3]    _Delay_1us
0x0006       [7]    _Delay_50us
0x000D      [13]    _Delay_5500us
0x001A      [64]    _Lcd_Cmd
0x005A       [8]    _Lcd_Chr_CP
0x0062      [64]    _Lcd_Out
0x00A2       [7]    _____DoICP
0x00A9      [17]    _Div_8X8_U
0x00BA      [13]    _Delay_500us
0x00C7      [49]    _ByteToStrWithZeros
0x00F8       [5]    _inverte_led
0x00FD      [17]    _escreve_lcd
0x010E      [78]    _Lcd_Init
0x015C      [12]    ___CC2DW
0x0168      [57]    _Button
0x01A1      [86]    _main
//** Variables locations ** 
//ADDRESS    SIZE    VARIABLE
//----------------------------------------------
0x0000       [1]    INDF
0x0002       [1]    PCL
0x0003       [1]    STATUS
0x0004       [1]    FSR
0x0006       [1]    PORTB
0x0008       [0]    LCD_D5
0x0008       [0]    LCD_EN
0x0008       [0]    RD7_bit
0x0008       [0]    RD6_bit
0x0008       [0]    RD2_bit
0x0008       [0]    RD0_bit
0x0008       [0]    RD3_bit
0x0008       [0]    RD5_bit
0x0008       [0]    RD4_bit
0x0008       [0]    LCD_D4
0x0008       [1]    PORTD
0x0008       [0]    LCD_D7
0x0008       [0]    LCD_D6
0x0008       [0]    LCD_RS
0x000A       [1]    PCLATH
0x0020       [1]    _cont
0x0021       [6]    ?lstr1_VSaula020
0x0027      [17]    _texto2
0x0038      [17]    _texto1
0x0049       [4]    _texto3
0x004D       [0]    __Lib_Lcd_cmd_status
0x004D       [0]    _flagB0
0x004E       [2]    ___DoICPAddr
0x0050       [1]    FARG_Button_port
0x0050       [1]    FARG_ByteToStrWithZeros_input
0x0051       [1]    FARG_Button_pin
0x0051       [1]    FARG_ByteToStrWithZeros_output
0x0052       [1]    FARG_Button_time_ms
0x0052       [1]    ByteToStrWithZeros_len_L0
0x0053       [1]    FARG_Button_active_state
0x0053       [1]    FLOC__ByteToStrWithZeros
0x0054       [1]    Button_pMask_L0
0x0055       [1]    Button_rslt_L0
0x0056       [1]    FARG_Lcd_Out_row
0x0057       [1]    FARG_Lcd_Out_column
0x0058       [1]    FARG_Lcd_Out_text
0x0059       [1]    Lcd_Out_i_L0
0x005A       [1]    FARG_Lcd_Chr_CP_out_char
0x005B       [1]    FARG_Lcd_Cmd_out_char
0x0070       [1]    R0
0x0071       [1]    R1
0x0072       [1]    R2
0x0073       [1]    R3
0x0074       [1]    R4
0x0075       [1]    R5
0x0076       [1]    R6
0x0077       [1]    R7
0x0078       [1]    R8
0x0079       [1]    R9
0x007A       [1]    R10
0x007B       [1]    R11
0x007C       [1]    R12
0x007D       [1]    R13
0x007E       [1]    R14
0x007F       [1]    R15
0x0086       [1]    TRISB
0x0088       [0]    LCD_EN_Direction
0x0088       [0]    LCD_RS_Direction
0x0088       [0]    LCD_D5_Direction
0x0088       [0]    LCD_D6_Direction
0x0088       [0]    LCD_D7_Direction
0x0088       [0]    TRISD5_bit
0x0088       [0]    TRISD6_bit
0x0088       [0]    TRISD7_bit
0x0088       [0]    TRISD2_bit
0x0088       [0]    TRISD3_bit
0x0088       [0]    TRISD4_bit
0x0088       [0]    LCD_D4_Direction
0x0088       [1]    TRISD
0x009C       [1]    CMCON
//** Constants locations ** 
//ADDRESS    SIZE    CONSTANT
//----------------------------------------------
0x01FD       [1]    ?ICS_cont
0x01FE       [6]    ?ICS?lstr1_VSaula020
0x0204      [17]    ?ICS_texto2
0x0215      [17]    ?ICS_texto1
