;  LST file generated by mikroListExporter - v.2.0 
; Date/Time: 30/01/2023 18:26:20
;----------------------------------------------

;Address Opcode 	ASM
0x0000	0x2935      	GOTO       309
_interrupt:
0x0004	0x00FF      	MOVWF      R15
0x0005	0x0E03      	SWAPF      STATUS, 0
0x0006	0x0183      	CLRF       STATUS
0x0007	0x00B8      	MOVWF      ___saveSTATUS
0x0008	0x080A      	MOVF       PCLATH, 0
0x0009	0x00B9      	MOVWF      ___savePCLATH
0x000A	0x018A      	CLRF       PCLATH
0x000B	0x0870      	MOVF       R0, 0
0x000C	0x00A4      	MOVWF      36
0x000D	0x0874      	MOVF       R4, 0
0x000E	0x00A3      	MOVWF      35
0x000F	0x0878      	MOVF       R8, 0
0x0010	0x00A2      	MOVWF      34
0x0011	0x087C      	MOVF       R12, 0
0x0012	0x00A1      	MOVWF      33
0x0013	0x087D      	MOVF       R13, 0
0x0014	0x00A0      	MOVWF      32
0x0015	0x0804      	MOVF       FSR, 0
0x0016	0x00A5      	MOVWF      37
;programa_04_ContagemRegressiva.c,179 :: 		void interrupt(){
;programa_04_ContagemRegressiva.c,181 :: 		if(INTCON.TMR0IF){
0x0017	0x1D0B      	BTFSS      INTCON, 2
0x0018	0x282B      	GOTO       L_interrupt33
;programa_04_ContagemRegressiva.c,182 :: 		contador++;
0x0019	0x0AB6      	INCF       _contador, 1
;programa_04_ContagemRegressiva.c,183 :: 		if(contador == 40){
0x001A	0x0836      	MOVF       _contador, 0
0x001B	0x3A28      	XORLW      40
0x001C	0x1D03      	BTFSS      STATUS, 2
0x001D	0x2828      	GOTO       L_interrupt34
;programa_04_ContagemRegressiva.c,184 :: 		num--;
0x001E	0x03B3      	DECF       _num, 1
;programa_04_ContagemRegressiva.c,185 :: 		if(num == 0){
0x001F	0x0833      	MOVF       _num, 0
0x0020	0x3A00      	XORLW      0
0x0021	0x1D03      	BTFSS      STATUS, 2
0x0022	0x2827      	GOTO       L_interrupt35
;programa_04_ContagemRegressiva.c,186 :: 		num = 0;
0x0023	0x01B3      	CLRF       _num
;programa_04_ContagemRegressiva.c,187 :: 		blinkFlag = 1;
0x0024	0x15B0      	BSF        _blinkFlag, BitPos(_blinkFlag+0)
;programa_04_ContagemRegressiva.c,188 :: 		INTCON.TMR0IE = 0;
0x0025	0x128B      	BCF        INTCON, 5
;programa_04_ContagemRegressiva.c,189 :: 		blink();
0x0026	0x20D7      	CALL       _blink
;programa_04_ContagemRegressiva.c,190 :: 		}
L_interrupt35:
;programa_04_ContagemRegressiva.c,191 :: 		contador = 0;
0x0027	0x01B6      	CLRF       _contador
;programa_04_ContagemRegressiva.c,192 :: 		}
L_interrupt34:
;programa_04_ContagemRegressiva.c,193 :: 		TMR0 = 61;
0x0028	0x303D      	MOVLW      61
0x0029	0x0081      	MOVWF      TMR0
;programa_04_ContagemRegressiva.c,194 :: 		INTCON.TMR0IF = 0;
0x002A	0x110B      	BCF        INTCON, 2
;programa_04_ContagemRegressiva.c,195 :: 		}
L_interrupt33:
;programa_04_ContagemRegressiva.c,197 :: 		}
L__interrupt46:
0x002B	0x0824      	MOVF       36, 0
0x002C	0x00F0      	MOVWF      R0
0x002D	0x0823      	MOVF       35, 0
0x002E	0x00F4      	MOVWF      R4
0x002F	0x0822      	MOVF       34, 0
0x0030	0x00F8      	MOVWF      R8
0x0031	0x0821      	MOVF       33, 0
0x0032	0x00FC      	MOVWF      R12
0x0033	0x0820      	MOVF       32, 0
0x0034	0x00FD      	MOVWF      R13
0x0035	0x0825      	MOVF       37, 0
0x0036	0x0084      	MOVWF      FSR
0x0037	0x0839      	MOVF       ___savePCLATH, 0
0x0038	0x008A      	MOVWF      PCLATH
0x0039	0x0E38      	SWAPF      ___saveSTATUS, 0
0x003A	0x0083      	MOVWF      STATUS
0x003B	0x0EFF      	SWAPF      R15, 1
0x003C	0x0E7F      	SWAPF      R15, 0
0x003D	0x0009      	RETFIE
; end of _interrupt
_Div_8x8_U:
;__Lib_Math.c,189 :: 		
;__Lib_Math.c,196 :: 		
0x003E	0x1283      	BCF        STATUS, 5
;__Lib_Math.c,197 :: 		
0x003F	0x1303      	BCF        STATUS, 6
;__Lib_Math.c,198 :: 		
0x0040	0x01F8      	CLRF       R8
;__Lib_Math.c,199 :: 		
0x0041	0x3008      	MOVLW      8
;__Lib_Math.c,200 :: 		
0x0042	0x00FC      	MOVWF      R12
;__Lib_Math.c,201 :: 		
0x0043	0x0D70      	RLF        R0, 0
;__Lib_Math.c,202 :: 		
0x0044	0x0DF8      	RLF        R8, 1
;__Lib_Math.c,203 :: 		
0x0045	0x0874      	MOVF       R4, 0
;__Lib_Math.c,204 :: 		
0x0046	0x02F8      	SUBWF      R8, 1
;__Lib_Math.c,205 :: 		
0x0047	0x1803      	BTFSC      STATUS, 0
;__Lib_Math.c,206 :: 		
0x0048	0x284B      	GOTO       $+3
;__Lib_Math.c,207 :: 		
0x0049	0x07F8      	ADDWF      R8, 1
;__Lib_Math.c,208 :: 		
0x004A	0x1003      	BCF        STATUS, 0
;__Lib_Math.c,209 :: 		
0x004B	0x0DF0      	RLF        R0, 1
;__Lib_Math.c,210 :: 		
0x004C	0x0BFC      	DECFSZ     R12, 1
;__Lib_Math.c,211 :: 		
0x004D	0x2843      	GOTO       $-10
;__Lib_Math.c,213 :: 		
0x004E	0x0008      	RETURN
; end of _Div_8x8_U
_____DoICP:
;__Lib_System.c,6 :: 		
;__Lib_System.c,9 :: 		
0x004F	0x1283      	BCF        STATUS, 5
0x0050	0x1303      	BCF        STATUS, 6
0x0051	0x0832      	MOVF       ___DoICPAddr+1, 0
0x0052	0x008A      	MOVWF      PCLATH
;__Lib_System.c,10 :: 		
0x0053	0x0831      	MOVF       ___DoICPAddr, 0
0x0054	0x0082      	MOVWF      PCL
;__Lib_System.c,12 :: 		
0x0055	0x0008      	RETURN
; end of _____DoICP
_Delay_500us:
;__Lib_Delays.c,27 :: 		void Delay_500us() {
;__Lib_Delays.c,28 :: 		Delay_us(498);
0x0056	0x3002      	MOVLW      2
0x0057	0x1283      	BCF        STATUS, 5
0x0058	0x1303      	BCF        STATUS, 6
0x0059	0x00FC      	MOVWF      R12
0x005A	0x3049      	MOVLW      73
0x005B	0x00FD      	MOVWF      R13
L_Delay_500us4:
0x005C	0x0BFD      	DECFSZ     R13, 1
0x005D	0x285C      	GOTO       L_Delay_500us4
0x005E	0x0BFC      	DECFSZ     R12, 1
0x005F	0x285C      	GOTO       L_Delay_500us4
0x0060	0x0000      	NOP
0x0061	0x0000      	NOP
;__Lib_Delays.c,29 :: 		}
0x0062	0x0008      	RETURN
; end of _Delay_500us
_display_dezena:
;programa_04_ContagemRegressiva.c,199 :: 		void display_dezena(){
;programa_04_ContagemRegressiva.c,201 :: 		PORTC.RC4 = 1;
0x0063	0x1283      	BCF        STATUS, 5
0x0064	0x1303      	BCF        STATUS, 6
0x0065	0x1607      	BSF        PORTC, 4
;programa_04_ContagemRegressiva.c,202 :: 		dezena = num/10;
0x0066	0x300A      	MOVLW      10
0x0067	0x00F4      	MOVWF      R4
0x0068	0x0833      	MOVF       _num, 0
0x0069	0x00F0      	MOVWF      R0
0x006A	0x203E      	CALL       _Div_8x8_U
0x006B	0x0870      	MOVF       R0, 0
0x006C	0x00B5      	MOVWF      _dezena
;programa_04_ContagemRegressiva.c,203 :: 		PORTD = digitos[dezena];
0x006D	0x0870      	MOVF       R0, 0
0x006E	0x3E26      	ADDLW      _digitos
0x006F	0x0084      	MOVWF      FSR
0x0070	0x0800      	MOVF       INDF, 0
0x0071	0x0088      	MOVWF      PORTD
;programa_04_ContagemRegressiva.c,204 :: 		delay_ms(5);
0x0072	0x300D      	MOVLW      13
0x0073	0x00FC      	MOVWF      R12
0x0074	0x30FB      	MOVLW      251
0x0075	0x00FD      	MOVWF      R13
L_display_dezena36:
0x0076	0x0BFD      	DECFSZ     R13, 1
0x0077	0x2876      	GOTO       L_display_dezena36
0x0078	0x0BFC      	DECFSZ     R12, 1
0x0079	0x2876      	GOTO       L_display_dezena36
0x007A	0x0000      	NOP
0x007B	0x0000      	NOP
;programa_04_ContagemRegressiva.c,205 :: 		PORTC.RC4 = 0;
0x007C	0x1207      	BCF        PORTC, 4
;programa_04_ContagemRegressiva.c,206 :: 		PORTD = 0;
0x007D	0x0188      	CLRF       PORTD
;programa_04_ContagemRegressiva.c,208 :: 		}
0x007E	0x0008      	RETURN
; end of _display_dezena
_display_unidade:
;programa_04_ContagemRegressiva.c,209 :: 		void display_unidade(){
;programa_04_ContagemRegressiva.c,211 :: 		PORTC.RC5 = 1;
0x007F	0x1283      	BCF        STATUS, 5
0x0080	0x1303      	BCF        STATUS, 6
0x0081	0x1687      	BSF        PORTC, 5
;programa_04_ContagemRegressiva.c,212 :: 		unidade = num%10;
0x0082	0x300A      	MOVLW      10
0x0083	0x00F4      	MOVWF      R4
0x0084	0x0833      	MOVF       _num, 0
0x0085	0x00F0      	MOVWF      R0
0x0086	0x203E      	CALL       _Div_8x8_U
0x0087	0x0878      	MOVF       R8, 0
0x0088	0x00F0      	MOVWF      R0
0x0089	0x0870      	MOVF       R0, 0
0x008A	0x00B4      	MOVWF      _unidade
;programa_04_ContagemRegressiva.c,213 :: 		PORTD = digitos[unidade];
0x008B	0x0870      	MOVF       R0, 0
0x008C	0x3E26      	ADDLW      _digitos
0x008D	0x0084      	MOVWF      FSR
0x008E	0x0800      	MOVF       INDF, 0
0x008F	0x0088      	MOVWF      PORTD
;programa_04_ContagemRegressiva.c,214 :: 		delay_ms(5);
0x0090	0x300D      	MOVLW      13
0x0091	0x00FC      	MOVWF      R12
0x0092	0x30FB      	MOVLW      251
0x0093	0x00FD      	MOVWF      R13
L_display_unidade37:
0x0094	0x0BFD      	DECFSZ     R13, 1
0x0095	0x2894      	GOTO       L_display_unidade37
0x0096	0x0BFC      	DECFSZ     R12, 1
0x0097	0x2894      	GOTO       L_display_unidade37
0x0098	0x0000      	NOP
0x0099	0x0000      	NOP
;programa_04_ContagemRegressiva.c,215 :: 		PORTC.RC5 = 0;
0x009A	0x1287      	BCF        PORTC, 5
;programa_04_ContagemRegressiva.c,216 :: 		PORTD = 0;
0x009B	0x0188      	CLRF       PORTD
;programa_04_ContagemRegressiva.c,218 :: 		}
0x009C	0x0008      	RETURN
; end of _display_unidade
_start:
;programa_04_ContagemRegressiva.c,109 :: 		void start(){
;programa_04_ContagemRegressiva.c,111 :: 		lastNum = num;
0x009D	0x1283      	BCF        STATUS, 5
0x009E	0x1303      	BCF        STATUS, 6
0x009F	0x0833      	MOVF       _num, 0
0x00A0	0x00B7      	MOVWF      _lastNum
;programa_04_ContagemRegressiva.c,113 :: 		if(startFlag && !pauseFlag){
0x00A1	0x1E30      	BTFSS      _startFlag, BitPos(_startFlag+0)
0x00A2	0x28AC      	GOTO       L_start24
0x00A3	0x1AB0      	BTFSC      _pauseFlag, BitPos(_pauseFlag+0)
0x00A4	0x28AC      	GOTO       L_start24
L__start44:
;programa_04_ContagemRegressiva.c,114 :: 		if(num == 0) num = 0;
0x00A5	0x0833      	MOVF       _num, 0
0x00A6	0x3A00      	XORLW      0
0x00A7	0x1D03      	BTFSS      STATUS, 2
0x00A8	0x28AA      	GOTO       L_start25
0x00A9	0x01B3      	CLRF       _num
L_start25:
;programa_04_ContagemRegressiva.c,115 :: 		display_unidade();
0x00AA	0x207F      	CALL       _display_unidade
;programa_04_ContagemRegressiva.c,116 :: 		display_dezena();
0x00AB	0x2063      	CALL       _display_dezena
;programa_04_ContagemRegressiva.c,117 :: 		}
L_start24:
;programa_04_ContagemRegressiva.c,119 :: 		}
0x00AC	0x0008      	RETURN
; end of _start
___CC2DW:
;__Lib_System.c,24 :: 		
;__Lib_System.c,27 :: 		
_CC2D_Loop1:
;__Lib_System.c,29 :: 		
0x00AD	0x204F      	CALL       _____DoICP
0x00AE	0x118A      	BCF        PCLATH, 3
0x00AF	0x120A      	BCF        PCLATH, 4
;__Lib_System.c,31 :: 		
0x00B0	0x0080      	MOVWF      INDF
;__Lib_System.c,32 :: 		
0x00B1	0x0A84      	INCF       FSR, 1
;__Lib_System.c,33 :: 		
0x00B2	0x0AB1      	INCF       ___DoICPAddr, 1
;__Lib_System.c,35 :: 		
0x00B3	0x1903      	BTFSC      STATUS, 2
;__Lib_System.c,36 :: 		
0x00B4	0x0AB2      	INCF       ___DoICPAddr+1, 1
;__Lib_System.c,37 :: 		
0x00B5	0x03F0      	DECF       R0, 1
;__Lib_System.c,39 :: 		
0x00B6	0x1D03      	BTFSS      STATUS, 2
;__Lib_System.c,40 :: 		
0x00B7	0x28AD      	GOTO       _CC2D_Loop1
;__Lib_System.c,42 :: 		
0x00B8	0x0008      	RETURN
; end of ___CC2DW
_config_mcu:
;programa_04_ContagemRegressiva.c,150 :: 		void config_mcu(){
;programa_04_ContagemRegressiva.c,152 :: 		ADCON1 = 7; // entradas nanalógicas desabilitadas
0x00B9	0x3007      	MOVLW      7
0x00BA	0x1683      	BSF        STATUS, 5
0x00BB	0x1303      	BCF        STATUS, 6
0x00BC	0x009F      	MOVWF      ADCON1
;programa_04_ContagemRegressiva.c,153 :: 		CMCON = 7;  // comparadores desabilitados
0x00BD	0x3007      	MOVLW      7
0x00BE	0x009C      	MOVWF      CMCON
;programa_04_ContagemRegressiva.c,155 :: 		TRISD = 0;  // PORT D como saída digital
0x00BF	0x0188      	CLRF       TRISD
;programa_04_ContagemRegressiva.c,156 :: 		PORTD = 0;  // PORT D iniciaem nível baixo
0x00C0	0x1283      	BCF        STATUS, 5
0x00C1	0x0188      	CLRF       PORTD
;programa_04_ContagemRegressiva.c,157 :: 		TRISC = 0;  // PORT C como saída digital
0x00C2	0x1683      	BSF        STATUS, 5
0x00C3	0x0187      	CLRF       TRISC
;programa_04_ContagemRegressiva.c,158 :: 		PORTC = 0;  // PORT C iniciaem nível baixo
0x00C4	0x1283      	BCF        STATUS, 5
0x00C5	0x0187      	CLRF       PORTC
;programa_04_ContagemRegressiva.c,161 :: 		}
0x00C6	0x0008      	RETURN
; end of _config_mcu
_clear:
;programa_04_ContagemRegressiva.c,131 :: 		void clear(){
;programa_04_ContagemRegressiva.c,133 :: 		if(clearFlag){
0x00C7	0x1283      	BCF        STATUS, 5
0x00C8	0x1303      	BCF        STATUS, 6
0x00C9	0x1C30      	BTFSS      _clearFlag, BitPos(_clearFlag+0)
0x00CA	0x28CD      	GOTO       L_clear29
;programa_04_ContagemRegressiva.c,134 :: 		display_unidade();
0x00CB	0x207F      	CALL       _display_unidade
;programa_04_ContagemRegressiva.c,135 :: 		display_dezena();
0x00CC	0x2063      	CALL       _display_dezena
;programa_04_ContagemRegressiva.c,136 :: 		}
L_clear29:
;programa_04_ContagemRegressiva.c,138 :: 		}
0x00CD	0x0008      	RETURN
; end of _clear
_config_timer:
;programa_04_ContagemRegressiva.c,171 :: 		void config_timer(){
;programa_04_ContagemRegressiva.c,173 :: 		OPTION_REG = 0b10000111;    // modo temporizador, prescaler 1:256
0x00CE	0x3087      	MOVLW      135
0x00CF	0x1683      	BSF        STATUS, 5
0x00D0	0x1303      	BCF        STATUS, 6
0x00D1	0x0081      	MOVWF      OPTION_REG
;programa_04_ContagemRegressiva.c,174 :: 		TMR0 = 61;                  // carregamento do valor inicial do registrador
0x00D2	0x303D      	MOVLW      61
0x00D3	0x1283      	BCF        STATUS, 5
0x00D4	0x0081      	MOVWF      TMR0
;programa_04_ContagemRegressiva.c,175 :: 		INTCON.TMR0IF = 0;          // incializa o flag de estouro
0x00D5	0x110B      	BCF        INTCON, 2
;programa_04_ContagemRegressiva.c,177 :: 		}
0x00D6	0x0008      	RETURN
; end of _config_timer
_blink:
;programa_04_ContagemRegressiva.c,140 :: 		void blink(){
;programa_04_ContagemRegressiva.c,142 :: 		while(blinkFlag){
L_blink30:
0x00D7	0x1283      	BCF        STATUS, 5
0x00D8	0x1303      	BCF        STATUS, 6
0x00D9	0x1DB0      	BTFSS      _blinkFlag, BitPos(_blinkFlag+0)
0x00DA	0x28EC      	GOTO       L_blink31
;programa_04_ContagemRegressiva.c,143 :: 		display_unidade();
0x00DB	0x207F      	CALL       _display_unidade
;programa_04_ContagemRegressiva.c,144 :: 		display_dezena();
0x00DC	0x2063      	CALL       _display_dezena
;programa_04_ContagemRegressiva.c,145 :: 		delay_ms(500);
0x00DD	0x3006      	MOVLW      6
0x00DE	0x00FB      	MOVWF      R11
0x00DF	0x3013      	MOVLW      19
0x00E0	0x00FC      	MOVWF      R12
0x00E1	0x30AD      	MOVLW      173
0x00E2	0x00FD      	MOVWF      R13
L_blink32:
0x00E3	0x0BFD      	DECFSZ     R13, 1
0x00E4	0x28E3      	GOTO       L_blink32
0x00E5	0x0BFC      	DECFSZ     R12, 1
0x00E6	0x28E3      	GOTO       L_blink32
0x00E7	0x0BFB      	DECFSZ     R11, 1
0x00E8	0x28E3      	GOTO       L_blink32
0x00E9	0x0000      	NOP
0x00EA	0x0000      	NOP
;programa_04_ContagemRegressiva.c,146 :: 		}
0x00EB	0x28D7      	GOTO       L_blink30
L_blink31:
;programa_04_ContagemRegressiva.c,148 :: 		}
0x00EC	0x0008      	RETURN
; end of _blink
_Button:
;__Lib_Button.c,6 :: 		
;__Lib_Button.c,8 :: 		
0x00ED	0x1283      	BCF        STATUS, 5
0x00EE	0x1303      	BCF        STATUS, 6
0x00EF	0x01BF      	CLRF       Button_rslt_L0
;__Lib_Button.c,11 :: 		
0x00F0	0x083B      	MOVF       FARG_Button_pin, 0
0x00F1	0x00F1      	MOVWF      R1
0x00F2	0x3001      	MOVLW      1
0x00F3	0x00F0      	MOVWF      R0
0x00F4	0x0871      	MOVF       R1, 0
L__Button4:
0x00F5	0x1903      	BTFSC      STATUS, 2
0x00F6	0x28FB      	GOTO       L__Button5
0x00F7	0x0DF0      	RLF        R0, 1
0x00F8	0x1070      	BCF        R0, 0
0x00F9	0x3EFF      	ADDLW      255
0x00FA	0x28F5      	GOTO       L__Button4
L__Button5:
0x00FB	0x0870      	MOVF       R0, 0
0x00FC	0x00BE      	MOVWF      Button_pMask_L0
;__Lib_Button.c,13 :: 		
0x00FD	0x083A      	MOVF       FARG_Button_port, 0
0x00FE	0x0084      	MOVWF      FSR
0x00FF	0x0870      	MOVF       R0, 0
0x0100	0x0500      	ANDWF      INDF, 0
0x0101	0x00F1      	MOVWF      R1
0x0102	0x0871      	MOVF       R1, 0
0x0103	0x3001      	MOVLW      1
0x0104	0x1D03      	BTFSS      STATUS, 2
0x0105	0x3000      	MOVLW      0
0x0106	0x00F0      	MOVWF      R0
0x0107	0x083D      	MOVF       FARG_Button_active_state, 0
0x0108	0x06F0      	XORWF      R0, 1
0x0109	0x1903      	BTFSC      STATUS, 2
0x010A	0x2923      	GOTO       L_Button0
;__Lib_Button.c,15 :: 		
L_Button1:
0x010B	0x083C      	MOVF       FARG_Button_time_ms, 0
0x010C	0x3C00      	SUBLW      0
0x010D	0x1803      	BTFSC      STATUS, 0
0x010E	0x2913      	GOTO       L_Button2
;__Lib_Button.c,16 :: 		
0x010F	0x2056      	CALL       _Delay_500us
;__Lib_Button.c,17 :: 		
0x0110	0x2056      	CALL       _Delay_500us
;__Lib_Button.c,18 :: 		
0x0111	0x03BC      	DECF       FARG_Button_time_ms, 1
;__Lib_Button.c,19 :: 		
0x0112	0x290B      	GOTO       L_Button1
L_Button2:
;__Lib_Button.c,21 :: 		
0x0113	0x083A      	MOVF       FARG_Button_port, 0
0x0114	0x0084      	MOVWF      FSR
0x0115	0x083E      	MOVF       Button_pMask_L0, 0
0x0116	0x0500      	ANDWF      INDF, 0
0x0117	0x00F1      	MOVWF      R1
0x0118	0x0871      	MOVF       R1, 0
0x0119	0x3001      	MOVLW      1
0x011A	0x1D03      	BTFSS      STATUS, 2
0x011B	0x3000      	MOVLW      0
0x011C	0x00F0      	MOVWF      R0
0x011D	0x083D      	MOVF       FARG_Button_active_state, 0
0x011E	0x06F0      	XORWF      R0, 1
0x011F	0x1903      	BTFSC      STATUS, 2
0x0120	0x2923      	GOTO       L_Button3
;__Lib_Button.c,22 :: 		
0x0121	0x30FF      	MOVLW      255
0x0122	0x00BF      	MOVWF      Button_rslt_L0
L_Button3:
;__Lib_Button.c,23 :: 		
L_Button0:
;__Lib_Button.c,25 :: 		
0x0123	0x083F      	MOVF       Button_rslt_L0, 0
0x0124	0x00F0      	MOVWF      R0
;__Lib_Button.c,26 :: 		
0x0125	0x0008      	RETURN
; end of _Button
_config_interrupt:
;programa_04_ContagemRegressiva.c,163 :: 		void config_interrupt(){
;programa_04_ContagemRegressiva.c,165 :: 		INTCON.GIE = 1;    // habilita chave geral de interrupções
0x0126	0x178B      	BSF        INTCON, 7
;programa_04_ContagemRegressiva.c,166 :: 		INTCON.PEIE = 0;   // não necessário
0x0127	0x130B      	BCF        INTCON, 6
;programa_04_ContagemRegressiva.c,167 :: 		INTCON.TMR0IE = 1; // habilita interrupção por Timer 0
0x0128	0x168B      	BSF        INTCON, 5
;programa_04_ContagemRegressiva.c,169 :: 		}
0x0129	0x0008      	RETURN
; end of _config_interrupt
_pause:
;programa_04_ContagemRegressiva.c,121 :: 		void pause(){
;programa_04_ContagemRegressiva.c,123 :: 		if(pauseFlag && !startFlag){
0x012A	0x1283      	BCF        STATUS, 5
0x012B	0x1303      	BCF        STATUS, 6
0x012C	0x1EB0      	BTFSS      _pauseFlag, BitPos(_pauseFlag+0)
0x012D	0x2934      	GOTO       L_pause28
0x012E	0x1A30      	BTFSC      _startFlag, BitPos(_startFlag+0)
0x012F	0x2934      	GOTO       L_pause28
L__pause45:
;programa_04_ContagemRegressiva.c,124 :: 		num = lastNum;
0x0130	0x0837      	MOVF       _lastNum, 0
0x0131	0x00B3      	MOVWF      _num
;programa_04_ContagemRegressiva.c,125 :: 		display_unidade();
0x0132	0x207F      	CALL       _display_unidade
;programa_04_ContagemRegressiva.c,126 :: 		display_dezena();
0x0133	0x2063      	CALL       _display_dezena
;programa_04_ContagemRegressiva.c,127 :: 		}
L_pause28:
;programa_04_ContagemRegressiva.c,129 :: 		}
0x0134	0x0008      	RETURN
; end of _pause
_main:
0x0135	0x303F      	MOVLW      63
0x0136	0x1283      	BCF        STATUS, 5
0x0137	0x1303      	BCF        STATUS, 6
0x0138	0x00A6      	MOVWF      _digitos
0x0139	0x3006      	MOVLW      6
0x013A	0x00A7      	MOVWF      39
0x013B	0x305B      	MOVLW      91
0x013C	0x00A8      	MOVWF      40
0x013D	0x304F      	MOVLW      79
0x013E	0x00A9      	MOVWF      41
0x013F	0x3066      	MOVLW      102
0x0140	0x00AA      	MOVWF      42
0x0141	0x306D      	MOVLW      109
0x0142	0x00AB      	MOVWF      43
0x0143	0x307D      	MOVLW      125
0x0144	0x00AC      	MOVWF      44
0x0145	0x3007      	MOVLW      7
0x0146	0x00AD      	MOVWF      45
0x0147	0x307F      	MOVLW      127
0x0148	0x00AE      	MOVWF      46
0x0149	0x306F      	MOVLW      111
0x014A	0x00AF      	MOVWF      47
;programa_04_ContagemRegressiva.c,57 :: 		void main() {
;programa_04_ContagemRegressiva.c,59 :: 		config_mcu();
0x014B	0x20B9      	CALL       _config_mcu
;programa_04_ContagemRegressiva.c,60 :: 		config_interrupt();
0x014C	0x2126      	CALL       _config_interrupt
;programa_04_ContagemRegressiva.c,61 :: 		config_timer();
0x014D	0x20CE      	CALL       _config_timer
;programa_04_ContagemRegressiva.c,64 :: 		clearFlag = 1;
0x014E	0x1430      	BSF        _clearFlag, BitPos(_clearFlag+0)
;programa_04_ContagemRegressiva.c,65 :: 		INTCON.TMR0IE = 0;
0x014F	0x128B      	BCF        INTCON, 5
;programa_04_ContagemRegressiva.c,66 :: 		num = 10;
0x0150	0x300A      	MOVLW      10
0x0151	0x00B3      	MOVWF      _num
;programa_04_ContagemRegressiva.c,68 :: 		while(1){
L_main0:
;programa_04_ContagemRegressiva.c,70 :: 		clear();
0x0152	0x20C7      	CALL       _clear
;programa_04_ContagemRegressiva.c,71 :: 		start();
0x0153	0x209D      	CALL       _start
;programa_04_ContagemRegressiva.c,72 :: 		pause();
0x0154	0x212A      	CALL       _pause
;programa_04_ContagemRegressiva.c,74 :: 		if(B0 && flagB0 == 0){ // incrementa +1
0x0155	0x3006      	MOVLW      PORTB
0x0156	0x00BA      	MOVWF      FARG_Button_port
0x0157	0x01BB      	CLRF       FARG_Button_pin
0x0158	0x3064      	MOVLW      100
0x0159	0x00BC      	MOVWF      FARG_Button_time_ms
0x015A	0x01BD      	CLRF       FARG_Button_active_state
0x015B	0x20ED      	CALL       _Button
0x015C	0x0870      	MOVF       R0, 0
0x015D	0x1903      	BTFSC      STATUS, 2
0x015E	0x2962      	GOTO       L_main4
0x015F	0x1B30      	BTFSC      _flagB0, BitPos(_flagB0+0)
0x0160	0x2962      	GOTO       L_main4
L__main43:
;programa_04_ContagemRegressiva.c,75 :: 		flagB0 = 1;
0x0161	0x1730      	BSF        _flagB0, BitPos(_flagB0+0)
;programa_04_ContagemRegressiva.c,76 :: 		}
L_main4:
;programa_04_ContagemRegressiva.c,77 :: 		if(!B0 && flagB0 == 1){
0x0162	0x3006      	MOVLW      PORTB
0x0163	0x00BA      	MOVWF      FARG_Button_port
0x0164	0x01BB      	CLRF       FARG_Button_pin
0x0165	0x3064      	MOVLW      100
0x0166	0x00BC      	MOVWF      FARG_Button_time_ms
0x0167	0x01BD      	CLRF       FARG_Button_active_state
0x0168	0x20ED      	CALL       _Button
0x0169	0x0870      	MOVF       R0, 0
0x016A	0x1D03      	BTFSS      STATUS, 2
0x016B	0x2977      	GOTO       L_main7
0x016C	0x1F30      	BTFSS      _flagB0, BitPos(_flagB0+0)
0x016D	0x2977      	GOTO       L_main7
L__main42:
;programa_04_ContagemRegressiva.c,78 :: 		flagB0 = 0;
0x016E	0x1330      	BCF        _flagB0, BitPos(_flagB0+0)
;programa_04_ContagemRegressiva.c,79 :: 		if(pauseFlag) num++;
0x016F	0x1EB0      	BTFSS      _pauseFlag, BitPos(_pauseFlag+0)
0x0170	0x2972      	GOTO       L_main8
0x0171	0x0AB3      	INCF       _num, 1
L_main8:
;programa_04_ContagemRegressiva.c,80 :: 		if(num == 99) num = 0;
0x0172	0x0833      	MOVF       _num, 0
0x0173	0x3A63      	XORLW      99
0x0174	0x1D03      	BTFSS      STATUS, 2
0x0175	0x2977      	GOTO       L_main9
0x0176	0x01B3      	CLRF       _num
L_main9:
;programa_04_ContagemRegressiva.c,81 :: 		}
L_main7:
;programa_04_ContagemRegressiva.c,83 :: 		if(B1 && flagB1 == 0){ // inicia contagem
0x0177	0x3006      	MOVLW      PORTB
0x0178	0x00BA      	MOVWF      FARG_Button_port
0x0179	0x3001      	MOVLW      1
0x017A	0x00BB      	MOVWF      FARG_Button_pin
0x017B	0x3064      	MOVLW      100
0x017C	0x00BC      	MOVWF      FARG_Button_time_ms
0x017D	0x01BD      	CLRF       FARG_Button_active_state
0x017E	0x20ED      	CALL       _Button
0x017F	0x0870      	MOVF       R0, 0
0x0180	0x1903      	BTFSC      STATUS, 2
0x0181	0x2985      	GOTO       L_main12
0x0182	0x1930      	BTFSC      _flagB1, BitPos(_flagB1+0)
0x0183	0x2985      	GOTO       L_main12
L__main41:
;programa_04_ContagemRegressiva.c,84 :: 		flagB1 = 1;
0x0184	0x1530      	BSF        _flagB1, BitPos(_flagB1+0)
;programa_04_ContagemRegressiva.c,85 :: 		}
L_main12:
;programa_04_ContagemRegressiva.c,86 :: 		if(!B1 && flagB1 == 1){
0x0185	0x3006      	MOVLW      PORTB
0x0186	0x00BA      	MOVWF      FARG_Button_port
0x0187	0x3001      	MOVLW      1
0x0188	0x00BB      	MOVWF      FARG_Button_pin
0x0189	0x3064      	MOVLW      100
0x018A	0x00BC      	MOVWF      FARG_Button_time_ms
0x018B	0x01BD      	CLRF       FARG_Button_active_state
0x018C	0x20ED      	CALL       _Button
0x018D	0x0870      	MOVF       R0, 0
0x018E	0x1D03      	BTFSS      STATUS, 2
0x018F	0x2996      	GOTO       L_main15
0x0190	0x1D30      	BTFSS      _flagB1, BitPos(_flagB1+0)
0x0191	0x2996      	GOTO       L_main15
L__main40:
;programa_04_ContagemRegressiva.c,87 :: 		flagB1 = 0;
0x0192	0x1130      	BCF        _flagB1, BitPos(_flagB1+0)
;programa_04_ContagemRegressiva.c,88 :: 		startFlag = 1;
0x0193	0x1630      	BSF        _startFlag, BitPos(_startFlag+0)
;programa_04_ContagemRegressiva.c,89 :: 		pauseFlag = 0;
0x0194	0x12B0      	BCF        _pauseFlag, BitPos(_pauseFlag+0)
;programa_04_ContagemRegressiva.c,90 :: 		INTCON.TMR0IE = 1;
0x0195	0x168B      	BSF        INTCON, 5
;programa_04_ContagemRegressiva.c,91 :: 		}
L_main15:
;programa_04_ContagemRegressiva.c,93 :: 		if(B2 && flagB2 == 0){ // pausa e continua
0x0196	0x3006      	MOVLW      PORTB
0x0197	0x00BA      	MOVWF      FARG_Button_port
0x0198	0x3002      	MOVLW      2
0x0199	0x00BB      	MOVWF      FARG_Button_pin
0x019A	0x3064      	MOVLW      100
0x019B	0x00BC      	MOVWF      FARG_Button_time_ms
0x019C	0x01BD      	CLRF       FARG_Button_active_state
0x019D	0x20ED      	CALL       _Button
0x019E	0x0870      	MOVF       R0, 0
0x019F	0x1903      	BTFSC      STATUS, 2
0x01A0	0x29A4      	GOTO       L_main18
0x01A1	0x18B0      	BTFSC      _flagB2, BitPos(_flagB2+0)
0x01A2	0x29A4      	GOTO       L_main18
L__main39:
;programa_04_ContagemRegressiva.c,94 :: 		flagB2 = 1;
0x01A3	0x14B0      	BSF        _flagB2, BitPos(_flagB2+0)
;programa_04_ContagemRegressiva.c,95 :: 		}
L_main18:
;programa_04_ContagemRegressiva.c,96 :: 		if(!B2 && flagB2 == 1){
0x01A4	0x3006      	MOVLW      PORTB
0x01A5	0x00BA      	MOVWF      FARG_Button_port
0x01A6	0x3002      	MOVLW      2
0x01A7	0x00BB      	MOVWF      FARG_Button_pin
0x01A8	0x3064      	MOVLW      100
0x01A9	0x00BC      	MOVWF      FARG_Button_time_ms
0x01AA	0x01BD      	CLRF       FARG_Button_active_state
0x01AB	0x20ED      	CALL       _Button
0x01AC	0x0870      	MOVF       R0, 0
0x01AD	0x1D03      	BTFSS      STATUS, 2
0x01AE	0x29B8      	GOTO       L_main21
0x01AF	0x1CB0      	BTFSS      _flagB2, BitPos(_flagB2+0)
0x01B0	0x29B8      	GOTO       L_main21
L__main38:
;programa_04_ContagemRegressiva.c,97 :: 		flagB2 = 0;
0x01B1	0x10B0      	BCF        _flagB2, BitPos(_flagB2+0)
;programa_04_ContagemRegressiva.c,98 :: 		startFlag = !startFlag;
0x01B2	0x3010      	MOVLW      16
0x01B3	0x06B0      	XORWF      _startFlag, 1
;programa_04_ContagemRegressiva.c,99 :: 		pauseFlag = !pauseFlag;
0x01B4	0x3020      	MOVLW      32
0x01B5	0x06B0      	XORWF      _pauseFlag, 1
;programa_04_ContagemRegressiva.c,100 :: 		INTCON.TMR0IE = !INTCON.TMR0IE;
0x01B6	0x3020      	MOVLW      32
0x01B7	0x068B      	XORWF      INTCON, 1
;programa_04_ContagemRegressiva.c,101 :: 		}
L_main21:
;programa_04_ContagemRegressiva.c,103 :: 		}
0x01B8	0x2952      	GOTO       L_main0
;programa_04_ContagemRegressiva.c,105 :: 		}
0x01B9	0x29B9      	GOTO       $+0
; end of _main
Symbol List:
//** Routines locations **
//ADDRESS    SIZE    PROCEDURE
//----------------------------------------------
0x0004      [58]    _interrupt
0x003E      [17]    _Div_8x8_U
0x004F       [7]    _____DoICP
0x0056      [13]    _Delay_500us
0x0063      [28]    _display_dezena
0x007F      [30]    _display_unidade
0x009D      [16]    _start
0x00AD      [12]    ___CC2DW
0x00B9      [14]    _config_mcu
0x00C7       [7]    _clear
0x00CE       [9]    _config_timer
0x00D7      [22]    _blink
0x00ED      [57]    _Button
0x0126       [4]    _config_interrupt
0x012A      [11]    _pause
0x0135     [133]    _main
//** Variables locations ** 
//ADDRESS    SIZE    VARIABLE
//----------------------------------------------
0x0000       [1]    INDF
0x0001       [1]    TMR0
0x0002       [1]    PCL
0x0003       [0]    NOT_PD_bit
0x0003       [0]    Z_bit
0x0003       [1]    STATUS
0x0003       [0]    IRP_bit
0x0003       [0]    DC_bit
0x0003       [0]    RP0_bit
0x0003       [0]    RP1_bit
0x0003       [0]    C_bit
0x0003       [0]    NOT_TO_bit
0x0004       [1]    FSR
0x0004       [1]    FSRPTR
0x0005       [0]    RA1_bit
0x0005       [0]    RA0_bit
0x0005       [1]    PORTA
0x0005       [0]    RA2_bit
0x0005       [0]    RA5_bit
0x0005       [0]    RA4_bit
0x0005       [0]    RA3_bit
0x0006       [0]    RB6_bit
0x0006       [0]    RB7_bit
0x0006       [0]    RB2_bit
0x0006       [0]    RB3_bit
0x0006       [0]    RB1_bit
0x0006       [0]    RB0_bit
0x0006       [1]    PORTB
0x0006       [0]    RB5_bit
0x0006       [0]    RB4_bit
0x0007       [1]    PORTC
0x0007       [0]    RC5_bit
0x0007       [0]    RC4_bit
0x0007       [0]    RC7_bit
0x0007       [0]    RC6_bit
0x0007       [0]    RC1_bit
0x0007       [0]    RC0_bit
0x0007       [0]    RC3_bit
0x0007       [0]    RC2_bit
0x0008       [0]    RD4_bit
0x0008       [0]    RD3_bit
0x0008       [0]    RD5_bit
0x0008       [0]    RD7_bit
0x0008       [0]    RD6_bit
0x0008       [0]    RD0_bit
0x0008       [1]    PORTD
0x0008       [0]    RD2_bit
0x0008       [0]    RD1_bit
0x0009       [1]    PORTE
0x0009       [0]    RE0_bit
0x0009       [0]    RE1_bit
0x0009       [0]    RE2_bit
0x000A       [1]    PCLATH
0x000B       [0]    TMR0IF_bit
0x000B       [0]    INTF_bit
0x000B       [0]    RBIF_bit
0x000B       [0]    T0IF_bit
0x000B       [0]    T0IE_bit
0x000B       [0]    PEIE_bit
0x000B       [0]    GIE_bit
0x000B       [0]    RBIE_bit
0x000B       [0]    INTE_bit
0x000B       [0]    TMR0IE_bit
0x000B       [1]    INTCON
0x000C       [0]    CCP1IF_bit
0x000C       [0]    SSPIF_bit
0x000C       [0]    TMR1IF_bit
0x000C       [0]    TMR2IF_bit
0x000C       [0]    TXIF_bit
0x000C       [0]    PSPIF_bit
0x000C       [1]    PIR1
0x000C       [0]    RCIF_bit
0x000C       [0]    ADIF_bit
0x000D       [0]    CCP2IF_bit
0x000D       [1]    PIR2
0x000D       [0]    BCLIF_bit
0x000D       [0]    CMIF_bit
0x000D       [0]    EEIF_bit
0x000E       [1]    TMR1L
0x000F       [1]    TMR1H
0x0010       [0]    TMR1CS_bit
0x0010       [0]    TMR1ON_bit
0x0010       [1]    T1CON
0x0010       [0]    T1SYNC_bit
0x0010       [0]    T1OSCEN_bit
0x0010       [0]    T1CKPS0_bit
0x0010       [0]    NOT_T1SYNC_bit
0x0010       [0]    T1CKPS1_bit
0x0010       [0]    T1INSYNC_bit
0x0011       [1]    TMR2
0x0012       [0]    TOUTPS3_bit
0x0012       [1]    T2CON
0x0012       [0]    TOUTPS2_bit
0x0012       [0]    T2CKPS0_bit
0x0012       [0]    TOUTPS0_bit
0x0012       [0]    TOUTPS1_bit
0x0012       [0]    T2CKPS1_bit
0x0012       [0]    TMR2ON_bit
0x0013       [1]    SSPBUF
0x0014       [0]    SSPM2_bit
0x0014       [0]    SSPM1_bit
0x0014       [0]    SSPM0_bit
0x0014       [0]    SSPEN_bit
0x0014       [0]    SSPOV_bit
0x0014       [0]    WCOL_bit
0x0014       [1]    SSPCON
0x0014       [0]    CKP_bit
0x0014       [0]    SSPM3_bit
0x0015       [2]    CCPR1
0x0015       [1]    CCPR1L
0x0016       [1]    CCPR1H
0x0017       [0]    CCP1M1_bit
0x0017       [0]    CCP1M0_bit
0x0017       [0]    CCP1M2_bit
0x0017       [0]    CCP1X_bit
0x0017       [1]    CCP1CON
0x0017       [0]    CCP1M3_bit
0x0017       [0]    CCP1Y_bit
0x0018       [0]    FERR_bit
0x0018       [0]    ADDEN_bit
0x0018       [0]    CREN_bit
0x0018       [0]    RCD8_bit
0x0018       [0]    RX9D_bit
0x0018       [0]    OERR_bit
0x0018       [0]    RC9_bit
0x0018       [0]    RX9_bit
0x0018       [0]    SPEN_bit
0x0018       [0]    SREN_bit
0x0018       [0]    RC8_9_bit
0x0018       [0]    NOT_RC8_bit
0x0018       [1]    RCSTA
0x0019       [1]    TXREG
0x001A       [1]    RCREG
0x001B       [1]    CCPR2L
0x001B       [2]    CCPR2
0x001C       [1]    CCPR2H
0x001D       [0]    CCP2M0_bit
0x001D       [0]    CCP2M1_bit
0x001D       [0]    CCP2M2_bit
0x001D       [0]    CCP2Y_bit
0x001D       [1]    CCP2CON
0x001D       [0]    CCP2X_bit
0x001D       [0]    CCP2M3_bit
0x001E       [1]    ADRESH
0x001F       [0]    CHS0_bit
0x001F       [0]    ADCS0_bit
0x001F       [0]    CHS2_bit
0x001F       [0]    CHS1_bit
0x001F       [0]    ADON_bit
0x001F       [1]    ADCON0
0x001F       [0]    GO_DONE_bit
0x001F       [0]    GO_bit
0x001F       [0]    NOT_DONE_bit
0x001F       [0]    ADCS1_bit
0x0026      [10]    _digitos
0x0030       [0]    _blinkFlag
0x0030       [0]    _flagB0
0x0030       [0]    _flagB1
0x0030       [0]    _pauseFlag
0x0030       [0]    _clearFlag
0x0030       [0]    _flagB2
0x0030       [0]    _startFlag
0x0031       [2]    ___DoICPAddr
0x0033       [1]    _num
0x0034       [1]    _unidade
0x0035       [1]    _dezena
0x0036       [1]    _contador
0x0037       [1]    _lastNum
0x0038       [1]    ___saveSTATUS
0x0039       [1]    ___savePCLATH
0x003A       [1]    FARG_Button_port
0x003B       [1]    FARG_Button_pin
0x003C       [1]    FARG_Button_time_ms
0x003D       [1]    FARG_Button_active_state
0x003E       [1]    Button_pMask_L0
0x003F       [1]    Button_rslt_L0
0x0070       [1]    R0
0x0071       [1]    R1
0x0072       [1]    R2
0x0073       [1]    R3
0x0074       [1]    R4
0x0075       [1]    R5
0x0076       [1]    R6
0x0077       [1]    R7
0x0078       [1]    R8
0x0079       [1]    R9
0x007A       [1]    R10
0x007B       [1]    R11
0x007C       [1]    R12
0x007D       [1]    R13
0x007E       [1]    R14
0x007F       [1]    R15
0x0081       [0]    T0SE_bit
0x0081       [1]    OPTION_REG
0x0081       [0]    PSA_bit
0x0081       [0]    PS1_bit
0x0081       [0]    PS2_bit
0x0081       [0]    T0CS_bit
0x0081       [0]    PS0_bit
0x0081       [0]    NOT_RBPU_bit
0x0081       [0]    INTEDG_bit
0x0085       [0]    TRISA3_bit
0x0085       [0]    TRISA0_bit
0x0085       [0]    TRISA2_bit
0x0085       [0]    TRISA1_bit
0x0085       [0]    TRISA5_bit
0x0085       [1]    TRISA
0x0085       [0]    TRISA4_bit
0x0086       [0]    TRISB3_bit
0x0086       [0]    TRISB5_bit
0x0086       [0]    TRISB4_bit
0x0086       [1]    TRISB
0x0086       [0]    TRISB0_bit
0x0086       [0]    TRISB1_bit
0x0086       [0]    TRISB2_bit
0x0086       [0]    TRISB6_bit
0x0086       [0]    TRISB7_bit
0x0087       [0]    TRISC2_bit
0x0087       [0]    TRISC7_bit
0x0087       [0]    TRISC0_bit
0x0087       [0]    TRISC1_bit
0x0087       [0]    TRISC6_bit
0x0087       [1]    TRISC
0x0087       [0]    TRISC4_bit
0x0087       [0]    TRISC3_bit
0x0087       [0]    TRISC5_bit
0x0088       [0]    TRISD7_bit
0x0088       [0]    TRISD1_bit
0x0088       [0]    TRISD2_bit
0x0088       [1]    TRISD
0x0088       [0]    TRISD0_bit
0x0088       [0]    TRISD5_bit
0x0088       [0]    TRISD6_bit
0x0088       [0]    TRISD3_bit
0x0088       [0]    TRISD4_bit
0x0089       [0]    PSPMODE_TRISE_bit
0x0089       [0]    TRISE2_bit
0x0089       [0]    TRISE1_bit
0x0089       [0]    IBF_TRISE_bit
0x0089       [0]    OBF_TRISE_bit
0x0089       [0]    IBOV_TRISE_bit
0x0089       [0]    OBF_bit
0x0089       [0]    IBF_bit
0x0089       [1]    TRISE
0x0089       [0]    TRISE0_bit
0x0089       [0]    PSPMODE_bit
0x0089       [0]    IBOV_bit
0x008C       [0]    PSPIE_bit
0x008C       [0]    SSPIE_bit
0x008C       [0]    TMR1IE_bit
0x008C       [0]    RCIE_bit
0x008C       [0]    CCP1IE_bit
0x008C       [0]    TXIE_bit
0x008C       [0]    ADIE_bit
0x008C       [0]    TMR2IE_bit
0x008C       [1]    PIE1
0x008D       [1]    PIE2
0x008D       [0]    EEIE_bit
0x008D       [0]    BCLIE_bit
0x008D       [0]    CCP2IE_bit
0x008D       [0]    CMIE_bit
0x008E       [0]    NOT_BOR_bit
0x008E       [1]    PCON
0x008E       [0]    NOT_BO_bit
0x008E       [0]    NOT_POR_bit
0x0091       [1]    SSPCON2
0x0091       [0]    ACKDT_bit
0x0091       [0]    ACKEN_bit
0x0091       [0]    GCEN_bit
0x0091       [0]    ACKSTAT_bit
0x0091       [0]    RSEN_bit
0x0091       [0]    SEN_bit
0x0091       [0]    RCEN_bit
0x0091       [0]    PEN_bit
0x0092       [1]    PR2
0x0093       [1]    SSPADD
0x0094       [0]    R_bit
0x0094       [0]    I2C_READ_bit
0x0094       [0]    I2C_START__bit
0x0094       [0]    I2C_STOP__bit
0x0094       [0]    S_bit
0x0094       [0]    NOT_W_bit
0x0094       [0]    UA_bit
0x0094       [0]    BF_bit
0x0094       [0]    READ_WRITE_bit
0x0094       [0]    NOT_WRITE_bit
0x0094       [0]    R_W_bit
0x0094       [0]    D_bit
0x0094       [0]    I2C_DATA_bit
0x0094       [1]    SSPSTAT
0x0094       [0]    SMP_bit
0x0094       [0]    CKE_bit
0x0094       [0]    D_A_bit
0x0094       [0]    DATA_ADDRESS_bit
0x0094       [0]    P_bit
0x0094       [0]    NOT_A_bit
0x0094       [0]    NOT_ADDRESS_bit
0x0098       [0]    TXEN_bit
0x0098       [0]    TX8_9_bit
0x0098       [0]    BRGH_bit
0x0098       [0]    SYNC_bit
0x0098       [0]    CSRC_bit
0x0098       [1]    TXSTA
0x0098       [0]    NOT_TX8_bit
0x0098       [0]    TX9_bit
0x0098       [0]    TXD8_bit
0x0098       [0]    TX9D_bit
0x0098       [0]    TRMT_bit
0x0099       [1]    SPBRG
0x009C       [1]    CMCON
0x009C       [0]    CM2_bit
0x009C       [0]    CM0_bit
0x009C       [0]    CM1_bit
0x009C       [0]    C1INV_bit
0x009C       [0]    C1OUT_bit
0x009C       [0]    C2INV_bit
0x009C       [0]    CIS_bit
0x009C       [0]    C2OUT_bit
0x009D       [0]    CVREN_bit
0x009D       [0]    CVROE_bit
0x009D       [1]    CVRCON
0x009D       [0]    CVR2_bit
0x009D       [0]    CVRR_bit
0x009D       [0]    CVR3_bit
0x009D       [0]    CVR1_bit
0x009D       [0]    CVR0_bit
0x009E       [1]    ADRESL
0x009F       [0]    PCFG0_bit
0x009F       [1]    ADCON1
0x009F       [0]    PCFG1_bit
0x009F       [0]    PCFG3_bit
0x009F       [0]    PCFG2_bit
0x009F       [0]    ADCS2_bit
0x009F       [0]    ADFM_bit
0x010C       [1]    EEDATA
0x010D       [1]    EEADR
0x010E       [1]    EEDATH
0x010F       [1]    EEADRH
0x018C       [0]    WREN_bit
0x018C       [0]    WR_bit
0x018C       [0]    RD_bit
0x018C       [0]    WRERR_bit
0x018C       [1]    EECON1
0x018C       [0]    EEPGD_bit
0x018D       [1]    EECON2
//** Label List: ** 
//----------------------------------------------
  L_main0
  L_main1
  L_main2
  L_main3
  L_main4
  L_main5
  L_main6
  L_main7
  L_main8
  L_main9
  L_main10
  L_main11
  L_main12
  L_main13
  L_main14
  L_main15
  L_main16
  L_main17
  L_main18
  L_main19
  L_main20
  L_main21
  L_start22
  L_start23
  L_start24
  L_start25
  L_pause26
  L_pause27
  L_pause28
  L_clear29
  L_blink30
  L_blink31
  L_blink32
  L_interrupt33
  L_interrupt34
  L_interrupt35
  L_display_dezena36
  L_display_unidade37
  L__main38
  L__main39
  L__main40
  L__main41
  L__main42
  L__main43
  L__start44
  L__pause45
  _main
  _start
  _pause
  _clear
  _blink
  _config_mcu
  _config_interrupt
  _config_timer
  _interrupt
  L__interrupt46
  _display_dezena
  _display_unidade
  L_Button0
  L_Button1
  L_Button2
  L_Button3
  _Button
  L__Button4
  L__Button5
  L_Delay_10us0
  L_Delay_22us1
  L_Delay_50us2
  L_Delay_80us3
  L_Delay_500us4
  L_Delay_5500us5
  L_Delay_1ms6
  L_Delay_5ms7
  L_Delay_8ms8
  L_Delay_100ms9
  L_Delay_1sec10
  L_boot16_Delay_5ms11
  L_Delay_Cyc12
  L_Delay_Cyc13
  L_VDelay_ms14
  L_VDelay_ms15
  L_VDelay_ms16
  L_VDelay_Advanced_ms17
  L_VDelay_Advanced_ms18
  L_VDelay_Advanced_ms19
  _Get_Fosc_kHz
  _Delay_1us
  _Delay_10us
  _Delay_22us
  _Delay_50us
  _Delay_80us
  _Delay_500us
  _Delay_5500us
  _Delay_1ms
  _Delay_5ms
  _Delay_8ms
  _Delay_100ms
  _Delay_1sec
  _boot16_Delay_5ms
  _Delay_Cyc
  _VDelay_ms
  L__VDelay_ms20
  L__VDelay_ms21
  L__VDelay_ms22
  _VDelay_Advanced_ms
  L__VDelay_Advanced_ms23
  L__VDelay_Advanced_ms24
  L__VDelay_Advanced_ms25
  L_Div_16x16_S0
  L_Div_16x16_S1
  LOOPS3232A
  SADD22LA
  SOK22LA
  SADD22L8
  SOK22L8
  LOOPS3232B
  SADD22LB
  SOK22LB
  SADD22L16
  SOK22L16
  LOOPS3232C
  SADD22LC
  SOK22LC
  SADD22L24
  SOK22L24
  LOOPS3232D
  SADD22LD
  SOK22LD
  SOK22L
  L_Div_32x32_S6
  L_Div_32x32_S7
  L_Div_32x32_S8
  L_Div_32x32_S9
  FXD3232S
  END_ALL
  CA3232S
  C3232SX
  C3232SX1
  C3232S
  C3232S2
  C3232SX4
  C3232SOK
  C3232SX3
  C3232SX2
  avoid_comfrem
  LOOPU3232A
  UADD22LA
  UOK22LA
  UADD22L8
  UOK22L8
  LOOPU3232B
  UADD22LB
  UOK22LB
  UADD22L16
  UOK22L16
  LOOPU3232C
  UADD22LC
  UOK22LC
  UADD22L24
  UOK22L24
  LOOPU3232D
  UADD22LD
  UOK22LD
  UOK22L
  _NEXT
  _EXIT2
  _LOOP
  _EXIT1
  _IF_FIRST
  _IF_SECOND
  _INVERCE_FIRST
  _MULT
  _INBERSE_SECOND
  _EXIT
  _Mul_8x8_U
  _Mul_16x16_U
  _Div_8x8_U
  _Div_16x16_U
  _Mul_8x8_S
  _Mul_16x16_S
  _Div_16x16_S_L
  _Div_16x16_S
  _Div_8x8_S
  _SDIV3232L
  _COMFREM
  _Div_32x32_S
  _Div_32x32_U
  _Mul_32x32_U
  _Mul_32x32_S
  _CC2D_Loop1
  _____DoICP
  _____DoIFC
  ___CC2DW
  _Swap
  L_main0
  L_main1
  L_main2
  L_main3
  L_main4
  L_main5
  L_main6
  L_main7
  L_main8
  L_main9
  L_main10
  L_main11
  L_main12
  L_main13
  L_main14
  L_main15
  L_main16
  L_main17
  L_main18
  L_main19
  L_main20
  L_main21
  L_start22
  L_start23
  L_start24
  L_start25
  L_pause26
  L_pause27
  L_pause28
  L_clear29
  L_blink30
  L_blink31
  L_blink32
  L_interrupt33
  L_interrupt34
  L_interrupt35
  L_display_dezena36
  L_display_unidade37
  L__main38
  L__main39
  L__main40
  L__main41
  L__main42
  L__main43
  L__start44
  L__pause45
  _main
  _start
  _pause
  _clear
  _blink
  _config_mcu
  _config_interrupt
  _config_timer
  _interrupt
  L__interrupt46
  _display_dezena
  _display_unidade
