;  LST file generated by mikroListExporter - v.2.0 
; Date/Time: 25/05/2023 13:11:52
;----------------------------------------------

;Address Opcode 	ASM
0x0000	0x285B      	GOTO       91
_____DoICP:
;__Lib_System.c,6 :: 		
;__Lib_System.c,9 :: 		
0x0003	0x1283      	BCF        STATUS, 5
0x0004	0x1303      	BCF        STATUS, 6
0x0005	0x0823      	MOVF       ___DoICPAddr+1, 0
0x0006	0x008A      	MOVWF      PCLATH
;__Lib_System.c,10 :: 		
0x0007	0x0822      	MOVF       ___DoICPAddr, 0
0x0008	0x0082      	MOVWF      PCL
;__Lib_System.c,12 :: 		
0x0009	0x0008      	RETURN
; end of _____DoICP
___CC2DW:
;__Lib_System.c,24 :: 		
;__Lib_System.c,27 :: 		
_CC2D_Loop1:
;__Lib_System.c,29 :: 		
0x000A	0x2003      	CALL       _____DoICP
0x000B	0x118A      	BCF        PCLATH, 3
0x000C	0x120A      	BCF        PCLATH, 4
;__Lib_System.c,31 :: 		
0x000D	0x0080      	MOVWF      INDF
;__Lib_System.c,32 :: 		
0x000E	0x0A84      	INCF       FSR, 1
;__Lib_System.c,33 :: 		
0x000F	0x0AA2      	INCF       ___DoICPAddr, 1
;__Lib_System.c,35 :: 		
0x0010	0x1903      	BTFSC      STATUS, 2
;__Lib_System.c,36 :: 		
0x0011	0x0AA3      	INCF       ___DoICPAddr+1, 1
;__Lib_System.c,37 :: 		
0x0012	0x03F0      	DECF       R0, 1
;__Lib_System.c,39 :: 		
0x0013	0x1D03      	BTFSS      STATUS, 2
;__Lib_System.c,40 :: 		
0x0014	0x280A      	GOTO       _CC2D_Loop1
;__Lib_System.c,42 :: 		
0x0015	0x0008      	RETURN
; end of ___CC2DW
_erro:
;Efeitos.c,102 :: 		void erro(){
;Efeitos.c,104 :: 		for(i = 0; i < 5; i++){
0x0016	0x1283      	BCF        STATUS, 5
0x0017	0x1303      	BCF        STATUS, 6
0x0018	0x01F1      	CLRF       R1
0x0019	0x01F2      	CLRF       R1+1
L_erro22:
0x001A	0x3080      	MOVLW      128
0x001B	0x0672      	XORWF      R1+1, 0
0x001C	0x00F0      	MOVWF      R0
0x001D	0x3080      	MOVLW      128
0x001E	0x0270      	SUBWF      R0, 0
0x001F	0x1D03      	BTFSS      STATUS, 2
0x0020	0x2823      	GOTO       L__erro32
0x0021	0x3005      	MOVLW      5
0x0022	0x0271      	SUBWF      R1, 0
L__erro32:
0x0023	0x1803      	BTFSC      STATUS, 0
0x0024	0x2847      	GOTO       L_erro23
;Efeitos.c,105 :: 		PORTC.RC1 = 1;
0x0025	0x1487      	BSF        PORTC, 1
;Efeitos.c,106 :: 		delay_ms(500);
0x0026	0x3006      	MOVLW      6
0x0027	0x00FB      	MOVWF      R11
0x0028	0x3013      	MOVLW      19
0x0029	0x00FC      	MOVWF      R12
0x002A	0x30AD      	MOVLW      173
0x002B	0x00FD      	MOVWF      R13
L_erro25:
0x002C	0x0BFD      	DECFSZ     R13, 1
0x002D	0x282C      	GOTO       L_erro25
0x002E	0x0BFC      	DECFSZ     R12, 1
0x002F	0x282C      	GOTO       L_erro25
0x0030	0x0BFB      	DECFSZ     R11, 1
0x0031	0x282C      	GOTO       L_erro25
0x0032	0x0000      	NOP
0x0033	0x0000      	NOP
;Efeitos.c,107 :: 		PORTC.RC1 =0;
0x0034	0x1087      	BCF        PORTC, 1
;Efeitos.c,108 :: 		delay_ms(500);
0x0035	0x3006      	MOVLW      6
0x0036	0x00FB      	MOVWF      R11
0x0037	0x3013      	MOVLW      19
0x0038	0x00FC      	MOVWF      R12
0x0039	0x30AD      	MOVLW      173
0x003A	0x00FD      	MOVWF      R13
L_erro26:
0x003B	0x0BFD      	DECFSZ     R13, 1
0x003C	0x283B      	GOTO       L_erro26
0x003D	0x0BFC      	DECFSZ     R12, 1
0x003E	0x283B      	GOTO       L_erro26
0x003F	0x0BFB      	DECFSZ     R11, 1
0x0040	0x283B      	GOTO       L_erro26
0x0041	0x0000      	NOP
0x0042	0x0000      	NOP
;Efeitos.c,104 :: 		for(i = 0; i < 5; i++){
0x0043	0x0AF1      	INCF       R1, 1
0x0044	0x1903      	BTFSC      STATUS, 2
0x0045	0x0AF2      	INCF       R1+1, 1
;Efeitos.c,109 :: 		}
0x0046	0x281A      	GOTO       L_erro22
L_erro23:
;Efeitos.c,110 :: 		}
0x0047	0x0008      	RETURN
; end of _erro
_bip:
;Efeitos.c,97 :: 		void bip(){
;Efeitos.c,98 :: 		PORTC.RC1 = 1;
0x0048	0x1283      	BCF        STATUS, 5
0x0049	0x1303      	BCF        STATUS, 6
0x004A	0x1487      	BSF        PORTC, 1
;Efeitos.c,99 :: 		delay_ms(500);
0x004B	0x3006      	MOVLW      6
0x004C	0x00FB      	MOVWF      R11
0x004D	0x3013      	MOVLW      19
0x004E	0x00FC      	MOVWF      R12
0x004F	0x30AD      	MOVLW      173
0x0050	0x00FD      	MOVWF      R13
L_bip21:
0x0051	0x0BFD      	DECFSZ     R13, 1
0x0052	0x2851      	GOTO       L_bip21
0x0053	0x0BFC      	DECFSZ     R12, 1
0x0054	0x2851      	GOTO       L_bip21
0x0055	0x0BFB      	DECFSZ     R11, 1
0x0056	0x2851      	GOTO       L_bip21
0x0057	0x0000      	NOP
0x0058	0x0000      	NOP
;Efeitos.c,100 :: 		PORTC.RC1 = 0;
0x0059	0x1087      	BCF        PORTC, 1
;Efeitos.c,101 :: 		}
0x005A	0x0008      	RETURN
; end of _bip
_main:
0x005B	0x1283      	BCF        STATUS, 5
0x005C	0x1303      	BCF        STATUS, 6
0x005D	0x01A0      	CLRF       _efeito
0x005E	0x01A1      	CLRF       33
;Efeitos.c,28 :: 		void main() {
;Efeitos.c,30 :: 		int i = 0;
0x005F	0x01A4      	CLRF       main_i_L0
0x0060	0x01A5      	CLRF       main_i_L0+1
0x0061	0x30FF      	MOVLW      255
0x0062	0x00A6      	MOVWF      main_control_L0
0x0063	0x3000      	MOVLW      0
0x0064	0x00A7      	MOVWF      main_control_L0+1
;Efeitos.c,33 :: 		CMCON = 0x07;  // desabilita os comparadores internos
0x0065	0x3007      	MOVLW      7
0x0066	0x1683      	BSF        STATUS, 5
0x0067	0x009C      	MOVWF      CMCON
;Efeitos.c,34 :: 		ADCON0 = 0x00; // conversor AD desabilitado
0x0068	0x1283      	BCF        STATUS, 5
0x0069	0x019F      	CLRF       ADCON0
;Efeitos.c,35 :: 		ADCON1 = 0x07; // todos os canais como digital
0x006A	0x3007      	MOVLW      7
0x006B	0x1683      	BSF        STATUS, 5
0x006C	0x009F      	MOVWF      ADCON1
;Efeitos.c,36 :: 		TRISC = 0x00;  // configura todo o PORT C  como saída
0x006D	0x0187      	CLRF       TRISC
;Efeitos.c,37 :: 		PORTC = 0X00;  // inicializa o PORT C
0x006E	0x1283      	BCF        STATUS, 5
0x006F	0x0187      	CLRF       PORTC
;Efeitos.c,38 :: 		TRISD = 0x00;  // configura todo o PORT D como saída
0x0070	0x1683      	BSF        STATUS, 5
0x0071	0x0188      	CLRF       TRISD
;Efeitos.c,39 :: 		PORTD = 0x00;  // inicializa o PORT D
0x0072	0x1283      	BCF        STATUS, 5
0x0073	0x0188      	CLRF       PORTD
;Efeitos.c,40 :: 		TRISB = 0x07;  // configura RB0 a RB2 como entrada digital
0x0074	0x3007      	MOVLW      7
0x0075	0x1683      	BSF        STATUS, 5
0x0076	0x0086      	MOVWF      TRISB
;Efeitos.c,41 :: 		PORTB = 0X00;  // Iinicializa o PORT B
0x0077	0x1283      	BCF        STATUS, 5
0x0078	0x0186      	CLRF       PORTB
;Efeitos.c,44 :: 		while(1)
L_main0:
;Efeitos.c,46 :: 		if(PORTB.RB0 == 0){
0x0079	0x1806      	BTFSC      PORTB, 0
0x007A	0x2880      	GOTO       L_main2
;Efeitos.c,47 :: 		efeito = 1;
0x007B	0x3001      	MOVLW      1
0x007C	0x00A0      	MOVWF      _efeito
0x007D	0x3000      	MOVLW      0
0x007E	0x00A1      	MOVWF      _efeito+1
;Efeitos.c,48 :: 		bip();
0x007F	0x2048      	CALL       _bip
;Efeitos.c,49 :: 		}
L_main2:
;Efeitos.c,51 :: 		if(PORTB.RB1 == 0){
0x0080	0x1886      	BTFSC      PORTB, 1
0x0081	0x2896      	GOTO       L_main3
;Efeitos.c,52 :: 		efeito = 2;
0x0082	0x3002      	MOVLW      2
0x0083	0x00A0      	MOVWF      _efeito
0x0084	0x3000      	MOVLW      0
0x0085	0x00A1      	MOVWF      _efeito+1
;Efeitos.c,53 :: 		bip();
0x0086	0x2048      	CALL       _bip
;Efeitos.c,54 :: 		delay_ms(500);
0x0087	0x3006      	MOVLW      6
0x0088	0x00FB      	MOVWF      R11
0x0089	0x3013      	MOVLW      19
0x008A	0x00FC      	MOVWF      R12
0x008B	0x30AD      	MOVLW      173
0x008C	0x00FD      	MOVWF      R13
L_main4:
0x008D	0x0BFD      	DECFSZ     R13, 1
0x008E	0x288D      	GOTO       L_main4
0x008F	0x0BFC      	DECFSZ     R12, 1
0x0090	0x288D      	GOTO       L_main4
0x0091	0x0BFB      	DECFSZ     R11, 1
0x0092	0x288D      	GOTO       L_main4
0x0093	0x0000      	NOP
0x0094	0x0000      	NOP
;Efeitos.c,55 :: 		bip();
0x0095	0x2048      	CALL       _bip
;Efeitos.c,56 :: 		}
L_main3:
;Efeitos.c,58 :: 		if(PORTB.RB2 == 0){
0x0096	0x1906      	BTFSC      PORTB, 2
0x0097	0x293B      	GOTO       L_main5
;Efeitos.c,59 :: 		switch(efeito){
0x0098	0x2923      	GOTO       L_main6
;Efeitos.c,60 :: 		case 1:
L_main8:
;Efeitos.c,61 :: 		PORTD = control;
0x0099	0x0826      	MOVF       main_control_L0, 0
0x009A	0x0088      	MOVWF      PORTD
;Efeitos.c,62 :: 		delay_ms(250);
0x009B	0x3003      	MOVLW      3
0x009C	0x00FB      	MOVWF      R11
0x009D	0x308A      	MOVLW      138
0x009E	0x00FC      	MOVWF      R12
0x009F	0x3055      	MOVLW      85
0x00A0	0x00FD      	MOVWF      R13
L_main9:
0x00A1	0x0BFD      	DECFSZ     R13, 1
0x00A2	0x28A1      	GOTO       L_main9
0x00A3	0x0BFC      	DECFSZ     R12, 1
0x00A4	0x28A1      	GOTO       L_main9
0x00A5	0x0BFB      	DECFSZ     R11, 1
0x00A6	0x28A1      	GOTO       L_main9
0x00A7	0x0000      	NOP
0x00A8	0x0000      	NOP
;Efeitos.c,63 :: 		for(i = 0; i < 8; i++){
0x00A9	0x01A4      	CLRF       main_i_L0
0x00AA	0x01A5      	CLRF       main_i_L0+1
L_main10:
0x00AB	0x3080      	MOVLW      128
0x00AC	0x0625      	XORWF      main_i_L0+1, 0
0x00AD	0x00F0      	MOVWF      R0
0x00AE	0x3080      	MOVLW      128
0x00AF	0x0270      	SUBWF      R0, 0
0x00B0	0x1D03      	BTFSS      STATUS, 2
0x00B1	0x28B4      	GOTO       L__main27
0x00B2	0x3008      	MOVLW      8
0x00B3	0x0224      	SUBWF      main_i_L0, 0
L__main27:
0x00B4	0x1803      	BTFSC      STATUS, 0
0x00B5	0x28D5      	GOTO       L_main11
;Efeitos.c,64 :: 		control = control << 1;
0x00B6	0x0826      	MOVF       main_control_L0, 0
0x00B7	0x00F0      	MOVWF      R0
0x00B8	0x0827      	MOVF       main_control_L0+1, 0
0x00B9	0x00F1      	MOVWF      R0+1
0x00BA	0x0DF0      	RLF        R0, 1
0x00BB	0x0DF1      	RLF        R0+1, 1
0x00BC	0x1070      	BCF        R0, 0
0x00BD	0x0870      	MOVF       R0, 0
0x00BE	0x00A6      	MOVWF      main_control_L0
0x00BF	0x0871      	MOVF       R0+1, 0
0x00C0	0x00A7      	MOVWF      main_control_L0+1
;Efeitos.c,65 :: 		PORTD = control;
0x00C1	0x0870      	MOVF       R0, 0
0x00C2	0x0088      	MOVWF      PORTD
;Efeitos.c,66 :: 		delay_ms(250);
0x00C3	0x3003      	MOVLW      3
0x00C4	0x00FB      	MOVWF      R11
0x00C5	0x308A      	MOVLW      138
0x00C6	0x00FC      	MOVWF      R12
0x00C7	0x3055      	MOVLW      85
0x00C8	0x00FD      	MOVWF      R13
L_main13:
0x00C9	0x0BFD      	DECFSZ     R13, 1
0x00CA	0x28C9      	GOTO       L_main13
0x00CB	0x0BFC      	DECFSZ     R12, 1
0x00CC	0x28C9      	GOTO       L_main13
0x00CD	0x0BFB      	DECFSZ     R11, 1
0x00CE	0x28C9      	GOTO       L_main13
0x00CF	0x0000      	NOP
0x00D0	0x0000      	NOP
;Efeitos.c,63 :: 		for(i = 0; i < 8; i++){
0x00D1	0x0AA4      	INCF       main_i_L0, 1
0x00D2	0x1903      	BTFSC      STATUS, 2
0x00D3	0x0AA5      	INCF       main_i_L0+1, 1
;Efeitos.c,67 :: 		}
0x00D4	0x28AB      	GOTO       L_main10
L_main11:
;Efeitos.c,68 :: 		control = 255;
0x00D5	0x30FF      	MOVLW      255
0x00D6	0x00A6      	MOVWF      main_control_L0
0x00D7	0x01A7      	CLRF       main_control_L0+1
;Efeitos.c,69 :: 		efeito = 0;
0x00D8	0x01A0      	CLRF       _efeito
0x00D9	0x01A1      	CLRF       _efeito+1
;Efeitos.c,70 :: 		break;
0x00DA	0x293B      	GOTO       L_main7
;Efeitos.c,71 :: 		case 2:
L_main14:
;Efeitos.c,72 :: 		PORTD = control;
0x00DB	0x0826      	MOVF       main_control_L0, 0
0x00DC	0x0088      	MOVWF      PORTD
;Efeitos.c,73 :: 		delay_ms(250);
0x00DD	0x3003      	MOVLW      3
0x00DE	0x00FB      	MOVWF      R11
0x00DF	0x308A      	MOVLW      138
0x00E0	0x00FC      	MOVWF      R12
0x00E1	0x3055      	MOVLW      85
0x00E2	0x00FD      	MOVWF      R13
L_main15:
0x00E3	0x0BFD      	DECFSZ     R13, 1
0x00E4	0x28E3      	GOTO       L_main15
0x00E5	0x0BFC      	DECFSZ     R12, 1
0x00E6	0x28E3      	GOTO       L_main15
0x00E7	0x0BFB      	DECFSZ     R11, 1
0x00E8	0x28E3      	GOTO       L_main15
0x00E9	0x0000      	NOP
0x00EA	0x0000      	NOP
;Efeitos.c,74 :: 		for(i = 0; i < 8; i++){
0x00EB	0x01A4      	CLRF       main_i_L0
0x00EC	0x01A5      	CLRF       main_i_L0+1
L_main16:
0x00ED	0x3080      	MOVLW      128
0x00EE	0x0625      	XORWF      main_i_L0+1, 0
0x00EF	0x00F0      	MOVWF      R0
0x00F0	0x3080      	MOVLW      128
0x00F1	0x0270      	SUBWF      R0, 0
0x00F2	0x1D03      	BTFSS      STATUS, 2
0x00F3	0x28F6      	GOTO       L__main28
0x00F4	0x3008      	MOVLW      8
0x00F5	0x0224      	SUBWF      main_i_L0, 0
L__main28:
0x00F6	0x1803      	BTFSC      STATUS, 0
0x00F7	0x2919      	GOTO       L_main17
;Efeitos.c,75 :: 		control = control >> 1;
0x00F8	0x0826      	MOVF       main_control_L0, 0
0x00F9	0x00F0      	MOVWF      R0
0x00FA	0x0827      	MOVF       main_control_L0+1, 0
0x00FB	0x00F1      	MOVWF      R0+1
0x00FC	0x0CF1      	RRF        R0+1, 1
0x00FD	0x0CF0      	RRF        R0, 1
0x00FE	0x13F1      	BCF        R0+1, 7
0x00FF	0x1B71      	BTFSC      R0+1, 6
0x0100	0x17F1      	BSF        R0+1, 7
0x0101	0x0870      	MOVF       R0, 0
0x0102	0x00A6      	MOVWF      main_control_L0
0x0103	0x0871      	MOVF       R0+1, 0
0x0104	0x00A7      	MOVWF      main_control_L0+1
;Efeitos.c,76 :: 		PORTD = control;
0x0105	0x0870      	MOVF       R0, 0
0x0106	0x0088      	MOVWF      PORTD
;Efeitos.c,77 :: 		delay_ms(250);
0x0107	0x3003      	MOVLW      3
0x0108	0x00FB      	MOVWF      R11
0x0109	0x308A      	MOVLW      138
0x010A	0x00FC      	MOVWF      R12
0x010B	0x3055      	MOVLW      85
0x010C	0x00FD      	MOVWF      R13
L_main19:
0x010D	0x0BFD      	DECFSZ     R13, 1
0x010E	0x290D      	GOTO       L_main19
0x010F	0x0BFC      	DECFSZ     R12, 1
0x0110	0x290D      	GOTO       L_main19
0x0111	0x0BFB      	DECFSZ     R11, 1
0x0112	0x290D      	GOTO       L_main19
0x0113	0x0000      	NOP
0x0114	0x0000      	NOP
;Efeitos.c,74 :: 		for(i = 0; i < 8; i++){
0x0115	0x0AA4      	INCF       main_i_L0, 1
0x0116	0x1903      	BTFSC      STATUS, 2
0x0117	0x0AA5      	INCF       main_i_L0+1, 1
;Efeitos.c,78 :: 		}
0x0118	0x28ED      	GOTO       L_main16
L_main17:
;Efeitos.c,79 :: 		control = 255;
0x0119	0x30FF      	MOVLW      255
0x011A	0x00A6      	MOVWF      main_control_L0
0x011B	0x01A7      	CLRF       main_control_L0+1
;Efeitos.c,80 :: 		efeito = 0;
0x011C	0x01A0      	CLRF       _efeito
0x011D	0x01A1      	CLRF       _efeito+1
;Efeitos.c,81 :: 		break;
0x011E	0x293B      	GOTO       L_main7
;Efeitos.c,82 :: 		case 0:
L_main20:
;Efeitos.c,83 :: 		efeito = 0;
0x011F	0x01A0      	CLRF       _efeito
0x0120	0x01A1      	CLRF       _efeito+1
;Efeitos.c,84 :: 		erro();
0x0121	0x2016      	CALL       _erro
;Efeitos.c,85 :: 		break;
0x0122	0x293B      	GOTO       L_main7
;Efeitos.c,86 :: 		}
L_main6:
0x0123	0x3000      	MOVLW      0
0x0124	0x0621      	XORWF      _efeito+1, 0
0x0125	0x1D03      	BTFSS      STATUS, 2
0x0126	0x2929      	GOTO       L__main29
0x0127	0x3001      	MOVLW      1
0x0128	0x0620      	XORWF      _efeito, 0
L__main29:
0x0129	0x1903      	BTFSC      STATUS, 2
0x012A	0x2899      	GOTO       L_main8
0x012B	0x3000      	MOVLW      0
0x012C	0x0621      	XORWF      _efeito+1, 0
0x012D	0x1D03      	BTFSS      STATUS, 2
0x012E	0x2931      	GOTO       L__main30
0x012F	0x3002      	MOVLW      2
0x0130	0x0620      	XORWF      _efeito, 0
L__main30:
0x0131	0x1903      	BTFSC      STATUS, 2
0x0132	0x28DB      	GOTO       L_main14
0x0133	0x3000      	MOVLW      0
0x0134	0x0621      	XORWF      _efeito+1, 0
0x0135	0x1D03      	BTFSS      STATUS, 2
0x0136	0x2939      	GOTO       L__main31
0x0137	0x3000      	MOVLW      0
0x0138	0x0620      	XORWF      _efeito, 0
L__main31:
0x0139	0x1903      	BTFSC      STATUS, 2
0x013A	0x291F      	GOTO       L_main20
L_main7:
;Efeitos.c,87 :: 		}
L_main5:
;Efeitos.c,91 :: 		}
0x013B	0x2879      	GOTO       L_main0
;Efeitos.c,93 :: 		}
0x013C	0x293C      	GOTO       $+0
; end of _main
Symbol List:
//** Routines locations **
//ADDRESS    SIZE    PROCEDURE
//----------------------------------------------
0x0003       [7]    _____DoICP
0x000A      [12]    ___CC2DW
0x0016      [50]    _erro
0x0048      [19]    _bip
0x005B     [226]    _main
//** Variables locations ** 
//ADDRESS    SIZE    VARIABLE
//----------------------------------------------
0x0000       [1]    INDF
0x0001       [1]    TMR0
0x0002       [1]    PCL
0x0003       [0]    RP1_bit
0x0003       [0]    IRP_bit
0x0003       [0]    RP0_bit
0x0003       [0]    NOT_TO_bit
0x0003       [0]    NOT_PD_bit
0x0003       [0]    C_bit
0x0003       [1]    STATUS
0x0003       [0]    DC_bit
0x0003       [0]    Z_bit
0x0004       [1]    FSR
0x0004       [1]    FSRPTR
0x0005       [0]    RA3_bit
0x0005       [0]    RA4_bit
0x0005       [0]    RA2_bit
0x0005       [0]    RA1_bit
0x0005       [0]    RA0_bit
0x0005       [0]    RA5_bit
0x0005       [1]    PORTA
0x0006       [0]    RB6_bit
0x0006       [0]    RB7_bit
0x0006       [0]    RB1_bit
0x0006       [0]    RB5_bit
0x0006       [0]    RB0_bit
0x0006       [0]    RB4_bit
0x0006       [0]    RB3_bit
0x0006       [1]    PORTB
0x0006       [0]    RB2_bit
0x0007       [0]    RC7_bit
0x0007       [0]    RC5_bit
0x0007       [0]    RC3_bit
0x0007       [0]    RC2_bit
0x0007       [0]    RC6_bit
0x0007       [0]    RC0_bit
0x0007       [1]    PORTC
0x0007       [0]    RC1_bit
0x0007       [0]    RC4_bit
0x0008       [0]    RD7_bit
0x0008       [1]    PORTD
0x0008       [0]    RD0_bit
0x0008       [0]    RD3_bit
0x0008       [0]    RD2_bit
0x0008       [0]    RD1_bit
0x0008       [0]    RD4_bit
0x0008       [0]    RD6_bit
0x0008       [0]    RD5_bit
0x0009       [0]    RE1_bit
0x0009       [0]    RE0_bit
0x0009       [0]    RE2_bit
0x0009       [1]    PORTE
0x000A       [1]    PCLATH
0x000B       [0]    GIE_bit
0x000B       [1]    INTCON
0x000B       [0]    RBIF_bit
0x000B       [0]    T0IE_bit
0x000B       [0]    INTF_bit
0x000B       [0]    TMR0IF_bit
0x000B       [0]    INTE_bit
0x000B       [0]    RBIE_bit
0x000B       [0]    PEIE_bit
0x000B       [0]    T0IF_bit
0x000B       [0]    TMR0IE_bit
0x000C       [1]    PIR1
0x000C       [0]    SSPIF_bit
0x000C       [0]    ADIF_bit
0x000C       [0]    TXIF_bit
0x000C       [0]    RCIF_bit
0x000C       [0]    CCP1IF_bit
0x000C       [0]    TMR2IF_bit
0x000C       [0]    TMR1IF_bit
0x000C       [0]    PSPIF_bit
0x000D       [1]    PIR2
0x000D       [0]    BCLIF_bit
0x000D       [0]    EEIF_bit
0x000D       [0]    CMIF_bit
0x000D       [0]    CCP2IF_bit
0x000E       [1]    TMR1L
0x000F       [1]    TMR1H
0x0010       [0]    T1SYNC_bit
0x0010       [0]    TMR1CS_bit
0x0010       [1]    T1CON
0x0010       [0]    TMR1ON_bit
0x0010       [0]    T1INSYNC_bit
0x0010       [0]    T1OSCEN_bit
0x0010       [0]    T1CKPS0_bit
0x0010       [0]    T1CKPS1_bit
0x0010       [0]    NOT_T1SYNC_bit
0x0011       [1]    TMR2
0x0012       [0]    TOUTPS2_bit
0x0012       [0]    TMR2ON_bit
0x0012       [0]    TOUTPS1_bit
0x0012       [0]    TOUTPS0_bit
0x0012       [0]    TOUTPS3_bit
0x0012       [0]    T2CKPS0_bit
0x0012       [0]    T2CKPS1_bit
0x0012       [1]    T2CON
0x0013       [1]    SSPBUF
0x0014       [0]    SSPM1_bit
0x0014       [0]    SSPM0_bit
0x0014       [0]    SSPOV_bit
0x0014       [0]    WCOL_bit
0x0014       [0]    SSPM2_bit
0x0014       [0]    SSPM3_bit
0x0014       [1]    SSPCON
0x0014       [0]    CKP_bit
0x0014       [0]    SSPEN_bit
0x0015       [2]    CCPR1
0x0015       [1]    CCPR1L
0x0016       [1]    CCPR1H
0x0017       [0]    CCP1X_bit
0x0017       [0]    CCP1M3_bit
0x0017       [1]    CCP1CON
0x0017       [0]    CCP1Y_bit
0x0017       [0]    CCP1M1_bit
0x0017       [0]    CCP1M0_bit
0x0017       [0]    CCP1M2_bit
0x0018       [0]    SPEN_bit
0x0018       [0]    RX9_bit
0x0018       [0]    RC9_bit
0x0018       [0]    RCD8_bit
0x0018       [0]    ADDEN_bit
0x0018       [0]    FERR_bit
0x0018       [0]    OERR_bit
0x0018       [0]    RX9D_bit
0x0018       [0]    NOT_RC8_bit
0x0018       [1]    RCSTA
0x0018       [0]    RC8_9_bit
0x0018       [0]    CREN_bit
0x0018       [0]    SREN_bit
0x0019       [1]    TXREG
0x001A       [1]    RCREG
0x001B       [1]    CCPR2L
0x001B       [2]    CCPR2
0x001C       [1]    CCPR2H
0x001D       [0]    CCP2M2_bit
0x001D       [0]    CCP2M1_bit
0x001D       [0]    CCP2M0_bit
0x001D       [1]    CCP2CON
0x001D       [0]    CCP2M3_bit
0x001D       [0]    CCP2Y_bit
0x001D       [0]    CCP2X_bit
0x001E       [1]    ADRESH
0x001F       [0]    ADCS0_bit
0x001F       [0]    ADCS1_bit
0x001F       [1]    ADCON0
0x001F       [0]    CHS2_bit
0x001F       [0]    NOT_DONE_bit
0x001F       [0]    GO_bit
0x001F       [0]    ADON_bit
0x001F       [0]    GO_DONE_bit
0x001F       [0]    CHS0_bit
0x001F       [0]    CHS1_bit
0x0020       [2]    _efeito
0x0022       [2]    ___DoICPAddr
0x0024       [2]    main_i_L0
0x0026       [2]    main_control_L0
0x0070       [1]    R0
0x0071       [1]    R1
0x0072       [1]    R2
0x0073       [1]    R3
0x0074       [1]    R4
0x0075       [1]    R5
0x0076       [1]    R6
0x0077       [1]    R7
0x0078       [1]    R8
0x0079       [1]    R9
0x007A       [1]    R10
0x007B       [1]    R11
0x007C       [1]    R12
0x007D       [1]    R13
0x007E       [1]    R14
0x007F       [1]    R15
0x0081       [0]    PSA_bit
0x0081       [0]    T0SE_bit
0x0081       [1]    OPTION_REG
0x0081       [0]    PS2_bit
0x0081       [0]    PS1_bit
0x0081       [0]    INTEDG_bit
0x0081       [0]    T0CS_bit
0x0081       [0]    NOT_RBPU_bit
0x0081       [0]    PS0_bit
0x0085       [0]    TRISA3_bit
0x0085       [1]    TRISA
0x0085       [0]    TRISA0_bit
0x0085       [0]    TRISA1_bit
0x0085       [0]    TRISA2_bit
0x0085       [0]    TRISA4_bit
0x0085       [0]    TRISA5_bit
0x0086       [0]    TRISB3_bit
0x0086       [0]    TRISB6_bit
0x0086       [0]    TRISB1_bit
0x0086       [0]    TRISB7_bit
0x0086       [0]    TRISB0_bit
0x0086       [0]    TRISB2_bit
0x0086       [0]    TRISB4_bit
0x0086       [0]    TRISB5_bit
0x0086       [1]    TRISB
0x0087       [1]    TRISC
0x0087       [0]    TRISC1_bit
0x0087       [0]    TRISC6_bit
0x0087       [0]    TRISC3_bit
0x0087       [0]    TRISC7_bit
0x0087       [0]    TRISC4_bit
0x0087       [0]    TRISC0_bit
0x0087       [0]    TRISC2_bit
0x0087       [0]    TRISC5_bit
0x0088       [0]    TRISD6_bit
0x0088       [0]    TRISD7_bit
0x0088       [1]    TRISD
0x0088       [0]    TRISD4_bit
0x0088       [0]    TRISD3_bit
0x0088       [0]    TRISD2_bit
0x0088       [0]    TRISD1_bit
0x0088       [0]    TRISD0_bit
0x0088       [0]    TRISD5_bit
0x0089       [0]    TRISE1_bit
0x0089       [0]    TRISE0_bit
0x0089       [0]    PSPMODE_bit
0x0089       [1]    TRISE
0x0089       [0]    IBOV_bit
0x0089       [0]    IBF_bit
0x0089       [0]    OBF_bit
0x0089       [0]    IBF_TRISE_bit
0x0089       [0]    PSPMODE_TRISE_bit
0x0089       [0]    OBF_TRISE_bit
0x0089       [0]    IBOV_TRISE_bit
0x0089       [0]    TRISE2_bit
0x008C       [0]    PSPIE_bit
0x008C       [0]    ADIE_bit
0x008C       [1]    PIE1
0x008C       [0]    TMR1IE_bit
0x008C       [0]    SSPIE_bit
0x008C       [0]    CCP1IE_bit
0x008C       [0]    TMR2IE_bit
0x008C       [0]    RCIE_bit
0x008C       [0]    TXIE_bit
0x008D       [0]    EEIE_bit
0x008D       [0]    CMIE_bit
0x008D       [0]    BCLIE_bit
0x008D       [1]    PIE2
0x008D       [0]    CCP2IE_bit
0x008E       [0]    NOT_BO_bit
0x008E       [0]    NOT_POR_bit
0x008E       [1]    PCON
0x008E       [0]    NOT_BOR_bit
0x0091       [0]    ACKDT_bit
0x0091       [0]    ACKEN_bit
0x0091       [0]    GCEN_bit
0x0091       [0]    ACKSTAT_bit
0x0091       [0]    RCEN_bit
0x0091       [0]    SEN_bit
0x0091       [1]    SSPCON2
0x0091       [0]    PEN_bit
0x0091       [0]    RSEN_bit
0x0092       [1]    PR2
0x0093       [1]    SSPADD
0x0094       [0]    R_W_bit
0x0094       [0]    R_bit
0x0094       [0]    D_bit
0x0094       [0]    NOT_A_bit
0x0094       [0]    READ_WRITE_bit
0x0094       [0]    I2C_DATA_bit
0x0094       [0]    NOT_W_bit
0x0094       [0]    SMP_bit
0x0094       [0]    I2C_READ_bit
0x0094       [0]    CKE_bit
0x0094       [0]    NOT_WRITE_bit
0x0094       [1]    SSPSTAT
0x0094       [0]    NOT_ADDRESS_bit
0x0094       [0]    UA_bit
0x0094       [0]    D_A_bit
0x0094       [0]    DATA_ADDRESS_bit
0x0094       [0]    BF_bit
0x0094       [0]    P_bit
0x0094       [0]    S_bit
0x0094       [0]    I2C_START__bit
0x0094       [0]    I2C_STOP__bit
0x0098       [0]    TX9_bit
0x0098       [0]    SYNC_bit
0x0098       [0]    TXEN_bit
0x0098       [0]    BRGH_bit
0x0098       [0]    TXD8_bit
0x0098       [0]    CSRC_bit
0x0098       [1]    TXSTA
0x0098       [0]    TRMT_bit
0x0098       [0]    NOT_TX8_bit
0x0098       [0]    TX8_9_bit
0x0098       [0]    TX9D_bit
0x0099       [1]    SPBRG
0x009C       [1]    CMCON
0x009C       [0]    CM1_bit
0x009C       [0]    C2OUT_bit
0x009C       [0]    C1OUT_bit
0x009C       [0]    C1INV_bit
0x009C       [0]    CM0_bit
0x009C       [0]    CM2_bit
0x009C       [0]    C2INV_bit
0x009C       [0]    CIS_bit
0x009D       [1]    CVRCON
0x009D       [0]    CVR3_bit
0x009D       [0]    CVR2_bit
0x009D       [0]    CVR0_bit
0x009D       [0]    CVROE_bit
0x009D       [0]    CVREN_bit
0x009D       [0]    CVRR_bit
0x009D       [0]    CVR1_bit
0x009E       [1]    ADRESL
0x009F       [0]    PCFG1_bit
0x009F       [0]    PCFG2_bit
0x009F       [0]    PCFG3_bit
0x009F       [0]    ADFM_bit
0x009F       [0]    ADCS2_bit
0x009F       [1]    ADCON1
0x009F       [0]    PCFG0_bit
0x010C       [1]    EEDATA
0x010D       [1]    EEADR
0x010E       [1]    EEDATH
0x010F       [1]    EEADRH
0x018C       [0]    WR_bit
0x018C       [0]    RD_bit
0x018C       [0]    WREN_bit
0x018C       [1]    EECON1
0x018C       [0]    EEPGD_bit
0x018C       [0]    WRERR_bit
0x018D       [1]    EECON2
//** Label List: ** 
//----------------------------------------------
  L_main0
  L_main1
  L_main2
  L_main3
  L_main4
  L_main5
  L_main6
  L_main7
  L_main8
  L_main9
  L_main10
  L_main11
  L_main12
  L_main13
  L_main14
  L_main15
  L_main16
  L_main17
  L_main18
  L_main19
  L_main20
  L_bip21
  L_erro22
  L_erro23
  L_erro24
  L_erro25
  L_erro26
  _main
  L__main27
  L__main28
  L__main29
  L__main30
  L__main31
  _bip
  _erro
  L__erro32
  _CC2D_Loop1
  _____DoICP
  _____DoIFC
  ___CC2DW
  _Swap
