MPASM  5.51                       AULA036.ASM   6-11-2023  11:49:02         PAGE  1


LOC  OBJECT CODE     LINE SOURCE TEXT
  VALUE

                      00001         TITLE           "AULA036 ENTRADA DE DADOS - BOTÃO LIGA/DESLIGA"
                      00002         PROCESSOR       16F84A
                      00003         #INCLUDE        <P16F84A.INC>
                      00001         LIST
                      00002 
                      00003 ;==========================================================================
                      00004 ;  MPASM PIC16F84A processor include
                      00005 ; 
                      00006 ;  (c) Copyright 1999-2013 Microchip Technology, All rights reserved
                      00007 ;==========================================================================
                      00008 
                      00208         LIST
2007   3FF1           00004         __CONFIG _XT_OSC & _CP_OFF & _WDT_OFF & _PWRTE_ON
                      00005 
                      00006 ;++++++++++++++++++++++++++++++++++++++++++++++++++++++++++++++++++++++++++++++
                      00007 
                      00008         #DEFINE         BOTAO   PORTB, RB0
                      00009         #DEFINE         LED             PORTB, RB7
Warning[207]: Found label after column 1. (TEMPO1)
  0000000C            00010         TEMPO1          EQU             0X0C
Warning[207]: Found label after column 1. (TEMPO2)
  0000000D            00011         TEMPO2          EQU             0X0D
                      00012 
                      00013 ;++++++++++++++++++++++++++++++++++++++++++++++++++++++++++++++++++++++++++++++
                      00014 
0000                  00015         ORG                     0X00
0000   2805           00016         GOTO            INICIO
                      00017         
0004                  00018         ORG                     0X04
0004   0009           00019         RETFIE
                      00020         
                      00021 ;++++++++++++++++++++++++++++++++++++++++++++++++++++++++++++++++++++++++++++++
                      00022 
0005                  00023 INICIO:
                      00024         
0005   1683           00025         BANKSEL         TRISB
0006   307F           00026         MOVLW           B'01111111'                                     ;APENAS RB7 COMO SAÍDA
Message[302]: Register in operand not in bank 0.  Ensure that bank bits are correct.
0007   0086           00027         MOVWF           TRISB
                      00028         
0008   1283           00029         BANKSEL         PORTB
0009   0186           00030         CLRF            PORTB
                      00031 
000A                  00032 VERIFICA:
000A   1806           00033         BTFSC           BOTAO                                           ;BOTAO ACIONADO
000B   280A           00034         GOTO            VERIFICA                                        ;NÃO, MANTÉM CONDIÇÃO ATUAL, VOL
                            TA A TESTAR
000C   280D           00035         GOTO            ALTERNA                                         ;SIM, ALTERNA ESTADO DO LED
                      00036 
000D                  00037 ALTERNA:
Warning[202]: Argument out of range.  Least significant bits used.
000D   0986           00038         COMF            LED
000E   280F           00039         GOTO            DEBOUCE                                         ;ANTI-REPIQUE DO BOTÃO (200MS)
MPASM  5.51                       AULA036.ASM   6-11-2023  11:49:02         PAGE  2
AULA036 ENTRADA DE DADOS - BOTÃO LIGA/DESLIGA

LOC  OBJECT CODE     LINE SOURCE TEXT
  VALUE

                      00040         
000F                  00041 DEBOUCE:                                                                        ;GERA UM TEMPO PARA O DE
                            BOUCE DO BOTÃO
000F   30FF           00042         MOVLW           D'255'
0010   008C           00043         MOVWF           TEMPO1
0011                  00044 M1:
0011   30FF           00045         MOVLW           D'255'
0012   008D           00046         MOVWF           TEMPO2
0013                  00047 M2:
0013   0000           00048         NOP
Message[305]: Using default destination of 1 (file).
0014   0B8D           00049         DECFSZ          TEMPO2
0015   2813           00050         GOTO            M2
                      00051         
Message[305]: Using default destination of 1 (file).
0016   0B8C           00052         DECFSZ          TEMPO1
0017   2811           00053         GOTO            M1
                      00054         
0018   280A           00055         GOTO VERIFICA
                      00056         
                      00057         END
MPASM  5.51                       AULA036.ASM   6-11-2023  11:49:02         PAGE  3
AULA036 ENTRADA DE DADOS - BOTÃO LIGA/DESLIGA

SYMBOL TABLE
  LABEL                             VALUE 

ALTERNA                           0000000D
BOTAO                             PORTB, RB0
C                                 00000000
DC                                00000001
DEBOUCE                           0000000F
EEADR                             00000009
EECON1                            00000088
EECON2                            00000089
EEDATA                            00000008
EEIE                              00000006
EEIF                              00000004
F                                 00000001
FSR                               00000004
GIE                               00000007
INDF                              00000000
INICIO                            00000005
INTCON                            0000000B
INTE                              00000004
INTEDG                            00000006
INTF                              00000001
IRP                               00000007
LED                               PORTB, RB7
M1                                00000011
M2                                00000013
NOT_PD                            00000003
NOT_RBPU                          00000007
NOT_TO                            00000004
OPTION_REG                        00000081
PCL                               00000002
PCLATH                            0000000A
PORTA                             00000005
PORTB                             00000006
PS0                               00000000
PS1                               00000001
PS2                               00000002
PSA                               00000003
RA0                               00000000
RA1                               00000001
RA2                               00000002
RA3                               00000003
RA4                               00000004
RB0                               00000000
RB1                               00000001
RB2                               00000002
RB3                               00000003
RB4                               00000004
RB5                               00000005
RB6                               00000006
RB7                               00000007
RBIE                              00000003
RBIF                              00000000
RD                                00000000
RP0                               00000005
MPASM  5.51                       AULA036.ASM   6-11-2023  11:49:02         PAGE  4
AULA036 ENTRADA DE DADOS - BOTÃO LIGA/DESLIGA

SYMBOL TABLE
  LABEL                             VALUE 

RP1                               00000006
STATUS                            00000003
T0CS                              00000005
T0IE                              00000005
T0IF                              00000002
T0SE                              00000004
TEMPO1                            0000000C
TEMPO2                            0000000D
TMR0                              00000001
TMR0IE                            00000005
TMR0IF                            00000002
TRISA                             00000085
TRISA0                            00000000
TRISA1                            00000001
TRISA2                            00000002
TRISA3                            00000003
TRISA4                            00000004
TRISB                             00000086
TRISB0                            00000000
TRISB1                            00000001
TRISB2                            00000002
TRISB3                            00000003
TRISB4                            00000004
TRISB5                            00000005
TRISB6                            00000006
TRISB7                            00000007
VERIFICA                          0000000A
W                                 00000000
WR                                00000001
WREN                              00000002
WRERR                             00000003
Z                                 00000002
_CONFIG                           00002007
_CP_OFF                           00003FFF
_CP_ON                            0000000F
_DEVID1                           00002006
_FOSC_EXTRC                       00003FFF
_FOSC_HS                          00003FFE
_FOSC_LP                          00003FFC
_FOSC_XT                          00003FFD
_HS_OSC                           00003FFE
_IDLOC0                           00002000
_IDLOC1                           00002001
_IDLOC2                           00002002
_IDLOC3                           00002003
_LP_OSC                           00003FFC
_PWRTE_OFF                        00003FFF
_PWRTE_ON                         00003FF7
_RC_OSC                           00003FFF
_WDTE_OFF                         00003FFB
_WDTE_ON                          00003FFF
_WDT_OFF                          00003FFB
_WDT_ON                           00003FFF
MPASM  5.51                       AULA036.ASM   6-11-2023  11:49:02         PAGE  5
AULA036 ENTRADA DE DADOS - BOTÃO LIGA/DESLIGA

SYMBOL TABLE
  LABEL                             VALUE 

_XT_OSC                           00003FFD
__16F84A                          00000001
__DEBUG                           1


MEMORY USAGE MAP ('X' = Used,  '-' = Unused)

0000 : X---XXXXXXXXXXXX XXXXXXXXX------- ---------------- ----------------
2000 : -------X-------- ---------------- ---------------- ----------------

All other memory blocks unused.

Program Memory Words Used:    22
Program Memory Words Free:  1002


Errors   :     0
Warnings :     3 reported,     0 suppressed
Messages :     3 reported,     0 suppressed

