MPASM  5.51              CONTADOR_BCD_0-9.ASM   6-8-2023  9:07:26         PAGE  1


LOC  OBJECT CODE     LINE SOURCE TEXT
  VALUE

                      00001 ;====================================================================
                      00002 ; Main.asm file generated by New Project wizard
                      00003 ;
                      00004 ; Created:   qui jun 8 2023
                      00005 ; Processor: PIC16F84A
                      00006 ; Compiler:  MPASM (MPLAB)
                      00007 ;====================================================================
                      00008 
                      00009 ;====================================================================
                      00010 ; DEFINITIONS
                      00011 ;====================================================================
                      00012 
                      00013 
                      00014 #include        p16f84a.inc                ; Include register definition file
                      00001         LIST
                      00002 
                      00003 ;==========================================================================
                      00004 ;  MPASM PIC16F84A processor include
                      00005 ; 
                      00006 ;  (c) Copyright 1999-2013 Microchip Technology, All rights reserved
                      00007 ;==========================================================================
                      00008 
                      00208         LIST
                      00015 
                      00016 #define         banco0          bcf STATUS, RP0
                      00017 #define         banco1          bsf STATUS, RP0
                      00018 
  0000000C            00019 controle        equ                     0x0c
  0000000D            00020 contador        equ                     0x0d    
                      00021 
                      00022 #define         display         PORTB
                      00023 #define         botao           PORTA,RA0
                      00024 #define         flag            controle,0
                      00025 
                      00026 
                      00027 
                      00028 ;====================================================================
                      00029 ; VARIABLES
                      00030 ;====================================================================
                      00031 
                      00032 ;====================================================================
                      00033 ; RESET and INTERRUPT VECTORS
                      00034 ;====================================================================
                      00035 
                      00036 
                      00037 ; Reset Vector
0000                  00038                         org             0x00 
0000   2805           00039                         goto            configura
                      00040                         
0004                  00041                         org                     0x04
0004   0009           00042                         retfie
                      00043 
                      00044 ;====================================================================
MPASM  5.51              CONTADOR_BCD_0-9.ASM   6-8-2023  9:07:26         PAGE  2


LOC  OBJECT CODE     LINE SOURCE TEXT
  VALUE

                      00045 ; CODE SEGMENT
                      00046 ;====================================================================
                      00047 
0005                  00048 configura
0005   1683           00049                         banco1
0006   3001           00050                         movlw           D'1'
Message[302]: Register in operand not in bank 0.  Ensure that bank bits are correct.
0007   0085           00051                         movwf           TRISA
0008   3000           00052                         movlw           D'0'
Message[302]: Register in operand not in bank 0.  Ensure that bank bits are correct.
0009   0086           00053                         movwf           TRISB
000A   3080           00054                         movlw           B'10000000'
Message[302]: Register in operand not in bank 0.  Ensure that bank bits are correct.
000B   0081           00055                         movwf           OPTION_REG
000C   3000           00056                         movlw           D'0'
000D   008B           00057                         movwf           INTCON
000E   1283           00058                         banco0
000F   3000           00059                         movlw           D'0'
0010   008D           00060                         movwf           contador
0011   0086           00061                         movwf           display
                      00062                         
0012                  00063 zera_flag
0012   100C           00064                         bcf                     flag
                      00065                         
0013                  00066 inicio
0013   1805           00067                         btfsc           botao                                   ;pressionado? (é 0?)
0014   2812           00068                         goto            zera_flag                               ;não, reseta flag
0015   180C           00069                         btfsc           flag                                    ;sim, flag? (é 0?)
0016   2813           00070                         goto            inicio                                  ;não,
0017   140C           00071                         bsf                     flag                                    ;sim, seta flag
0018   0A8D           00072                         incf            contador, F                             ;incrementa contador
0019   300A           00073                         movlw           D'10'
001A   020D           00074                         subwf           contador, W                             ;w = 10 - contador
001B   1903           00075                         btfsc           STATUS, Z                               ;w = 0, ou seja armazena
                             é maior que 9
001C   018D           00076                         clrf            contador                                ;zera contador
001D   201F           00077                         call            mostra_display
001E   2813           00078                         goto            inicio
                      00079                         
001F                  00080 mostra_display
001F   080D           00081                         movf            contador, W
0020   0086           00082                         movwf           display
0021   0008           00083                         return
                      00084                         
                      00085 
                      00086 
                      00087 
                      00088 ;====================================================================
                      00089       END
MPASM  5.51              CONTADOR_BCD_0-9.ASM   6-8-2023  9:07:26         PAGE  3


SYMBOL TABLE
  LABEL                             VALUE 

C                                 00000000
DC                                00000001
EEADR                             00000009
EECON1                            00000088
EECON2                            00000089
EEDATA                            00000008
EEIE                              00000006
EEIF                              00000004
F                                 00000001
FSR                               00000004
GIE                               00000007
INDF                              00000000
INTCON                            0000000B
INTE                              00000004
INTEDG                            00000006
INTF                              00000001
IRP                               00000007
NOT_PD                            00000003
NOT_RBPU                          00000007
NOT_TO                            00000004
OPTION_REG                        00000081
PCL                               00000002
PCLATH                            0000000A
PORTA                             00000005
PORTB                             00000006
PS0                               00000000
PS1                               00000001
PS2                               00000002
PSA                               00000003
RA0                               00000000
RA1                               00000001
RA2                               00000002
RA3                               00000003
RA4                               00000004
RB0                               00000000
RB1                               00000001
RB2                               00000002
RB3                               00000003
RB4                               00000004
RB5                               00000005
RB6                               00000006
RB7                               00000007
RBIE                              00000003
RBIF                              00000000
RD                                00000000
RP0                               00000005
RP1                               00000006
STATUS                            00000003
T0CS                              00000005
T0IE                              00000005
T0IF                              00000002
T0SE                              00000004
TMR0                              00000001
MPASM  5.51              CONTADOR_BCD_0-9.ASM   6-8-2023  9:07:26         PAGE  4


SYMBOL TABLE
  LABEL                             VALUE 

TMR0IE                            00000005
TMR0IF                            00000002
TRISA                             00000085
TRISA0                            00000000
TRISA1                            00000001
TRISA2                            00000002
TRISA3                            00000003
TRISA4                            00000004
TRISB                             00000086
TRISB0                            00000000
TRISB1                            00000001
TRISB2                            00000002
TRISB3                            00000003
TRISB4                            00000004
TRISB5                            00000005
TRISB6                            00000006
TRISB7                            00000007
W                                 00000000
WR                                00000001
WREN                              00000002
WRERR                             00000003
Z                                 00000002
_CONFIG                           00002007
_CP_OFF                           00003FFF
_CP_ON                            0000000F
_DEVID1                           00002006
_FOSC_EXTRC                       00003FFF
_FOSC_HS                          00003FFE
_FOSC_LP                          00003FFC
_FOSC_XT                          00003FFD
_HS_OSC                           00003FFE
_IDLOC0                           00002000
_IDLOC1                           00002001
_IDLOC2                           00002002
_IDLOC3                           00002003
_LP_OSC                           00003FFC
_PWRTE_OFF                        00003FFF
_PWRTE_ON                         00003FF7
_RC_OSC                           00003FFF
_WDTE_OFF                         00003FFB
_WDTE_ON                          00003FFF
_WDT_OFF                          00003FFB
_WDT_ON                           00003FFF
_XT_OSC                           00003FFD
__16F84A                          00000001
__DEBUG                           1
banco0                            bcf STATUS, RP0
banco1                            bsf STATUS, RP0
botao                             PORTA,RA0
configura                         00000005
contador                          0000000D
controle                          0000000C
display                           PORTB
MPASM  5.51              CONTADOR_BCD_0-9.ASM   6-8-2023  9:07:26         PAGE  5


SYMBOL TABLE
  LABEL                             VALUE 

flag                              controle,0
inicio                            00000013
mostra_display                    0000001F
zera_flag                         00000012


MEMORY USAGE MAP ('X' = Used,  '-' = Unused)

0000 : X---XXXXXXXXXXXX XXXXXXXXXXXXXXXX XX-------------- ----------------

All other memory blocks unused.

Program Memory Words Used:    31
Program Memory Words Free:   993


Errors   :     0
Warnings :     0 reported,     0 suppressed
Messages :     3 reported,     0 suppressed

