MPASM  5.51                       AULA043.ASM   6-12-2023  9:17:58         PAGE  1


LOC  OBJECT CODE     LINE SOURCE TEXT
  VALUE

                      00001         TITLE           "AULA43 - INTERRUP플O EXTERNA POR RB0"
                      00002         PROCESSOR       16F84A
                      00003         #INCLUDE        <P16F84A.INC>
                      00001         LIST
                      00002 
                      00003 ;==========================================================================
                      00004 ;  MPASM PIC16F84A processor include
                      00005 ; 
                      00006 ;  (c) Copyright 1999-2013 Microchip Technology, All rights reserved
                      00007 ;==========================================================================
                      00008 
                      00208         LIST
2007   3FF1           00004         __CONFIG        _XT_OSC & _CP_OFF & _WDT_OFF & _PWRTE_ON
                      00005 
                      00006 ;++++++++++++++++++++++++++++++++++++++++++++++++++++++++++++++++++++++++++++++
                      00007 
                      00008         ;REGISTRADORES BANCO 0
                      00009         #DEFINE         CH_GERAL        INTCON, GIE                             ;BIT 7
                      00010         #DEFINE         CH_EXTERNA      INTCON, INTE                    ;BIT 4
                      00011         #DEFINE         FLAG            INTCON, INTF                    ;BIT 1
                      00012         ;REGISTRADORES BANCO 1
                      00013         #DEFINE         PULL_UP         OPTION_REG, NOT_RBPU    ;BIT 7          
                      00014         #DEFINE         BORDA           OPTION_REG, INTEDG              ;BIT 6
                      00015         ;GERAL
                      00016         #DEFINE         BANCO0          BCF             STATUS, RP0             ;BIT 5
                      00017         #DEFINE         BANCO1          BSF             STATUS, RP0             ;BIT 5
                      00018         
                      00019 ;++++++++++++++++++++++++++++++++++++++++++++++++++++++++++++++++++++++++++++++
                      00020 
0000                  00021         ORG                     0X00
0000   2806           00022         GOTO            INICIO
                      00023         
0004                  00024         ORG                     0X04
                      00025         ;TESTA SE HOUVE INTERRUP플O
0004   188B           00026         BTFSC           FLAG
                      00027         
                      00028         
0005   0009           00029         RETFIE
                      00030         
                      00031 ;++++++++++++++++++++++++++++++++++++++++++++++++++++++++++++++++++++++++++++++
                      00032 
0006                  00033 INICIO:
                      00034         
                      00035         
0006   1283           00036         BANCO0                                                                  ;PODERIA USAR: BANKSEL T
                            RISB
0007   307F           00037         MOVLW           B'01111111'
Message[302]: Register in operand not in bank 0.  Ensure that bank bits are correct.
0008   0086           00038         MOVWF           TRISB
                      00039 
Message[302]: Register in operand not in bank 0.  Ensure that bank bits are correct.
0009   1301           00040         BCF                     BORDA                                           ;BORDA DE DESCIDA
Message[302]: Register in operand not in bank 0.  Ensure that bank bits are correct.
MPASM  5.51                       AULA043.ASM   6-12-2023  9:17:58         PAGE  2
AULA43 - INTERRUP플O EXTERNA POR RB0

LOC  OBJECT CODE     LINE SOURCE TEXT
  VALUE

000A   1381           00041         BCF                     PULL_UP
                      00042 
                      00043         
000B   1683           00044         BANCO1                                                                  ;PODERIA USAR: BANKSEL P
                            ORTB
000C   0186           00045         CLRF            PORTB
                      00046         
000D   178B           00047         BSF                     CH_GERAL
000E   160B           00048         BSF                     CH_EXTERNA
                      00049 
                      00050 
                      00051         
                      00052         
                      00053 
                      00054         
                      00055         END
MPASM  5.51                       AULA043.ASM   6-12-2023  9:17:58         PAGE  3
AULA43 - INTERRUP플O EXTERNA POR RB0

SYMBOL TABLE
  LABEL                             VALUE 

BANCO0                            BCF             STATUS, RP0
BANCO1                            BSF             STATUS, RP0
BORDA                             OPTION_REG, INTEDG
C                                 00000000
CH_EXTERNA                        INTCON, INTE
CH_GERAL                          INTCON, GIE
DC                                00000001
EEADR                             00000009
EECON1                            00000088
EECON2                            00000089
EEDATA                            00000008
EEIE                              00000006
EEIF                              00000004
F                                 00000001
FLAG                              INTCON, INTF
FSR                               00000004
GIE                               00000007
INDF                              00000000
INICIO                            00000006
INTCON                            0000000B
INTE                              00000004
INTEDG                            00000006
INTF                              00000001
IRP                               00000007
NOT_PD                            00000003
NOT_RBPU                          00000007
NOT_TO                            00000004
OPTION_REG                        00000081
PCL                               00000002
PCLATH                            0000000A
PORTA                             00000005
PORTB                             00000006
PS0                               00000000
PS1                               00000001
PS2                               00000002
PSA                               00000003
PULL_UP                           OPTION_REG, NOT_RBPU
RA0                               00000000
RA1                               00000001
RA2                               00000002
RA3                               00000003
RA4                               00000004
RB0                               00000000
RB1                               00000001
RB2                               00000002
RB3                               00000003
RB4                               00000004
RB5                               00000005
RB6                               00000006
RB7                               00000007
RBIE                              00000003
RBIF                              00000000
RD                                00000000
MPASM  5.51                       AULA043.ASM   6-12-2023  9:17:58         PAGE  4
AULA43 - INTERRUP플O EXTERNA POR RB0

SYMBOL TABLE
  LABEL                             VALUE 

RP0                               00000005
RP1                               00000006
STATUS                            00000003
T0CS                              00000005
T0IE                              00000005
T0IF                              00000002
T0SE                              00000004
TMR0                              00000001
TMR0IE                            00000005
TMR0IF                            00000002
TRISA                             00000085
TRISA0                            00000000
TRISA1                            00000001
TRISA2                            00000002
TRISA3                            00000003
TRISA4                            00000004
TRISB                             00000086
TRISB0                            00000000
TRISB1                            00000001
TRISB2                            00000002
TRISB3                            00000003
TRISB4                            00000004
TRISB5                            00000005
TRISB6                            00000006
TRISB7                            00000007
W                                 00000000
WR                                00000001
WREN                              00000002
WRERR                             00000003
Z                                 00000002
_CONFIG                           00002007
_CP_OFF                           00003FFF
_CP_ON                            0000000F
_DEVID1                           00002006
_FOSC_EXTRC                       00003FFF
_FOSC_HS                          00003FFE
_FOSC_LP                          00003FFC
_FOSC_XT                          00003FFD
_HS_OSC                           00003FFE
_IDLOC0                           00002000
_IDLOC1                           00002001
_IDLOC2                           00002002
_IDLOC3                           00002003
_LP_OSC                           00003FFC
_PWRTE_OFF                        00003FFF
_PWRTE_ON                         00003FF7
_RC_OSC                           00003FFF
_WDTE_OFF                         00003FFB
_WDTE_ON                          00003FFF
_WDT_OFF                          00003FFB
_WDT_ON                           00003FFF
_XT_OSC                           00003FFD
__16F84A                          00000001
MPASM  5.51                       AULA043.ASM   6-12-2023  9:17:58         PAGE  5
AULA43 - INTERRUP플O EXTERNA POR RB0

SYMBOL TABLE
  LABEL                             VALUE 

__DEBUG                           1


MEMORY USAGE MAP ('X' = Used,  '-' = Unused)

0000 : X---XXXXXXXXXXX- ---------------- ---------------- ----------------
2000 : -------X-------- ---------------- ---------------- ----------------

All other memory blocks unused.

Program Memory Words Used:    12
Program Memory Words Free:  1012


Errors   :     0
Warnings :     0 reported,     0 suppressed
Messages :     3 reported,     0 suppressed

