MPASM  5.51                       AULA054.ASM   6-15-2023  15:26:02         PAGE  1


LOC  OBJECT CODE     LINE SOURCE TEXT
  VALUE

                      00001         TITLE           "AULA54- TIMER 0"
                      00002         PROCESSOR       16F84A
                      00003         #INCLUDE        <P16F84A.INC>
                      00001         LIST
                      00002 
                      00003 ;==========================================================================
                      00004 ;  MPASM PIC16F84A processor include
                      00005 ; 
                      00006 ;  (c) Copyright 1999-2013 Microchip Technology, All rights reserved
                      00007 ;==========================================================================
                      00008 
                      00208         LIST
2007   3FF1           00004         __CONFIG        _XT_OSC & _CP_OFF & _WDT_OFF & _PWRTE_ON
                      00005 
                      00006 ;++++++++++++++++++++++++++++++++++++++++++++++++++++++++++++++++++++++++++++++
                      00007 
                      00008         ;REGISTRADORES BANCO 0
                      00009         #DEFINE         FLAG            INTCON, T0IF                    ; BIT 3
                      00010         
                      00011         ;REGISTRADORES BANCO 1
                      00012         #DEFINE         INC_TIMER0      OPTION_REG, T0CS                ; BIT 5
                      00013         #DEFINE         PRESCALER       OPTION_REG, PSA                 ; BIT 3
                      00014         #DEFINE         BIT_PS2         OPTION_REG, PS2                 ; BIT 2
                      00015         #DEFINE         BIT_PS1         OPTION_REG, PS1                 ; BIT 1
                      00016         #DEFINE         BIT_PS0         OPTION_REG, PS0                 ; BIT 0
                      00017         
                      00018         ;GERAL
                      00019         #DEFINE         BANCO0          BCF             STATUS, RP0             ;BIT 5
                      00020         #DEFINE         BANCO1          BSF             STATUS, RP0             ;BIT 5
                      00021         #DEFINE         LED1            PORTB, RB1
                      00022         #DEFINE         LED2            PORTB, RB2
                      00023         #DEFINE         LED_RB          PORTA, RA1                              ;LED DA INTERRUPÇÃO RB
                      00024         #DEFINE         LED_RB0         PORTA, RA2                              ;LED DA INTERRUPÇÃO RB0
                      00025         
                      00026 ;++++++++++++++++++++++++++++++++++++++++++++++++++++++++++++++++++++++++++++++
                      00027 
Warning[207]: Found label after column 1. (AUXILIAR)
  0000000C            00028         AUXILIAR        EQU                     0X0C
Warning[207]: Found label after column 1. (TEMPO2)
  0000000D            00029         TEMPO2          EQU                     0X0D
                      00030 
                      00031 ;++++++++++++++++++++++++++++++++++++++++++++++++++++++++++++++++++++++++++++++
                      00032 
0000                  00033         ORG                     0X00
0000   2805           00034         GOTO            INICIO
                      00035         
0004                  00036         ORG                     0X04
0004   0009           00037         RETFIE
                      00038         
                      00039 ;++++++++++++++++++++++++++++++++++++++++++++++++++++++++++++++++++++++++++++++
                      00040 
0005                  00041 INICIO:
                      00042         
MPASM  5.51                       AULA054.ASM   6-15-2023  15:26:02         PAGE  2
AULA54- TIMER 0

LOC  OBJECT CODE     LINE SOURCE TEXT
  VALUE

0005   1683           00043         BANCO1                                                                  ;PODERIA USAR: BANKSEL T
                            RISB
Message[302]: Register in operand not in bank 0.  Ensure that bank bits are correct.
0006   0186           00044         CLRF            TRISB                                           ;PORT B COMO SAÍDA
0007   018B           00045         CLRF            INTCON                                          ;INICIA/LIMPA TODAS AS INTERRUPÇ
                            ÕES E FLAGS
                      00046         
Message[302]: Register in operand not in bank 0.  Ensure that bank bits are correct.
0008   1281           00047         BCF                     INC_TIMER0                                      ;INCREMENTO DO TIMER 0 V
                            IA OSCILADOR
Message[302]: Register in operand not in bank 0.  Ensure that bank bits are correct.
0009   1181           00048         BCF                     PRESCALER                                       ;PRESCALER PARA TIMER 0
Message[302]: Register in operand not in bank 0.  Ensure that bank bits are correct.
000A   1501           00049         BSF                     BIT_PS2                                         ;PRESCALER 1:256
Message[302]: Register in operand not in bank 0.  Ensure that bank bits are correct.
000B   1481           00050         BSF                     BIT_PS1
Message[302]: Register in operand not in bank 0.  Ensure that bank bits are correct.
000C   1401           00051         BSF                     BIT_PS0
                      00052         
000D   1283           00053         BANCO0                                                                  ;PODERIA USAR: BANKSEL P
                            ORTB
000E   0186           00054         CLRF            PORTB
000F   0181           00055         CLRF            TMR0
                      00056         ;MOVLW          D'253'
                      00057         ;MOVWF          TMR0
                      00058 
0010                  00059 LOOP:
Message[305]: Using default destination of 1 (file).
0010   0986           00060         COMF            PORTB
0011   2013           00061         CALL            DELAY
0012   2810           00062         GOTO            LOOP
                      00063         
0013                  00064 DELAY:
0013   3064           00065         MOVLW           D'100'
0014   008C           00066         MOVWF           AUXILIAR
0015                  00067 M2
0015   110B           00068         BCF                     FLAG
0016   0181           00069         CLRF            TMR0
                      00070         ;MOVLW          D'253'
                      00071         ;MOVWF          TMR0
0017                  00072 M1:
0017   1D0B           00073         BTFSS           FLAG
0018   2817           00074         GOTO            M1
Message[305]: Using default destination of 1 (file).
0019   0B8C           00075         DECFSZ          AUXILIAR
001A   2815           00076         GOTO            M2              
                      00077 
001B   0008           00078         RETURN
                      00079                 
                      00080         END
MPASM  5.51                       AULA054.ASM   6-15-2023  15:26:02         PAGE  3
AULA54- TIMER 0

SYMBOL TABLE
  LABEL                             VALUE 

AUXILIAR                          0000000C
BANCO0                            BCF             STATUS, RP0
BANCO1                            BSF             STATUS, RP0
BIT_PS0                           OPTION_REG, PS0
BIT_PS1                           OPTION_REG, PS1
BIT_PS2                           OPTION_REG, PS2
C                                 00000000
DC                                00000001
DELAY                             00000013
EEADR                             00000009
EECON1                            00000088
EECON2                            00000089
EEDATA                            00000008
EEIE                              00000006
EEIF                              00000004
F                                 00000001
FLAG                              INTCON, T0IF
FSR                               00000004
GIE                               00000007
INC_TIMER0                        OPTION_REG, T0CS
INDF                              00000000
INICIO                            00000005
INTCON                            0000000B
INTE                              00000004
INTEDG                            00000006
INTF                              00000001
IRP                               00000007
LED1                              PORTB, RB1
LED2                              PORTB, RB2
LED_RB                            PORTA, RA1
LED_RB0                           PORTA, RA2
LOOP                              00000010
M1                                00000017
M2                                00000015
NOT_PD                            00000003
NOT_RBPU                          00000007
NOT_TO                            00000004
OPTION_REG                        00000081
PCL                               00000002
PCLATH                            0000000A
PORTA                             00000005
PORTB                             00000006
PRESCALER                         OPTION_REG, PSA
PS0                               00000000
PS1                               00000001
PS2                               00000002
PSA                               00000003
RA0                               00000000
RA1                               00000001
RA2                               00000002
RA3                               00000003
RA4                               00000004
RB0                               00000000
MPASM  5.51                       AULA054.ASM   6-15-2023  15:26:02         PAGE  4
AULA54- TIMER 0

SYMBOL TABLE
  LABEL                             VALUE 

RB1                               00000001
RB2                               00000002
RB3                               00000003
RB4                               00000004
RB5                               00000005
RB6                               00000006
RB7                               00000007
RBIE                              00000003
RBIF                              00000000
RD                                00000000
RP0                               00000005
RP1                               00000006
STATUS                            00000003
T0CS                              00000005
T0IE                              00000005
T0IF                              00000002
T0SE                              00000004
TEMPO2                            0000000D
TMR0                              00000001
TMR0IE                            00000005
TMR0IF                            00000002
TRISA                             00000085
TRISA0                            00000000
TRISA1                            00000001
TRISA2                            00000002
TRISA3                            00000003
TRISA4                            00000004
TRISB                             00000086
TRISB0                            00000000
TRISB1                            00000001
TRISB2                            00000002
TRISB3                            00000003
TRISB4                            00000004
TRISB5                            00000005
TRISB6                            00000006
TRISB7                            00000007
W                                 00000000
WR                                00000001
WREN                              00000002
WRERR                             00000003
Z                                 00000002
_CONFIG                           00002007
_CP_OFF                           00003FFF
_CP_ON                            0000000F
_DEVID1                           00002006
_FOSC_EXTRC                       00003FFF
_FOSC_HS                          00003FFE
_FOSC_LP                          00003FFC
_FOSC_XT                          00003FFD
_HS_OSC                           00003FFE
_IDLOC0                           00002000
_IDLOC1                           00002001
_IDLOC2                           00002002
MPASM  5.51                       AULA054.ASM   6-15-2023  15:26:02         PAGE  5
AULA54- TIMER 0

SYMBOL TABLE
  LABEL                             VALUE 

_IDLOC3                           00002003
_LP_OSC                           00003FFC
_PWRTE_OFF                        00003FFF
_PWRTE_ON                         00003FF7
_RC_OSC                           00003FFF
_WDTE_OFF                         00003FFB
_WDTE_ON                          00003FFF
_WDT_OFF                          00003FFB
_WDT_ON                           00003FFF
_XT_OSC                           00003FFD
__16F84A                          00000001
__DEBUG                           1


MEMORY USAGE MAP ('X' = Used,  '-' = Unused)

0000 : X---XXXXXXXXXXXX XXXXXXXXXXXX---- ---------------- ----------------
2000 : -------X-------- ---------------- ---------------- ----------------

All other memory blocks unused.

Program Memory Words Used:    25
Program Memory Words Free:   999


Errors   :     0
Warnings :     2 reported,     0 suppressed
Messages :     8 reported,     0 suppressed

