
ROM used:   231/2048 (11%)
            231/2048 (11%) including unused fragments

            0.2 Average locations per line
            2.6 Average locations per statement

RAM used:   13/224 (6%) at main() level
            23/224 (10%) worst case

Stack used: 0 worst case (0 in main + 0 for interrupts)
Stack size: 8

Lines Stmts  %   Files
----- ----- ---  -----
   44     4   5  main.c
   10     0   0  main.h
  508     0   0  ..\..\..\..\..\..\..\Program Files (x86)\PICC\Devices\16F628A.h
  456    84  95  ..\..\..\..\..\..\..\Program Files (x86)\PICC\Drivers\lcd.c
----- -----
 1018    88 Total

Page ROM  %  RAM   Vol Diff  Functions:
---- --- --- ---   --- ----  ----------
0     21   9    1             @delay_ms1
0      8   3    0             @const557
 Inline         3   596  5.9  lcd_read_byte
0      6   3    0    59  4.2  lcd_read_nibble
0     12   5    1   179  3.3  lcd_send_nibble
0     64  28    3   460  4.7  lcd_send_byte
0     49  21    2   667  5.9  lcd_init
0     39  17    5   267  6.8  lcd_set_cgram_char
0     28  12    0    54  1.8  MAIN
 Inline         0   367  2.3  @cinit1

Program metrics:
    Functions               8
    Statements              88
    Comments                202
    Volume (V)              4003
    Difficulty (D)          34.0
    Effort to implement (E) 136111
    Time to implement (T)   2 hours, 6 minutes
    Est Delivered Bugs (B)  1
    Cyclomatic Complexity   3
    Maintainability (MI)    150

 Segment     Used  Free
-----------  ----  ----
00000-00003     4  0  
00004-007FF   227  1817  



