
ROM used:   97/1024 (9%)
            97/1024 (9%) including unused fragments

            0.2 Average locations per line
            5.7 Average locations per statement

RAM used:   6/64 (9%) at main() level
            7/64 (11%) worst case

Stack used: 0 worst case (0 in main + 0 for interrupts)
Stack size: 8

Lines Stmts  %   Files
----- ----- ---  -----
   29    17 100  PiscaLed.c
   15     0   0  PiscaLed.h
  487     0   0  ..\..\..\..\..\Program Files (x86)\PICC\Devices\12F675.h
----- -----
  531    17 Total

Page ROM  %  RAM   Vol Diff  Functions:
---- --- --- ---   --- ----  ----------
0     20  21    1             @delay_ms1
0     22  23    1   160  3.1  pisca_led
0     45  46    1   121  1.7  MAIN
 Inline         0             @cinit1

Program metrics:
    Functions               2
    Statements              17
    Comments                88
    Volume (V)              349
    Difficulty (D)          4.5
    Effort to implement (E) 1572
    Time to implement (T)   1 minutes
    Est Delivered Bugs (B)  0
    Cyclomatic Complexity   1
    Maintainability (MI)    72

 Segment     Used  Free
-----------  ----  ----
00000-00003     4  0  
00004-003FF    93  927  



