CCS PCM C Compiler, Version 5.007, 61971               06-jan-23 10:56

               Filename:   C:\Users\ABMS-Telecom\Documents\CCS C Projects\aula060\main.lst

               ROM used:   181 words (18%)
                           Largest free fragment is 843
               RAM used:   6 (9%) at main() level
                           7 (11%) worst case
               Stack used: 0 locations
               Stack size: 8

*
0000:  MOVLW  00
0001:  MOVWF  0A
0002:  GOTO   004
0003:  NOP
0004:  CALL   3FF
0005:  BSF    03.5
0006:  MOVWF  10
0007:  MOVLW  00
0008:  MOVWF  0A
0009:  GOTO   01E
.................... #include <main.h> 
.................... #include <12F675.h> 
.................... //////// Standard Header file for the PIC12F675 device //////////////// 
.................... #device PIC12F675 
....................  
.................... #list 
....................  
.................... #device ADC=10 
....................  
.................... #FUSES NOWDT                 	//No Watch Dog Timer 
.................... #FUSES NOMCLR                	//Master Clear pin used for I/O 
.................... #FUSES NOBROWNOUT            	//No brownout reset 
....................  
.................... #use delay(internal=4MHz) 
000A:  MOVLW  26
000B:  MOVWF  04
000C:  MOVF   00,W
000D:  BTFSC  03.2
000E:  GOTO   01D
000F:  MOVLW  01
0010:  MOVWF  21
0011:  CLRF   20
0012:  DECFSZ 20,F
0013:  GOTO   012
0014:  DECFSZ 21,F
0015:  GOTO   011
0016:  MOVLW  4A
0017:  MOVWF  20
0018:  DECFSZ 20,F
0019:  GOTO   018
001A:  GOTO   01B
001B:  DECFSZ 00,F
001C:  GOTO   00F
001D:  GOTO   03E (RETURN)
....................  
....................  
....................  
.................... long valor; // ou int16 
....................  
.................... void main() 
001E:  BCF    1F.6
001F:  BSF    03.5
0020:  BCF    1F.0
0021:  BCF    1F.1
0022:  BCF    1F.2
0023:  BCF    1F.3
0024:  MOVLW  07
0025:  BCF    03.5
0026:  MOVWF  19
0027:  MOVLW  1F
0028:  ANDWF  03,F
.................... { 
....................    setup_adc_ports(sAN0); 
0029:  BCF    1F.6
002A:  BSF    03.5
002B:  BSF    1F.0
002C:  BCF    1F.1
002D:  BCF    1F.2
002E:  BCF    1F.3
....................    setup_adc(ADC_CLOCK_INTERNAL); 
002F:  BSF    1F.4
0030:  BSF    1F.5
0031:  BCF    1F.6
0032:  BCF    03.5
0033:  BSF    1F.7
0034:  BSF    1F.0
....................  
....................    while(TRUE) 
....................    { 
....................       set_adc_channel(0); // configura a entrada de leitura 
0035:  MOVLW  00
0036:  MOVWF  21
0037:  MOVF   1F,W
0038:  ANDLW  F3
0039:  IORWF  21,W
003A:  MOVWF  1F
....................       delay_ms(10); 
003B:  MOVLW  0A
003C:  MOVWF  26
003D:  GOTO   00A
....................        
....................       valor = read_adc(); // leitura da informação 
003E:  BSF    1F.1
003F:  BTFSC  1F.1
0040:  GOTO   03F
0041:  BSF    03.5
0042:  MOVF   1E,W
0043:  BCF    03.5
0044:  MOVWF  24
0045:  MOVF   1E,W
0046:  MOVWF  25
....................        
....................       if(valor > 256) 
0047:  MOVF   25,W
0048:  SUBLW  00
0049:  BTFSC  03.0
004A:  GOTO   062
004B:  XORLW  FF
004C:  BTFSS  03.2
004D:  GOTO   052
004E:  MOVF   24,W
004F:  SUBLW  00
0050:  BTFSC  03.0
0051:  GOTO   062
....................       { 
....................          output_high(pin_a1); 
0052:  BSF    03.5
0053:  BCF    05.1
0054:  BCF    03.5
0055:  BSF    05.1
....................          output_low(pin_a2); 
0056:  BSF    03.5
0057:  BCF    05.2
0058:  BCF    03.5
0059:  BCF    05.2
....................          output_low(pin_a4); 
005A:  BSF    03.5
005B:  BCF    05.4
005C:  BCF    03.5
005D:  BCF    05.4
....................          output_low(pin_a5); 
005E:  BSF    03.5
005F:  BCF    05.5
0060:  BCF    03.5
0061:  BCF    05.5
....................       } 
....................       if(valor > 512) 
0062:  MOVF   25,W
0063:  SUBLW  01
0064:  BTFSC  03.0
0065:  GOTO   07D
0066:  XORLW  FF
0067:  BTFSS  03.2
0068:  GOTO   06D
0069:  MOVF   24,W
006A:  SUBLW  00
006B:  BTFSC  03.0
006C:  GOTO   07D
....................       { 
....................          output_low(pin_a1); 
006D:  BSF    03.5
006E:  BCF    05.1
006F:  BCF    03.5
0070:  BCF    05.1
....................          output_high(pin_a2); 
0071:  BSF    03.5
0072:  BCF    05.2
0073:  BCF    03.5
0074:  BSF    05.2
....................          output_low(pin_a4); 
0075:  BSF    03.5
0076:  BCF    05.4
0077:  BCF    03.5
0078:  BCF    05.4
....................          output_low(pin_a5); 
0079:  BSF    03.5
007A:  BCF    05.5
007B:  BCF    03.5
007C:  BCF    05.5
....................       } 
....................       if(valor > 768) 
007D:  MOVF   25,W
007E:  SUBLW  02
007F:  BTFSC  03.0
0080:  GOTO   098
0081:  XORLW  FF
0082:  BTFSS  03.2
0083:  GOTO   088
0084:  MOVF   24,W
0085:  SUBLW  00
0086:  BTFSC  03.0
0087:  GOTO   098
....................       { 
....................          output_low(pin_a1); 
0088:  BSF    03.5
0089:  BCF    05.1
008A:  BCF    03.5
008B:  BCF    05.1
....................          output_low(pin_a2); 
008C:  BSF    03.5
008D:  BCF    05.2
008E:  BCF    03.5
008F:  BCF    05.2
....................          output_high(pin_a4); 
0090:  BSF    03.5
0091:  BCF    05.4
0092:  BCF    03.5
0093:  BSF    05.4
....................          output_low(pin_a5); 
0094:  BSF    03.5
0095:  BCF    05.5
0096:  BCF    03.5
0097:  BCF    05.5
....................       } 
....................       if(valor > 1022) 
0098:  MOVF   25,W
0099:  SUBLW  02
009A:  BTFSC  03.0
009B:  GOTO   0B3
009C:  XORLW  FF
009D:  BTFSS  03.2
009E:  GOTO   0A3
009F:  MOVF   24,W
00A0:  SUBLW  FE
00A1:  BTFSC  03.0
00A2:  GOTO   0B3
....................       { 
....................          output_low(pin_a1); 
00A3:  BSF    03.5
00A4:  BCF    05.1
00A5:  BCF    03.5
00A6:  BCF    05.1
....................          output_low(pin_a2); 
00A7:  BSF    03.5
00A8:  BCF    05.2
00A9:  BCF    03.5
00AA:  BCF    05.2
....................          output_low(pin_a4); 
00AB:  BSF    03.5
00AC:  BCF    05.4
00AD:  BCF    03.5
00AE:  BCF    05.4
....................          output_high(pin_a5); 
00AF:  BSF    03.5
00B0:  BCF    05.5
00B1:  BCF    03.5
00B2:  BSF    05.5
....................       } 
00B3:  GOTO   035
....................        
....................    } 
....................  
.................... } 
00B4:  SLEEP

Configuration Fuses:
   Word  1: 3F84   INTRC_IO NOWDT PUT NOMCLR NOBROWNOUT NOPROTECT NOCPD
