
ROM used:   181/1024 (18%)
            181/1024 (18%) including unused fragments

            0.3 Average locations per line
            5.8 Average locations per statement

RAM used:   6/64 (9%) at main() level
            7/64 (11%) worst case

Stack used: 0 worst case (0 in main + 0 for interrupts)
Stack size: 8

Lines Stmts  %   Files
----- ----- ---  -----
   49    31 100  main.c
   10     0   0  main.h
  487     0   0  ..\..\..\..\..\Program Files (x86)\PICC\Devices\12F675.h
----- -----
  546    31 Total

Page ROM  %  RAM   Vol Diff  Functions:
---- --- --- ---   --- ----  ----------
0     20  11    1             @delay_ms1
0    151  83    0   679  3.4  main
 Inline         0             @cinit1

Program metrics:
    Functions               1
    Statements              31
    Comments                90
    Volume (V)              685
    Difficulty (D)          3.2
    Effort to implement (E) 2222
    Time to implement (T)   2 minutes
    Est Delivered Bugs (B)  0
    Cyclomatic Complexity   4
    Maintainability (MI)    123

 Segment     Used  Free
-----------  ----  ----
00000-00003     4  0  
00004-003FF   177  843  



