;  LST file generated by mikroListExporter - v.2.0 
; Date/Time: 07/02/2023 18:43:39
;----------------------------------------------

;Address Opcode 	ASM
0x0000	0x2815      	GOTO       21
_____DoICP:
;__Lib_System.c,6 :: 		
;__Lib_System.c,9 :: 		
0x0003	0x1283      	BCF        STATUS, 5
0x0004	0x0821      	MOVF       ___DoICPAddr+1, 0
0x0005	0x008A      	MOVWF      PCLATH
;__Lib_System.c,10 :: 		
0x0006	0x0820      	MOVF       ___DoICPAddr, 0
0x0007	0x0082      	MOVWF      PCL
;__Lib_System.c,12 :: 		
0x0008	0x0008      	RETURN
; end of _____DoICP
___CC2DW:
;__Lib_System.c,24 :: 		
;__Lib_System.c,27 :: 		
_CC2D_Loop1:
;__Lib_System.c,29 :: 		
0x0009	0x2003      	CALL       _____DoICP
0x000A	0x118A      	BCF        PCLATH, 3
0x000B	0x120A      	BCF        PCLATH, 4
;__Lib_System.c,31 :: 		
0x000C	0x0080      	MOVWF      INDF
;__Lib_System.c,32 :: 		
0x000D	0x0A84      	INCF       FSR, 1
;__Lib_System.c,33 :: 		
0x000E	0x0AA0      	INCF       ___DoICPAddr, 1
;__Lib_System.c,35 :: 		
0x000F	0x1903      	BTFSC      STATUS, 2
;__Lib_System.c,36 :: 		
0x0010	0x0AA1      	INCF       ___DoICPAddr+1, 1
;__Lib_System.c,37 :: 		
0x0011	0x03D0      	DECF       R0, 1
;__Lib_System.c,39 :: 		
0x0012	0x1D03      	BTFSS      STATUS, 2
;__Lib_System.c,40 :: 		
0x0013	0x2809      	GOTO       _CC2D_Loop1
;__Lib_System.c,42 :: 		
0x0014	0x0008      	RETURN
; end of ___CC2DW
_main:
;aula04.c,4 :: 		void main() {
;aula04.c,5 :: 		ANSEL =0;    // desliga as entradas AD
0x0015	0x1683      	BSF        STATUS, 5
0x0016	0x019F      	CLRF       ANSEL
;aula04.c,6 :: 		CMCON = 7;   // desliga os comparadores internos
0x0017	0x3007      	MOVLW      7
0x0018	0x1283      	BCF        STATUS, 5
0x0019	0x0099      	MOVWF      CMCON
;aula04.c,9 :: 		TRISIO = 0b00010000;
0x001A	0x3010      	MOVLW      16
0x001B	0x1683      	BSF        STATUS, 5
0x001C	0x0085      	MOVWF      TRISIO
;aula04.c,10 :: 		GPIO = 0;
0x001D	0x1283      	BCF        STATUS, 5
0x001E	0x0185      	CLRF       GPIO
;aula04.c,11 :: 		while(1){
L_main0:
;aula04.c,12 :: 		if(GPIO.F5 == 1){    // se botão pressionado
0x001F	0x1E85      	BTFSS      GPIO, 5
0x0020	0x2831      	GOTO       L_main2
;aula04.c,13 :: 		GPIO.F0 = 1;     // liga o led
0x0021	0x1405      	BSF        GPIO, 0
;aula04.c,14 :: 		delay_ms(2000);  // por 2 segundos
0x0022	0x300B      	MOVLW      11
0x0023	0x00DB      	MOVWF      R11
0x0024	0x3026      	MOVLW      38
0x0025	0x00DC      	MOVWF      R12
0x0026	0x305D      	MOVLW      93
0x0027	0x00DD      	MOVWF      R13
L_main3:
0x0028	0x0BDD      	DECFSZ     R13, 1
0x0029	0x2828      	GOTO       L_main3
0x002A	0x0BDC      	DECFSZ     R12, 1
0x002B	0x2828      	GOTO       L_main3
0x002C	0x0BDB      	DECFSZ     R11, 1
0x002D	0x2828      	GOTO       L_main3
0x002E	0x0000      	NOP
0x002F	0x0000      	NOP
;aula04.c,15 :: 		} else {
0x0030	0x2832      	GOTO       L_main4
L_main2:
;aula04.c,16 :: 		GPIO.F0 = 0;     // desliga o led
0x0031	0x1005      	BCF        GPIO, 0
;aula04.c,17 :: 		}
L_main4:
;aula04.c,18 :: 		}
0x0032	0x281F      	GOTO       L_main0
;aula04.c,20 :: 		}
0x0033	0x2833      	GOTO       $+0
; end of _main
Symbol List:
//** Routines locations **
//ADDRESS    SIZE    PROCEDURE
//----------------------------------------------
0x0003       [6]    _____DoICP
0x0009      [12]    ___CC2DW
0x0015      [31]    _main
//** Variables locations ** 
//ADDRESS    SIZE    VARIABLE
//----------------------------------------------
0x0000       [1]    INDF
0x0001       [1]    TMR0
0x0002       [1]    PCL
0x0003       [0]    C_bit
0x0003       [0]    IRP_bit
0x0003       [0]    RP0_bit
0x0003       [1]    STATUS
0x0003       [0]    RP1_bit
0x0003       [0]    Z_bit
0x0003       [0]    NOT_TO_bit
0x0003       [0]    DC_bit
0x0003       [0]    NOT_PD_bit
0x0004       [1]    FSRPTR
0x0004       [1]    FSR
0x0005       [0]    GP3_bit
0x0005       [0]    GP4_bit
0x0005       [0]    GP1_bit
0x0005       [0]    GP0_bit
0x0005       [0]    GP2_bit
0x0005       [0]    GP5_bit
0x0005       [1]    GPIO
0x000A       [1]    PCLATH
0x000B       [0]    GPIF_bit
0x000B       [0]    T0IE_bit
0x000B       [0]    INTE_bit
0x000B       [1]    INTCON
0x000B       [0]    GIE_bit
0x000B       [0]    T0IF_bit
0x000B       [0]    INTF_bit
0x000B       [0]    PEIE_bit
0x000B       [0]    GPIE_bit
0x000C       [0]    CMIF_bit
0x000C       [0]    TMR1IF_bit
0x000C       [0]    T1IF_bit
0x000C       [1]    PIR1
0x000C       [0]    ADIF_bit
0x000C       [0]    EEIF_bit
0x000E       [1]    TMR1L
0x000F       [1]    TMR1H
0x0010       [0]    NOT_T1SYNC_bit
0x0010       [0]    T1CKPS0_bit
0x0010       [0]    T1OSCEN_bit
0x0010       [0]    TMR1CS_bit
0x0010       [0]    TMR1GE_bit
0x0010       [0]    T1CKPS1_bit
0x0010       [1]    T1CON
0x0010       [0]    TMR1ON_bit
0x0019       [0]    COUT_bit
0x0019       [1]    CMCON
0x0019       [0]    CINV_bit
0x0019       [0]    CIS_bit
0x0019       [0]    CM0_bit
0x0019       [0]    CM1_bit
0x0019       [0]    CM2_bit
0x001E       [1]    ADRESH
0x001F       [0]    GO_bit
0x001F       [0]    CHS0_bit
0x001F       [0]    CHS1_bit
0x001F       [0]    NOT_DONE_bit
0x001F       [1]    ADCON0
0x001F       [0]    ADON_bit
0x001F       [0]    GO_DONE_bit
0x001F       [0]    VCFG_bit
0x001F       [0]    ADFM_bit
0x0020       [2]    ___DoICPAddr
0x0050       [1]    R0
0x0051       [1]    R1
0x0052       [1]    R2
0x0053       [1]    R3
0x0054       [1]    R4
0x0055       [1]    R5
0x0056       [1]    R6
0x0057       [1]    R7
0x0058       [1]    R8
0x0059       [1]    R9
0x005A       [1]    R10
0x005B       [1]    R11
0x005C       [1]    R12
0x005D       [1]    R13
0x005E       [1]    R14
0x005F       [1]    R15
0x0081       [0]    PS1_bit
0x0081       [0]    PS0_bit
0x0081       [1]    OPTION_REG
0x0081       [0]    T0CS_bit
0x0081       [0]    INTEDG_bit
0x0081       [0]    NOT_GPPU_bit
0x0081       [0]    PS2_bit
0x0081       [0]    PSA_bit
0x0081       [0]    T0SE_bit
0x0085       [1]    TRISIO
0x0085       [0]    TRISIO3_bit
0x0085       [0]    TRISIO4_bit
0x0085       [0]    TRISIO2_bit
0x0085       [0]    TRISIO0_bit
0x0085       [0]    TRISIO1_bit
0x0085       [0]    TRISIO5_bit
0x008C       [0]    TMR1IE_bit
0x008C       [1]    PIE1
0x008C       [0]    EEIE_bit
0x008C       [0]    CMIE_bit
0x008C       [0]    ADIE_bit
0x008C       [0]    T1IE_bit
0x008E       [1]    PCON
0x008E       [0]    NOT_POR_bit
0x008E       [0]    NOT_BOD_bit
0x0090       [0]    CAL0_bit
0x0090       [1]    OSCCAL
0x0090       [0]    CAL1_bit
0x0090       [0]    CAL3_bit
0x0090       [0]    CAL4_bit
0x0090       [0]    CAL5_bit
0x0090       [0]    CAL2_bit
0x0095       [0]    WPU4_bit
0x0095       [0]    WPU5_bit
0x0095       [1]    WPU
0x0095       [0]    WPU0_bit
0x0095       [0]    WPU1_bit
0x0095       [0]    WPU2_bit
0x0096       [1]    IOCB
0x0096       [0]    IOCB1_bit
0x0096       [0]    IOCB0_bit
0x0096       [0]    IOCB3_bit
0x0096       [0]    IOCB2_bit
0x0096       [1]    IOC
0x0096       [0]    IOCB5_bit
0x0096       [0]    IOCB4_bit
0x0099       [1]    VRCON
0x0099       [0]    VR2_bit
0x0099       [0]    VR3_bit
0x0099       [0]    VR0_bit
0x0099       [0]    VR1_bit
0x0099       [0]    VRR_bit
0x0099       [0]    VREN_bit
0x009A       [1]    EEDAT
0x009A       [1]    EEDATA
0x009B       [1]    EEADR
0x009C       [1]    EECON1
0x009C       [0]    WRERR_bit
0x009C       [0]    WR_bit
0x009C       [0]    RD_bit
0x009C       [0]    WREN_bit
0x009D       [1]    EECON2
0x009E       [1]    ADRESL
0x009F       [0]    ANS2_bit
0x009F       [0]    ANS3_bit
0x009F       [0]    ADCS0_bit
0x009F       [0]    ADCS2_bit
0x009F       [1]    ANSEL
0x009F       [0]    ADCS1_bit
0x009F       [0]    ANS1_bit
0x009F       [0]    ANS0_bit
//** Label List: ** 
//----------------------------------------------
  L_main0
  L_main1
  L_main2
  L_main3
  L_main4
  _main
  _CC2D_Loop1
  _____DoICP
  _____DoIFC
  ___CC2DW
  _Swap
