MPASM  5.51                       AULA010.ASM   6-5-2023  10:52:24         PAGE  1


LOC  OBJECT CODE     LINE SOURCE TEXT
  VALUE

                      00001 ;+++++++++++++++++++++++++++++++++++++++++++++++++++++++++++++++++
                      00002 ;
                      00003 ; Curso: Assembly para Microcontroladores PIC 
                      00004 ; Conteúdo: Aula010 - DELAY E O CICLO DE MÁQUINA
                      00005 ;
                      00006 ; aciona o LED 1 ligado em RB1 e apaga o LED 2 ligado em RB3
                      00007 ; aguarda 500ms
                      00008 ; apaga o LED 1 ligado em RB1 e aciona o LED 2 ligado em RB3
                      00009 ; aguarda 500ms
                      00010 ; volta a executar o código em loop inifinito
                      00011 ;
                      00012 ; LEDs - current sourcing:
                      00013 ; '0' - apaga
                      00014 ; '1' - acende
                      00015 ;
                      00016 ; Ciclo de máquina
                      00017 ; CM = 1/(Fosc/4) = 1/(4M/4) = 1us
                      00018 ;
                      00019 ;
                      00020 ;
                      00021 ; MCU: PIC16F84A clock: 4MHz
                      00022 ;
                      00023 ; Autor: Marcelo Moraes
                      00024 ; Data: Junho 2023
                      00025 ; arduinobymyself.blogspot.com.br
                      00026 ; arduinobymyself@gmail.com
                      00027 ;
                      00028 ;+++++++++++++++++++++++++++++++++++++++++++++++++++++++++++++++++
                      00029 
                      00030 
                      00031 ;+++++++++++++++++++++++++++++++++++++++++++++++++++++++++++++++++
                      00032                         list p=16f84a                                   ;uC utilizado
                      00033                         
                      00034                         
                      00035 ;+++++ inclusão de arquivos +++++
                      00036                         #include <p16f84a.inc>                  ;incluindo o arquivo do uC
                      00001         LIST
                      00002 
                      00003 ;==========================================================================
                      00004 ;  MPASM PIC16F84A processor include
                      00005 ; 
                      00006 ;  (c) Copyright 1999-2013 Microchip Technology, All rights reserved
                      00007 ;==========================================================================
                      00008 
                      00208         LIST
                      00037                         
                      00038 ;+++++ fuse bits +++++
                      00039                         ;clock 4MHz, watch dog disabled, power up timer disabled, code protection disabl
                            ed
2007   3FF1           00040                         __config _XT_OSC & _WDT_OFF & _PWRTE_ON & _CP_OFF
                      00041                         
                      00042 ;+++++ paginação de memória +++++
                      00043                         #define banco0 bcf STATUS, RP0  ;cria mnemônico para o banco 0 de memória
MPASM  5.51                       AULA010.ASM   6-5-2023  10:52:24         PAGE  2


LOC  OBJECT CODE     LINE SOURCE TEXT
  VALUE

                      00044                         #define banco1 bsf STATUS, RP0  ;cria mnemônico para o banco 1 de memória
                      00045                         
                      00046 ;+++++ entradas e saídas +++++
                      00047                         #define botao1 PORTB, RB0               ;botão 1 ligado em RB0
                      00048                         #define botao2 PORTB, RB2       ;botão 2 ligado em RB2
                      00049                         #define LED1 PORTB, RB1                 ;LED 1 ligado em RB1
                      00050                         #define LED2 PORTB, RB3                 ;LED 2 ligado em RB3
                      00051                         
                      00052 ;+++++ registradores de uso geral +++++
                      00053                         ;tempo1 equ H'0C'
                      00054                         ;tempo2 equ H'0D'
                      00055                         cblock H'0C'                                    ;início do bloco de memória de u
                            so geral
  0000000C            00056                         tempo1                                                  ;H'0C'
  0000000D            00057                         tempo2                                                  ;H'0D'
                      00058                         endc
                      00059                         
                      00060 ;+++++ vetor de reset +++++
0000                  00061                         org H'0000'                                             ;origem do programa
0000   2805           00062                         goto inicio                                             ;desvia da interrupção
                      00063 
                      00064 ;+++++ vetor de interrupção +++++
0004                  00065                         org H'0004'                                             ;todas as interrupções a
                            pontam para este endereço
0004   0009           00066                         retfie                                                  ;retorna da interrupção
                      00067 
                      00068 ;+++++ programa principal +++++
0005                  00069 inicio:
0005   1683           00070                         banco1                                                  ;seleciona banco 1 de me
                            mória
0006   301F           00071                         movlw H'1F'                                             ;W = B'00011111'
Message[302]: Register in operand not in bank 0.  Ensure that bank bits are correct.
0007   0085           00072                         movwf TRISA                                             ;todos os bits do PORT A
                             como entrada
0008   30F5           00073                         movlw H'F5'                                             ;W = B'1110101'
Message[302]: Register in operand not in bank 0.  Ensure that bank bits are correct.
0009   0086           00074                         movwf TRISB                                             ;trisb recebe W
                      00075                         
000A   1283           00076                         banco0                                                  ;seleciona banco 0 de me
                            ória
000B   30F5           00077                         movlw H'F5'                                             ;W = B'11110101'
000C   0086           00078                         movwf PORTB                                             ;os dois LED iniciam em 
                            nível baixo (low)
                      00079                         
000D                  00080 loop:                                                                           ;loop infinito
000D   1486           00081                         bsf LED1                                                ;liga LED 1
000E   1186           00082                         bcf LED2                                                ;apaga LED 2
000F   2014           00083                         call delay_500ms                                ;rotina de delay para 500ms (gas
                            ta 2 CM)
0010   1086           00084                         bcf LED1                                                ;apaga LED 1
0011   1586           00085                         bsf LED2                                                ;liga LED 2
0012   2014           00086                         call delay_500ms                                ;rotina de delay para 500ms
                      00087                                                         
MPASM  5.51                       AULA010.ASM   6-5-2023  10:52:24         PAGE  3


LOC  OBJECT CODE     LINE SOURCE TEXT
  VALUE

                      00088 
0013   280D           00089                         goto loop
                      00090                         
                      00091 ;+++++ desenvolvimento das sub-rotinas +++++
                      00092                         
0014                  00093 delay_500ms:
0014   30DD           00094                         movlw D'221'                                    ;move 221 para registradoe W
0015   008C           00095                         movwf tempo1                                    ;move W para a primeira posição 
                            de memória de uso geral
                      00096                                                                                         ;gasto 2 CM
0016                  00097 aux1:
0016   30FB           00098                         movlw D'251'                                    ;move 251 para o registrador W
0017   008D           00099                         movwf tempo2                                    ;move W para a segunda posição d
                            e memória de uso geral
                      00100                                                                                         ;gasto 2 CM
0018                  00101 aux2:
0018   0000           00102                         nop                                                             ;conjunto de nop
                            s para gastar tempo
0019   0000           00103                         nop                                                             ;gasto 6 CM
001A   0000           00104                         nop
001B   0000           00105                         nop
001C   0000           00106                         nop
001D   0000           00107                         nop
                      00108                         ;nop
                      00109                         
Message[305]: Using default destination of 1 (file).
001E   0B8D           00110                         decfsz tempo2                                   ;decrementa o contador 1
001F   2818           00111                         goto aux2
                      00112                         
Message[305]: Using default destination of 1 (file).
0020   0B8C           00113                         decfsz tempo1                                   ;decrementa o contador 2
0021   2816           00114                         goto aux1
                      00115                         
0022   0008           00116                         return
                      00117                         
                      00118                         
                      00119                         end                                                             ;fim do programa
                             principal 
MPASM  5.51                       AULA010.ASM   6-5-2023  10:52:24         PAGE  4


SYMBOL TABLE
  LABEL                             VALUE 

C                                 00000000
DC                                00000001
EEADR                             00000009
EECON1                            00000088
EECON2                            00000089
EEDATA                            00000008
EEIE                              00000006
EEIF                              00000004
F                                 00000001
FSR                               00000004
GIE                               00000007
INDF                              00000000
INTCON                            0000000B
INTE                              00000004
INTEDG                            00000006
INTF                              00000001
IRP                               00000007
LED1                              PORTB, RB1
LED2                              PORTB, RB3
NOT_PD                            00000003
NOT_RBPU                          00000007
NOT_TO                            00000004
OPTION_REG                        00000081
PCL                               00000002
PCLATH                            0000000A
PORTA                             00000005
PORTB                             00000006
PS0                               00000000
PS1                               00000001
PS2                               00000002
PSA                               00000003
RA0                               00000000
RA1                               00000001
RA2                               00000002
RA3                               00000003
RA4                               00000004
RB0                               00000000
RB1                               00000001
RB2                               00000002
RB3                               00000003
RB4                               00000004
RB5                               00000005
RB6                               00000006
RB7                               00000007
RBIE                              00000003
RBIF                              00000000
RD                                00000000
RP0                               00000005
RP1                               00000006
STATUS                            00000003
T0CS                              00000005
T0IE                              00000005
T0IF                              00000002
MPASM  5.51                       AULA010.ASM   6-5-2023  10:52:24         PAGE  5


SYMBOL TABLE
  LABEL                             VALUE 

T0SE                              00000004
TMR0                              00000001
TMR0IE                            00000005
TMR0IF                            00000002
TRISA                             00000085
TRISA0                            00000000
TRISA1                            00000001
TRISA2                            00000002
TRISA3                            00000003
TRISA4                            00000004
TRISB                             00000086
TRISB0                            00000000
TRISB1                            00000001
TRISB2                            00000002
TRISB3                            00000003
TRISB4                            00000004
TRISB5                            00000005
TRISB6                            00000006
TRISB7                            00000007
W                                 00000000
WR                                00000001
WREN                              00000002
WRERR                             00000003
Z                                 00000002
_CONFIG                           00002007
_CP_OFF                           00003FFF
_CP_ON                            0000000F
_DEVID1                           00002006
_FOSC_EXTRC                       00003FFF
_FOSC_HS                          00003FFE
_FOSC_LP                          00003FFC
_FOSC_XT                          00003FFD
_HS_OSC                           00003FFE
_IDLOC0                           00002000
_IDLOC1                           00002001
_IDLOC2                           00002002
_IDLOC3                           00002003
_LP_OSC                           00003FFC
_PWRTE_OFF                        00003FFF
_PWRTE_ON                         00003FF7
_RC_OSC                           00003FFF
_WDTE_OFF                         00003FFB
_WDTE_ON                          00003FFF
_WDT_OFF                          00003FFB
_WDT_ON                           00003FFF
_XT_OSC                           00003FFD
__16F84A                          00000001
__DEBUG                           1
aux1                              00000016
aux2                              00000018
banco0                            bcf STATUS, RP0
banco1                            bsf STATUS, RP0
botao1                            PORTB, RB0
MPASM  5.51                       AULA010.ASM   6-5-2023  10:52:24         PAGE  6


SYMBOL TABLE
  LABEL                             VALUE 

botao2                            PORTB, RB2
delay_500ms                       00000014
inicio                            00000005
loop                              0000000D
tempo1                            0000000C
tempo2                            0000000D


MEMORY USAGE MAP ('X' = Used,  '-' = Unused)

0000 : X---XXXXXXXXXXXX XXXXXXXXXXXXXXXX XXX------------- ----------------
2000 : -------X-------- ---------------- ---------------- ----------------

All other memory blocks unused.

Program Memory Words Used:    32
Program Memory Words Free:   992


Errors   :     0
Warnings :     0 reported,     0 suppressed
Messages :     4 reported,     0 suppressed

