
ROM used:   34/2048 (2%)
            34/2048 (2%) including unused fragments

            0.1 Average locations per line
            2.3 Average locations per statement

RAM used:   5/224 (2%) at main() level
            6/224 (3%) worst case

Stack used: 0 worst case (0 in main + 0 for interrupts)
Stack size: 8

Lines Stmts  %   Files
----- ----- ---  -----
   29    15 100  aula013.c
  508     0   0  ..\..\..\..\..\..\Program Files (x86)\PICC\devices\16F628A.h
----- -----
  537    15 Total

Page ROM  %  RAM   Vol Diff  Functions:
---- --- --- ---   --- ----  ----------
0     30  88    0   275  4.1  main
 Inline         0             @cinit1

Program metrics:
    Functions               1
    Statements              15
    Comments                104
    Volume (V)              277
    Difficulty (D)          4.0
    Effort to implement (E) 1103
    Time to implement (T)   1 minutes
    Est Delivered Bugs (B)  0
    Cyclomatic Complexity   2
    Maintainability (MI)    93

 Segment     Used  Free
-----------  ----  ----
00000-00003     4  0  
00004-007FF    30  2014  



