
ROM used:   71/2048 (3%)
            71/2048 (3%) including unused fragments

            0.1 Average locations per line
            5.5 Average locations per statement

RAM used:   7/224 (3%) at main() level
            8/224 (4%) worst case

Stack used: 0 worst case (0 in main + 0 for interrupts)
Stack size: 8

Lines Stmts  %   Files
----- ----- ---  -----
   32    13 100  aula004.c
  508     0   0  ..\..\..\..\..\..\Program Files (x86)\PICC\devices\16f628a.h
----- -----
  540    13 Total

Page ROM  %  RAM   Vol Diff  Functions:
---- --- --- ---   --- ----  ----------
0     21  30    1             @delay_ms1
0     34  48    1   144  2.5  main
0     12  17    0    48  1.1  piscaLed
 Inline         0             @cinit1

Program metrics:
    Functions               2
    Statements              13
    Comments                96
    Volume (V)              240
    Difficulty (D)          3.3
    Effort to implement (E) 798
    Time to implement (T)   1 minutes
    Est Delivered Bugs (B)  0
    Cyclomatic Complexity   2
    Maintainability (MI)    67

 Segment     Used  Free
-----------  ----  ----
00000-00003     4  0  
00004-007FF    67  1977  



