;  LST file generated by mikroListExporter - v.2.0 
; Date/Time: 16/02/2023 10:08:35
;----------------------------------------------

;Address Opcode 	ASM
0x0000	0x288E      	GOTO       142
_I2C1_Is_Idle:
;__Lib_I2C_c34.c,11 :: 		
;__Lib_I2C_c34.c,12 :: 		
0x0003	0x1683      	BSF        STATUS, 5
0x0004	0x1303      	BCF        STATUS, 6
0x0005	0x1914      	BTFSC      SSPSTAT, 2
0x0006	0x2811      	GOTO       L_I2C1_Is_Idle0
;__Lib_I2C_c34.c,13 :: 		
0x0007	0x301F      	MOVLW      31
0x0008	0x0511      	ANDWF      SSPCON2, 0
0x0009	0x00F1      	MOVWF      R1
0x000A	0x0871      	MOVF       R1, 0
0x000B	0x3A00      	XORLW      0
0x000C	0x1D03      	BTFSS      STATUS, 2
0x000D	0x2811      	GOTO       L_I2C1_Is_Idle1
;__Lib_I2C_c34.c,14 :: 		
0x000E	0x3001      	MOVLW      1
0x000F	0x00F0      	MOVWF      R0
0x0010	0x0008      	RETURN
L_I2C1_Is_Idle1:
L_I2C1_Is_Idle0:
;__Lib_I2C_c34.c,15 :: 		
0x0011	0x01F0      	CLRF       R0
;__Lib_I2C_c34.c,16 :: 		
0x0012	0x0008      	RETURN
; end of _I2C1_Is_Idle
_I2C1_Stop:
;__Lib_I2C_c34.c,87 :: 		
;__Lib_I2C_c34.c,88 :: 		
0x0013	0x1683      	BSF        STATUS, 5
0x0014	0x1303      	BCF        STATUS, 6
0x0015	0x1511      	BSF        SSPCON2, 2
;__Lib_I2C_c34.c,89 :: 		
0x0016	0x0008      	RETURN
; end of _I2C1_Stop
_____DoICP:
;__Lib_System.c,6 :: 		
;__Lib_System.c,9 :: 		
0x0017	0x1283      	BCF        STATUS, 5
0x0018	0x1303      	BCF        STATUS, 6
0x0019	0x0821      	MOVF       ___DoICPAddr+1, 0
0x001A	0x008A      	MOVWF      PCLATH
;__Lib_System.c,10 :: 		
0x001B	0x0820      	MOVF       ___DoICPAddr, 0
0x001C	0x0082      	MOVWF      PCL
;__Lib_System.c,12 :: 		
0x001D	0x0008      	RETURN
; end of _____DoICP
_I2C1_Start:
;__Lib_I2C_c34.c,18 :: 		
;__Lib_I2C_c34.c,21 :: 		
0x001E	0x1283      	BCF        STATUS, 5
0x001F	0x1303      	BCF        STATUS, 6
0x0020	0x01A6      	CLRF       I2C1_Start_j_L0
0x0021	0x01A7      	CLRF       I2C1_Start_j_L0+1
L_I2C1_Start2:
0x0022	0x0827      	MOVF       I2C1_Start_j_L0+1, 0
0x0023	0x3C12      	SUBLW      18
0x0024	0x1D03      	BTFSS      STATUS, 2
0x0025	0x2828      	GOTO       L__I2C1_Start24
0x0026	0x0826      	MOVF       I2C1_Start_j_L0, 0
0x0027	0x3C8E      	SUBLW      142
L__I2C1_Start24:
0x0028	0x1C03      	BTFSS      STATUS, 0
0x0029	0x2834      	GOTO       L_I2C1_Start3
;__Lib_I2C_c34.c,22 :: 		
0x002A	0x2003      	CALL       _I2C1_Is_Idle
0x002B	0x0870      	MOVF       R0, 0
0x002C	0x1903      	BTFSC      STATUS, 2
0x002D	0x282F      	GOTO       L_I2C1_Start5
;__Lib_I2C_c34.c,23 :: 		
0x002E	0x2834      	GOTO       L_I2C1_Start3
L_I2C1_Start5:
;__Lib_I2C_c34.c,21 :: 		
0x002F	0x1283      	BCF        STATUS, 5
0x0030	0x0AA6      	INCF       I2C1_Start_j_L0, 1
0x0031	0x1903      	BTFSC      STATUS, 2
0x0032	0x0AA7      	INCF       I2C1_Start_j_L0+1, 1
;__Lib_I2C_c34.c,24 :: 		
0x0033	0x2822      	GOTO       L_I2C1_Start2
L_I2C1_Start3:
0x0034	0x1283      	BCF        STATUS, 5
;__Lib_I2C_c34.c,26 :: 		
0x0035	0x3012      	MOVLW      18
0x0036	0x0227      	SUBWF      I2C1_Start_j_L0+1, 0
0x0037	0x1D03      	BTFSS      STATUS, 2
0x0038	0x283B      	GOTO       L__I2C1_Start25
0x0039	0x308F      	MOVLW      143
0x003A	0x0226      	SUBWF      I2C1_Start_j_L0, 0
L__I2C1_Start25:
0x003B	0x1C03      	BTFSS      STATUS, 0
0x003C	0x2840      	GOTO       L_I2C1_Start6
;__Lib_I2C_c34.c,27 :: 		
0x003D	0x307B      	MOVLW      123
0x003E	0x00F0      	MOVWF      R0
0x003F	0x0008      	RETURN
L_I2C1_Start6:
0x0040	0x1683      	BSF        STATUS, 5
;__Lib_I2C_c34.c,29 :: 		
0x0041	0x1411      	BSF        SSPCON2, 0
;__Lib_I2C_c34.c,30 :: 		
L_I2C1_Start8:
0x0042	0x1C11      	BTFSS      SSPCON2, 0
0x0043	0x2845      	GOTO       L_I2C1_Start9
;__Lib_I2C_c34.c,31 :: 		
0x0044	0x2842      	GOTO       L_I2C1_Start8
L_I2C1_Start9:
;__Lib_I2C_c34.c,32 :: 		
0x0045	0x01F0      	CLRF       R0
;__Lib_I2C_c34.c,34 :: 		
0x0046	0x0008      	RETURN
; end of _I2C1_Start
_I2C1_Wr:
;__Lib_I2C_c34.c,66 :: 		
;__Lib_I2C_c34.c,68 :: 		
0x0047	0x1283      	BCF        STATUS, 5
0x0048	0x1303      	BCF        STATUS, 6
0x0049	0x118C      	BCF        PIR1, 3
;__Lib_I2C_c34.c,69 :: 		
0x004A	0x0826      	MOVF       FARG_I2C1_Wr_data_, 0
0x004B	0x0093      	MOVWF      SSPBUF
;__Lib_I2C_c34.c,71 :: 		
L_I2C1_Wr18:
0x004C	0x1683      	BSF        STATUS, 5
0x004D	0x1D14      	BTFSS      SSPSTAT, 2
0x004E	0x2850      	GOTO       L_I2C1_Wr19
;__Lib_I2C_c34.c,72 :: 		
0x004F	0x284C      	GOTO       L_I2C1_Wr18
L_I2C1_Wr19:
;__Lib_I2C_c34.c,74 :: 		
L_I2C1_Wr20:
0x0050	0x1283      	BCF        STATUS, 5
0x0051	0x198C      	BTFSC      PIR1, 3
0x0052	0x2854      	GOTO       L_I2C1_Wr21
;__Lib_I2C_c34.c,75 :: 		
0x0053	0x2850      	GOTO       L_I2C1_Wr20
L_I2C1_Wr21:
;__Lib_I2C_c34.c,77 :: 		
0x0054	0x1683      	BSF        STATUS, 5
0x0055	0x1B11      	BTFSC      SSPCON2, 6
0x0056	0x2859      	GOTO       L_I2C1_Wr22
;__Lib_I2C_c34.c,78 :: 		
0x0057	0x01F0      	CLRF       R0
0x0058	0x0008      	RETURN
;__Lib_I2C_c34.c,79 :: 		
L_I2C1_Wr22:
;__Lib_I2C_c34.c,81 :: 		
0x0059	0x1511      	BSF        SSPCON2, 2
;__Lib_I2C_c34.c,82 :: 		
0x005A	0x3002      	MOVLW      2
0x005B	0x00F0      	MOVWF      R0
;__Lib_I2C_c34.c,84 :: 		
0x005C	0x0008      	RETURN
; end of _I2C1_Wr
_I2C1_Init:
;__Lib_I2C_c34.c,2 :: 		
;__Lib_I2C_c34.c,3 :: 		
0x005D	0x1683      	BSF        STATUS, 5
0x005E	0x1303      	BCF        STATUS, 6
0x005F	0x1314      	BCF        SSPSTAT, 6
;__Lib_I2C_c34.c,4 :: 		
0x0060	0x1394      	BCF        SSPSTAT, 7
;__Lib_I2C_c34.c,5 :: 		
0x0061	0x1607      	BSF        TRISC4_bit, 4
;__Lib_I2C_c34.c,6 :: 		
0x0062	0x1587      	BSF        TRISC3_bit, 3
;__Lib_I2C_c34.c,7 :: 		
0x0063	0x3038      	MOVLW      56
0x0064	0x1283      	BCF        STATUS, 5
0x0065	0x0094      	MOVWF      SSPCON
;__Lib_I2C_c34.c,9 :: 		
0x0066	0x0008      	RETURN
; end of _I2C1_Init
_writePCF8574:
;VSaula058_I2C_PCF8574_IO_2.c,56 :: 		void writePCF8574(char wdispositivo, char wvalor)
;VSaula058_I2C_PCF8574_IO_2.c,59 :: 		I2C1_Start();
0x0067	0x201E      	CALL       _I2C1_Start
;VSaula058_I2C_PCF8574_IO_2.c,60 :: 		I2C1_Wr((0b01000000) | (wdispositivo << 1));
0x0068	0x1283      	BCF        STATUS, 5
0x0069	0x1303      	BCF        STATUS, 6
0x006A	0x0822      	MOVF       FARG_writePCF8574_wdispositivo, 0
0x006B	0x00F0      	MOVWF      R0
0x006C	0x0DF0      	RLF        R0, 1
0x006D	0x1070      	BCF        R0, 0
0x006E	0x3040      	MOVLW      64
0x006F	0x0470      	IORWF      R0, 0
0x0070	0x00A6      	MOVWF      FARG_I2C1_Wr_data_
0x0071	0x2047      	CALL       _I2C1_Wr
;VSaula058_I2C_PCF8574_IO_2.c,61 :: 		I2C1_Wr( wvalor );
0x0072	0x1283      	BCF        STATUS, 5
0x0073	0x0823      	MOVF       FARG_writePCF8574_wvalor, 0
0x0074	0x00A6      	MOVWF      FARG_I2C1_Wr_data_
0x0075	0x2047      	CALL       _I2C1_Wr
;VSaula058_I2C_PCF8574_IO_2.c,62 :: 		I2C1_Stop();
0x0076	0x2013      	CALL       _I2C1_Stop
;VSaula058_I2C_PCF8574_IO_2.c,63 :: 		Delay_ms(5);
0x0077	0x300D      	MOVLW      13
0x0078	0x00FC      	MOVWF      R12
0x0079	0x30FB      	MOVLW      251
0x007A	0x00FD      	MOVWF      R13
L_writePCF85743:
0x007B	0x0BFD      	DECFSZ     R13, 1
0x007C	0x287B      	GOTO       L_writePCF85743
0x007D	0x0BFC      	DECFSZ     R12, 1
0x007E	0x287B      	GOTO       L_writePCF85743
0x007F	0x0000      	NOP
0x0080	0x0000      	NOP
;VSaula058_I2C_PCF8574_IO_2.c,65 :: 		}
0x0081	0x0008      	RETURN
; end of _writePCF8574
___CC2DW:
;__Lib_System.c,24 :: 		
;__Lib_System.c,27 :: 		
_CC2D_Loop1:
;__Lib_System.c,29 :: 		
0x0082	0x2017      	CALL       _____DoICP
0x0083	0x118A      	BCF        PCLATH, 3
0x0084	0x120A      	BCF        PCLATH, 4
;__Lib_System.c,31 :: 		
0x0085	0x0080      	MOVWF      INDF
;__Lib_System.c,32 :: 		
0x0086	0x0A84      	INCF       FSR, 1
;__Lib_System.c,33 :: 		
0x0087	0x0AA0      	INCF       ___DoICPAddr, 1
;__Lib_System.c,35 :: 		
0x0088	0x1903      	BTFSC      STATUS, 2
;__Lib_System.c,36 :: 		
0x0089	0x0AA1      	INCF       ___DoICPAddr+1, 1
;__Lib_System.c,37 :: 		
0x008A	0x03F0      	DECF       R0, 1
;__Lib_System.c,39 :: 		
0x008B	0x1D03      	BTFSS      STATUS, 2
;__Lib_System.c,40 :: 		
0x008C	0x2882      	GOTO       _CC2D_Loop1
;__Lib_System.c,42 :: 		
0x008D	0x0008      	RETURN
; end of ___CC2DW
_main:
;VSaula058_I2C_PCF8574_IO_2.c,34 :: 		void main() {
;VSaula058_I2C_PCF8574_IO_2.c,38 :: 		I2C1_Init(100000);
0x008E	0x3014      	MOVLW      20
0x008F	0x1683      	BSF        STATUS, 5
0x0090	0x1303      	BCF        STATUS, 6
0x0091	0x0093      	MOVWF      SSPADD
0x0092	0x205D      	CALL       _I2C1_Init
;VSaula058_I2C_PCF8574_IO_2.c,42 :: 		TRISD = 0;
0x0093	0x1683      	BSF        STATUS, 5
0x0094	0x0188      	CLRF       TRISD
;VSaula058_I2C_PCF8574_IO_2.c,43 :: 		PORTD = 0x01;
0x0095	0x3001      	MOVLW      1
0x0096	0x1283      	BCF        STATUS, 5
0x0097	0x0088      	MOVWF      PORTD
;VSaula058_I2C_PCF8574_IO_2.c,47 :: 		while(1){
L_main0:
0x0098	0x1283      	BCF        STATUS, 5
;VSaula058_I2C_PCF8574_IO_2.c,49 :: 		writePCF8574(0,PORTD);
0x0099	0x01A2      	CLRF       FARG_writePCF8574_wdispositivo
0x009A	0x0808      	MOVF       PORTD, 0
0x009B	0x00A3      	MOVWF      FARG_writePCF8574_wvalor
0x009C	0x2067      	CALL       _writePCF8574
;VSaula058_I2C_PCF8574_IO_2.c,50 :: 		Delay_ms(2000);
0x009D	0x3015      	MOVLW      21
0x009E	0x00FB      	MOVWF      R11
0x009F	0x304B      	MOVLW      75
0x00A0	0x00FC      	MOVWF      R12
0x00A1	0x30BE      	MOVLW      190
0x00A2	0x00FD      	MOVWF      R13
L_main2:
0x00A3	0x0BFD      	DECFSZ     R13, 1
0x00A4	0x28A3      	GOTO       L_main2
0x00A5	0x0BFC      	DECFSZ     R12, 1
0x00A6	0x28A3      	GOTO       L_main2
0x00A7	0x0BFB      	DECFSZ     R11, 1
0x00A8	0x28A3      	GOTO       L_main2
0x00A9	0x0000      	NOP
;VSaula058_I2C_PCF8574_IO_2.c,52 :: 		}//final do Loop
0x00AA	0x2898      	GOTO       L_main0
;VSaula058_I2C_PCF8574_IO_2.c,54 :: 		}//Final da main
0x00AB	0x28AB      	GOTO       $+0
; end of _main
Symbol List:
//** Routines locations **
//ADDRESS    SIZE    PROCEDURE
//----------------------------------------------
0x0003      [16]    _I2C1_Is_Idle
0x0013       [4]    _I2C1_Stop
0x0017       [7]    _____DoICP
0x001E      [41]    _I2C1_Start
0x0047      [22]    _I2C1_Wr
0x005D      [10]    _I2C1_Init
0x0067      [27]    _writePCF8574
0x0082      [12]    ___CC2DW
0x008E      [30]    _main
//** Variables locations ** 
//ADDRESS    SIZE    VARIABLE
//----------------------------------------------
0x0000       [1]    INDF
0x0001       [1]    TMR0
0x0002       [1]    PCL
0x0003       [0]    NOT_TO_bit
0x0003       [0]    NOT_PD_bit
0x0003       [0]    IRP_bit
0x0003       [0]    RP0_bit
0x0003       [0]    RP1_bit
0x0003       [0]    Z_bit
0x0003       [0]    DC_bit
0x0003       [0]    C_bit
0x0003       [1]    STATUS
0x0004       [1]    FSRPTR
0x0004       [1]    FSR
0x0005       [0]    RA0_bit
0x0005       [0]    RA1_bit
0x0005       [1]    PORTA
0x0005       [0]    RA2_bit
0x0005       [0]    RA3_bit
0x0005       [0]    RA5_bit
0x0005       [0]    RA4_bit
0x0006       [0]    RB6_bit
0x0006       [0]    RB3_bit
0x0006       [0]    RB5_bit
0x0006       [1]    PORTB
0x0006       [0]    RB4_bit
0x0006       [0]    RB2_bit
0x0006       [0]    RB1_bit
0x0006       [0]    RB0_bit
0x0006       [0]    RB7_bit
0x0007       [0]    RC0_bit
0x0007       [0]    RC1_bit
0x0007       [0]    RC6_bit
0x0007       [0]    RC3_bit
0x0007       [0]    RC5_bit
0x0007       [0]    RC2_bit
0x0007       [0]    RC7_bit
0x0007       [1]    PORTC
0x0007       [0]    RC4_bit
0x0008       [0]    RD5_bit
0x0008       [0]    RD1_bit
0x0008       [0]    RD0_bit
0x0008       [0]    RD3_bit
0x0008       [0]    RD4_bit
0x0008       [0]    RD7_bit
0x0008       [0]    RD2_bit
0x0008       [0]    RD6_bit
0x0008       [1]    PORTD
0x0009       [1]    PORTE
0x0009       [0]    RE0_bit
0x0009       [0]    RE1_bit
0x0009       [0]    RE2_bit
0x000A       [1]    PCLATH
0x000B       [0]    RBIE_bit
0x000B       [0]    T0IF_bit
0x000B       [0]    PEIE_bit
0x000B       [0]    GIE_bit
0x000B       [1]    INTCON
0x000B       [0]    INTE_bit
0x000B       [0]    TMR0IE_bit
0x000B       [0]    T0IE_bit
0x000B       [0]    TMR0IF_bit
0x000B       [0]    RBIF_bit
0x000B       [0]    INTF_bit
0x000C       [0]    SSPIF_bit
0x000C       [0]    PSPIF_bit
0x000C       [0]    ADIF_bit
0x000C       [0]    TMR1IF_bit
0x000C       [0]    RCIF_bit
0x000C       [0]    TMR2IF_bit
0x000C       [1]    PIR1
0x000C       [0]    TXIF_bit
0x000C       [0]    CCP1IF_bit
0x000D       [0]    BCLIF_bit
0x000D       [1]    PIR2
0x000D       [0]    CCP2IF_bit
0x000D       [0]    EEIF_bit
0x000D       [0]    CMIF_bit
0x000E       [1]    TMR1L
0x000F       [1]    TMR1H
0x0010       [0]    T1OSCEN_bit
0x0010       [0]    T1CKPS1_bit
0x0010       [1]    T1CON
0x0010       [0]    NOT_T1SYNC_bit
0x0010       [0]    T1CKPS0_bit
0x0010       [0]    T1SYNC_bit
0x0010       [0]    T1INSYNC_bit
0x0010       [0]    TMR1ON_bit
0x0010       [0]    TMR1CS_bit
0x0011       [1]    TMR2
0x0012       [0]    TOUTPS3_bit
0x0012       [1]    T2CON
0x0012       [0]    TOUTPS1_bit
0x0012       [0]    TMR2ON_bit
0x0012       [0]    TOUTPS0_bit
0x0012       [0]    TOUTPS2_bit
0x0012       [0]    T2CKPS0_bit
0x0012       [0]    T2CKPS1_bit
0x0013       [1]    SSPBUF
0x0014       [0]    SSPM0_bit
0x0014       [1]    SSPCON
0x0014       [0]    SSPEN_bit
0x0014       [0]    CKP_bit
0x0014       [0]    SSPOV_bit
0x0014       [0]    WCOL_bit
0x0014       [0]    SSPM3_bit
0x0014       [0]    SSPM1_bit
0x0014       [0]    SSPM2_bit
0x0015       [2]    CCPR1
0x0015       [1]    CCPR1L
0x0016       [1]    CCPR1H
0x0017       [0]    CCP1M0_bit
0x0017       [1]    CCP1CON
0x0017       [0]    CCP1M2_bit
0x0017       [0]    CCP1M3_bit
0x0017       [0]    CCP1Y_bit
0x0017       [0]    CCP1M1_bit
0x0017       [0]    CCP1X_bit
0x0018       [0]    NOT_RC8_bit
0x0018       [0]    SPEN_bit
0x0018       [0]    RX9_bit
0x0018       [0]    RC9_bit
0x0018       [0]    RC8_9_bit
0x0018       [0]    RCD8_bit
0x0018       [0]    ADDEN_bit
0x0018       [0]    FERR_bit
0x0018       [0]    OERR_bit
0x0018       [0]    RX9D_bit
0x0018       [0]    SREN_bit
0x0018       [0]    CREN_bit
0x0018       [1]    RCSTA
0x0019       [1]    TXREG
0x001A       [1]    RCREG
0x001B       [2]    CCPR2
0x001B       [1]    CCPR2L
0x001C       [1]    CCPR2H
0x001D       [0]    CCP2M3_bit
0x001D       [0]    CCP2M0_bit
0x001D       [0]    CCP2M2_bit
0x001D       [0]    CCP2M1_bit
0x001D       [0]    CCP2X_bit
0x001D       [0]    CCP2Y_bit
0x001D       [1]    CCP2CON
0x001E       [1]    ADRESH
0x001F       [0]    CHS1_bit
0x001F       [0]    ADCS0_bit
0x001F       [0]    CHS2_bit
0x001F       [1]    ADCON0
0x001F       [0]    GO_DONE_bit
0x001F       [0]    ADON_bit
0x001F       [0]    NOT_DONE_bit
0x001F       [0]    CHS0_bit
0x001F       [0]    GO_bit
0x001F       [0]    ADCS1_bit
0x0020       [2]    ___DoICPAddr
0x0022       [4]    FARG_I2C1_Init_clock
0x0022       [1]    FARG_writePCF8574_wdispositivo
0x0023       [1]    FARG_writePCF8574_wvalor
0x0026       [1]    FARG_I2C1_Wr_data_
0x0026       [2]    I2C1_Start_j_L0
0x0070       [1]    R0
0x0071       [1]    R1
0x0072       [1]    R2
0x0073       [1]    R3
0x0074       [1]    R4
0x0075       [1]    R5
0x0076       [1]    R6
0x0077       [1]    R7
0x0078       [1]    R8
0x0079       [1]    R9
0x007A       [1]    R10
0x007B       [1]    R11
0x007C       [1]    R12
0x007D       [1]    R13
0x007E       [1]    R14
0x007F       [1]    R15
0x0081       [0]    PS0_bit
0x0081       [1]    OPTION_REG
0x0081       [0]    T0CS_bit
0x0081       [0]    T0SE_bit
0x0081       [0]    NOT_RBPU_bit
0x0081       [0]    INTEDG_bit
0x0081       [0]    PSA_bit
0x0081       [0]    PS2_bit
0x0081       [0]    PS1_bit
0x0085       [0]    TRISA5_bit
0x0085       [1]    TRISA
0x0085       [0]    TRISA3_bit
0x0085       [0]    TRISA0_bit
0x0085       [0]    TRISA4_bit
0x0085       [0]    TRISA1_bit
0x0085       [0]    TRISA2_bit
0x0086       [0]    TRISB1_bit
0x0086       [0]    TRISB0_bit
0x0086       [0]    TRISB7_bit
0x0086       [0]    TRISB4_bit
0x0086       [1]    TRISB
0x0086       [0]    TRISB5_bit
0x0086       [0]    TRISB2_bit
0x0086       [0]    TRISB3_bit
0x0086       [0]    TRISB6_bit
0x0087       [0]    TRISC7_bit
0x0087       [0]    TRISC3_bit
0x0087       [0]    TRISC1_bit
0x0087       [1]    TRISC
0x0087       [0]    TRISC2_bit
0x0087       [0]    TRISC4_bit
0x0087       [0]    TRISC6_bit
0x0087       [0]    TRISC0_bit
0x0087       [0]    TRISC5_bit
0x0088       [1]    TRISD
0x0088       [0]    TRISD6_bit
0x0088       [0]    TRISD7_bit
0x0088       [0]    TRISD3_bit
0x0088       [0]    TRISD1_bit
0x0088       [0]    TRISD2_bit
0x0088       [0]    TRISD0_bit
0x0088       [0]    TRISD5_bit
0x0088       [0]    TRISD4_bit
0x0089       [0]    TRISE1_bit
0x0089       [0]    TRISE0_bit
0x0089       [1]    TRISE
0x0089       [0]    TRISE2_bit
0x0089       [0]    OBF_TRISE_bit
0x0089       [0]    IBF_TRISE_bit
0x0089       [0]    PSPMODE_bit
0x0089       [0]    IBOV_bit
0x0089       [0]    PSPMODE_TRISE_bit
0x0089       [0]    IBOV_TRISE_bit
0x0089       [0]    OBF_bit
0x0089       [0]    IBF_bit
0x008C       [0]    ADIE_bit
0x008C       [0]    RCIE_bit
0x008C       [1]    PIE1
0x008C       [0]    PSPIE_bit
0x008C       [0]    TMR2IE_bit
0x008C       [0]    TMR1IE_bit
0x008C       [0]    CCP1IE_bit
0x008C       [0]    TXIE_bit
0x008C       [0]    SSPIE_bit
0x008D       [0]    CCP2IE_bit
0x008D       [1]    PIE2
0x008D       [0]    BCLIE_bit
0x008D       [0]    CMIE_bit
0x008D       [0]    EEIE_bit
0x008E       [0]    NOT_BO_bit
0x008E       [0]    NOT_POR_bit
0x008E       [1]    PCON
0x008E       [0]    NOT_BOR_bit
0x0091       [0]    PEN_bit
0x0091       [0]    ACKSTAT_bit
0x0091       [0]    ACKDT_bit
0x0091       [0]    RCEN_bit
0x0091       [0]    ACKEN_bit
0x0091       [0]    GCEN_bit
0x0091       [1]    SSPCON2
0x0091       [0]    SEN_bit
0x0091       [0]    RSEN_bit
0x0092       [1]    PR2
0x0093       [1]    SSPADD
0x0094       [0]    P_bit
0x0094       [0]    I2C_STOP__bit
0x0094       [0]    S_bit
0x0094       [0]    DATA_ADDRESS_bit
0x0094       [0]    NOT_ADDRESS_bit
0x0094       [0]    I2C_DATA_bit
0x0094       [0]    D_A_bit
0x0094       [0]    NOT_A_bit
0x0094       [0]    I2C_START__bit
0x0094       [0]    READ_WRITE_bit
0x0094       [0]    SMP_bit
0x0094       [0]    R_W_bit
0x0094       [1]    SSPSTAT
0x0094       [0]    BF_bit
0x0094       [0]    UA_bit
0x0094       [0]    NOT_W_bit
0x0094       [0]    I2C_READ_bit
0x0094       [0]    R_bit
0x0094       [0]    CKE_bit
0x0094       [0]    NOT_WRITE_bit
0x0094       [0]    D_bit
0x0098       [1]    TXSTA
0x0098       [0]    TXD8_bit
0x0098       [0]    NOT_TX8_bit
0x0098       [0]    TX9D_bit
0x0098       [0]    CSRC_bit
0x0098       [0]    TX9_bit
0x0098       [0]    TXEN_bit
0x0098       [0]    TX8_9_bit
0x0098       [0]    SYNC_bit
0x0098       [0]    TRMT_bit
0x0098       [0]    BRGH_bit
0x0099       [1]    SPBRG
0x009C       [0]    C2INV_bit
0x009C       [0]    C1OUT_bit
0x009C       [0]    C1INV_bit
0x009C       [0]    CM2_bit
0x009C       [0]    CIS_bit
0x009C       [0]    CM0_bit
0x009C       [1]    CMCON
0x009C       [0]    C2OUT_bit
0x009C       [0]    CM1_bit
0x009D       [1]    CVRCON
0x009D       [0]    CVR3_bit
0x009D       [0]    CVRR_bit
0x009D       [0]    CVROE_bit
0x009D       [0]    CVREN_bit
0x009D       [0]    CVR0_bit
0x009D       [0]    CVR1_bit
0x009D       [0]    CVR2_bit
0x009E       [1]    ADRESL
0x009F       [0]    PCFG3_bit
0x009F       [0]    ADCS2_bit
0x009F       [0]    ADFM_bit
0x009F       [0]    PCFG0_bit
0x009F       [0]    PCFG1_bit
0x009F       [0]    PCFG2_bit
0x009F       [1]    ADCON1
0x010C       [1]    EEDATA
0x010D       [1]    EEADR
0x010E       [1]    EEDATH
0x010F       [1]    EEADRH
0x018C       [0]    WRERR_bit
0x018C       [0]    WREN_bit
0x018C       [0]    WR_bit
0x018C       [1]    EECON1
0x018C       [0]    RD_bit
0x018C       [0]    EEPGD_bit
0x018D       [1]    EECON2
//** Label List: ** 
//----------------------------------------------
  L_main0
  L_main1
  L_main2
  L_writePCF85743
  _main
  _writePCF8574
  L_I2C1_Is_Idle0
  L_I2C1_Is_Idle1
  L_I2C1_Start2
  L_I2C1_Start3
  L_I2C1_Start4
  L_I2C1_Start5
  L_I2C1_Start6
  L_I2C1_Start7
  L_I2C1_Start8
  L_I2C1_Start9
  L_I2C1_Repeated_Start10
  L_I2C1_Repeated_Start11
  L_I2C1_Rd12
  L_I2C1_Rd13
  L_I2C1_Rd14
  L_I2C1_Rd15
  L_I2C1_Rd16
  L_I2C1_Rd17
  L_I2C1_Wr18
  L_I2C1_Wr19
  L_I2C1_Wr20
  L_I2C1_Wr21
  L_I2C1_Wr22
  L_I2C1_Wr23
  _I2C1_Init
  _I2C1_Is_Idle
  _I2C1_Start
  L__I2C1_Start24
  L__I2C1_Start25
  _I2C1_Repeated_Start
  _I2C1_Rd
  _I2C1_Wr
  _I2C1_Stop
  _CC2D_Loop1
  _____DoICP
  _____DoIFC
  ___CC2DW
  _Swap
