
ROM used:   67/4096 (2%)
            67/4096 (2%) including unused fragments

            0.1 Average locations per line
            9.6 Average locations per statement

RAM used:   6/368 (2%) at main() level
            7/368 (2%) worst case

Stack used: 0 worst case (0 in main + 0 for interrupts)
Stack size: 8

Lines Stmts  %   Files
----- ----- ---  -----
   29     7 100  main.c
   13     0   0  main.h
  632     0   0  ..\..\..\..\..\Program Files (x86)\PICC\Devices\16F88.h
----- -----
  674     7 Total

Page ROM  %  RAM   Vol Diff  Functions:
---- --- --- ---   --- ----  ----------
0     22  33    1             @delay_ms1
0     41  61    1   119  2.5  main
 Inline         0             @cinit1

Program metrics:
    Functions               1
    Statements              7
    Comments                124
    Volume (V)              123
    Difficulty (D)          2.2
    Effort to implement (E) 271
    Time to implement (T)   0 minutes
    Est Delivered Bugs (B)  0
    Cyclomatic Complexity   1
    Maintainability (MI)    64

 Segment     Used  Free
-----------  ----  ----
00000-00003     4  0  
00004-007FF    63  1981  
00800-00FFF     0  2048  



