
ROM used:   65/2048 (3%)
            65/2048 (3%) including unused fragments

            0.1 Average locations per line
            5.9 Average locations per statement

RAM used:   7/224 (3%) at main() level
            8/224 (4%) worst case

Stack used: 0 worst case (0 in main + 0 for interrupts)
Stack size: 8

Lines Stmts  %   Files
----- ----- ---  -----
   26    11 100  aula002.c
  508     0   0  ..\..\..\..\..\..\Program Files (x86)\PICC\devices\16f628a.h
----- -----
  534    11 Total

Page ROM  %  RAM   Vol Diff  Functions:
---- --- --- ---   --- ----  ----------
0     21  32    1             @delay_ms1
0     40  62    1   179  3.9  main
 Inline         0             @cinit1

Program metrics:
    Functions               1
    Statements              11
    Comments                105
    Volume (V)              183
    Difficulty (D)          3.4
    Effort to implement (E) 631
    Time to implement (T)   1 minutes
    Est Delivered Bugs (B)  0
    Cyclomatic Complexity   2
    Maintainability (MI)    96

 Segment     Used  Free
-----------  ----  ----
00000-00003     4  0  
00004-007FF    61  1983  



