;  LST file generated by mikroListExporter - v.2.0 
; Date/Time: 14/02/2023 18:53:57
;----------------------------------------------

;Address Opcode 	ASM
0x0000	0x2A89      	GOTO       649
_interrupt:
0x0004	0x00FF      	MOVWF      R15
0x0005	0x0E03      	SWAPF      STATUS, 0
0x0006	0x0183      	CLRF       STATUS
0x0007	0x00C9      	MOVWF      ___saveSTATUS
0x0008	0x080A      	MOVF       PCLATH, 0
0x0009	0x00CA      	MOVWF      ___savePCLATH
0x000A	0x018A      	CLRF       PCLATH
0x000B	0x0870      	MOVF       R0, 0
0x000C	0x00A2      	MOVWF      34
0x000D	0x0871      	MOVF       R1, 0
0x000E	0x00A1      	MOVWF      33
0x000F	0x0804      	MOVF       FSR, 0
0x0010	0x00A3      	MOVWF      35
;VSaula055_USART_Leitura_Escrita.c,74 :: 		void interrupt(){
;VSaula055_USART_Leitura_Escrita.c,76 :: 		if(RCIF_bit){
0x0011	0x1E8C      	BTFSS      RCIF_bit, 5
0x0012	0x289E      	GOTO       L_interrupt9
;VSaula055_USART_Leitura_Escrita.c,78 :: 		texto[c_texto] = UART1_Read();
0x0013	0x0825      	MOVF       _c_texto, 0
0x0014	0x3E26      	ADDLW      _texto
0x0015	0x00CF      	MOVWF      FLOC__interrupt
0x0016	0x2250      	CALL       _UART1_Read
0x0017	0x084F      	MOVF       FLOC__interrupt, 0
0x0018	0x0084      	MOVWF      FSR
0x0019	0x0870      	MOVF       R0, 0
0x001A	0x0080      	MOVWF      INDF
;VSaula055_USART_Leitura_Escrita.c,80 :: 		if(texto[0] != '!'){
0x001B	0x0826      	MOVF       _texto, 0
0x001C	0x3A21      	XORLW      33
0x001D	0x1903      	BTFSC      STATUS, 2
0x001E	0x2821      	GOTO       L_interrupt10
;VSaula055_USART_Leitura_Escrita.c,81 :: 		c_texto = 0;
0x001F	0x01A5      	CLRF       _c_texto
;VSaula055_USART_Leitura_Escrita.c,82 :: 		} else {
0x0020	0x289D      	GOTO       L_interrupt11
L_interrupt10:
;VSaula055_USART_Leitura_Escrita.c,83 :: 		if(texto[c_texto] == '#'){
0x0021	0x0825      	MOVF       _c_texto, 0
0x0022	0x3E26      	ADDLW      _texto
0x0023	0x0084      	MOVWF      FSR
0x0024	0x0800      	MOVF       INDF, 0
0x0025	0x3A23      	XORLW      35
0x0026	0x1D03      	BTFSS      STATUS, 2
0x0027	0x2897      	GOTO       L_interrupt12
;VSaula055_USART_Leitura_Escrita.c,85 :: 		c_texto = 0;
0x0028	0x01A5      	CLRF       _c_texto
;VSaula055_USART_Leitura_Escrita.c,86 :: 		if((texto[0] == '!') && (texto[1] == 'l') && (texto[2] == 'e') && (texto[3] == 'd')){
0x0029	0x0826      	MOVF       _texto, 0
0x002A	0x3A21      	XORLW      33
0x002B	0x1D03      	BTFSS      STATUS, 2
0x002C	0x2879      	GOTO       L_interrupt15
0x002D	0x0827      	MOVF       _texto+1, 0
0x002E	0x3A6C      	XORLW      108
0x002F	0x1D03      	BTFSS      STATUS, 2
0x0030	0x2879      	GOTO       L_interrupt15
0x0031	0x0828      	MOVF       _texto+2, 0
0x0032	0x3A65      	XORLW      101
0x0033	0x1D03      	BTFSS      STATUS, 2
0x0034	0x2879      	GOTO       L_interrupt15
0x0035	0x0829      	MOVF       _texto+3, 0
0x0036	0x3A64      	XORLW      100
0x0037	0x1D03      	BTFSS      STATUS, 2
0x0038	0x2879      	GOTO       L_interrupt15
L__interrupt38:
;VSaula055_USART_Leitura_Escrita.c,87 :: 		switch(texto[4]){
0x0039	0x2854      	GOTO       L_interrupt16
;VSaula055_USART_Leitura_Escrita.c,88 :: 		case '0': LEDs = 0; break; // apaga tudo!
L_interrupt18:
0x003A	0x0188      	CLRF       PORTD
0x003B	0x2878      	GOTO       L_interrupt17
;VSaula055_USART_Leitura_Escrita.c,89 :: 		case '1': LEDs.b0 = ~LEDs.b0; break; // acende LED 1 mantendo a condição dos anteriores
L_interrupt19:
0x003C	0x3001      	MOVLW      1
0x003D	0x0688      	XORWF      PORTD, 1
0x003E	0x2878      	GOTO       L_interrupt17
;VSaula055_USART_Leitura_Escrita.c,90 :: 		case '2': LEDs.b1 = ~LEDs.b1; break;
L_interrupt20:
0x003F	0x3002      	MOVLW      2
0x0040	0x0688      	XORWF      PORTD, 1
0x0041	0x2878      	GOTO       L_interrupt17
;VSaula055_USART_Leitura_Escrita.c,91 :: 		case '3': LEDs.b2 = ~LEDs.b2; break;
L_interrupt21:
0x0042	0x3004      	MOVLW      4
0x0043	0x0688      	XORWF      PORTD, 1
0x0044	0x2878      	GOTO       L_interrupt17
;VSaula055_USART_Leitura_Escrita.c,92 :: 		case '4': LEDs.b3 = ~LEDs.b3; break;
L_interrupt22:
0x0045	0x3008      	MOVLW      8
0x0046	0x0688      	XORWF      PORTD, 1
0x0047	0x2878      	GOTO       L_interrupt17
;VSaula055_USART_Leitura_Escrita.c,93 :: 		case '5': LEDs.b4 = ~LEDs.b4; break;
L_interrupt23:
0x0048	0x3010      	MOVLW      16
0x0049	0x0688      	XORWF      PORTD, 1
0x004A	0x2878      	GOTO       L_interrupt17
;VSaula055_USART_Leitura_Escrita.c,94 :: 		case '6': LEDs.b5 = ~LEDs.b5; break;
L_interrupt24:
0x004B	0x3020      	MOVLW      32
0x004C	0x0688      	XORWF      PORTD, 1
0x004D	0x2878      	GOTO       L_interrupt17
;VSaula055_USART_Leitura_Escrita.c,95 :: 		case '7': LEDs.b6 = ~LEDs.b6; break;
L_interrupt25:
0x004E	0x3040      	MOVLW      64
0x004F	0x0688      	XORWF      PORTD, 1
0x0050	0x2878      	GOTO       L_interrupt17
;VSaula055_USART_Leitura_Escrita.c,96 :: 		case '8': LEDs.b7 = ~LEDs.b7; break;
L_interrupt26:
0x0051	0x3080      	MOVLW      128
0x0052	0x0688      	XORWF      PORTD, 1
0x0053	0x2878      	GOTO       L_interrupt17
;VSaula055_USART_Leitura_Escrita.c,97 :: 		}
L_interrupt16:
0x0054	0x082A      	MOVF       _texto+4, 0
0x0055	0x3A30      	XORLW      48
0x0056	0x1903      	BTFSC      STATUS, 2
0x0057	0x283A      	GOTO       L_interrupt18
0x0058	0x082A      	MOVF       _texto+4, 0
0x0059	0x3A31      	XORLW      49
0x005A	0x1903      	BTFSC      STATUS, 2
0x005B	0x283C      	GOTO       L_interrupt19
0x005C	0x082A      	MOVF       _texto+4, 0
0x005D	0x3A32      	XORLW      50
0x005E	0x1903      	BTFSC      STATUS, 2
0x005F	0x283F      	GOTO       L_interrupt20
0x0060	0x082A      	MOVF       _texto+4, 0
0x0061	0x3A33      	XORLW      51
0x0062	0x1903      	BTFSC      STATUS, 2
0x0063	0x2842      	GOTO       L_interrupt21
0x0064	0x082A      	MOVF       _texto+4, 0
0x0065	0x3A34      	XORLW      52
0x0066	0x1903      	BTFSC      STATUS, 2
0x0067	0x2845      	GOTO       L_interrupt22
0x0068	0x082A      	MOVF       _texto+4, 0
0x0069	0x3A35      	XORLW      53
0x006A	0x1903      	BTFSC      STATUS, 2
0x006B	0x2848      	GOTO       L_interrupt23
0x006C	0x082A      	MOVF       _texto+4, 0
0x006D	0x3A36      	XORLW      54
0x006E	0x1903      	BTFSC      STATUS, 2
0x006F	0x284B      	GOTO       L_interrupt24
0x0070	0x082A      	MOVF       _texto+4, 0
0x0071	0x3A37      	XORLW      55
0x0072	0x1903      	BTFSC      STATUS, 2
0x0073	0x284E      	GOTO       L_interrupt25
0x0074	0x082A      	MOVF       _texto+4, 0
0x0075	0x3A38      	XORLW      56
0x0076	0x1903      	BTFSC      STATUS, 2
0x0077	0x2851      	GOTO       L_interrupt26
L_interrupt17:
;VSaula055_USART_Leitura_Escrita.c,98 :: 		} else {
0x0078	0x2896      	GOTO       L_interrupt27
L_interrupt15:
;VSaula055_USART_Leitura_Escrita.c,99 :: 		if((texto[0] == '!') && (texto[1] == 'p') && (texto[2] == 'o') && (texto[3] == 't')){
0x0079	0x0826      	MOVF       _texto, 0
0x007A	0x3A21      	XORLW      33
0x007B	0x1D03      	BTFSS      STATUS, 2
0x007C	0x2896      	GOTO       L_interrupt30
0x007D	0x0827      	MOVF       _texto+1, 0
0x007E	0x3A70      	XORLW      112
0x007F	0x1D03      	BTFSS      STATUS, 2
0x0080	0x2896      	GOTO       L_interrupt30
0x0081	0x0828      	MOVF       _texto+2, 0
0x0082	0x3A6F      	XORLW      111
0x0083	0x1D03      	BTFSS      STATUS, 2
0x0084	0x2896      	GOTO       L_interrupt30
0x0085	0x0829      	MOVF       _texto+3, 0
0x0086	0x3A74      	XORLW      116
0x0087	0x1D03      	BTFSS      STATUS, 2
0x0088	0x2896      	GOTO       L_interrupt30
L__interrupt37:
;VSaula055_USART_Leitura_Escrita.c,100 :: 		switch(texto[4]){
0x0089	0x288E      	GOTO       L_interrupt31
;VSaula055_USART_Leitura_Escrita.c,101 :: 		case '0': pot0 = 1; break;
L_interrupt33:
0x008A	0x1445      	BSF        _pot0, BitPos(_pot0+0)
0x008B	0x2896      	GOTO       L_interrupt32
;VSaula055_USART_Leitura_Escrita.c,102 :: 		case '1': pot1 = 1; break;
L_interrupt34:
0x008C	0x14C5      	BSF        _pot1, BitPos(_pot1+0)
0x008D	0x2896      	GOTO       L_interrupt32
;VSaula055_USART_Leitura_Escrita.c,103 :: 		}
L_interrupt31:
0x008E	0x082A      	MOVF       _texto+4, 0
0x008F	0x3A30      	XORLW      48
0x0090	0x1903      	BTFSC      STATUS, 2
0x0091	0x288A      	GOTO       L_interrupt33
0x0092	0x082A      	MOVF       _texto+4, 0
0x0093	0x3A31      	XORLW      49
0x0094	0x1903      	BTFSC      STATUS, 2
0x0095	0x288C      	GOTO       L_interrupt34
L_interrupt32:
;VSaula055_USART_Leitura_Escrita.c,104 :: 		}
L_interrupt30:
;VSaula055_USART_Leitura_Escrita.c,105 :: 		}
L_interrupt27:
;VSaula055_USART_Leitura_Escrita.c,106 :: 		} else {
0x0096	0x289D      	GOTO       L_interrupt35
L_interrupt12:
;VSaula055_USART_Leitura_Escrita.c,107 :: 		c_texto++;
0x0097	0x0AA5      	INCF       _c_texto, 1
;VSaula055_USART_Leitura_Escrita.c,108 :: 		if(c_texto > 5) c_texto = 0;
0x0098	0x0825      	MOVF       _c_texto, 0
0x0099	0x3C05      	SUBLW      5
0x009A	0x1803      	BTFSC      STATUS, 0
0x009B	0x289D      	GOTO       L_interrupt36
0x009C	0x01A5      	CLRF       _c_texto
L_interrupt36:
;VSaula055_USART_Leitura_Escrita.c,109 :: 		}
L_interrupt35:
;VSaula055_USART_Leitura_Escrita.c,110 :: 		}
L_interrupt11:
;VSaula055_USART_Leitura_Escrita.c,111 :: 		RCIF_bit = 0;
0x009D	0x128C      	BCF        RCIF_bit, 5
;VSaula055_USART_Leitura_Escrita.c,112 :: 		}
L_interrupt9:
;VSaula055_USART_Leitura_Escrita.c,114 :: 		}
L__interrupt39:
0x009E	0x0822      	MOVF       34, 0
0x009F	0x00F0      	MOVWF      R0
0x00A0	0x0821      	MOVF       33, 0
0x00A1	0x00F1      	MOVWF      R1
0x00A2	0x0823      	MOVF       35, 0
0x00A3	0x0084      	MOVWF      FSR
0x00A4	0x084A      	MOVF       ___savePCLATH, 0
0x00A5	0x008A      	MOVWF      PCLATH
0x00A6	0x0E49      	SWAPF      ___saveSTATUS, 0
0x00A7	0x0083      	MOVWF      STATUS
0x00A8	0x0EFF      	SWAPF      R15, 1
0x00A9	0x0E7F      	SWAPF      R15, 0
0x00AA	0x0009      	RETFIE
; end of _interrupt
_SETFUN32:
;__Lib_MathDouble.c,138 :: 		
;__Lib_MathDouble.c,145 :: 		
0x00AB	0x157B      	BSF        R11, 2
;__Lib_MathDouble.c,146 :: 		
0x00AC	0x1FFB      	BTFSS      R11, 7
;__Lib_MathDouble.c,147 :: 		
0x00AD	0x28B5      	GOTO       SETFUN32EEE
;__Lib_MathDouble.c,148 :: 		
0x00AE	0x3001      	MOVLW      1
;__Lib_MathDouble.c,149 :: 		
0x00AF	0x00F3      	MOVWF      R3
;__Lib_MathDouble.c,150 :: 		
0x00B0	0x01F2      	CLRF       R2
;__Lib_MathDouble.c,151 :: 		
0x00B1	0x01F1      	CLRF       R1
;__Lib_MathDouble.c,152 :: 		
0x00B2	0x01F0      	CLRF       R0
;__Lib_MathDouble.c,153 :: 		
0x00B3	0x0DFA      	RLF        R10, 1
;__Lib_MathDouble.c,154 :: 		
0x00B4	0x0CF2      	RRF        R2, 1
;__Lib_MathDouble.c,155 :: 		
SETFUN32EEE:
;__Lib_MathDouble.c,156 :: 		
0x00B5	0x30FF      	MOVLW      255
;__Lib_MathDouble.c,158 :: 		
0x00B6	0x0008      	RETURN
; end of _SETFUN32
_RES032:
;__Lib_MathDouble.c,123 :: 		
;__Lib_MathDouble.c,128 :: 		
0x00B7	0x01F2      	CLRF       R2
;__Lib_MathDouble.c,129 :: 		
0x00B8	0x01F1      	CLRF       R1
;__Lib_MathDouble.c,130 :: 		
0x00B9	0x01F0      	CLRF       R0
;__Lib_MathDouble.c,131 :: 		
0x00BA	0x01F8      	CLRF       R8
;__Lib_MathDouble.c,132 :: 		
0x00BB	0x01F3      	CLRF       R3
;__Lib_MathDouble.c,133 :: 		
0x00BC	0x3000      	MOVLW      0
;__Lib_MathDouble.c,135 :: 		
0x00BD	0x0008      	RETURN
; end of _RES032
_FIXSIGN32:
;__Lib_MathDouble.c,112 :: 		
;__Lib_MathDouble.c,116 :: 		
0x00BE	0x1FFA      	BTFSS      R10, 7
;__Lib_MathDouble.c,117 :: 		
0x00BF	0x13F2      	BCF        R2, 7
;__Lib_MathDouble.c,118 :: 		
0x00C0	0x3000      	MOVLW      0
;__Lib_MathDouble.c,120 :: 		
0x00C1	0x0008      	RETURN
; end of _FIXSIGN32
_SETFOV32:
;__Lib_MathDouble.c,79 :: 		
;__Lib_MathDouble.c,86 :: 		
0x00C2	0x14FB      	BSF        R11, 1
;__Lib_MathDouble.c,87 :: 		
0x00C3	0x1FFB      	BTFSS      R11, 7
;__Lib_MathDouble.c,88 :: 		
0x00C4	0x28CC      	GOTO       SETFOV32EEE
;__Lib_MathDouble.c,89 :: 		
0x00C5	0x30FF      	MOVLW      255
;__Lib_MathDouble.c,90 :: 		
0x00C6	0x00F3      	MOVWF      R3
;__Lib_MathDouble.c,91 :: 		
0x00C7	0x00F2      	MOVWF      R2
;__Lib_MathDouble.c,92 :: 		
0x00C8	0x00F1      	MOVWF      R1
;__Lib_MathDouble.c,93 :: 		
0x00C9	0x00F0      	MOVWF      R0
;__Lib_MathDouble.c,94 :: 		
0x00CA	0x0DFA      	RLF        R10, 1
;__Lib_MathDouble.c,95 :: 		
0x00CB	0x0CF2      	RRF        R2, 1
;__Lib_MathDouble.c,96 :: 		
SETFOV32EEE:
;__Lib_MathDouble.c,97 :: 		
0x00CC	0x30FF      	MOVLW      255
;__Lib_MathDouble.c,99 :: 		
0x00CD	0x0008      	RETURN
; end of _SETFOV32
_Delay_22us:
;__Lib_Delays.c,15 :: 		void Delay_22us() {
;__Lib_Delays.c,16 :: 		Delay_us(22);
0x00CE	0x300E      	MOVLW      14
0x00CF	0x1283      	BCF        STATUS, 5
0x00D0	0x1303      	BCF        STATUS, 6
0x00D1	0x00FD      	MOVWF      R13
L_Delay_22us1:
0x00D2	0x0BFD      	DECFSZ     R13, 1
0x00D3	0x28D2      	GOTO       L_Delay_22us1
0x00D4	0x0000      	NOP
;__Lib_Delays.c,17 :: 		}
0x00D5	0x0008      	RETURN
; end of _Delay_22us
_SETIOV3224:
;__Lib_MathDouble.c,1000 :: 		
;__Lib_MathDouble.c,1006 :: 		
0x00D6	0x147B      	BSF        R11, 0
;__Lib_MathDouble.c,1007 :: 		
0x00D7	0x1FFB      	BTFSS      R11, 7
;__Lib_MathDouble.c,1008 :: 		
0x00D8	0x28E1      	GOTO       SETIOV3224EEE
;__Lib_MathDouble.c,1010 :: 		
0x00D9	0x01F2      	CLRF       R2
;__Lib_MathDouble.c,1011 :: 		
0x00DA	0x1FFA      	BTFSS      R10, 7
;__Lib_MathDouble.c,1012 :: 		
0x00DB	0x30FF      	MOVLW      255
;__Lib_MathDouble.c,1013 :: 		
0x00DC	0x00F2      	MOVWF      R2
;__Lib_MathDouble.c,1014 :: 		
0x00DD	0x00F1      	MOVWF      R1
;__Lib_MathDouble.c,1015 :: 		
0x00DE	0x00F0      	MOVWF      R0
;__Lib_MathDouble.c,1016 :: 		
0x00DF	0x0DFA      	RLF        R10, 1
;__Lib_MathDouble.c,1017 :: 		
0x00E0	0x0CF2      	RRF        R2, 1
;__Lib_MathDouble.c,1018 :: 		
SETIOV3224EEE:
;__Lib_MathDouble.c,1019 :: 		
0x00E1	0x30FF      	MOVLW      255
;__Lib_MathDouble.c,1021 :: 		
0x00E2	0x0008      	RETURN
; end of _SETIOV3224
_NRM3232:
;__Lib_MathDouble.c,167 :: 		
;__Lib_MathDouble.c,173 :: 		
;__Lib_MathDouble.c,175 :: 		
0x00E3	0x01A0      	CLRF       __math_tempbD
;__Lib_MathDouble.c,176 :: 		
0x00E4	0x0872      	MOVF       R2, 0
;__Lib_MathDouble.c,177 :: 		
0x00E5	0x1D03      	BTFSS      STATUS, 2
;__Lib_MathDouble.c,178 :: 		
0x00E6	0x28F8      	GOTO       NORM3232
;__Lib_MathDouble.c,179 :: 		
0x00E7	0x0871      	MOVF       R1, 0
;__Lib_MathDouble.c,180 :: 		
0x00E8	0x00F2      	MOVWF      R2
;__Lib_MathDouble.c,181 :: 		
0x00E9	0x0870      	MOVF       R0, 0
;__Lib_MathDouble.c,182 :: 		
0x00EA	0x00F1      	MOVWF      R1
;__Lib_MathDouble.c,183 :: 		
0x00EB	0x01F0      	CLRF       R0
;__Lib_MathDouble.c,184 :: 		
0x00EC	0x15A0      	BSF        __math_tempbD, 3
;__Lib_MathDouble.c,186 :: 		
0x00ED	0x0872      	MOVF       R2, 0
;__Lib_MathDouble.c,187 :: 		
0x00EE	0x1D03      	BTFSS      STATUS, 2
;__Lib_MathDouble.c,188 :: 		
0x00EF	0x28F8      	GOTO       NORM3232
;__Lib_MathDouble.c,189 :: 		
0x00F0	0x0871      	MOVF       R1, 0
;__Lib_MathDouble.c,190 :: 		
0x00F1	0x00F2      	MOVWF      R2
;__Lib_MathDouble.c,191 :: 		
0x00F2	0x01F1      	CLRF       R1
;__Lib_MathDouble.c,192 :: 		
0x00F3	0x11A0      	BCF        __math_tempbD, 3
;__Lib_MathDouble.c,193 :: 		
0x00F4	0x1620      	BSF        __math_tempbD, 4
;__Lib_MathDouble.c,195 :: 		
0x00F5	0x0872      	MOVF       R2, 0
;__Lib_MathDouble.c,196 :: 		
0x00F6	0x1903      	BTFSC      STATUS, 2
;__Lib_MathDouble.c,197 :: 		
0x00F7	0x2906      	GOTO       JPNRES032
;__Lib_MathDouble.c,198 :: 		
NORM3232:
;__Lib_MathDouble.c,199 :: 		
0x00F8	0x0820      	MOVF       __math_tempbD, 0
;__Lib_MathDouble.c,200 :: 		
0x00F9	0x02F3      	SUBWF      R3, 1
;__Lib_MathDouble.c,201 :: 		
0x00FA	0x1D03      	BTFSS      STATUS, 2
;__Lib_MathDouble.c,202 :: 		
0x00FB	0x1C03      	BTFSS      STATUS, 0
;__Lib_MathDouble.c,203 :: 		
0x00FC	0x290A      	GOTO       JPNSETFUN32
;__Lib_MathDouble.c,204 :: 		
0x00FD	0x1003      	BCF        STATUS, 0
;__Lib_MathDouble.c,205 :: 		
NORM3232A:
;__Lib_MathDouble.c,206 :: 		
0x00FE	0x1BF2      	BTFSC      R2, 7
;__Lib_MathDouble.c,207 :: 		
0x00FF	0x290E      	GOTO       JMPNFIXSIGN32
;__Lib_MathDouble.c,208 :: 		
0x0100	0x0DF0      	RLF        R0, 1
;__Lib_MathDouble.c,209 :: 		
0x0101	0x0DF1      	RLF        R1, 1
;__Lib_MathDouble.c,210 :: 		
0x0102	0x0DF2      	RLF        R2, 1
;__Lib_MathDouble.c,211 :: 		
0x0103	0x0BF3      	DECFSZ     R3, 1
;__Lib_MathDouble.c,212 :: 		
0x0104	0x28FE      	GOTO       NORM3232A
;__Lib_MathDouble.c,213 :: 		
0x0105	0x290A      	GOTO       JPNSETFUN32
;__Lib_MathDouble.c,214 :: 		
JPNRES032:
;__Lib_MathDouble.c,215 :: 		
0x0106	0x3001      	MOVLW      1
;__Lib_MathDouble.c,216 :: 		
0x0107	0x00FC      	MOVWF      R12
;__Lib_MathDouble.c,218 :: 		
0x0108	0x20B7      	CALL       _RES032
;__Lib_MathDouble.c,220 :: 		
0x0109	0x2911      	GOTO       NORM32EEE
;__Lib_MathDouble.c,221 :: 		
JPNSETFUN32:
;__Lib_MathDouble.c,222 :: 		
0x010A	0x3002      	MOVLW      2
;__Lib_MathDouble.c,223 :: 		
0x010B	0x00FC      	MOVWF      R12
;__Lib_MathDouble.c,225 :: 		
0x010C	0x20AB      	CALL       _SETFUN32
;__Lib_MathDouble.c,227 :: 		
0x010D	0x2911      	GOTO       NORM32EEE
;__Lib_MathDouble.c,228 :: 		
JMPNFIXSIGN32:
;__Lib_MathDouble.c,229 :: 		
0x010E	0x3004      	MOVLW      4
;__Lib_MathDouble.c,230 :: 		
0x010F	0x00FC      	MOVWF      R12
;__Lib_MathDouble.c,232 :: 		
0x0110	0x20BE      	CALL       _FIXSIGN32
;__Lib_MathDouble.c,234 :: 		
NORM32EEE:
;__Lib_MathDouble.c,236 :: 		
0x0111	0x0008      	RETURN
; end of _NRM3232
_____DoICP:
;__Lib_System.c,6 :: 		
;__Lib_System.c,9 :: 		
0x0112	0x1283      	BCF        STATUS, 5
0x0113	0x1303      	BCF        STATUS, 6
0x0114	0x0844      	MOVF       ___DoICPAddr+1, 0
0x0115	0x008A      	MOVWF      PCLATH
;__Lib_System.c,10 :: 		
0x0116	0x0843      	MOVF       ___DoICPAddr, 0
0x0117	0x0082      	MOVWF      PCL
;__Lib_System.c,12 :: 		
0x0118	0x0008      	RETURN
; end of _____DoICP
_UART1_Write:
;__Lib_UART_c67.c,39 :: 		
;__Lib_UART_c67.c,40 :: 		
L_UART1_Write3:
0x0119	0x1683      	BSF        STATUS, 5
0x011A	0x1303      	BCF        STATUS, 6
0x011B	0x1898      	BTFSC      TXSTA, 1
0x011C	0x291F      	GOTO       L_UART1_Write4
;__Lib_UART_c67.c,41 :: 		
0x011D	0x0000      	NOP
0x011E	0x2919      	GOTO       L_UART1_Write3
L_UART1_Write4:
;__Lib_UART_c67.c,42 :: 		
0x011F	0x1283      	BCF        STATUS, 5
0x0120	0x084E      	MOVF       FARG_UART1_Write_data_, 0
0x0121	0x0099      	MOVWF      TXREG
;__Lib_UART_c67.c,43 :: 		
0x0122	0x0008      	RETURN
; end of _UART1_Write
_ADC_Get_Sample:
;__Lib_ADC_A_C.c,22 :: 		
;__Lib_ADC_A_C.c,24 :: 		
0x0123	0x30C7      	MOVLW      199
0x0124	0x1283      	BCF        STATUS, 5
0x0125	0x1303      	BCF        STATUS, 6
0x0126	0x059F      	ANDWF      ADCON0, 1
;__Lib_ADC_A_C.c,25 :: 		
0x0127	0x0824      	MOVF       FARG_ADC_Get_Sample_channel, 0
0x0128	0x00F0      	MOVWF      R0
0x0129	0x0DF0      	RLF        R0, 1
0x012A	0x1070      	BCF        R0, 0
0x012B	0x0DF0      	RLF        R0, 1
0x012C	0x1070      	BCF        R0, 0
0x012D	0x0DF0      	RLF        R0, 1
0x012E	0x1070      	BCF        R0, 0
0x012F	0x0870      	MOVF       R0, 0
0x0130	0x049F      	IORWF      ADCON0, 1
;__Lib_ADC_A_C.c,28 :: 		
0x0131	0x20CE      	CALL       _Delay_22us
;__Lib_ADC_A_C.c,31 :: 		
0x0132	0x151F      	BSF        ADCON0, 2
;__Lib_ADC_A_C.c,34 :: 		
L_ADC_Get_Sample0:
0x0133	0x1D1F      	BTFSS      ADCON0, 2
0x0134	0x2937      	GOTO       L_ADC_Get_Sample1
;__Lib_ADC_A_C.c,35 :: 		
0x0135	0x0000      	NOP
0x0136	0x2933      	GOTO       L_ADC_Get_Sample0
L_ADC_Get_Sample1:
;__Lib_ADC_A_C.c,41 :: 		
0x0137	0x081E      	MOVF       ADRESH, 0
0x0138	0x00F1      	MOVWF      R0+1
0x0139	0x01F0      	CLRF       R0
0x013A	0x1683      	BSF        STATUS, 5
0x013B	0x081E      	MOVF       ADRESL, 0
0x013C	0x04F0      	IORWF      R0, 1
0x013D	0x3000      	MOVLW      0
0x013E	0x04F1      	IORWF      R0+1, 1
;__Lib_ADC_A_C.c,42 :: 		
0x013F	0x0008      	RETURN
; end of _ADC_Get_Sample
_UART1_Write_Text:
;__Lib_UART_c67.c,47 :: 		
;__Lib_UART_c67.c,48 :: 		
0x0140	0x1283      	BCF        STATUS, 5
0x0141	0x1303      	BCF        STATUS, 6
0x0142	0x01CD      	CLRF       UART1_Write_Text_counter_L0
;__Lib_UART_c67.c,50 :: 		
0x0143	0x084B      	MOVF       FARG_UART1_Write_Text_uart_text, 0
0x0144	0x0084      	MOVWF      FSR
0x0145	0x0800      	MOVF       INDF, 0
0x0146	0x00CC      	MOVWF      UART1_Write_Text_data__L0
;__Lib_UART_c67.c,51 :: 		
L_UART1_Write_Text5:
0x0147	0x084C      	MOVF       UART1_Write_Text_data__L0, 0
0x0148	0x3A00      	XORLW      0
0x0149	0x1903      	BTFSC      STATUS, 2
0x014A	0x2955      	GOTO       L_UART1_Write_Text6
;__Lib_UART_c67.c,52 :: 		
0x014B	0x084C      	MOVF       UART1_Write_Text_data__L0, 0
0x014C	0x00CE      	MOVWF      FARG_UART1_Write_data_
0x014D	0x2119      	CALL       _UART1_Write
;__Lib_UART_c67.c,53 :: 		
0x014E	0x0ACD      	INCF       UART1_Write_Text_counter_L0, 1
;__Lib_UART_c67.c,54 :: 		
0x014F	0x084D      	MOVF       UART1_Write_Text_counter_L0, 0
0x0150	0x074B      	ADDWF      FARG_UART1_Write_Text_uart_text, 0
0x0151	0x0084      	MOVWF      FSR
0x0152	0x0800      	MOVF       INDF, 0
0x0153	0x00CC      	MOVWF      UART1_Write_Text_data__L0
;__Lib_UART_c67.c,55 :: 		
0x0154	0x2947      	GOTO       L_UART1_Write_Text5
L_UART1_Write_Text6:
;__Lib_UART_c67.c,56 :: 		
0x0155	0x0008      	RETURN
; end of _UART1_Write_Text
_Double2Word:
;__Lib_MathDouble.c,1529 :: 		
;__Lib_MathDouble.c,1536 :: 		
0x0156	0x1283      	BCF        STATUS, 5
;__Lib_MathDouble.c,1537 :: 		
0x0157	0x1303      	BCF        STATUS, 6
;__Lib_MathDouble.c,1539 :: 		
0x0158	0x01FB      	CLRF       R11
;__Lib_MathDouble.c,1540 :: 		
0x0159	0x01FC      	CLRF       R12
;__Lib_MathDouble.c,1541 :: 		
0x015A	0x01FA      	CLRF       R10
;__Lib_MathDouble.c,1543 :: 		
0x015B	0x0873      	MOVF       R3, 0
;__Lib_MathDouble.c,1544 :: 		
0x015C	0x1903      	BTFSC      STATUS, 2
;__Lib_MathDouble.c,1545 :: 		
0x015D	0x2995      	GOTO       IRES016U
;__Lib_MathDouble.c,1547 :: 		
0x015E	0x17F2      	BSF        R2, 7
;__Lib_MathDouble.c,1549 :: 		
0x015F	0x308E      	MOVLW      142
;__Lib_MathDouble.c,1550 :: 		
0x0160	0x02F3      	SUBWF      R3, 1
;__Lib_MathDouble.c,1551 :: 		
0x0161	0x1BF3      	BTFSC      R3, 7
;__Lib_MathDouble.c,1552 :: 		
0x0162	0x2966      	GOTO       SETEXP16U
;__Lib_MathDouble.c,1553 :: 		
0x0163	0x1903      	BTFSC      STATUS, 2
;__Lib_MathDouble.c,1554 :: 		
0x0164	0x2966      	GOTO       SETEXP16U
;__Lib_MathDouble.c,1555 :: 		
0x0165	0x2998      	GOTO       SETIOV16U
;__Lib_MathDouble.c,1556 :: 		
SETEXP16U:
;__Lib_MathDouble.c,1557 :: 		
0x0166	0x09F3      	COMF       R3, 1
;__Lib_MathDouble.c,1558 :: 		
0x0167	0x0AF3      	INCF       R3, 1
;__Lib_MathDouble.c,1560 :: 		
0x0168	0x3008      	MOVLW      8
;__Lib_MathDouble.c,1561 :: 		
0x0169	0x0273      	SUBWF      R3, 0
;__Lib_MathDouble.c,1562 :: 		
0x016A	0x1C03      	BTFSS      STATUS, 0
;__Lib_MathDouble.c,1563 :: 		
0x016B	0x297B      	GOTO       TSHIFT3216U
;__Lib_MathDouble.c,1564 :: 		
0x016C	0x00F3      	MOVWF      R3
;__Lib_MathDouble.c,1565 :: 		
0x016D	0x0DF1      	RLF        R1, 1
;__Lib_MathDouble.c,1566 :: 		
0x016E	0x0872      	MOVF       R2, 0
;__Lib_MathDouble.c,1567 :: 		
0x016F	0x00F1      	MOVWF      R1
;__Lib_MathDouble.c,1568 :: 		
0x0170	0x01F2      	CLRF       R2
;__Lib_MathDouble.c,1570 :: 		
0x0171	0x3008      	MOVLW      8
;__Lib_MathDouble.c,1571 :: 		
0x0172	0x0273      	SUBWF      R3, 0
;__Lib_MathDouble.c,1572 :: 		
0x0173	0x1C03      	BTFSS      STATUS, 0
;__Lib_MathDouble.c,1573 :: 		
0x0174	0x297B      	GOTO       TSHIFT3216U
;__Lib_MathDouble.c,1574 :: 		
0x0175	0x0DF1      	RLF        R1, 1
;__Lib_MathDouble.c,1575 :: 		
0x0176	0x01F1      	CLRF       R1
;__Lib_MathDouble.c,1577 :: 		
0x0177	0x0873      	MOVF       R3, 0
;__Lib_MathDouble.c,1578 :: 		
0x0178	0x1D03      	BTFSS      STATUS, 2
;__Lib_MathDouble.c,1579 :: 		
0x0179	0x1003      	BCF        STATUS, 0
;__Lib_MathDouble.c,1580 :: 		
0x017A	0x2983      	GOTO       SHIFT3216UOK
;__Lib_MathDouble.c,1581 :: 		
TSHIFT3216U:
;__Lib_MathDouble.c,1582 :: 		
0x017B	0x0873      	MOVF       R3, 0
;__Lib_MathDouble.c,1583 :: 		
0x017C	0x1903      	BTFSC      STATUS, 2
;__Lib_MathDouble.c,1584 :: 		
0x017D	0x2983      	GOTO       SHIFT3216UOK
;__Lib_MathDouble.c,1585 :: 		
SHIFT3216U:
;__Lib_MathDouble.c,1586 :: 		
0x017E	0x1003      	BCF        STATUS, 0
;__Lib_MathDouble.c,1587 :: 		
0x017F	0x0CF2      	RRF        R2, 1
;__Lib_MathDouble.c,1588 :: 		
0x0180	0x0CF1      	RRF        R1, 1
;__Lib_MathDouble.c,1589 :: 		
0x0181	0x0BF3      	DECFSZ     R3, 1
;__Lib_MathDouble.c,1590 :: 		
0x0182	0x297E      	GOTO       SHIFT3216U
;__Lib_MathDouble.c,1591 :: 		
SHIFT3216UOK:
;__Lib_MathDouble.c,1592 :: 		
0x0183	0x1B7B      	BTFSC      R11, 6
;__Lib_MathDouble.c,1593 :: 		
0x0184	0x1C71      	BTFSS      R1, 0
;__Lib_MathDouble.c,1594 :: 		
0x0185	0x298D      	GOTO       INT3216UOK
;__Lib_MathDouble.c,1595 :: 		
0x0186	0x1C03      	BTFSS      STATUS, 0
;__Lib_MathDouble.c,1596 :: 		
0x0187	0x298D      	GOTO       INT3216UOK
;__Lib_MathDouble.c,1597 :: 		
0x0188	0x0AF1      	INCF       R1, 1
;__Lib_MathDouble.c,1598 :: 		
0x0189	0x1903      	BTFSC      STATUS, 2
;__Lib_MathDouble.c,1599 :: 		
0x018A	0x0AF2      	INCF       R2, 1
;__Lib_MathDouble.c,1600 :: 		
0x018B	0x1BF2      	BTFSC      R2, 7
;__Lib_MathDouble.c,1601 :: 		
0x018C	0x29A4      	GOTO       JPKSETIOV3224
;__Lib_MathDouble.c,1602 :: 		
INT3216UOK:
;__Lib_MathDouble.c,1603 :: 		
0x018D	0x1FFA      	BTFSS      R10, 7
;__Lib_MathDouble.c,1604 :: 		
0x018E	0x29A7      	GOTO       INT3216UEOK
;__Lib_MathDouble.c,1606 :: 		
0x018F	0x09F2      	COMF       R2, 1
;__Lib_MathDouble.c,1607 :: 		
0x0190	0x09F1      	COMF       R1, 1
;__Lib_MathDouble.c,1608 :: 		
0x0191	0x0AF1      	INCF       R1, 1
;__Lib_MathDouble.c,1609 :: 		
0x0192	0x1903      	BTFSC      STATUS, 2
;__Lib_MathDouble.c,1610 :: 		
0x0193	0x0AF2      	INCF       R2, 1
;__Lib_MathDouble.c,1611 :: 		
0x0194	0x29A7      	GOTO       INT3216UEOK
;__Lib_MathDouble.c,1613 :: 		
IRES016U:
;__Lib_MathDouble.c,1614 :: 		
0x0195	0x01F2      	CLRF       R2
;__Lib_MathDouble.c,1615 :: 		
0x0196	0x01F1      	CLRF       R1
;__Lib_MathDouble.c,1616 :: 		
0x0197	0x29A7      	GOTO       INT3216UEOK
;__Lib_MathDouble.c,1617 :: 		
SETIOV16U:
;__Lib_MathDouble.c,1618 :: 		
0x0198	0x147B      	BSF        R11, 0
;__Lib_MathDouble.c,1619 :: 		
0x0199	0x1FFB      	BTFSS      R11, 7
;__Lib_MathDouble.c,1620 :: 		
0x019A	0x29AA      	GOTO       INT3216UEER
;__Lib_MathDouble.c,1622 :: 		
0x019B	0x01F2      	CLRF       R2
;__Lib_MathDouble.c,1623 :: 		
0x019C	0x1FFA      	BTFSS      R10, 7
;__Lib_MathDouble.c,1624 :: 		
0x019D	0x29AA      	GOTO       INT3216UEER
;__Lib_MathDouble.c,1625 :: 		
0x019E	0x30FF      	MOVLW      255
;__Lib_MathDouble.c,1626 :: 		
0x019F	0x00F2      	MOVWF      R2
;__Lib_MathDouble.c,1627 :: 		
0x01A0	0x00F1      	MOVWF      R1
;__Lib_MathDouble.c,1628 :: 		
0x01A1	0x0DFA      	RLF        R10, 1
;__Lib_MathDouble.c,1629 :: 		
0x01A2	0x0CF2      	RRF        R2, 1
;__Lib_MathDouble.c,1630 :: 		
0x01A3	0x29AA      	GOTO       INT3216UEER
;__Lib_MathDouble.c,1632 :: 		
JPKSETIOV3224:
;__Lib_MathDouble.c,1633 :: 		
0x01A4	0x3001      	MOVLW      1
;__Lib_MathDouble.c,1634 :: 		
0x01A5	0x00FC      	MOVWF      R12
;__Lib_MathDouble.c,1635 :: 		
0x01A6	0x29AC      	GOTO       INT3216UEEE
;__Lib_MathDouble.c,1636 :: 		
INT3216UEOK:
;__Lib_MathDouble.c,1637 :: 		
0x01A7	0x3000      	MOVLW      0
;__Lib_MathDouble.c,1638 :: 		
0x01A8	0x00FC      	MOVWF      R12
;__Lib_MathDouble.c,1639 :: 		
0x01A9	0x29AC      	GOTO       INT3216UEEE
;__Lib_MathDouble.c,1640 :: 		
INT3216UEER:
;__Lib_MathDouble.c,1641 :: 		
0x01AA	0x30FF      	MOVLW      255
;__Lib_MathDouble.c,1642 :: 		
0x01AB	0x00FC      	MOVWF      R12
;__Lib_MathDouble.c,1643 :: 		
INT3216UEEE:
;__Lib_MathDouble.c,1646 :: 		
0x01AC	0x08FC      	MOVF       R12, 1
;__Lib_MathDouble.c,1648 :: 		
0x01AD	0x1903      	BTFSC      STATUS, 2
;__Lib_MathDouble.c,1649 :: 		
0x01AE	0x29B0      	GOTO       L_Double2Word_0
;__Lib_MathDouble.c,1651 :: 		
0x01AF	0x20D6      	CALL       _SETIOV3224
;__Lib_MathDouble.c,1653 :: 		
L_Double2Word_0:
;__Lib_MathDouble.c,1654 :: 		
0x01B0	0x0871      	MOVF       R1, 0
;__Lib_MathDouble.c,1655 :: 		
0x01B1	0x00F0      	MOVWF      R0
;__Lib_MathDouble.c,1656 :: 		
0x01B2	0x0872      	MOVF       R2, 0
;__Lib_MathDouble.c,1657 :: 		
0x01B3	0x00F1      	MOVWF      R1
;__Lib_MathDouble.c,1660 :: 		
0x01B4	0x0008      	RETURN
; end of _Double2Word
_UART1_Tx_Idle:
;__Lib_UART_c67.c,34 :: 		
;__Lib_UART_c67.c,35 :: 		
0x01B5	0x3000      	MOVLW      0
0x01B6	0x1683      	BSF        STATUS, 5
0x01B7	0x1303      	BCF        STATUS, 6
0x01B8	0x1898      	BTFSC      TXSTA, 1
0x01B9	0x3001      	MOVLW      1
0x01BA	0x00F0      	MOVWF      R0
;__Lib_UART_c67.c,36 :: 		
0x01BB	0x0008      	RETURN
; end of _UART1_Tx_Idle
_Mul_32x32_FP:
;__Lib_MathDouble.c,610 :: 		
;__Lib_MathDouble.c,622 :: 		
;__Lib_MathDouble.c,624 :: 		
0x01BC	0x1283      	BCF        STATUS, 5
;__Lib_MathDouble.c,625 :: 		
0x01BD	0x1303      	BCF        STATUS, 6
;__Lib_MathDouble.c,627 :: 		
0x01BE	0x01FB      	CLRF       R11
;__Lib_MathDouble.c,628 :: 		
0x01BF	0x0873      	MOVF       R3, 0
;__Lib_MathDouble.c,629 :: 		
0x01C0	0x1D03      	BTFSS      STATUS, 2
;__Lib_MathDouble.c,630 :: 		
0x01C1	0x0877      	MOVF       R7, 0
;__Lib_MathDouble.c,631 :: 		
0x01C2	0x1903      	BTFSC      STATUS, 2
;__Lib_MathDouble.c,632 :: 		
0x01C3	0x2A13      	GOTO       JPMRES032
;__Lib_MathDouble.c,634 :: 		
0x01C4	0x0872      	MOVF       R2, 0
;__Lib_MathDouble.c,635 :: 		
0x01C5	0x0676      	XORWF      R6, 0
;__Lib_MathDouble.c,636 :: 		
0x01C6	0x00FA      	MOVWF      R10
;__Lib_MathDouble.c,637 :: 		
0x01C7	0x0877      	MOVF       R7, 0
;__Lib_MathDouble.c,638 :: 		
0x01C8	0x07F3      	ADDWF      R3, 1
;__Lib_MathDouble.c,639 :: 		
0x01C9	0x307E      	MOVLW      126
;__Lib_MathDouble.c,640 :: 		
0x01CA	0x1C03      	BTFSS      STATUS, 0
;__Lib_MathDouble.c,641 :: 		
0x01CB	0x29D0      	GOTO       MTUN32
;__Lib_MathDouble.c,642 :: 		
0x01CC	0x02F3      	SUBWF      R3, 1
;__Lib_MathDouble.c,643 :: 		
0x01CD	0x1803      	BTFSC      STATUS, 0
;__Lib_MathDouble.c,644 :: 		
0x01CE	0x2A16      	GOTO       JPMSETFOV32
;__Lib_MathDouble.c,645 :: 		
0x01CF	0x29D3      	GOTO       MOK32
;__Lib_MathDouble.c,646 :: 		
MTUN32:
;__Lib_MathDouble.c,647 :: 		
0x01D0	0x02F3      	SUBWF      R3, 1
;__Lib_MathDouble.c,648 :: 		
0x01D1	0x1C03      	BTFSS      STATUS, 0
;__Lib_MathDouble.c,649 :: 		
0x01D2	0x2A19      	GOTO       JPMSETFUN32
;__Lib_MathDouble.c,650 :: 		
MOK32:
;__Lib_MathDouble.c,651 :: 		
0x01D3	0x0872      	MOVF       R2, 0
;__Lib_MathDouble.c,652 :: 		
0x01D4	0x00F8      	MOVWF      R8
;__Lib_MathDouble.c,653 :: 		
0x01D5	0x0871      	MOVF       R1, 0
;__Lib_MathDouble.c,654 :: 		
0x01D6	0x00FC      	MOVWF      R12
;__Lib_MathDouble.c,655 :: 		
0x01D7	0x0870      	MOVF       R0, 0
;__Lib_MathDouble.c,656 :: 		
0x01D8	0x00FD      	MOVWF      R13
;__Lib_MathDouble.c,657 :: 		
0x01D9	0x17F8      	BSF        R8, 7
;__Lib_MathDouble.c,658 :: 		
0x01DA	0x17F6      	BSF        R6, 7
;__Lib_MathDouble.c,659 :: 		
0x01DB	0x1003      	BCF        STATUS, 0
;__Lib_MathDouble.c,660 :: 		
0x01DC	0x01F2      	CLRF       R2
;__Lib_MathDouble.c,661 :: 		
0x01DD	0x01F1      	CLRF       R1
;__Lib_MathDouble.c,662 :: 		
0x01DE	0x01F0      	CLRF       R0
;__Lib_MathDouble.c,663 :: 		
0x01DF	0x3018      	MOVLW      24
;__Lib_MathDouble.c,664 :: 		
0x01E0	0x00A0      	MOVWF      __math_tempbD
;__Lib_MathDouble.c,665 :: 		
MLOOP32:
;__Lib_MathDouble.c,666 :: 		
0x01E1	0x1C7D      	BTFSS      R13, 0
;__Lib_MathDouble.c,667 :: 		
0x01E2	0x29ED      	GOTO       MNOADD32
;__Lib_MathDouble.c,669 :: 		
0x01E3	0x0874      	MOVF       R4, 0
;__Lib_MathDouble.c,670 :: 		
0x01E4	0x07F0      	ADDWF      R0, 1
;__Lib_MathDouble.c,671 :: 		
0x01E5	0x0875      	MOVF       R5, 0
;__Lib_MathDouble.c,672 :: 		
0x01E6	0x1803      	BTFSC      STATUS, 0
;__Lib_MathDouble.c,673 :: 		
0x01E7	0x0F75      	INCFSZ     R5, 0
;__Lib_MathDouble.c,674 :: 		
0x01E8	0x07F1      	ADDWF      R1, 1
;__Lib_MathDouble.c,675 :: 		
0x01E9	0x0876      	MOVF       R6, 0
;__Lib_MathDouble.c,676 :: 		
0x01EA	0x1803      	BTFSC      STATUS, 0
;__Lib_MathDouble.c,677 :: 		
0x01EB	0x0F76      	INCFSZ     R6, 0
;__Lib_MathDouble.c,678 :: 		
0x01EC	0x07F2      	ADDWF      R2, 1
;__Lib_MathDouble.c,679 :: 		
MNOADD32:
;__Lib_MathDouble.c,680 :: 		
0x01ED	0x0CF2      	RRF        R2, 1
;__Lib_MathDouble.c,681 :: 		
0x01EE	0x0CF1      	RRF        R1, 1
;__Lib_MathDouble.c,682 :: 		
0x01EF	0x0CF0      	RRF        R0, 1
;__Lib_MathDouble.c,683 :: 		
0x01F0	0x0CF8      	RRF        R8, 1
;__Lib_MathDouble.c,684 :: 		
0x01F1	0x0CFC      	RRF        R12, 1
;__Lib_MathDouble.c,685 :: 		
0x01F2	0x0CFD      	RRF        R13, 1
;__Lib_MathDouble.c,686 :: 		
0x01F3	0x1003      	BCF        STATUS, 0
;__Lib_MathDouble.c,687 :: 		
0x01F4	0x0BA0      	DECFSZ     __math_tempbD, 1
;__Lib_MathDouble.c,688 :: 		
0x01F5	0x29E1      	GOTO       MLOOP32
;__Lib_MathDouble.c,689 :: 		
0x01F6	0x1BF2      	BTFSC      R2, 7
;__Lib_MathDouble.c,690 :: 		
0x01F7	0x29FD      	GOTO       MROUND32
;__Lib_MathDouble.c,691 :: 		
0x01F8	0x0DF8      	RLF        R8, 1
;__Lib_MathDouble.c,692 :: 		
0x01F9	0x0DF0      	RLF        R0, 1
;__Lib_MathDouble.c,693 :: 		
0x01FA	0x0DF1      	RLF        R1, 1
;__Lib_MathDouble.c,694 :: 		
0x01FB	0x0DF2      	RLF        R2, 1
;__Lib_MathDouble.c,695 :: 		
0x01FC	0x03F3      	DECF       R3, 1
;__Lib_MathDouble.c,696 :: 		
MROUND32:
;__Lib_MathDouble.c,697 :: 		
0x01FD	0x1B7B      	BTFSC      R11, 6
;__Lib_MathDouble.c,698 :: 		
0x01FE	0x1C70      	BTFSS      R0, 0
;__Lib_MathDouble.c,699 :: 		
0x01FF	0x2A0F      	GOTO       MUL32OK
;__Lib_MathDouble.c,700 :: 		
0x0200	0x1FF8      	BTFSS      R8, 7
;__Lib_MathDouble.c,701 :: 		
0x0201	0x2A0F      	GOTO       MUL32OK
;__Lib_MathDouble.c,702 :: 		
0x0202	0x0AF0      	INCF       R0, 1
;__Lib_MathDouble.c,703 :: 		
0x0203	0x1903      	BTFSC      STATUS, 2
;__Lib_MathDouble.c,704 :: 		
0x0204	0x0AF1      	INCF       R1, 1
;__Lib_MathDouble.c,705 :: 		
0x0205	0x1903      	BTFSC      STATUS, 2
;__Lib_MathDouble.c,706 :: 		
0x0206	0x0AF2      	INCF       R2, 1
;__Lib_MathDouble.c,707 :: 		
0x0207	0x1D03      	BTFSS      STATUS, 2
;__Lib_MathDouble.c,708 :: 		
0x0208	0x2A0F      	GOTO       MUL32OK
;__Lib_MathDouble.c,709 :: 		
0x0209	0x0CF2      	RRF        R2, 1
;__Lib_MathDouble.c,710 :: 		
0x020A	0x0CF1      	RRF        R1, 1
;__Lib_MathDouble.c,711 :: 		
0x020B	0x0CF0      	RRF        R0, 1
;__Lib_MathDouble.c,712 :: 		
0x020C	0x0AF3      	INCF       R3, 1
;__Lib_MathDouble.c,713 :: 		
0x020D	0x1903      	BTFSC      STATUS, 2
;__Lib_MathDouble.c,714 :: 		
0x020E	0x2A16      	GOTO       JPMSETFOV32
;__Lib_MathDouble.c,715 :: 		
MUL32OK:
;__Lib_MathDouble.c,716 :: 		
0x020F	0x1FFA      	BTFSS      R10, 7
;__Lib_MathDouble.c,717 :: 		
0x0210	0x13F2      	BCF        R2, 7
;__Lib_MathDouble.c,718 :: 		
0x0211	0x3000      	MOVLW      0
;__Lib_MathDouble.c,720 :: 		
0x0212	0x2A1B      	GOTO       MUL32EEE
;__Lib_MathDouble.c,721 :: 		
JPMRES032:
;__Lib_MathDouble.c,722 :: 		
0x0213	0x3001      	MOVLW      1
;__Lib_MathDouble.c,725 :: 		
0x0214	0x20B7      	CALL       _RES032
;__Lib_MathDouble.c,727 :: 		
0x0215	0x2A1B      	GOTO       MUL32EEE
;__Lib_MathDouble.c,728 :: 		
JPMSETFOV32:
;__Lib_MathDouble.c,729 :: 		
0x0216	0x3002      	MOVLW      2
;__Lib_MathDouble.c,732 :: 		
0x0217	0x20C2      	CALL       _SETFOV32
;__Lib_MathDouble.c,734 :: 		
0x0218	0x2A1B      	GOTO       MUL32EEE
;__Lib_MathDouble.c,735 :: 		
JPMSETFUN32:
;__Lib_MathDouble.c,736 :: 		
0x0219	0x3004      	MOVLW      4
;__Lib_MathDouble.c,739 :: 		
0x021A	0x20AB      	CALL       _SETFUN32
;__Lib_MathDouble.c,741 :: 		
MUL32EEE:
;__Lib_MathDouble.c,742 :: 		
0x021B	0x0000      	NOP
;__Lib_MathDouble.c,749 :: 		
0x021C	0x0008      	RETURN
; end of _Mul_32x32_FP
_Div_16x16_U:
;__Lib_Math.c,215 :: 		
;__Lib_Math.c,222 :: 		
0x021D	0x1283      	BCF        STATUS, 5
;__Lib_Math.c,223 :: 		
0x021E	0x1303      	BCF        STATUS, 6
;__Lib_Math.c,224 :: 		
0x021F	0x01F8      	CLRF       R8
;__Lib_Math.c,225 :: 		
0x0220	0x01F9      	CLRF       R9
;__Lib_Math.c,226 :: 		
0x0221	0x3010      	MOVLW      16
;__Lib_Math.c,227 :: 		
0x0222	0x00FC      	MOVWF      R12
;__Lib_Math.c,228 :: 		
0x0223	0x0D71      	RLF        R1, 0
;__Lib_Math.c,229 :: 		
0x0224	0x0DF8      	RLF        R8, 1
;__Lib_Math.c,230 :: 		
0x0225	0x0DF9      	RLF        R9, 1
;__Lib_Math.c,231 :: 		
0x0226	0x0874      	MOVF       R4, 0
;__Lib_Math.c,232 :: 		
0x0227	0x02F8      	SUBWF      R8, 1
;__Lib_Math.c,233 :: 		
0x0228	0x0875      	MOVF       R5, 0
;__Lib_Math.c,234 :: 		
0x0229	0x1C03      	BTFSS      STATUS, 0
;__Lib_Math.c,235 :: 		
0x022A	0x0F75      	INCFSZ     R5, 0
;__Lib_Math.c,236 :: 		
0x022B	0x02F9      	SUBWF      R9, 1
;__Lib_Math.c,237 :: 		
0x022C	0x1803      	BTFSC      STATUS, 0
;__Lib_Math.c,238 :: 		
0x022D	0x2A35      	GOTO       $+8
;__Lib_Math.c,239 :: 		
0x022E	0x0874      	MOVF       R4, 0
;__Lib_Math.c,240 :: 		
0x022F	0x07F8      	ADDWF      R8, 1
;__Lib_Math.c,241 :: 		
0x0230	0x0875      	MOVF       R5, 0
;__Lib_Math.c,242 :: 		
0x0231	0x1803      	BTFSC      STATUS, 0
;__Lib_Math.c,243 :: 		
0x0232	0x0F75      	INCFSZ     R5, 0
;__Lib_Math.c,244 :: 		
0x0233	0x07F9      	ADDWF      R9, 1
;__Lib_Math.c,245 :: 		
0x0234	0x1003      	BCF        STATUS, 0
;__Lib_Math.c,246 :: 		
0x0235	0x0DF0      	RLF        R0, 1
;__Lib_Math.c,247 :: 		
0x0236	0x0DF1      	RLF        R1, 1
;__Lib_Math.c,248 :: 		
0x0237	0x0BFC      	DECFSZ     R12, 1
;__Lib_Math.c,249 :: 		
0x0238	0x2A23      	GOTO       $-21
;__Lib_Math.c,251 :: 		
0x0239	0x0008      	RETURN
; end of _Div_16x16_U
_Word2Double:
;__Lib_MathDouble.c,1862 :: 		
;__Lib_MathDouble.c,1868 :: 		
0x023A	0x1283      	BCF        STATUS, 5
;__Lib_MathDouble.c,1869 :: 		
0x023B	0x1303      	BCF        STATUS, 6
;__Lib_MathDouble.c,1870 :: 		
0x023C	0x0870      	MOVF       R0, 0
;__Lib_MathDouble.c,1871 :: 		
0x023D	0x00F8      	MOVWF      R8
;__Lib_MathDouble.c,1872 :: 		
0x023E	0x0871      	MOVF       R1, 0
;__Lib_MathDouble.c,1873 :: 		
0x023F	0x00F0      	MOVWF      R0
;__Lib_MathDouble.c,1874 :: 		
0x0240	0x01F1      	CLRF       R1
;__Lib_MathDouble.c,1875 :: 		
0x0241	0x01F2      	CLRF       R2
;__Lib_MathDouble.c,1876 :: 		
0x0242	0x01F3      	CLRF       R3
;__Lib_MathDouble.c,1879 :: 		
0x0243	0x01FB      	CLRF       R11
;__Lib_MathDouble.c,1880 :: 		
0x0244	0x01FC      	CLRF       R12
;__Lib_MathDouble.c,1882 :: 		
0x0245	0x3096      	MOVLW      150
;__Lib_MathDouble.c,1883 :: 		
0x0246	0x00F3      	MOVWF      R3
;__Lib_MathDouble.c,1884 :: 		
0x0247	0x01FA      	CLRF       R10
;__Lib_MathDouble.c,1886 :: 		
0x0248	0x0870      	MOVF       R0, 0
;__Lib_MathDouble.c,1887 :: 		
0x0249	0x00F1      	MOVWF      R1
;__Lib_MathDouble.c,1888 :: 		
0x024A	0x0878      	MOVF       R8, 0
;__Lib_MathDouble.c,1889 :: 		
0x024B	0x00F0      	MOVWF      R0
;__Lib_MathDouble.c,1890 :: 		
0x024C	0x01F8      	CLRF       R8
;__Lib_MathDouble.c,1891 :: 		
0x024D	0x01F2      	CLRF       R2
;__Lib_MathDouble.c,1893 :: 		
0x024E	0x20E3      	CALL       _NRM3232
;__Lib_MathDouble.c,1894 :: 		
0x024F	0x0008      	RETURN
; end of _Word2Double
_UART1_Read:
;__Lib_UART_c67.c,21 :: 		
;__Lib_UART_c67.c,24 :: 		
0x0250	0x1283      	BCF        STATUS, 5
0x0251	0x1303      	BCF        STATUS, 6
0x0252	0x081A      	MOVF       RCREG, 0
0x0253	0x00F1      	MOVWF      R1
;__Lib_UART_c67.c,25 :: 		
0x0254	0x1C98      	BTFSS      RCSTA, 1
0x0255	0x2A58      	GOTO       L_UART1_Read2
;__Lib_UART_c67.c,26 :: 		
0x0256	0x1218      	BCF        RCSTA, 4
;__Lib_UART_c67.c,27 :: 		
0x0257	0x1618      	BSF        RCSTA, 4
;__Lib_UART_c67.c,28 :: 		
L_UART1_Read2:
;__Lib_UART_c67.c,29 :: 		
0x0258	0x0871      	MOVF       R1, 0
0x0259	0x00F0      	MOVWF      R0
;__Lib_UART_c67.c,30 :: 		
0x025A	0x0008      	RETURN
; end of _UART1_Read
_UART1_Init:
;__Lib_UART_c67.c,2 :: 		
;__Lib_UART_c67.c,5 :: 		
0x025B	0x1683      	BSF        STATUS, 5
0x025C	0x1303      	BCF        STATUS, 6
0x025D	0x1698      	BSF        TXSTA, 5
;__Lib_UART_c67.c,6 :: 		
0x025E	0x3090      	MOVLW      144
0x025F	0x1283      	BCF        STATUS, 5
0x0260	0x0098      	MOVWF      RCSTA
;__Lib_UART_c67.c,7 :: 		
0x0261	0x1683      	BSF        STATUS, 5
0x0262	0x1787      	BSF        TRISC7_bit, 7
;__Lib_UART_c67.c,8 :: 		
0x0263	0x1307      	BCF        TRISC6_bit, 6
;__Lib_UART_c67.c,10 :: 		
L_UART1_Init0:
0x0264	0x1283      	BCF        STATUS, 5
0x0265	0x1E8C      	BTFSS      PIR1, 5
0x0266	0x2A6A      	GOTO       L_UART1_Init1
;__Lib_UART_c67.c,11 :: 		
0x0267	0x081A      	MOVF       RCREG, 0
0x0268	0x00F0      	MOVWF      R0
0x0269	0x2A64      	GOTO       L_UART1_Init0
L_UART1_Init1:
;__Lib_UART_c67.c,12 :: 		
0x026A	0x0008      	RETURN
; end of _UART1_Init
___CC2DW:
;__Lib_System.c,24 :: 		
;__Lib_System.c,27 :: 		
_CC2D_Loop1:
;__Lib_System.c,29 :: 		
0x026B	0x2112      	CALL       _____DoICP
0x026C	0x118A      	BCF        PCLATH, 3
0x026D	0x120A      	BCF        PCLATH, 4
;__Lib_System.c,31 :: 		
0x026E	0x0080      	MOVWF      INDF
;__Lib_System.c,32 :: 		
0x026F	0x0A84      	INCF       FSR, 1
;__Lib_System.c,33 :: 		
0x0270	0x0AC3      	INCF       ___DoICPAddr, 1
;__Lib_System.c,35 :: 		
0x0271	0x1903      	BTFSC      STATUS, 2
;__Lib_System.c,36 :: 		
0x0272	0x0AC4      	INCF       ___DoICPAddr+1, 1
;__Lib_System.c,37 :: 		
0x0273	0x03F0      	DECF       R0, 1
;__Lib_System.c,39 :: 		
0x0274	0x1D03      	BTFSS      STATUS, 2
;__Lib_System.c,40 :: 		
0x0275	0x2A6B      	GOTO       _CC2D_Loop1
;__Lib_System.c,42 :: 		
0x0276	0x0008      	RETURN
; end of ___CC2DW
_ADC_Init:
;__Lib_ADC_A_C.c,9 :: 		
;__Lib_ADC_A_C.c,10 :: 		
0x0277	0x3023      	MOVLW      _ADC_Get_Sample
0x0278	0x1283      	BCF        STATUS, 5
0x0279	0x1303      	BCF        STATUS, 6
0x027A	0x00C6      	MOVWF      _ADC_Get_Sample_Ptr
0x027B	0x3001      	MOVLW      hi_addr(_ADC_Get_Sample)
0x027C	0x00C7      	MOVWF      _ADC_Get_Sample_Ptr+1
0x027D	0x3024      	MOVLW      FARG_ADC_Get_Sample_channel
0x027E	0x00C8      	MOVWF      _ADC_Get_Sample_Ptr+2
0x027F	0x3000      	MOVLW      hi_addr(FARG_ADC_Get_Sample_channel)
;__Lib_ADC_A_C.c,12 :: 		
0x0280	0x019F      	CLRF       ADCON0
;__Lib_ADC_A_C.c,13 :: 		
0x0281	0x30C0      	MOVLW      192
0x0282	0x049F      	IORWF      ADCON0, 1
;__Lib_ADC_A_C.c,14 :: 		
0x0283	0x1683      	BSF        STATUS, 5
0x0284	0x171F      	BSF        ADCON1, 6
;__Lib_ADC_A_C.c,15 :: 		
0x0285	0x179F      	BSF        ADCON1, 7
;__Lib_ADC_A_C.c,18 :: 		
0x0286	0x1283      	BCF        STATUS, 5
0x0287	0x141F      	BSF        ADCON0, 0
;__Lib_ADC_A_C.c,19 :: 		
0x0288	0x0008      	RETURN
; end of _ADC_Init
_main:
0x0289	0x1283      	BCF        STATUS, 5
0x028A	0x1303      	BCF        STATUS, 6
0x028B	0x01A5      	CLRF       _c_texto
0x028C	0x3021      	MOVLW      33
0x028D	0x00A6      	MOVWF      _texto
0x028E	0x306C      	MOVLW      108
0x028F	0x00A7      	MOVWF      39
0x0290	0x3065      	MOVLW      101
0x0291	0x00A8      	MOVWF      40
0x0292	0x3064      	MOVLW      100
0x0293	0x00A9      	MOVWF      41
0x0294	0x3030      	MOVLW      48
0x0295	0x00AA      	MOVWF      42
0x0296	0x3023      	MOVLW      35
0x0297	0x00AB      	MOVWF      43
0x0298	0x01AC      	CLRF       44
0x0299	0x3070      	MOVLW      112
0x029A	0x00AD      	MOVWF      ?lstr2_VSaula055_USART_Leitura_Escrita
0x029B	0x306F      	MOVLW      111
0x029C	0x00AE      	MOVWF      46
0x029D	0x3074      	MOVLW      116
0x029E	0x00AF      	MOVWF      47
0x029F	0x3030      	MOVLW      48
0x02A0	0x00B0      	MOVWF      48
0x02A1	0x3020      	MOVLW      32
0x02A2	0x00B1      	MOVWF      49
0x02A3	0x303D      	MOVLW      61
0x02A4	0x00B2      	MOVWF      50
0x02A5	0x3020      	MOVLW      32
0x02A6	0x00B3      	MOVWF      51
0x02A7	0x01B4      	CLRF       52
0x02A8	0x01B5      	CLRF       _valorAD
0x02A9	0x01B6      	CLRF       54
0x02AA	0x3050      	MOVLW      80
0x02AB	0x00B7      	MOVWF      ?lstr1_VSaula055_USART_Leitura_Escrita
0x02AC	0x3049      	MOVLW      73
0x02AD	0x00B8      	MOVWF      56
0x02AE	0x3043      	MOVLW      67
0x02AF	0x00B9      	MOVWF      57
0x02B0	0x01BA      	CLRF       58
0x02B1	0x3070      	MOVLW      112
0x02B2	0x00BB      	MOVWF      ?lstr3_VSaula055_USART_Leitura_Escrita
0x02B3	0x306F      	MOVLW      111
0x02B4	0x00BC      	MOVWF      60
0x02B5	0x3074      	MOVLW      116
0x02B6	0x00BD      	MOVWF      61
0x02B7	0x3031      	MOVLW      49
0x02B8	0x00BE      	MOVWF      62
0x02B9	0x3020      	MOVLW      32
0x02BA	0x00BF      	MOVWF      63
0x02BB	0x303D      	MOVLW      61
0x02BC	0x00C0      	MOVWF      64
0x02BD	0x3020      	MOVLW      32
0x02BE	0x00C1      	MOVWF      65
0x02BF	0x01C2      	CLRF       66
;VSaula055_USART_Leitura_Escrita.c,11 :: 		void main() {
;VSaula055_USART_Leitura_Escrita.c,13 :: 		UART1_Init(9600);
0x02C0	0x3033      	MOVLW      51
0x02C1	0x1683      	BSF        STATUS, 5
0x02C2	0x0099      	MOVWF      SPBRG
0x02C3	0x1518      	BSF        TXSTA, 2
0x02C4	0x225B      	CALL       _UART1_Init
;VSaula055_USART_Leitura_Escrita.c,14 :: 		ADC_Init();
0x02C5	0x2277      	CALL       _ADC_Init
;VSaula055_USART_Leitura_Escrita.c,15 :: 		delay_ms(10);
0x02C6	0x301A      	MOVLW      26
0x02C7	0x00FC      	MOVWF      R12
0x02C8	0x30F8      	MOVLW      248
0x02C9	0x00FD      	MOVWF      R13
L_main0:
0x02CA	0x0BFD      	DECFSZ     R13, 1
0x02CB	0x2ACA      	GOTO       L_main0
0x02CC	0x0BFC      	DECFSZ     R12, 1
0x02CD	0x2ACA      	GOTO       L_main0
0x02CE	0x0000      	NOP
;VSaula055_USART_Leitura_Escrita.c,17 :: 		UART1_Write_Text("PIC");
0x02CF	0x3037      	MOVLW      ?lstr1_VSaula055_USART_Leitura_Escrita
0x02D0	0x00CB      	MOVWF      FARG_UART1_Write_Text_uart_text
0x02D1	0x2140      	CALL       _UART1_Write_Text
;VSaula055_USART_Leitura_Escrita.c,18 :: 		while(!UART1_Tx_Idle());
L_main1:
0x02D2	0x21B5      	CALL       _UART1_Tx_Idle
0x02D3	0x0870      	MOVF       R0, 0
0x02D4	0x1D03      	BTFSS      STATUS, 2
0x02D5	0x2AD7      	GOTO       L_main2
0x02D6	0x2AD2      	GOTO       L_main1
L_main2:
;VSaula055_USART_Leitura_Escrita.c,19 :: 		UART1_Write(13);
0x02D7	0x300D      	MOVLW      13
0x02D8	0x1283      	BCF        STATUS, 5
0x02D9	0x00CE      	MOVWF      FARG_UART1_Write_data_
0x02DA	0x2119      	CALL       _UART1_Write
;VSaula055_USART_Leitura_Escrita.c,20 :: 		while(!UART1_Tx_Idle());
L_main3:
0x02DB	0x21B5      	CALL       _UART1_Tx_Idle
0x02DC	0x0870      	MOVF       R0, 0
0x02DD	0x1D03      	BTFSS      STATUS, 2
0x02DE	0x2AE0      	GOTO       L_main4
0x02DF	0x2ADB      	GOTO       L_main3
L_main4:
;VSaula055_USART_Leitura_Escrita.c,23 :: 		GIE_bit = 1;
0x02E0	0x178B      	BSF        GIE_bit, 7
;VSaula055_USART_Leitura_Escrita.c,24 :: 		PEIE_bit = 1;
0x02E1	0x170B      	BSF        PEIE_bit, 6
;VSaula055_USART_Leitura_Escrita.c,25 :: 		RCIE_bit = 1;
0x02E2	0x168C      	BSF        RCIE_bit, 5
;VSaula055_USART_Leitura_Escrita.c,27 :: 		TRISC6_bit = 0;
0x02E3	0x1307      	BCF        TRISC6_bit, 6
;VSaula055_USART_Leitura_Escrita.c,28 :: 		TRISC7_bit = 1;
0x02E4	0x1787      	BSF        TRISC7_bit, 7
;VSaula055_USART_Leitura_Escrita.c,30 :: 		TRISA = 0b00000011; // RA0 e RA1 como entrada
0x02E5	0x3003      	MOVLW      3
0x02E6	0x0085      	MOVWF      TRISA
;VSaula055_USART_Leitura_Escrita.c,32 :: 		TRISD = 0;
0x02E7	0x0188      	CLRF       TRISD
;VSaula055_USART_Leitura_Escrita.c,33 :: 		PORTD = 0;
0x02E8	0x1283      	BCF        STATUS, 5
0x02E9	0x0188      	CLRF       PORTD
;VSaula055_USART_Leitura_Escrita.c,35 :: 		ADCON1.PCFG3 = 0;
0x02EA	0x1683      	BSF        STATUS, 5
0x02EB	0x119F      	BCF        ADCON1, 3
;VSaula055_USART_Leitura_Escrita.c,36 :: 		ADCON1.PCFG2 = 0;
0x02EC	0x111F      	BCF        ADCON1, 2
;VSaula055_USART_Leitura_Escrita.c,37 :: 		ADCON1.PCFG1 = 0;
0x02ED	0x109F      	BCF        ADCON1, 1
;VSaula055_USART_Leitura_Escrita.c,38 :: 		ADCON1.PCFG0 = 0;
0x02EE	0x101F      	BCF        ADCON1, 0
;VSaula055_USART_Leitura_Escrita.c,40 :: 		while(1){
L_main5:
;VSaula055_USART_Leitura_Escrita.c,41 :: 		if(pot0){
0x02EF	0x1283      	BCF        STATUS, 5
0x02F0	0x1C45      	BTFSS      _pot0, BitPos(_pot0+0)
0x02F1	0x2B4F      	GOTO       L_main7
;VSaula055_USART_Leitura_Escrita.c,42 :: 		valorAD = ADC_Get_Sample(0)*4.8878;
0x02F2	0x01A4      	CLRF       FARG_ADC_Get_Sample_channel
0x02F3	0x2123      	CALL       _ADC_Get_Sample
0x02F4	0x223A      	CALL       _Word2Double
0x02F5	0x30DC      	MOVLW      220
0x02F6	0x00F4      	MOVWF      R4
0x02F7	0x3068      	MOVLW      104
0x02F8	0x00F5      	MOVWF      R4+1
0x02F9	0x301C      	MOVLW      28
0x02FA	0x00F6      	MOVWF      R4+2
0x02FB	0x3081      	MOVLW      129
0x02FC	0x00F7      	MOVWF      R4+3
0x02FD	0x21BC      	CALL       _Mul_32x32_FP
0x02FE	0x2156      	CALL       _Double2Word
0x02FF	0x0870      	MOVF       R0, 0
0x0300	0x00B5      	MOVWF      _valorAD
0x0301	0x0871      	MOVF       R0+1, 0
0x0302	0x00B6      	MOVWF      _valorAD+1
;VSaula055_USART_Leitura_Escrita.c,43 :: 		UART1_Write('(');
0x0303	0x3028      	MOVLW      40
0x0304	0x00CE      	MOVWF      FARG_UART1_Write_data_
0x0305	0x2119      	CALL       _UART1_Write
;VSaula055_USART_Leitura_Escrita.c,44 :: 		UART1_Write_text("pot0 = ");
0x0306	0x302D      	MOVLW      ?lstr2_VSaula055_USART_Leitura_Escrita
0x0307	0x00CB      	MOVWF      FARG_UART1_Write_Text_uart_text
0x0308	0x2140      	CALL       _UART1_Write_Text
;VSaula055_USART_Leitura_Escrita.c,45 :: 		UART1_write(((valorAD/1000)+48));
0x0309	0x30E8      	MOVLW      232
0x030A	0x00F4      	MOVWF      R4
0x030B	0x3003      	MOVLW      3
0x030C	0x00F5      	MOVWF      R4+1
0x030D	0x0835      	MOVF       _valorAD, 0
0x030E	0x00F0      	MOVWF      R0
0x030F	0x0836      	MOVF       _valorAD+1, 0
0x0310	0x00F1      	MOVWF      R0+1
0x0311	0x221D      	CALL       _Div_16x16_U
0x0312	0x3030      	MOVLW      48
0x0313	0x0770      	ADDWF      R0, 0
0x0314	0x00CE      	MOVWF      FARG_UART1_Write_data_
0x0315	0x2119      	CALL       _UART1_Write
;VSaula055_USART_Leitura_Escrita.c,46 :: 		UART1_Write('.');
0x0316	0x302E      	MOVLW      46
0x0317	0x00CE      	MOVWF      FARG_UART1_Write_data_
0x0318	0x2119      	CALL       _UART1_Write
;VSaula055_USART_Leitura_Escrita.c,47 :: 		UART1_write(((valorAD/100)%10+48));
0x0319	0x3064      	MOVLW      100
0x031A	0x00F4      	MOVWF      R4
0x031B	0x3000      	MOVLW      0
0x031C	0x00F5      	MOVWF      R4+1
0x031D	0x0835      	MOVF       _valorAD, 0
0x031E	0x00F0      	MOVWF      R0
0x031F	0x0836      	MOVF       _valorAD+1, 0
0x0320	0x00F1      	MOVWF      R0+1
0x0321	0x221D      	CALL       _Div_16x16_U
0x0322	0x300A      	MOVLW      10
0x0323	0x00F4      	MOVWF      R4
0x0324	0x3000      	MOVLW      0
0x0325	0x00F5      	MOVWF      R4+1
0x0326	0x221D      	CALL       _Div_16x16_U
0x0327	0x0878      	MOVF       R8, 0
0x0328	0x00F0      	MOVWF      R0
0x0329	0x0879      	MOVF       R8+1, 0
0x032A	0x00F1      	MOVWF      R0+1
0x032B	0x3030      	MOVLW      48
0x032C	0x0770      	ADDWF      R0, 0
0x032D	0x00CE      	MOVWF      FARG_UART1_Write_data_
0x032E	0x2119      	CALL       _UART1_Write
;VSaula055_USART_Leitura_Escrita.c,48 :: 		UART1_write(((valorAD/10)%10+48));
0x032F	0x300A      	MOVLW      10
0x0330	0x00F4      	MOVWF      R4
0x0331	0x3000      	MOVLW      0
0x0332	0x00F5      	MOVWF      R4+1
0x0333	0x0835      	MOVF       _valorAD, 0
0x0334	0x00F0      	MOVWF      R0
0x0335	0x0836      	MOVF       _valorAD+1, 0
0x0336	0x00F1      	MOVWF      R0+1
0x0337	0x221D      	CALL       _Div_16x16_U
0x0338	0x300A      	MOVLW      10
0x0339	0x00F4      	MOVWF      R4
0x033A	0x3000      	MOVLW      0
0x033B	0x00F5      	MOVWF      R4+1
0x033C	0x221D      	CALL       _Div_16x16_U
0x033D	0x0878      	MOVF       R8, 0
0x033E	0x00F0      	MOVWF      R0
0x033F	0x0879      	MOVF       R8+1, 0
0x0340	0x00F1      	MOVWF      R0+1
0x0341	0x3030      	MOVLW      48
0x0342	0x0770      	ADDWF      R0, 0
0x0343	0x00CE      	MOVWF      FARG_UART1_Write_data_
0x0344	0x2119      	CALL       _UART1_Write
;VSaula055_USART_Leitura_Escrita.c,49 :: 		UART1_Write('V');
0x0345	0x3056      	MOVLW      86
0x0346	0x00CE      	MOVWF      FARG_UART1_Write_data_
0x0347	0x2119      	CALL       _UART1_Write
;VSaula055_USART_Leitura_Escrita.c,50 :: 		UART1_Write(')');
0x0348	0x3029      	MOVLW      41
0x0349	0x00CE      	MOVWF      FARG_UART1_Write_data_
0x034A	0x2119      	CALL       _UART1_Write
;VSaula055_USART_Leitura_Escrita.c,51 :: 		UART1_Write(13);
0x034B	0x300D      	MOVLW      13
0x034C	0x00CE      	MOVWF      FARG_UART1_Write_data_
0x034D	0x2119      	CALL       _UART1_Write
;VSaula055_USART_Leitura_Escrita.c,52 :: 		pot0 = 0;
0x034E	0x1045      	BCF        _pot0, BitPos(_pot0+0)
;VSaula055_USART_Leitura_Escrita.c,53 :: 		}
L_main7:
;VSaula055_USART_Leitura_Escrita.c,54 :: 		if(pot1){
0x034F	0x1CC5      	BTFSS      _pot1, BitPos(_pot1+0)
0x0350	0x2BAF      	GOTO       L_main8
;VSaula055_USART_Leitura_Escrita.c,55 :: 		valorAD = ADC_Get_Sample(1)*4.8876; // 1023 -> 5V ; pot0 = xV -> vlor da tensão
0x0351	0x3001      	MOVLW      1
0x0352	0x00A4      	MOVWF      FARG_ADC_Get_Sample_channel
0x0353	0x2123      	CALL       _ADC_Get_Sample
0x0354	0x223A      	CALL       _Word2Double
0x0355	0x3038      	MOVLW      56
0x0356	0x00F4      	MOVWF      R4
0x0357	0x3067      	MOVLW      103
0x0358	0x00F5      	MOVWF      R4+1
0x0359	0x301C      	MOVLW      28
0x035A	0x00F6      	MOVWF      R4+2
0x035B	0x3081      	MOVLW      129
0x035C	0x00F7      	MOVWF      R4+3
0x035D	0x21BC      	CALL       _Mul_32x32_FP
0x035E	0x2156      	CALL       _Double2Word
0x035F	0x0870      	MOVF       R0, 0
0x0360	0x00B5      	MOVWF      _valorAD
0x0361	0x0871      	MOVF       R0+1, 0
0x0362	0x00B6      	MOVWF      _valorAD+1
;VSaula055_USART_Leitura_Escrita.c,57 :: 		UART1_Write('(');
0x0363	0x3028      	MOVLW      40
0x0364	0x00CE      	MOVWF      FARG_UART1_Write_data_
0x0365	0x2119      	CALL       _UART1_Write
;VSaula055_USART_Leitura_Escrita.c,58 :: 		UART1_Write_text("pot1 = ");
0x0366	0x303B      	MOVLW      ?lstr3_VSaula055_USART_Leitura_Escrita
0x0367	0x00CB      	MOVWF      FARG_UART1_Write_Text_uart_text
0x0368	0x2140      	CALL       _UART1_Write_Text
;VSaula055_USART_Leitura_Escrita.c,59 :: 		UART1_write(((valorAD/1000)+48));
0x0369	0x30E8      	MOVLW      232
0x036A	0x00F4      	MOVWF      R4
0x036B	0x3003      	MOVLW      3
0x036C	0x00F5      	MOVWF      R4+1
0x036D	0x0835      	MOVF       _valorAD, 0
0x036E	0x00F0      	MOVWF      R0
0x036F	0x0836      	MOVF       _valorAD+1, 0
0x0370	0x00F1      	MOVWF      R0+1
0x0371	0x221D      	CALL       _Div_16x16_U
0x0372	0x3030      	MOVLW      48
0x0373	0x0770      	ADDWF      R0, 0
0x0374	0x00CE      	MOVWF      FARG_UART1_Write_data_
0x0375	0x2119      	CALL       _UART1_Write
;VSaula055_USART_Leitura_Escrita.c,60 :: 		UART1_Write('.');
0x0376	0x302E      	MOVLW      46
0x0377	0x00CE      	MOVWF      FARG_UART1_Write_data_
0x0378	0x2119      	CALL       _UART1_Write
;VSaula055_USART_Leitura_Escrita.c,61 :: 		UART1_write(((valorAD/100)%10+48));
0x0379	0x3064      	MOVLW      100
0x037A	0x00F4      	MOVWF      R4
0x037B	0x3000      	MOVLW      0
0x037C	0x00F5      	MOVWF      R4+1
0x037D	0x0835      	MOVF       _valorAD, 0
0x037E	0x00F0      	MOVWF      R0
0x037F	0x0836      	MOVF       _valorAD+1, 0
0x0380	0x00F1      	MOVWF      R0+1
0x0381	0x221D      	CALL       _Div_16x16_U
0x0382	0x300A      	MOVLW      10
0x0383	0x00F4      	MOVWF      R4
0x0384	0x3000      	MOVLW      0
0x0385	0x00F5      	MOVWF      R4+1
0x0386	0x221D      	CALL       _Div_16x16_U
0x0387	0x0878      	MOVF       R8, 0
0x0388	0x00F0      	MOVWF      R0
0x0389	0x0879      	MOVF       R8+1, 0
0x038A	0x00F1      	MOVWF      R0+1
0x038B	0x3030      	MOVLW      48
0x038C	0x0770      	ADDWF      R0, 0
0x038D	0x00CE      	MOVWF      FARG_UART1_Write_data_
0x038E	0x2119      	CALL       _UART1_Write
;VSaula055_USART_Leitura_Escrita.c,62 :: 		UART1_write(((valorAD/10)%10+48));
0x038F	0x300A      	MOVLW      10
0x0390	0x00F4      	MOVWF      R4
0x0391	0x3000      	MOVLW      0
0x0392	0x00F5      	MOVWF      R4+1
0x0393	0x0835      	MOVF       _valorAD, 0
0x0394	0x00F0      	MOVWF      R0
0x0395	0x0836      	MOVF       _valorAD+1, 0
0x0396	0x00F1      	MOVWF      R0+1
0x0397	0x221D      	CALL       _Div_16x16_U
0x0398	0x300A      	MOVLW      10
0x0399	0x00F4      	MOVWF      R4
0x039A	0x3000      	MOVLW      0
0x039B	0x00F5      	MOVWF      R4+1
0x039C	0x221D      	CALL       _Div_16x16_U
0x039D	0x0878      	MOVF       R8, 0
0x039E	0x00F0      	MOVWF      R0
0x039F	0x0879      	MOVF       R8+1, 0
0x03A0	0x00F1      	MOVWF      R0+1
0x03A1	0x3030      	MOVLW      48
0x03A2	0x0770      	ADDWF      R0, 0
0x03A3	0x00CE      	MOVWF      FARG_UART1_Write_data_
0x03A4	0x2119      	CALL       _UART1_Write
;VSaula055_USART_Leitura_Escrita.c,63 :: 		UART1_Write('V');
0x03A5	0x3056      	MOVLW      86
0x03A6	0x00CE      	MOVWF      FARG_UART1_Write_data_
0x03A7	0x2119      	CALL       _UART1_Write
;VSaula055_USART_Leitura_Escrita.c,64 :: 		UART1_Write(')');
0x03A8	0x3029      	MOVLW      41
0x03A9	0x00CE      	MOVWF      FARG_UART1_Write_data_
0x03AA	0x2119      	CALL       _UART1_Write
;VSaula055_USART_Leitura_Escrita.c,65 :: 		UART1_Write(13);
0x03AB	0x300D      	MOVLW      13
0x03AC	0x00CE      	MOVWF      FARG_UART1_Write_data_
0x03AD	0x2119      	CALL       _UART1_Write
;VSaula055_USART_Leitura_Escrita.c,66 :: 		pot1 = 0;
0x03AE	0x10C5      	BCF        _pot1, BitPos(_pot1+0)
;VSaula055_USART_Leitura_Escrita.c,67 :: 		}
L_main8:
;VSaula055_USART_Leitura_Escrita.c,68 :: 		}
0x03AF	0x2AEF      	GOTO       L_main5
;VSaula055_USART_Leitura_Escrita.c,71 :: 		}
0x03B0	0x2BB0      	GOTO       $+0
; end of _main
Symbol List:
//** Routines locations **
//ADDRESS    SIZE    PROCEDURE
//----------------------------------------------
0x0004     [167]    _interrupt
0x00AB      [12]    _SETFUN32
0x00B7       [7]    _RES032
0x00BE       [4]    _FIXSIGN32
0x00C2      [12]    _SETFOV32
0x00CE       [8]    _Delay_22us
0x00D6      [13]    _SETIOV3224
0x00E3      [47]    _NRM3232
0x0112       [7]    _____DoICP
0x0119      [10]    _UART1_Write
0x0123      [29]    _ADC_Get_Sample
0x0140      [22]    _UART1_Write_Text
0x0156      [95]    _Double2Word
0x01B5       [7]    _UART1_Tx_Idle
0x01BC      [97]    _Mul_32x32_FP
0x021D      [29]    _Div_16x16_U
0x023A      [22]    _Word2Double
0x0250      [11]    _UART1_Read
0x025B      [16]    _UART1_Init
0x026B      [12]    ___CC2DW
0x0277      [18]    _ADC_Init
0x0289     [296]    _main
//** Variables locations ** 
//ADDRESS    SIZE    VARIABLE
//----------------------------------------------
0x0000       [1]    INDF
0x0001       [1]    TMR0
0x0002       [1]    PCL
0x0003       [0]    C_bit
0x0003       [0]    DC_bit
0x0003       [0]    NOT_PD_bit
0x0003       [0]    RP0_bit
0x0003       [1]    STATUS
0x0003       [0]    NOT_TO_bit
0x0003       [0]    IRP_bit
0x0003       [0]    Z_bit
0x0003       [0]    RP1_bit
0x0004       [1]    FSRPTR
0x0004       [1]    FSR
0x0005       [0]    RA0_bit
0x0005       [0]    RA3_bit
0x0005       [0]    RA2_bit
0x0005       [0]    RA5_bit
0x0005       [0]    RA1_bit
0x0005       [1]    PORTA
0x0005       [0]    RA4_bit
0x0006       [0]    RB6_bit
0x0006       [1]    PORTB
0x0006       [0]    RB7_bit
0x0006       [0]    RB3_bit
0x0006       [0]    RB5_bit
0x0006       [0]    RB2_bit
0x0006       [0]    RB4_bit
0x0006       [0]    RB0_bit
0x0006       [0]    RB1_bit
0x0007       [0]    RC7_bit
0x0007       [1]    PORTC
0x0007       [0]    RC3_bit
0x0007       [0]    RC5_bit
0x0007       [0]    RC4_bit
0x0007       [0]    RC0_bit
0x0007       [0]    RC6_bit
0x0007       [0]    RC2_bit
0x0007       [0]    RC1_bit
0x0008       [0]    RD3_bit
0x0008       [0]    RD2_bit
0x0008       [1]    PORTD
0x0008       [0]    RD0_bit
0x0008       [0]    RD6_bit
0x0008       [0]    RD7_bit
0x0008       [0]    RD5_bit
0x0008       [0]    RD1_bit
0x0008       [0]    RD4_bit
0x0009       [0]    RE2_bit
0x0009       [1]    PORTE
0x0009       [0]    RE0_bit
0x0009       [0]    RE1_bit
0x000A       [1]    PCLATH
0x000B       [0]    RBIF_bit
0x000B       [0]    TMR0IE_bit
0x000B       [0]    INTE_bit
0x000B       [0]    RBIE_bit
0x000B       [0]    T0IE_bit
0x000B       [0]    GIE_bit
0x000B       [0]    PEIE_bit
0x000B       [1]    INTCON
0x000B       [0]    TMR0IF_bit
0x000B       [0]    INTF_bit
0x000B       [0]    T0IF_bit
0x000C       [0]    PSPIF_bit
0x000C       [0]    ADIF_bit
0x000C       [1]    PIR1
0x000C       [0]    RCIF_bit
0x000C       [0]    CCP1IF_bit
0x000C       [0]    SSPIF_bit
0x000C       [0]    TXIF_bit
0x000C       [0]    TMR1IF_bit
0x000C       [0]    TMR2IF_bit
0x000D       [1]    PIR2
0x000D       [0]    EEIF_bit
0x000D       [0]    CMIF_bit
0x000D       [0]    CCP2IF_bit
0x000D       [0]    BCLIF_bit
0x000E       [1]    TMR1L
0x000F       [1]    TMR1H
0x0010       [0]    TMR1ON_bit
0x0010       [1]    T1CON
0x0010       [0]    T1CKPS0_bit
0x0010       [0]    T1OSCEN_bit
0x0010       [0]    T1CKPS1_bit
0x0010       [0]    T1SYNC_bit
0x0010       [0]    T1INSYNC_bit
0x0010       [0]    TMR1CS_bit
0x0010       [0]    NOT_T1SYNC_bit
0x0011       [1]    TMR2
0x0012       [1]    T2CON
0x0012       [0]    T2CKPS0_bit
0x0012       [0]    TOUTPS1_bit
0x0012       [0]    TOUTPS2_bit
0x0012       [0]    TOUTPS3_bit
0x0012       [0]    TMR2ON_bit
0x0012       [0]    T2CKPS1_bit
0x0012       [0]    TOUTPS0_bit
0x0013       [1]    SSPBUF
0x0014       [1]    SSPCON
0x0014       [0]    SSPM0_bit
0x0014       [0]    SSPEN_bit
0x0014       [0]    SSPOV_bit
0x0014       [0]    WCOL_bit
0x0014       [0]    CKP_bit
0x0014       [0]    SSPM1_bit
0x0014       [0]    SSPM2_bit
0x0014       [0]    SSPM3_bit
0x0015       [2]    CCPR1
0x0015       [1]    CCPR1L
0x0016       [1]    CCPR1H
0x0017       [0]    CCP1M0_bit
0x0017       [1]    CCP1CON
0x0017       [0]    CCP1X_bit
0x0017       [0]    CCP1M3_bit
0x0017       [0]    CCP1Y_bit
0x0017       [0]    CCP1M1_bit
0x0017       [0]    CCP1M2_bit
0x0018       [0]    FERR_bit
0x0018       [0]    ADDEN_bit
0x0018       [0]    RCD8_bit
0x0018       [0]    RX9D_bit
0x0018       [0]    OERR_bit
0x0018       [0]    RC9_bit
0x0018       [0]    RX9_bit
0x0018       [0]    SPEN_bit
0x0018       [0]    NOT_RC8_bit
0x0018       [0]    CREN_bit
0x0018       [0]    SREN_bit
0x0018       [0]    RC8_9_bit
0x0018       [1]    RCSTA
0x0019       [1]    TXREG
0x001A       [1]    RCREG
0x001B       [1]    CCPR2L
0x001B       [2]    CCPR2
0x001C       [1]    CCPR2H
0x001D       [1]    CCP2CON
0x001D       [0]    CCP2M0_bit
0x001D       [0]    CCP2M1_bit
0x001D       [0]    CCP2M3_bit
0x001D       [0]    CCP2Y_bit
0x001D       [0]    CCP2M2_bit
0x001D       [0]    CCP2X_bit
0x001E       [1]    ADRESH
0x001F       [0]    CHS2_bit
0x001F       [0]    CHS0_bit
0x001F       [0]    ADCS0_bit
0x001F       [1]    ADCON0
0x001F       [0]    CHS1_bit
0x001F       [0]    GO_bit
0x001F       [0]    GO_DONE_bit
0x001F       [0]    ADCS1_bit
0x001F       [0]    NOT_DONE_bit
0x001F       [0]    ADON_bit
0x0020       [1]    __math_tempbD
0x0024       [1]    FARG_ADC_Get_Sample_channel
0x0025       [1]    _c_texto
0x0026       [7]    _texto
0x002D       [8]    ?lstr2_VSaula055_USART_Leitura_Escrita
0x0035       [2]    _valorAD
0x0037       [4]    ?lstr1_VSaula055_USART_Leitura_Escrita
0x003B       [8]    ?lstr3_VSaula055_USART_Leitura_Escrita
0x0043       [2]    ___DoICPAddr
0x0045       [0]    _pot1
0x0045       [0]    _pot0
0x0046       [3]    _ADC_Get_Sample_Ptr
0x0049       [1]    ___saveSTATUS
0x004A       [1]    ___savePCLATH
0x004B       [1]    FARG_UART1_Write_Text_uart_text
0x004C       [1]    UART1_Write_Text_data__L0
0x004D       [1]    UART1_Write_Text_counter_L0
0x004E       [1]    FARG_UART1_Write_data_
0x004F       [1]    FLOC__interrupt
0x0070       [1]    R0
0x0071       [1]    R1
0x0072       [1]    R2
0x0073       [1]    R3
0x0074       [1]    R4
0x0075       [1]    R5
0x0076       [1]    R6
0x0077       [1]    R7
0x0078       [1]    R8
0x0079       [1]    R9
0x007A       [1]    R10
0x007B       [1]    R11
0x007C       [1]    R12
0x007D       [1]    R13
0x007E       [1]    R14
0x007F       [1]    R15
0x0081       [0]    T0CS_bit
0x0081       [0]    NOT_RBPU_bit
0x0081       [0]    INTEDG_bit
0x0081       [0]    T0SE_bit
0x0081       [0]    PSA_bit
0x0081       [0]    PS0_bit
0x0081       [0]    PS2_bit
0x0081       [1]    OPTION_REG
0x0081       [0]    PS1_bit
0x0085       [0]    TRISA4_bit
0x0085       [0]    TRISA3_bit
0x0085       [0]    TRISA0_bit
0x0085       [0]    TRISA5_bit
0x0085       [1]    TRISA
0x0085       [0]    TRISA2_bit
0x0085       [0]    TRISA1_bit
0x0086       [0]    TRISB5_bit
0x0086       [1]    TRISB
0x0086       [0]    TRISB1_bit
0x0086       [0]    TRISB4_bit
0x0086       [0]    TRISB2_bit
0x0086       [0]    TRISB6_bit
0x0086       [0]    TRISB0_bit
0x0086       [0]    TRISB3_bit
0x0086       [0]    TRISB7_bit
0x0087       [1]    TRISC
0x0087       [0]    TRISC2_bit
0x0087       [0]    TRISC4_bit
0x0087       [0]    TRISC5_bit
0x0087       [0]    TRISC6_bit
0x0087       [0]    TRISC3_bit
0x0087       [0]    TRISC7_bit
0x0087       [0]    TRISC0_bit
0x0087       [0]    TRISC1_bit
0x0088       [0]    TRISD3_bit
0x0088       [1]    TRISD
0x0088       [0]    TRISD0_bit
0x0088       [0]    TRISD1_bit
0x0088       [0]    TRISD2_bit
0x0088       [0]    TRISD4_bit
0x0088       [0]    TRISD6_bit
0x0088       [0]    TRISD7_bit
0x0088       [0]    TRISD5_bit
0x0089       [1]    TRISE
0x0089       [0]    TRISE1_bit
0x0089       [0]    PSPMODE_bit
0x0089       [0]    PSPMODE_TRISE_bit
0x0089       [0]    TRISE2_bit
0x0089       [0]    IBOV_TRISE_bit
0x0089       [0]    IBF_bit
0x0089       [0]    IBF_TRISE_bit
0x0089       [0]    OBF_bit
0x0089       [0]    TRISE0_bit
0x0089       [0]    OBF_TRISE_bit
0x0089       [0]    IBOV_bit
0x008C       [0]    TMR2IE_bit
0x008C       [0]    CCP1IE_bit
0x008C       [1]    PIE1
0x008C       [0]    RCIE_bit
0x008C       [0]    ADIE_bit
0x008C       [0]    TMR1IE_bit
0x008C       [0]    TXIE_bit
0x008C       [0]    SSPIE_bit
0x008C       [0]    PSPIE_bit
0x008D       [0]    BCLIE_bit
0x008D       [0]    CMIE_bit
0x008D       [0]    EEIE_bit
0x008D       [0]    CCP2IE_bit
0x008D       [1]    PIE2
0x008E       [0]    NOT_POR_bit
0x008E       [0]    NOT_BO_bit
0x008E       [1]    PCON
0x008E       [0]    NOT_BOR_bit
0x0091       [0]    SEN_bit
0x0091       [0]    ACKSTAT_bit
0x0091       [0]    ACKDT_bit
0x0091       [0]    GCEN_bit
0x0091       [1]    SSPCON2
0x0091       [0]    PEN_bit
0x0091       [0]    RSEN_bit
0x0091       [0]    ACKEN_bit
0x0091       [0]    RCEN_bit
0x0092       [1]    PR2
0x0093       [1]    SSPADD
0x0094       [0]    BF_bit
0x0094       [0]    NOT_WRITE_bit
0x0094       [1]    SSPSTAT
0x0094       [0]    READ_WRITE_bit
0x0094       [0]    R_W_bit
0x0094       [0]    UA_bit
0x0094       [0]    R_bit
0x0094       [0]    I2C_START__bit
0x0094       [0]    NOT_W_bit
0x0094       [0]    I2C_READ_bit
0x0094       [0]    P_bit
0x0094       [0]    DATA_ADDRESS_bit
0x0094       [0]    S_bit
0x0094       [0]    I2C_STOP__bit
0x0094       [0]    NOT_A_bit
0x0094       [0]    NOT_ADDRESS_bit
0x0094       [0]    D_A_bit
0x0094       [0]    I2C_DATA_bit
0x0094       [0]    SMP_bit
0x0094       [0]    CKE_bit
0x0094       [0]    D_bit
0x0098       [1]    TXSTA
0x0098       [0]    NOT_TX8_bit
0x0098       [0]    SYNC_bit
0x0098       [0]    TX8_9_bit
0x0098       [0]    TXEN_bit
0x0098       [0]    TX9D_bit
0x0098       [0]    BRGH_bit
0x0098       [0]    TX9_bit
0x0098       [0]    CSRC_bit
0x0098       [0]    TRMT_bit
0x0098       [0]    TXD8_bit
0x0099       [1]    SPBRG
0x009C       [1]    CMCON
0x009C       [0]    CM1_bit
0x009C       [0]    CM2_bit
0x009C       [0]    CIS_bit
0x009C       [0]    C2INV_bit
0x009C       [0]    C1INV_bit
0x009C       [0]    C1OUT_bit
0x009C       [0]    CM0_bit
0x009C       [0]    C2OUT_bit
0x009D       [0]    CVREN_bit
0x009D       [0]    CVROE_bit
0x009D       [0]    CVR1_bit
0x009D       [0]    CVR3_bit
0x009D       [0]    CVRR_bit
0x009D       [0]    CVR2_bit
0x009D       [0]    CVR0_bit
0x009D       [1]    CVRCON
0x009E       [1]    ADRESL
0x009F       [0]    PCFG1_bit
0x009F       [0]    PCFG3_bit
0x009F       [0]    PCFG0_bit
0x009F       [0]    ADCS2_bit
0x009F       [1]    ADCON1
0x009F       [0]    PCFG2_bit
0x009F       [0]    ADFM_bit
0x010C       [1]    EEDATA
0x010D       [1]    EEADR
0x010E       [1]    EEDATH
0x010F       [1]    EEADRH
0x018C       [0]    WREN_bit
0x018C       [0]    EEPGD_bit
0x018C       [0]    WR_bit
0x018C       [0]    RD_bit
0x018C       [1]    EECON1
0x018C       [0]    WRERR_bit
0x018D       [1]    EECON2
//** Label List: ** 
//----------------------------------------------
  L_main0
  L_main1
  L_main2
  L_main3
  L_main4
  L_main5
  L_main6
  L_main7
  L_main8
  L_interrupt9
  L_interrupt10
  L_interrupt11
  L_interrupt12
  L_interrupt13
  L_interrupt14
  L_interrupt15
  L_interrupt16
  L_interrupt17
  L_interrupt18
  L_interrupt19
  L_interrupt20
  L_interrupt21
  L_interrupt22
  L_interrupt23
  L_interrupt24
  L_interrupt25
  L_interrupt26
  L_interrupt27
  L_interrupt28
  L_interrupt29
  L_interrupt30
  L_interrupt31
  L_interrupt32
  L_interrupt33
  L_interrupt34
  L_interrupt35
  L_interrupt36
  L__interrupt37
  L__interrupt38
  _main
  _interrupt
  L__interrupt39
  L_ADC_Get_Sample0
  L_ADC_Get_Sample1
  L_ADC_Read2
  L_ADC_Read3
  _ADC_Init
  _ADC_Get_Sample
  _ADC_Read
  L_Delay_10us0
  L_Delay_22us1
  L_Delay_50us2
  L_Delay_80us3
  L_Delay_500us4
  L_Delay_5500us5
  L_Delay_1ms6
  L_Delay_5ms7
  L_Delay_8ms8
  L_Delay_100ms9
  L_Delay_1sec10
  L_boot16_Delay_5ms11
  L_Delay_Cyc12
  L_Delay_Cyc13
  L_VDelay_ms14
  L_VDelay_ms15
  L_VDelay_ms16
  L_VDelay_Advanced_ms17
  L_VDelay_Advanced_ms18
  L_VDelay_Advanced_ms19
  _Get_Fosc_kHz
  _Delay_1us
  _Delay_10us
  _Delay_22us
  _Delay_50us
  _Delay_80us
  _Delay_500us
  _Delay_5500us
  _Delay_1ms
  _Delay_5ms
  _Delay_8ms
  _Delay_100ms
  _Delay_1sec
  _boot16_Delay_5ms
  _Delay_Cyc
  _VDelay_ms
  L__VDelay_ms20
  L__VDelay_ms21
  L__VDelay_ms22
  _VDelay_Advanced_ms
  L__VDelay_Advanced_ms23
  L__VDelay_Advanced_ms24
  L__VDelay_Advanced_ms25
  L_Div_16x16_S0
  L_Div_16x16_S1
  LOOPS3232A
  SADD22LA
  SOK22LA
  SADD22L8
  SOK22L8
  LOOPS3232B
  SADD22LB
  SOK22LB
  SADD22L16
  SOK22L16
  LOOPS3232C
  SADD22LC
  SOK22LC
  SADD22L24
  SOK22L24
  LOOPS3232D
  SADD22LD
  SOK22LD
  SOK22L
  L_Div_32x32_S6
  L_Div_32x32_S7
  L_Div_32x32_S8
  L_Div_32x32_S9
  FXD3232S
  END_ALL
  CA3232S
  C3232SX
  C3232SX1
  C3232S
  C3232S2
  C3232SX4
  C3232SOK
  C3232SX3
  C3232SX2
  avoid_comfrem
  LOOPU3232A
  UADD22LA
  UOK22LA
  UADD22L8
  UOK22L8
  LOOPU3232B
  UADD22LB
  UOK22LB
  UADD22L16
  UOK22L16
  LOOPU3232C
  UADD22LC
  UOK22LC
  UADD22L24
  UOK22L24
  LOOPU3232D
  UADD22LD
  UOK22LD
  UOK22L
  _NEXT
  _EXIT2
  _LOOP
  _EXIT1
  _IF_FIRST
  _IF_SECOND
  _INVERCE_FIRST
  _MULT
  _INBERSE_SECOND
  _EXIT
  _Mul_8x8_U
  _Mul_16x16_U
  _Div_8x8_U
  _Div_16x16_U
  _Mul_8x8_S
  _Mul_16x16_S
  _Div_16x16_S_L
  _Div_16x16_S
  _Div_8x8_S
  _SDIV3232L
  _COMFREM
  _Div_32x32_S
  _Div_32x32_U
  _Mul_32x32_U
  _Mul_32x32_S
  SETFOV32EEE
  SETFUN32EEE
  NORM3232
  JPNRES032
  JPNSETFUN32
  NORM3232A
  JMPNFIXSIGN32
  NORM32EEE
  NRMRND4032
  NRM4032
  JMPSETFOV32
  NORM4032
  JMPRES032
  JMPSETFUN32
  NORM4032A
  JMPFIXSIGN32
  NRM4032EEE
  USEA32
  JMPEEE
  ALIGNED32
  ALIGNB32
  ALOOPB32
  AOK32
  ACOMP32
  JMPNRMRND4032
  ADD_JMPSETFOV32
  JMPNRM4032
  JMPNRM32
  ADD32EEE
  FPM32
  JPMRES032
  M32BNE0
  MTUN32
  JPMSETFOV32
  MOK32
  JPMSETFUN32
  MLOOP32
  MNOADD32
  MADD32
  MROUND32
  MUL32OK
  MUL32EEE
  L_Div_32x32_FP7
  L_Div_32x32_FP8
  L_Div_32x32_FP9
  L_Div_32x32_FP10
  FPD32
  JPDSETFDZ32
  JPDRES032
  D32BNE0
  TALIGN32
  TS1ALIGN32
  TS2ALIGN32
  DALIGN32OK
  ALTB32
  AGEB32
  JPDSETFOV32
  DARGOK32
  JPDSETFUN32
  DLOOP32
  DS132
  DS232
  DREST32
  DOK32
  DAREST32
  DROUND32
  DIV32OK
  DIV32EEE
  SETIOV3224EEE
  INT3232U
  INT3232UEOK
  SETEXP32U
  SETIOV32U
  TSHIFT3232U
  SHIFT3232UOK
  SHIFT3232U
  INT3232UOK
  JPLSETIOV3224
  IRES032U
  INT3232UEER
  INT3232UEEE
  L_Double2Longword_0
  INT3232
  INT3232EOK
  SETIOV32
  TSHIFT3232
  SHIFT3232OK
  SHIFT3232
  INT3232OK
  JPISETIOV3224
  IRES032
  INT3232EER
  INT3232EEE
  L_Double2Longint_0
  INT3216
  IRES016
  SETIOV16
  TSHIFT3216
  SHIFT3216OK
  SHIFT3216
  INT3216OK
  JPJSETIOV3224
  INT3216EOK
  INT3216EER
  INT3216EEE
  L_Double2Int_0
  INT3216U
  IRES016U
  SETEXP16U
  SETIOV16U
  TSHIFT3216U
  SHIFT3216UOK
  SHIFT3216U
  INT3216UOK
  JPKSETIOV3224
  INT3216UEOK
  INT3216UEER
  INT3216UEEE
  L_Double2Word_0
  INT32U08
  IRES008
  SETEXP08
  SETIOV08
  TSHIFT3208
  SHIFT3208OK
  SHIFT3208
  INT3208OK
  D2B_JPKSETIOV3224
  INT3208EOK
  INT3208EER
  INT3208EEE
  L_Double2Byte_0
  FLO08U32
  FLO1632
  FLO1632EEE
  FLO16U32
  FLO3232
  FLO3232EEE
  FLO32U32
  EQU_FALSE
  COMPARE_EQU
  COMPARE_NOTZERO
  COMPARE_XNOTZERO
  COMPARE_YNOTZERO
  COMPARE_LT
  COMPARE_GT
  COMPARE_TESTALL
  COMPARE_C1
  GT_FALSE
  GT_TRUE
  COMPARE_C2
  COMPARE_C3
  _SETFOV32
  _SETFDZ32
  _FIXSIGN32
  _RES032
  _SETFUN32
  _NRM3232
  _NRM4032
  _Add_32x32_FP
  _Sub_32x32_FP
  _Mul_32x32_FP
  _Div_32x32_FP
  _SETIOV3224
  _Double2Longword
  _Double2Longint
  _Double2Int
  _Double2Word
  _Double2Byte
  _Byte2Double
  _Int2Double
  _Word2Double
  _Longint2Double
  _Longword2Double
  _Equals_Double
  _Compare_Double
  _CC2D_Loop1
  _____DoICP
  _____DoIFC
  ___CC2DW
  _Swap
  L_UART1_Init0
  L_UART1_Init1
  L_UART1_Read2
  L_UART1_Write3
  L_UART1_Write4
  L_UART1_Write_Text5
  L_UART1_Write_Text6
  L_UART1_Read_Text7
  L_UART1_Read_Text8
  L_UART1_Read_Text9
  L_UART1_Read_Text10
  L_UART1_Read_Text11
  L_UART1_Read_Text12
  L_UART1_Read_Text13
  L_UART1_Read_Text14
  L_UART1_Read_Text15
  _UART1_Init
  _UART1_Data_Ready
  _UART1_Read
  _UART1_Tx_Idle
  _UART1_Write
  _UART1_Write_Text
  _UART1_Read_Text
  L_main0
  L_main1
  L_main2
  L_main3
  L_main4
  L_main5
  L_main6
  L_main7
  L_main8
  L_interrupt9
  L_interrupt10
  L_interrupt11
  L_interrupt12
  L_interrupt13
  L_interrupt14
  L_interrupt15
  L_interrupt16
  L_interrupt17
  L_interrupt18
  L_interrupt19
  L_interrupt20
  L_interrupt21
  L_interrupt22
  L_interrupt23
  L_interrupt24
  L_interrupt25
  L_interrupt26
  L_interrupt27
  L_interrupt28
  L_interrupt29
  L_interrupt30
  L_interrupt31
  L_interrupt32
  L_interrupt33
  L_interrupt34
  L_interrupt35
  L_interrupt36
  L__interrupt37
  L__interrupt38
  _main
  _interrupt
  L__interrupt39
  L_UART1_Init0
  L_UART1_Init1
  L_UART1_Read2
  L_UART1_Write3
  L_UART1_Write4
  L_UART1_Write_Text5
  L_UART1_Write_Text6
  L_UART1_Read_Text7
  L_UART1_Read_Text8
  L_UART1_Read_Text9
  L_UART1_Read_Text10
  L_UART1_Read_Text11
  L_UART1_Read_Text12
  L_UART1_Read_Text13
  L_UART1_Read_Text14
  L_UART1_Read_Text15
  _UART1_Init
  _UART1_Data_Ready
  _UART1_Read
  _UART1_Tx_Idle
  _UART1_Write
  _UART1_Write_Text
  _UART1_Read_Text
