;  LST file generated by mikroListExporter - v.2.0 
; Date/Time: 21/01/2023 20:10:43
;----------------------------------------------

;Address Opcode 	ASM
0x0000	0x2803      	GOTO       3
_main:
;codigo_1.c,5 :: 		void main() {
;codigo_1.c,7 :: 		ADCON1 = 7;           // desabilita comparadores internos
0x0003	0x3007      	MOVLW      7
0x0004	0x1683      	BSF        STATUS, 5
0x0005	0x1303      	BCF        STATUS, 6
0x0006	0x009F      	MOVWF      ADCON1
;codigo_1.c,8 :: 		TRISD = 0;            // port D omo saída
0x0007	0x0188      	CLRF       TRISD
;codigo_1.c,9 :: 		PORTD = 0;            // port D inicia em LOW
0x0008	0x1283      	BCF        STATUS, 5
0x0009	0x0188      	CLRF       PORTD
;codigo_1.c,10 :: 		TRISB.RB0 = 1;        // port B RB0 como entrada
0x000A	0x1683      	BSF        STATUS, 5
0x000B	0x1406      	BSF        TRISB, 0
;codigo_1.c,11 :: 		PORTB.RB0 = 1;        // port B RB0 com pull-up
0x000C	0x1283      	BCF        STATUS, 5
0x000D	0x1406      	BSF        PORTB, 0
;codigo_1.c,13 :: 		while(1){
L_main0:
;codigo_1.c,15 :: 		if(PORTB.RB0 == 0){
0x000E	0x1806      	BTFSC      PORTB, 0
0x000F	0x281B      	GOTO       L_main2
;codigo_1.c,16 :: 		PORTD.RD0 = 1;
0x0010	0x1408      	BSF        PORTD, 0
;codigo_1.c,17 :: 		PORTD.RD0 = 0;
0x0011	0x1008      	BCF        PORTD, 0
;codigo_1.c,18 :: 		delay_ms(10);
0x0012	0x301A      	MOVLW      26
0x0013	0x00FC      	MOVWF      R12
0x0014	0x30F8      	MOVLW      248
0x0015	0x00FD      	MOVWF      R13
L_main3:
0x0016	0x0BFD      	DECFSZ     R13, 1
0x0017	0x2816      	GOTO       L_main3
0x0018	0x0BFC      	DECFSZ     R12, 1
0x0019	0x2816      	GOTO       L_main3
0x001A	0x0000      	NOP
;codigo_1.c,19 :: 		}
L_main2:
;codigo_1.c,20 :: 		if(PORTB.RB1 == 0){
0x001B	0x1886      	BTFSC      PORTB, 1
0x001C	0x281F      	GOTO       L_main4
;codigo_1.c,21 :: 		PORTD.RD1 = 1;
0x001D	0x1488      	BSF        PORTD, 1
;codigo_1.c,22 :: 		} else {
0x001E	0x2829      	GOTO       L_main5
L_main4:
;codigo_1.c,23 :: 		PORTD.RD1 = 0;
0x001F	0x1088      	BCF        PORTD, 1
;codigo_1.c,24 :: 		delay_ms(10);
0x0020	0x301A      	MOVLW      26
0x0021	0x00FC      	MOVWF      R12
0x0022	0x30F8      	MOVLW      248
0x0023	0x00FD      	MOVWF      R13
L_main6:
0x0024	0x0BFD      	DECFSZ     R13, 1
0x0025	0x2824      	GOTO       L_main6
0x0026	0x0BFC      	DECFSZ     R12, 1
0x0027	0x2824      	GOTO       L_main6
0x0028	0x0000      	NOP
;codigo_1.c,25 :: 		}
L_main5:
;codigo_1.c,27 :: 		}
0x0029	0x280E      	GOTO       L_main0
;codigo_1.c,29 :: 		}
L_end_main:
0x002A	0x282A      	GOTO       $+0
; end of _main
Symbol List:
//** Routines locations **
//ADDRESS    SIZE    PROCEDURE
//----------------------------------------------
0x0003      [40]    _main
//** Variables locations ** 
//ADDRESS    SIZE    VARIABLE
//----------------------------------------------
0x0000       [1]    INDF
0x0003       [1]    STATUS
0x0004       [1]    FSR
0x0006       [1]    PORTB
0x0008       [1]    PORTD
0x000A       [1]    PCLATH
0x0020       [2]    ___DoICPAddr
0x0070       [1]    R0
0x0071       [1]    R1
0x0072       [1]    R2
0x0073       [1]    R3
0x0074       [1]    R4
0x0075       [1]    R5
0x0076       [1]    R6
0x0077       [1]    R7
0x0078       [1]    R8
0x0079       [1]    R9
0x007A       [1]    R10
0x007B       [1]    R11
0x007C       [1]    R12
0x007D       [1]    R13
0x007E       [1]    R14
0x007F       [1]    R15
0x0086       [1]    TRISB
0x0088       [1]    TRISD
0x009F       [1]    ADCON1
