;  LST file generated by mikroListExporter - v.2.0 
; Date/Time: 26/01/2023 10:56:00
;----------------------------------------------

;Address Opcode 	ASM
0x0000	0x287B      	GOTO       123
_Delay_500us:
;__Lib_Delays.c,27 :: 		void Delay_500us() {
;__Lib_Delays.c,28 :: 		Delay_us(498);
0x0003	0x3002      	MOVLW      2
0x0004	0x1283      	BCF        STATUS, 5
0x0005	0x1303      	BCF        STATUS, 6
0x0006	0x00FC      	MOVWF      R12
0x0007	0x3049      	MOVLW      73
0x0008	0x00FD      	MOVWF      R13
L_Delay_500us4:
0x0009	0x0BFD      	DECFSZ     R13, 1
0x000A	0x2809      	GOTO       L_Delay_500us4
0x000B	0x0BFC      	DECFSZ     R12, 1
0x000C	0x2809      	GOTO       L_Delay_500us4
0x000D	0x0000      	NOP
0x000E	0x0000      	NOP
;__Lib_Delays.c,29 :: 		}
0x000F	0x0008      	RETURN
; end of _Delay_500us
_____DoICP:
;__Lib_System.c,6 :: 		
;__Lib_System.c,9 :: 		
0x0010	0x1283      	BCF        STATUS, 5
0x0011	0x1303      	BCF        STATUS, 6
0x0012	0x0824      	MOVF       ___DoICPAddr+1, 0
0x0013	0x008A      	MOVWF      PCLATH
;__Lib_System.c,10 :: 		
0x0014	0x0823      	MOVF       ___DoICPAddr, 0
0x0015	0x0082      	MOVWF      PCL
;__Lib_System.c,12 :: 		
0x0016	0x0008      	RETURN
; end of _____DoICP
_config_mcu:
;Relogio_Binario.c,147 :: 		void config_mcu(){
;Relogio_Binario.c,148 :: 		ADCON1 = 7;
0x0017	0x3007      	MOVLW      7
0x0018	0x1683      	BSF        STATUS, 5
0x0019	0x1303      	BCF        STATUS, 6
0x001A	0x009F      	MOVWF      ADCON1
;Relogio_Binario.c,149 :: 		TRISA = 0;
0x001B	0x0185      	CLRF       TRISA
;Relogio_Binario.c,150 :: 		PORTA = 0;
0x001C	0x1283      	BCF        STATUS, 5
0x001D	0x0185      	CLRF       PORTA
;Relogio_Binario.c,151 :: 		TRISB = 255;
0x001E	0x30FF      	MOVLW      255
0x001F	0x1683      	BSF        STATUS, 5
0x0020	0x0086      	MOVWF      TRISB
;Relogio_Binario.c,153 :: 		TRISC = 0;
0x0021	0x0187      	CLRF       TRISC
;Relogio_Binario.c,154 :: 		PORTC = 0;
0x0022	0x1283      	BCF        STATUS, 5
0x0023	0x0187      	CLRF       PORTC
;Relogio_Binario.c,155 :: 		TRISD = 0;
0x0024	0x1683      	BSF        STATUS, 5
0x0025	0x0188      	CLRF       TRISD
;Relogio_Binario.c,156 :: 		PORTD = 0;
0x0026	0x1283      	BCF        STATUS, 5
0x0027	0x0188      	CLRF       PORTD
;Relogio_Binario.c,157 :: 		TRISE = 0;
0x0028	0x1683      	BSF        STATUS, 5
0x0029	0x0189      	CLRF       TRISE
;Relogio_Binario.c,158 :: 		PORTE = 0;
0x002A	0x1283      	BCF        STATUS, 5
0x002B	0x0189      	CLRF       PORTE
;Relogio_Binario.c,159 :: 		}
0x002C	0x0008      	RETURN
; end of _config_mcu
___CC2DW:
;__Lib_System.c,24 :: 		
;__Lib_System.c,27 :: 		
_CC2D_Loop1:
;__Lib_System.c,29 :: 		
0x002D	0x2010      	CALL       _____DoICP
0x002E	0x118A      	BCF        PCLATH, 3
0x002F	0x120A      	BCF        PCLATH, 4
;__Lib_System.c,31 :: 		
0x0030	0x0080      	MOVWF      INDF
;__Lib_System.c,32 :: 		
0x0031	0x0A84      	INCF       FSR, 1
;__Lib_System.c,33 :: 		
0x0032	0x0AA3      	INCF       ___DoICPAddr, 1
;__Lib_System.c,35 :: 		
0x0033	0x1903      	BTFSC      STATUS, 2
;__Lib_System.c,36 :: 		
0x0034	0x0AA4      	INCF       ___DoICPAddr+1, 1
;__Lib_System.c,37 :: 		
0x0035	0x03F0      	DECF       R0, 1
;__Lib_System.c,39 :: 		
0x0036	0x1D03      	BTFSS      STATUS, 2
;__Lib_System.c,40 :: 		
0x0037	0x282D      	GOTO       _CC2D_Loop1
;__Lib_System.c,42 :: 		
0x0038	0x0008      	RETURN
; end of ___CC2DW
_Button:
;__Lib_Button.c,6 :: 		
;__Lib_Button.c,8 :: 		
0x0039	0x1283      	BCF        STATUS, 5
0x003A	0x1303      	BCF        STATUS, 6
0x003B	0x01AB      	CLRF       Button_rslt_L0
;__Lib_Button.c,11 :: 		
0x003C	0x0827      	MOVF       FARG_Button_pin, 0
0x003D	0x00F1      	MOVWF      R1
0x003E	0x3001      	MOVLW      1
0x003F	0x00F0      	MOVWF      R0
0x0040	0x0871      	MOVF       R1, 0
L__Button4:
0x0041	0x1903      	BTFSC      STATUS, 2
0x0042	0x2847      	GOTO       L__Button5
0x0043	0x0DF0      	RLF        R0, 1
0x0044	0x1070      	BCF        R0, 0
0x0045	0x3EFF      	ADDLW      255
0x0046	0x2841      	GOTO       L__Button4
L__Button5:
0x0047	0x0870      	MOVF       R0, 0
0x0048	0x00AA      	MOVWF      Button_pMask_L0
;__Lib_Button.c,13 :: 		
0x0049	0x0826      	MOVF       FARG_Button_port, 0
0x004A	0x0084      	MOVWF      FSR
0x004B	0x0870      	MOVF       R0, 0
0x004C	0x0500      	ANDWF      INDF, 0
0x004D	0x00F1      	MOVWF      R1
0x004E	0x0871      	MOVF       R1, 0
0x004F	0x3001      	MOVLW      1
0x0050	0x1D03      	BTFSS      STATUS, 2
0x0051	0x3000      	MOVLW      0
0x0052	0x00F0      	MOVWF      R0
0x0053	0x0829      	MOVF       FARG_Button_active_state, 0
0x0054	0x06F0      	XORWF      R0, 1
0x0055	0x1903      	BTFSC      STATUS, 2
0x0056	0x286F      	GOTO       L_Button0
;__Lib_Button.c,15 :: 		
L_Button1:
0x0057	0x0828      	MOVF       FARG_Button_time_ms, 0
0x0058	0x3C00      	SUBLW      0
0x0059	0x1803      	BTFSC      STATUS, 0
0x005A	0x285F      	GOTO       L_Button2
;__Lib_Button.c,16 :: 		
0x005B	0x2003      	CALL       _Delay_500us
;__Lib_Button.c,17 :: 		
0x005C	0x2003      	CALL       _Delay_500us
;__Lib_Button.c,18 :: 		
0x005D	0x03A8      	DECF       FARG_Button_time_ms, 1
;__Lib_Button.c,19 :: 		
0x005E	0x2857      	GOTO       L_Button1
L_Button2:
;__Lib_Button.c,21 :: 		
0x005F	0x0826      	MOVF       FARG_Button_port, 0
0x0060	0x0084      	MOVWF      FSR
0x0061	0x082A      	MOVF       Button_pMask_L0, 0
0x0062	0x0500      	ANDWF      INDF, 0
0x0063	0x00F1      	MOVWF      R1
0x0064	0x0871      	MOVF       R1, 0
0x0065	0x3001      	MOVLW      1
0x0066	0x1D03      	BTFSS      STATUS, 2
0x0067	0x3000      	MOVLW      0
0x0068	0x00F0      	MOVWF      R0
0x0069	0x0829      	MOVF       FARG_Button_active_state, 0
0x006A	0x06F0      	XORWF      R0, 1
0x006B	0x1903      	BTFSC      STATUS, 2
0x006C	0x286F      	GOTO       L_Button3
;__Lib_Button.c,22 :: 		
0x006D	0x30FF      	MOVLW      255
0x006E	0x00AB      	MOVWF      Button_rslt_L0
L_Button3:
;__Lib_Button.c,23 :: 		
L_Button0:
;__Lib_Button.c,25 :: 		
0x006F	0x082B      	MOVF       Button_rslt_L0, 0
0x0070	0x00F0      	MOVWF      R0
;__Lib_Button.c,26 :: 		
0x0071	0x0008      	RETURN
; end of _Button
_atualiza:
;Relogio_Binario.c,141 :: 		void atualiza(){
;Relogio_Binario.c,142 :: 		PORTA = horas;
0x0072	0x1283      	BCF        STATUS, 5
0x0073	0x1303      	BCF        STATUS, 6
0x0074	0x0825      	MOVF       _horas, 0
0x0075	0x0085      	MOVWF      PORTA
;Relogio_Binario.c,143 :: 		PORTC = minutos;
0x0076	0x0821      	MOVF       _minutos, 0
0x0077	0x0087      	MOVWF      PORTC
;Relogio_Binario.c,144 :: 		PORTD = segundos;
0x0078	0x0822      	MOVF       _segundos, 0
0x0079	0x0088      	MOVWF      PORTD
;Relogio_Binario.c,145 :: 		}
0x007A	0x0008      	RETURN
; end of _atualiza
_main:
0x007B	0x3003      	MOVLW      3
0x007C	0x1283      	BCF        STATUS, 5
0x007D	0x1303      	BCF        STATUS, 6
0x007E	0x00A0      	MOVWF      _ajuste
;Relogio_Binario.c,37 :: 		void main() {
;Relogio_Binario.c,39 :: 		config_mcu();
0x007F	0x2017      	CALL       _config_mcu
;Relogio_Binario.c,41 :: 		horas = 12;
0x0080	0x300C      	MOVLW      12
0x0081	0x00A5      	MOVWF      _horas
;Relogio_Binario.c,42 :: 		minutos = 59;
0x0082	0x303B      	MOVLW      59
0x0083	0x00A1      	MOVWF      _minutos
;Relogio_Binario.c,43 :: 		segundos = 50;
0x0084	0x3032      	MOVLW      50
0x0085	0x00A2      	MOVWF      _segundos
;Relogio_Binario.c,44 :: 		ajuste = 3;
0x0086	0x3003      	MOVLW      3
0x0087	0x00A0      	MOVWF      _ajuste
;Relogio_Binario.c,46 :: 		PORTD = segundos;
0x0088	0x3032      	MOVLW      50
0x0089	0x0088      	MOVWF      PORTD
;Relogio_Binario.c,47 :: 		PORTC = minutos;
0x008A	0x303B      	MOVLW      59
0x008B	0x0087      	MOVWF      PORTC
;Relogio_Binario.c,48 :: 		PORTA = horas;
0x008C	0x300C      	MOVLW      12
0x008D	0x0085      	MOVWF      PORTA
;Relogio_Binario.c,50 :: 		PORTE.RE2 = 0;
0x008E	0x1109      	BCF        PORTE, 2
;Relogio_Binario.c,51 :: 		PORTE.RE1 = 1;
0x008F	0x1489      	BSF        PORTE, 1
;Relogio_Binario.c,53 :: 		while(TRUE){
L_main0:
;Relogio_Binario.c,55 :: 		segundos++;
0x0090	0x0AA2      	INCF       _segundos, 1
;Relogio_Binario.c,57 :: 		if(segundos > 59){
0x0091	0x0822      	MOVF       _segundos, 0
0x0092	0x3C3B      	SUBLW      59
0x0093	0x1803      	BTFSC      STATUS, 0
0x0094	0x2897      	GOTO       L_main2
;Relogio_Binario.c,58 :: 		segundos = 0;
0x0095	0x01A2      	CLRF       _segundos
;Relogio_Binario.c,59 :: 		minutos++;
0x0096	0x0AA1      	INCF       _minutos, 1
;Relogio_Binario.c,60 :: 		}
L_main2:
;Relogio_Binario.c,61 :: 		if(minutos > 59){
0x0097	0x0821      	MOVF       _minutos, 0
0x0098	0x3C3B      	SUBLW      59
0x0099	0x1803      	BTFSC      STATUS, 0
0x009A	0x289E      	GOTO       L_main3
;Relogio_Binario.c,62 :: 		segundos = 0;
0x009B	0x01A2      	CLRF       _segundos
;Relogio_Binario.c,63 :: 		minutos = 0;
0x009C	0x01A1      	CLRF       _minutos
;Relogio_Binario.c,64 :: 		horas++;
0x009D	0x0AA5      	INCF       _horas, 1
;Relogio_Binario.c,65 :: 		}
L_main3:
;Relogio_Binario.c,66 :: 		if(horas > 12){
0x009E	0x0825      	MOVF       _horas, 0
0x009F	0x3C0C      	SUBLW      12
0x00A0	0x1803      	BTFSC      STATUS, 0
0x00A1	0x28AA      	GOTO       L_main4
;Relogio_Binario.c,67 :: 		PORTE.RE2 = ~PORTE.RE2;
0x00A2	0x3004      	MOVLW      4
0x00A3	0x0689      	XORWF      PORTE, 1
;Relogio_Binario.c,68 :: 		PORTE.RE1 = ~PORTE.RE1;
0x00A4	0x3002      	MOVLW      2
0x00A5	0x0689      	XORWF      PORTE, 1
;Relogio_Binario.c,69 :: 		segundos = 0;
0x00A6	0x01A2      	CLRF       _segundos
;Relogio_Binario.c,70 :: 		minutos = 0;
0x00A7	0x01A1      	CLRF       _minutos
;Relogio_Binario.c,71 :: 		horas = 1;
0x00A8	0x3001      	MOVLW      1
0x00A9	0x00A5      	MOVWF      _horas
;Relogio_Binario.c,72 :: 		}
L_main4:
;Relogio_Binario.c,74 :: 		atualiza();
0x00AA	0x2072      	CALL       _atualiza
;Relogio_Binario.c,76 :: 		if(B0){
0x00AB	0x3006      	MOVLW      PORTB
0x00AC	0x00A6      	MOVWF      FARG_Button_port
0x00AD	0x01A7      	CLRF       FARG_Button_pin
0x00AE	0x3032      	MOVLW      50
0x00AF	0x00A8      	MOVWF      FARG_Button_time_ms
0x00B0	0x01A9      	CLRF       FARG_Button_active_state
0x00B1	0x2039      	CALL       _Button
0x00B2	0x0870      	MOVF       R0, 0
0x00B3	0x1903      	BTFSC      STATUS, 2
0x00B4	0x28B7      	GOTO       L_main5
;Relogio_Binario.c,77 :: 		ajuste = 0;
0x00B5	0x01A0      	CLRF       _ajuste
;Relogio_Binario.c,78 :: 		PORTD.RD6 = 1;
0x00B6	0x1708      	BSF        PORTD, 6
;Relogio_Binario.c,79 :: 		}
L_main5:
;Relogio_Binario.c,80 :: 		if(B1){
0x00B7	0x3006      	MOVLW      PORTB
0x00B8	0x00A6      	MOVWF      FARG_Button_port
0x00B9	0x3001      	MOVLW      1
0x00BA	0x00A7      	MOVWF      FARG_Button_pin
0x00BB	0x3032      	MOVLW      50
0x00BC	0x00A8      	MOVWF      FARG_Button_time_ms
0x00BD	0x01A9      	CLRF       FARG_Button_active_state
0x00BE	0x2039      	CALL       _Button
0x00BF	0x0870      	MOVF       R0, 0
0x00C0	0x1903      	BTFSC      STATUS, 2
0x00C1	0x28C5      	GOTO       L_main6
;Relogio_Binario.c,81 :: 		ajuste = 1;
0x00C2	0x3001      	MOVLW      1
0x00C3	0x00A0      	MOVWF      _ajuste
;Relogio_Binario.c,82 :: 		PORTD.RD6 = 1;
0x00C4	0x1708      	BSF        PORTD, 6
;Relogio_Binario.c,83 :: 		}
L_main6:
;Relogio_Binario.c,84 :: 		if(B2){
0x00C5	0x3006      	MOVLW      PORTB
0x00C6	0x00A6      	MOVWF      FARG_Button_port
0x00C7	0x3002      	MOVLW      2
0x00C8	0x00A7      	MOVWF      FARG_Button_pin
0x00C9	0x3032      	MOVLW      50
0x00CA	0x00A8      	MOVWF      FARG_Button_time_ms
0x00CB	0x01A9      	CLRF       FARG_Button_active_state
0x00CC	0x2039      	CALL       _Button
0x00CD	0x0870      	MOVF       R0, 0
0x00CE	0x1903      	BTFSC      STATUS, 2
0x00CF	0x28D3      	GOTO       L_main7
;Relogio_Binario.c,85 :: 		ajuste = 2;
0x00D0	0x3002      	MOVLW      2
0x00D1	0x00A0      	MOVWF      _ajuste
;Relogio_Binario.c,86 :: 		PORTD.RD6 = 1;
0x00D2	0x1708      	BSF        PORTD, 6
;Relogio_Binario.c,87 :: 		}
L_main7:
;Relogio_Binario.c,88 :: 		if(B3){
0x00D3	0x3006      	MOVLW      PORTB
0x00D4	0x00A6      	MOVWF      FARG_Button_port
0x00D5	0x3003      	MOVLW      3
0x00D6	0x00A7      	MOVWF      FARG_Button_pin
0x00D7	0x3032      	MOVLW      50
0x00D8	0x00A8      	MOVWF      FARG_Button_time_ms
0x00D9	0x01A9      	CLRF       FARG_Button_active_state
0x00DA	0x2039      	CALL       _Button
0x00DB	0x0870      	MOVF       R0, 0
0x00DC	0x1903      	BTFSC      STATUS, 2
0x00DD	0x28E1      	GOTO       L_main8
;Relogio_Binario.c,89 :: 		ajuste = 3;
0x00DE	0x3003      	MOVLW      3
0x00DF	0x00A0      	MOVWF      _ajuste
;Relogio_Binario.c,90 :: 		PORTD.RD6 = 0;
0x00E0	0x1308      	BCF        PORTD, 6
;Relogio_Binario.c,91 :: 		}
L_main8:
;Relogio_Binario.c,93 :: 		while(ajuste == 0){ // ajuste minutos
L_main9:
0x00E1	0x0820      	MOVF       _ajuste, 0
0x00E2	0x3A00      	XORLW      0
0x00E3	0x1D03      	BTFSS      STATUS, 2
0x00E4	0x291F      	GOTO       L_main10
;Relogio_Binario.c,94 :: 		PORTD.RD6 = 1;
0x00E5	0x1708      	BSF        PORTD, 6
;Relogio_Binario.c,95 :: 		if(B2){
0x00E6	0x3006      	MOVLW      PORTB
0x00E7	0x00A6      	MOVWF      FARG_Button_port
0x00E8	0x3002      	MOVLW      2
0x00E9	0x00A7      	MOVWF      FARG_Button_pin
0x00EA	0x3032      	MOVLW      50
0x00EB	0x00A8      	MOVWF      FARG_Button_time_ms
0x00EC	0x01A9      	CLRF       FARG_Button_active_state
0x00ED	0x2039      	CALL       _Button
0x00EE	0x0870      	MOVF       R0, 0
0x00EF	0x1903      	BTFSC      STATUS, 2
0x00F0	0x2911      	GOTO       L_main11
;Relogio_Binario.c,96 :: 		delay_ms(200);
0x00F1	0x3003      	MOVLW      3
0x00F2	0x00FB      	MOVWF      R11
0x00F3	0x3008      	MOVLW      8
0x00F4	0x00FC      	MOVWF      R12
0x00F5	0x3077      	MOVLW      119
0x00F6	0x00FD      	MOVWF      R13
L_main12:
0x00F7	0x0BFD      	DECFSZ     R13, 1
0x00F8	0x28F7      	GOTO       L_main12
0x00F9	0x0BFC      	DECFSZ     R12, 1
0x00FA	0x28F7      	GOTO       L_main12
0x00FB	0x0BFB      	DECFSZ     R11, 1
0x00FC	0x28F7      	GOTO       L_main12
;Relogio_Binario.c,97 :: 		minutos++;
0x00FD	0x0AA1      	INCF       _minutos, 1
;Relogio_Binario.c,98 :: 		if(minutos > 59){
0x00FE	0x0821      	MOVF       _minutos, 0
0x00FF	0x3C3B      	SUBLW      59
0x0100	0x1803      	BTFSC      STATUS, 0
0x0101	0x2910      	GOTO       L_main13
;Relogio_Binario.c,99 :: 		minutos = 0;
0x0102	0x01A1      	CLRF       _minutos
;Relogio_Binario.c,100 :: 		horas++;
0x0103	0x0AA5      	INCF       _horas, 1
;Relogio_Binario.c,101 :: 		if(horas > 12){
0x0104	0x0825      	MOVF       _horas, 0
0x0105	0x3C0C      	SUBLW      12
0x0106	0x1803      	BTFSC      STATUS, 0
0x0107	0x290F      	GOTO       L_main14
;Relogio_Binario.c,102 :: 		PORTE.RE2 = ~PORTE.RE2;
0x0108	0x3004      	MOVLW      4
0x0109	0x0689      	XORWF      PORTE, 1
;Relogio_Binario.c,103 :: 		PORTE.RE1 = ~PORTE.RE1;
0x010A	0x3002      	MOVLW      2
0x010B	0x0689      	XORWF      PORTE, 1
;Relogio_Binario.c,104 :: 		horas = 1;
0x010C	0x3001      	MOVLW      1
0x010D	0x00A5      	MOVWF      _horas
;Relogio_Binario.c,105 :: 		atualiza();
0x010E	0x2072      	CALL       _atualiza
;Relogio_Binario.c,106 :: 		}
L_main14:
;Relogio_Binario.c,107 :: 		atualiza();
0x010F	0x2072      	CALL       _atualiza
;Relogio_Binario.c,108 :: 		}
L_main13:
;Relogio_Binario.c,109 :: 		atualiza();
0x0110	0x2072      	CALL       _atualiza
;Relogio_Binario.c,110 :: 		}
L_main11:
;Relogio_Binario.c,111 :: 		if(B3) ajuste = 3;
0x0111	0x3006      	MOVLW      PORTB
0x0112	0x00A6      	MOVWF      FARG_Button_port
0x0113	0x3003      	MOVLW      3
0x0114	0x00A7      	MOVWF      FARG_Button_pin
0x0115	0x3032      	MOVLW      50
0x0116	0x00A8      	MOVWF      FARG_Button_time_ms
0x0117	0x01A9      	CLRF       FARG_Button_active_state
0x0118	0x2039      	CALL       _Button
0x0119	0x0870      	MOVF       R0, 0
0x011A	0x1903      	BTFSC      STATUS, 2
0x011B	0x291E      	GOTO       L_main15
0x011C	0x3003      	MOVLW      3
0x011D	0x00A0      	MOVWF      _ajuste
L_main15:
;Relogio_Binario.c,112 :: 		}
0x011E	0x28E1      	GOTO       L_main9
L_main10:
;Relogio_Binario.c,113 :: 		while(ajuste == 1){ // ajuste horas
L_main16:
0x011F	0x0820      	MOVF       _ajuste, 0
0x0120	0x3A01      	XORLW      1
0x0121	0x1D03      	BTFSS      STATUS, 2
0x0122	0x2957      	GOTO       L_main17
;Relogio_Binario.c,114 :: 		PORTD.RD6 = 1;
0x0123	0x1708      	BSF        PORTD, 6
;Relogio_Binario.c,115 :: 		if(B2){
0x0124	0x3006      	MOVLW      PORTB
0x0125	0x00A6      	MOVWF      FARG_Button_port
0x0126	0x3002      	MOVLW      2
0x0127	0x00A7      	MOVWF      FARG_Button_pin
0x0128	0x3032      	MOVLW      50
0x0129	0x00A8      	MOVWF      FARG_Button_time_ms
0x012A	0x01A9      	CLRF       FARG_Button_active_state
0x012B	0x2039      	CALL       _Button
0x012C	0x0870      	MOVF       R0, 0
0x012D	0x1903      	BTFSC      STATUS, 2
0x012E	0x2948      	GOTO       L_main18
;Relogio_Binario.c,116 :: 		delay_ms(200);
0x012F	0x3003      	MOVLW      3
0x0130	0x00FB      	MOVWF      R11
0x0131	0x3008      	MOVLW      8
0x0132	0x00FC      	MOVWF      R12
0x0133	0x3077      	MOVLW      119
0x0134	0x00FD      	MOVWF      R13
L_main19:
0x0135	0x0BFD      	DECFSZ     R13, 1
0x0136	0x2935      	GOTO       L_main19
0x0137	0x0BFC      	DECFSZ     R12, 1
0x0138	0x2935      	GOTO       L_main19
0x0139	0x0BFB      	DECFSZ     R11, 1
0x013A	0x2935      	GOTO       L_main19
;Relogio_Binario.c,117 :: 		horas++;
0x013B	0x0AA5      	INCF       _horas, 1
;Relogio_Binario.c,118 :: 		if(horas > 12){
0x013C	0x0825      	MOVF       _horas, 0
0x013D	0x3C0C      	SUBLW      12
0x013E	0x1803      	BTFSC      STATUS, 0
0x013F	0x2947      	GOTO       L_main20
;Relogio_Binario.c,119 :: 		PORTE.RE2 = ~PORTE.RE2;
0x0140	0x3004      	MOVLW      4
0x0141	0x0689      	XORWF      PORTE, 1
;Relogio_Binario.c,120 :: 		PORTE.RE1 = ~PORTE.RE1;
0x0142	0x3002      	MOVLW      2
0x0143	0x0689      	XORWF      PORTE, 1
;Relogio_Binario.c,121 :: 		horas = 1;
0x0144	0x3001      	MOVLW      1
0x0145	0x00A5      	MOVWF      _horas
;Relogio_Binario.c,122 :: 		atualiza();
0x0146	0x2072      	CALL       _atualiza
;Relogio_Binario.c,123 :: 		}
L_main20:
;Relogio_Binario.c,124 :: 		atualiza();
0x0147	0x2072      	CALL       _atualiza
;Relogio_Binario.c,125 :: 		}
L_main18:
;Relogio_Binario.c,126 :: 		if(B3){
0x0148	0x3006      	MOVLW      PORTB
0x0149	0x00A6      	MOVWF      FARG_Button_port
0x014A	0x3003      	MOVLW      3
0x014B	0x00A7      	MOVWF      FARG_Button_pin
0x014C	0x3032      	MOVLW      50
0x014D	0x00A8      	MOVWF      FARG_Button_time_ms
0x014E	0x01A9      	CLRF       FARG_Button_active_state
0x014F	0x2039      	CALL       _Button
0x0150	0x0870      	MOVF       R0, 0
0x0151	0x1903      	BTFSC      STATUS, 2
0x0152	0x2956      	GOTO       L_main21
;Relogio_Binario.c,127 :: 		ajuste = 3;
0x0153	0x3003      	MOVLW      3
0x0154	0x00A0      	MOVWF      _ajuste
;Relogio_Binario.c,128 :: 		PORTD.RD6 = 0;
0x0155	0x1308      	BCF        PORTD, 6
;Relogio_Binario.c,129 :: 		}
L_main21:
;Relogio_Binario.c,130 :: 		}
0x0156	0x291F      	GOTO       L_main16
L_main17:
;Relogio_Binario.c,132 :: 		PORTE.RE0 = 1;
0x0157	0x1409      	BSF        PORTE, 0
;Relogio_Binario.c,133 :: 		delay_ms(500);
0x0158	0x3006      	MOVLW      6
0x0159	0x00FB      	MOVWF      R11
0x015A	0x3013      	MOVLW      19
0x015B	0x00FC      	MOVWF      R12
0x015C	0x30AD      	MOVLW      173
0x015D	0x00FD      	MOVWF      R13
L_main22:
0x015E	0x0BFD      	DECFSZ     R13, 1
0x015F	0x295E      	GOTO       L_main22
0x0160	0x0BFC      	DECFSZ     R12, 1
0x0161	0x295E      	GOTO       L_main22
0x0162	0x0BFB      	DECFSZ     R11, 1
0x0163	0x295E      	GOTO       L_main22
0x0164	0x0000      	NOP
0x0165	0x0000      	NOP
;Relogio_Binario.c,134 :: 		PORTE.RE0 = 0;
0x0166	0x1009      	BCF        PORTE, 0
;Relogio_Binario.c,135 :: 		delay_ms(500);
0x0167	0x3006      	MOVLW      6
0x0168	0x00FB      	MOVWF      R11
0x0169	0x3013      	MOVLW      19
0x016A	0x00FC      	MOVWF      R12
0x016B	0x30AD      	MOVLW      173
0x016C	0x00FD      	MOVWF      R13
L_main23:
0x016D	0x0BFD      	DECFSZ     R13, 1
0x016E	0x296D      	GOTO       L_main23
0x016F	0x0BFC      	DECFSZ     R12, 1
0x0170	0x296D      	GOTO       L_main23
0x0171	0x0BFB      	DECFSZ     R11, 1
0x0172	0x296D      	GOTO       L_main23
0x0173	0x0000      	NOP
0x0174	0x0000      	NOP
;Relogio_Binario.c,137 :: 		}
0x0175	0x2890      	GOTO       L_main0
;Relogio_Binario.c,139 :: 		}
0x0176	0x2976      	GOTO       $+0
; end of _main
Symbol List:
//** Routines locations **
//ADDRESS    SIZE    PROCEDURE
//----------------------------------------------
0x0003      [13]    _Delay_500us
0x0010       [7]    _____DoICP
0x0017      [22]    _config_mcu
0x002D      [12]    ___CC2DW
0x0039      [57]    _Button
0x0072       [9]    _atualiza
0x007B     [252]    _main
//** Variables locations ** 
//ADDRESS    SIZE    VARIABLE
//----------------------------------------------
0x0000       [1]    INDF
0x0001       [1]    TMR0
0x0002       [1]    PCL
0x0003       [0]    RP0_bit
0x0003       [1]    STATUS
0x0003       [0]    IRP_bit
0x0003       [0]    RP1_bit
0x0003       [0]    DC_bit
0x0003       [0]    C_bit
0x0003       [0]    NOT_TO_bit
0x0003       [0]    NOT_PD_bit
0x0003       [0]    Z_bit
0x0004       [1]    FSR
0x0004       [1]    FSRPTR
0x0005       [0]    RA0_bit
0x0005       [0]    RA5_bit
0x0005       [0]    RA1_bit
0x0005       [1]    PORTA
0x0005       [0]    RA4_bit
0x0005       [0]    RA3_bit
0x0005       [0]    RA2_bit
0x0006       [0]    RB7_bit
0x0006       [0]    RB6_bit
0x0006       [0]    RB1_bit
0x0006       [1]    PORTB
0x0006       [0]    RB5_bit
0x0006       [0]    RB4_bit
0x0006       [0]    RB2_bit
0x0006       [0]    RB3_bit
0x0006       [0]    RB0_bit
0x0007       [0]    RC0_bit
0x0007       [0]    RC5_bit
0x0007       [0]    RC3_bit
0x0007       [0]    RC2_bit
0x0007       [0]    RC4_bit
0x0007       [0]    RC1_bit
0x0007       [0]    RC6_bit
0x0007       [0]    RC7_bit
0x0007       [1]    PORTC
0x0008       [0]    RD6_bit
0x0008       [0]    RD5_bit
0x0008       [0]    RD3_bit
0x0008       [0]    RD4_bit
0x0008       [0]    RD1_bit
0x0008       [1]    PORTD
0x0008       [0]    RD7_bit
0x0008       [0]    RD0_bit
0x0008       [0]    RD2_bit
0x0009       [0]    RE1_bit
0x0009       [1]    PORTE
0x0009       [0]    RE0_bit
0x0009       [0]    RE2_bit
0x000A       [1]    PCLATH
0x000B       [0]    T0IF_bit
0x000B       [0]    TMR0IF_bit
0x000B       [0]    PEIE_bit
0x000B       [0]    GIE_bit
0x000B       [0]    TMR0IE_bit
0x000B       [0]    INTE_bit
0x000B       [0]    T0IE_bit
0x000B       [0]    RBIE_bit
0x000B       [0]    RBIF_bit
0x000B       [1]    INTCON
0x000B       [0]    INTF_bit
0x000C       [1]    PIR1
0x000C       [0]    TMR1IF_bit
0x000C       [0]    RCIF_bit
0x000C       [0]    TMR2IF_bit
0x000C       [0]    SSPIF_bit
0x000C       [0]    CCP1IF_bit
0x000C       [0]    ADIF_bit
0x000C       [0]    TXIF_bit
0x000C       [0]    PSPIF_bit
0x000D       [1]    PIR2
0x000D       [0]    BCLIF_bit
0x000D       [0]    EEIF_bit
0x000D       [0]    CMIF_bit
0x000D       [0]    CCP2IF_bit
0x000E       [1]    TMR1L
0x000F       [1]    TMR1H
0x0010       [0]    T1CKPS0_bit
0x0010       [0]    TMR1CS_bit
0x0010       [0]    T1SYNC_bit
0x0010       [0]    T1OSCEN_bit
0x0010       [0]    T1CKPS1_bit
0x0010       [0]    T1INSYNC_bit
0x0010       [0]    NOT_T1SYNC_bit
0x0010       [0]    TMR1ON_bit
0x0010       [1]    T1CON
0x0011       [1]    TMR2
0x0012       [0]    TOUTPS3_bit
0x0012       [0]    TOUTPS2_bit
0x0012       [0]    TOUTPS1_bit
0x0012       [0]    T2CKPS0_bit
0x0012       [0]    TOUTPS0_bit
0x0012       [0]    TMR2ON_bit
0x0012       [0]    T2CKPS1_bit
0x0012       [1]    T2CON
0x0013       [1]    SSPBUF
0x0014       [0]    SSPM0_bit
0x0014       [0]    SSPM2_bit
0x0014       [0]    SSPM1_bit
0x0014       [0]    SSPM3_bit
0x0014       [0]    SSPEN_bit
0x0014       [0]    SSPOV_bit
0x0014       [0]    WCOL_bit
0x0014       [0]    CKP_bit
0x0014       [1]    SSPCON
0x0015       [1]    CCPR1L
0x0015       [2]    CCPR1
0x0016       [1]    CCPR1H
0x0017       [0]    CCP1M3_bit
0x0017       [0]    CCP1M2_bit
0x0017       [0]    CCP1M0_bit
0x0017       [0]    CCP1M1_bit
0x0017       [0]    CCP1X_bit
0x0017       [0]    CCP1Y_bit
0x0017       [1]    CCP1CON
0x0018       [0]    NOT_RC8_bit
0x0018       [0]    RC8_9_bit
0x0018       [0]    RC9_bit
0x0018       [0]    SPEN_bit
0x0018       [0]    RX9_bit
0x0018       [0]    SREN_bit
0x0018       [0]    ADDEN_bit
0x0018       [1]    RCSTA
0x0018       [0]    RX9D_bit
0x0018       [0]    OERR_bit
0x0018       [0]    FERR_bit
0x0018       [0]    RCD8_bit
0x0018       [0]    CREN_bit
0x0019       [1]    TXREG
0x001A       [1]    RCREG
0x001B       [1]    CCPR2L
0x001B       [2]    CCPR2
0x001C       [1]    CCPR2H
0x001D       [1]    CCP2CON
0x001D       [0]    CCP2M0_bit
0x001D       [0]    CCP2X_bit
0x001D       [0]    CCP2Y_bit
0x001D       [0]    CCP2M1_bit
0x001D       [0]    CCP2M2_bit
0x001D       [0]    CCP2M3_bit
0x001E       [1]    ADRESH
0x001F       [0]    ADCS0_bit
0x001F       [0]    ADCS1_bit
0x001F       [0]    NOT_DONE_bit
0x001F       [0]    GO_DONE_bit
0x001F       [0]    ADON_bit
0x001F       [0]    GO_bit
0x001F       [0]    CHS2_bit
0x001F       [0]    CHS1_bit
0x001F       [0]    CHS0_bit
0x001F       [1]    ADCON0
0x0020       [1]    _ajuste
0x0021       [1]    _minutos
0x0022       [1]    _segundos
0x0023       [2]    ___DoICPAddr
0x0025       [1]    _horas
0x0026       [1]    FARG_Button_port
0x0027       [1]    FARG_Button_pin
0x0028       [1]    FARG_Button_time_ms
0x0029       [1]    FARG_Button_active_state
0x002A       [1]    Button_pMask_L0
0x002B       [1]    Button_rslt_L0
0x0070       [1]    R0
0x0071       [1]    R1
0x0072       [1]    R2
0x0073       [1]    R3
0x0074       [1]    R4
0x0075       [1]    R5
0x0076       [1]    R6
0x0077       [1]    R7
0x0078       [1]    R8
0x0079       [1]    R9
0x007A       [1]    R10
0x007B       [1]    R11
0x007C       [1]    R12
0x007D       [1]    R13
0x007E       [1]    R14
0x007F       [1]    R15
0x0081       [0]    NOT_RBPU_bit
0x0081       [1]    OPTION_REG
0x0081       [0]    PS2_bit
0x0081       [0]    PSA_bit
0x0081       [0]    PS0_bit
0x0081       [0]    PS1_bit
0x0081       [0]    T0CS_bit
0x0081       [0]    INTEDG_bit
0x0081       [0]    T0SE_bit
0x0085       [0]    TRISA0_bit
0x0085       [0]    TRISA1_bit
0x0085       [0]    TRISA2_bit
0x0085       [0]    TRISA3_bit
0x0085       [1]    TRISA
0x0085       [0]    TRISA5_bit
0x0085       [0]    TRISA4_bit
0x0086       [1]    TRISB
0x0086       [0]    TRISB2_bit
0x0086       [0]    TRISB3_bit
0x0086       [0]    TRISB0_bit
0x0086       [0]    TRISB1_bit
0x0086       [0]    TRISB6_bit
0x0086       [0]    TRISB7_bit
0x0086       [0]    TRISB4_bit
0x0086       [0]    TRISB5_bit
0x0087       [0]    TRISC2_bit
0x0087       [0]    TRISC7_bit
0x0087       [0]    TRISC1_bit
0x0087       [0]    TRISC0_bit
0x0087       [1]    TRISC
0x0087       [0]    TRISC6_bit
0x0087       [0]    TRISC4_bit
0x0087       [0]    TRISC3_bit
0x0087       [0]    TRISC5_bit
0x0088       [0]    TRISD7_bit
0x0088       [1]    TRISD
0x0088       [0]    TRISD6_bit
0x0088       [0]    TRISD5_bit
0x0088       [0]    TRISD4_bit
0x0088       [0]    TRISD2_bit
0x0088       [0]    TRISD0_bit
0x0088       [0]    TRISD1_bit
0x0088       [0]    TRISD3_bit
0x0089       [0]    TRISE1_bit
0x0089       [1]    TRISE
0x0089       [0]    IBOV_bit
0x0089       [0]    TRISE0_bit
0x0089       [0]    PSPMODE_bit
0x0089       [0]    IBOV_TRISE_bit
0x0089       [0]    OBF_TRISE_bit
0x0089       [0]    IBF_TRISE_bit
0x0089       [0]    PSPMODE_TRISE_bit
0x0089       [0]    OBF_bit
0x0089       [0]    IBF_bit
0x0089       [0]    TRISE2_bit
0x008C       [0]    TMR2IE_bit
0x008C       [0]    TMR1IE_bit
0x008C       [1]    PIE1
0x008C       [0]    CCP1IE_bit
0x008C       [0]    ADIE_bit
0x008C       [0]    RCIE_bit
0x008C       [0]    PSPIE_bit
0x008C       [0]    SSPIE_bit
0x008C       [0]    TXIE_bit
0x008D       [1]    PIE2
0x008D       [0]    CMIE_bit
0x008D       [0]    BCLIE_bit
0x008D       [0]    CCP2IE_bit
0x008D       [0]    EEIE_bit
0x008E       [0]    NOT_BO_bit
0x008E       [0]    NOT_POR_bit
0x008E       [0]    NOT_BOR_bit
0x008E       [1]    PCON
0x0091       [0]    RSEN_bit
0x0091       [0]    SEN_bit
0x0091       [0]    RCEN_bit
0x0091       [0]    PEN_bit
0x0091       [0]    ACKDT_bit
0x0091       [0]    ACKEN_bit
0x0091       [0]    GCEN_bit
0x0091       [0]    ACKSTAT_bit
0x0091       [1]    SSPCON2
0x0092       [1]    PR2
0x0093       [1]    SSPADD
0x0094       [0]    I2C_READ_bit
0x0094       [0]    NOT_W_bit
0x0094       [0]    R_bit
0x0094       [0]    S_bit
0x0094       [0]    I2C_START__bit
0x0094       [0]    NOT_WRITE_bit
0x0094       [0]    BF_bit
0x0094       [1]    SSPSTAT
0x0094       [0]    UA_bit
0x0094       [0]    R_W_bit
0x0094       [0]    READ_WRITE_bit
0x0094       [0]    I2C_DATA_bit
0x0094       [0]    NOT_A_bit
0x0094       [0]    D_bit
0x0094       [0]    SMP_bit
0x0094       [0]    CKE_bit
0x0094       [0]    P_bit
0x0094       [0]    I2C_STOP__bit
0x0094       [0]    DATA_ADDRESS_bit
0x0094       [0]    NOT_ADDRESS_bit
0x0094       [0]    D_A_bit
0x0098       [0]    TRMT_bit
0x0098       [0]    BRGH_bit
0x0098       [0]    SYNC_bit
0x0098       [1]    TXSTA
0x0098       [0]    TXD8_bit
0x0098       [0]    TX9D_bit
0x0098       [0]    TXEN_bit
0x0098       [0]    NOT_TX8_bit
0x0098       [0]    TX9_bit
0x0098       [0]    TX8_9_bit
0x0098       [0]    CSRC_bit
0x0099       [1]    SPBRG
0x009C       [0]    C1INV_bit
0x009C       [0]    C2INV_bit
0x009C       [1]    CMCON
0x009C       [0]    CM2_bit
0x009C       [0]    CIS_bit
0x009C       [0]    CM0_bit
0x009C       [0]    C2OUT_bit
0x009C       [0]    CM1_bit
0x009C       [0]    C1OUT_bit
0x009D       [0]    CVREN_bit
0x009D       [0]    CVROE_bit
0x009D       [1]    CVRCON
0x009D       [0]    CVR1_bit
0x009D       [0]    CVR3_bit
0x009D       [0]    CVRR_bit
0x009D       [0]    CVR0_bit
0x009D       [0]    CVR2_bit
0x009E       [1]    ADRESL
0x009F       [0]    ADFM_bit
0x009F       [0]    ADCS2_bit
0x009F       [0]    PCFG3_bit
0x009F       [0]    PCFG2_bit
0x009F       [1]    ADCON1
0x009F       [0]    PCFG0_bit
0x009F       [0]    PCFG1_bit
0x010C       [1]    EEDATA
0x010D       [1]    EEADR
0x010E       [1]    EEDATH
0x010F       [1]    EEADRH
0x018C       [0]    WRERR_bit
0x018C       [0]    WR_bit
0x018C       [0]    WREN_bit
0x018C       [0]    RD_bit
0x018C       [1]    EECON1
0x018C       [0]    EEPGD_bit
0x018D       [1]    EECON2
//** Label List: ** 
//----------------------------------------------
  L_main0
  L_main1
  L_main2
  L_main3
  L_main4
  L_main5
  L_main6
  L_main7
  L_main8
  L_main9
  L_main10
  L_main11
  L_main12
  L_main13
  L_main14
  L_main15
  L_main16
  L_main17
  L_main18
  L_main19
  L_main20
  L_main21
  L_main22
  L_main23
  _main
  _atualiza
  _config_mcu
  L_Button0
  L_Button1
  L_Button2
  L_Button3
  _Button
  L__Button4
  L__Button5
  L_Delay_10us0
  L_Delay_22us1
  L_Delay_50us2
  L_Delay_80us3
  L_Delay_500us4
  L_Delay_5500us5
  L_Delay_1ms6
  L_Delay_5ms7
  L_Delay_8ms8
  L_Delay_100ms9
  L_Delay_1sec10
  L_boot16_Delay_5ms11
  L_Delay_Cyc12
  L_Delay_Cyc13
  L_VDelay_ms14
  L_VDelay_ms15
  L_VDelay_ms16
  L_VDelay_Advanced_ms17
  L_VDelay_Advanced_ms18
  L_VDelay_Advanced_ms19
  _Get_Fosc_kHz
  _Delay_1us
  _Delay_10us
  _Delay_22us
  _Delay_50us
  _Delay_80us
  _Delay_500us
  _Delay_5500us
  _Delay_1ms
  _Delay_5ms
  _Delay_8ms
  _Delay_100ms
  _Delay_1sec
  _boot16_Delay_5ms
  _Delay_Cyc
  _VDelay_ms
  L__VDelay_ms20
  L__VDelay_ms21
  L__VDelay_ms22
  _VDelay_Advanced_ms
  L__VDelay_Advanced_ms23
  L__VDelay_Advanced_ms24
  L__VDelay_Advanced_ms25
  _CC2D_Loop1
  _____DoICP
  _____DoIFC
  ___CC2DW
  _Swap
