
ROM used:   44/2048 (2%)
            44/2048 (2%) including unused fragments

            0.1 Average locations per line
            4.0 Average locations per statement

RAM used:   6/224 (3%) at main() level
            6/224 (3%) worst case

Stack used: 0 worst case (0 in main + 0 for interrupts)
Stack size: 8

Lines Stmts  %   Files
----- ----- ---  -----
   25    11 100  main.c
   11     0   0  main.h
  508     0   0  ..\..\..\..\..\Program Files (x86)\PICC\Devices\16F628A.h
----- -----
  544    11 Total

Page ROM  %  RAM   Vol Diff  Functions:
---- --- --- ---   --- ----  ----------
0     40  91    0   158  3.0  main
 Inline         0             @cinit1

Program metrics:
    Functions               1
    Statements              11
    Comments                92
    Volume (V)              161
    Difficulty (D)          2.8
    Effort to implement (E) 450
    Time to implement (T)   0 minutes
    Est Delivered Bugs (B)  0
    Cyclomatic Complexity   3
    Maintainability (MI)    143

 Segment     Used  Free
-----------  ----  ----
00000-00003     4  0  
00004-007FF    40  2004  



