
ROM used:   460/2048 (22%)
            460/2048 (22%) including unused fragments

            0.7 Average locations per line
            4.3 Average locations per statement

RAM used:   6/224 (3%) at main() level
            7/224 (3%) worst case

Stack used: 0 worst case (0 in main + 0 for interrupts)
Stack size: 8

Lines Stmts  %   Files
----- ----- ---  -----
  152   106 100  aula007.c
  508     0   0  ..\..\..\..\..\..\Program Files (x86)\PICC\devices\16F628A.h
----- -----
  660   106 Total

Page ROM  %  RAM   Vol Diff  Functions:
---- --- --- ---   --- ----  ----------
0     21   5    1             @delay_ms1
0    145  32    1   592  2.4  main
0     19   4    0             @const557
0     20   4    0             @const558
0     18   4    0             @const559
0     23   5    0   197  1.4  inicia_lcd
0      8   2    1    54  1.2  LCD_texto
0      8   2    1    54  1.2  LCD_comando
0     14   3    0    54  1.2  toggle_enable
0    180  39    0  1864  1.5  characteres
 Inline         0             @cinit1

Program metrics:
    Functions               6
    Statements              106
    Comments                92
    Volume (V)              3627
    Difficulty (D)          9.2
    Effort to implement (E) 33511
    Time to implement (T)   31 minutes
    Est Delivered Bugs (B)  0
    Cyclomatic Complexity   1
    Maintainability (MI)    80

 Segment     Used  Free
-----------  ----  ----
00000-00003     4  0  
00004-007FF   456  1588  



