;  LST file generated by mikroListExporter - v.2.0 
; Date/Time: 19/01/2023 10:33:40
;----------------------------------------------

;Address Opcode 	ASM
0x0000	0x2803      	GOTO       3
_main:
;programa_02.c,8 :: 		void main() {
;programa_02.c,10 :: 		ADCON1 = 0b00000111;    // configura pinos de I/O como digital
0x0003	0x3007      	MOVLW      7
0x0004	0x1683      	BSF        STATUS, 5
0x0005	0x1303      	BCF        STATUS, 6
0x0006	0x009F      	MOVWF      ADCON1
;programa_02.c,11 :: 		TRISD = 0b00000000;     // port D como saída
0x0007	0x0188      	CLRF       TRISD
;programa_02.c,12 :: 		PORTD = 0b00000000;     // port D inicia em nível LOW LEDs apagados
0x0008	0x1283      	BCF        STATUS, 5
0x0009	0x0188      	CLRF       PORTD
;programa_02.c,13 :: 		TRISB = 0b00000001;     // port B pino RB0 como entrada digital
0x000A	0x3001      	MOVLW      1
0x000B	0x1683      	BSF        STATUS, 5
0x000C	0x0086      	MOVWF      TRISB
;programa_02.c,14 :: 		PORTB = 0b00000001;     // port B pino RB0 com pull-up
0x000D	0x3001      	MOVLW      1
0x000E	0x1283      	BCF        STATUS, 5
0x000F	0x0086      	MOVWF      PORTB
;programa_02.c,16 :: 		while(1){
L_main0:
;programa_02.c,18 :: 		if(PORTB.RB0 == 0){
0x0010	0x1806      	BTFSC      PORTB, 0
0x0011	0x2814      	GOTO       L_main2
;programa_02.c,19 :: 		PORTD.RD0 = 1;  // liga LED 0
0x0012	0x1408      	BSF        PORTD, 0
;programa_02.c,20 :: 		} else{
0x0013	0x2815      	GOTO       L_main3
L_main2:
;programa_02.c,21 :: 		PORTD.RD0 = 0;  // desliga LED 0
0x0014	0x1008      	BCF        PORTD, 0
;programa_02.c,22 :: 		}
L_main3:
;programa_02.c,24 :: 		}
0x0015	0x2810      	GOTO       L_main0
;programa_02.c,26 :: 		}
L_end_main:
0x0016	0x2816      	GOTO       $+0
; end of _main
Symbol List:
//** Routines locations **
//ADDRESS    SIZE    PROCEDURE
//----------------------------------------------
0x0003      [20]    _main
//** Variables locations ** 
//ADDRESS    SIZE    VARIABLE
//----------------------------------------------
0x0000       [1]    INDF
0x0003       [1]    STATUS
0x0004       [1]    FSR
0x0006       [1]    PORTB
0x0008       [1]    PORTD
0x000A       [1]    PCLATH
0x0020       [2]    ___DoICPAddr
0x0070       [1]    R0
0x0071       [1]    R1
0x0072       [1]    R2
0x0073       [1]    R3
0x0074       [1]    R4
0x0075       [1]    R5
0x0076       [1]    R6
0x0077       [1]    R7
0x0078       [1]    R8
0x0079       [1]    R9
0x007A       [1]    R10
0x007B       [1]    R11
0x007C       [1]    R12
0x007D       [1]    R13
0x007E       [1]    R14
0x007F       [1]    R15
0x0086       [1]    TRISB
0x0088       [1]    TRISD
0x009F       [1]    ADCON1
