MPASM  5.51              ROTINATEMPO3LOOP.ASM   6-4-2023  14:24:49         PAGE  1


LOC  OBJECT CODE     LINE SOURCE TEXT
  VALUE

                      00001                         TITLE "Meu Primeiro Programa em Assember"           ;TÍTULO DO PROGRAMA
                      00002                         LIST P=16F84A                                       ;uC UTILIZADO
                      00003                         #INCLUDE <P16F84A.INC>                              ;BIBLIOTECA
                      00001         LIST
                      00002 
                      00003 ;==========================================================================
                      00004 ;  MPASM PIC16F84A processor include
                      00005 ; 
                      00006 ;  (c) Copyright 1999-2013 Microchip Technology, All rights reserved
                      00007 ;==========================================================================
                      00008 
                      00208         LIST
2007   3FF1           00004                         __CONFIG _XT_OSC & _CP_OFF & _WDT_OFF & _PWRTE_ON   ;FUSE BITS
                      00005                         #DEFINE BANCO_0 BCF STATUS, RP0
                      00006                         #DEFINE BANCO_1 BSF STATUS, RP0
                      00007 
                      00008 ;++++++++++++++++++++++++++++++++++++++++++++++++++++++++++++++++++++++++                       
                      00009                         
0000                  00010                         ORG 0x00               ;VETOR DE INÍCIO
0000   2805           00011                         GOTO INICIO            ;VAI PARA O INÍCIO DO PROGRAMA   
Warning[207]: Found label after column 1. (TEMPO1)
  0000000C            00012                         TEMPO1 EQU 0X0C
Warning[207]: Found label after column 1. (TEMPO2)
  0000000D            00013                         TEMPO2 EQU 0X0D  
Warning[207]: Found label after column 1. (TEMPO3)
  0000000E            00014                         TEMPO3 EQU 0X0E 
                      00015 
0004                  00016                         ORG 0X04               ;VETOR DE RESET
0004   0009           00017                         RETFIE
                      00018 
                      00019 ;++++++++++++++++++++++++++++++++++++++++++++++++++++++++++++++++++++++++
                      00020 
0005                  00021 INICIO
                      00022                         ;BSF STATUS, RP0
                      00023                         ;BANCO_1
0005   1683           00024                         BANKSEL TRISB
                      00025 
                      00026                         ;MOVLW b'00000000'      ;VALOR 0X00
                      00027                         ;MOVWF TRISB            ;CONFIGURA PORT B COMO SAÍDA
Message[302]: Register in operand not in bank 0.  Ensure that bank bits are correct.
0006   0186           00028                         CLRF TRISB
                      00029 
                      00030                         ;BCF STATUS, RP0
                      00031                         ;BANCO_0
0007   1283           00032                         BANKSEL PORTB
                      00033                 
0008                  00034 DENOVO  
Message[305]: Using default destination of 1 (file).
0008   0986           00035                         COMF PORTB             ;INVERTE OS BITS DO PORT B
0009   200A           00036                         CALL DELAY
000A                  00037 DELAY
000A   3098           00038                         MOVLW D'152'
000B   008C           00039                         MOVWF TEMPO1
MPASM  5.51              ROTINATEMPO3LOOP.ASM   6-4-2023  14:24:49         PAGE  2
Meu Primeiro Programa em Assember

LOC  OBJECT CODE     LINE SOURCE TEXT
  VALUE

000C                  00040 M3
000C   3098           00041                         MOVLW D'152'
000D   008D           00042                         MOVWF TEMPO2
000E                  00043 M2
000E   3098           00044                         MOVLW D'152'
000F   008E           00045                         MOVWF TEMPO3
0010                  00046 M1
0010   0000           00047                         NOP
0011   0000           00048                         NOP
0012   0000           00049                         NOP
0013   0000           00050                         NOP
0014   0000           00051                         NOP
                      00052         
Message[305]: Using default destination of 1 (file).
0015   0B8E           00053                         DECFSZ TEMPO3
0016   2810           00054                         GOTO M1
                      00055 
Message[305]: Using default destination of 1 (file).
0017   0B8D           00056                         DECFSZ TEMPO2
0018   280E           00057                         GOTO M2
                      00058 
Message[305]: Using default destination of 1 (file).
0019   0B8C           00059                         DECFSZ TEMPO1
001A   280C           00060                         GOTO M3
                      00061 
001B   2808           00062                         GOTO DENOVO            ;LOOP INFINITO
                      00063 
                      00064                         END
MPASM  5.51              ROTINATEMPO3LOOP.ASM   6-4-2023  14:24:49         PAGE  3
Meu Primeiro Programa em Assember

SYMBOL TABLE
  LABEL                             VALUE 

BANCO_0                           BCF STATUS, RP0
BANCO_1                           BSF STATUS, RP0
C                                 00000000
DC                                00000001
DELAY                             0000000A
DENOVO                            00000008
EEADR                             00000009
EECON1                            00000088
EECON2                            00000089
EEDATA                            00000008
EEIE                              00000006
EEIF                              00000004
F                                 00000001
FSR                               00000004
GIE                               00000007
INDF                              00000000
INICIO                            00000005
INTCON                            0000000B
INTE                              00000004
INTEDG                            00000006
INTF                              00000001
IRP                               00000007
M1                                00000010
M2                                0000000E
M3                                0000000C
NOT_PD                            00000003
NOT_RBPU                          00000007
NOT_TO                            00000004
OPTION_REG                        00000081
PCL                               00000002
PCLATH                            0000000A
PORTA                             00000005
PORTB                             00000006
PS0                               00000000
PS1                               00000001
PS2                               00000002
PSA                               00000003
RA0                               00000000
RA1                               00000001
RA2                               00000002
RA3                               00000003
RA4                               00000004
RB0                               00000000
RB1                               00000001
RB2                               00000002
RB3                               00000003
RB4                               00000004
RB5                               00000005
RB6                               00000006
RB7                               00000007
RBIE                              00000003
RBIF                              00000000
RD                                00000000
MPASM  5.51              ROTINATEMPO3LOOP.ASM   6-4-2023  14:24:49         PAGE  4
Meu Primeiro Programa em Assember

SYMBOL TABLE
  LABEL                             VALUE 

RP0                               00000005
RP1                               00000006
STATUS                            00000003
T0CS                              00000005
T0IE                              00000005
T0IF                              00000002
T0SE                              00000004
TEMPO1                            0000000C
TEMPO2                            0000000D
TEMPO3                            0000000E
TMR0                              00000001
TMR0IE                            00000005
TMR0IF                            00000002
TRISA                             00000085
TRISA0                            00000000
TRISA1                            00000001
TRISA2                            00000002
TRISA3                            00000003
TRISA4                            00000004
TRISB                             00000086
TRISB0                            00000000
TRISB1                            00000001
TRISB2                            00000002
TRISB3                            00000003
TRISB4                            00000004
TRISB5                            00000005
TRISB6                            00000006
TRISB7                            00000007
W                                 00000000
WR                                00000001
WREN                              00000002
WRERR                             00000003
Z                                 00000002
_CONFIG                           00002007
_CP_OFF                           00003FFF
_CP_ON                            0000000F
_DEVID1                           00002006
_FOSC_EXTRC                       00003FFF
_FOSC_HS                          00003FFE
_FOSC_LP                          00003FFC
_FOSC_XT                          00003FFD
_HS_OSC                           00003FFE
_IDLOC0                           00002000
_IDLOC1                           00002001
_IDLOC2                           00002002
_IDLOC3                           00002003
_LP_OSC                           00003FFC
_PWRTE_OFF                        00003FFF
_PWRTE_ON                         00003FF7
_RC_OSC                           00003FFF
_WDTE_OFF                         00003FFB
_WDTE_ON                          00003FFF
_WDT_OFF                          00003FFB
MPASM  5.51              ROTINATEMPO3LOOP.ASM   6-4-2023  14:24:49         PAGE  5
Meu Primeiro Programa em Assember

SYMBOL TABLE
  LABEL                             VALUE 

_WDT_ON                           00003FFF
_XT_OSC                           00003FFD
__16F84A                          00000001
__DEBUG                           1


MEMORY USAGE MAP ('X' = Used,  '-' = Unused)

0000 : X---XXXXXXXXXXXX XXXXXXXXXXXX---- ---------------- ----------------
2000 : -------X-------- ---------------- ---------------- ----------------

All other memory blocks unused.

Program Memory Words Used:    25
Program Memory Words Free:   999


Errors   :     0
Warnings :     3 reported,     0 suppressed
Messages :     5 reported,     0 suppressed

