
ROM used:   425/2048 (21%)
            425/2048 (21%) including unused fragments

            0.4 Average locations per line
            4.4 Average locations per statement

RAM used:   14/224 (6%) at main() level
            24/224 (11%) worst case

Stack used: 0 worst case (0 in main + 0 for interrupts)
Stack size: 8

Lines Stmts  %   Files
----- ----- ---  -----
   40    12  12  main.c
   10     0   0  main.h
  508     0   0  ..\..\..\..\..\Program Files (x86)\PICC\Devices\16F628A.h
  456    84  88  ..\..\..\..\..\Program Files (x86)\PICC\Drivers\lcd.c
----- -----
 1014    96 Total

Page ROM  %  RAM   Vol Diff  Functions:
---- --- --- ---   --- ----  ----------
0     21   5    1             @delay_ms1
0      8   2    0             @const557
 Inline         3   596  5.9  lcd_read_byte
0      6   1    0    59  4.2  lcd_read_nibble
0     12   3    1   179  3.3  lcd_send_nibble
0     64  15    3   460  4.7  lcd_send_byte
0     49  12    2   667  5.9  lcd_init
0     18   4    4   208  6.3  lcd_gotoxy
0     44  10    1   354  4.7  lcd_putc
0     39   9    5   267  6.8  lcd_set_cgram_char
0    100  24    1   328  2.3  MAIN
0     21   5    0             @const592
0     20   5    0             @const593
0     19   4    0             @const594
 Inline         0             @cinit1

Program metrics:
    Functions               9
    Statements              96
    Comments                192
    Volume (V)              4885
    Difficulty (D)          41.9
    Effort to implement (E) 204643
    Time to implement (T)   3 hours, 9 minutes
    Est Delivered Bugs (B)  1
    Cyclomatic Complexity   9
    Maintainability (MI)    138

 Segment     Used  Free
-----------  ----  ----
00000-00003     4  0  
00004-007FF   421  1623  



