;  LST file generated by mikroListExporter - v.2.0 
; Date/Time: 22/01/2023 15:36:33
;----------------------------------------------

;Address Opcode 	ASM
0x0000	0x2A48      	GOTO       584
_Delay_1us:
;__Lib_Delays.c,7 :: 		void Delay_1us() {
;__Lib_Delays.c,8 :: 		Delay_us(1);
0x0003	0x0000      	NOP
0x0004	0x0000      	NOP
;__Lib_Delays.c,9 :: 		}
L_end_Delay_1us:
0x0005	0x0008      	RETURN
; end of _Delay_1us
_Delay_5500us:
;__Lib_Delays.c,31 :: 		void Delay_5500us() {
;__Lib_Delays.c,32 :: 		Delay_us(5500);
0x0006	0x300F      	MOVLW      15
0x0007	0x1283      	BCF        STATUS, 5
0x0008	0x1303      	BCF        STATUS, 6
0x0009	0x00FC      	MOVWF      R12
0x000A	0x3047      	MOVLW      71
0x000B	0x00FD      	MOVWF      R13
L_Delay_5500us5:
0x000C	0x0BFD      	DECFSZ     R13, 1
0x000D	0x280C      	GOTO       L_Delay_5500us5
0x000E	0x0BFC      	DECFSZ     R12, 1
0x000F	0x280C      	GOTO       L_Delay_5500us5
0x0010	0x0000      	NOP
0x0011	0x0000      	NOP
;__Lib_Delays.c,33 :: 		}
L_end_Delay_5500us:
0x0012	0x0008      	RETURN
; end of _Delay_5500us
_Delay_50us:
;__Lib_Delays.c,19 :: 		void Delay_50us() {
;__Lib_Delays.c,20 :: 		Delay_us(50);
0x0013	0x3021      	MOVLW      33
0x0014	0x1283      	BCF        STATUS, 5
0x0015	0x1303      	BCF        STATUS, 6
0x0016	0x00FD      	MOVWF      R13
L_Delay_50us2:
0x0017	0x0BFD      	DECFSZ     R13, 1
0x0018	0x2817      	GOTO       L_Delay_50us2
;__Lib_Delays.c,21 :: 		}
L_end_Delay_50us:
0x0019	0x0008      	RETURN
; end of _Delay_50us
_Lcd_Cmd:
;__Lib_Lcd.c,18 :: 		
;__Lib_Lcd.c,20 :: 		
0x001A	0x1283      	BCF        STATUS, 5
0x001B	0x1303      	BCF        STATUS, 6
0x001C	0x1BBB      	BTFSC      FARG_Lcd_Cmd_out_char, 7
0x001D	0x2820      	GOTO       L__Lcd_Cmd21
0x001E	0x1388      	BCF        LCD_D7, BitPos(LCD_D7+0)
0x001F	0x2821      	GOTO       L__Lcd_Cmd22
L__Lcd_Cmd21:
0x0020	0x1788      	BSF        LCD_D7, BitPos(LCD_D7+0)
L__Lcd_Cmd22:
;__Lib_Lcd.c,21 :: 		
0x0021	0x1B3B      	BTFSC      FARG_Lcd_Cmd_out_char, 6
0x0022	0x2825      	GOTO       L__Lcd_Cmd23
0x0023	0x1308      	BCF        LCD_D6, BitPos(LCD_D6+0)
0x0024	0x2826      	GOTO       L__Lcd_Cmd24
L__Lcd_Cmd23:
0x0025	0x1708      	BSF        LCD_D6, BitPos(LCD_D6+0)
L__Lcd_Cmd24:
;__Lib_Lcd.c,22 :: 		
0x0026	0x1ABB      	BTFSC      FARG_Lcd_Cmd_out_char, 5
0x0027	0x282A      	GOTO       L__Lcd_Cmd25
0x0028	0x1288      	BCF        LCD_D5, BitPos(LCD_D5+0)
0x0029	0x282B      	GOTO       L__Lcd_Cmd26
L__Lcd_Cmd25:
0x002A	0x1688      	BSF        LCD_D5, BitPos(LCD_D5+0)
L__Lcd_Cmd26:
;__Lib_Lcd.c,23 :: 		
0x002B	0x1A3B      	BTFSC      FARG_Lcd_Cmd_out_char, 4
0x002C	0x282F      	GOTO       L__Lcd_Cmd27
0x002D	0x1208      	BCF        LCD_D4, BitPos(LCD_D4+0)
0x002E	0x2830      	GOTO       L__Lcd_Cmd28
L__Lcd_Cmd27:
0x002F	0x1608      	BSF        LCD_D4, BitPos(LCD_D4+0)
L__Lcd_Cmd28:
;__Lib_Lcd.c,25 :: 		
0x0030	0x1833      	BTFSC      __Lib_Lcd_cmd_status, BitPos(__Lib_Lcd_cmd_status+0)
0x0031	0x2834      	GOTO       L__Lcd_Cmd29
0x0032	0x1508      	BSF        LCD_RS, BitPos(LCD_RS+0)
0x0033	0x2835      	GOTO       L__Lcd_Cmd30
L__Lcd_Cmd29:
0x0034	0x1108      	BCF        LCD_RS, BitPos(LCD_RS+0)
L__Lcd_Cmd30:
;__Lib_Lcd.c,28 :: 		
0x0035	0x1588      	BSF        LCD_EN, BitPos(LCD_EN+0)
;__Lib_Lcd.c,29 :: 		
0x0036	0x2003      	CALL       _Delay_1us
;__Lib_Lcd.c,30 :: 		
0x0037	0x1188      	BCF        LCD_EN, BitPos(LCD_EN+0)
;__Lib_Lcd.c,33 :: 		
0x0038	0x19BB      	BTFSC      FARG_Lcd_Cmd_out_char, 3
0x0039	0x283C      	GOTO       L__Lcd_Cmd31
0x003A	0x1388      	BCF        LCD_D7, BitPos(LCD_D7+0)
0x003B	0x283D      	GOTO       L__Lcd_Cmd32
L__Lcd_Cmd31:
0x003C	0x1788      	BSF        LCD_D7, BitPos(LCD_D7+0)
L__Lcd_Cmd32:
;__Lib_Lcd.c,34 :: 		
0x003D	0x193B      	BTFSC      FARG_Lcd_Cmd_out_char, 2
0x003E	0x2841      	GOTO       L__Lcd_Cmd33
0x003F	0x1308      	BCF        LCD_D6, BitPos(LCD_D6+0)
0x0040	0x2842      	GOTO       L__Lcd_Cmd34
L__Lcd_Cmd33:
0x0041	0x1708      	BSF        LCD_D6, BitPos(LCD_D6+0)
L__Lcd_Cmd34:
;__Lib_Lcd.c,35 :: 		
0x0042	0x18BB      	BTFSC      FARG_Lcd_Cmd_out_char, 1
0x0043	0x2846      	GOTO       L__Lcd_Cmd35
0x0044	0x1288      	BCF        LCD_D5, BitPos(LCD_D5+0)
0x0045	0x2847      	GOTO       L__Lcd_Cmd36
L__Lcd_Cmd35:
0x0046	0x1688      	BSF        LCD_D5, BitPos(LCD_D5+0)
L__Lcd_Cmd36:
;__Lib_Lcd.c,36 :: 		
0x0047	0x183B      	BTFSC      FARG_Lcd_Cmd_out_char, 0
0x0048	0x284B      	GOTO       L__Lcd_Cmd37
0x0049	0x1208      	BCF        LCD_D4, BitPos(LCD_D4+0)
0x004A	0x284C      	GOTO       L__Lcd_Cmd38
L__Lcd_Cmd37:
0x004B	0x1608      	BSF        LCD_D4, BitPos(LCD_D4+0)
L__Lcd_Cmd38:
;__Lib_Lcd.c,38 :: 		
0x004C	0x1833      	BTFSC      __Lib_Lcd_cmd_status, BitPos(__Lib_Lcd_cmd_status+0)
0x004D	0x2850      	GOTO       L__Lcd_Cmd39
0x004E	0x1508      	BSF        LCD_RS, BitPos(LCD_RS+0)
0x004F	0x2851      	GOTO       L__Lcd_Cmd40
L__Lcd_Cmd39:
0x0050	0x1108      	BCF        LCD_RS, BitPos(LCD_RS+0)
L__Lcd_Cmd40:
;__Lib_Lcd.c,40 :: 		
0x0051	0x1588      	BSF        LCD_EN, BitPos(LCD_EN+0)
;__Lib_Lcd.c,41 :: 		
0x0052	0x2003      	CALL       _Delay_1us
;__Lib_Lcd.c,42 :: 		
0x0053	0x1188      	BCF        LCD_EN, BitPos(LCD_EN+0)
;__Lib_Lcd.c,44 :: 		
0x0054	0x1C33      	BTFSS      __Lib_Lcd_cmd_status, BitPos(__Lib_Lcd_cmd_status+0)
0x0055	0x2858      	GOTO       L_Lcd_Cmd0
;__Lib_Lcd.c,45 :: 		
0x0056	0x2006      	CALL       _Delay_5500us
0x0057	0x2859      	GOTO       L_Lcd_Cmd1
L_Lcd_Cmd0:
;__Lib_Lcd.c,47 :: 		
0x0058	0x2013      	CALL       _Delay_50us
L_Lcd_Cmd1:
;__Lib_Lcd.c,48 :: 		
L_end_Lcd_Cmd:
0x0059	0x0008      	RETURN
; end of _Lcd_Cmd
_____DoICP:
;__Lib_System.c,6 :: 		
;__Lib_System.c,9 :: 		
0x005A	0x1283      	BCF        STATUS, 5
0x005B	0x1303      	BCF        STATUS, 6
0x005C	0x0832      	MOVF       ___DoICPAddr+1, 0
0x005D	0x008A      	MOVWF      PCLATH
;__Lib_System.c,10 :: 		
0x005E	0x0831      	MOVF       ___DoICPAddr, 0
0x005F	0x0082      	MOVWF      PCL
;__Lib_System.c,12 :: 		
L_end_____DoICP:
0x0060	0x0008      	RETURN
; end of _____DoICP
_Lcd_Chr_CP:
;__Lib_Lcd.c,50 :: 		
;__Lib_Lcd.c,52 :: 		
0x0061	0x1283      	BCF        STATUS, 5
0x0062	0x1303      	BCF        STATUS, 6
0x0063	0x1033      	BCF        __Lib_Lcd_cmd_status, BitPos(__Lib_Lcd_cmd_status+0)
;__Lib_Lcd.c,53 :: 		
0x0064	0x0838      	MOVF       FARG_Lcd_Chr_CP_out_char, 0
0x0065	0x00BB      	MOVWF      FARG_Lcd_Cmd_out_char
0x0066	0x201A      	CALL       _Lcd_Cmd
;__Lib_Lcd.c,54 :: 		
0x0067	0x1433      	BSF        __Lib_Lcd_cmd_status, BitPos(__Lib_Lcd_cmd_status+0)
;__Lib_Lcd.c,55 :: 		
L_end_Lcd_Chr_CP:
0x0068	0x0008      	RETURN
; end of _Lcd_Chr_CP
_Lcd_Chr:
;__Lib_Lcd.c,65 :: 		
;__Lib_Lcd.c,66 :: 		
0x0069	0x287B      	GOTO       L_Lcd_Chr4
;__Lib_Lcd.c,67 :: 		
L_Lcd_Chr6:
0x006A	0x3080      	MOVLW      128
0x006B	0x1283      	BCF        STATUS, 5
0x006C	0x1303      	BCF        STATUS, 6
0x006D	0x00B8      	MOVWF      FARG_Lcd_Chr_row
0x006E	0x288E      	GOTO       L_Lcd_Chr5
;__Lib_Lcd.c,68 :: 		
L_Lcd_Chr7:
0x006F	0x30C0      	MOVLW      192
0x0070	0x00B8      	MOVWF      FARG_Lcd_Chr_row
0x0071	0x288E      	GOTO       L_Lcd_Chr5
;__Lib_Lcd.c,69 :: 		
L_Lcd_Chr8:
0x0072	0x3094      	MOVLW      148
0x0073	0x00B8      	MOVWF      FARG_Lcd_Chr_row
0x0074	0x288E      	GOTO       L_Lcd_Chr5
;__Lib_Lcd.c,70 :: 		
L_Lcd_Chr9:
0x0075	0x30D4      	MOVLW      212
0x0076	0x00B8      	MOVWF      FARG_Lcd_Chr_row
0x0077	0x288E      	GOTO       L_Lcd_Chr5
;__Lib_Lcd.c,71 :: 		
L_Lcd_Chr10:
0x0078	0x3080      	MOVLW      128
0x0079	0x00B8      	MOVWF      FARG_Lcd_Chr_row
;__Lib_Lcd.c,72 :: 		
0x007A	0x288E      	GOTO       L_Lcd_Chr5
L_Lcd_Chr4:
0x007B	0x1283      	BCF        STATUS, 5
0x007C	0x1303      	BCF        STATUS, 6
0x007D	0x0838      	MOVF       FARG_Lcd_Chr_row, 0
0x007E	0x3A01      	XORLW      1
0x007F	0x1903      	BTFSC      STATUS, 2
0x0080	0x286A      	GOTO       L_Lcd_Chr6
0x0081	0x0838      	MOVF       FARG_Lcd_Chr_row, 0
0x0082	0x3A02      	XORLW      2
0x0083	0x1903      	BTFSC      STATUS, 2
0x0084	0x286F      	GOTO       L_Lcd_Chr7
0x0085	0x0838      	MOVF       FARG_Lcd_Chr_row, 0
0x0086	0x3A03      	XORLW      3
0x0087	0x1903      	BTFSC      STATUS, 2
0x0088	0x2872      	GOTO       L_Lcd_Chr8
0x0089	0x0838      	MOVF       FARG_Lcd_Chr_row, 0
0x008A	0x3A04      	XORLW      4
0x008B	0x1903      	BTFSC      STATUS, 2
0x008C	0x2875      	GOTO       L_Lcd_Chr9
0x008D	0x2878      	GOTO       L_Lcd_Chr10
L_Lcd_Chr5:
;__Lib_Lcd.c,74 :: 		
0x008E	0x0339      	DECF       FARG_Lcd_Chr_column, 0
0x008F	0x00F0      	MOVWF      R0
0x0090	0x0838      	MOVF       FARG_Lcd_Chr_row, 0
0x0091	0x07F0      	ADDWF      R0, 1
0x0092	0x0870      	MOVF       R0, 0
0x0093	0x00B8      	MOVWF      FARG_Lcd_Chr_row
;__Lib_Lcd.c,76 :: 		
0x0094	0x1433      	BSF        __Lib_Lcd_cmd_status, BitPos(__Lib_Lcd_cmd_status+0)
;__Lib_Lcd.c,77 :: 		
0x0095	0x0870      	MOVF       R0, 0
0x0096	0x00BB      	MOVWF      FARG_Lcd_Cmd_out_char
0x0097	0x201A      	CALL       _Lcd_Cmd
;__Lib_Lcd.c,79 :: 		
0x0098	0x1033      	BCF        __Lib_Lcd_cmd_status, BitPos(__Lib_Lcd_cmd_status+0)
;__Lib_Lcd.c,80 :: 		
0x0099	0x083A      	MOVF       FARG_Lcd_Chr_out_char, 0
0x009A	0x00BB      	MOVWF      FARG_Lcd_Cmd_out_char
0x009B	0x201A      	CALL       _Lcd_Cmd
;__Lib_Lcd.c,81 :: 		
0x009C	0x1433      	BSF        __Lib_Lcd_cmd_status, BitPos(__Lib_Lcd_cmd_status+0)
;__Lib_Lcd.c,82 :: 		
L_end_Lcd_Chr:
0x009D	0x0008      	RETURN
; end of _Lcd_Chr
_battery0:
;VSaula019.c,50 :: 		void battery0(char pos_row, char pos_char) {
;VSaula019.c,52 :: 		Lcd_Cmd(64);
0x009E	0x3040      	MOVLW      64
0x009F	0x1283      	BCF        STATUS, 5
0x00A0	0x1303      	BCF        STATUS, 6
0x00A1	0x00BB      	MOVWF      FARG_Lcd_Cmd_out_char
0x00A2	0x201A      	CALL       _Lcd_Cmd
;VSaula019.c,53 :: 		for (i = 0; i<=7; i++) Lcd_Chr_CP(batteryEmpty[i]);
0x00A3	0x01B6      	CLRF       battery0_i_L0
L_battery00:
0x00A4	0x0836      	MOVF       battery0_i_L0, 0
0x00A5	0x3C07      	SUBLW      7
0x00A6	0x1C03      	BTFSS      STATUS, 0
0x00A7	0x28BA      	GOTO       L_battery01
0x00A8	0x0836      	MOVF       battery0_i_L0, 0
0x00A9	0x3ED7      	ADDLW      _batteryEmpty
0x00AA	0x00F0      	MOVWF      R0
0x00AB	0x3002      	MOVLW      hi_addr(_batteryEmpty)
0x00AC	0x1803      	BTFSC      STATUS, 0
0x00AD	0x3E01      	ADDLW      1
0x00AE	0x00F1      	MOVWF      R0+1
0x00AF	0x0870      	MOVF       R0, 0
0x00B0	0x00B1      	MOVWF      ___DoICPAddr
0x00B1	0x0871      	MOVF       R0+1, 0
0x00B2	0x00B2      	MOVWF      ___DoICPAddr+1
0x00B3	0x205A      	CALL       _____DoICP
0x00B4	0x118A      	BCF        PCLATH, 3
0x00B5	0x120A      	BCF        PCLATH, 4
0x00B6	0x00B8      	MOVWF      FARG_Lcd_Chr_CP_out_char
0x00B7	0x2061      	CALL       _Lcd_Chr_CP
0x00B8	0x0AB6      	INCF       battery0_i_L0, 1
0x00B9	0x28A4      	GOTO       L_battery00
L_battery01:
;VSaula019.c,54 :: 		Lcd_Cmd(_LCD_RETURN_HOME);
0x00BA	0x3002      	MOVLW      2
0x00BB	0x00BB      	MOVWF      FARG_Lcd_Cmd_out_char
0x00BC	0x201A      	CALL       _Lcd_Cmd
;VSaula019.c,55 :: 		Lcd_Chr(pos_row, pos_char, 0);
0x00BD	0x0834      	MOVF       FARG_battery0_pos_row, 0
0x00BE	0x00B8      	MOVWF      FARG_Lcd_Chr_row
0x00BF	0x0835      	MOVF       FARG_battery0_pos_char, 0
0x00C0	0x00B9      	MOVWF      FARG_Lcd_Chr_column
0x00C1	0x01BA      	CLRF       FARG_Lcd_Chr_out_char
0x00C2	0x2069      	CALL       _Lcd_Chr
;VSaula019.c,56 :: 		}
L_end_battery0:
0x00C3	0x0008      	RETURN
; end of _battery0
_battery1:
;VSaula019.c,60 :: 		void battery1(char pos_row, char pos_char) {
;VSaula019.c,62 :: 		Lcd_Cmd(72);
0x00C4	0x3048      	MOVLW      72
0x00C5	0x1283      	BCF        STATUS, 5
0x00C6	0x1303      	BCF        STATUS, 6
0x00C7	0x00BB      	MOVWF      FARG_Lcd_Cmd_out_char
0x00C8	0x201A      	CALL       _Lcd_Cmd
;VSaula019.c,63 :: 		for (i = 0; i<=7; i++) Lcd_Chr_CP(batteryMedium[i]);
0x00C9	0x01B6      	CLRF       battery1_i_L0
L_battery13:
0x00CA	0x0836      	MOVF       battery1_i_L0, 0
0x00CB	0x3C07      	SUBLW      7
0x00CC	0x1C03      	BTFSS      STATUS, 0
0x00CD	0x28E0      	GOTO       L_battery14
0x00CE	0x0836      	MOVF       battery1_i_L0, 0
0x00CF	0x3EBF      	ADDLW      _batteryMedium
0x00D0	0x00F0      	MOVWF      R0
0x00D1	0x3002      	MOVLW      hi_addr(_batteryMedium)
0x00D2	0x1803      	BTFSC      STATUS, 0
0x00D3	0x3E01      	ADDLW      1
0x00D4	0x00F1      	MOVWF      R0+1
0x00D5	0x0870      	MOVF       R0, 0
0x00D6	0x00B1      	MOVWF      ___DoICPAddr
0x00D7	0x0871      	MOVF       R0+1, 0
0x00D8	0x00B2      	MOVWF      ___DoICPAddr+1
0x00D9	0x205A      	CALL       _____DoICP
0x00DA	0x118A      	BCF        PCLATH, 3
0x00DB	0x120A      	BCF        PCLATH, 4
0x00DC	0x00B8      	MOVWF      FARG_Lcd_Chr_CP_out_char
0x00DD	0x2061      	CALL       _Lcd_Chr_CP
0x00DE	0x0AB6      	INCF       battery1_i_L0, 1
0x00DF	0x28CA      	GOTO       L_battery13
L_battery14:
;VSaula019.c,64 :: 		Lcd_Cmd(_LCD_RETURN_HOME);
0x00E0	0x3002      	MOVLW      2
0x00E1	0x00BB      	MOVWF      FARG_Lcd_Cmd_out_char
0x00E2	0x201A      	CALL       _Lcd_Cmd
;VSaula019.c,65 :: 		Lcd_Chr(pos_row, pos_char, 1);
0x00E3	0x0834      	MOVF       FARG_battery1_pos_row, 0
0x00E4	0x00B8      	MOVWF      FARG_Lcd_Chr_row
0x00E5	0x0835      	MOVF       FARG_battery1_pos_char, 0
0x00E6	0x00B9      	MOVWF      FARG_Lcd_Chr_column
0x00E7	0x3001      	MOVLW      1
0x00E8	0x00BA      	MOVWF      FARG_Lcd_Chr_out_char
0x00E9	0x2069      	CALL       _Lcd_Chr
;VSaula019.c,66 :: 		}
L_end_battery1:
0x00EA	0x0008      	RETURN
; end of _battery1
_emoticon2:
;VSaula019.c,109 :: 		void emoticon2(char pos_row, char pos_char) {
;VSaula019.c,111 :: 		Lcd_Cmd(112);
0x00EB	0x3070      	MOVLW      112
0x00EC	0x1283      	BCF        STATUS, 5
0x00ED	0x1303      	BCF        STATUS, 6
0x00EE	0x00BB      	MOVWF      FARG_Lcd_Cmd_out_char
0x00EF	0x201A      	CALL       _Lcd_Cmd
;VSaula019.c,112 :: 		for (i = 0; i<=7; i++) Lcd_Chr_CP(smille2[i]);
0x00F0	0x01B6      	CLRF       emoticon2_i_L0
L_emoticon218:
0x00F1	0x0836      	MOVF       emoticon2_i_L0, 0
0x00F2	0x3C07      	SUBLW      7
0x00F3	0x1C03      	BTFSS      STATUS, 0
0x00F4	0x2907      	GOTO       L_emoticon219
0x00F5	0x0836      	MOVF       emoticon2_i_L0, 0
0x00F6	0x3EB7      	ADDLW      _smille2
0x00F7	0x00F0      	MOVWF      R0
0x00F8	0x3002      	MOVLW      hi_addr(_smille2)
0x00F9	0x1803      	BTFSC      STATUS, 0
0x00FA	0x3E01      	ADDLW      1
0x00FB	0x00F1      	MOVWF      R0+1
0x00FC	0x0870      	MOVF       R0, 0
0x00FD	0x00B1      	MOVWF      ___DoICPAddr
0x00FE	0x0871      	MOVF       R0+1, 0
0x00FF	0x00B2      	MOVWF      ___DoICPAddr+1
0x0100	0x205A      	CALL       _____DoICP
0x0101	0x118A      	BCF        PCLATH, 3
0x0102	0x120A      	BCF        PCLATH, 4
0x0103	0x00B8      	MOVWF      FARG_Lcd_Chr_CP_out_char
0x0104	0x2061      	CALL       _Lcd_Chr_CP
0x0105	0x0AB6      	INCF       emoticon2_i_L0, 1
0x0106	0x28F1      	GOTO       L_emoticon218
L_emoticon219:
;VSaula019.c,113 :: 		Lcd_Cmd(_LCD_RETURN_HOME);
0x0107	0x3002      	MOVLW      2
0x0108	0x00BB      	MOVWF      FARG_Lcd_Cmd_out_char
0x0109	0x201A      	CALL       _Lcd_Cmd
;VSaula019.c,114 :: 		Lcd_Chr(pos_row, pos_char, 6);
0x010A	0x0834      	MOVF       FARG_emoticon2_pos_row, 0
0x010B	0x00B8      	MOVWF      FARG_Lcd_Chr_row
0x010C	0x0835      	MOVF       FARG_emoticon2_pos_char, 0
0x010D	0x00B9      	MOVWF      FARG_Lcd_Chr_column
0x010E	0x3006      	MOVLW      6
0x010F	0x00BA      	MOVWF      FARG_Lcd_Chr_out_char
0x0110	0x2069      	CALL       _Lcd_Chr
;VSaula019.c,115 :: 		}
L_end_emoticon2:
0x0111	0x0008      	RETURN
; end of _emoticon2
_heart1:
;VSaula019.c,89 :: 		void heart1(char pos_row, char pos_char) {
;VSaula019.c,91 :: 		Lcd_Cmd(96);
0x0112	0x3060      	MOVLW      96
0x0113	0x1283      	BCF        STATUS, 5
0x0114	0x1303      	BCF        STATUS, 6
0x0115	0x00BB      	MOVWF      FARG_Lcd_Cmd_out_char
0x0116	0x201A      	CALL       _Lcd_Cmd
;VSaula019.c,92 :: 		for (i = 0; i<=7; i++) Lcd_Chr_CP(heart[i]);
0x0117	0x01B6      	CLRF       heart1_i_L0
L_heart112:
0x0118	0x0836      	MOVF       heart1_i_L0, 0
0x0119	0x3C07      	SUBLW      7
0x011A	0x1C03      	BTFSS      STATUS, 0
0x011B	0x292E      	GOTO       L_heart113
0x011C	0x0836      	MOVF       heart1_i_L0, 0
0x011D	0x3EAF      	ADDLW      _heart
0x011E	0x00F0      	MOVWF      R0
0x011F	0x3002      	MOVLW      hi_addr(_heart)
0x0120	0x1803      	BTFSC      STATUS, 0
0x0121	0x3E01      	ADDLW      1
0x0122	0x00F1      	MOVWF      R0+1
0x0123	0x0870      	MOVF       R0, 0
0x0124	0x00B1      	MOVWF      ___DoICPAddr
0x0125	0x0871      	MOVF       R0+1, 0
0x0126	0x00B2      	MOVWF      ___DoICPAddr+1
0x0127	0x205A      	CALL       _____DoICP
0x0128	0x118A      	BCF        PCLATH, 3
0x0129	0x120A      	BCF        PCLATH, 4
0x012A	0x00B8      	MOVWF      FARG_Lcd_Chr_CP_out_char
0x012B	0x2061      	CALL       _Lcd_Chr_CP
0x012C	0x0AB6      	INCF       heart1_i_L0, 1
0x012D	0x2918      	GOTO       L_heart112
L_heart113:
;VSaula019.c,93 :: 		Lcd_Cmd(_LCD_RETURN_HOME);
0x012E	0x3002      	MOVLW      2
0x012F	0x00BB      	MOVWF      FARG_Lcd_Cmd_out_char
0x0130	0x201A      	CALL       _Lcd_Cmd
;VSaula019.c,94 :: 		Lcd_Chr(pos_row, pos_char, 4);
0x0131	0x0834      	MOVF       FARG_heart1_pos_row, 0
0x0132	0x00B8      	MOVWF      FARG_Lcd_Chr_row
0x0133	0x0835      	MOVF       FARG_heart1_pos_char, 0
0x0134	0x00B9      	MOVWF      FARG_Lcd_Chr_column
0x0135	0x3004      	MOVLW      4
0x0136	0x00BA      	MOVWF      FARG_Lcd_Chr_out_char
0x0137	0x2069      	CALL       _Lcd_Chr
;VSaula019.c,95 :: 		}
L_end_heart1:
0x0138	0x0008      	RETURN
; end of _heart1
_Lcd_Init:
;__Lib_Lcd.c,84 :: 		
;__Lib_Lcd.c,86 :: 		
0x0139	0x1683      	BSF        STATUS, 5
0x013A	0x1303      	BCF        STATUS, 6
0x013B	0x1188      	BCF        LCD_EN_Direction, BitPos(LCD_EN_Direction+0)
;__Lib_Lcd.c,87 :: 		
0x013C	0x1108      	BCF        LCD_RS_Direction, BitPos(LCD_RS_Direction+0)
;__Lib_Lcd.c,88 :: 		
0x013D	0x1208      	BCF        LCD_D4_Direction, BitPos(LCD_D4_Direction+0)
;__Lib_Lcd.c,89 :: 		
0x013E	0x1288      	BCF        LCD_D5_Direction, BitPos(LCD_D5_Direction+0)
;__Lib_Lcd.c,90 :: 		
0x013F	0x1308      	BCF        LCD_D6_Direction, BitPos(LCD_D6_Direction+0)
;__Lib_Lcd.c,91 :: 		
0x0140	0x1388      	BCF        LCD_D7_Direction, BitPos(LCD_D7_Direction+0)
;__Lib_Lcd.c,93 :: 		
0x0141	0x1283      	BCF        STATUS, 5
0x0142	0x1188      	BCF        LCD_EN, BitPos(LCD_EN+0)
;__Lib_Lcd.c,94 :: 		
0x0143	0x1108      	BCF        LCD_RS, BitPos(LCD_RS+0)
;__Lib_Lcd.c,95 :: 		
0x0144	0x1388      	BCF        LCD_D7, BitPos(LCD_D7+0)
;__Lib_Lcd.c,96 :: 		
0x0145	0x1308      	BCF        LCD_D6, BitPos(LCD_D6+0)
;__Lib_Lcd.c,97 :: 		
0x0146	0x1288      	BCF        LCD_D5, BitPos(LCD_D5+0)
;__Lib_Lcd.c,98 :: 		
0x0147	0x1208      	BCF        LCD_D4, BitPos(LCD_D4+0)
;__Lib_Lcd.c,100 :: 		
0x0148	0x2006      	CALL       _Delay_5500us
;__Lib_Lcd.c,101 :: 		
0x0149	0x2006      	CALL       _Delay_5500us
;__Lib_Lcd.c,102 :: 		
0x014A	0x2006      	CALL       _Delay_5500us
;__Lib_Lcd.c,105 :: 		
0x014B	0x1688      	BSF        LCD_D5, BitPos(LCD_D5+0)
;__Lib_Lcd.c,106 :: 		
0x014C	0x1608      	BSF        LCD_D4, BitPos(LCD_D4+0)
;__Lib_Lcd.c,107 :: 		
0x014D	0x1588      	BSF        LCD_EN, BitPos(LCD_EN+0)
;__Lib_Lcd.c,108 :: 		
0x014E	0x2003      	CALL       _Delay_1us
;__Lib_Lcd.c,109 :: 		
0x014F	0x1188      	BCF        LCD_EN, BitPos(LCD_EN+0)
;__Lib_Lcd.c,110 :: 		
0x0150	0x2006      	CALL       _Delay_5500us
;__Lib_Lcd.c,112 :: 		
0x0151	0x1588      	BSF        LCD_EN, BitPos(LCD_EN+0)
;__Lib_Lcd.c,113 :: 		
0x0152	0x2003      	CALL       _Delay_1us
;__Lib_Lcd.c,114 :: 		
0x0153	0x1188      	BCF        LCD_EN, BitPos(LCD_EN+0)
;__Lib_Lcd.c,115 :: 		
0x0154	0x2006      	CALL       _Delay_5500us
;__Lib_Lcd.c,117 :: 		
0x0155	0x1588      	BSF        LCD_EN, BitPos(LCD_EN+0)
;__Lib_Lcd.c,118 :: 		
0x0156	0x2003      	CALL       _Delay_1us
;__Lib_Lcd.c,119 :: 		
0x0157	0x1188      	BCF        LCD_EN, BitPos(LCD_EN+0)
;__Lib_Lcd.c,120 :: 		
0x0158	0x2006      	CALL       _Delay_5500us
;__Lib_Lcd.c,123 :: 		
0x0159	0x1208      	BCF        LCD_D4, BitPos(LCD_D4+0)
;__Lib_Lcd.c,124 :: 		
0x015A	0x1588      	BSF        LCD_EN, BitPos(LCD_EN+0)
;__Lib_Lcd.c,125 :: 		
0x015B	0x2003      	CALL       _Delay_1us
;__Lib_Lcd.c,126 :: 		
0x015C	0x1188      	BCF        LCD_EN, BitPos(LCD_EN+0)
;__Lib_Lcd.c,127 :: 		
0x015D	0x2006      	CALL       _Delay_5500us
;__Lib_Lcd.c,130 :: 		
0x015E	0x1588      	BSF        LCD_EN, BitPos(LCD_EN+0)
;__Lib_Lcd.c,131 :: 		
0x015F	0x2003      	CALL       _Delay_1us
;__Lib_Lcd.c,132 :: 		
0x0160	0x1188      	BCF        LCD_EN, BitPos(LCD_EN+0)
;__Lib_Lcd.c,134 :: 		
0x0161	0x1288      	BCF        LCD_D5, BitPos(LCD_D5+0)
;__Lib_Lcd.c,135 :: 		
0x0162	0x1788      	BSF        LCD_D7, BitPos(LCD_D7+0)
;__Lib_Lcd.c,136 :: 		
0x0163	0x1588      	BSF        LCD_EN, BitPos(LCD_EN+0)
;__Lib_Lcd.c,137 :: 		
0x0164	0x2003      	CALL       _Delay_1us
;__Lib_Lcd.c,138 :: 		
0x0165	0x1188      	BCF        LCD_EN, BitPos(LCD_EN+0)
;__Lib_Lcd.c,139 :: 		
0x0166	0x2006      	CALL       _Delay_5500us
;__Lib_Lcd.c,142 :: 		
0x0167	0x1388      	BCF        LCD_D7, BitPos(LCD_D7+0)
;__Lib_Lcd.c,143 :: 		
0x0168	0x1608      	BSF        LCD_D4, BitPos(LCD_D4+0)
;__Lib_Lcd.c,144 :: 		
0x0169	0x1588      	BSF        LCD_EN, BitPos(LCD_EN+0)
;__Lib_Lcd.c,145 :: 		
0x016A	0x2003      	CALL       _Delay_1us
;__Lib_Lcd.c,146 :: 		
0x016B	0x1188      	BCF        LCD_EN, BitPos(LCD_EN+0)
;__Lib_Lcd.c,148 :: 		
0x016C	0x1208      	BCF        LCD_D4, BitPos(LCD_D4+0)
;__Lib_Lcd.c,149 :: 		
0x016D	0x1588      	BSF        LCD_EN, BitPos(LCD_EN+0)
;__Lib_Lcd.c,150 :: 		
0x016E	0x2003      	CALL       _Delay_1us
;__Lib_Lcd.c,151 :: 		
0x016F	0x1188      	BCF        LCD_EN, BitPos(LCD_EN+0)
;__Lib_Lcd.c,152 :: 		
0x0170	0x2006      	CALL       _Delay_5500us
;__Lib_Lcd.c,155 :: 		
0x0171	0x1588      	BSF        LCD_EN, BitPos(LCD_EN+0)
;__Lib_Lcd.c,156 :: 		
0x0172	0x2003      	CALL       _Delay_1us
;__Lib_Lcd.c,157 :: 		
0x0173	0x1188      	BCF        LCD_EN, BitPos(LCD_EN+0)
;__Lib_Lcd.c,159 :: 		
0x0174	0x1608      	BSF        LCD_D4, BitPos(LCD_D4+0)
;__Lib_Lcd.c,160 :: 		
0x0175	0x1588      	BSF        LCD_EN, BitPos(LCD_EN+0)
;__Lib_Lcd.c,161 :: 		
0x0176	0x2003      	CALL       _Delay_1us
;__Lib_Lcd.c,162 :: 		
0x0177	0x1188      	BCF        LCD_EN, BitPos(LCD_EN+0)
;__Lib_Lcd.c,163 :: 		
0x0178	0x2006      	CALL       _Delay_5500us
;__Lib_Lcd.c,166 :: 		
0x0179	0x1208      	BCF        LCD_D4, BitPos(LCD_D4+0)
;__Lib_Lcd.c,167 :: 		
0x017A	0x1588      	BSF        LCD_EN, BitPos(LCD_EN+0)
;__Lib_Lcd.c,168 :: 		
0x017B	0x2003      	CALL       _Delay_1us
;__Lib_Lcd.c,169 :: 		
0x017C	0x1188      	BCF        LCD_EN, BitPos(LCD_EN+0)
;__Lib_Lcd.c,171 :: 		
0x017D	0x1788      	BSF        LCD_D7, BitPos(LCD_D7+0)
;__Lib_Lcd.c,172 :: 		
0x017E	0x1708      	BSF        LCD_D6, BitPos(LCD_D6+0)
;__Lib_Lcd.c,173 :: 		
0x017F	0x1688      	BSF        LCD_D5, BitPos(LCD_D5+0)
;__Lib_Lcd.c,174 :: 		
0x0180	0x1608      	BSF        LCD_D4, BitPos(LCD_D4+0)
;__Lib_Lcd.c,175 :: 		
0x0181	0x1588      	BSF        LCD_EN, BitPos(LCD_EN+0)
;__Lib_Lcd.c,176 :: 		
0x0182	0x2003      	CALL       _Delay_1us
;__Lib_Lcd.c,177 :: 		
0x0183	0x1188      	BCF        LCD_EN, BitPos(LCD_EN+0)
;__Lib_Lcd.c,179 :: 		
0x0184	0x2006      	CALL       _Delay_5500us
;__Lib_Lcd.c,181 :: 		
0x0185	0x1433      	BSF        __Lib_Lcd_cmd_status, BitPos(__Lib_Lcd_cmd_status+0)
;__Lib_Lcd.c,182 :: 		
L_end_Lcd_Init:
0x0186	0x0008      	RETURN
; end of _Lcd_Init
_emoticon1:
;VSaula019.c,79 :: 		void emoticon1(char pos_row, char pos_char) {
;VSaula019.c,81 :: 		Lcd_Cmd(88);
0x0187	0x3058      	MOVLW      88
0x0188	0x1283      	BCF        STATUS, 5
0x0189	0x1303      	BCF        STATUS, 6
0x018A	0x00BB      	MOVWF      FARG_Lcd_Cmd_out_char
0x018B	0x201A      	CALL       _Lcd_Cmd
;VSaula019.c,82 :: 		for (i = 0; i<=7; i++) Lcd_Chr_CP(smille[i]);
0x018C	0x01B6      	CLRF       emoticon1_i_L0
L_emoticon19:
0x018D	0x0836      	MOVF       emoticon1_i_L0, 0
0x018E	0x3C07      	SUBLW      7
0x018F	0x1C03      	BTFSS      STATUS, 0
0x0190	0x29A3      	GOTO       L_emoticon110
0x0191	0x0836      	MOVF       emoticon1_i_L0, 0
0x0192	0x3ECF      	ADDLW      _smille
0x0193	0x00F0      	MOVWF      R0
0x0194	0x3002      	MOVLW      hi_addr(_smille)
0x0195	0x1803      	BTFSC      STATUS, 0
0x0196	0x3E01      	ADDLW      1
0x0197	0x00F1      	MOVWF      R0+1
0x0198	0x0870      	MOVF       R0, 0
0x0199	0x00B1      	MOVWF      ___DoICPAddr
0x019A	0x0871      	MOVF       R0+1, 0
0x019B	0x00B2      	MOVWF      ___DoICPAddr+1
0x019C	0x205A      	CALL       _____DoICP
0x019D	0x118A      	BCF        PCLATH, 3
0x019E	0x120A      	BCF        PCLATH, 4
0x019F	0x00B8      	MOVWF      FARG_Lcd_Chr_CP_out_char
0x01A0	0x2061      	CALL       _Lcd_Chr_CP
0x01A1	0x0AB6      	INCF       emoticon1_i_L0, 1
0x01A2	0x298D      	GOTO       L_emoticon19
L_emoticon110:
;VSaula019.c,83 :: 		Lcd_Cmd(_LCD_RETURN_HOME);
0x01A3	0x3002      	MOVLW      2
0x01A4	0x00BB      	MOVWF      FARG_Lcd_Cmd_out_char
0x01A5	0x201A      	CALL       _Lcd_Cmd
;VSaula019.c,84 :: 		Lcd_Chr(pos_row, pos_char, 3);
0x01A6	0x0834      	MOVF       FARG_emoticon1_pos_row, 0
0x01A7	0x00B8      	MOVWF      FARG_Lcd_Chr_row
0x01A8	0x0835      	MOVF       FARG_emoticon1_pos_char, 0
0x01A9	0x00B9      	MOVWF      FARG_Lcd_Chr_column
0x01AA	0x3003      	MOVLW      3
0x01AB	0x00BA      	MOVWF      FARG_Lcd_Chr_out_char
0x01AC	0x2069      	CALL       _Lcd_Chr
;VSaula019.c,85 :: 		}
L_end_emoticon1:
0x01AD	0x0008      	RETURN
; end of _emoticon1
_battery2:
;VSaula019.c,69 :: 		void battery2(char pos_row, char pos_char) {
;VSaula019.c,71 :: 		Lcd_Cmd(80);
0x01AE	0x3050      	MOVLW      80
0x01AF	0x1283      	BCF        STATUS, 5
0x01B0	0x1303      	BCF        STATUS, 6
0x01B1	0x00BB      	MOVWF      FARG_Lcd_Cmd_out_char
0x01B2	0x201A      	CALL       _Lcd_Cmd
;VSaula019.c,72 :: 		for (i = 0; i<=7; i++) Lcd_Chr_CP(batteryFull[i]);
0x01B3	0x01B6      	CLRF       battery2_i_L0
L_battery26:
0x01B4	0x0836      	MOVF       battery2_i_L0, 0
0x01B5	0x3C07      	SUBLW      7
0x01B6	0x1C03      	BTFSS      STATUS, 0
0x01B7	0x29CA      	GOTO       L_battery27
0x01B8	0x0836      	MOVF       battery2_i_L0, 0
0x01B9	0x3EC7      	ADDLW      _batteryFull
0x01BA	0x00F0      	MOVWF      R0
0x01BB	0x3002      	MOVLW      hi_addr(_batteryFull)
0x01BC	0x1803      	BTFSC      STATUS, 0
0x01BD	0x3E01      	ADDLW      1
0x01BE	0x00F1      	MOVWF      R0+1
0x01BF	0x0870      	MOVF       R0, 0
0x01C0	0x00B1      	MOVWF      ___DoICPAddr
0x01C1	0x0871      	MOVF       R0+1, 0
0x01C2	0x00B2      	MOVWF      ___DoICPAddr+1
0x01C3	0x205A      	CALL       _____DoICP
0x01C4	0x118A      	BCF        PCLATH, 3
0x01C5	0x120A      	BCF        PCLATH, 4
0x01C6	0x00B8      	MOVWF      FARG_Lcd_Chr_CP_out_char
0x01C7	0x2061      	CALL       _Lcd_Chr_CP
0x01C8	0x0AB6      	INCF       battery2_i_L0, 1
0x01C9	0x29B4      	GOTO       L_battery26
L_battery27:
;VSaula019.c,73 :: 		Lcd_Cmd(_LCD_RETURN_HOME);
0x01CA	0x3002      	MOVLW      2
0x01CB	0x00BB      	MOVWF      FARG_Lcd_Cmd_out_char
0x01CC	0x201A      	CALL       _Lcd_Cmd
;VSaula019.c,74 :: 		Lcd_Chr(pos_row, pos_char, 2);
0x01CD	0x0834      	MOVF       FARG_battery2_pos_row, 0
0x01CE	0x00B8      	MOVWF      FARG_Lcd_Chr_row
0x01CF	0x0835      	MOVF       FARG_battery2_pos_char, 0
0x01D0	0x00B9      	MOVWF      FARG_Lcd_Chr_column
0x01D1	0x3002      	MOVLW      2
0x01D2	0x00BA      	MOVWF      FARG_Lcd_Chr_out_char
0x01D3	0x2069      	CALL       _Lcd_Chr
;VSaula019.c,75 :: 		}
L_end_battery2:
0x01D4	0x0008      	RETURN
; end of _battery2
_Lcd_Out:
;__Lib_Lcd.c,184 :: 		
;__Lib_Lcd.c,187 :: 		
0x01D5	0x29E7      	GOTO       L_Lcd_Out11
;__Lib_Lcd.c,188 :: 		
L_Lcd_Out13:
0x01D6	0x3080      	MOVLW      128
0x01D7	0x1283      	BCF        STATUS, 5
0x01D8	0x1303      	BCF        STATUS, 6
0x01D9	0x00B4      	MOVWF      FARG_Lcd_Out_row
0x01DA	0x29FA      	GOTO       L_Lcd_Out12
;__Lib_Lcd.c,189 :: 		
L_Lcd_Out14:
0x01DB	0x30C0      	MOVLW      192
0x01DC	0x00B4      	MOVWF      FARG_Lcd_Out_row
0x01DD	0x29FA      	GOTO       L_Lcd_Out12
;__Lib_Lcd.c,190 :: 		
L_Lcd_Out15:
0x01DE	0x3094      	MOVLW      148
0x01DF	0x00B4      	MOVWF      FARG_Lcd_Out_row
0x01E0	0x29FA      	GOTO       L_Lcd_Out12
;__Lib_Lcd.c,191 :: 		
L_Lcd_Out16:
0x01E1	0x30D4      	MOVLW      212
0x01E2	0x00B4      	MOVWF      FARG_Lcd_Out_row
0x01E3	0x29FA      	GOTO       L_Lcd_Out12
;__Lib_Lcd.c,192 :: 		
L_Lcd_Out17:
0x01E4	0x3080      	MOVLW      128
0x01E5	0x00B4      	MOVWF      FARG_Lcd_Out_row
;__Lib_Lcd.c,193 :: 		
0x01E6	0x29FA      	GOTO       L_Lcd_Out12
L_Lcd_Out11:
0x01E7	0x1283      	BCF        STATUS, 5
0x01E8	0x1303      	BCF        STATUS, 6
0x01E9	0x0834      	MOVF       FARG_Lcd_Out_row, 0
0x01EA	0x3A01      	XORLW      1
0x01EB	0x1903      	BTFSC      STATUS, 2
0x01EC	0x29D6      	GOTO       L_Lcd_Out13
0x01ED	0x0834      	MOVF       FARG_Lcd_Out_row, 0
0x01EE	0x3A02      	XORLW      2
0x01EF	0x1903      	BTFSC      STATUS, 2
0x01F0	0x29DB      	GOTO       L_Lcd_Out14
0x01F1	0x0834      	MOVF       FARG_Lcd_Out_row, 0
0x01F2	0x3A03      	XORLW      3
0x01F3	0x1903      	BTFSC      STATUS, 2
0x01F4	0x29DE      	GOTO       L_Lcd_Out15
0x01F5	0x0834      	MOVF       FARG_Lcd_Out_row, 0
0x01F6	0x3A04      	XORLW      4
0x01F7	0x1903      	BTFSC      STATUS, 2
0x01F8	0x29E1      	GOTO       L_Lcd_Out16
0x01F9	0x29E4      	GOTO       L_Lcd_Out17
L_Lcd_Out12:
;__Lib_Lcd.c,194 :: 		
0x01FA	0x0335      	DECF       FARG_Lcd_Out_column, 0
0x01FB	0x00F0      	MOVWF      R0
0x01FC	0x0834      	MOVF       FARG_Lcd_Out_row, 0
0x01FD	0x07F0      	ADDWF      R0, 1
0x01FE	0x0870      	MOVF       R0, 0
0x01FF	0x00B4      	MOVWF      FARG_Lcd_Out_row
;__Lib_Lcd.c,196 :: 		
0x0200	0x0870      	MOVF       R0, 0
0x0201	0x00BB      	MOVWF      FARG_Lcd_Cmd_out_char
0x0202	0x201A      	CALL       _Lcd_Cmd
;__Lib_Lcd.c,197 :: 		
0x0203	0x1033      	BCF        __Lib_Lcd_cmd_status, BitPos(__Lib_Lcd_cmd_status+0)
;__Lib_Lcd.c,198 :: 		
0x0204	0x01B7      	CLRF       Lcd_Out_i_L0
;__Lib_Lcd.c,199 :: 		
L_Lcd_Out18:
0x0205	0x0837      	MOVF       Lcd_Out_i_L0, 0
0x0206	0x0736      	ADDWF      FARG_Lcd_Out_text, 0
0x0207	0x0084      	MOVWF      FSR
0x0208	0x0800      	MOVF       INDF, 0
0x0209	0x1903      	BTFSC      STATUS, 2
0x020A	0x2A13      	GOTO       L_Lcd_Out19
;__Lib_Lcd.c,200 :: 		
0x020B	0x0837      	MOVF       Lcd_Out_i_L0, 0
0x020C	0x0736      	ADDWF      FARG_Lcd_Out_text, 0
0x020D	0x0084      	MOVWF      FSR
0x020E	0x0800      	MOVF       INDF, 0
0x020F	0x00B8      	MOVWF      FARG_Lcd_Chr_CP_out_char
0x0210	0x2061      	CALL       _Lcd_Chr_CP
0x0211	0x0AB7      	INCF       Lcd_Out_i_L0, 1
0x0212	0x2A05      	GOTO       L_Lcd_Out18
L_Lcd_Out19:
;__Lib_Lcd.c,201 :: 		
0x0213	0x1433      	BSF        __Lib_Lcd_cmd_status, BitPos(__Lib_Lcd_cmd_status+0)
;__Lib_Lcd.c,202 :: 		
L_end_Lcd_Out:
0x0214	0x0008      	RETURN
; end of _Lcd_Out
_cadeado1:
;VSaula019.c,119 :: 		void cadeado1(char pos_row, char pos_char) {
;VSaula019.c,121 :: 		Lcd_Cmd(120);
0x0215	0x3078      	MOVLW      120
0x0216	0x1283      	BCF        STATUS, 5
0x0217	0x1303      	BCF        STATUS, 6
0x0218	0x00BB      	MOVWF      FARG_Lcd_Cmd_out_char
0x0219	0x201A      	CALL       _Lcd_Cmd
;VSaula019.c,122 :: 		for (i = 0; i<=7; i++) Lcd_Chr_CP(cadeado[i]);
0x021A	0x01B6      	CLRF       cadeado1_i_L0
L_cadeado121:
0x021B	0x0836      	MOVF       cadeado1_i_L0, 0
0x021C	0x3C07      	SUBLW      7
0x021D	0x1C03      	BTFSS      STATUS, 0
0x021E	0x2A31      	GOTO       L_cadeado122
0x021F	0x0836      	MOVF       cadeado1_i_L0, 0
0x0220	0x3EA7      	ADDLW      _cadeado
0x0221	0x00F0      	MOVWF      R0
0x0222	0x3002      	MOVLW      hi_addr(_cadeado)
0x0223	0x1803      	BTFSC      STATUS, 0
0x0224	0x3E01      	ADDLW      1
0x0225	0x00F1      	MOVWF      R0+1
0x0226	0x0870      	MOVF       R0, 0
0x0227	0x00B1      	MOVWF      ___DoICPAddr
0x0228	0x0871      	MOVF       R0+1, 0
0x0229	0x00B2      	MOVWF      ___DoICPAddr+1
0x022A	0x205A      	CALL       _____DoICP
0x022B	0x118A      	BCF        PCLATH, 3
0x022C	0x120A      	BCF        PCLATH, 4
0x022D	0x00B8      	MOVWF      FARG_Lcd_Chr_CP_out_char
0x022E	0x2061      	CALL       _Lcd_Chr_CP
0x022F	0x0AB6      	INCF       cadeado1_i_L0, 1
0x0230	0x2A1B      	GOTO       L_cadeado121
L_cadeado122:
;VSaula019.c,123 :: 		Lcd_Cmd(_LCD_RETURN_HOME);
0x0231	0x3002      	MOVLW      2
0x0232	0x00BB      	MOVWF      FARG_Lcd_Cmd_out_char
0x0233	0x201A      	CALL       _Lcd_Cmd
;VSaula019.c,124 :: 		Lcd_Chr(pos_row, pos_char, 7);
0x0234	0x0834      	MOVF       FARG_cadeado1_pos_row, 0
0x0235	0x00B8      	MOVWF      FARG_Lcd_Chr_row
0x0236	0x0835      	MOVF       FARG_cadeado1_pos_char, 0
0x0237	0x00B9      	MOVWF      FARG_Lcd_Chr_column
0x0238	0x3007      	MOVLW      7
0x0239	0x00BA      	MOVWF      FARG_Lcd_Chr_out_char
0x023A	0x2069      	CALL       _Lcd_Chr
;VSaula019.c,125 :: 		}
L_end_cadeado1:
0x023B	0x0008      	RETURN
; end of _cadeado1
___CC2DW:
;__Lib_System.c,134 :: 		
;__Lib_System.c,137 :: 		
_CC2D_Loop1:
;__Lib_System.c,139 :: 		
0x023C	0x205A      	CALL       _____DoICP
0x023D	0x118A      	BCF        PCLATH, 3
0x023E	0x120A      	BCF        PCLATH, 4
;__Lib_System.c,141 :: 		
0x023F	0x0080      	MOVWF      INDF
;__Lib_System.c,142 :: 		
0x0240	0x0A84      	INCF       FSR, 1
;__Lib_System.c,143 :: 		
0x0241	0x0AB1      	INCF       ___DoICPAddr, 1
;__Lib_System.c,145 :: 		
0x0242	0x1903      	BTFSC      STATUS, 2
;__Lib_System.c,146 :: 		
0x0243	0x0AB2      	INCF       ___DoICPAddr+1, 1
;__Lib_System.c,147 :: 		
0x0244	0x03F0      	DECF       R0, 1
;__Lib_System.c,149 :: 		
0x0245	0x1D03      	BTFSS      STATUS, 2
;__Lib_System.c,150 :: 		
0x0246	0x2A3C      	GOTO       _CC2D_Loop1
;__Lib_System.c,152 :: 		
L_end___CC2DW:
0x0247	0x0008      	RETURN
; end of ___CC2DW
_main:
0x0248	0x3020      	MOVLW      32
0x0249	0x1283      	BCF        STATUS, 5
0x024A	0x1303      	BCF        STATUS, 6
0x024B	0x00A0      	MOVWF      _texto1
0x024C	0x3020      	MOVLW      32
0x024D	0x00A1      	MOVWF      33
0x024E	0x3041      	MOVLW      65
0x024F	0x00A2      	MOVWF      34
0x0250	0x3042      	MOVLW      66
0x0251	0x00A3      	MOVWF      35
0x0252	0x304D      	MOVLW      77
0x0253	0x00A4      	MOVWF      36
0x0254	0x3053      	MOVLW      83
0x0255	0x00A5      	MOVWF      37
0x0256	0x3020      	MOVLW      32
0x0257	0x00A6      	MOVWF      38
0x0258	0x3054      	MOVLW      84
0x0259	0x00A7      	MOVWF      39
0x025A	0x3065      	MOVLW      101
0x025B	0x00A8      	MOVWF      40
0x025C	0x306C      	MOVLW      108
0x025D	0x00A9      	MOVWF      41
0x025E	0x3065      	MOVLW      101
0x025F	0x00AA      	MOVWF      42
0x0260	0x3063      	MOVLW      99
0x0261	0x00AB      	MOVWF      43
0x0262	0x306F      	MOVLW      111
0x0263	0x00AC      	MOVWF      44
0x0264	0x306D      	MOVLW      109
0x0265	0x00AD      	MOVWF      45
0x0266	0x3020      	MOVLW      32
0x0267	0x00AE      	MOVWF      46
0x0268	0x3020      	MOVLW      32
0x0269	0x00AF      	MOVWF      47
0x026A	0x01B0      	CLRF       48
;VSaula019.c,133 :: 		void main() {
;VSaula019.c,134 :: 		CMCON = 0x07;  // desliga os comparadores internos
0x026B	0x3007      	MOVLW      7
0x026C	0x1683      	BSF        STATUS, 5
0x026D	0x009C      	MOVWF      CMCON
;VSaula019.c,135 :: 		TRISD = 0x00;  // port D configurado como saída digital
0x026E	0x0188      	CLRF       TRISD
;VSaula019.c,136 :: 		PORTD = 0x00;  // port D inicia em nível baixo
0x026F	0x1283      	BCF        STATUS, 5
0x0270	0x0188      	CLRF       PORTD
;VSaula019.c,137 :: 		TRISB = 0b00000011;  // RA0 e RA1 como entrada digital B0 e B1
0x0271	0x3003      	MOVLW      3
0x0272	0x1683      	BSF        STATUS, 5
0x0273	0x0086      	MOVWF      TRISB
;VSaula019.c,139 :: 		Lcd_Init();                 // inicializa o LCD
0x0274	0x2139      	CALL       _Lcd_Init
;VSaula019.c,140 :: 		Lcd_Cmd(_LCD_CURSOR_OFF);   // desliga o cursor
0x0275	0x300C      	MOVLW      12
0x0276	0x00BB      	MOVWF      FARG_Lcd_Cmd_out_char
0x0277	0x201A      	CALL       _Lcd_Cmd
;VSaula019.c,141 :: 		Lcd_Cmd(_LCD_RETURN_HOME);  // posiciona cursor no início
0x0278	0x3002      	MOVLW      2
0x0279	0x00BB      	MOVWF      FARG_Lcd_Cmd_out_char
0x027A	0x201A      	CALL       _Lcd_Cmd
;VSaula019.c,143 :: 		Lcd_Out(1, 1, texto1); // texto1 = "ABMS Telecom"
0x027B	0x3001      	MOVLW      1
0x027C	0x00B4      	MOVWF      FARG_Lcd_Out_row
0x027D	0x3001      	MOVLW      1
0x027E	0x00B5      	MOVWF      FARG_Lcd_Out_column
0x027F	0x3020      	MOVLW      _texto1
0x0280	0x00B6      	MOVWF      FARG_Lcd_Out_text
0x0281	0x21D5      	CALL       _Lcd_Out
;VSaula019.c,145 :: 		while(1){
L_main24:
;VSaula019.c,146 :: 		battery0(2, 3);
0x0282	0x3002      	MOVLW      2
0x0283	0x00B4      	MOVWF      FARG_battery0_pos_row
0x0284	0x3003      	MOVLW      3
0x0285	0x00B5      	MOVWF      FARG_battery0_pos_char
0x0286	0x209E      	CALL       _battery0
;VSaula019.c,147 :: 		battery1(2, 5);
0x0287	0x3002      	MOVLW      2
0x0288	0x00B4      	MOVWF      FARG_battery1_pos_row
0x0289	0x3005      	MOVLW      5
0x028A	0x00B5      	MOVWF      FARG_battery1_pos_char
0x028B	0x20C4      	CALL       _battery1
;VSaula019.c,148 :: 		battery2(2, 7);
0x028C	0x3002      	MOVLW      2
0x028D	0x00B4      	MOVWF      FARG_battery2_pos_row
0x028E	0x3007      	MOVLW      7
0x028F	0x00B5      	MOVWF      FARG_battery2_pos_char
0x0290	0x21AE      	CALL       _battery2
;VSaula019.c,149 :: 		emoticon1(2, 9);
0x0291	0x3002      	MOVLW      2
0x0292	0x00B4      	MOVWF      FARG_emoticon1_pos_row
0x0293	0x3009      	MOVLW      9
0x0294	0x00B5      	MOVWF      FARG_emoticon1_pos_char
0x0295	0x2187      	CALL       _emoticon1
;VSaula019.c,150 :: 		heart1(2, 11);
0x0296	0x3002      	MOVLW      2
0x0297	0x00B4      	MOVWF      FARG_heart1_pos_row
0x0298	0x300B      	MOVLW      11
0x0299	0x00B5      	MOVWF      FARG_heart1_pos_char
0x029A	0x2112      	CALL       _heart1
;VSaula019.c,151 :: 		emoticon2(2, 13);
0x029B	0x3002      	MOVLW      2
0x029C	0x00B4      	MOVWF      FARG_emoticon2_pos_row
0x029D	0x300D      	MOVLW      13
0x029E	0x00B5      	MOVWF      FARG_emoticon2_pos_char
0x029F	0x20EB      	CALL       _emoticon2
;VSaula019.c,152 :: 		cadeado1(2, 15);
0x02A0	0x3002      	MOVLW      2
0x02A1	0x00B4      	MOVWF      FARG_cadeado1_pos_row
0x02A2	0x300F      	MOVLW      15
0x02A3	0x00B5      	MOVWF      FARG_cadeado1_pos_char
0x02A4	0x2215      	CALL       _cadeado1
;VSaula019.c,153 :: 		}
0x02A5	0x2A82      	GOTO       L_main24
;VSaula019.c,155 :: 		}
L_end_main:
0x02A6	0x2AA6      	GOTO       $+0
; end of _main
;VSaula019.c,117 :: _cadeado
0x02A7	0x340E ;_cadeado+0
0x02A8	0x3411 ;_cadeado+1
0x02A9	0x3411 ;_cadeado+2
0x02AA	0x341F ;_cadeado+3
0x02AB	0x341B ;_cadeado+4
0x02AC	0x341B ;_cadeado+5
0x02AD	0x341F ;_cadeado+6
0x02AE	0x3400 ;_cadeado+7
; end of _cadeado
;VSaula019.c,87 :: _heart
0x02AF	0x3400 ;_heart+0
0x02B0	0x340A ;_heart+1
0x02B1	0x3415 ;_heart+2
0x02B2	0x3415 ;_heart+3
0x02B3	0x3411 ;_heart+4
0x02B4	0x340A ;_heart+5
0x02B5	0x3404 ;_heart+6
0x02B6	0x3400 ;_heart+7
; end of _heart
;VSaula019.c,107 :: _smille2
0x02B7	0x3400 ;_smille2+0
0x02B8	0x340A ;_smille2+1
0x02B9	0x340A ;_smille2+2
0x02BA	0x3400 ;_smille2+3
0x02BB	0x340E ;_smille2+4
0x02BC	0x3411 ;_smille2+5
0x02BD	0x3400 ;_smille2+6
0x02BE	0x3400 ;_smille2+7
; end of _smille2
;VSaula019.c,58 :: _batteryMedium
0x02BF	0x340E ;_batteryMedium+0
0x02C0	0x3411 ;_batteryMedium+1
0x02C1	0x3411 ;_batteryMedium+2
0x02C2	0x3411 ;_batteryMedium+3
0x02C3	0x341F ;_batteryMedium+4
0x02C4	0x341F ;_batteryMedium+5
0x02C5	0x341F ;_batteryMedium+6
0x02C6	0x3400 ;_batteryMedium+7
; end of _batteryMedium
;VSaula019.c,67 :: _batteryFull
0x02C7	0x340E ;_batteryFull+0
0x02C8	0x341F ;_batteryFull+1
0x02C9	0x341F ;_batteryFull+2
0x02CA	0x341F ;_batteryFull+3
0x02CB	0x341F ;_batteryFull+4
0x02CC	0x341F ;_batteryFull+5
0x02CD	0x341F ;_batteryFull+6
0x02CE	0x3400 ;_batteryFull+7
; end of _batteryFull
;VSaula019.c,77 :: _smille
0x02CF	0x3400 ;_smille+0
0x02D0	0x340A ;_smille+1
0x02D1	0x340A ;_smille+2
0x02D2	0x3400 ;_smille+3
0x02D3	0x3411 ;_smille+4
0x02D4	0x340E ;_smille+5
0x02D5	0x3400 ;_smille+6
0x02D6	0x3400 ;_smille+7
; end of _smille
;VSaula019.c,48 :: _batteryEmpty
0x02D7	0x340E ;_batteryEmpty+0
0x02D8	0x3411 ;_batteryEmpty+1
0x02D9	0x3411 ;_batteryEmpty+2
0x02DA	0x3411 ;_batteryEmpty+3
0x02DB	0x3411 ;_batteryEmpty+4
0x02DC	0x3411 ;_batteryEmpty+5
0x02DD	0x341F ;_batteryEmpty+6
0x02DE	0x3400 ;_batteryEmpty+7
; end of _batteryEmpty
Symbol List:
//** Routines locations **
//ADDRESS    SIZE    PROCEDURE
//----------------------------------------------
0x0003       [3]    _Delay_1us
0x0006      [13]    _Delay_5500us
0x0013       [7]    _Delay_50us
0x001A      [64]    _Lcd_Cmd
0x005A       [7]    _____DoICP
0x0061       [8]    _Lcd_Chr_CP
0x0069      [53]    _Lcd_Chr
0x009E      [38]    _battery0
0x00C4      [39]    _battery1
0x00EB      [39]    _emoticon2
0x0112      [39]    _heart1
0x0139      [78]    _Lcd_Init
0x0187      [39]    _emoticon1
0x01AE      [39]    _battery2
0x01D5      [64]    _Lcd_Out
0x0215      [39]    _cadeado1
0x023C      [12]    ___CC2DW
0x0248      [95]    _main
//** Variables locations ** 
//ADDRESS    SIZE    VARIABLE
//----------------------------------------------
0x0000       [1]    INDF
0x0002       [1]    PCL
0x0003       [1]    STATUS
0x0004       [1]    FSR
0x0008       [0]    LCD_D7
0x0008       [0]    RD5_bit
0x0008       [0]    LCD_D6
0x0008       [0]    RD4_bit
0x0008       [0]    RD6_bit
0x0008       [0]    LCD_RS
0x0008       [1]    PORTD
0x0008       [0]    LCD_EN
0x0008       [0]    RD7_bit
0x0008       [0]    LCD_D4
0x0008       [0]    RD3_bit
0x0008       [0]    LCD_D5
0x0008       [0]    RD2_bit
0x000A       [1]    PCLATH
0x0020      [17]    _texto1
0x0031       [2]    ___DoICPAddr
0x0033       [0]    __Lib_Lcd_cmd_status
0x0034       [1]    FARG_emoticon1_pos_row
0x0034       [1]    FARG_battery2_pos_row
0x0034       [1]    FARG_cadeado1_pos_row
0x0034       [1]    FARG_Lcd_Out_row
0x0034       [1]    FARG_emoticon2_pos_row
0x0034       [1]    FARG_heart1_pos_row
0x0034       [1]    FARG_battery0_pos_row
0x0034       [1]    FARG_battery1_pos_row
0x0035       [1]    FARG_emoticon2_pos_char
0x0035       [1]    FARG_emoticon1_pos_char
0x0035       [1]    FARG_Lcd_Out_column
0x0035       [1]    FARG_battery0_pos_char
0x0035       [1]    FARG_heart1_pos_char
0x0035       [1]    FARG_cadeado1_pos_char
0x0035       [1]    FARG_battery1_pos_char
0x0035       [1]    FARG_battery2_pos_char
0x0036       [1]    heart1_i_L0
0x0036       [1]    FARG_Lcd_Out_text
0x0036       [1]    cadeado1_i_L0
0x0036       [1]    battery2_i_L0
0x0036       [1]    emoticon2_i_L0
0x0036       [1]    battery0_i_L0
0x0036       [1]    battery1_i_L0
0x0036       [1]    emoticon1_i_L0
0x0037       [1]    Lcd_Out_i_L0
0x0038       [1]    FARG_Lcd_Chr_CP_out_char
0x0038       [1]    FARG_Lcd_Chr_row
0x0039       [1]    FARG_Lcd_Chr_column
0x003A       [1]    FARG_Lcd_Chr_out_char
0x003B       [1]    FARG_Lcd_Cmd_out_char
0x0070       [1]    R0
0x0071       [1]    R1
0x0072       [1]    R2
0x0073       [1]    R3
0x0074       [1]    R4
0x0075       [1]    R5
0x0076       [1]    R6
0x0077       [1]    R7
0x0078       [1]    R8
0x0079       [1]    R9
0x007A       [1]    R10
0x007B       [1]    R11
0x007C       [1]    R12
0x007D       [1]    R13
0x007E       [1]    R14
0x007F       [1]    R15
0x0086       [1]    TRISB
0x0088       [0]    TRISD5_bit
0x0088       [0]    TRISD6_bit
0x0088       [0]    TRISD7_bit
0x0088       [1]    TRISD
0x0088       [0]    LCD_EN_Direction
0x0088       [0]    LCD_RS_Direction
0x0088       [0]    LCD_D7_Direction
0x0088       [0]    LCD_D4_Direction
0x0088       [0]    LCD_D5_Direction
0x0088       [0]    LCD_D6_Direction
0x0088       [0]    TRISD3_bit
0x0088       [0]    TRISD4_bit
0x0088       [0]    TRISD2_bit
0x009C       [1]    CMCON
//** Constants locations ** 
//ADDRESS    SIZE    CONSTANT
//----------------------------------------------
0x02A7       [8]    _cadeado
0x02AF       [8]    _heart
0x02B7       [8]    _smille2
0x02BF       [8]    _batteryMedium
0x02C7       [8]    _batteryFull
0x02CF       [8]    _smille
0x02D7       [8]    _batteryEmpty
