;  LST file generated by mikroListExporter - v.2.0 
; Date/Time: 19/01/2023 19:29:00
;----------------------------------------------

;Address Opcode 	ASM
0x0000	0x28C9      	GOTO       201
_EEPROM_Write:
;__Lib_EEPROM.c,16 :: 		
;__Lib_EEPROM.c,20 :: 		
L_EEPROM_Write0:
0x0003	0x1683      	BSF        STATUS, 5
0x0004	0x1303      	BCF        STATUS, 6
0x0005	0x1C9C      	BTFSS      EECON1, 1
0x0006	0x2809      	GOTO       L_EEPROM_Write1
0x0007	0x0000      	NOP
0x0008	0x2803      	GOTO       L_EEPROM_Write0
L_EEPROM_Write1:
;__Lib_EEPROM.c,21 :: 		
0x0009	0x1283      	BCF        STATUS, 5
0x000A	0x0833      	MOVF       FARG_EEPROM_Write_Address, 0
0x000B	0x1683      	BSF        STATUS, 5
0x000C	0x009B      	MOVWF      EEADR
;__Lib_EEPROM.c,22 :: 		
0x000D	0x1283      	BCF        STATUS, 5
0x000E	0x0834      	MOVF       FARG_EEPROM_Write_data_, 0
0x000F	0x1683      	BSF        STATUS, 5
0x0010	0x009A      	MOVWF      EEDATA
;__Lib_EEPROM.c,23 :: 		
0x0011	0x139C      	BCF        EECON1, 7
;__Lib_EEPROM.c,24 :: 		
0x0012	0x151C      	BSF        EECON1, 2
;__Lib_EEPROM.c,26 :: 		
0x0013	0x080B      	MOVF       INTCON, 0
0x0014	0x00F0      	MOVWF      R0
;__Lib_EEPROM.c,29 :: 		
0x0015	0x138B      	BCF        INTCON, 7
;__Lib_EEPROM.c,30 :: 		
0x0016	0x3055      	MOVLW      85
0x0017	0x009D      	MOVWF      EECON2
;__Lib_EEPROM.c,31 :: 		
0x0018	0x30AA      	MOVLW      170
0x0019	0x009D      	MOVWF      EECON2
;__Lib_EEPROM.c,32 :: 		
0x001A	0x149C      	BSF        EECON1, 1
;__Lib_EEPROM.c,36 :: 		
0x001B	0x1BF0      	BTFSC      R0, 7
0x001C	0x281F      	GOTO       L__EEPROM_Write4
0x001D	0x138B      	BCF        INTCON, 7
0x001E	0x2820      	GOTO       L__EEPROM_Write5
L__EEPROM_Write4:
0x001F	0x178B      	BSF        INTCON, 7
L__EEPROM_Write5:
;__Lib_EEPROM.c,37 :: 		
0x0020	0x111C      	BCF        EECON1, 2
;__Lib_EEPROM.c,38 :: 		
L_end_EEPROM_Write:
0x0021	0x0008      	RETURN
; end of _EEPROM_Write
_EEPROM_Read:
;__Lib_EEPROM.c,4 :: 		
;__Lib_EEPROM.c,5 :: 		
0x0022	0x1283      	BCF        STATUS, 5
0x0023	0x1303      	BCF        STATUS, 6
0x0024	0x0833      	MOVF       FARG_EEPROM_Read_Address, 0
0x0025	0x1683      	BSF        STATUS, 5
0x0026	0x009B      	MOVWF      EEADR
;__Lib_EEPROM.c,6 :: 		
0x0027	0x139C      	BCF        EECON1, 7
;__Lib_EEPROM.c,12 :: 		
0x0028	0x141C      	BSF        EECON1, 0
;__Lib_EEPROM.c,13 :: 		
0x0029	0x081A      	MOVF       EEDATA, 0
0x002A	0x00F0      	MOVWF      R0
;__Lib_EEPROM.c,14 :: 		
L_end_EEPROM_Read:
0x002B	0x0008      	RETURN
; end of _EEPROM_Read
_____DoICP:
;__Lib_System.c,6 :: 		
;__Lib_System.c,9 :: 		
0x002C	0x1283      	BCF        STATUS, 5
0x002D	0x1303      	BCF        STATUS, 6
0x002E	0x0831      	MOVF       ___DoICPAddr+1, 0
0x002F	0x008A      	MOVWF      PCLATH
;__Lib_System.c,10 :: 		
0x0030	0x0830      	MOVF       ___DoICPAddr, 0
0x0031	0x0082      	MOVWF      PCL
;__Lib_System.c,12 :: 		
L_end_____DoICP:
0x0032	0x0008      	RETURN
; end of _____DoICP
___CC2DW:
;__Lib_System.c,134 :: 		
;__Lib_System.c,137 :: 		
_CC2D_Loop1:
;__Lib_System.c,139 :: 		
0x0033	0x202C      	CALL       _____DoICP
0x0034	0x118A      	BCF        PCLATH, 3
0x0035	0x120A      	BCF        PCLATH, 4
;__Lib_System.c,141 :: 		
0x0036	0x0080      	MOVWF      INDF
;__Lib_System.c,142 :: 		
0x0037	0x0A84      	INCF       FSR, 1
;__Lib_System.c,143 :: 		
0x0038	0x0AB0      	INCF       ___DoICPAddr, 1
;__Lib_System.c,145 :: 		
0x0039	0x1903      	BTFSC      STATUS, 2
;__Lib_System.c,146 :: 		
0x003A	0x0AB1      	INCF       ___DoICPAddr+1, 1
;__Lib_System.c,147 :: 		
0x003B	0x03F0      	DECF       R0, 1
;__Lib_System.c,149 :: 		
0x003C	0x1D03      	BTFSS      STATUS, 2
;__Lib_System.c,150 :: 		
0x003D	0x2833      	GOTO       _CC2D_Loop1
;__Lib_System.c,152 :: 		
L_end___CC2DW:
0x003E	0x0008      	RETURN
; end of ___CC2DW
_changeCont:
;aula025.c,60 :: 		void changeCont(){
;aula025.c,61 :: 		if(!S1){
0x003F	0x1283      	BCF        STATUS, 5
0x0040	0x1303      	BCF        STATUS, 6
0x0041	0x1885      	BTFSC      RA1_bit, BitPos(RA1_bit+0)
0x0042	0x285D      	GOTO       L_changeCont4
;aula025.c,62 :: 		delay_ms(100);
0x0043	0x3082      	MOVLW      130
0x0044	0x00FC      	MOVWF      R12
0x0045	0x30DD      	MOVLW      221
0x0046	0x00FD      	MOVWF      R13
L_changeCont5:
0x0047	0x0BFD      	DECFSZ     R13, 1
0x0048	0x2847      	GOTO       L_changeCont5
0x0049	0x0BFC      	DECFSZ     R12, 1
0x004A	0x2847      	GOTO       L_changeCont5
0x004B	0x0000      	NOP
0x004C	0x0000      	NOP
;aula025.c,63 :: 		cont++;
0x004D	0x0AAA      	INCF       _cont, 1
0x004E	0x1903      	BTFSC      STATUS, 2
0x004F	0x0AAB      	INCF       _cont+1, 1
;aula025.c,64 :: 		if(cont > 9) cont = 0;
0x0050	0x3080      	MOVLW      128
0x0051	0x00F0      	MOVWF      R0
0x0052	0x3080      	MOVLW      128
0x0053	0x062B      	XORWF      _cont+1, 0
0x0054	0x0270      	SUBWF      R0, 0
0x0055	0x1D03      	BTFSS      STATUS, 2
0x0056	0x2859      	GOTO       L__changeCont16
0x0057	0x082A      	MOVF       _cont, 0
0x0058	0x3C09      	SUBLW      9
L__changeCont16:
0x0059	0x1803      	BTFSC      STATUS, 0
0x005A	0x285D      	GOTO       L_changeCont6
0x005B	0x01AA      	CLRF       _cont
0x005C	0x01AB      	CLRF       _cont+1
L_changeCont6:
;aula025.c,65 :: 		}
L_changeCont4:
;aula025.c,66 :: 		}
L_end_changeCont:
0x005D	0x0008      	RETURN
; end of _changeCont
_writeEEPROM:
;aula025.c,67 :: 		void writeEEPROM(){
;aula025.c,70 :: 		aux1 = EEPROM_Read(0x00);
0x005E	0x1283      	BCF        STATUS, 5
0x005F	0x1303      	BCF        STATUS, 6
0x0060	0x01B3      	CLRF       FARG_EEPROM_Read_Address
0x0061	0x2022      	CALL       _EEPROM_Read
;aula025.c,71 :: 		if(aux1 == 0xff){
0x0062	0x0870      	MOVF       R0, 0
0x0063	0x3AFF      	XORLW      255
0x0064	0x1D03      	BTFSS      STATUS, 2
0x0065	0x2875      	GOTO       L_writeEEPROM7
;aula025.c,72 :: 		EEPROM_Write(0x00, address);
0x0066	0x1283      	BCF        STATUS, 5
0x0067	0x01B3      	CLRF       FARG_EEPROM_Write_Address
0x0068	0x082C      	MOVF       _address, 0
0x0069	0x00B4      	MOVWF      FARG_EEPROM_Write_data_
0x006A	0x2003      	CALL       _EEPROM_Write
;aula025.c,73 :: 		delay_ms(10);
0x006B	0x300D      	MOVLW      13
0x006C	0x00FC      	MOVWF      R12
0x006D	0x30FB      	MOVLW      251
0x006E	0x00FD      	MOVWF      R13
L_writeEEPROM8:
0x006F	0x0BFD      	DECFSZ     R13, 1
0x0070	0x286F      	GOTO       L_writeEEPROM8
0x0071	0x0BFC      	DECFSZ     R12, 1
0x0072	0x286F      	GOTO       L_writeEEPROM8
0x0073	0x0000      	NOP
0x0074	0x0000      	NOP
;aula025.c,74 :: 		}
L_writeEEPROM7:
;aula025.c,76 :: 		store = EEPROM_Read(0x00);
0x0075	0x1283      	BCF        STATUS, 5
0x0076	0x01B3      	CLRF       FARG_EEPROM_Read_Address
0x0077	0x2022      	CALL       _EEPROM_Read
0x0078	0x0870      	MOVF       R0, 0
0x0079	0x1283      	BCF        STATUS, 5
0x007A	0x00AD      	MOVWF      _store
0x007B	0x01AE      	CLRF       _store+1
;aula025.c,77 :: 		delay_ms(10);
0x007C	0x300D      	MOVLW      13
0x007D	0x00FC      	MOVWF      R12
0x007E	0x30FB      	MOVLW      251
0x007F	0x00FD      	MOVWF      R13
L_writeEEPROM9:
0x0080	0x0BFD      	DECFSZ     R13, 1
0x0081	0x2880      	GOTO       L_writeEEPROM9
0x0082	0x0BFC      	DECFSZ     R12, 1
0x0083	0x2880      	GOTO       L_writeEEPROM9
0x0084	0x0000      	NOP
0x0085	0x0000      	NOP
;aula025.c,78 :: 		aux2 = store;
0x0086	0x082D      	MOVF       _store, 0
0x0087	0x00B2      	MOVWF      writeEEPROM_aux2_L0
;aula025.c,79 :: 		EEPROM_Write(store, cont);
0x0088	0x082D      	MOVF       _store, 0
0x0089	0x00B3      	MOVWF      FARG_EEPROM_Write_Address
0x008A	0x082A      	MOVF       _cont, 0
0x008B	0x00B4      	MOVWF      FARG_EEPROM_Write_data_
0x008C	0x2003      	CALL       _EEPROM_Write
;aula025.c,80 :: 		delay_ms(10);
0x008D	0x300D      	MOVLW      13
0x008E	0x00FC      	MOVWF      R12
0x008F	0x30FB      	MOVLW      251
0x0090	0x00FD      	MOVWF      R13
L_writeEEPROM10:
0x0091	0x0BFD      	DECFSZ     R13, 1
0x0092	0x2891      	GOTO       L_writeEEPROM10
0x0093	0x0BFC      	DECFSZ     R12, 1
0x0094	0x2891      	GOTO       L_writeEEPROM10
0x0095	0x0000      	NOP
0x0096	0x0000      	NOP
;aula025.c,81 :: 		aux2++;
0x0097	0x1283      	BCF        STATUS, 5
0x0098	0x0AB2      	INCF       writeEEPROM_aux2_L0, 1
;aula025.c,82 :: 		if(aux2 > 128) aux2 = 0x00;
0x0099	0x0832      	MOVF       writeEEPROM_aux2_L0, 0
0x009A	0x3C80      	SUBLW      128
0x009B	0x1803      	BTFSC      STATUS, 0
0x009C	0x289E      	GOTO       L_writeEEPROM11
0x009D	0x01B2      	CLRF       writeEEPROM_aux2_L0
L_writeEEPROM11:
;aula025.c,84 :: 		EEPROM_Write(0x00, aux2);
0x009E	0x01B3      	CLRF       FARG_EEPROM_Write_Address
0x009F	0x0832      	MOVF       writeEEPROM_aux2_L0, 0
0x00A0	0x00B4      	MOVWF      FARG_EEPROM_Write_data_
0x00A1	0x2003      	CALL       _EEPROM_Write
;aula025.c,86 :: 		delay_ms(10);
0x00A2	0x300D      	MOVLW      13
0x00A3	0x00FC      	MOVWF      R12
0x00A4	0x30FB      	MOVLW      251
0x00A5	0x00FD      	MOVWF      R13
L_writeEEPROM12:
0x00A6	0x0BFD      	DECFSZ     R13, 1
0x00A7	0x28A6      	GOTO       L_writeEEPROM12
0x00A8	0x0BFC      	DECFSZ     R12, 1
0x00A9	0x28A6      	GOTO       L_writeEEPROM12
0x00AA	0x0000      	NOP
0x00AB	0x0000      	NOP
;aula025.c,87 :: 		L1 = 1;
0x00AC	0x1283      	BCF        STATUS, 5
0x00AD	0x1585      	BSF        RA3_bit, BitPos(RA3_bit+0)
;aula025.c,88 :: 		delay_ms(300);
0x00AE	0x3002      	MOVLW      2
0x00AF	0x00FB      	MOVWF      R11
0x00B0	0x3086      	MOVLW      134
0x00B1	0x00FC      	MOVWF      R12
0x00B2	0x3099      	MOVLW      153
0x00B3	0x00FD      	MOVWF      R13
L_writeEEPROM13:
0x00B4	0x0BFD      	DECFSZ     R13, 1
0x00B5	0x28B4      	GOTO       L_writeEEPROM13
0x00B6	0x0BFC      	DECFSZ     R12, 1
0x00B7	0x28B4      	GOTO       L_writeEEPROM13
0x00B8	0x0BFB      	DECFSZ     R11, 1
0x00B9	0x28B4      	GOTO       L_writeEEPROM13
;aula025.c,89 :: 		L1 = 0;
0x00BA	0x1185      	BCF        RA3_bit, BitPos(RA3_bit+0)
;aula025.c,90 :: 		}
L_end_writeEEPROM:
0x00BB	0x0008      	RETURN
; end of _writeEEPROM
_readEEPROM:
;aula025.c,92 :: 		void readEEPROM(){
;aula025.c,94 :: 		anchor = EEPROM_Read(0x00);
0x00BC	0x1283      	BCF        STATUS, 5
0x00BD	0x1303      	BCF        STATUS, 6
0x00BE	0x01B3      	CLRF       FARG_EEPROM_Read_Address
0x00BF	0x2022      	CALL       _EEPROM_Read
;aula025.c,95 :: 		cont = EEPROM_Read(0x00+(anchor-1));
0x00C0	0x0370      	DECF       R0, 0
0x00C1	0x1283      	BCF        STATUS, 5
0x00C2	0x00B3      	MOVWF      FARG_EEPROM_Read_Address
0x00C3	0x2022      	CALL       _EEPROM_Read
0x00C4	0x0870      	MOVF       R0, 0
0x00C5	0x1283      	BCF        STATUS, 5
0x00C6	0x00AA      	MOVWF      _cont
0x00C7	0x01AB      	CLRF       _cont+1
;aula025.c,96 :: 		}
L_end_readEEPROM:
0x00C8	0x0008      	RETURN
; end of _readEEPROM
_main:
0x00C9	0x303F      	MOVLW      63
0x00CA	0x1283      	BCF        STATUS, 5
0x00CB	0x1303      	BCF        STATUS, 6
0x00CC	0x00A0      	MOVWF      _segmento
0x00CD	0x3006      	MOVLW      6
0x00CE	0x00A1      	MOVWF      33
0x00CF	0x305B      	MOVLW      91
0x00D0	0x00A2      	MOVWF      34
0x00D1	0x304F      	MOVLW      79
0x00D2	0x00A3      	MOVWF      35
0x00D3	0x3066      	MOVLW      102
0x00D4	0x00A4      	MOVWF      36
0x00D5	0x306D      	MOVLW      109
0x00D6	0x00A5      	MOVWF      37
0x00D7	0x307D      	MOVLW      125
0x00D8	0x00A6      	MOVWF      38
0x00D9	0x3007      	MOVLW      7
0x00DA	0x00A7      	MOVWF      39
0x00DB	0x307F      	MOVLW      127
0x00DC	0x00A8      	MOVWF      40
0x00DD	0x306F      	MOVLW      111
0x00DE	0x00A9      	MOVWF      41
0x00DF	0x01AA      	CLRF       _cont
0x00E0	0x01AB      	CLRF       43
0x00E1	0x3001      	MOVLW      1
0x00E2	0x00AC      	MOVWF      _address
;aula025.c,40 :: 		void main() {
;aula025.c,41 :: 		CMCON = 0x07; // desabilita os comparadores internos
0x00E3	0x3007      	MOVLW      7
0x00E4	0x009F      	MOVWF      CMCON
;aula025.c,42 :: 		TRISA = 0x03; // RA0 e RA1 são entradas digitais
0x00E5	0x3003      	MOVLW      3
0x00E6	0x1683      	BSF        STATUS, 5
0x00E7	0x0085      	MOVWF      TRISA
;aula025.c,43 :: 		TRISB = 0x00; // todo o port B como saída
0x00E8	0x0186      	CLRF       TRISB
;aula025.c,44 :: 		PORTA = 0x03; // RA0 e RA1 iniciam em nível alto (HIGH)
0x00E9	0x3003      	MOVLW      3
0x00EA	0x1283      	BCF        STATUS, 5
0x00EB	0x0085      	MOVWF      PORTA
;aula025.c,45 :: 		PORTB = 0x00; // port B inicia em nível baixo (LOW)
0x00EC	0x0186      	CLRF       PORTB
;aula025.c,47 :: 		readEEPROM();
0x00ED	0x20BC      	CALL       _readEEPROM
;aula025.c,49 :: 		while(1)
L_main0:
;aula025.c,52 :: 		changeCont();
0x00EE	0x203F      	CALL       _changeCont
;aula025.c,53 :: 		if(!S2) writeEEPROM();
0x00EF	0x1805      	BTFSC      RA0_bit, BitPos(RA0_bit+0)
0x00F0	0x28F2      	GOTO       L_main2
0x00F1	0x205E      	CALL       _writeEEPROM
L_main2:
;aula025.c,54 :: 		delay_ms(100);
0x00F2	0x3082      	MOVLW      130
0x00F3	0x00FC      	MOVWF      R12
0x00F4	0x30DD      	MOVLW      221
0x00F5	0x00FD      	MOVWF      R13
L_main3:
0x00F6	0x0BFD      	DECFSZ     R13, 1
0x00F7	0x28F6      	GOTO       L_main3
0x00F8	0x0BFC      	DECFSZ     R12, 1
0x00F9	0x28F6      	GOTO       L_main3
0x00FA	0x0000      	NOP
0x00FB	0x0000      	NOP
;aula025.c,55 :: 		catodo = segmento[cont]; // valor a ser enviado ao port B
0x00FC	0x082A      	MOVF       _cont, 0
0x00FD	0x3E20      	ADDLW      _segmento
0x00FE	0x0084      	MOVWF      FSR
0x00FF	0x0800      	MOVF       INDF, 0
0x0100	0x00F0      	MOVWF      R0
0x0101	0x0870      	MOVF       R0, 0
0x0102	0x00AF      	MOVWF      _catodo
;aula025.c,56 :: 		PORTB = catodo; // envia o pattern ao port B
0x0103	0x0870      	MOVF       R0, 0
0x0104	0x0086      	MOVWF      PORTB
;aula025.c,57 :: 		}
0x0105	0x28EE      	GOTO       L_main0
;aula025.c,58 :: 		}
L_end_main:
0x0106	0x2906      	GOTO       $+0
; end of _main
Symbol List:
//** Routines locations **
//ADDRESS    SIZE    PROCEDURE
//----------------------------------------------
0x0003      [31]    _EEPROM_Write
0x0022      [10]    _EEPROM_Read
0x002C       [7]    _____DoICP
0x0033      [12]    ___CC2DW
0x003F      [31]    _changeCont
0x005E      [94]    _writeEEPROM
0x00BC      [13]    _readEEPROM
0x00C9      [62]    _main
//** Variables locations ** 
//ADDRESS    SIZE    VARIABLE
//----------------------------------------------
0x0000       [1]    INDF
0x0002       [1]    PCL
0x0003       [1]    STATUS
0x0004       [1]    FSR
0x0005       [0]    RA0_bit
0x0005       [1]    PORTA
0x0005       [0]    RA1_bit
0x0005       [0]    RA3_bit
0x0006       [1]    PORTB
0x000A       [1]    PCLATH
0x000B       [1]    INTCON
0x001F       [1]    CMCON
0x0020      [10]    _segmento
0x002A       [2]    _cont
0x002C       [1]    _address
0x002D       [2]    _store
0x002F       [1]    _catodo
0x0030       [2]    ___DoICPAddr
0x0032       [1]    writeEEPROM_aux2_L0
0x0033       [1]    FARG_EEPROM_Read_Address
0x0033       [1]    FARG_EEPROM_Write_Address
0x0034       [1]    FARG_EEPROM_Write_data_
0x0070       [1]    R0
0x0071       [1]    R1
0x0072       [1]    R2
0x0073       [1]    R3
0x0074       [1]    R4
0x0075       [1]    R5
0x0076       [1]    R6
0x0077       [1]    R7
0x0078       [1]    R8
0x0079       [1]    R9
0x007A       [1]    R10
0x007B       [1]    R11
0x007C       [1]    R12
0x007D       [1]    R13
0x007E       [1]    R14
0x007F       [1]    R15
0x0085       [1]    TRISA
0x0086       [1]    TRISB
0x009A       [1]    EEDATA
0x009B       [1]    EEADR
0x009C       [1]    EECON1
0x009D       [1]    EECON2
