MPASM  5.51                       AULA055.ASM   6-18-2023  14:32:08         PAGE  1


LOC  OBJECT CODE     LINE SOURCE TEXT
  VALUE

                      00001         TITLE           "AULA55- TIMER 0"
                      00002         PROCESSOR       16F84A
                      00003         #INCLUDE        <P16F84A.INC>
                      00001         LIST
                      00002 
                      00003 ;==========================================================================
                      00004 ;  MPASM PIC16F84A processor include
                      00005 ; 
                      00006 ;  (c) Copyright 1999-2013 Microchip Technology, All rights reserved
                      00007 ;==========================================================================
                      00008 
                      00208         LIST
2007   3FF1           00004         __CONFIG        _XT_OSC & _CP_OFF & _WDT_OFF & _PWRTE_ON
                      00005 
                      00006 ;++++++++++++++++++++++++++++++++++++++++++++++++++++++++++++++++++++++++++++++
                      00007 
                      00008         ;REGISTRADORES BANCO 0
                      00009         #DEFINE         FLAG            INTCON, T0IF                    ; BIT 3, FLAG DA INTERRUPÇÃO POR
                             TMR0
                      00010         
                      00011         ;REGISTRADORES BANCO 1
                      00012         #DEFINE         INC_TIMER0      OPTION_REG, T0CS                ; BIT 5, TMR0 POR CICLO DE MÁQUI
                            NA
                      00013         #DEFINE         PRESCALER       OPTION_REG, PSA                 ; BIT 3, PRESCALER PARA O TMR0 
                      00014         #DEFINE         BIT_PS2         OPTION_REG, PS2                 ; BIT 2, <2:0>, TAXA DO PRESCALE
                            R
                      00015         #DEFINE         BIT_PS1         OPTION_REG, PS1                 ; BIT 1
                      00016         #DEFINE         BIT_PS0         OPTION_REG, PS0                 ; BIT 0
                      00017         
                      00018         ;GERAL
                      00019         #DEFINE         BANCO0          BCF             STATUS, RP0             ;BIT 5
                      00020         #DEFINE         BANCO1          BSF             STATUS, RP0             ;BIT 5
                      00021         
                      00022 ;++++++++++++++++++++++++++++++++++++++++++++++++++++++++++++++++++++++++++++++
                      00023 
Warning[207]: Found label after column 1. (TEMPO1)
  0000000C            00024         TEMPO1          EQU                     0X0C
                      00025 
                      00026 ;++++++++++++++++++++++++++++++++++++++++++++++++++++++++++++++++++++++++++++++
                      00027 
0000                  00028         ORG                     0X00
0000   2805           00029         GOTO            INICIO
                      00030         
0004                  00031         ORG                     0X04
0004   0009           00032         RETFIE
                      00033         
                      00034 ;++++++++++++++++++++++++++++++++++++++++++++++++++++++++++++++++++++++++++++++
                      00035 
0005                  00036 INICIO:
                      00037         
0005   1683           00038         BANCO1                                                                  ;PODERIA USAR: BANKSEL T
                            RISB
Message[302]: Register in operand not in bank 0.  Ensure that bank bits are correct.
MPASM  5.51                       AULA055.ASM   6-18-2023  14:32:08         PAGE  2
AULA55- TIMER 0

LOC  OBJECT CODE     LINE SOURCE TEXT
  VALUE

0006   0186           00039         CLRF            TRISB                                           ;PORT B COMO SAÍDA
0007   018B           00040         CLRF            INTCON                                          ;INICIA/LIMPA TODAS AS INTERRUPÇ
                            ÕES E FLAGS
                      00041         
Message[302]: Register in operand not in bank 0.  Ensure that bank bits are correct.
0008   1281           00042         BCF                     INC_TIMER0                                      ;INCREMENTO DO TIMER 0 V
                            IA OSCILADOR (T0CS<5>)
Message[302]: Register in operand not in bank 0.  Ensure that bank bits are correct.
0009   1181           00043         BCF                     PRESCALER                                       ;PRESCALER PARA TIMER 0 
                            (PSA<3>)
Message[302]: Register in operand not in bank 0.  Ensure that bank bits are correct.
000A   1501           00044         BSF                     BIT_PS2                                         ;PS<2:0> PRESCALER 1:256
Message[302]: Register in operand not in bank 0.  Ensure that bank bits are correct.
000B   1481           00045         BSF                     BIT_PS1
Message[302]: Register in operand not in bank 0.  Ensure that bank bits are correct.
000C   1401           00046         BSF                     BIT_PS0
                      00047         
000D   1283           00048         BANCO0                                                                  ;PODERIA USAR: BANKSEL P
                            ORTB
000E   0186           00049         CLRF            PORTB
000F   0181           00050         CLRF            TMR0                                            ;ZERA O TMR0
0010   3000           00051         MOVLW           D'0'
                      00052 
0011                  00053 LOOP:
Message[305]: Using default destination of 1 (file).
0011   0986           00054         COMF            PORTB                                           ;INVERTE O PORT B
0012   2018           00055         CALL            DELAY                                           
Message[305]: Using default destination of 1 (file).
0013   0786           00056         ADDWF           PORTB                                           ;PORTB = PORTB + W
0014   2018           00057         CALL            DELAY
Message[305]: Using default destination of 1 (file).
0015   0E86           00058         SWAPF           PORTB                                           ;INVERTE MSB COM LSB NO PORT B
0016   2018           00059         CALL            DELAY
0017   2811           00060         GOTO            LOOP
                      00061         
0018                  00062 DELAY:
0018   3008           00063         MOVLW           D'8'
0019   008C           00064         MOVWF           TEMPO1
001A                  00065 M2
001A   110B           00066         BCF                     FLAG
001B   300C           00067         MOVLW           D'12'
001C   0081           00068         MOVWF           TMR0
001D                  00069 M1:
001D   1D0B           00070         BTFSS           FLAG
001E   281D           00071         GOTO            M1
Message[305]: Using default destination of 1 (file).
001F   0B8C           00072         DECFSZ          TEMPO1
0020   281A           00073         GOTO            M2              
                      00074 
0021   0008           00075         RETURN
                      00076                 
                      00077         END
MPASM  5.51                       AULA055.ASM   6-18-2023  14:32:08         PAGE  3
AULA55- TIMER 0

SYMBOL TABLE
  LABEL                             VALUE 

BANCO0                            BCF             STATUS, RP0
BANCO1                            BSF             STATUS, RP0
BIT_PS0                           OPTION_REG, PS0
BIT_PS1                           OPTION_REG, PS1
BIT_PS2                           OPTION_REG, PS2
C                                 00000000
DC                                00000001
DELAY                             00000018
EEADR                             00000009
EECON1                            00000088
EECON2                            00000089
EEDATA                            00000008
EEIE                              00000006
EEIF                              00000004
F                                 00000001
FLAG                              INTCON, T0IF
FSR                               00000004
GIE                               00000007
INC_TIMER0                        OPTION_REG, T0CS
INDF                              00000000
INICIO                            00000005
INTCON                            0000000B
INTE                              00000004
INTEDG                            00000006
INTF                              00000001
IRP                               00000007
LOOP                              00000011
M1                                0000001D
M2                                0000001A
NOT_PD                            00000003
NOT_RBPU                          00000007
NOT_TO                            00000004
OPTION_REG                        00000081
PCL                               00000002
PCLATH                            0000000A
PORTA                             00000005
PORTB                             00000006
PRESCALER                         OPTION_REG, PSA
PS0                               00000000
PS1                               00000001
PS2                               00000002
PSA                               00000003
RA0                               00000000
RA1                               00000001
RA2                               00000002
RA3                               00000003
RA4                               00000004
RB0                               00000000
RB1                               00000001
RB2                               00000002
RB3                               00000003
RB4                               00000004
RB5                               00000005
MPASM  5.51                       AULA055.ASM   6-18-2023  14:32:08         PAGE  4
AULA55- TIMER 0

SYMBOL TABLE
  LABEL                             VALUE 

RB6                               00000006
RB7                               00000007
RBIE                              00000003
RBIF                              00000000
RD                                00000000
RP0                               00000005
RP1                               00000006
STATUS                            00000003
T0CS                              00000005
T0IE                              00000005
T0IF                              00000002
T0SE                              00000004
TEMPO1                            0000000C
TMR0                              00000001
TMR0IE                            00000005
TMR0IF                            00000002
TRISA                             00000085
TRISA0                            00000000
TRISA1                            00000001
TRISA2                            00000002
TRISA3                            00000003
TRISA4                            00000004
TRISB                             00000086
TRISB0                            00000000
TRISB1                            00000001
TRISB2                            00000002
TRISB3                            00000003
TRISB4                            00000004
TRISB5                            00000005
TRISB6                            00000006
TRISB7                            00000007
W                                 00000000
WR                                00000001
WREN                              00000002
WRERR                             00000003
Z                                 00000002
_CONFIG                           00002007
_CP_OFF                           00003FFF
_CP_ON                            0000000F
_DEVID1                           00002006
_FOSC_EXTRC                       00003FFF
_FOSC_HS                          00003FFE
_FOSC_LP                          00003FFC
_FOSC_XT                          00003FFD
_HS_OSC                           00003FFE
_IDLOC0                           00002000
_IDLOC1                           00002001
_IDLOC2                           00002002
_IDLOC3                           00002003
_LP_OSC                           00003FFC
_PWRTE_OFF                        00003FFF
_PWRTE_ON                         00003FF7
_RC_OSC                           00003FFF
MPASM  5.51                       AULA055.ASM   6-18-2023  14:32:08         PAGE  5
AULA55- TIMER 0

SYMBOL TABLE
  LABEL                             VALUE 

_WDTE_OFF                         00003FFB
_WDTE_ON                          00003FFF
_WDT_OFF                          00003FFB
_WDT_ON                           00003FFF
_XT_OSC                           00003FFD
__16F84A                          00000001
__DEBUG                           1


MEMORY USAGE MAP ('X' = Used,  '-' = Unused)

0000 : X---XXXXXXXXXXXX XXXXXXXXXXXXXXXX XX-------------- ----------------
2000 : -------X-------- ---------------- ---------------- ----------------

All other memory blocks unused.

Program Memory Words Used:    31
Program Memory Words Free:   993


Errors   :     0
Warnings :     1 reported,     0 suppressed
Messages :    10 reported,     0 suppressed

