
ROM used:   165/1024 (16%)
            165/1024 (16%) including unused fragments

            0.3 Average locations per line
            5.3 Average locations per statement

RAM used:   6/64 (9%) at main() level
            7/64 (11%) worst case

Stack used: 0 worst case (0 in main + 0 for interrupts)
Stack size: 8

Lines Stmts  %   Files
----- ----- ---  -----
   49    31 100  main.c
   10     0   0  main.h
  487     0   0  ..\..\..\..\..\..\..\Program Files (x86)\PICC\Devices\12F675.h
----- -----
  546    31 Total

Page ROM  %  RAM   Vol Diff  Functions:
---- --- --- ---   --- ----  ----------
0     20  12    1             @delay_ms1
0    135  82    0   803  4.4  main
 Inline         0             @cinit1

Program metrics:
    Functions               1
    Statements              31
    Comments                90
    Volume (V)              808
    Difficulty (D)          4.2
    Effort to implement (E) 3406
    Time to implement (T)   3 minutes
    Est Delivered Bugs (B)  0
    Cyclomatic Complexity   4
    Maintainability (MI)    122

 Segment     Used  Free
-----------  ----  ----
00000-00003     4  0  
00004-003FF   161  859  



