;  LST file generated by mikroListExporter - v.2.0 
; Date/Time: 07/06/2023 19:16:29
;----------------------------------------------

;Address Opcode 	ASM
0x0000	0xF001EF0F  	GOTO        542
0x0004	0x0000      	NOP
0x0006	0x0000      	NOP
0x0008	0xF000EF00  	GOTO        0
0x000C	0x0000      	NOP
0x000E	0x0000      	NOP
0x0010	0x0000      	NOP
0x0012	0x0000      	NOP
0x0014	0x0000      	NOP
0x0016	0x0000      	NOP
0x0018	0xD7F3      	BRA         0
_Delay_1us:
;__Lib_Delays.c,7 :: 		void Delay_1us() {
;__Lib_Delays.c,8 :: 		Delay_us(1);
0x001C	0x0000      	NOP
0x001E	0x0000      	NOP
;__Lib_Delays.c,9 :: 		}
0x0020	0x0012      	RETURN      0
; end of _Delay_1us
_Delay_5500us:
;__Lib_Delays.c,31 :: 		void Delay_5500us() {
;__Lib_Delays.c,32 :: 		Delay_us(5500);
0x0022	0x0E0F      	MOVLW       15
0x0024	0x6E0C      	MOVWF       R12, 0
0x0026	0x0E47      	MOVLW       71
0x0028	0x6E0D      	MOVWF       R13, 0
L_Delay_5500us5:
0x002A	0x2E0D      	DECFSZ      R13, 1, 0
0x002C	0xD7FE      	BRA         L_Delay_5500us5
0x002E	0x2E0C      	DECFSZ      R12, 1, 0
0x0030	0xD7FC      	BRA         L_Delay_5500us5
0x0032	0x0000      	NOP
0x0034	0x0000      	NOP
;__Lib_Delays.c,33 :: 		}
0x0036	0x0012      	RETURN      0
; end of _Delay_5500us
_Delay_50us:
;__Lib_Delays.c,19 :: 		void Delay_50us() {
;__Lib_Delays.c,20 :: 		Delay_us(50);
0x0038	0x0E21      	MOVLW       33
0x003A	0x6E0D      	MOVWF       R13, 0
L_Delay_50us2:
0x003C	0x2E0D      	DECFSZ      R13, 1, 0
0x003E	0xD7FE      	BRA         L_Delay_50us2
;__Lib_Delays.c,21 :: 		}
0x0040	0x0012      	RETURN      0
; end of _Delay_50us
_Lcd_Cmd:
;__Lib_Lcd.c,18 :: 		
;__Lib_Lcd.c,20 :: 		
0x0042	0x0100      	MOVLB       0
0x0044	0xBFAF      	BTFSC       FARG_Lcd_Cmd_out_char, 7, 1
0x0046	0xD002      	BRA         L__Lcd_Cmd20
0x0048	0x9E83      	BCF         LCD_D7, BitPos(LCD_D7+0) 
0x004A	0xD001      	BRA         L__Lcd_Cmd21
L__Lcd_Cmd20:
0x004C	0x8E83      	BSF         LCD_D7, BitPos(LCD_D7+0) 
L__Lcd_Cmd21:
;__Lib_Lcd.c,21 :: 		
0x004E	0xBDAF      	BTFSC       FARG_Lcd_Cmd_out_char, 6, 1
0x0050	0xD002      	BRA         L__Lcd_Cmd22
0x0052	0x9C83      	BCF         LCD_D6, BitPos(LCD_D6+0) 
0x0054	0xD001      	BRA         L__Lcd_Cmd23
L__Lcd_Cmd22:
0x0056	0x8C83      	BSF         LCD_D6, BitPos(LCD_D6+0) 
L__Lcd_Cmd23:
;__Lib_Lcd.c,22 :: 		
0x0058	0xBBAF      	BTFSC       FARG_Lcd_Cmd_out_char, 5, 1
0x005A	0xD002      	BRA         L__Lcd_Cmd24
0x005C	0x9A83      	BCF         LCD_D5, BitPos(LCD_D5+0) 
0x005E	0xD001      	BRA         L__Lcd_Cmd25
L__Lcd_Cmd24:
0x0060	0x8A83      	BSF         LCD_D5, BitPos(LCD_D5+0) 
L__Lcd_Cmd25:
;__Lib_Lcd.c,23 :: 		
0x0062	0xB9AF      	BTFSC       FARG_Lcd_Cmd_out_char, 4, 1
0x0064	0xD002      	BRA         L__Lcd_Cmd26
0x0066	0x9883      	BCF         LCD_D4, BitPos(LCD_D4+0) 
0x0068	0xD001      	BRA         L__Lcd_Cmd27
L__Lcd_Cmd26:
0x006A	0x8883      	BSF         LCD_D4, BitPos(LCD_D4+0) 
L__Lcd_Cmd27:
;__Lib_Lcd.c,25 :: 		
0x006C	0xB1A6      	BTFSC       __Lib_Lcd_cmd_status, BitPos(__Lib_Lcd_cmd_status+0), 1
0x006E	0xD002      	BRA         L__Lcd_Cmd28
0x0070	0x8683      	BSF         LCD_RS, BitPos(LCD_RS+0) 
0x0072	0xD001      	BRA         L__Lcd_Cmd29
L__Lcd_Cmd28:
0x0074	0x9683      	BCF         LCD_RS, BitPos(LCD_RS+0) 
L__Lcd_Cmd29:
;__Lib_Lcd.c,28 :: 		
0x0076	0x8483      	BSF         LCD_EN, BitPos(LCD_EN+0) 
;__Lib_Lcd.c,29 :: 		
0x0078	0xDFD1      	RCALL       _Delay_1us
;__Lib_Lcd.c,30 :: 		
0x007A	0x9483      	BCF         LCD_EN, BitPos(LCD_EN+0) 
;__Lib_Lcd.c,33 :: 		
0x007C	0xB7AF      	BTFSC       FARG_Lcd_Cmd_out_char, 3, 1
0x007E	0xD002      	BRA         L__Lcd_Cmd30
0x0080	0x9E83      	BCF         LCD_D7, BitPos(LCD_D7+0) 
0x0082	0xD001      	BRA         L__Lcd_Cmd31
L__Lcd_Cmd30:
0x0084	0x8E83      	BSF         LCD_D7, BitPos(LCD_D7+0) 
L__Lcd_Cmd31:
;__Lib_Lcd.c,34 :: 		
0x0086	0xB5AF      	BTFSC       FARG_Lcd_Cmd_out_char, 2, 1
0x0088	0xD002      	BRA         L__Lcd_Cmd32
0x008A	0x9C83      	BCF         LCD_D6, BitPos(LCD_D6+0) 
0x008C	0xD001      	BRA         L__Lcd_Cmd33
L__Lcd_Cmd32:
0x008E	0x8C83      	BSF         LCD_D6, BitPos(LCD_D6+0) 
L__Lcd_Cmd33:
;__Lib_Lcd.c,35 :: 		
0x0090	0xB3AF      	BTFSC       FARG_Lcd_Cmd_out_char, 1, 1
0x0092	0xD002      	BRA         L__Lcd_Cmd34
0x0094	0x9A83      	BCF         LCD_D5, BitPos(LCD_D5+0) 
0x0096	0xD001      	BRA         L__Lcd_Cmd35
L__Lcd_Cmd34:
0x0098	0x8A83      	BSF         LCD_D5, BitPos(LCD_D5+0) 
L__Lcd_Cmd35:
;__Lib_Lcd.c,36 :: 		
0x009A	0xB1AF      	BTFSC       FARG_Lcd_Cmd_out_char, 0, 1
0x009C	0xD002      	BRA         L__Lcd_Cmd36
0x009E	0x9883      	BCF         LCD_D4, BitPos(LCD_D4+0) 
0x00A0	0xD001      	BRA         L__Lcd_Cmd37
L__Lcd_Cmd36:
0x00A2	0x8883      	BSF         LCD_D4, BitPos(LCD_D4+0) 
L__Lcd_Cmd37:
;__Lib_Lcd.c,38 :: 		
0x00A4	0xB1A6      	BTFSC       __Lib_Lcd_cmd_status, BitPos(__Lib_Lcd_cmd_status+0), 1
0x00A6	0xD002      	BRA         L__Lcd_Cmd38
0x00A8	0x8683      	BSF         LCD_RS, BitPos(LCD_RS+0) 
0x00AA	0xD001      	BRA         L__Lcd_Cmd39
L__Lcd_Cmd38:
0x00AC	0x9683      	BCF         LCD_RS, BitPos(LCD_RS+0) 
L__Lcd_Cmd39:
;__Lib_Lcd.c,40 :: 		
0x00AE	0x8483      	BSF         LCD_EN, BitPos(LCD_EN+0) 
;__Lib_Lcd.c,41 :: 		
0x00B0	0xDFB5      	RCALL       _Delay_1us
;__Lib_Lcd.c,42 :: 		
0x00B2	0x9483      	BCF         LCD_EN, BitPos(LCD_EN+0) 
;__Lib_Lcd.c,44 :: 		
0x00B4	0xA1A6      	BTFSS       __Lib_Lcd_cmd_status, BitPos(__Lib_Lcd_cmd_status+0), 1
0x00B6	0xD002      	BRA         L_Lcd_Cmd0
;__Lib_Lcd.c,45 :: 		
0x00B8	0xDFB4      	RCALL       _Delay_5500us
0x00BA	0xD001      	BRA         L_Lcd_Cmd1
L_Lcd_Cmd0:
;__Lib_Lcd.c,47 :: 		
0x00BC	0xDFBD      	RCALL       _Delay_50us
L_Lcd_Cmd1:
;__Lib_Lcd.c,48 :: 		
0x00BE	0x0012      	RETURN      0
; end of _Lcd_Cmd
_Keypad_Key_Press:
;__Lib_Keypad4x4.c,38 :: 		
;__Lib_Keypad4x4.c,42 :: 		
0x00C0	0x0100      	MOVLB       0
0x00C2	0x6BAA      	CLRF        Keypad_Key_Press_rslt_L0, 1
;__Lib_Keypad4x4.c,43 :: 		
0x00C4	0x6BAC      	CLRF        Keypad_Key_Press_loc_L0, 1
;__Lib_Keypad4x4.c,44 :: 		
0x00C6	0x6BAD      	CLRF        Keypad_Key_Press_rowcnt_L0, 1
;__Lib_Keypad4x4.c,45 :: 		
0x00C8	0x0E10      	MOVLW       16
0x00CA	0x6FAE      	MOVWF       Keypad_Key_Press_shifter_L0, 1
;__Lib_Keypad4x4.c,47 :: 		
L_Keypad_Key_Press0:
0x00CC	0x0E04      	MOVLW       4
0x00CE	0x5DAD      	SUBWF       Keypad_Key_Press_rowcnt_L0, 0, 1
0x00D0	0xE21D      	BC          L_Keypad_Key_Press1
;__Lib_Keypad4x4.c,49 :: 		
0x00D2	0x0EF0      	MOVLW       240
0x00D4	0x6E81      	MOVWF       keypadPort 
;__Lib_Keypad4x4.c,50 :: 		
0x00D6	0x1DAE      	COMF        Keypad_Key_Press_shifter_L0, 0, 1
0x00D8	0x6E93      	MOVWF       keypadPort+18 
;__Lib_Keypad4x4.c,54 :: 		
0x00DA	0xDFA0      	RCALL       _Delay_1us
;__Lib_Keypad4x4.c,55 :: 		
0x00DC	0xDF9F      	RCALL       _Delay_1us
;__Lib_Keypad4x4.c,56 :: 		
0x00DE	0x0E0F      	MOVLW       15
0x00E0	0x1481      	ANDWF       keypadPort, 0 
0x00E2	0x6E00      	MOVWF       R0 
0x00E4	0xF0ABC000  	MOVFF       R0, Keypad_Key_Press_kdata_L0
;__Lib_Keypad4x4.c,57 :: 		
0x00E8	0x5200      	MOVF        R0, 1 
0x00EA	0xE00A      	BZ          L_Keypad_Key_Press2
;__Lib_Keypad4x4.c,59 :: 		
0x00EC	0xF0AAC0AC  	MOVFF       Keypad_Key_Press_loc_L0, Keypad_Key_Press_rslt_L0
;__Lib_Keypad4x4.c,60 :: 		
L_Keypad_Key_Press3:
0x00F0	0x53AB      	MOVF        Keypad_Key_Press_kdata_L0, 1, 1
0x00F2	0xE004      	BZ          L_Keypad_Key_Press4
;__Lib_Keypad4x4.c,61 :: 		
0x00F4	0x33AB      	RRCF        Keypad_Key_Press_kdata_L0, 1, 1
0x00F6	0x9FAB      	BCF         Keypad_Key_Press_kdata_L0, 7, 1
;__Lib_Keypad4x4.c,62 :: 		
0x00F8	0x2BAA      	INCF        Keypad_Key_Press_rslt_L0, 1, 1
;__Lib_Keypad4x4.c,63 :: 		
0x00FA	0xD7FA      	BRA         L_Keypad_Key_Press3
L_Keypad_Key_Press4:
;__Lib_Keypad4x4.c,65 :: 		
0x00FC	0x0E04      	MOVLW       4
0x00FE	0x6FAD      	MOVWF       Keypad_Key_Press_rowcnt_L0, 1
;__Lib_Keypad4x4.c,66 :: 		
L_Keypad_Key_Press2:
;__Lib_Keypad4x4.c,67 :: 		
0x0100	0x37AE      	RLCF        Keypad_Key_Press_shifter_L0, 1, 1
0x0102	0x91AE      	BCF         Keypad_Key_Press_shifter_L0, 0, 1
;__Lib_Keypad4x4.c,68 :: 		
0x0104	0x0E04      	MOVLW       4
0x0106	0x27AC      	ADDWF       Keypad_Key_Press_loc_L0, 1, 1
;__Lib_Keypad4x4.c,69 :: 		
0x0108	0x2BAD      	INCF        Keypad_Key_Press_rowcnt_L0, 1, 1
;__Lib_Keypad4x4.c,70 :: 		
0x010A	0xD7E0      	BRA         L_Keypad_Key_Press0
L_Keypad_Key_Press1:
;__Lib_Keypad4x4.c,72 :: 		
0x010C	0xF000C0AA  	MOVFF       Keypad_Key_Press_rslt_L0, R0
;__Lib_Keypad4x4.c,73 :: 		
0x0110	0x0012      	RETURN      0
; end of _Keypad_Key_Press
_Lcd_Chr_CP:
;__Lib_Lcd.c,50 :: 		
;__Lib_Lcd.c,52 :: 		
0x0112	0x0100      	MOVLB       0
0x0114	0x91A6      	BCF         __Lib_Lcd_cmd_status, BitPos(__Lib_Lcd_cmd_status+0), 1
;__Lib_Lcd.c,53 :: 		
0x0116	0xF0AFC0AA  	MOVFF       FARG_Lcd_Chr_CP_out_char, FARG_Lcd_Cmd_out_char
0x011A	0xDF93      	RCALL       _Lcd_Cmd
;__Lib_Lcd.c,54 :: 		
0x011C	0x81A6      	BSF         __Lib_Lcd_cmd_status, BitPos(__Lib_Lcd_cmd_status+0), 1
;__Lib_Lcd.c,55 :: 		
0x011E	0x0012      	RETURN      0
; end of _Lcd_Chr_CP
_Delay_10us:
;__Lib_Delays.c,11 :: 		void Delay_10us() {
;__Lib_Delays.c,12 :: 		Delay_us(10);
0x0120	0x0E06      	MOVLW       6
0x0122	0x6E0D      	MOVWF       R13, 0
L_Delay_10us0:
0x0124	0x2E0D      	DECFSZ      R13, 1, 0
0x0126	0xD7FE      	BRA         L_Delay_10us0
0x0128	0x0000      	NOP
;__Lib_Delays.c,13 :: 		}
0x012A	0x0012      	RETURN      0
; end of _Delay_10us
_Lcd_Init:
;__Lib_Lcd.c,84 :: 		
;__Lib_Lcd.c,86 :: 		
0x012C	0x9495      	BCF         LCD_EN_Direction, BitPos(LCD_EN_Direction+0) 
;__Lib_Lcd.c,87 :: 		
0x012E	0x9695      	BCF         LCD_RS_Direction, BitPos(LCD_RS_Direction+0) 
;__Lib_Lcd.c,88 :: 		
0x0130	0x9895      	BCF         LCD_D4_Direction, BitPos(LCD_D4_Direction+0) 
;__Lib_Lcd.c,89 :: 		
0x0132	0x9A95      	BCF         LCD_D5_Direction, BitPos(LCD_D5_Direction+0) 
;__Lib_Lcd.c,90 :: 		
0x0134	0x9C95      	BCF         LCD_D6_Direction, BitPos(LCD_D6_Direction+0) 
;__Lib_Lcd.c,91 :: 		
0x0136	0x9E95      	BCF         LCD_D7_Direction, BitPos(LCD_D7_Direction+0) 
;__Lib_Lcd.c,93 :: 		
0x0138	0x9483      	BCF         LCD_EN, BitPos(LCD_EN+0) 
;__Lib_Lcd.c,94 :: 		
0x013A	0x9683      	BCF         LCD_RS, BitPos(LCD_RS+0) 
;__Lib_Lcd.c,95 :: 		
0x013C	0x9E83      	BCF         LCD_D7, BitPos(LCD_D7+0) 
;__Lib_Lcd.c,96 :: 		
0x013E	0x9C83      	BCF         LCD_D6, BitPos(LCD_D6+0) 
;__Lib_Lcd.c,97 :: 		
0x0140	0x9A83      	BCF         LCD_D5, BitPos(LCD_D5+0) 
;__Lib_Lcd.c,98 :: 		
0x0142	0x9883      	BCF         LCD_D4, BitPos(LCD_D4+0) 
;__Lib_Lcd.c,100 :: 		
0x0144	0xDF6E      	RCALL       _Delay_5500us
;__Lib_Lcd.c,101 :: 		
0x0146	0xDF6D      	RCALL       _Delay_5500us
;__Lib_Lcd.c,102 :: 		
0x0148	0xDF6C      	RCALL       _Delay_5500us
;__Lib_Lcd.c,105 :: 		
0x014A	0x8A83      	BSF         LCD_D5, BitPos(LCD_D5+0) 
;__Lib_Lcd.c,106 :: 		
0x014C	0x8883      	BSF         LCD_D4, BitPos(LCD_D4+0) 
;__Lib_Lcd.c,107 :: 		
0x014E	0x8483      	BSF         LCD_EN, BitPos(LCD_EN+0) 
;__Lib_Lcd.c,108 :: 		
0x0150	0xDF65      	RCALL       _Delay_1us
;__Lib_Lcd.c,109 :: 		
0x0152	0x9483      	BCF         LCD_EN, BitPos(LCD_EN+0) 
;__Lib_Lcd.c,110 :: 		
0x0154	0xDF66      	RCALL       _Delay_5500us
;__Lib_Lcd.c,112 :: 		
0x0156	0x8483      	BSF         LCD_EN, BitPos(LCD_EN+0) 
;__Lib_Lcd.c,113 :: 		
0x0158	0xDF61      	RCALL       _Delay_1us
;__Lib_Lcd.c,114 :: 		
0x015A	0x9483      	BCF         LCD_EN, BitPos(LCD_EN+0) 
;__Lib_Lcd.c,115 :: 		
0x015C	0xDF62      	RCALL       _Delay_5500us
;__Lib_Lcd.c,117 :: 		
0x015E	0x8483      	BSF         LCD_EN, BitPos(LCD_EN+0) 
;__Lib_Lcd.c,118 :: 		
0x0160	0xDF5D      	RCALL       _Delay_1us
;__Lib_Lcd.c,119 :: 		
0x0162	0x9483      	BCF         LCD_EN, BitPos(LCD_EN+0) 
;__Lib_Lcd.c,120 :: 		
0x0164	0xDF5E      	RCALL       _Delay_5500us
;__Lib_Lcd.c,123 :: 		
0x0166	0x9883      	BCF         LCD_D4, BitPos(LCD_D4+0) 
;__Lib_Lcd.c,124 :: 		
0x0168	0x8483      	BSF         LCD_EN, BitPos(LCD_EN+0) 
;__Lib_Lcd.c,125 :: 		
0x016A	0xDF58      	RCALL       _Delay_1us
;__Lib_Lcd.c,126 :: 		
0x016C	0x9483      	BCF         LCD_EN, BitPos(LCD_EN+0) 
;__Lib_Lcd.c,127 :: 		
0x016E	0xDF59      	RCALL       _Delay_5500us
;__Lib_Lcd.c,130 :: 		
0x0170	0x8483      	BSF         LCD_EN, BitPos(LCD_EN+0) 
;__Lib_Lcd.c,131 :: 		
0x0172	0xDF54      	RCALL       _Delay_1us
;__Lib_Lcd.c,132 :: 		
0x0174	0x9483      	BCF         LCD_EN, BitPos(LCD_EN+0) 
;__Lib_Lcd.c,134 :: 		
0x0176	0x9A83      	BCF         LCD_D5, BitPos(LCD_D5+0) 
;__Lib_Lcd.c,135 :: 		
0x0178	0x8E83      	BSF         LCD_D7, BitPos(LCD_D7+0) 
;__Lib_Lcd.c,136 :: 		
0x017A	0x8483      	BSF         LCD_EN, BitPos(LCD_EN+0) 
;__Lib_Lcd.c,137 :: 		
0x017C	0xDF4F      	RCALL       _Delay_1us
;__Lib_Lcd.c,138 :: 		
0x017E	0x9483      	BCF         LCD_EN, BitPos(LCD_EN+0) 
;__Lib_Lcd.c,139 :: 		
0x0180	0xDF50      	RCALL       _Delay_5500us
;__Lib_Lcd.c,142 :: 		
0x0182	0x9E83      	BCF         LCD_D7, BitPos(LCD_D7+0) 
;__Lib_Lcd.c,143 :: 		
0x0184	0x8883      	BSF         LCD_D4, BitPos(LCD_D4+0) 
;__Lib_Lcd.c,144 :: 		
0x0186	0x8483      	BSF         LCD_EN, BitPos(LCD_EN+0) 
;__Lib_Lcd.c,145 :: 		
0x0188	0xDF49      	RCALL       _Delay_1us
;__Lib_Lcd.c,146 :: 		
0x018A	0x9483      	BCF         LCD_EN, BitPos(LCD_EN+0) 
;__Lib_Lcd.c,148 :: 		
0x018C	0x9883      	BCF         LCD_D4, BitPos(LCD_D4+0) 
;__Lib_Lcd.c,149 :: 		
0x018E	0x8483      	BSF         LCD_EN, BitPos(LCD_EN+0) 
;__Lib_Lcd.c,150 :: 		
0x0190	0xDF45      	RCALL       _Delay_1us
;__Lib_Lcd.c,151 :: 		
0x0192	0x9483      	BCF         LCD_EN, BitPos(LCD_EN+0) 
;__Lib_Lcd.c,152 :: 		
0x0194	0xDF46      	RCALL       _Delay_5500us
;__Lib_Lcd.c,155 :: 		
0x0196	0x8483      	BSF         LCD_EN, BitPos(LCD_EN+0) 
;__Lib_Lcd.c,156 :: 		
0x0198	0xDF41      	RCALL       _Delay_1us
;__Lib_Lcd.c,157 :: 		
0x019A	0x9483      	BCF         LCD_EN, BitPos(LCD_EN+0) 
;__Lib_Lcd.c,159 :: 		
0x019C	0x8883      	BSF         LCD_D4, BitPos(LCD_D4+0) 
;__Lib_Lcd.c,160 :: 		
0x019E	0x8483      	BSF         LCD_EN, BitPos(LCD_EN+0) 
;__Lib_Lcd.c,161 :: 		
0x01A0	0xDF3D      	RCALL       _Delay_1us
;__Lib_Lcd.c,162 :: 		
0x01A2	0x9483      	BCF         LCD_EN, BitPos(LCD_EN+0) 
;__Lib_Lcd.c,163 :: 		
0x01A4	0xDF3E      	RCALL       _Delay_5500us
;__Lib_Lcd.c,166 :: 		
0x01A6	0x9883      	BCF         LCD_D4, BitPos(LCD_D4+0) 
;__Lib_Lcd.c,167 :: 		
0x01A8	0x8483      	BSF         LCD_EN, BitPos(LCD_EN+0) 
;__Lib_Lcd.c,168 :: 		
0x01AA	0xDF38      	RCALL       _Delay_1us
;__Lib_Lcd.c,169 :: 		
0x01AC	0x9483      	BCF         LCD_EN, BitPos(LCD_EN+0) 
;__Lib_Lcd.c,171 :: 		
0x01AE	0x8E83      	BSF         LCD_D7, BitPos(LCD_D7+0) 
;__Lib_Lcd.c,172 :: 		
0x01B0	0x8C83      	BSF         LCD_D6, BitPos(LCD_D6+0) 
;__Lib_Lcd.c,173 :: 		
0x01B2	0x8A83      	BSF         LCD_D5, BitPos(LCD_D5+0) 
;__Lib_Lcd.c,174 :: 		
0x01B4	0x8883      	BSF         LCD_D4, BitPos(LCD_D4+0) 
;__Lib_Lcd.c,175 :: 		
0x01B6	0x8483      	BSF         LCD_EN, BitPos(LCD_EN+0) 
;__Lib_Lcd.c,176 :: 		
0x01B8	0xDF31      	RCALL       _Delay_1us
;__Lib_Lcd.c,177 :: 		
0x01BA	0x9483      	BCF         LCD_EN, BitPos(LCD_EN+0) 
;__Lib_Lcd.c,179 :: 		
0x01BC	0xDF32      	RCALL       _Delay_5500us
;__Lib_Lcd.c,181 :: 		
0x01BE	0x0100      	MOVLB       0
0x01C0	0x81A6      	BSF         __Lib_Lcd_cmd_status, BitPos(__Lib_Lcd_cmd_status+0), 1
;__Lib_Lcd.c,182 :: 		
0x01C2	0x0012      	RETURN      0
; end of _Lcd_Init
___CC2DW:
;__Lib_System.c,21 :: 		
;__Lib_System.c,23 :: 		
_CC2DL_Loop1:
;__Lib_System.c,24 :: 		
0x01C4	0x0009      	TBLRD*+
;__Lib_System.c,25 :: 		
0x01C6	0xFFE6CFF5  	MOVFF       TABLAT, POSTINC1
;__Lib_System.c,26 :: 		
0x01CA	0x0600      	DECF        R0, 1, 0
;__Lib_System.c,27 :: 		
0x01CC	0xE1FB      	BNZ         _CC2DL_Loop1
;__Lib_System.c,28 :: 		
0x01CE	0x0601      	DECF        R1, 1, 0
;__Lib_System.c,29 :: 		
0x01D0	0xE1F9      	BNZ         _CC2DL_Loop1
;__Lib_System.c,31 :: 		
0x01D2	0x0012      	RETURN      0
; end of ___CC2DW
_Keypad_Init:
;__Lib_Keypad4x4.c,33 :: 		
;__Lib_Keypad4x4.c,34 :: 		
0x01D4	0x0EFF      	MOVLW       255
0x01D6	0x6E93      	MOVWF       keypadPort+18 
;__Lib_Keypad4x4.c,35 :: 		
0x01D8	0x0012      	RETURN      0
; end of _Keypad_Init
_Lcd_Out_CP:
;__Lib_Lcd.c,57 :: 		
;__Lib_Lcd.c,59 :: 		
0x01DA	0x0100      	MOVLB       0
0x01DC	0x6BA9      	CLRF        Lcd_Out_CP_i_L0, 1
;__Lib_Lcd.c,60 :: 		
L_Lcd_Out_CP2:
0x01DE	0x51A9      	MOVF        Lcd_Out_CP_i_L0, 0, 1
0x01E0	0x25A7      	ADDWF       FARG_Lcd_Out_CP_text, 0, 1
0x01E2	0x6EE9      	MOVWF       FSR0L 
0x01E4	0x0E00      	MOVLW       0
0x01E6	0x21A8      	ADDWFC      FARG_Lcd_Out_CP_text+1, 0, 1
0x01E8	0x6EEA      	MOVWF       FSR0H 
0x01EA	0x52EE      	MOVF        POSTINC0, 1 
0x01EC	0xE00B      	BZ          L_Lcd_Out_CP3
;__Lib_Lcd.c,61 :: 		
0x01EE	0x51A9      	MOVF        Lcd_Out_CP_i_L0, 0, 1
0x01F0	0x25A7      	ADDWF       FARG_Lcd_Out_CP_text, 0, 1
0x01F2	0x6EE9      	MOVWF       FSR0L 
0x01F4	0x0E00      	MOVLW       0
0x01F6	0x21A8      	ADDWFC      FARG_Lcd_Out_CP_text+1, 0, 1
0x01F8	0x6EEA      	MOVWF       FSR0H 
0x01FA	0xF0AACFEE  	MOVFF       POSTINC0, FARG_Lcd_Chr_CP_out_char
0x01FE	0xDF89      	RCALL       _Lcd_Chr_CP
0x0200	0x2BA9      	INCF        Lcd_Out_CP_i_L0, 1, 1
;__Lib_Lcd.c,62 :: 		
0x0202	0xD7ED      	BRA         L_Lcd_Out_CP2
L_Lcd_Out_CP3:
;__Lib_Lcd.c,63 :: 		
0x0204	0x0012      	RETURN      0
; end of _Lcd_Out_CP
_Keypad_Key_Click:
;__Lib_Keypad4x4.c,76 :: 		
;__Lib_Keypad4x4.c,80 :: 		
0x0206	0xDF5C      	RCALL       _Keypad_Key_Press
0x0208	0xF0A7C000  	MOVFF       R0, Keypad_Key_Click_rslt_L0
;__Lib_Keypad4x4.c,82 :: 		
L_Keypad_Key_Click5:
0x020C	0x0E0F      	MOVLW       15
0x020E	0x1481      	ANDWF       keypadPort, 0 
0x0210	0x6E00      	MOVWF       R0 
0x0212	0xE002      	BZ          L_Keypad_Key_Click6
;__Lib_Keypad4x4.c,83 :: 		
0x0214	0xDF85      	RCALL       _Delay_10us
0x0216	0xD7FA      	BRA         L_Keypad_Key_Click5
L_Keypad_Key_Click6:
;__Lib_Keypad4x4.c,85 :: 		
0x0218	0xF000C0A7  	MOVFF       Keypad_Key_Click_rslt_L0, R0
;__Lib_Keypad4x4.c,86 :: 		
0x021C	0x0012      	RETURN      0
; end of _Keypad_Key_Click
_main:
0x021E	0xF002EC04  	CALL        1032, 0
;Aula048_Teclado_4.c,28 :: 		void main() {
;Aula048_Teclado_4.c,30 :: 		ADCON1 = 0xFF;
0x0222	0x0EFF      	MOVLW       255
0x0224	0x6EC1      	MOVWF       ADCON1 
;Aula048_Teclado_4.c,31 :: 		TRISB = 0xF0;
0x0226	0x0EF0      	MOVLW       240
0x0228	0x6E93      	MOVWF       TRISB 
;Aula048_Teclado_4.c,32 :: 		PORTB = 0x00;
0x022A	0x6A81      	CLRF        PORTB 
;Aula048_Teclado_4.c,33 :: 		TRISA = 0x00;
0x022C	0x6A92      	CLRF        TRISA 
;Aula048_Teclado_4.c,34 :: 		PORTA = 0x00;
0x022E	0x6A80      	CLRF        PORTA 
;Aula048_Teclado_4.c,36 :: 		Lcd_Init();
0x0230	0xDF7D      	RCALL       _Lcd_Init
;Aula048_Teclado_4.c,37 :: 		Lcd_Cmd(_LCD_CLEAR);
0x0232	0x0E01      	MOVLW       1
0x0234	0x6FAF      	MOVWF       FARG_Lcd_Cmd_out_char, 1
0x0236	0xDF05      	RCALL       _Lcd_Cmd
;Aula048_Teclado_4.c,38 :: 		Lcd_Cmd(_LCD_CURSOR_OFF);
0x0238	0x0E0C      	MOVLW       12
0x023A	0x6FAF      	MOVWF       FARG_Lcd_Cmd_out_char, 1
0x023C	0xDF02      	RCALL       _Lcd_Cmd
;Aula048_Teclado_4.c,39 :: 		Keypad_Init();
0x023E	0xDFCA      	RCALL       _Keypad_Init
;Aula048_Teclado_4.c,43 :: 		while(1){
L_main0:
;Aula048_Teclado_4.c,44 :: 		tecla = Keypad_Key_Click();
0x0240	0xDFE2      	RCALL       _Keypad_Key_Click
0x0242	0xF0A5C000  	MOVFF       R0, _tecla
;Aula048_Teclado_4.c,46 :: 		switch(tecla){
0x0246	0xD06F      	BRA         L_main2
;Aula048_Teclado_4.c,47 :: 		case 1: Lcd_Cmd(_LCD_CLEAR); Lcd_Out_CP("    Tecla 1"); break;
L_main4:
0x0248	0x0E01      	MOVLW       1
0x024A	0x0100      	MOVLB       0
0x024C	0x6FAF      	MOVWF       FARG_Lcd_Cmd_out_char, 1
0x024E	0xDEF9      	RCALL       _Lcd_Cmd
0x0250	0x0E51      	MOVLW       ?lstr1_Aula048_Teclado_4
0x0252	0x6FA7      	MOVWF       FARG_Lcd_Out_CP_text, 1
0x0254	0x0E00      	MOVLW       hi_addr(?lstr1_Aula048_Teclado_4)
0x0256	0x6FA8      	MOVWF       FARG_Lcd_Out_CP_text+1, 1
0x0258	0xDFC0      	RCALL       _Lcd_Out_CP
0x025A	0xD08C      	BRA         L_main3
;Aula048_Teclado_4.c,48 :: 		case 2: Lcd_Cmd(_LCD_CLEAR); Lcd_Out_CP("    Tecla 2"); break;
L_main5:
0x025C	0x0E01      	MOVLW       1
0x025E	0x6FAF      	MOVWF       FARG_Lcd_Cmd_out_char, 1
0x0260	0xDEF0      	RCALL       _Lcd_Cmd
0x0262	0x0E45      	MOVLW       ?lstr2_Aula048_Teclado_4
0x0264	0x6FA7      	MOVWF       FARG_Lcd_Out_CP_text, 1
0x0266	0x0E00      	MOVLW       hi_addr(?lstr2_Aula048_Teclado_4)
0x0268	0x6FA8      	MOVWF       FARG_Lcd_Out_CP_text+1, 1
0x026A	0xDFB7      	RCALL       _Lcd_Out_CP
0x026C	0xD083      	BRA         L_main3
;Aula048_Teclado_4.c,49 :: 		case 3: Lcd_Cmd(_LCD_CLEAR); Lcd_Out_CP("    Tecla 3"); break;
L_main6:
0x026E	0x0E01      	MOVLW       1
0x0270	0x6FAF      	MOVWF       FARG_Lcd_Cmd_out_char, 1
0x0272	0xDEE7      	RCALL       _Lcd_Cmd
0x0274	0x0E21      	MOVLW       ?lstr3_Aula048_Teclado_4
0x0276	0x6FA7      	MOVWF       FARG_Lcd_Out_CP_text, 1
0x0278	0x0E00      	MOVLW       hi_addr(?lstr3_Aula048_Teclado_4)
0x027A	0x6FA8      	MOVWF       FARG_Lcd_Out_CP_text+1, 1
0x027C	0xDFAE      	RCALL       _Lcd_Out_CP
0x027E	0xD07A      	BRA         L_main3
;Aula048_Teclado_4.c,50 :: 		case 5: Lcd_Cmd(_LCD_CLEAR); Lcd_Out_CP("    Tecla 4"); break;
L_main7:
0x0280	0x0E01      	MOVLW       1
0x0282	0x6FAF      	MOVWF       FARG_Lcd_Cmd_out_char, 1
0x0284	0xDEDE      	RCALL       _Lcd_Cmd
0x0286	0x0E15      	MOVLW       ?lstr4_Aula048_Teclado_4
0x0288	0x6FA7      	MOVWF       FARG_Lcd_Out_CP_text, 1
0x028A	0x0E00      	MOVLW       hi_addr(?lstr4_Aula048_Teclado_4)
0x028C	0x6FA8      	MOVWF       FARG_Lcd_Out_CP_text+1, 1
0x028E	0xDFA5      	RCALL       _Lcd_Out_CP
0x0290	0xD071      	BRA         L_main3
;Aula048_Teclado_4.c,51 :: 		case 6: Lcd_Cmd(_LCD_CLEAR); Lcd_Out_CP("    Tecla 5"); break;
L_main8:
0x0292	0x0E01      	MOVLW       1
0x0294	0x6FAF      	MOVWF       FARG_Lcd_Cmd_out_char, 1
0x0296	0xDED5      	RCALL       _Lcd_Cmd
0x0298	0x0E39      	MOVLW       ?lstr5_Aula048_Teclado_4
0x029A	0x6FA7      	MOVWF       FARG_Lcd_Out_CP_text, 1
0x029C	0x0E00      	MOVLW       hi_addr(?lstr5_Aula048_Teclado_4)
0x029E	0x6FA8      	MOVWF       FARG_Lcd_Out_CP_text+1, 1
0x02A0	0xDF9C      	RCALL       _Lcd_Out_CP
0x02A2	0xD068      	BRA         L_main3
;Aula048_Teclado_4.c,52 :: 		case 7: Lcd_Cmd(_LCD_CLEAR); Lcd_Out_CP("    Tecla 6"); break;
L_main9:
0x02A4	0x0E01      	MOVLW       1
0x02A6	0x6FAF      	MOVWF       FARG_Lcd_Cmd_out_char, 1
0x02A8	0xDECC      	RCALL       _Lcd_Cmd
0x02AA	0x0E2D      	MOVLW       ?lstr6_Aula048_Teclado_4
0x02AC	0x6FA7      	MOVWF       FARG_Lcd_Out_CP_text, 1
0x02AE	0x0E00      	MOVLW       hi_addr(?lstr6_Aula048_Teclado_4)
0x02B0	0x6FA8      	MOVWF       FARG_Lcd_Out_CP_text+1, 1
0x02B2	0xDF93      	RCALL       _Lcd_Out_CP
0x02B4	0xD05F      	BRA         L_main3
;Aula048_Teclado_4.c,53 :: 		case 9: Lcd_Cmd(_LCD_CLEAR); Lcd_Out_CP("    Tecla 7"); break;
L_main10:
0x02B6	0x0E01      	MOVLW       1
0x02B8	0x6FAF      	MOVWF       FARG_Lcd_Cmd_out_char, 1
0x02BA	0xDEC3      	RCALL       _Lcd_Cmd
0x02BC	0x0E81      	MOVLW       ?lstr7_Aula048_Teclado_4
0x02BE	0x6FA7      	MOVWF       FARG_Lcd_Out_CP_text, 1
0x02C0	0x0E00      	MOVLW       hi_addr(?lstr7_Aula048_Teclado_4)
0x02C2	0x6FA8      	MOVWF       FARG_Lcd_Out_CP_text+1, 1
0x02C4	0xDF8A      	RCALL       _Lcd_Out_CP
0x02C6	0xD056      	BRA         L_main3
;Aula048_Teclado_4.c,54 :: 		case 10: Lcd_Cmd(_LCD_CLEAR); Lcd_Out_CP("    Tecla 8"); break;
L_main11:
0x02C8	0x0E01      	MOVLW       1
0x02CA	0x6FAF      	MOVWF       FARG_Lcd_Cmd_out_char, 1
0x02CC	0xDEBA      	RCALL       _Lcd_Cmd
0x02CE	0x0E8D      	MOVLW       ?lstr8_Aula048_Teclado_4
0x02D0	0x6FA7      	MOVWF       FARG_Lcd_Out_CP_text, 1
0x02D2	0x0E00      	MOVLW       hi_addr(?lstr8_Aula048_Teclado_4)
0x02D4	0x6FA8      	MOVWF       FARG_Lcd_Out_CP_text+1, 1
0x02D6	0xDF81      	RCALL       _Lcd_Out_CP
0x02D8	0xD04D      	BRA         L_main3
;Aula048_Teclado_4.c,55 :: 		case 11: Lcd_Cmd(_LCD_CLEAR); Lcd_Out_CP("    Tecla 9"); break;
L_main12:
0x02DA	0x0E01      	MOVLW       1
0x02DC	0x6FAF      	MOVWF       FARG_Lcd_Cmd_out_char, 1
0x02DE	0xDEB1      	RCALL       _Lcd_Cmd
0x02E0	0x0E99      	MOVLW       ?lstr9_Aula048_Teclado_4
0x02E2	0x6FA7      	MOVWF       FARG_Lcd_Out_CP_text, 1
0x02E4	0x0E00      	MOVLW       hi_addr(?lstr9_Aula048_Teclado_4)
0x02E6	0x6FA8      	MOVWF       FARG_Lcd_Out_CP_text+1, 1
0x02E8	0xDF78      	RCALL       _Lcd_Out_CP
0x02EA	0xD044      	BRA         L_main3
;Aula048_Teclado_4.c,56 :: 		case 13: Lcd_Cmd(_LCD_CLEAR); Lcd_Out_CP("    Tecla *"); PORTA.RA0 = 1; break;
L_main13:
0x02EC	0x0E01      	MOVLW       1
0x02EE	0x6FAF      	MOVWF       FARG_Lcd_Cmd_out_char, 1
0x02F0	0xDEA8      	RCALL       _Lcd_Cmd
0x02F2	0x0E5D      	MOVLW       ?lstr10_Aula048_Teclado_4
0x02F4	0x6FA7      	MOVWF       FARG_Lcd_Out_CP_text, 1
0x02F6	0x0E00      	MOVLW       hi_addr(?lstr10_Aula048_Teclado_4)
0x02F8	0x6FA8      	MOVWF       FARG_Lcd_Out_CP_text+1, 1
0x02FA	0xDF6F      	RCALL       _Lcd_Out_CP
0x02FC	0x8080      	BSF         PORTA, 0 
0x02FE	0xD03A      	BRA         L_main3
;Aula048_Teclado_4.c,57 :: 		case 14: Lcd_Cmd(_LCD_CLEAR); Lcd_Out_CP("    Tecla 0"); break;
L_main14:
0x0300	0x0E01      	MOVLW       1
0x0302	0x6FAF      	MOVWF       FARG_Lcd_Cmd_out_char, 1
0x0304	0xDE9E      	RCALL       _Lcd_Cmd
0x0306	0x0E69      	MOVLW       ?lstr11_Aula048_Teclado_4
0x0308	0x6FA7      	MOVWF       FARG_Lcd_Out_CP_text, 1
0x030A	0x0E00      	MOVLW       hi_addr(?lstr11_Aula048_Teclado_4)
0x030C	0x6FA8      	MOVWF       FARG_Lcd_Out_CP_text+1, 1
0x030E	0xDF65      	RCALL       _Lcd_Out_CP
0x0310	0xD031      	BRA         L_main3
;Aula048_Teclado_4.c,58 :: 		case 15: Lcd_Cmd(_LCD_CLEAR); Lcd_Out_CP("    Tecla #"); PORTA.RA0 = 0; break;
L_main15:
0x0312	0x0E01      	MOVLW       1
0x0314	0x6FAF      	MOVWF       FARG_Lcd_Cmd_out_char, 1
0x0316	0xDE95      	RCALL       _Lcd_Cmd
0x0318	0x0E75      	MOVLW       ?lstr12_Aula048_Teclado_4
0x031A	0x6FA7      	MOVWF       FARG_Lcd_Out_CP_text, 1
0x031C	0x0E00      	MOVLW       hi_addr(?lstr12_Aula048_Teclado_4)
0x031E	0x6FA8      	MOVWF       FARG_Lcd_Out_CP_text+1, 1
0x0320	0xDF5C      	RCALL       _Lcd_Out_CP
0x0322	0x9080      	BCF         PORTA, 0 
0x0324	0xD027      	BRA         L_main3
;Aula048_Teclado_4.c,60 :: 		}
L_main2:
0x0326	0x0100      	MOVLB       0
0x0328	0x51A5      	MOVF        _tecla, 0, 1
0x032A	0x0A01      	XORLW       1
0x032C	0xB4D8      	BTFSC       STATUS, 2 
0x032E	0xD78C      	BRA         L_main4
0x0330	0x51A5      	MOVF        _tecla, 0, 1
0x0332	0x0A02      	XORLW       2
0x0334	0xB4D8      	BTFSC       STATUS, 2 
0x0336	0xD792      	BRA         L_main5
0x0338	0x51A5      	MOVF        _tecla, 0, 1
0x033A	0x0A03      	XORLW       3
0x033C	0xE098      	BZ          L_main6
0x033E	0x51A5      	MOVF        _tecla, 0, 1
0x0340	0x0A05      	XORLW       5
0x0342	0xE09E      	BZ          L_main7
0x0344	0x51A5      	MOVF        _tecla, 0, 1
0x0346	0x0A06      	XORLW       6
0x0348	0xE0A4      	BZ          L_main8
0x034A	0x51A5      	MOVF        _tecla, 0, 1
0x034C	0x0A07      	XORLW       7
0x034E	0xE0AA      	BZ          L_main9
0x0350	0x51A5      	MOVF        _tecla, 0, 1
0x0352	0x0A09      	XORLW       9
0x0354	0xE0B0      	BZ          L_main10
0x0356	0x51A5      	MOVF        _tecla, 0, 1
0x0358	0x0A0A      	XORLW       10
0x035A	0xE0B6      	BZ          L_main11
0x035C	0x51A5      	MOVF        _tecla, 0, 1
0x035E	0x0A0B      	XORLW       11
0x0360	0xE0BC      	BZ          L_main12
0x0362	0x51A5      	MOVF        _tecla, 0, 1
0x0364	0x0A0D      	XORLW       13
0x0366	0xE0C2      	BZ          L_main13
0x0368	0x51A5      	MOVF        _tecla, 0, 1
0x036A	0x0A0E      	XORLW       14
0x036C	0xE0C9      	BZ          L_main14
0x036E	0x51A5      	MOVF        _tecla, 0, 1
0x0370	0x0A0F      	XORLW       15
0x0372	0xE0CF      	BZ          L_main15
L_main3:
;Aula048_Teclado_4.c,63 :: 		}
0x0374	0xD765      	BRA         L_main0
;Aula048_Teclado_4.c,65 :: 		}
0x0376	0xD7FF      	BRA         $+0
; end of _main
0x0408	0xF015EE10  	LFSR        1, 21
0x040C	0x0E90      	MOVLW       144
0x040E	0x6E00      	MOVWF       R0 
0x0410	0x0E01      	MOVLW       1
0x0412	0x6E01      	MOVWF       R1 
0x0414	0x0E78      	MOVLW       120
0x0416	0x6EF6      	MOVWF       4086 
0x0418	0x0E03      	MOVLW       3
0x041A	0x6EF7      	MOVWF       TBLPTRH 
0x041C	0x0E00      	MOVLW       0
0x041E	0x6EF8      	MOVWF       TBLPTRU 
0x0420	0xF000ECE2  	CALL        452, 0
0x0424	0x0012      	RETURN      0
;Aula048_Teclado_4.c,0 :: ?ICS?lstr4_Aula048_Teclado_4
0x0378	0x2020 ;?ICS?lstr4_Aula048_Teclado_4+0
0x037A	0x2020 ;?ICS?lstr4_Aula048_Teclado_4+2
0x037C	0x6554 ;?ICS?lstr4_Aula048_Teclado_4+4
0x037E	0x6C63 ;?ICS?lstr4_Aula048_Teclado_4+6
0x0380	0x2061 ;?ICS?lstr4_Aula048_Teclado_4+8
0x0382	0x0034 ;?ICS?lstr4_Aula048_Teclado_4+10
; end of ?ICS?lstr4_Aula048_Teclado_4
;Aula048_Teclado_4.c,0 :: ?ICS?lstr3_Aula048_Teclado_4
0x0384	0x2020 ;?ICS?lstr3_Aula048_Teclado_4+0
0x0386	0x2020 ;?ICS?lstr3_Aula048_Teclado_4+2
0x0388	0x6554 ;?ICS?lstr3_Aula048_Teclado_4+4
0x038A	0x6C63 ;?ICS?lstr3_Aula048_Teclado_4+6
0x038C	0x2061 ;?ICS?lstr3_Aula048_Teclado_4+8
0x038E	0x0033 ;?ICS?lstr3_Aula048_Teclado_4+10
; end of ?ICS?lstr3_Aula048_Teclado_4
;Aula048_Teclado_4.c,0 :: ?ICS?lstr6_Aula048_Teclado_4
0x0390	0x2020 ;?ICS?lstr6_Aula048_Teclado_4+0
0x0392	0x2020 ;?ICS?lstr6_Aula048_Teclado_4+2
0x0394	0x6554 ;?ICS?lstr6_Aula048_Teclado_4+4
0x0396	0x6C63 ;?ICS?lstr6_Aula048_Teclado_4+6
0x0398	0x2061 ;?ICS?lstr6_Aula048_Teclado_4+8
0x039A	0x0036 ;?ICS?lstr6_Aula048_Teclado_4+10
; end of ?ICS?lstr6_Aula048_Teclado_4
;Aula048_Teclado_4.c,0 :: ?ICS?lstr5_Aula048_Teclado_4
0x039C	0x2020 ;?ICS?lstr5_Aula048_Teclado_4+0
0x039E	0x2020 ;?ICS?lstr5_Aula048_Teclado_4+2
0x03A0	0x6554 ;?ICS?lstr5_Aula048_Teclado_4+4
0x03A2	0x6C63 ;?ICS?lstr5_Aula048_Teclado_4+6
0x03A4	0x2061 ;?ICS?lstr5_Aula048_Teclado_4+8
0x03A6	0x0035 ;?ICS?lstr5_Aula048_Teclado_4+10
; end of ?ICS?lstr5_Aula048_Teclado_4
;Aula048_Teclado_4.c,0 :: ?ICS?lstr2_Aula048_Teclado_4
0x03A8	0x2020 ;?ICS?lstr2_Aula048_Teclado_4+0
0x03AA	0x2020 ;?ICS?lstr2_Aula048_Teclado_4+2
0x03AC	0x6554 ;?ICS?lstr2_Aula048_Teclado_4+4
0x03AE	0x6C63 ;?ICS?lstr2_Aula048_Teclado_4+6
0x03B0	0x2061 ;?ICS?lstr2_Aula048_Teclado_4+8
0x03B2	0x0032 ;?ICS?lstr2_Aula048_Teclado_4+10
; end of ?ICS?lstr2_Aula048_Teclado_4
;Aula048_Teclado_4.c,0 :: ?ICS?lstr1_Aula048_Teclado_4
0x03B4	0x2020 ;?ICS?lstr1_Aula048_Teclado_4+0
0x03B6	0x2020 ;?ICS?lstr1_Aula048_Teclado_4+2
0x03B8	0x6554 ;?ICS?lstr1_Aula048_Teclado_4+4
0x03BA	0x6C63 ;?ICS?lstr1_Aula048_Teclado_4+6
0x03BC	0x2061 ;?ICS?lstr1_Aula048_Teclado_4+8
0x03BE	0x0031 ;?ICS?lstr1_Aula048_Teclado_4+10
; end of ?ICS?lstr1_Aula048_Teclado_4
;Aula048_Teclado_4.c,0 :: ?ICS?lstr10_Aula048_Teclado_4
0x03C0	0x2020 ;?ICS?lstr10_Aula048_Teclado_4+0
0x03C2	0x2020 ;?ICS?lstr10_Aula048_Teclado_4+2
0x03C4	0x6554 ;?ICS?lstr10_Aula048_Teclado_4+4
0x03C6	0x6C63 ;?ICS?lstr10_Aula048_Teclado_4+6
0x03C8	0x2061 ;?ICS?lstr10_Aula048_Teclado_4+8
0x03CA	0x002A ;?ICS?lstr10_Aula048_Teclado_4+10
; end of ?ICS?lstr10_Aula048_Teclado_4
;Aula048_Teclado_4.c,0 :: ?ICS?lstr11_Aula048_Teclado_4
0x03CC	0x2020 ;?ICS?lstr11_Aula048_Teclado_4+0
0x03CE	0x2020 ;?ICS?lstr11_Aula048_Teclado_4+2
0x03D0	0x6554 ;?ICS?lstr11_Aula048_Teclado_4+4
0x03D2	0x6C63 ;?ICS?lstr11_Aula048_Teclado_4+6
0x03D4	0x2061 ;?ICS?lstr11_Aula048_Teclado_4+8
0x03D6	0x0030 ;?ICS?lstr11_Aula048_Teclado_4+10
; end of ?ICS?lstr11_Aula048_Teclado_4
;Aula048_Teclado_4.c,0 :: ?ICS?lstr12_Aula048_Teclado_4
0x03D8	0x2020 ;?ICS?lstr12_Aula048_Teclado_4+0
0x03DA	0x2020 ;?ICS?lstr12_Aula048_Teclado_4+2
0x03DC	0x6554 ;?ICS?lstr12_Aula048_Teclado_4+4
0x03DE	0x6C63 ;?ICS?lstr12_Aula048_Teclado_4+6
0x03E0	0x2061 ;?ICS?lstr12_Aula048_Teclado_4+8
0x03E2	0x0023 ;?ICS?lstr12_Aula048_Teclado_4+10
; end of ?ICS?lstr12_Aula048_Teclado_4
;Aula048_Teclado_4.c,0 :: ?ICS?lstr7_Aula048_Teclado_4
0x03E4	0x2020 ;?ICS?lstr7_Aula048_Teclado_4+0
0x03E6	0x2020 ;?ICS?lstr7_Aula048_Teclado_4+2
0x03E8	0x6554 ;?ICS?lstr7_Aula048_Teclado_4+4
0x03EA	0x6C63 ;?ICS?lstr7_Aula048_Teclado_4+6
0x03EC	0x2061 ;?ICS?lstr7_Aula048_Teclado_4+8
0x03EE	0x0037 ;?ICS?lstr7_Aula048_Teclado_4+10
; end of ?ICS?lstr7_Aula048_Teclado_4
;Aula048_Teclado_4.c,0 :: ?ICS?lstr8_Aula048_Teclado_4
0x03F0	0x2020 ;?ICS?lstr8_Aula048_Teclado_4+0
0x03F2	0x2020 ;?ICS?lstr8_Aula048_Teclado_4+2
0x03F4	0x6554 ;?ICS?lstr8_Aula048_Teclado_4+4
0x03F6	0x6C63 ;?ICS?lstr8_Aula048_Teclado_4+6
0x03F8	0x2061 ;?ICS?lstr8_Aula048_Teclado_4+8
0x03FA	0x0038 ;?ICS?lstr8_Aula048_Teclado_4+10
; end of ?ICS?lstr8_Aula048_Teclado_4
;Aula048_Teclado_4.c,0 :: ?ICS?lstr9_Aula048_Teclado_4
0x03FC	0x2020 ;?ICS?lstr9_Aula048_Teclado_4+0
0x03FE	0x2020 ;?ICS?lstr9_Aula048_Teclado_4+2
0x0400	0x6554 ;?ICS?lstr9_Aula048_Teclado_4+4
0x0402	0x6C63 ;?ICS?lstr9_Aula048_Teclado_4+6
0x0404	0x2061 ;?ICS?lstr9_Aula048_Teclado_4+8
0x0406	0x0039 ;?ICS?lstr9_Aula048_Teclado_4+10
; end of ?ICS?lstr9_Aula048_Teclado_4
Symbol List:
//** Routines locations **
//ADDRESS    SIZE    PROCEDURE
//----------------------------------------------
0x001C       [6]    _Delay_1us
0x0022      [22]    _Delay_5500us
0x0038      [10]    _Delay_50us
0x0042     [126]    _Lcd_Cmd
0x00C0      [82]    _Keypad_Key_Press
0x0112      [14]    _Lcd_Chr_CP
0x0120      [12]    _Delay_10us
0x012C     [152]    _Lcd_Init
0x01C4      [16]    ___CC2DW
0x01D4       [6]    _Keypad_Init
0x01DA      [44]    _Lcd_Out_CP
0x0206      [24]    _Keypad_Key_Click
0x021E     [346]    _main
//** Variables locations ** 
//ADDRESS    SIZE    VARIABLE
//----------------------------------------------
0x0000       [1]    FLASH_Erase_64_SaveINTCON_L0
0x0000       [1]    SPI1_Write_tmp_L0
0x0000       [1]    __Lib_SoftI2C_PutZerosToLATSda_temp_sda_L0
0x0000       [1]    __Lib_SoftI2C_PutZerosToLATScl_temp_scl_L0
0x0000       [1]    R0
0x0000       [1]    EEPROM_Write_SaveINTCON_L0
0x0000       [1]    UART1_Init_tmp_L0
0x0001       [1]    UART1_Read___tmp_UART1_Read_L0
0x0001       [1]    I2C1_Rd_tmp_L0
0x0001       [1]    FLASH_Write_32_i_L0
0x0001       [1]    __Lib_PS2_Wait_Falling_nsample_L0
0x0001       [2]    FLASH_Read_N_Bytes_i_L0
0x0001       [1]    R1
0x0001       [1]    FLASH_Erase_Write_64_i_L0
0x0001       [1]    ispunct_rslt_L0
0x0002       [1]    FLASH_Write_32_SaveINTCON_L0
0x0002       [2]    memchr_s_L0
0x0002       [1]    R2
0x0002       [2]    memcpy_dd_L0
0x0002       [2]    strlen_cp_L0
0x0002       [2]    memset_pp_L0
0x0002       [1]    FLASH_Erase_Write_64_j_L0
0x0003       [1]    R3
0x0003       [2]    memmove_tt_L0
0x0003       [2]    Ltrim_original_L0
0x0003       [1]    FLASH_Erase_Write_64_SaveINTCON_L0
0x0004       [2]    frexp_pom_L0
0x0004       [2]    strcat_cp_L0
0x0004       [2]    strcpy_cp_L0
0x0004       [2]    strncat_cp_L0
0x0004       [2]    strncpy_cp_L0
0x0004       [2]    memcpy_ss_L0
0x0004       [1]    R4
0x0005       [2]    LongIntToHex_input_half_L0
0x0005       [2]    LongWordToHex_input_half_L0
0x0005       [1]    R5
0x0005       [2]    memmove_ff_L0
0x0005       [2]    Ltrim_p_L0
0x0006       [1]    R6
0x0007       [1]    R7
0x0008       [1]    R8
0x0009       [1]    R9
0x000A       [1]    R10
0x000B       [1]    R11
0x000C       [1]    R12
0x000D       [1]    R13
0x000E       [1]    R14
0x000F       [1]    R15
0x0010       [1]    R16
0x0011       [1]    R17
0x0012       [1]    R18
0x0013       [1]    R19
0x0014       [1]    R20
0x0015      [12]    ?lstr4_Aula048_Teclado_4
0x0021      [12]    ?lstr3_Aula048_Teclado_4
0x002D      [12]    ?lstr6_Aula048_Teclado_4
0x0039      [12]    ?lstr5_Aula048_Teclado_4
0x0045      [12]    ?lstr2_Aula048_Teclado_4
0x0051      [12]    ?lstr1_Aula048_Teclado_4
0x005D      [12]    ?lstr10_Aula048_Teclado_4
0x0069      [12]    ?lstr11_Aula048_Teclado_4
0x0075      [12]    ?lstr12_Aula048_Teclado_4
0x0081      [12]    ?lstr7_Aula048_Teclado_4
0x008D      [12]    ?lstr8_Aula048_Teclado_4
0x0099      [12]    ?lstr9_Aula048_Teclado_4
0x00A5       [1]    _tecla
0x00A6       [0]    __Lib_Lcd_cmd_status
0x00A7       [2]    FARG_Lcd_Out_CP_text
0x00A7       [1]    Keypad_Key_Click_rslt_L0
0x00A9       [1]    Lcd_Out_CP_i_L0
0x00AA       [1]    Keypad_Key_Press_rslt_L0
0x00AA       [1]    FARG_Lcd_Chr_CP_out_char
0x00AB       [1]    Keypad_Key_Press_kdata_L0
0x00AC       [1]    Keypad_Key_Press_loc_L0
0x00AD       [1]    Keypad_Key_Press_rowcnt_L0
0x00AE       [1]    Keypad_Key_Press_shifter_L0
0x00AF       [1]    FARG_Lcd_Cmd_out_char
0x0F80       [0]    RA0_bit
0x0F80       [0]    LVDIN_bit
0x0F80       [0]    CLKI_bit
0x0F80       [0]    CVREF_bit
0x0F80       [0]    NOT_SS_bit
0x0F80       [0]    RA5_bit
0x0F80       [0]    RA4_bit
0x0F80       [0]    RA3_bit
0x0F80       [0]    RA6_bit
0x0F80       [0]    RA2_bit
0x0F80       [0]    RA1_bit
0x0F80       [0]    RA7_bit
0x0F80       [0]    AN3_bit
0x0F80       [0]    T0CKI_bit
0x0F80       [0]    AN4_bit
0x0F80       [0]    AN0_bit
0x0F80       [0]    AN1_bit
0x0F80       [0]    AN2_bit
0x0F80       [0]    VREFP_bit
0x0F80       [0]    SS_bit
0x0F80       [0]    CLKO_bit
0x0F80       [0]    OSC2_bit
0x0F80       [0]    OSC1_bit
0x0F80       [0]    VREFN_bit
0x0F80       [1]    PORTA
0x0F81       [0]    PGC_bit
0x0F81       [0]    PGD_bit
0x0F81       [0]    RB7_bit
0x0F81       [0]    AN11_bit
0x0F81       [0]    PGM_bit
0x0F81       [0]    AN9_bit
0x0F81       [0]    RB6_bit
0x0F81       [0]    RB2_bit
0x0F81       [0]    RB1_bit
0x0F81       [0]    RB0_bit
0x0F81       [0]    RB5_bit
0x0F81       [0]    RB4_bit
0x0F81       [0]    RB3_bit
0x0F81       [0]    AN8_bit
0x0F81       [0]    INT2_bit
0x0F81       [0]    CCP2_PORTB_bit
0x0F81       [0]    KBI0_bit
0x0F81       [0]    INT1_bit
0x0F81       [1]    keypadPort
0x0F81       [1]    PORTB
0x0F81       [0]    INT0_bit
0x0F81       [0]    KBI2_bit
0x0F81       [0]    KBI1_bit
0x0F81       [0]    KBI3_bit
0x0F81       [0]    AN10_bit
0x0F81       [0]    AN12_bit
0x0F82       [0]    RC5_bit
0x0F82       [0]    RC6_bit
0x0F82       [0]    RC7_bit
0x0F82       [0]    RC2_bit
0x0F82       [0]    RC3_bit
0x0F82       [0]    RC4_bit
0x0F82       [0]    CCP1_bit
0x0F82       [0]    SDO_bit
0x0F82       [0]    T1OSI_bit
0x0F82       [0]    T1OSO_bit
0x0F82       [1]    PORTC
0x0F82       [0]    SCK_bit
0x0F82       [0]    SDI_bit
0x0F82       [0]    RC1_bit
0x0F82       [0]    T13CKI_bit
0x0F82       [0]    CCP2_PORTC_bit
0x0F82       [0]    TX_bit
0x0F82       [0]    RX__bit
0x0F82       [0]    CK_bit
0x0F82       [0]    T1CKI_bit
0x0F82       [0]    SCL_bit
0x0F82       [0]    SDA_bit
0x0F82       [0]    RC0_bit
0x0F83       [0]    P1C_bit
0x0F83       [0]    LCD_RS
0x0F83       [0]    P1B_bit
0x0F83       [0]    PSP5_bit
0x0F83       [0]    PSP6_bit
0x0F83       [0]    PSP7_bit
0x0F83       [0]    LCD_D4
0x0F83       [1]    PORTD
0x0F83       [0]    P1D_bit
0x0F83       [0]    LCD_D5
0x0F83       [0]    LCD_EN
0x0F83       [0]    LCD_D7
0x0F83       [0]    LCD_D6
0x0F83       [0]    RD4_bit
0x0F83       [0]    RD5_bit
0x0F83       [0]    RD6_bit
0x0F83       [0]    RD1_bit
0x0F83       [0]    RD2_bit
0x0F83       [0]    RD3_bit
0x0F83       [0]    RD7_bit
0x0F83       [0]    PSP2_bit
0x0F83       [0]    PSP3_bit
0x0F83       [0]    PSP4_bit
0x0F83       [0]    RD0_bit
0x0F83       [0]    PSP0_bit
0x0F83       [0]    PSP1_bit
0x0F84       [0]    AN6_bit
0x0F84       [0]    AN7_bit
0x0F84       [1]    PORTE
0x0F84       [0]    MCLR_bit
0x0F84       [0]    NOT_RD_bit
0x0F84       [0]    CS_bit
0x0F84       [0]    RD_bit
0x0F84       [0]    WR_bit
0x0F84       [0]    VPP_bit
0x0F84       [0]    AN5_bit
0x0F84       [0]    NOT_MCLR_bit
0x0F84       [0]    NOT_WR_bit
0x0F84       [0]    NOT_CS_bit
0x0F84       [0]    RE0_bit
0x0F84       [0]    RE3_bit
0x0F84       [0]    RE2_bit
0x0F84       [0]    RE1_bit
0x0F89       [0]    LATA7_bit
0x0F89       [1]    LATA
0x0F89       [0]    LATA5_bit
0x0F89       [0]    LATA6_bit
0x0F89       [0]    LATA3_bit
0x0F89       [0]    LATA4_bit
0x0F89       [0]    LATA2_bit
0x0F89       [0]    LATA0_bit
0x0F89       [0]    LATA1_bit
0x0F8A       [0]    LATB6_bit
0x0F8A       [0]    LATB5_bit
0x0F8A       [1]    LATB
0x0F8A       [0]    LATB7_bit
0x0F8A       [0]    LATB1_bit
0x0F8A       [0]    LATB0_bit
0x0F8A       [0]    LATB2_bit
0x0F8A       [0]    LATB4_bit
0x0F8A       [0]    LATB3_bit
0x0F8B       [0]    LATC3_bit
0x0F8B       [0]    LATC4_bit
0x0F8B       [0]    LATC5_bit
0x0F8B       [0]    LATC0_bit
0x0F8B       [0]    LATC1_bit
0x0F8B       [0]    LATC2_bit
0x0F8B       [1]    LATC
0x0F8B       [0]    LATC7_bit
0x0F8B       [0]    LATC6_bit
0x0F8C       [0]    LATD6_bit
0x0F8C       [0]    LATD7_bit
0x0F8C       [0]    LATD4_bit
0x0F8C       [0]    LATD5_bit
0x0F8C       [0]    LATD3_bit
0x0F8C       [0]    LATD1_bit
0x0F8C       [0]    LATD2_bit
0x0F8C       [0]    LATD0_bit
0x0F8C       [1]    LATD
0x0F8D       [1]    LATE
0x0F8D       [0]    LATE2_bit
0x0F8D       [0]    LATE0_bit
0x0F8D       [0]    LATE1_bit
0x0F92       [0]    TRISA2_bit
0x0F92       [0]    TRISA3_bit
0x0F92       [0]    TRISA0_bit
0x0F92       [0]    TRISA1_bit
0x0F92       [0]    TRISA4_bit
0x0F92       [0]    TRISA6_bit
0x0F92       [0]    TRISA5_bit
0x0F92       [1]    TRISA
0x0F92       [0]    TRISA7_bit
0x0F93       [0]    TRISB2_bit
0x0F93       [0]    TRISB3_bit
0x0F93       [0]    TRISB0_bit
0x0F93       [0]    TRISB1_bit
0x0F93       [0]    TRISB6_bit
0x0F93       [0]    TRISB7_bit
0x0F93       [0]    TRISB4_bit
0x0F93       [0]    TRISB5_bit
0x0F93       [1]    TRISB
0x0F94       [0]    TRISC5_bit
0x0F94       [0]    TRISC6_bit
0x0F94       [0]    TRISC7_bit
0x0F94       [0]    TRISC4_bit
0x0F94       [0]    TRISC1_bit
0x0F94       [0]    TRISC0_bit
0x0F94       [0]    TRISC3_bit
0x0F94       [0]    TRISC2_bit
0x0F94       [1]    TRISC
0x0F95       [0]    TRISD7_bit
0x0F95       [0]    LCD_D6_Direction
0x0F95       [1]    TRISD
0x0F95       [0]    LCD_D5_Direction
0x0F95       [0]    LCD_D4_Direction
0x0F95       [0]    TRISD6_bit
0x0F95       [0]    TRISD5_bit
0x0F95       [0]    LCD_EN_Direction
0x0F95       [0]    LCD_RS_Direction
0x0F95       [0]    TRISD0_bit
0x0F95       [0]    LCD_D7_Direction
0x0F95       [0]    TRISD1_bit
0x0F95       [0]    TRISD3_bit
0x0F95       [0]    TRISD2_bit
0x0F95       [0]    TRISD4_bit
0x0F96       [0]    IBF_bit
0x0F96       [0]    PSPMODE_bit
0x0F96       [0]    IBOV_bit
0x0F96       [0]    OBF_bit
0x0F96       [0]    TRISE2_bit
0x0F96       [0]    PSPMODE_TRISE_bit
0x0F96       [0]    TRISE1_bit
0x0F96       [1]    TRISE
0x0F96       [0]    TRISE0_bit
0x0F96       [0]    OBF_TRISE_bit
0x0F96       [0]    IBOV_TRISE_bit
0x0F96       [0]    IBF_TRISE_bit
0x0F9B       [0]    TUN4_bit
0x0F9B       [0]    INTSRC_bit
0x0F9B       [0]    PLLEN_bit
0x0F9B       [0]    TUN3_bit
0x0F9B       [0]    TUN0_bit
0x0F9B       [1]    OSCTUNE
0x0F9B       [0]    TUN2_bit
0x0F9B       [0]    TUN1_bit
0x0F9D       [1]    PIE1
0x0F9D       [0]    TXIE_bit
0x0F9D       [0]    SSPIE_bit
0x0F9D       [0]    RCIE_bit
0x0F9D       [0]    PSPIE_bit
0x0F9D       [0]    ADIE_bit
0x0F9D       [0]    TMR2IE_bit
0x0F9D       [0]    TMR1IE_bit
0x0F9D       [0]    CCP1IE_bit
0x0F9E       [1]    PIR1
0x0F9E       [0]    CCP1IF_bit
0x0F9E       [0]    TMR1IF_bit
0x0F9E       [0]    TMR2IF_bit
0x0F9E       [0]    ADIF_bit
0x0F9E       [0]    PSPIF_bit
0x0F9E       [0]    RCIF_bit
0x0F9E       [0]    SSPIF_bit
0x0F9E       [0]    TXIF_bit
0x0F9F       [0]    RCIP_bit
0x0F9F       [0]    TXIP_bit
0x0F9F       [0]    PSPIP_bit
0x0F9F       [0]    ADIP_bit
0x0F9F       [1]    IPR1
0x0F9F       [0]    TMR2IP_bit
0x0F9F       [0]    TMR1IP_bit
0x0F9F       [0]    SSPIP_bit
0x0F9F       [0]    CCP1IP_bit
0x0FA0       [0]    CMIE_bit
0x0FA0       [0]    EEIE_bit
0x0FA0       [0]    LVDIE_bit
0x0FA0       [0]    OSCFIE_bit
0x0FA0       [0]    TMR3IE_bit
0x0FA0       [0]    CCP2IE_bit
0x0FA0       [0]    BCLIE_bit
0x0FA0       [0]    HLVDIE_bit
0x0FA0       [1]    PIE2
0x0FA1       [0]    TMR3IF_bit
0x0FA1       [0]    HLVDIF_bit
0x0FA1       [0]    BCLIF_bit
0x0FA1       [1]    PIR2
0x0FA1       [0]    EEIF_bit
0x0FA1       [0]    CMIF_bit
0x0FA1       [0]    OSCFIF_bit
0x0FA1       [0]    LVDIF_bit
0x0FA1       [0]    CCP2IF_bit
0x0FA2       [0]    EEIP_bit
0x0FA2       [0]    TMR3IP_bit
0x0FA2       [0]    CCP2IP_bit
0x0FA2       [0]    CMIP_bit
0x0FA2       [0]    HLVDIP_bit
0x0FA2       [0]    OSCFIP_bit
0x0FA2       [0]    LVDIP_bit
0x0FA2       [0]    BCLIP_bit
0x0FA2       [1]    IPR2
0x0FA6       [0]    FREE_bit
0x0FA6       [0]    CFGS_bit
0x0FA6       [0]    EEPGD_bit
0x0FA6       [0]    WRERR_bit
0x0FA6       [0]    RD_EECON1_bit
0x0FA6       [0]    WR_EECON1_bit
0x0FA6       [0]    WREN_bit
0x0FA6       [1]    EECON1
0x0FA7       [1]    EECON2
0x0FA8       [1]    EEDATA
0x0FA9       [1]    EEADR
0x0FAB       [0]    OERR_bit
0x0FAB       [0]    RX9D_bit
0x0FAB       [0]    FERR_bit
0x0FAB       [0]    RX9_bit
0x0FAB       [0]    ADDEN_bit
0x0FAB       [0]    SREN_bit
0x0FAB       [0]    ADEN_bit
0x0FAB       [0]    CREN_bit
0x0FAB       [0]    SPEN_bit
0x0FAB       [1]    RCSTA
0x0FAC       [0]    BRGH_bit
0x0FAC       [0]    TX9D_bit
0x0FAC       [0]    TRMT_bit
0x0FAC       [0]    TX9_bit
0x0FAC       [0]    CSRC_bit
0x0FAC       [0]    TXEN_bit
0x0FAC       [0]    SENDB_bit
0x0FAC       [0]    SYNC_bit
0x0FAC       [1]    TXSTA
0x0FAD       [1]    TXREG
0x0FAE       [1]    RCREG
0x0FAF       [1]    SPBRG
0x0FB0       [1]    SPBRGH
0x0FB1       [0]    T3CCP1_bit
0x0FB1       [0]    T3CKPS0_bit
0x0FB1       [0]    T3SYNC_bit
0x0FB1       [0]    TMR3CS_bit
0x0FB1       [0]    TMR3ON_bit
0x0FB1       [0]    T3CKPS1_bit
0x0FB1       [0]    NOT_T3SYNC_bit
0x0FB1       [1]    T3CON
0x0FB1       [0]    T3CCP2_bit
0x0FB1       [0]    RD16_bit
0x0FB2       [1]    TMR3L
0x0FB3       [1]    TMR3H
0x0FB4       [0]    C1OUT_bit
0x0FB4       [0]    C2INV_bit
0x0FB4       [1]    CMCON
0x0FB4       [0]    C2OUT_bit
0x0FB4       [0]    C1INV_bit
0x0FB4       [0]    CM1_bit
0x0FB4       [0]    CM0_bit
0x0FB4       [0]    CIS_bit
0x0FB4       [0]    CM2_bit
0x0FB5       [0]    CVROE_bit
0x0FB5       [0]    CVRR_bit
0x0FB5       [1]    CVRCON
0x0FB5       [0]    CVREN_bit
0x0FB5       [0]    CVRSS_bit
0x0FB5       [0]    CVR1_bit
0x0FB5       [0]    CVR0_bit
0x0FB5       [0]    CVR3_bit
0x0FB5       [0]    CVR2_bit
0x0FB6       [0]    ECCPAS2_bit
0x0FB6       [0]    ECCPAS1_bit
0x0FB6       [1]    ECCP1AS
0x0FB6       [0]    ECCPASE_bit
0x0FB6       [0]    PSSBD1_bit
0x0FB6       [0]    PSSBD0_bit
0x0FB6       [0]    PSSAC0_bit
0x0FB6       [0]    ECCPAS0_bit
0x0FB6       [0]    PSSAC1_bit
0x0FB7       [0]    PDC6_bit
0x0FB7       [0]    PDC5_bit
0x0FB7       [1]    PWM1CON
0x0FB7       [0]    PRSEN_bit
0x0FB7       [0]    PDC4_bit
0x0FB7       [0]    PDC1_bit
0x0FB7       [0]    PDC0_bit
0x0FB7       [0]    PDC3_bit
0x0FB7       [0]    PDC2_bit
0x0FB8       [1]    BAUDCON
0x0FB8       [1]    BAUDCTL
0x0FB8       [0]    TXCKP_bit
0x0FB8       [0]    ABDOVF_bit
0x0FB8       [0]    RCMT_bit
0x0FB8       [0]    RXDTP_bit
0x0FB8       [0]    RCIDL_bit
0x0FB8       [0]    WUE_bit
0x0FB8       [0]    ABDEN_bit
0x0FB8       [0]    SCKP_bit
0x0FB8       [0]    BRG16_bit
0x0FBA       [0]    CCP2Y_bit
0x0FBA       [0]    DC2B1_bit
0x0FBA       [1]    CCP2CON
0x0FBA       [0]    CCP2X_bit
0x0FBA       [0]    DC2B0_bit
0x0FBA       [0]    CCP2M1_bit
0x0FBA       [0]    CCP2M0_bit
0x0FBA       [0]    CCP2M3_bit
0x0FBA       [0]    CCP2M2_bit
0x0FBB       [1]    CCPR2L
0x0FBB       [2]    CCPR2
0x0FBC       [1]    CCPR2H
0x0FBD       [0]    CCP1Y_bit
0x0FBD       [0]    CCP1X_bit
0x0FBD       [1]    CCP1CON
0x0FBD       [0]    P1M1_bit
0x0FBD       [0]    CCP1M3_bit
0x0FBD       [0]    DC1B0_bit
0x0FBD       [0]    CCP1M2_bit
0x0FBD       [0]    CCP1M0_bit
0x0FBD       [0]    CCP1M1_bit
0x0FBD       [0]    P1M0_bit
0x0FBD       [0]    DC1B1_bit
0x0FBE       [2]    CCPR1
0x0FBE       [1]    CCPR1L
0x0FBF       [1]    CCPR1H
0x0FC0       [1]    ADCON2
0x0FC0       [0]    ACQT1_bit
0x0FC0       [0]    ACQT2_bit
0x0FC0       [0]    ADFM_bit
0x0FC0       [0]    ACQT0_bit
0x0FC0       [0]    ADCS0_bit
0x0FC0       [0]    ADCS1_bit
0x0FC0       [0]    ADCS2_bit
0x0FC1       [0]    PCFG1_bit
0x0FC1       [0]    PCFG0_bit
0x0FC1       [1]    ADCON1
0x0FC1       [0]    VCFG0_bit
0x0FC1       [0]    VCFG1_bit
0x0FC1       [0]    PCFG2_bit
0x0FC1       [0]    PCFG3_bit
0x0FC2       [1]    ADCON0
0x0FC2       [0]    GO_bit
0x0FC2       [0]    ADON_bit
0x0FC2       [0]    GO_DONE_bit
0x0FC2       [0]    CHS3_bit
0x0FC2       [0]    DONE_bit
0x0FC2       [0]    NOT_DONE_bit
0x0FC2       [0]    CHS2_bit
0x0FC2       [0]    CHS0_bit
0x0FC2       [0]    CHS1_bit
0x0FC3       [1]    ADRESL
0x0FC3       [2]    ADRES
0x0FC4       [1]    ADRESH
0x0FC5       [1]    SSPCON2
0x0FC5       [0]    ACKEN_bit
0x0FC5       [0]    ACKDT_bit
0x0FC5       [0]    PEN_bit
0x0FC5       [0]    RCEN_bit
0x0FC5       [0]    GCEN_bit
0x0FC5       [0]    ACKSTAT_bit
0x0FC5       [0]    SEN_bit
0x0FC5       [0]    RSEN_bit
0x0FC6       [0]    SSPEN_bit
0x0FC6       [0]    CKP_bit
0x0FC6       [0]    SSPOV_bit
0x0FC6       [1]    SSPCON1
0x0FC6       [0]    WCOL_bit
0x0FC6       [0]    SSPM1_bit
0x0FC6       [0]    SSPM0_bit
0x0FC6       [0]    SSPM3_bit
0x0FC6       [0]    SSPM2_bit
0x0FC7       [0]    BF_bit
0x0FC7       [0]    UA_bit
0x0FC7       [0]    R_bit
0x0FC7       [1]    SSPSTAT
0x0FC7       [0]    R_W_bit
0x0FC7       [0]    D_A_bit
0x0FC7       [0]    NOT_WRITE_bit
0x0FC7       [0]    SMP_bit
0x0FC7       [0]    NOT_W_bit
0x0FC7       [0]    NOT_A_bit
0x0FC7       [0]    NOT_ADDRESS_bit
0x0FC7       [0]    D_bit
0x0FC7       [0]    P_bit
0x0FC7       [0]    S_bit
0x0FC7       [0]    CKE_bit
0x0FC8       [1]    SSPADD
0x0FC9       [1]    SSPBUF
0x0FCA       [1]    T2CON
0x0FCA       [0]    TMR2ON_bit
0x0FCA       [0]    T2OUTPS0_bit
0x0FCA       [0]    T2CKPS0_bit
0x0FCA       [0]    T2CKPS1_bit
0x0FCA       [0]    T2OUTPS3_bit
0x0FCA       [0]    T2OUTPS2_bit
0x0FCA       [0]    T2OUTPS1_bit
0x0FCB       [1]    PR2
0x0FCC       [1]    TMR2
0x0FCD       [1]    T1CON
0x0FCD       [0]    T1SYNC_bit
0x0FCD       [0]    T1OSCEN_bit
0x0FCD       [0]    TMR1ON_bit
0x0FCD       [0]    TMR1CS_bit
0x0FCD       [0]    T1CKPS0_bit
0x0FCD       [0]    RD16_T1CON_bit
0x0FCD       [0]    NOT_T1SYNC_bit
0x0FCD       [0]    T1CKPS1_bit
0x0FCD       [0]    T1RUN_bit
0x0FCE       [1]    TMR1L
0x0FCF       [1]    TMR1H
0x0FD0       [0]    SBOREN_bit
0x0FD0       [0]    IPEN_bit
0x0FD0       [0]    TO__bit
0x0FD0       [0]    RI_bit
0x0FD0       [0]    NOT_BOR_bit
0x0FD0       [0]    NOT_TO_bit
0x0FD0       [0]    NOT_RI_bit
0x0FD0       [0]    NOT_POR_bit
0x0FD0       [0]    NOT_PD_bit
0x0FD0       [0]    PD_bit
0x0FD0       [1]    RCON
0x0FD0       [0]    BOR_bit
0x0FD0       [0]    POR_bit
0x0FD1       [0]    SWDTE_bit
0x0FD1       [0]    SWDTEN_bit
0x0FD1       [1]    WDTCON
0x0FD2       [0]    LVDL0_bit
0x0FD2       [0]    LVDEN_bit
0x0FD2       [0]    LVDL3_bit
0x0FD2       [1]    HLVDCON
0x0FD2       [0]    LVDL1_bit
0x0FD2       [0]    LVDL2_bit
0x0FD2       [0]    IRVST_bit
0x0FD2       [0]    HLVDL3_bit
0x0FD2       [0]    HLVDL2_bit
0x0FD2       [0]    HLVDL1_bit
0x0FD2       [0]    IVRST_bit
0x0FD2       [0]    VDIRMAG_bit
0x0FD2       [0]    HLVDEN_bit
0x0FD2       [0]    HLVDL0_bit
0x0FD2       [0]    LVV0_bit
0x0FD2       [0]    LVV2_bit
0x0FD2       [0]    LVV1_bit
0x0FD2       [1]    LVDCON
0x0FD2       [0]    BGST_bit
0x0FD2       [0]    LVV3_bit
0x0FD3       [1]    OSCCON
0x0FD3       [0]    SCS0_bit
0x0FD3       [0]    IRCF2_bit
0x0FD3       [0]    IRCF1_bit
0x0FD3       [0]    FLTS_bit
0x0FD3       [0]    IDLEN_bit
0x0FD3       [0]    IOFS_bit
0x0FD3       [0]    SCS1_bit
0x0FD3       [0]    IRCF0_bit
0x0FD3       [0]    OSTS_bit
0x0FD5       [0]    PSA_bit
0x0FD5       [0]    T0SE_bit
0x0FD5       [0]    T0PS2_bit
0x0FD5       [0]    T0PS0_bit
0x0FD5       [0]    T0PS1_bit
0x0FD5       [0]    T0CS_bit
0x0FD5       [1]    T0CON
0x0FD5       [0]    TMR0ON_bit
0x0FD5       [0]    T08BIT_bit
0x0FD6       [1]    TMR0L
0x0FD7       [1]    TMR0H
0x0FD8       [1]    STATUS
0x0FD8       [0]    N_bit
0x0FD8       [0]    DC_bit
0x0FD8       [0]    C_bit
0x0FD8       [0]    OV_bit
0x0FD8       [0]    Z_bit
0x0FD9       [2]    FSR2
0x0FD9       [2]    FSR2PTR
0x0FD9       [1]    FSR2L
0x0FDA       [1]    FSR2H
0x0FDB       [1]    PLUSW2
0x0FDC       [1]    PREINC2
0x0FDD       [1]    POSTDEC2
0x0FDE       [1]    POSTINC2
0x0FDF       [1]    INDF2
0x0FE0       [1]    BSR
0x0FE1       [2]    FSR1
0x0FE1       [2]    FSR1PTR
0x0FE1       [1]    FSR1L
0x0FE2       [1]    FSR1H
0x0FE3       [1]    PLUSW1
0x0FE4       [1]    PREINC1
0x0FE5       [1]    POSTDEC1
0x0FE6       [1]    POSTINC1
0x0FE7       [1]    INDF1
0x0FE8       [1]    WREG
0x0FE9       [2]    FSR0
0x0FE9       [2]    FSR0PTR
0x0FE9       [1]    FSR0L
0x0FEA       [1]    FSR0H
0x0FEB       [1]    PLUSW0
0x0FEC       [1]    PREINC0
0x0FED       [1]    POSTDEC0
0x0FEE       [1]    POSTINC0
0x0FEF       [1]    INDF0
0x0FF0       [0]    INT2IE_bit
0x0FF0       [0]    INT1IE_bit
0x0FF0       [0]    INT1IP_bit
0x0FF0       [1]    INTCON3
0x0FF0       [0]    INT2IP_bit
0x0FF0       [0]    INT1F_bit
0x0FF0       [0]    INT2E_bit
0x0FF0       [0]    INT1E_bit
0x0FF0       [0]    INT2F_bit
0x0FF0       [0]    INT1IF_bit
0x0FF0       [0]    INT2IF_bit
0x0FF0       [0]    INT1P_bit
0x0FF0       [0]    INT2P_bit
0x0FF1       [0]    NOT_RBPU_bit
0x0FF1       [1]    INTCON2
0x0FF1       [0]    INTEDG2_bit
0x0FF1       [0]    TMR0IP_bit
0x0FF1       [0]    RBIP_bit
0x0FF1       [0]    RBPU_bit
0x0FF1       [0]    INTEDG0_bit
0x0FF1       [0]    INTEDG1_bit
0x0FF2       [0]    T0IE_bit
0x0FF2       [0]    INT0IE_bit
0x0FF2       [0]    GIEL_bit
0x0FF2       [1]    INTCON
0x0FF2       [0]    GIEH_bit
0x0FF2       [0]    TMR0IF_bit
0x0FF2       [0]    PEIE_bit
0x0FF2       [0]    TMR0IE_bit
0x0FF2       [0]    RBIE_bit
0x0FF2       [0]    INT0E_bit
0x0FF2       [0]    INT0F_bit
0x0FF2       [0]    RBIF_bit
0x0FF2       [0]    T0IF_bit
0x0FF2       [0]    GIE_bit
0x0FF2       [0]    INT0IF_bit
0x0FF3       [2]    PROD
0x0FF3       [1]    PRODL
0x0FF4       [1]    PRODH
0x0FF5       [1]    TABLAT
0x0FF6       [1]    TBLPTRL
0x0FF6       [3]    TBLPTR
0x0FF7       [1]    TBLPTRH
0x0FF8       [1]    TBLPTRU
0x0FF8       [0]    TBLPTRU2_bit
0x0FF8       [0]    TBLPTRU0_bit
0x0FF8       [0]    TBLPTRU1_bit
0x0FF8       [0]    TBLPTRU3_bit
0x0FF8       [0]    ACSS_bit
0x0FF8       [0]    TBLPTRU4_bit
0x0FF9       [1]    PCL
0x0FF9       [1]    PC
0x0FFA       [1]    PCLATH
0x0FFB       [0]    PCU3_bit
0x0FFB       [0]    PCU2_bit
0x0FFB       [0]    PCU1_bit
0x0FFB       [0]    PCU4_bit
0x0FFB       [1]    PCLATU
0x0FFB       [0]    PCU0_bit
0x0FFC       [0]    STKOVF_bit
0x0FFC       [0]    SP1_bit
0x0FFC       [0]    SP2_bit
0x0FFC       [1]    STKPTR
0x0FFC       [0]    SP0_bit
0x0FFC       [0]    STKUNF_bit
0x0FFC       [0]    STKFUL_bit
0x0FFC       [0]    SP3_bit
0x0FFC       [0]    SP4_bit
0x0FFD       [1]    TOSL
0x0FFE       [1]    TOSH
0x0FFF       [1]    TOSU
//** Constants locations ** 
//ADDRESS    SIZE    CONSTANT
//----------------------------------------------
0x0378      [12]    ?ICS?lstr4_Aula048_Teclado_4
0x0384      [12]    ?ICS?lstr3_Aula048_Teclado_4
0x0390      [12]    ?ICS?lstr6_Aula048_Teclado_4
0x039C      [12]    ?ICS?lstr5_Aula048_Teclado_4
0x03A8      [12]    ?ICS?lstr2_Aula048_Teclado_4
0x03B4      [12]    ?ICS?lstr1_Aula048_Teclado_4
0x03C0      [12]    ?ICS?lstr10_Aula048_Teclado_4
0x03CC      [12]    ?ICS?lstr11_Aula048_Teclado_4
0x03D8      [12]    ?ICS?lstr12_Aula048_Teclado_4
0x03E4      [12]    ?ICS?lstr7_Aula048_Teclado_4
0x03F0      [12]    ?ICS?lstr8_Aula048_Teclado_4
0x03FC      [12]    ?ICS?lstr9_Aula048_Teclado_4
//** Label List: ** 
//----------------------------------------------
  L_main0
  L_main1
  L_main2
  L_main3
  L_main4
  L_main5
  L_main6
  L_main7
  L_main8
  L_main9
  L_main10
  L_main11
  L_main12
  L_main13
  L_main14
  L_main15
  _main
  L_Delay_10us0
  L_Delay_22us1
  L_Delay_50us2
  L_Delay_80us3
  L_Delay_500us4
  L_Delay_5500us5
  L_Delay_1ms6
  L_Delay_5ms7
  L_Delay_8ms8
  L_Delay_100ms9
  L_Delay_10ms10
  L_Delay_1sec11
  L____Boot_Delay4k12
  L____Boot_Delay8k13
  L____Boot_Delay12k14
  L____Boot_Delay16k15
  L____Boot_Delay24k16
  L____Boot_Delay32k17
  L____Boot_Delay48k18
  L____Boot_Delay64k19
  L____Boot_Delay128k20
  L_Delay_Cyc21
  L_Delay_Cyc22
  L_VDelay_ms23
  L_VDelay_ms24
  L_VDelay_ms25
  L_VDelay_Advanced_ms26
  L_VDelay_Advanced_ms27
  L_VDelay_Advanced_ms28
  _Get_Fosc_kHz
  _Delay_1us
  _Delay_10us
  _Delay_22us
  _Delay_50us
  _Delay_80us
  _Delay_500us
  _Delay_5500us
  _Delay_1ms
  _Delay_5ms
  _Delay_8ms
  _Delay_100ms
  _Delay_10ms
  _Delay_1sec
  ____Boot_Delay4k
  ____Boot_Delay8k
  ____Boot_Delay12k
  ____Boot_Delay16k
  ____Boot_Delay24k
  ____Boot_Delay32k
  ____Boot_Delay48k
  ____Boot_Delay64k
  ____Boot_Delay128k
  _Delay_Cyc
  _VDelay_ms
  L__VDelay_ms29
  L__VDelay_ms30
  L__VDelay_ms31
  _VDelay_Advanced_ms
  L__VDelay_Advanced_ms32
  L__VDelay_Advanced_ms33
  L__VDelay_Advanced_ms34
  L_Keypad_Key_Press0
  L_Keypad_Key_Press1
  L_Keypad_Key_Press2
  L_Keypad_Key_Press3
  L_Keypad_Key_Press4
  L_Keypad_Key_Click5
  L_Keypad_Key_Click6
  _Keypad_Init
  _Keypad_Key_Press
  _Keypad_Key_Click
  L_Lcd_Cmd0
  L_Lcd_Cmd1
  L_Lcd_Out_CP2
  L_Lcd_Out_CP3
  L_Lcd_Chr4
  L_Lcd_Chr5
  L_Lcd_Chr6
  L_Lcd_Chr7
  L_Lcd_Chr8
  L_Lcd_Chr9
  L_Lcd_Chr10
  L_Lcd_Out11
  L_Lcd_Out12
  L_Lcd_Out13
  L_Lcd_Out14
  L_Lcd_Out15
  L_Lcd_Out16
  L_Lcd_Out17
  L_Lcd_Out18
  L_Lcd_Out19
  _Lcd_Cmd
  L__Lcd_Cmd20
  L__Lcd_Cmd21
  L__Lcd_Cmd22
  L__Lcd_Cmd23
  L__Lcd_Cmd24
  L__Lcd_Cmd25
  L__Lcd_Cmd26
  L__Lcd_Cmd27
  L__Lcd_Cmd28
  L__Lcd_Cmd29
  L__Lcd_Cmd30
  L__Lcd_Cmd31
  L__Lcd_Cmd32
  L__Lcd_Cmd33
  L__Lcd_Cmd34
  L__Lcd_Cmd35
  L__Lcd_Cmd36
  L__Lcd_Cmd37
  L__Lcd_Cmd38
  L__Lcd_Cmd39
  _Lcd_Chr_CP
  _Lcd_Out_CP
  _Lcd_Chr
  _Lcd_Init
  _Lcd_Out
  _CC2D_Loop1
  _CC2DL_Loop1
  L_longjmp2
  ___CC2D
  ___CC2DW
  _____DoIFC
  _Swap
  _setjmp
  _longjmp
