;  LST file generated by mikroListExporter - v.2.0 
; Date/Time: 10/01/2023 08:06:28
;----------------------------------------------

;Address Opcode 	ASM
0x0000	0x28D6      	GOTO       214
_____DoICP:
;__Lib_System.c,6 :: 		
;__Lib_System.c,9 :: 		
0x0003	0x1283      	BCF        STATUS, 5
0x0004	0x1303      	BCF        STATUS, 6
0x0005	0x0823      	MOVF       ___DoICPAddr+1, 0
0x0006	0x008A      	MOVWF      PCLATH
;__Lib_System.c,10 :: 		
0x0007	0x0822      	MOVF       ___DoICPAddr, 0
0x0008	0x0082      	MOVWF      PCL
;__Lib_System.c,12 :: 		
0x0009	0x0008      	RETURN
; end of _____DoICP
___CC2DW:
;__Lib_System.c,24 :: 		
;__Lib_System.c,27 :: 		
_CC2D_Loop1:
;__Lib_System.c,29 :: 		
0x000A	0x2003      	CALL       _____DoICP
0x000B	0x118A      	BCF        PCLATH, 3
0x000C	0x120A      	BCF        PCLATH, 4
;__Lib_System.c,31 :: 		
0x000D	0x0080      	MOVWF      INDF
;__Lib_System.c,32 :: 		
0x000E	0x0A84      	INCF       FSR, 1
;__Lib_System.c,33 :: 		
0x000F	0x0AA2      	INCF       ___DoICPAddr, 1
;__Lib_System.c,35 :: 		
0x0010	0x1903      	BTFSC      STATUS, 2
;__Lib_System.c,36 :: 		
0x0011	0x0AA3      	INCF       ___DoICPAddr+1, 1
;__Lib_System.c,37 :: 		
0x0012	0x03F0      	DECF       R0, 1
;__Lib_System.c,39 :: 		
0x0013	0x1D03      	BTFSS      STATUS, 2
;__Lib_System.c,40 :: 		
0x0014	0x280A      	GOTO       _CC2D_Loop1
;__Lib_System.c,42 :: 		
0x0015	0x0008      	RETURN
; end of ___CC2DW
_nibbleUp:
;aula014.c,130 :: 		void nibbleUp(char number)
;aula014.c,132 :: 		switch(number)
0x0016	0x284B      	GOTO       L_nibbleUp17
;aula014.c,134 :: 		case 0:
L_nibbleUp19:
;aula014.c,135 :: 		rb4_bit = 0x00;
0x0017	0x1283      	BCF        STATUS, 5
0x0018	0x1303      	BCF        STATUS, 6
0x0019	0x1206      	BCF        RB4_bit, 4
;aula014.c,136 :: 		rb5_bit = 0x00;
0x001A	0x1286      	BCF        RB5_bit, 5
;aula014.c,137 :: 		rb6_bit = 0x00;
0x001B	0x1306      	BCF        RB6_bit, 6
;aula014.c,138 :: 		rb7_bit = 0x00;
0x001C	0x1386      	BCF        RB7_bit, 7
;aula014.c,139 :: 		break;
0x001D	0x2875      	GOTO       L_nibbleUp18
;aula014.c,140 :: 		case 1:
L_nibbleUp20:
;aula014.c,141 :: 		rb4_bit = 0x01;
0x001E	0x1606      	BSF        RB4_bit, 4
;aula014.c,142 :: 		rb5_bit = 0x00;
0x001F	0x1286      	BCF        RB5_bit, 5
;aula014.c,143 :: 		rb6_bit = 0x00;
0x0020	0x1306      	BCF        RB6_bit, 6
;aula014.c,144 :: 		rb7_bit = 0x00;
0x0021	0x1386      	BCF        RB7_bit, 7
;aula014.c,145 :: 		break;
0x0022	0x2875      	GOTO       L_nibbleUp18
;aula014.c,146 :: 		case 2:
L_nibbleUp21:
;aula014.c,147 :: 		rb4_bit = 0x00;
0x0023	0x1206      	BCF        RB4_bit, 4
;aula014.c,148 :: 		rb5_bit = 0x01;
0x0024	0x1686      	BSF        RB5_bit, 5
;aula014.c,149 :: 		rb6_bit = 0x00;
0x0025	0x1306      	BCF        RB6_bit, 6
;aula014.c,150 :: 		rb7_bit = 0x00;
0x0026	0x1386      	BCF        RB7_bit, 7
;aula014.c,151 :: 		break;
0x0027	0x2875      	GOTO       L_nibbleUp18
;aula014.c,152 :: 		case 3:
L_nibbleUp22:
;aula014.c,153 :: 		rb4_bit = 0x01;
0x0028	0x1606      	BSF        RB4_bit, 4
;aula014.c,154 :: 		rb5_bit = 0x01;
0x0029	0x1686      	BSF        RB5_bit, 5
;aula014.c,155 :: 		rb6_bit = 0x00;
0x002A	0x1306      	BCF        RB6_bit, 6
;aula014.c,156 :: 		rb7_bit = 0x00;
0x002B	0x1386      	BCF        RB7_bit, 7
;aula014.c,157 :: 		break;
0x002C	0x2875      	GOTO       L_nibbleUp18
;aula014.c,158 :: 		case 4:
L_nibbleUp23:
;aula014.c,159 :: 		rb4_bit = 0x00;
0x002D	0x1206      	BCF        RB4_bit, 4
;aula014.c,160 :: 		rb5_bit = 0x00;
0x002E	0x1286      	BCF        RB5_bit, 5
;aula014.c,161 :: 		rb6_bit = 0x01;
0x002F	0x1706      	BSF        RB6_bit, 6
;aula014.c,162 :: 		rb7_bit = 0x00;
0x0030	0x1386      	BCF        RB7_bit, 7
;aula014.c,163 :: 		break;
0x0031	0x2875      	GOTO       L_nibbleUp18
;aula014.c,164 :: 		case 5:
L_nibbleUp24:
;aula014.c,165 :: 		rb4_bit = 0x01;
0x0032	0x1606      	BSF        RB4_bit, 4
;aula014.c,166 :: 		rb5_bit = 0x00;
0x0033	0x1286      	BCF        RB5_bit, 5
;aula014.c,167 :: 		rb6_bit = 0x01;
0x0034	0x1706      	BSF        RB6_bit, 6
;aula014.c,168 :: 		rb7_bit = 0x00;
0x0035	0x1386      	BCF        RB7_bit, 7
;aula014.c,169 :: 		break;
0x0036	0x2875      	GOTO       L_nibbleUp18
;aula014.c,170 :: 		case 6:
L_nibbleUp25:
;aula014.c,171 :: 		rb4_bit = 0x00;
0x0037	0x1206      	BCF        RB4_bit, 4
;aula014.c,172 :: 		rb5_bit = 0x01;
0x0038	0x1686      	BSF        RB5_bit, 5
;aula014.c,173 :: 		rb6_bit = 0x01;
0x0039	0x1706      	BSF        RB6_bit, 6
;aula014.c,174 :: 		rb7_bit = 0x00;
0x003A	0x1386      	BCF        RB7_bit, 7
;aula014.c,175 :: 		break;
0x003B	0x2875      	GOTO       L_nibbleUp18
;aula014.c,176 :: 		case 7:
L_nibbleUp26:
;aula014.c,177 :: 		rb4_bit = 0x01;
0x003C	0x1606      	BSF        RB4_bit, 4
;aula014.c,178 :: 		rb5_bit = 0x01;
0x003D	0x1686      	BSF        RB5_bit, 5
;aula014.c,179 :: 		rb6_bit = 0x01;
0x003E	0x1706      	BSF        RB6_bit, 6
;aula014.c,180 :: 		rb7_bit = 0x00;
0x003F	0x1386      	BCF        RB7_bit, 7
;aula014.c,181 :: 		break;
0x0040	0x2875      	GOTO       L_nibbleUp18
;aula014.c,182 :: 		case 8:
L_nibbleUp27:
;aula014.c,183 :: 		rb4_bit = 0x00;
0x0041	0x1206      	BCF        RB4_bit, 4
;aula014.c,184 :: 		rb5_bit = 0x00;
0x0042	0x1286      	BCF        RB5_bit, 5
;aula014.c,185 :: 		rb6_bit = 0x00;
0x0043	0x1306      	BCF        RB6_bit, 6
;aula014.c,186 :: 		rb7_bit = 0x01;
0x0044	0x1786      	BSF        RB7_bit, 7
;aula014.c,187 :: 		break;
0x0045	0x2875      	GOTO       L_nibbleUp18
;aula014.c,188 :: 		case 9:
L_nibbleUp28:
;aula014.c,189 :: 		rb4_bit = 0x01;
0x0046	0x1606      	BSF        RB4_bit, 4
;aula014.c,190 :: 		rb5_bit = 0x00;
0x0047	0x1286      	BCF        RB5_bit, 5
;aula014.c,191 :: 		rb6_bit = 0x00;
0x0048	0x1306      	BCF        RB6_bit, 6
;aula014.c,192 :: 		rb7_bit = 0x01;
0x0049	0x1786      	BSF        RB7_bit, 7
;aula014.c,193 :: 		break;
0x004A	0x2875      	GOTO       L_nibbleUp18
;aula014.c,194 :: 		}
L_nibbleUp17:
0x004B	0x1283      	BCF        STATUS, 5
0x004C	0x1303      	BCF        STATUS, 6
0x004D	0x0824      	MOVF       FARG_nibbleUp_number, 0
0x004E	0x3A00      	XORLW      0
0x004F	0x1903      	BTFSC      STATUS, 2
0x0050	0x2817      	GOTO       L_nibbleUp19
0x0051	0x0824      	MOVF       FARG_nibbleUp_number, 0
0x0052	0x3A01      	XORLW      1
0x0053	0x1903      	BTFSC      STATUS, 2
0x0054	0x281E      	GOTO       L_nibbleUp20
0x0055	0x0824      	MOVF       FARG_nibbleUp_number, 0
0x0056	0x3A02      	XORLW      2
0x0057	0x1903      	BTFSC      STATUS, 2
0x0058	0x2823      	GOTO       L_nibbleUp21
0x0059	0x0824      	MOVF       FARG_nibbleUp_number, 0
0x005A	0x3A03      	XORLW      3
0x005B	0x1903      	BTFSC      STATUS, 2
0x005C	0x2828      	GOTO       L_nibbleUp22
0x005D	0x0824      	MOVF       FARG_nibbleUp_number, 0
0x005E	0x3A04      	XORLW      4
0x005F	0x1903      	BTFSC      STATUS, 2
0x0060	0x282D      	GOTO       L_nibbleUp23
0x0061	0x0824      	MOVF       FARG_nibbleUp_number, 0
0x0062	0x3A05      	XORLW      5
0x0063	0x1903      	BTFSC      STATUS, 2
0x0064	0x2832      	GOTO       L_nibbleUp24
0x0065	0x0824      	MOVF       FARG_nibbleUp_number, 0
0x0066	0x3A06      	XORLW      6
0x0067	0x1903      	BTFSC      STATUS, 2
0x0068	0x2837      	GOTO       L_nibbleUp25
0x0069	0x0824      	MOVF       FARG_nibbleUp_number, 0
0x006A	0x3A07      	XORLW      7
0x006B	0x1903      	BTFSC      STATUS, 2
0x006C	0x283C      	GOTO       L_nibbleUp26
0x006D	0x0824      	MOVF       FARG_nibbleUp_number, 0
0x006E	0x3A08      	XORLW      8
0x006F	0x1903      	BTFSC      STATUS, 2
0x0070	0x2841      	GOTO       L_nibbleUp27
0x0071	0x0824      	MOVF       FARG_nibbleUp_number, 0
0x0072	0x3A09      	XORLW      9
0x0073	0x1903      	BTFSC      STATUS, 2
0x0074	0x2846      	GOTO       L_nibbleUp28
L_nibbleUp18:
;aula014.c,195 :: 		}
0x0075	0x0008      	RETURN
; end of _nibbleUp
_nibbleDown:
;aula014.c,63 :: 		void nibbleDown(char number)
;aula014.c,65 :: 		switch(number)
0x0076	0x28AB      	GOTO       L_nibbleDown5
;aula014.c,67 :: 		case 0:
L_nibbleDown7:
;aula014.c,68 :: 		rb0_bit = 0x00;
0x0077	0x1283      	BCF        STATUS, 5
0x0078	0x1303      	BCF        STATUS, 6
0x0079	0x1006      	BCF        RB0_bit, 0
;aula014.c,69 :: 		rb1_bit = 0x00;
0x007A	0x1086      	BCF        RB1_bit, 1
;aula014.c,70 :: 		rb2_bit = 0x00;
0x007B	0x1106      	BCF        RB2_bit, 2
;aula014.c,71 :: 		rb3_bit = 0x00;
0x007C	0x1186      	BCF        RB3_bit, 3
;aula014.c,72 :: 		break;
0x007D	0x28D5      	GOTO       L_nibbleDown6
;aula014.c,73 :: 		case 1:
L_nibbleDown8:
;aula014.c,74 :: 		rb0_bit = 0x01;
0x007E	0x1406      	BSF        RB0_bit, 0
;aula014.c,75 :: 		rb1_bit = 0x00;
0x007F	0x1086      	BCF        RB1_bit, 1
;aula014.c,76 :: 		rb2_bit = 0x00;
0x0080	0x1106      	BCF        RB2_bit, 2
;aula014.c,77 :: 		rb3_bit = 0x00;
0x0081	0x1186      	BCF        RB3_bit, 3
;aula014.c,78 :: 		break;
0x0082	0x28D5      	GOTO       L_nibbleDown6
;aula014.c,79 :: 		case 2:
L_nibbleDown9:
;aula014.c,80 :: 		rb0_bit = 0x00;
0x0083	0x1006      	BCF        RB0_bit, 0
;aula014.c,81 :: 		rb1_bit = 0x01;
0x0084	0x1486      	BSF        RB1_bit, 1
;aula014.c,82 :: 		rb2_bit = 0x00;
0x0085	0x1106      	BCF        RB2_bit, 2
;aula014.c,83 :: 		rb3_bit = 0x00;
0x0086	0x1186      	BCF        RB3_bit, 3
;aula014.c,84 :: 		break;
0x0087	0x28D5      	GOTO       L_nibbleDown6
;aula014.c,85 :: 		case 3:
L_nibbleDown10:
;aula014.c,86 :: 		rb0_bit = 0x01;
0x0088	0x1406      	BSF        RB0_bit, 0
;aula014.c,87 :: 		rb1_bit = 0x01;
0x0089	0x1486      	BSF        RB1_bit, 1
;aula014.c,88 :: 		rb2_bit = 0x00;
0x008A	0x1106      	BCF        RB2_bit, 2
;aula014.c,89 :: 		rb3_bit = 0x00;
0x008B	0x1186      	BCF        RB3_bit, 3
;aula014.c,90 :: 		break;
0x008C	0x28D5      	GOTO       L_nibbleDown6
;aula014.c,91 :: 		case 4:
L_nibbleDown11:
;aula014.c,92 :: 		rb0_bit = 0x00;
0x008D	0x1006      	BCF        RB0_bit, 0
;aula014.c,93 :: 		rb1_bit = 0x00;
0x008E	0x1086      	BCF        RB1_bit, 1
;aula014.c,94 :: 		rb2_bit = 0x01;
0x008F	0x1506      	BSF        RB2_bit, 2
;aula014.c,95 :: 		rb3_bit = 0x00;
0x0090	0x1186      	BCF        RB3_bit, 3
;aula014.c,96 :: 		break;
0x0091	0x28D5      	GOTO       L_nibbleDown6
;aula014.c,97 :: 		case 5:
L_nibbleDown12:
;aula014.c,98 :: 		rb0_bit = 0x01;
0x0092	0x1406      	BSF        RB0_bit, 0
;aula014.c,99 :: 		rb1_bit = 0x00;
0x0093	0x1086      	BCF        RB1_bit, 1
;aula014.c,100 :: 		rb2_bit = 0x01;
0x0094	0x1506      	BSF        RB2_bit, 2
;aula014.c,101 :: 		rb3_bit = 0x00;
0x0095	0x1186      	BCF        RB3_bit, 3
;aula014.c,102 :: 		break;
0x0096	0x28D5      	GOTO       L_nibbleDown6
;aula014.c,103 :: 		case 6:
L_nibbleDown13:
;aula014.c,104 :: 		rb0_bit = 0x00;
0x0097	0x1006      	BCF        RB0_bit, 0
;aula014.c,105 :: 		rb1_bit = 0x01;
0x0098	0x1486      	BSF        RB1_bit, 1
;aula014.c,106 :: 		rb2_bit = 0x01;
0x0099	0x1506      	BSF        RB2_bit, 2
;aula014.c,107 :: 		rb3_bit = 0x00;
0x009A	0x1186      	BCF        RB3_bit, 3
;aula014.c,108 :: 		break;
0x009B	0x28D5      	GOTO       L_nibbleDown6
;aula014.c,109 :: 		case 7:
L_nibbleDown14:
;aula014.c,110 :: 		rb0_bit = 0x01;
0x009C	0x1406      	BSF        RB0_bit, 0
;aula014.c,111 :: 		rb1_bit = 0x01;
0x009D	0x1486      	BSF        RB1_bit, 1
;aula014.c,112 :: 		rb2_bit = 0x01;
0x009E	0x1506      	BSF        RB2_bit, 2
;aula014.c,113 :: 		rb3_bit = 0x00;
0x009F	0x1186      	BCF        RB3_bit, 3
;aula014.c,114 :: 		break;
0x00A0	0x28D5      	GOTO       L_nibbleDown6
;aula014.c,115 :: 		case 8:
L_nibbleDown15:
;aula014.c,116 :: 		rb0_bit = 0x00;
0x00A1	0x1006      	BCF        RB0_bit, 0
;aula014.c,117 :: 		rb1_bit = 0x00;
0x00A2	0x1086      	BCF        RB1_bit, 1
;aula014.c,118 :: 		rb2_bit = 0x00;
0x00A3	0x1106      	BCF        RB2_bit, 2
;aula014.c,119 :: 		rb3_bit = 0x01;
0x00A4	0x1586      	BSF        RB3_bit, 3
;aula014.c,120 :: 		break;
0x00A5	0x28D5      	GOTO       L_nibbleDown6
;aula014.c,121 :: 		case 9:
L_nibbleDown16:
;aula014.c,122 :: 		rb0_bit = 0x01;
0x00A6	0x1406      	BSF        RB0_bit, 0
;aula014.c,123 :: 		rb1_bit = 0x00;
0x00A7	0x1086      	BCF        RB1_bit, 1
;aula014.c,124 :: 		rb2_bit = 0x00;
0x00A8	0x1106      	BCF        RB2_bit, 2
;aula014.c,125 :: 		rb3_bit = 0x01;
0x00A9	0x1586      	BSF        RB3_bit, 3
;aula014.c,126 :: 		break;
0x00AA	0x28D5      	GOTO       L_nibbleDown6
;aula014.c,127 :: 		}
L_nibbleDown5:
0x00AB	0x1283      	BCF        STATUS, 5
0x00AC	0x1303      	BCF        STATUS, 6
0x00AD	0x0824      	MOVF       FARG_nibbleDown_number, 0
0x00AE	0x3A00      	XORLW      0
0x00AF	0x1903      	BTFSC      STATUS, 2
0x00B0	0x2877      	GOTO       L_nibbleDown7
0x00B1	0x0824      	MOVF       FARG_nibbleDown_number, 0
0x00B2	0x3A01      	XORLW      1
0x00B3	0x1903      	BTFSC      STATUS, 2
0x00B4	0x287E      	GOTO       L_nibbleDown8
0x00B5	0x0824      	MOVF       FARG_nibbleDown_number, 0
0x00B6	0x3A02      	XORLW      2
0x00B7	0x1903      	BTFSC      STATUS, 2
0x00B8	0x2883      	GOTO       L_nibbleDown9
0x00B9	0x0824      	MOVF       FARG_nibbleDown_number, 0
0x00BA	0x3A03      	XORLW      3
0x00BB	0x1903      	BTFSC      STATUS, 2
0x00BC	0x2888      	GOTO       L_nibbleDown10
0x00BD	0x0824      	MOVF       FARG_nibbleDown_number, 0
0x00BE	0x3A04      	XORLW      4
0x00BF	0x1903      	BTFSC      STATUS, 2
0x00C0	0x288D      	GOTO       L_nibbleDown11
0x00C1	0x0824      	MOVF       FARG_nibbleDown_number, 0
0x00C2	0x3A05      	XORLW      5
0x00C3	0x1903      	BTFSC      STATUS, 2
0x00C4	0x2892      	GOTO       L_nibbleDown12
0x00C5	0x0824      	MOVF       FARG_nibbleDown_number, 0
0x00C6	0x3A06      	XORLW      6
0x00C7	0x1903      	BTFSC      STATUS, 2
0x00C8	0x2897      	GOTO       L_nibbleDown13
0x00C9	0x0824      	MOVF       FARG_nibbleDown_number, 0
0x00CA	0x3A07      	XORLW      7
0x00CB	0x1903      	BTFSC      STATUS, 2
0x00CC	0x289C      	GOTO       L_nibbleDown14
0x00CD	0x0824      	MOVF       FARG_nibbleDown_number, 0
0x00CE	0x3A08      	XORLW      8
0x00CF	0x1903      	BTFSC      STATUS, 2
0x00D0	0x28A1      	GOTO       L_nibbleDown15
0x00D1	0x0824      	MOVF       FARG_nibbleDown_number, 0
0x00D2	0x3A09      	XORLW      9
0x00D3	0x1903      	BTFSC      STATUS, 2
0x00D4	0x28A6      	GOTO       L_nibbleDown16
L_nibbleDown6:
;aula014.c,128 :: 		}
0x00D5	0x0008      	RETURN
; end of _nibbleDown
_main:
0x00D6	0x1283      	BCF        STATUS, 5
0x00D7	0x1303      	BCF        STATUS, 6
0x00D8	0x01A0      	CLRF       _counter1
0x00D9	0x01A1      	CLRF       _counter2
;aula014.c,30 :: 		void main() {
;aula014.c,32 :: 		unsigned char segmento[] = {0x3f, 0x06, 0x5b, 0x4f, 0x66, 0x6d, 0x7d, 0x07, 0x7f, 0x6f};
;aula014.c,34 :: 		cmcon = 0x07; // desabilita comparadores
0x00DA	0x3007      	MOVLW      7
0x00DB	0x009F      	MOVWF      CMCON
;aula014.c,35 :: 		trisA = 0x00;
0x00DC	0x1683      	BSF        STATUS, 5
0x00DD	0x0185      	CLRF       TRISA
;aula014.c,36 :: 		trisB = 0x00; // todo o port B configurado como saída digital
0x00DE	0x0186      	CLRF       TRISB
;aula014.c,37 :: 		portA = 0x00;
0x00DF	0x1283      	BCF        STATUS, 5
0x00E0	0x0185      	CLRF       PORTA
;aula014.c,38 :: 		portB = 0x00; // port B inicia em nível baixo
0x00E1	0x0186      	CLRF       PORTB
;aula014.c,40 :: 		while(1)
L_main0:
;aula014.c,42 :: 		counter1++;
0x00E2	0x0AA0      	INCF       _counter1, 1
;aula014.c,43 :: 		nibbleDown(counter1);
0x00E3	0x0820      	MOVF       _counter1, 0
0x00E4	0x00A4      	MOVWF      FARG_nibbleDown_number
0x00E5	0x2076      	CALL       _nibbleDown
;aula014.c,44 :: 		nibbleUp(counter2);
0x00E6	0x0821      	MOVF       _counter2, 0
0x00E7	0x00A4      	MOVWF      FARG_nibbleUp_number
0x00E8	0x2016      	CALL       _nibbleUp
;aula014.c,46 :: 		if(counter1 == 10)
0x00E9	0x0820      	MOVF       _counter1, 0
0x00EA	0x3A0A      	XORLW      10
0x00EB	0x1D03      	BTFSS      STATUS, 2
0x00EC	0x28FB      	GOTO       L_main2
;aula014.c,48 :: 		counter2++;
0x00ED	0x0AA1      	INCF       _counter2, 1
;aula014.c,49 :: 		counter1 = 0;
0x00EE	0x01A0      	CLRF       _counter1
;aula014.c,50 :: 		nibbleDown(counter1);
0x00EF	0x01A4      	CLRF       FARG_nibbleDown_number
0x00F0	0x2076      	CALL       _nibbleDown
;aula014.c,51 :: 		nibbleUp(counter2);
0x00F1	0x0821      	MOVF       _counter2, 0
0x00F2	0x00A4      	MOVWF      FARG_nibbleUp_number
0x00F3	0x2016      	CALL       _nibbleUp
;aula014.c,52 :: 		if(counter2 == 10)
0x00F4	0x0821      	MOVF       _counter2, 0
0x00F5	0x3A0A      	XORLW      10
0x00F6	0x1D03      	BTFSS      STATUS, 2
0x00F7	0x28FB      	GOTO       L_main3
;aula014.c,54 :: 		counter2 = 0;
0x00F8	0x01A1      	CLRF       _counter2
;aula014.c,55 :: 		nibbleUp(counter2);
0x00F9	0x01A4      	CLRF       FARG_nibbleUp_number
0x00FA	0x2016      	CALL       _nibbleUp
;aula014.c,56 :: 		}
L_main3:
;aula014.c,57 :: 		}
L_main2:
;aula014.c,58 :: 		delay_ms(300);
0x00FB	0x3002      	MOVLW      2
0x00FC	0x00FB      	MOVWF      R11
0x00FD	0x3086      	MOVLW      134
0x00FE	0x00FC      	MOVWF      R12
0x00FF	0x3099      	MOVLW      153
0x0100	0x00FD      	MOVWF      R13
L_main4:
0x0101	0x0BFD      	DECFSZ     R13, 1
0x0102	0x2901      	GOTO       L_main4
0x0103	0x0BFC      	DECFSZ     R12, 1
0x0104	0x2901      	GOTO       L_main4
0x0105	0x0BFB      	DECFSZ     R11, 1
0x0106	0x2901      	GOTO       L_main4
;aula014.c,59 :: 		}
0x0107	0x28E2      	GOTO       L_main0
;aula014.c,60 :: 		}
0x0108	0x2908      	GOTO       $+0
; end of _main
Symbol List:
//** Routines locations **
//ADDRESS    SIZE    PROCEDURE
//----------------------------------------------
0x0003       [7]    _____DoICP
0x000A      [12]    ___CC2DW
0x0016      [96]    _nibbleUp
0x0076      [96]    _nibbleDown
0x00D6      [51]    _main
//** Variables locations ** 
//ADDRESS    SIZE    VARIABLE
//----------------------------------------------
0x0000       [1]    INDF
0x0001       [1]    TMR0
0x0002       [1]    PCL
0x0003       [0]    DC_bit
0x0003       [1]    STATUS
0x0003       [0]    Z_bit
0x0003       [0]    RP0_bit
0x0003       [0]    IRP_bit
0x0003       [0]    RP1_bit
0x0003       [0]    NOT_PD_bit
0x0003       [0]    C_bit
0x0003       [0]    NOT_TO_bit
0x0004       [1]    FSR
0x0004       [1]    FSRPTR
0x0005       [0]    RA3_bit
0x0005       [0]    RA0_bit
0x0005       [0]    RA1_bit
0x0005       [0]    RA2_bit
0x0005       [0]    RA4_bit
0x0005       [1]    PORTA
0x0005       [0]    RA7_bit
0x0005       [0]    RA5_bit
0x0005       [0]    RA6_bit
0x0006       [0]    RB5_bit
0x0006       [0]    RB6_bit
0x0006       [0]    RB7_bit
0x0006       [0]    RB2_bit
0x0006       [0]    RB3_bit
0x0006       [0]    RB1_bit
0x0006       [1]    PORTB
0x0006       [0]    RB0_bit
0x0006       [0]    RB4_bit
0x000A       [1]    PCLATH
0x000B       [0]    T0IE_bit
0x000B       [1]    INTCON
0x000B       [0]    PEIE_bit
0x000B       [0]    RBIF_bit
0x000B       [0]    T0IF_bit
0x000B       [0]    GIE_bit
0x000B       [0]    INTE_bit
0x000B       [0]    RBIE_bit
0x000B       [0]    INTF_bit
0x000C       [0]    TMR1IF_bit
0x000C       [0]    RCIF_bit
0x000C       [0]    EEIF_bit
0x000C       [0]    CMIF_bit
0x000C       [0]    CCP1IF_bit
0x000C       [0]    TXIF_bit
0x000C       [1]    PIR1
0x000C       [0]    TMR2IF_bit
0x000E       [1]    TMR1L
0x000F       [1]    TMR1H
0x0010       [0]    TMR1CS_bit
0x0010       [0]    TMR1ON_bit
0x0010       [0]    NOT_T1SYNC_bit
0x0010       [0]    T1CKPS1_bit
0x0010       [1]    T1CON
0x0010       [0]    T1CKPS0_bit
0x0010       [0]    T1OSCEN_bit
0x0011       [1]    TMR2
0x0012       [0]    TOUTPS1_bit
0x0012       [0]    TOUTPS2_bit
0x0012       [0]    TOUTPS3_bit
0x0012       [0]    T2CKPS1_bit
0x0012       [0]    TMR2ON_bit
0x0012       [0]    T2CKPS0_bit
0x0012       [1]    T2CON
0x0012       [0]    TOUTPS0_bit
0x0015       [1]    CCPR1L
0x0015       [2]    CCPR1
0x0016       [1]    CCPR1H
0x0017       [0]    CCP1M1_bit
0x0017       [0]    CCP1Y_bit
0x0017       [1]    CCP1CON
0x0017       [0]    CCP1X_bit
0x0017       [0]    CCP1M0_bit
0x0017       [0]    CCP1M2_bit
0x0017       [0]    CCP1M3_bit
0x0018       [0]    RX9_bit
0x0018       [0]    FERR_bit
0x0018       [0]    OERR_bit
0x0018       [0]    RX9D_bit
0x0018       [0]    SREN_bit
0x0018       [0]    CREN_bit
0x0018       [0]    ADEN_bit
0x0018       [0]    SPEN_bit
0x0018       [1]    RCSTA
0x0019       [1]    TXREG
0x001A       [1]    RCREG
0x001F       [0]    C1OUT_bit
0x001F       [0]    C2INV_bit
0x001F       [0]    CM1_bit
0x001F       [0]    C2OUT_bit
0x001F       [0]    C1INV_bit
0x001F       [0]    CM0_bit
0x001F       [1]    CMCON
0x001F       [0]    CM2_bit
0x001F       [0]    CIS_bit
0x0020       [1]    _counter1
0x0021       [1]    _counter2
0x0022       [2]    ___DoICPAddr
0x0024       [1]    FARG_nibbleUp_number
0x0024       [1]    FARG_nibbleDown_number
0x0070       [1]    R0
0x0071       [1]    R1
0x0072       [1]    R2
0x0073       [1]    R3
0x0074       [1]    R4
0x0075       [1]    R5
0x0076       [1]    R6
0x0077       [1]    R7
0x0078       [1]    R8
0x0079       [1]    R9
0x007A       [1]    R10
0x007B       [1]    R11
0x007C       [1]    R12
0x007D       [1]    R13
0x007E       [1]    R14
0x007F       [1]    R15
0x0081       [0]    PS0_bit
0x0081       [0]    PS1_bit
0x0081       [0]    T0CS_bit
0x0081       [0]    NOT_RBPU_bit
0x0081       [1]    OPTION_REG
0x0081       [0]    PSA_bit
0x0081       [0]    T0SE_bit
0x0081       [0]    PS2_bit
0x0081       [0]    INTEDG_bit
0x0085       [1]    TRISA
0x0085       [0]    TRISA2_bit
0x0085       [0]    TRISA3_bit
0x0085       [0]    TRISA0_bit
0x0085       [0]    TRISA1_bit
0x0085       [0]    TRISA6_bit
0x0085       [0]    TRISA7_bit
0x0085       [0]    TRISA4_bit
0x0085       [0]    TRISA5_bit
0x0086       [0]    TRISB0_bit
0x0086       [0]    TRISB1_bit
0x0086       [1]    TRISB
0x0086       [0]    TRISB3_bit
0x0086       [0]    TRISB2_bit
0x0086       [0]    TRISB7_bit
0x0086       [0]    TRISB6_bit
0x0086       [0]    TRISB4_bit
0x0086       [0]    TRISB5_bit
0x008C       [1]    PIE1
0x008C       [0]    RCIE_bit
0x008C       [0]    TXIE_bit
0x008C       [0]    CCP1IE_bit
0x008C       [0]    TMR2IE_bit
0x008C       [0]    TMR1IE_bit
0x008C       [0]    EEIE_bit
0x008C       [0]    CMIE_bit
0x008E       [0]    NOT_BO_bit
0x008E       [0]    NOT_POR_bit
0x008E       [0]    NOT_BOD_bit
0x008E       [0]    NOT_BOR_bit
0x008E       [1]    PCON
0x008E       [0]    OSCF_bit
0x0092       [1]    PR2
0x0098       [0]    TX9D_bit
0x0098       [0]    TRMT_bit
0x0098       [1]    TXSTA
0x0098       [0]    BRGH_bit
0x0098       [0]    SYNC_bit
0x0098       [0]    TXEN_bit
0x0098       [0]    TX9_bit
0x0098       [0]    CSRC_bit
0x0099       [1]    SPBRG
0x009A       [1]    EEDATA
0x009B       [1]    EEADR
0x009C       [0]    WRERR_bit
0x009C       [1]    EECON1
0x009C       [0]    WR_bit
0x009C       [0]    RD_bit
0x009C       [0]    WREN_bit
0x009D       [1]    EECON2
0x009F       [0]    VR3_bit
0x009F       [0]    VR0_bit
0x009F       [0]    VR1_bit
0x009F       [0]    VR2_bit
0x009F       [0]    VREN_bit
0x009F       [1]    VRCON
0x009F       [0]    VRR_bit
0x009F       [0]    VROE_bit
//** Label List: ** 
//----------------------------------------------
  L_main0
  L_main1
  L_main2
  L_main3
  L_main4
  L_nibbleDown5
  L_nibbleDown6
  L_nibbleDown7
  L_nibbleDown8
  L_nibbleDown9
  L_nibbleDown10
  L_nibbleDown11
  L_nibbleDown12
  L_nibbleDown13
  L_nibbleDown14
  L_nibbleDown15
  L_nibbleDown16
  L_nibbleUp17
  L_nibbleUp18
  L_nibbleUp19
  L_nibbleUp20
  L_nibbleUp21
  L_nibbleUp22
  L_nibbleUp23
  L_nibbleUp24
  L_nibbleUp25
  L_nibbleUp26
  L_nibbleUp27
  L_nibbleUp28
  _main
  _nibbleDown
  _nibbleUp
  _CC2D_Loop1
  _____DoICP
  _____DoIFC
  ___CC2DW
  _Swap
