CCS PCM C Compiler, Version 5.007, 61971               03-jan-23 15:32

               Filename:   C:\Users\ABMS-Telecom\Documents\CCS C Projects\aula022\main.lst

               ROM used:   36 words (1%)
                           Largest free fragment is 2048
               RAM used:   5 (1%) at main() level
                           5 (1%) worst case
               Stack used: 0 locations
               Stack size: 8

*
0000:  MOVLW  00
0001:  MOVWF  0A
0002:  GOTO   004
0003:  NOP
.................... #include <main.h> 
.................... #include <16F88.h> 
.................... //////// Standard Header file for the PIC16F88 device //////////////// 
.................... #device PIC16F88 
....................  
.................... #list 
....................  
.................... #device ADC=16 
....................  
.................... #FUSES NOWDT                 	//No Watch Dog Timer 
.................... #FUSES NOMCLR                	//Master Clear pin used for I/O 
.................... #FUSES NOBROWNOUT            	//No brownout reset 
.................... #FUSES NOLVP                 	//No low voltage prgming, B3(PIC16) or B5(PIC18) used for I/O 
.................... #FUSES NOFCMEN               	//Fail-safe clock monitor disabled 
.................... #FUSES NOIESO                	//Internal External Switch Over mode disabled 
....................  
.................... #use delay(crystal=4MHz) 
....................  
....................  
....................  
.................... /********************** ENUNCIADO **********************  
.................... Faça um programa que utilize dois botões. 
.................... Um botão terá a função de ligar um LED. 
.................... O outro botão, quando pressionado, irá desligar o LED. 
....................  
.................... ********************************************************/ 
....................  
.................... void main() 
0004:  BSF    03.5
0005:  BCF    1F.4
0006:  BCF    1F.5
0007:  MOVF   1B,W
0008:  ANDLW  80
0009:  MOVWF  1B
000A:  MOVLW  07
000B:  MOVWF  1C
000C:  BCF    03.7
000D:  MOVLW  1F
000E:  ANDWF  03,F
.................... { 
....................  
....................    while(TRUE) 
....................    { 
....................       if(input(pin_a0)){ 
000F:  BSF    05.0
0010:  BCF    03.5
0011:  BTFSS  05.0
0012:  GOTO   018
....................          output_high(pin_b0); 
0013:  BSF    03.5
0014:  BCF    06.0
0015:  BCF    03.5
0016:  BSF    06.0
....................       } 
0017:  GOTO   021
....................       else if(input(pin_a1)){ 
0018:  BSF    03.5
0019:  BSF    05.1
001A:  BCF    03.5
001B:  BTFSS  05.1
001C:  GOTO   021
....................          output_low(pin_b0); 
001D:  BSF    03.5
001E:  BCF    06.0
001F:  BCF    03.5
0020:  BCF    06.0
....................       } 
0021:  BSF    03.5
0022:  GOTO   00F
....................    } 
....................  
.................... } 
0023:  SLEEP

Configuration Fuses:
   Word  1: 3F01   NOWDT PUT XT NOMCLR NOBROWNOUT NOLVP NOCPD NOWRT NODEBUG CCPB0 NOPROTECT
   Word  2: 3FFC   NOFCMEN NOIESO
