
ROM used:   36/4096 (1%)
            36/4096 (1%) including unused fragments

            0.1 Average locations per line
            4.5 Average locations per statement

RAM used:   5/368 (1%) at main() level
            5/368 (1%) worst case

Stack used: 0 worst case (0 in main + 0 for interrupts)
Stack size: 8

Lines Stmts  %   Files
----- ----- ---  -----
   24     8 100  main.c
   13     0   0  main.h
  632     0   0  ..\..\..\..\..\Program Files (x86)\PICC\Devices\16F88.h
----- -----
  669     8 Total

Page ROM  %  RAM   Vol Diff  Functions:
---- --- --- ---   --- ----  ----------
0     32  89    0   110  2.5  main
 Inline         0             @cinit1

Program metrics:
    Functions               1
    Statements              8
    Comments                121
    Volume (V)              113
    Difficulty (D)          2.3
    Effort to implement (E) 253
    Time to implement (T)   0 minutes
    Est Delivered Bugs (B)  0
    Cyclomatic Complexity   2
    Maintainability (MI)    64

 Segment     Used  Free
-----------  ----  ----
00000-00003     4  0  
00004-007FF    32  2012  
00800-00FFF     0  2048  



