;  LST file generated by mikroListExporter - v.2.0 
; Date/Time: 07/02/2023 09:07:01
;----------------------------------------------

;Address Opcode 	ASM
0x0000	0x2951      	GOTO       337
_interrupt:
0x0004	0x00FF      	MOVWF      R15
0x0005	0x0E03      	SWAPF      STATUS, 0
0x0006	0x0183      	CLRF       STATUS
0x0007	0x00A8      	MOVWF      ___saveSTATUS
0x0008	0x080A      	MOVF       PCLATH, 0
0x0009	0x00A7      	MOVWF      ___savePCLATH
0x000A	0x018A      	CLRF       PCLATH
0x000B	0x087C      	MOVF       R12, 0
0x000C	0x00A1      	MOVWF      33
0x000D	0x087D      	MOVF       R13, 0
0x000E	0x00A0      	MOVWF      32
;VSaula044_Display_7Seg_4511_3.c,63 :: 		void interrupt(){
;VSaula044_Display_7Seg_4511_3.c,64 :: 		if (TMR0IF_bit){
0x000F	0x1D0B      	BTFSS      TMR0IF_bit, 2
0x0010	0x2819      	GOTO       L_interrupt23
;VSaula044_Display_7Seg_4511_3.c,65 :: 		TMR0IF_bit	 = 0;
0x0011	0x110B      	BCF        TMR0IF_bit, 2
;VSaula044_Display_7Seg_4511_3.c,66 :: 		TMR0         = 6;
0x0012	0x3006      	MOVLW      6
0x0013	0x0081      	MOVWF      TMR0
;VSaula044_Display_7Seg_4511_3.c,67 :: 		display_4511_sweep(contador);
0x0014	0x0823      	MOVF       _contador, 0
0x0015	0x00A9      	MOVWF      FARG_display_4511_sweep_numero
0x0016	0x0824      	MOVF       _contador+1, 0
0x0017	0x00AA      	MOVWF      FARG_display_4511_sweep_numero+1
0x0018	0x20C6      	CALL       _display_4511_sweep
;VSaula044_Display_7Seg_4511_3.c,68 :: 		}
L_interrupt23:
;VSaula044_Display_7Seg_4511_3.c,69 :: 		}
L__interrupt25:
0x0019	0x0821      	MOVF       33, 0
0x001A	0x00FC      	MOVWF      R12
0x001B	0x0820      	MOVF       32, 0
0x001C	0x00FD      	MOVWF      R13
0x001D	0x0827      	MOVF       ___savePCLATH, 0
0x001E	0x008A      	MOVWF      PCLATH
0x001F	0x0E28      	SWAPF      ___saveSTATUS, 0
0x0020	0x0083      	MOVWF      STATUS
0x0021	0x0EFF      	SWAPF      R15, 1
0x0022	0x0E7F      	SWAPF      R15, 0
0x0023	0x0009      	RETFIE
; end of _interrupt
_display_4511_out:
;display_4x_4511.h,53 :: 		void display_4511_out(unsigned char digito){
;display_4x_4511.h,54 :: 		switch(digito){
0x0024	0x2859      	GOTO       L_display_4511_out0
;display_4x_4511.h,55 :: 		case 0:
L_display_4511_out2:
;display_4x_4511.h,56 :: 		display_4511_A = 0;
0x0025	0x1283      	BCF        STATUS, 5
0x0026	0x1303      	BCF        STATUS, 6
0x0027	0x1006      	BCF        display_4511_A, BitPos(display_4511_A+0)
;display_4x_4511.h,57 :: 		display_4511_B = 0;
0x0028	0x1086      	BCF        display_4511_B, BitPos(display_4511_B+0)
;display_4x_4511.h,58 :: 		display_4511_C = 0;
0x0029	0x1106      	BCF        display_4511_C, BitPos(display_4511_C+0)
;display_4x_4511.h,59 :: 		display_4511_D = 0;
0x002A	0x1186      	BCF        display_4511_D, BitPos(display_4511_D+0)
;display_4x_4511.h,60 :: 		break;
0x002B	0x2883      	GOTO       L_display_4511_out1
;display_4x_4511.h,61 :: 		case 1:
L_display_4511_out3:
;display_4x_4511.h,62 :: 		display_4511_A = 1;
0x002C	0x1406      	BSF        display_4511_A, BitPos(display_4511_A+0)
;display_4x_4511.h,63 :: 		display_4511_B = 0;
0x002D	0x1086      	BCF        display_4511_B, BitPos(display_4511_B+0)
;display_4x_4511.h,64 :: 		display_4511_C = 0;
0x002E	0x1106      	BCF        display_4511_C, BitPos(display_4511_C+0)
;display_4x_4511.h,65 :: 		display_4511_D = 0;
0x002F	0x1186      	BCF        display_4511_D, BitPos(display_4511_D+0)
;display_4x_4511.h,66 :: 		break;
0x0030	0x2883      	GOTO       L_display_4511_out1
;display_4x_4511.h,67 :: 		case 2:
L_display_4511_out4:
;display_4x_4511.h,68 :: 		display_4511_A = 0;
0x0031	0x1006      	BCF        display_4511_A, BitPos(display_4511_A+0)
;display_4x_4511.h,69 :: 		display_4511_B = 1;
0x0032	0x1486      	BSF        display_4511_B, BitPos(display_4511_B+0)
;display_4x_4511.h,70 :: 		display_4511_C = 0;
0x0033	0x1106      	BCF        display_4511_C, BitPos(display_4511_C+0)
;display_4x_4511.h,71 :: 		display_4511_D = 0;
0x0034	0x1186      	BCF        display_4511_D, BitPos(display_4511_D+0)
;display_4x_4511.h,72 :: 		break;
0x0035	0x2883      	GOTO       L_display_4511_out1
;display_4x_4511.h,73 :: 		case 3:
L_display_4511_out5:
;display_4x_4511.h,74 :: 		display_4511_A = 1;
0x0036	0x1406      	BSF        display_4511_A, BitPos(display_4511_A+0)
;display_4x_4511.h,75 :: 		display_4511_B = 1;
0x0037	0x1486      	BSF        display_4511_B, BitPos(display_4511_B+0)
;display_4x_4511.h,76 :: 		display_4511_C = 0;
0x0038	0x1106      	BCF        display_4511_C, BitPos(display_4511_C+0)
;display_4x_4511.h,77 :: 		display_4511_D = 0;
0x0039	0x1186      	BCF        display_4511_D, BitPos(display_4511_D+0)
;display_4x_4511.h,78 :: 		break;
0x003A	0x2883      	GOTO       L_display_4511_out1
;display_4x_4511.h,79 :: 		case 4:
L_display_4511_out6:
;display_4x_4511.h,80 :: 		display_4511_A = 0;
0x003B	0x1006      	BCF        display_4511_A, BitPos(display_4511_A+0)
;display_4x_4511.h,81 :: 		display_4511_B = 0;
0x003C	0x1086      	BCF        display_4511_B, BitPos(display_4511_B+0)
;display_4x_4511.h,82 :: 		display_4511_C = 1;
0x003D	0x1506      	BSF        display_4511_C, BitPos(display_4511_C+0)
;display_4x_4511.h,83 :: 		display_4511_D = 0;
0x003E	0x1186      	BCF        display_4511_D, BitPos(display_4511_D+0)
;display_4x_4511.h,84 :: 		break;
0x003F	0x2883      	GOTO       L_display_4511_out1
;display_4x_4511.h,85 :: 		case 5:
L_display_4511_out7:
;display_4x_4511.h,86 :: 		display_4511_A = 1;
0x0040	0x1406      	BSF        display_4511_A, BitPos(display_4511_A+0)
;display_4x_4511.h,87 :: 		display_4511_B = 0;
0x0041	0x1086      	BCF        display_4511_B, BitPos(display_4511_B+0)
;display_4x_4511.h,88 :: 		display_4511_C = 1;
0x0042	0x1506      	BSF        display_4511_C, BitPos(display_4511_C+0)
;display_4x_4511.h,89 :: 		display_4511_D = 0;
0x0043	0x1186      	BCF        display_4511_D, BitPos(display_4511_D+0)
;display_4x_4511.h,90 :: 		break;
0x0044	0x2883      	GOTO       L_display_4511_out1
;display_4x_4511.h,91 :: 		case 6:
L_display_4511_out8:
;display_4x_4511.h,92 :: 		display_4511_A = 0;
0x0045	0x1006      	BCF        display_4511_A, BitPos(display_4511_A+0)
;display_4x_4511.h,93 :: 		display_4511_B = 1;
0x0046	0x1486      	BSF        display_4511_B, BitPos(display_4511_B+0)
;display_4x_4511.h,94 :: 		display_4511_C = 1;
0x0047	0x1506      	BSF        display_4511_C, BitPos(display_4511_C+0)
;display_4x_4511.h,95 :: 		display_4511_D = 0;
0x0048	0x1186      	BCF        display_4511_D, BitPos(display_4511_D+0)
;display_4x_4511.h,96 :: 		break;
0x0049	0x2883      	GOTO       L_display_4511_out1
;display_4x_4511.h,97 :: 		case 7:
L_display_4511_out9:
;display_4x_4511.h,98 :: 		display_4511_A = 1;
0x004A	0x1406      	BSF        display_4511_A, BitPos(display_4511_A+0)
;display_4x_4511.h,99 :: 		display_4511_B = 1;
0x004B	0x1486      	BSF        display_4511_B, BitPos(display_4511_B+0)
;display_4x_4511.h,100 :: 		display_4511_C = 1;
0x004C	0x1506      	BSF        display_4511_C, BitPos(display_4511_C+0)
;display_4x_4511.h,101 :: 		display_4511_D = 0;
0x004D	0x1186      	BCF        display_4511_D, BitPos(display_4511_D+0)
;display_4x_4511.h,102 :: 		break;
0x004E	0x2883      	GOTO       L_display_4511_out1
;display_4x_4511.h,103 :: 		case 8:
L_display_4511_out10:
;display_4x_4511.h,104 :: 		display_4511_A = 0;
0x004F	0x1006      	BCF        display_4511_A, BitPos(display_4511_A+0)
;display_4x_4511.h,105 :: 		display_4511_B = 0;
0x0050	0x1086      	BCF        display_4511_B, BitPos(display_4511_B+0)
;display_4x_4511.h,106 :: 		display_4511_C = 0;
0x0051	0x1106      	BCF        display_4511_C, BitPos(display_4511_C+0)
;display_4x_4511.h,107 :: 		display_4511_D = 1;
0x0052	0x1586      	BSF        display_4511_D, BitPos(display_4511_D+0)
;display_4x_4511.h,108 :: 		break;
0x0053	0x2883      	GOTO       L_display_4511_out1
;display_4x_4511.h,109 :: 		case 9:
L_display_4511_out11:
;display_4x_4511.h,110 :: 		display_4511_A = 1;
0x0054	0x1406      	BSF        display_4511_A, BitPos(display_4511_A+0)
;display_4x_4511.h,111 :: 		display_4511_B = 0;
0x0055	0x1086      	BCF        display_4511_B, BitPos(display_4511_B+0)
;display_4x_4511.h,112 :: 		display_4511_C = 0;
0x0056	0x1106      	BCF        display_4511_C, BitPos(display_4511_C+0)
;display_4x_4511.h,113 :: 		display_4511_D = 1;
0x0057	0x1586      	BSF        display_4511_D, BitPos(display_4511_D+0)
;display_4x_4511.h,114 :: 		break;
0x0058	0x2883      	GOTO       L_display_4511_out1
;display_4x_4511.h,116 :: 		}
L_display_4511_out0:
0x0059	0x1283      	BCF        STATUS, 5
0x005A	0x1303      	BCF        STATUS, 6
0x005B	0x082B      	MOVF       FARG_display_4511_out_digito, 0
0x005C	0x3A00      	XORLW      0
0x005D	0x1903      	BTFSC      STATUS, 2
0x005E	0x2825      	GOTO       L_display_4511_out2
0x005F	0x082B      	MOVF       FARG_display_4511_out_digito, 0
0x0060	0x3A01      	XORLW      1
0x0061	0x1903      	BTFSC      STATUS, 2
0x0062	0x282C      	GOTO       L_display_4511_out3
0x0063	0x082B      	MOVF       FARG_display_4511_out_digito, 0
0x0064	0x3A02      	XORLW      2
0x0065	0x1903      	BTFSC      STATUS, 2
0x0066	0x2831      	GOTO       L_display_4511_out4
0x0067	0x082B      	MOVF       FARG_display_4511_out_digito, 0
0x0068	0x3A03      	XORLW      3
0x0069	0x1903      	BTFSC      STATUS, 2
0x006A	0x2836      	GOTO       L_display_4511_out5
0x006B	0x082B      	MOVF       FARG_display_4511_out_digito, 0
0x006C	0x3A04      	XORLW      4
0x006D	0x1903      	BTFSC      STATUS, 2
0x006E	0x283B      	GOTO       L_display_4511_out6
0x006F	0x082B      	MOVF       FARG_display_4511_out_digito, 0
0x0070	0x3A05      	XORLW      5
0x0071	0x1903      	BTFSC      STATUS, 2
0x0072	0x2840      	GOTO       L_display_4511_out7
0x0073	0x082B      	MOVF       FARG_display_4511_out_digito, 0
0x0074	0x3A06      	XORLW      6
0x0075	0x1903      	BTFSC      STATUS, 2
0x0076	0x2845      	GOTO       L_display_4511_out8
0x0077	0x082B      	MOVF       FARG_display_4511_out_digito, 0
0x0078	0x3A07      	XORLW      7
0x0079	0x1903      	BTFSC      STATUS, 2
0x007A	0x284A      	GOTO       L_display_4511_out9
0x007B	0x082B      	MOVF       FARG_display_4511_out_digito, 0
0x007C	0x3A08      	XORLW      8
0x007D	0x1903      	BTFSC      STATUS, 2
0x007E	0x284F      	GOTO       L_display_4511_out10
0x007F	0x082B      	MOVF       FARG_display_4511_out_digito, 0
0x0080	0x3A09      	XORLW      9
0x0081	0x1903      	BTFSC      STATUS, 2
0x0082	0x2854      	GOTO       L_display_4511_out11
L_display_4511_out1:
;display_4x_4511.h,117 :: 		}
0x0083	0x0008      	RETURN
; end of _display_4511_out
_Div_16x16_U:
;__Lib_Math.c,215 :: 		
;__Lib_Math.c,222 :: 		
0x0084	0x1283      	BCF        STATUS, 5
;__Lib_Math.c,223 :: 		
0x0085	0x1303      	BCF        STATUS, 6
;__Lib_Math.c,224 :: 		
0x0086	0x01F8      	CLRF       R8
;__Lib_Math.c,225 :: 		
0x0087	0x01F9      	CLRF       R9
;__Lib_Math.c,226 :: 		
0x0088	0x3010      	MOVLW      16
;__Lib_Math.c,227 :: 		
0x0089	0x00FC      	MOVWF      R12
;__Lib_Math.c,228 :: 		
0x008A	0x0D71      	RLF        R1, 0
;__Lib_Math.c,229 :: 		
0x008B	0x0DF8      	RLF        R8, 1
;__Lib_Math.c,230 :: 		
0x008C	0x0DF9      	RLF        R9, 1
;__Lib_Math.c,231 :: 		
0x008D	0x0874      	MOVF       R4, 0
;__Lib_Math.c,232 :: 		
0x008E	0x02F8      	SUBWF      R8, 1
;__Lib_Math.c,233 :: 		
0x008F	0x0875      	MOVF       R5, 0
;__Lib_Math.c,234 :: 		
0x0090	0x1C03      	BTFSS      STATUS, 0
;__Lib_Math.c,235 :: 		
0x0091	0x0F75      	INCFSZ     R5, 0
;__Lib_Math.c,236 :: 		
0x0092	0x02F9      	SUBWF      R9, 1
;__Lib_Math.c,237 :: 		
0x0093	0x1803      	BTFSC      STATUS, 0
;__Lib_Math.c,238 :: 		
0x0094	0x289C      	GOTO       $+8
;__Lib_Math.c,239 :: 		
0x0095	0x0874      	MOVF       R4, 0
;__Lib_Math.c,240 :: 		
0x0096	0x07F8      	ADDWF      R8, 1
;__Lib_Math.c,241 :: 		
0x0097	0x0875      	MOVF       R5, 0
;__Lib_Math.c,242 :: 		
0x0098	0x1803      	BTFSC      STATUS, 0
;__Lib_Math.c,243 :: 		
0x0099	0x0F75      	INCFSZ     R5, 0
;__Lib_Math.c,244 :: 		
0x009A	0x07F9      	ADDWF      R9, 1
;__Lib_Math.c,245 :: 		
0x009B	0x1003      	BCF        STATUS, 0
;__Lib_Math.c,246 :: 		
0x009C	0x0DF0      	RLF        R0, 1
;__Lib_Math.c,247 :: 		
0x009D	0x0DF1      	RLF        R1, 1
;__Lib_Math.c,248 :: 		
0x009E	0x0BFC      	DECFSZ     R12, 1
;__Lib_Math.c,249 :: 		
0x009F	0x288A      	GOTO       $-21
;__Lib_Math.c,251 :: 		
0x00A0	0x0008      	RETURN
; end of _Div_16x16_U
_____DoICP:
;__Lib_System.c,6 :: 		
;__Lib_System.c,9 :: 		
0x00A1	0x1283      	BCF        STATUS, 5
0x00A2	0x1303      	BCF        STATUS, 6
0x00A3	0x0826      	MOVF       ___DoICPAddr+1, 0
0x00A4	0x008A      	MOVWF      PCLATH
;__Lib_System.c,10 :: 		
0x00A5	0x0825      	MOVF       ___DoICPAddr, 0
0x00A6	0x0082      	MOVWF      PCL
;__Lib_System.c,12 :: 		
0x00A7	0x0008      	RETURN
; end of _____DoICP
_display_4511_init:
;display_4x_4511.h,27 :: 		void display_4511_init(){
;display_4x_4511.h,29 :: 		display_4511_A_direction = 0;
0x00A8	0x1683      	BSF        STATUS, 5
0x00A9	0x1303      	BCF        STATUS, 6
0x00AA	0x1006      	BCF        display_4511_A_direction, BitPos(display_4511_A_direction+0)
;display_4x_4511.h,30 :: 		display_4511_B_direction = 0;
0x00AB	0x1086      	BCF        display_4511_B_direction, BitPos(display_4511_B_direction+0)
;display_4x_4511.h,31 :: 		display_4511_C_direction = 0;
0x00AC	0x1106      	BCF        display_4511_C_direction, BitPos(display_4511_C_direction+0)
;display_4x_4511.h,32 :: 		display_4511_D_direction = 0;
0x00AD	0x1186      	BCF        display_4511_D_direction, BitPos(display_4511_D_direction+0)
;display_4x_4511.h,34 :: 		display_4511_disp1_direction = 0;
0x00AE	0x1008      	BCF        display_4511_disp1_direction, BitPos(display_4511_disp1_direction+0)
;display_4x_4511.h,35 :: 		display_4511_disp2_direction = 0;
0x00AF	0x1088      	BCF        display_4511_disp2_direction, BitPos(display_4511_disp2_direction+0)
;display_4x_4511.h,36 :: 		display_4511_disp3_direction = 0;
0x00B0	0x1108      	BCF        display_4511_disp3_direction, BitPos(display_4511_disp3_direction+0)
;display_4x_4511.h,37 :: 		display_4511_disp4_direction = 0;
0x00B1	0x1188      	BCF        display_4511_disp4_direction, BitPos(display_4511_disp4_direction+0)
;display_4x_4511.h,41 :: 		display_4511_A = 1;
0x00B2	0x1283      	BCF        STATUS, 5
0x00B3	0x1406      	BSF        display_4511_A, BitPos(display_4511_A+0)
;display_4x_4511.h,42 :: 		display_4511_B = 1;
0x00B4	0x1486      	BSF        display_4511_B, BitPos(display_4511_B+0)
;display_4x_4511.h,43 :: 		display_4511_C = 1;
0x00B5	0x1506      	BSF        display_4511_C, BitPos(display_4511_C+0)
;display_4x_4511.h,44 :: 		display_4511_D = 1;
0x00B6	0x1586      	BSF        display_4511_D, BitPos(display_4511_D+0)
;display_4x_4511.h,46 :: 		display_4511_disp1 = 0;
0x00B7	0x1008      	BCF        display_4511_disp1, BitPos(display_4511_disp1+0)
;display_4x_4511.h,47 :: 		display_4511_disp2 = 0;
0x00B8	0x1088      	BCF        display_4511_disp2, BitPos(display_4511_disp2+0)
;display_4x_4511.h,48 :: 		display_4511_disp3 = 0;
0x00B9	0x1108      	BCF        display_4511_disp3, BitPos(display_4511_disp3+0)
;display_4x_4511.h,49 :: 		display_4511_disp4 = 0;
0x00BA	0x1188      	BCF        display_4511_disp4, BitPos(display_4511_disp4+0)
;display_4x_4511.h,50 :: 		}
0x00BB	0x0008      	RETURN
; end of _display_4511_init
_initTimer0:
;VSaula044_Display_7Seg_4511_3.c,57 :: 		void initTimer0(){
;VSaula044_Display_7Seg_4511_3.c,58 :: 		OPTION_REG	 = 0x83;
0x00BC	0x3083      	MOVLW      131
0x00BD	0x1683      	BSF        STATUS, 5
0x00BE	0x1303      	BCF        STATUS, 6
0x00BF	0x0081      	MOVWF      OPTION_REG
;VSaula044_Display_7Seg_4511_3.c,59 :: 		TMR0		 = 6;
0x00C0	0x3006      	MOVLW      6
0x00C1	0x1283      	BCF        STATUS, 5
0x00C2	0x0081      	MOVWF      TMR0
;VSaula044_Display_7Seg_4511_3.c,60 :: 		INTCON	 = 0xA0;
0x00C3	0x30A0      	MOVLW      160
0x00C4	0x008B      	MOVWF      INTCON
;VSaula044_Display_7Seg_4511_3.c,61 :: 		}
0x00C5	0x0008      	RETURN
; end of _initTimer0
_display_4511_sweep:
;display_4x_4511.h,119 :: 		void display_4511_sweep(unsigned int numero){
;display_4x_4511.h,122 :: 		if(numero > 9999) numero = 9999;
0x00C6	0x1283      	BCF        STATUS, 5
0x00C7	0x1303      	BCF        STATUS, 6
0x00C8	0x082A      	MOVF       FARG_display_4511_sweep_numero+1, 0
0x00C9	0x3C27      	SUBLW      39
0x00CA	0x1D03      	BTFSS      STATUS, 2
0x00CB	0x28CE      	GOTO       L__display_4511_sweep24
0x00CC	0x0829      	MOVF       FARG_display_4511_sweep_numero, 0
0x00CD	0x3C0F      	SUBLW      15
L__display_4511_sweep24:
0x00CE	0x1803      	BTFSC      STATUS, 0
0x00CF	0x28D4      	GOTO       L_display_4511_sweep12
0x00D0	0x300F      	MOVLW      15
0x00D1	0x00A9      	MOVWF      FARG_display_4511_sweep_numero
0x00D2	0x3027      	MOVLW      39
0x00D3	0x00AA      	MOVWF      FARG_display_4511_sweep_numero+1
L_display_4511_sweep12:
;display_4x_4511.h,125 :: 		display_4511_disp1 = 0;
0x00D4	0x1008      	BCF        display_4511_disp1, BitPos(display_4511_disp1+0)
;display_4x_4511.h,126 :: 		display_4511_disp2 = 0;
0x00D5	0x1088      	BCF        display_4511_disp2, BitPos(display_4511_disp2+0)
;display_4x_4511.h,127 :: 		display_4511_disp3 = 0;
0x00D6	0x1108      	BCF        display_4511_disp3, BitPos(display_4511_disp3+0)
;display_4x_4511.h,128 :: 		display_4511_disp4 = 0;
0x00D7	0x1188      	BCF        display_4511_disp4, BitPos(display_4511_disp4+0)
;display_4x_4511.h,129 :: 		delay_us(10);
0x00D8	0x3006      	MOVLW      6
0x00D9	0x00FD      	MOVWF      R13
L_display_4511_sweep13:
0x00DA	0x0BFD      	DECFSZ     R13, 1
0x00DB	0x28DA      	GOTO       L_display_4511_sweep13
0x00DC	0x0000      	NOP
;display_4x_4511.h,131 :: 		switch(position){
0x00DD	0x2934      	GOTO       L_display_4511_sweep14
;display_4x_4511.h,132 :: 		case 1:
L_display_4511_sweep16:
;display_4x_4511.h,133 :: 		display_4511_out((numero/1000));     // escreve no barramento
0x00DE	0x30E8      	MOVLW      232
0x00DF	0x00F4      	MOVWF      R4
0x00E0	0x3003      	MOVLW      3
0x00E1	0x00F5      	MOVWF      R4+1
0x00E2	0x0829      	MOVF       FARG_display_4511_sweep_numero, 0
0x00E3	0x00F0      	MOVWF      R0
0x00E4	0x082A      	MOVF       FARG_display_4511_sweep_numero+1, 0
0x00E5	0x00F1      	MOVWF      R0+1
0x00E6	0x2084      	CALL       _Div_16x16_U
0x00E7	0x0870      	MOVF       R0, 0
0x00E8	0x00AB      	MOVWF      FARG_display_4511_out_digito
0x00E9	0x2024      	CALL       _display_4511_out
;display_4x_4511.h,134 :: 		display_4511_disp1 = 1;              // liga o display
0x00EA	0x1408      	BSF        display_4511_disp1, BitPos(display_4511_disp1+0)
;display_4x_4511.h,135 :: 		position = 2;                        // habilita o próximo display
0x00EB	0x3002      	MOVLW      2
0x00EC	0x00A2      	MOVWF      display_4511_sweep_position_L0
;display_4x_4511.h,136 :: 		break;
0x00ED	0x2944      	GOTO       L_display_4511_sweep15
;display_4x_4511.h,138 :: 		case 2:
L_display_4511_sweep17:
;display_4x_4511.h,139 :: 		display_4511_out(((numero/100)%10)); // escreve no barramento
0x00EE	0x3064      	MOVLW      100
0x00EF	0x00F4      	MOVWF      R4
0x00F0	0x3000      	MOVLW      0
0x00F1	0x00F5      	MOVWF      R4+1
0x00F2	0x0829      	MOVF       FARG_display_4511_sweep_numero, 0
0x00F3	0x00F0      	MOVWF      R0
0x00F4	0x082A      	MOVF       FARG_display_4511_sweep_numero+1, 0
0x00F5	0x00F1      	MOVWF      R0+1
0x00F6	0x2084      	CALL       _Div_16x16_U
0x00F7	0x300A      	MOVLW      10
0x00F8	0x00F4      	MOVWF      R4
0x00F9	0x3000      	MOVLW      0
0x00FA	0x00F5      	MOVWF      R4+1
0x00FB	0x2084      	CALL       _Div_16x16_U
0x00FC	0x0878      	MOVF       R8, 0
0x00FD	0x00F0      	MOVWF      R0
0x00FE	0x0879      	MOVF       R8+1, 0
0x00FF	0x00F1      	MOVWF      R0+1
0x0100	0x0870      	MOVF       R0, 0
0x0101	0x00AB      	MOVWF      FARG_display_4511_out_digito
0x0102	0x2024      	CALL       _display_4511_out
;display_4x_4511.h,140 :: 		display_4511_disp2 = 1;              // liga o display
0x0103	0x1488      	BSF        display_4511_disp2, BitPos(display_4511_disp2+0)
;display_4x_4511.h,141 :: 		position = 3;                        // habilita o próximo display
0x0104	0x3003      	MOVLW      3
0x0105	0x00A2      	MOVWF      display_4511_sweep_position_L0
;display_4x_4511.h,142 :: 		break;
0x0106	0x2944      	GOTO       L_display_4511_sweep15
;display_4x_4511.h,144 :: 		case 3:
L_display_4511_sweep18:
;display_4x_4511.h,145 :: 		display_4511_out(((numero/10)%10));  // escreve no barramento
0x0107	0x300A      	MOVLW      10
0x0108	0x00F4      	MOVWF      R4
0x0109	0x3000      	MOVLW      0
0x010A	0x00F5      	MOVWF      R4+1
0x010B	0x0829      	MOVF       FARG_display_4511_sweep_numero, 0
0x010C	0x00F0      	MOVWF      R0
0x010D	0x082A      	MOVF       FARG_display_4511_sweep_numero+1, 0
0x010E	0x00F1      	MOVWF      R0+1
0x010F	0x2084      	CALL       _Div_16x16_U
0x0110	0x300A      	MOVLW      10
0x0111	0x00F4      	MOVWF      R4
0x0112	0x3000      	MOVLW      0
0x0113	0x00F5      	MOVWF      R4+1
0x0114	0x2084      	CALL       _Div_16x16_U
0x0115	0x0878      	MOVF       R8, 0
0x0116	0x00F0      	MOVWF      R0
0x0117	0x0879      	MOVF       R8+1, 0
0x0118	0x00F1      	MOVWF      R0+1
0x0119	0x0870      	MOVF       R0, 0
0x011A	0x00AB      	MOVWF      FARG_display_4511_out_digito
0x011B	0x2024      	CALL       _display_4511_out
;display_4x_4511.h,146 :: 		display_4511_disp3 = 1;              // liga o display
0x011C	0x1508      	BSF        display_4511_disp3, BitPos(display_4511_disp3+0)
;display_4x_4511.h,147 :: 		position = 4;                        // habilita o próximo display
0x011D	0x3004      	MOVLW      4
0x011E	0x00A2      	MOVWF      display_4511_sweep_position_L0
;display_4x_4511.h,148 :: 		break;
0x011F	0x2944      	GOTO       L_display_4511_sweep15
;display_4x_4511.h,150 :: 		case 4:
L_display_4511_sweep19:
;display_4x_4511.h,151 :: 		display_4511_out(((numero/1)%10));   // escreve no barramento
0x0120	0x300A      	MOVLW      10
0x0121	0x00F4      	MOVWF      R4
0x0122	0x3000      	MOVLW      0
0x0123	0x00F5      	MOVWF      R4+1
0x0124	0x0829      	MOVF       FARG_display_4511_sweep_numero, 0
0x0125	0x00F0      	MOVWF      R0
0x0126	0x082A      	MOVF       FARG_display_4511_sweep_numero+1, 0
0x0127	0x00F1      	MOVWF      R0+1
0x0128	0x2084      	CALL       _Div_16x16_U
0x0129	0x0878      	MOVF       R8, 0
0x012A	0x00F0      	MOVWF      R0
0x012B	0x0879      	MOVF       R8+1, 0
0x012C	0x00F1      	MOVWF      R0+1
0x012D	0x0870      	MOVF       R0, 0
0x012E	0x00AB      	MOVWF      FARG_display_4511_out_digito
0x012F	0x2024      	CALL       _display_4511_out
;display_4x_4511.h,152 :: 		display_4511_disp4 = 1;              // liga o display
0x0130	0x1588      	BSF        display_4511_disp4, BitPos(display_4511_disp4+0)
;display_4x_4511.h,153 :: 		position = 1;                        // habilita o próximo display
0x0131	0x3001      	MOVLW      1
0x0132	0x00A2      	MOVWF      display_4511_sweep_position_L0
;display_4x_4511.h,154 :: 		break;
0x0133	0x2944      	GOTO       L_display_4511_sweep15
;display_4x_4511.h,156 :: 		}
L_display_4511_sweep14:
0x0134	0x0822      	MOVF       display_4511_sweep_position_L0, 0
0x0135	0x3A01      	XORLW      1
0x0136	0x1903      	BTFSC      STATUS, 2
0x0137	0x28DE      	GOTO       L_display_4511_sweep16
0x0138	0x0822      	MOVF       display_4511_sweep_position_L0, 0
0x0139	0x3A02      	XORLW      2
0x013A	0x1903      	BTFSC      STATUS, 2
0x013B	0x28EE      	GOTO       L_display_4511_sweep17
0x013C	0x0822      	MOVF       display_4511_sweep_position_L0, 0
0x013D	0x3A03      	XORLW      3
0x013E	0x1903      	BTFSC      STATUS, 2
0x013F	0x2907      	GOTO       L_display_4511_sweep18
0x0140	0x0822      	MOVF       display_4511_sweep_position_L0, 0
0x0141	0x3A04      	XORLW      4
0x0142	0x1903      	BTFSC      STATUS, 2
0x0143	0x2920      	GOTO       L_display_4511_sweep19
L_display_4511_sweep15:
;display_4x_4511.h,158 :: 		}
0x0144	0x0008      	RETURN
; end of _display_4511_sweep
___CC2DW:
;__Lib_System.c,24 :: 		
;__Lib_System.c,27 :: 		
_CC2D_Loop1:
;__Lib_System.c,29 :: 		
0x0145	0x20A1      	CALL       _____DoICP
0x0146	0x118A      	BCF        PCLATH, 3
0x0147	0x120A      	BCF        PCLATH, 4
;__Lib_System.c,31 :: 		
0x0148	0x0080      	MOVWF      INDF
;__Lib_System.c,32 :: 		
0x0149	0x0A84      	INCF       FSR, 1
;__Lib_System.c,33 :: 		
0x014A	0x0AA5      	INCF       ___DoICPAddr, 1
;__Lib_System.c,35 :: 		
0x014B	0x1903      	BTFSC      STATUS, 2
;__Lib_System.c,36 :: 		
0x014C	0x0AA6      	INCF       ___DoICPAddr+1, 1
;__Lib_System.c,37 :: 		
0x014D	0x03F0      	DECF       R0, 1
;__Lib_System.c,39 :: 		
0x014E	0x1D03      	BTFSS      STATUS, 2
;__Lib_System.c,40 :: 		
0x014F	0x2945      	GOTO       _CC2D_Loop1
;__Lib_System.c,42 :: 		
0x0150	0x0008      	RETURN
; end of ___CC2DW
_main:
0x0151	0x3001      	MOVLW      1
0x0152	0x1283      	BCF        STATUS, 5
0x0153	0x1303      	BCF        STATUS, 6
0x0154	0x00A2      	MOVWF      display_4511_sweep_position_L0
0x0155	0x302E      	MOVLW      46
0x0156	0x00A3      	MOVWF      _contador
0x0157	0x3016      	MOVLW      22
0x0158	0x00A4      	MOVWF      36
;VSaula044_Display_7Seg_4511_3.c,46 :: 		void main() {
;VSaula044_Display_7Seg_4511_3.c,47 :: 		initTimer0();
0x0159	0x20BC      	CALL       _initTimer0
;VSaula044_Display_7Seg_4511_3.c,48 :: 		display_4511_init();
0x015A	0x20A8      	CALL       _display_4511_init
;VSaula044_Display_7Seg_4511_3.c,50 :: 		while(1){
L_main20:
;VSaula044_Display_7Seg_4511_3.c,51 :: 		delay_ms(500);
0x015B	0x3006      	MOVLW      6
0x015C	0x00FB      	MOVWF      R11
0x015D	0x3013      	MOVLW      19
0x015E	0x00FC      	MOVWF      R12
0x015F	0x30AD      	MOVLW      173
0x0160	0x00FD      	MOVWF      R13
L_main22:
0x0161	0x0BFD      	DECFSZ     R13, 1
0x0162	0x2961      	GOTO       L_main22
0x0163	0x0BFC      	DECFSZ     R12, 1
0x0164	0x2961      	GOTO       L_main22
0x0165	0x0BFB      	DECFSZ     R11, 1
0x0166	0x2961      	GOTO       L_main22
0x0167	0x0000      	NOP
0x0168	0x0000      	NOP
;VSaula044_Display_7Seg_4511_3.c,52 :: 		contador++;
0x0169	0x0AA3      	INCF       _contador, 1
0x016A	0x1903      	BTFSC      STATUS, 2
0x016B	0x0AA4      	INCF       _contador+1, 1
;VSaula044_Display_7Seg_4511_3.c,53 :: 		}
0x016C	0x295B      	GOTO       L_main20
;VSaula044_Display_7Seg_4511_3.c,55 :: 		}
0x016D	0x296D      	GOTO       $+0
; end of _main
Symbol List:
//** Routines locations **
//ADDRESS    SIZE    PROCEDURE
//----------------------------------------------
0x0004      [32]    _interrupt
0x0024      [96]    _display_4511_out
0x0084      [29]    _Div_16x16_U
0x00A1       [7]    _____DoICP
0x00A8      [20]    _display_4511_init
0x00BC      [10]    _initTimer0
0x00C6     [127]    _display_4511_sweep
0x0145      [12]    ___CC2DW
0x0151      [29]    _main
//** Variables locations ** 
//ADDRESS    SIZE    VARIABLE
//----------------------------------------------
0x0000       [1]    INDF
0x0001       [1]    TMR0
0x0002       [1]    PCL
0x0003       [0]    IRP_bit
0x0003       [0]    C_bit
0x0003       [0]    RP0_bit
0x0003       [0]    RP1_bit
0x0003       [0]    NOT_TO_bit
0x0003       [0]    Z_bit
0x0003       [0]    DC_bit
0x0003       [0]    NOT_PD_bit
0x0003       [1]    STATUS
0x0004       [1]    FSRPTR
0x0004       [1]    FSR
0x0005       [0]    RA1_bit
0x0005       [0]    RA0_bit
0x0005       [0]    RA3_bit
0x0005       [0]    RA4_bit
0x0005       [1]    PORTA
0x0005       [0]    RA2_bit
0x0005       [0]    RA5_bit
0x0006       [1]    PORTB
0x0006       [0]    display_4511_D
0x0006       [0]    RB3_bit
0x0006       [0]    RB4_bit
0x0006       [0]    RB2_bit
0x0006       [0]    RB0_bit
0x0006       [0]    RB1_bit
0x0006       [0]    RB5_bit
0x0006       [0]    display_4511_B
0x0006       [0]    display_4511_C
0x0006       [0]    RB7_bit
0x0006       [0]    display_4511_A
0x0006       [0]    RB6_bit
0x0007       [0]    RC6_bit
0x0007       [0]    RC2_bit
0x0007       [1]    PORTC
0x0007       [0]    RC0_bit
0x0007       [0]    RC7_bit
0x0007       [0]    RC1_bit
0x0007       [0]    RC5_bit
0x0007       [0]    RC3_bit
0x0007       [0]    RC4_bit
0x0008       [0]    RD5_bit
0x0008       [0]    RD4_bit
0x0008       [0]    display_4511_disp1
0x0008       [0]    RD6_bit
0x0008       [0]    RD1_bit
0x0008       [0]    RD0_bit
0x0008       [0]    RD3_bit
0x0008       [0]    RD2_bit
0x0008       [0]    display_4511_disp2
0x0008       [0]    display_4511_disp3
0x0008       [1]    PORTD
0x0008       [0]    RD7_bit
0x0008       [0]    display_4511_disp4
0x0009       [0]    RE1_bit
0x0009       [0]    RE2_bit
0x0009       [0]    RE0_bit
0x0009       [1]    PORTE
0x000A       [1]    PCLATH
0x000B       [1]    INTCON
0x000B       [0]    GIE_bit
0x000B       [0]    T0IE_bit
0x000B       [0]    PEIE_bit
0x000B       [0]    T0IF_bit
0x000B       [0]    RBIE_bit
0x000B       [0]    TMR0IF_bit
0x000B       [0]    RBIF_bit
0x000B       [0]    INTF_bit
0x000B       [0]    INTE_bit
0x000B       [0]    TMR0IE_bit
0x000C       [0]    TMR2IF_bit
0x000C       [0]    ADIF_bit
0x000C       [0]    TMR1IF_bit
0x000C       [0]    PSPIF_bit
0x000C       [0]    SSPIF_bit
0x000C       [0]    TXIF_bit
0x000C       [0]    RCIF_bit
0x000C       [0]    CCP1IF_bit
0x000C       [1]    PIR1
0x000D       [0]    BCLIF_bit
0x000D       [0]    CCP2IF_bit
0x000D       [1]    PIR2
0x000D       [0]    CMIF_bit
0x000D       [0]    EEIF_bit
0x000E       [1]    TMR1L
0x000F       [1]    TMR1H
0x0010       [1]    T1CON
0x0010       [0]    T1INSYNC_bit
0x0010       [0]    T1SYNC_bit
0x0010       [0]    TMR1CS_bit
0x0010       [0]    T1CKPS1_bit
0x0010       [0]    T1CKPS0_bit
0x0010       [0]    T1OSCEN_bit
0x0010       [0]    NOT_T1SYNC_bit
0x0010       [0]    TMR1ON_bit
0x0011       [1]    TMR2
0x0012       [0]    TOUTPS0_bit
0x0012       [0]    TOUTPS2_bit
0x0012       [0]    TOUTPS1_bit
0x0012       [1]    T2CON
0x0012       [0]    TMR2ON_bit
0x0012       [0]    T2CKPS1_bit
0x0012       [0]    TOUTPS3_bit
0x0012       [0]    T2CKPS0_bit
0x0013       [1]    SSPBUF
0x0014       [0]    SSPM0_bit
0x0014       [0]    SSPM1_bit
0x0014       [0]    SSPM2_bit
0x0014       [0]    SSPOV_bit
0x0014       [0]    WCOL_bit
0x0014       [1]    SSPCON
0x0014       [0]    SSPM3_bit
0x0014       [0]    CKP_bit
0x0014       [0]    SSPEN_bit
0x0015       [1]    CCPR1L
0x0015       [2]    CCPR1
0x0016       [1]    CCPR1H
0x0017       [0]    CCP1M1_bit
0x0017       [0]    CCP1M0_bit
0x0017       [0]    CCP1M2_bit
0x0017       [0]    CCP1Y_bit
0x0017       [0]    CCP1X_bit
0x0017       [1]    CCP1CON
0x0017       [0]    CCP1M3_bit
0x0018       [0]    SREN_bit
0x0018       [0]    ADDEN_bit
0x0018       [0]    CREN_bit
0x0018       [0]    RC8_9_bit
0x0018       [0]    RX9_bit
0x0018       [0]    SPEN_bit
0x0018       [0]    NOT_RC8_bit
0x0018       [0]    RC9_bit
0x0018       [1]    RCSTA
0x0018       [0]    OERR_bit
0x0018       [0]    RCD8_bit
0x0018       [0]    RX9D_bit
0x0018       [0]    FERR_bit
0x0019       [1]    TXREG
0x001A       [1]    RCREG
0x001B       [2]    CCPR2
0x001B       [1]    CCPR2L
0x001C       [1]    CCPR2H
0x001D       [1]    CCP2CON
0x001D       [0]    CCP2Y_bit
0x001D       [0]    CCP2M2_bit
0x001D       [0]    CCP2M1_bit
0x001D       [0]    CCP2M0_bit
0x001D       [0]    CCP2M3_bit
0x001D       [0]    CCP2X_bit
0x001E       [1]    ADRESH
0x001F       [0]    CHS1_bit
0x001F       [0]    CHS2_bit
0x001F       [0]    ADCS1_bit
0x001F       [0]    ADCS0_bit
0x001F       [0]    GO_DONE_bit
0x001F       [0]    ADON_bit
0x001F       [0]    NOT_DONE_bit
0x001F       [0]    CHS0_bit
0x001F       [0]    GO_bit
0x001F       [1]    ADCON0
0x0022       [1]    display_4511_sweep_position_L0
0x0023       [2]    _contador
0x0025       [2]    ___DoICPAddr
0x0027       [1]    ___savePCLATH
0x0028       [1]    ___saveSTATUS
0x0029       [2]    FARG_display_4511_sweep_numero
0x002B       [1]    FARG_display_4511_out_digito
0x0070       [1]    R0
0x0071       [1]    R1
0x0072       [1]    R2
0x0073       [1]    R3
0x0074       [1]    R4
0x0075       [1]    R5
0x0076       [1]    R6
0x0077       [1]    R7
0x0078       [1]    R8
0x0079       [1]    R9
0x007A       [1]    R10
0x007B       [1]    R11
0x007C       [1]    R12
0x007D       [1]    R13
0x007E       [1]    R14
0x007F       [1]    R15
0x0081       [0]    PS2_bit
0x0081       [0]    PS1_bit
0x0081       [1]    OPTION_REG
0x0081       [0]    PS0_bit
0x0081       [0]    T0CS_bit
0x0081       [0]    INTEDG_bit
0x0081       [0]    NOT_RBPU_bit
0x0081       [0]    T0SE_bit
0x0081       [0]    PSA_bit
0x0085       [0]    TRISA1_bit
0x0085       [0]    TRISA5_bit
0x0085       [1]    TRISA
0x0085       [0]    TRISA4_bit
0x0085       [0]    TRISA2_bit
0x0085       [0]    TRISA0_bit
0x0085       [0]    TRISA3_bit
0x0086       [0]    TRISB5_bit
0x0086       [0]    TRISB2_bit
0x0086       [0]    TRISB3_bit
0x0086       [0]    TRISB4_bit
0x0086       [0]    TRISB6_bit
0x0086       [1]    TRISB
0x0086       [0]    display_4511_C_direction
0x0086       [0]    display_4511_D_direction
0x0086       [0]    display_4511_A_direction
0x0086       [0]    TRISB7_bit
0x0086       [0]    display_4511_B_direction
0x0086       [0]    TRISB0_bit
0x0086       [0]    TRISB1_bit
0x0087       [0]    TRISC1_bit
0x0087       [0]    TRISC2_bit
0x0087       [1]    TRISC
0x0087       [0]    TRISC0_bit
0x0087       [0]    TRISC3_bit
0x0087       [0]    TRISC6_bit
0x0087       [0]    TRISC7_bit
0x0087       [0]    TRISC4_bit
0x0087       [0]    TRISC5_bit
0x0088       [0]    TRISD2_bit
0x0088       [0]    display_4511_disp2_direction
0x0088       [0]    display_4511_disp3_direction
0x0088       [0]    TRISD0_bit
0x0088       [0]    display_4511_disp4_direction
0x0088       [0]    TRISD1_bit
0x0088       [1]    TRISD
0x0088       [0]    TRISD5_bit
0x0088       [0]    TRISD6_bit
0x0088       [0]    TRISD7_bit
0x0088       [0]    display_4511_disp1_direction
0x0088       [0]    TRISD3_bit
0x0088       [0]    TRISD4_bit
0x0089       [0]    IBOV_bit
0x0089       [0]    TRISE2_bit
0x0089       [0]    OBF_bit
0x0089       [0]    TRISE0_bit
0x0089       [0]    PSPMODE_bit
0x0089       [0]    TRISE1_bit
0x0089       [1]    TRISE
0x0089       [0]    OBF_TRISE_bit
0x0089       [0]    IBF_TRISE_bit
0x0089       [0]    PSPMODE_TRISE_bit
0x0089       [0]    IBF_bit
0x0089       [0]    IBOV_TRISE_bit
0x008C       [0]    TMR2IE_bit
0x008C       [0]    CCP1IE_bit
0x008C       [1]    PIE1
0x008C       [0]    TMR1IE_bit
0x008C       [0]    SSPIE_bit
0x008C       [0]    ADIE_bit
0x008C       [0]    PSPIE_bit
0x008C       [0]    TXIE_bit
0x008C       [0]    RCIE_bit
0x008D       [1]    PIE2
0x008D       [0]    BCLIE_bit
0x008D       [0]    CCP2IE_bit
0x008D       [0]    CMIE_bit
0x008D       [0]    EEIE_bit
0x008E       [0]    NOT_BOR_bit
0x008E       [1]    PCON
0x008E       [0]    NOT_POR_bit
0x008E       [0]    NOT_BO_bit
0x0091       [0]    PEN_bit
0x0091       [1]    SSPCON2
0x0091       [0]    SEN_bit
0x0091       [0]    RSEN_bit
0x0091       [0]    GCEN_bit
0x0091       [0]    ACKSTAT_bit
0x0091       [0]    ACKDT_bit
0x0091       [0]    RCEN_bit
0x0091       [0]    ACKEN_bit
0x0092       [1]    PR2
0x0093       [1]    SSPADD
0x0094       [0]    I2C_START__bit
0x0094       [0]    I2C_READ_bit
0x0094       [0]    R_bit
0x0094       [0]    P_bit
0x0094       [0]    I2C_STOP__bit
0x0094       [0]    S_bit
0x0094       [0]    READ_WRITE_bit
0x0094       [0]    NOT_WRITE_bit
0x0094       [0]    R_W_bit
0x0094       [0]    NOT_W_bit
0x0094       [0]    BF_bit
0x0094       [0]    UA_bit
0x0094       [0]    DATA_ADDRESS_bit
0x0094       [0]    CKE_bit
0x0094       [0]    D_bit
0x0094       [1]    SSPSTAT
0x0094       [0]    SMP_bit
0x0094       [0]    NOT_ADDRESS_bit
0x0094       [0]    D_A_bit
0x0094       [0]    I2C_DATA_bit
0x0094       [0]    NOT_A_bit
0x0098       [0]    BRGH_bit
0x0098       [0]    TXEN_bit
0x0098       [0]    SYNC_bit
0x0098       [0]    TX9D_bit
0x0098       [0]    TRMT_bit
0x0098       [1]    TXSTA
0x0098       [0]    TXD8_bit
0x0098       [0]    TX8_9_bit
0x0098       [0]    CSRC_bit
0x0098       [0]    TX9_bit
0x0098       [0]    NOT_TX8_bit
0x0099       [1]    SPBRG
0x009C       [0]    CM2_bit
0x009C       [0]    CIS_bit
0x009C       [0]    CM1_bit
0x009C       [1]    CMCON
0x009C       [0]    CM0_bit
0x009C       [0]    C1INV_bit
0x009C       [0]    C2OUT_bit
0x009C       [0]    C1OUT_bit
0x009C       [0]    C2INV_bit
0x009D       [0]    CVR1_bit
0x009D       [0]    CVR2_bit
0x009D       [1]    CVRCON
0x009D       [0]    CVR0_bit
0x009D       [0]    CVR3_bit
0x009D       [0]    CVREN_bit
0x009D       [0]    CVROE_bit
0x009D       [0]    CVRR_bit
0x009E       [1]    ADRESL
0x009F       [0]    PCFG0_bit
0x009F       [0]    PCFG1_bit
0x009F       [0]    PCFG2_bit
0x009F       [1]    ADCON1
0x009F       [0]    ADCS2_bit
0x009F       [0]    ADFM_bit
0x009F       [0]    PCFG3_bit
0x010C       [1]    EEDATA
0x010D       [1]    EEADR
0x010E       [1]    EEDATH
0x010F       [1]    EEADRH
0x018C       [0]    RD_bit
0x018C       [0]    WRERR_bit
0x018C       [0]    EEPGD_bit
0x018C       [1]    EECON1
0x018C       [0]    WR_bit
0x018C       [0]    WREN_bit
0x018D       [1]    EECON2
//** Label List: ** 
//----------------------------------------------
  L_display_4511_out0
  L_display_4511_out1
  L_display_4511_out2
  L_display_4511_out3
  L_display_4511_out4
  L_display_4511_out5
  L_display_4511_out6
  L_display_4511_out7
  L_display_4511_out8
  L_display_4511_out9
  L_display_4511_out10
  L_display_4511_out11
  L_display_4511_sweep12
  L_display_4511_sweep13
  L_display_4511_sweep14
  L_display_4511_sweep15
  L_display_4511_sweep16
  L_display_4511_sweep17
  L_display_4511_sweep18
  L_display_4511_sweep19
  L_main20
  L_main21
  L_main22
  L_interrupt23
  _display_4511_init
  _display_4511_out
  _display_4511_sweep
  L__display_4511_sweep24
  _main
  _initTimer0
  _interrupt
  L__interrupt25
  _CC2D_Loop1
  _____DoICP
  _____DoIFC
  ___CC2DW
  _Swap
  L_display_4511_out0
  L_display_4511_out1
  L_display_4511_out2
  L_display_4511_out3
  L_display_4511_out4
  L_display_4511_out5
  L_display_4511_out6
  L_display_4511_out7
  L_display_4511_out8
  L_display_4511_out9
  L_display_4511_out10
  L_display_4511_out11
  L_display_4511_sweep12
  L_display_4511_sweep13
  L_display_4511_sweep14
  L_display_4511_sweep15
  L_display_4511_sweep16
  L_display_4511_sweep17
  L_display_4511_sweep18
  L_display_4511_sweep19
  L_main20
  L_main21
  L_main22
  L_interrupt23
  _display_4511_init
  _display_4511_out
  _display_4511_sweep
  L__display_4511_sweep24
  _main
  _initTimer0
  _interrupt
  L__interrupt25
  L_Div_16x16_S0
  L_Div_16x16_S1
  LOOPS3232A
  SADD22LA
  SOK22LA
  SADD22L8
  SOK22L8
  LOOPS3232B
  SADD22LB
  SOK22LB
  SADD22L16
  SOK22L16
  LOOPS3232C
  SADD22LC
  SOK22LC
  SADD22L24
  SOK22L24
  LOOPS3232D
  SADD22LD
  SOK22LD
  SOK22L
  L_Div_32x32_S6
  L_Div_32x32_S7
  L_Div_32x32_S8
  L_Div_32x32_S9
  FXD3232S
  END_ALL
  CA3232S
  C3232SX
  C3232SX1
  C3232S
  C3232S2
  C3232SX4
  C3232SOK
  C3232SX3
  C3232SX2
  avoid_comfrem
  LOOPU3232A
  UADD22LA
  UOK22LA
  UADD22L8
  UOK22L8
  LOOPU3232B
  UADD22LB
  UOK22LB
  UADD22L16
  UOK22L16
  LOOPU3232C
  UADD22LC
  UOK22LC
  UADD22L24
  UOK22L24
  LOOPU3232D
  UADD22LD
  UOK22LD
  UOK22L
  _NEXT
  _EXIT2
  _LOOP
  _EXIT1
  _IF_FIRST
  _IF_SECOND
  _INVERCE_FIRST
  _MULT
  _INBERSE_SECOND
  _EXIT
  _Mul_8x8_U
  _Mul_16x16_U
  _Div_8x8_U
  _Div_16x16_U
  _Mul_8x8_S
  _Mul_16x16_S
  _Div_16x16_S_L
  _Div_16x16_S
  _Div_8x8_S
  _SDIV3232L
  _COMFREM
  _Div_32x32_S
  _Div_32x32_U
  _Mul_32x32_U
  _Mul_32x32_S
